[2024-05-01T23:32:07.528-0500] {local_task_job_runner.py:120} INFO - ::group::Pre task execution logs
[2024-05-01T23:32:07.536-0500] {taskinstance.py:2073} INFO - Dependencies all met for dep_context=non-requeueable deps ti=<TaskInstance: example_bash_operator.this_will_skip scheduled__2024-05-01T00:00:00+00:00 [queued]>
[2024-05-01T23:32:07.539-0500] {taskinstance.py:2073} INFO - Dependencies all met for dep_context=requeueable deps ti=<TaskInstance: example_bash_operator.this_will_skip scheduled__2024-05-01T00:00:00+00:00 [queued]>
[2024-05-01T23:32:07.539-0500] {taskinstance.py:2303} INFO - Starting attempt 1 of 1
[2024-05-01T23:32:07.544-0500] {taskinstance.py:2327} INFO - Executing <Task(BashOperator): this_will_skip> on 2024-05-01 00:00:00+00:00
[2024-05-01T23:32:07.547-0500] {standard_task_runner.py:63} INFO - Started process 34823 to run task
[2024-05-01T23:32:07.549-0500] {standard_task_runner.py:90} INFO - Running: ['airflow', 'tasks', 'run', 'example_bash_operator', 'this_will_skip', 'scheduled__2024-05-01T00:00:00+00:00', '--job-id', '6', '--raw', '--subdir', '/Users/nestoralfaro/Desktop/pbi-scenario-two/py_env/lib/python3.9/site-packages/airflow/example_dags/example_bash_operator.py', '--cfg-path', '/var/folders/14/31_1v10s5nvcqyswsggcn5vh0000gn/T/tmpa4k6fxu2']
[2024-05-01T23:32:07.550-0500] {standard_task_runner.py:91} INFO - Job 6: Subtask this_will_skip
[2024-05-01T23:32:07.579-0500] {task_command.py:426} INFO - Running <TaskInstance: example_bash_operator.this_will_skip scheduled__2024-05-01T00:00:00+00:00 [running]> on host nestors-macbook.attlocal.net
[2024-05-01T23:32:07.602-0500] {taskinstance.py:2644} INFO - Exporting env vars: AIRFLOW_CTX_DAG_OWNER='airflow' AIRFLOW_CTX_DAG_ID='example_bash_operator' AIRFLOW_CTX_TASK_ID='this_will_skip' AIRFLOW_CTX_EXECUTION_DATE='2024-05-01T00:00:00+00:00' AIRFLOW_CTX_TRY_NUMBER='1' AIRFLOW_CTX_DAG_RUN_ID='scheduled__2024-05-01T00:00:00+00:00'
[2024-05-01T23:32:07.603-0500] {taskinstance.py:430} INFO - ::endgroup::
[2024-05-01T23:32:07.603-0500] {subprocess.py:63} INFO - Tmp dir root location: /var/folders/14/31_1v10s5nvcqyswsggcn5vh0000gn/T
[2024-05-01T23:32:07.604-0500] {subprocess.py:75} INFO - Running command: ['/bin/bash', '-c', 'echo "hello world"; exit 99;']
[2024-05-01T23:32:07.607-0500] {subprocess.py:86} INFO - Output:
[2024-05-01T23:32:07.608-0500] {subprocess.py:93} INFO - hello world
[2024-05-01T23:32:07.609-0500] {subprocess.py:97} INFO - Command exited with return code 99
[2024-05-01T23:32:07.609-0500] {taskinstance.py:441} INFO - ::group::Post task execution logs
[2024-05-01T23:32:07.609-0500] {taskinstance.py:2502} INFO - Bash command returned exit code 99. Skipping.
[2024-05-01T23:32:07.612-0500] {taskinstance.py:1205} INFO - Marking task as SKIPPED. dag_id=example_bash_operator, task_id=this_will_skip, execution_date=20240501T000000, start_date=20240502T043207, end_date=20240502T043207
[2024-05-01T23:32:07.656-0500] {local_task_job_runner.py:240} INFO - Task exited with return code 0
[2024-05-01T23:32:07.665-0500] {taskinstance.py:3482} INFO - 0 downstream tasks scheduled from follow-on schedule check
[2024-05-01T23:32:07.667-0500] {local_task_job_runner.py:222} INFO - ::endgroup::
