[2024-05-02T00:30:05.473-0500] {local_task_job_runner.py:120} INFO - ::group::Pre task execution logs
[2024-05-02T00:30:05.480-0500] {taskinstance.py:2073} INFO - Dependencies all met for dep_context=non-requeueable deps ti=<TaskInstance: scenario_two.run_dotnet scheduled__2024-05-01T00:00:00+00:00 [queued]>
[2024-05-02T00:30:05.483-0500] {taskinstance.py:2073} INFO - Dependencies all met for dep_context=requeueable deps ti=<TaskInstance: scenario_two.run_dotnet scheduled__2024-05-01T00:00:00+00:00 [queued]>
[2024-05-02T00:30:05.483-0500] {taskinstance.py:2303} INFO - Starting attempt 1 of 6
[2024-05-02T00:30:05.488-0500] {taskinstance.py:2327} INFO - Executing <Task(BashOperator): run_dotnet> on 2024-05-01 00:00:00+00:00
[2024-05-02T00:30:05.491-0500] {standard_task_runner.py:63} INFO - Started process 37187 to run task
[2024-05-02T00:30:05.494-0500] {standard_task_runner.py:90} INFO - Running: ['airflow', 'tasks', 'run', 'scenario_two', 'run_dotnet', 'scheduled__2024-05-01T00:00:00+00:00', '--job-id', '13', '--raw', '--subdir', 'DAGS_FOLDER/dotnet_dag.py', '--cfg-path', '/var/folders/14/31_1v10s5nvcqyswsggcn5vh0000gn/T/tmpp3mhojg0']
[2024-05-02T00:30:05.496-0500] {standard_task_runner.py:91} INFO - Job 13: Subtask run_dotnet
[2024-05-02T00:30:05.514-0500] {task_command.py:426} INFO - Running <TaskInstance: scenario_two.run_dotnet scheduled__2024-05-01T00:00:00+00:00 [running]> on host nestors-macbook.attlocal.net
[2024-05-02T00:30:05.541-0500] {taskinstance.py:2644} INFO - Exporting env vars: AIRFLOW_CTX_DAG_OWNER='nestor' AIRFLOW_CTX_DAG_ID='scenario_two' AIRFLOW_CTX_TASK_ID='run_dotnet' AIRFLOW_CTX_EXECUTION_DATE='2024-05-01T00:00:00+00:00' AIRFLOW_CTX_TRY_NUMBER='1' AIRFLOW_CTX_DAG_RUN_ID='scheduled__2024-05-01T00:00:00+00:00'
[2024-05-02T00:30:05.542-0500] {taskinstance.py:430} INFO - ::endgroup::
[2024-05-02T00:30:05.549-0500] {subprocess.py:63} INFO - Tmp dir root location: /var/folders/14/31_1v10s5nvcqyswsggcn5vh0000gn/T
[2024-05-02T00:30:05.550-0500] {subprocess.py:75} INFO - Running command: ['/bin/bash', '-c', 'echo hello']
[2024-05-02T00:30:05.554-0500] {subprocess.py:86} INFO - Output:
[2024-05-02T00:30:05.560-0500] {subprocess.py:93} INFO - hello
[2024-05-02T00:30:05.561-0500] {subprocess.py:97} INFO - Command exited with return code 0
[2024-05-02T00:30:05.561-0500] {taskinstance.py:441} INFO - ::group::Post task execution logs
[2024-05-02T00:30:05.569-0500] {taskinstance.py:1205} INFO - Marking task as SUCCESS. dag_id=scenario_two, task_id=run_dotnet, execution_date=20240501T000000, start_date=20240502T053005, end_date=20240502T053005
[2024-05-02T00:30:05.594-0500] {local_task_job_runner.py:240} INFO - Task exited with return code 0
[2024-05-02T00:30:05.600-0500] {taskinstance.py:3482} INFO - 0 downstream tasks scheduled from follow-on schedule check
[2024-05-02T00:30:05.601-0500] {local_task_job_runner.py:222} INFO - ::endgroup::
