[2024-05-06T10:10:06.301-0500] {local_task_job_runner.py:120} INFO - ::group::Pre task execution logs
[2024-05-06T10:10:06.307-0500] {taskinstance.py:2073} INFO - Dependencies all met for dep_context=non-requeueable deps ti=<TaskInstance: scenario_two_v3.second_task scheduled__2024-05-03T00:00:00+00:00 [queued]>
[2024-05-06T10:10:06.310-0500] {taskinstance.py:2073} INFO - Dependencies all met for dep_context=requeueable deps ti=<TaskInstance: scenario_two_v3.second_task scheduled__2024-05-03T00:00:00+00:00 [queued]>
[2024-05-06T10:10:06.310-0500] {taskinstance.py:2303} INFO - Starting attempt 1 of 6
[2024-05-06T10:10:06.315-0500] {taskinstance.py:2327} INFO - Executing <Task(BashOperator): second_task> on 2024-05-03 00:00:00+00:00
[2024-05-06T10:10:06.318-0500] {standard_task_runner.py:63} INFO - Started process 28244 to run task
[2024-05-06T10:10:06.320-0500] {standard_task_runner.py:90} INFO - Running: ['airflow', 'tasks', 'run', 'scenario_two_v3', 'second_task', 'scheduled__2024-05-03T00:00:00+00:00', '--job-id', '40', '--raw', '--subdir', 'DAGS_FOLDER/dotnet_dag.py', '--cfg-path', '/var/folders/14/31_1v10s5nvcqyswsggcn5vh0000gn/T/tmpgh8m0jte']
[2024-05-06T10:10:06.322-0500] {standard_task_runner.py:91} INFO - Job 40: Subtask second_task
[2024-05-06T10:10:06.337-0500] {task_command.py:426} INFO - Running <TaskInstance: scenario_two_v3.second_task scheduled__2024-05-03T00:00:00+00:00 [running]> on host nestors-macbook.attlocal.net
[2024-05-06T10:10:06.366-0500] {taskinstance.py:2644} INFO - Exporting env vars: AIRFLOW_CTX_DAG_OWNER='nestor' AIRFLOW_CTX_DAG_ID='scenario_two_v3' AIRFLOW_CTX_TASK_ID='second_task' AIRFLOW_CTX_EXECUTION_DATE='2024-05-03T00:00:00+00:00' AIRFLOW_CTX_TRY_NUMBER='1' AIRFLOW_CTX_DAG_RUN_ID='scheduled__2024-05-03T00:00:00+00:00'
[2024-05-06T10:10:06.366-0500] {taskinstance.py:430} INFO - ::endgroup::
[2024-05-06T10:10:06.373-0500] {subprocess.py:63} INFO - Tmp dir root location: /var/folders/14/31_1v10s5nvcqyswsggcn5vh0000gn/T
[2024-05-06T10:10:06.374-0500] {subprocess.py:75} INFO - Running command: ['/bin/bash', '-c', 'dotnet run --project /Users/nestoralfaro/Desktop/pbi-scenario-two/dotnetapp/dotnetapp.csproj']
[2024-05-06T10:10:06.377-0500] {subprocess.py:86} INFO - Output:
[2024-05-06T10:10:07.230-0500] {subprocess.py:93} INFO - *********************Sheet Trades:*********************
[2024-05-06T10:10:07.236-0500] {subprocess.py:93} INFO - *********************Sheet Holdings:*********************
[2024-05-06T10:10:07.238-0500] {subprocess.py:93} INFO - 
[2024-05-06T10:10:07.238-0500] {subprocess.py:93} INFO -                   CREATE TABLE IF NOT EXISTS Portfolio_BI_CaseStudy_Data
[2024-05-06T10:10:07.238-0500] {subprocess.py:93} INFO -                     (id INTEGER PRIMARY KEY AUTOINCREMENT,
[2024-05-06T10:10:07.239-0500] {subprocess.py:93} INFO -                      sheet TEXT,
[2024-05-06T10:10:07.239-0500] {subprocess.py:93} INFO -                 , "TradeDate" TEXT
[2024-05-06T10:10:07.239-0500] {subprocess.py:93} INFO - , "Trader" TEXT
[2024-05-06T10:10:07.239-0500] {subprocess.py:93} INFO - , "Security" TEXT
[2024-05-06T10:10:07.239-0500] {subprocess.py:93} INFO - , "Counterparty" TEXT
[2024-05-06T10:10:07.239-0500] {subprocess.py:93} INFO - , "Side" TEXT
[2024-05-06T10:10:07.240-0500] {subprocess.py:93} INFO - , "TradeQty" TEXT
[2024-05-06T10:10:07.240-0500] {subprocess.py:93} INFO - , "TradeCcy" TEXT
[2024-05-06T10:10:07.240-0500] {subprocess.py:93} INFO - , "UnitPrice" TEXT
[2024-05-06T10:10:07.240-0500] {subprocess.py:93} INFO - , "GrossProceeds" TEXT
[2024-05-06T10:10:07.240-0500] {subprocess.py:93} INFO - , "TotalCommission" TEXT
[2024-05-06T10:10:07.241-0500] {subprocess.py:93} INFO - , "NetProceeds" TEXT
[2024-05-06T10:10:07.241-0500] {subprocess.py:93} INFO - );
[2024-05-06T10:10:07.241-0500] {subprocess.py:93} INFO - INSERT INTO Portfolio_BI_CaseStudy_Data ("TradeDate", "Trader", "Security", "Counterparty", "Side", "TradeQty", "TradeCcy", "UnitPrice", "GrossProceeds", "TotalCommission", "NetProceeds")
[2024-05-06T10:10:07.241-0500] {subprocess.py:93} INFO - VALUES
[2024-05-06T10:10:07.241-0500] {subprocess.py:93} INFO - ('2/8/2011','John Smith','AAPL','GSEQ','BUY','2,000','USD','355.35','-71,070,000','-100','-710,800'),('2/8/2011','John Smith','AAPL','GSEQ','BUY','2,000','USD','355.45','-710,900','-100','-711,000'),('2/11/2011','jsmith','AAPL','GSEQ','SELL','2,000','USD','356.80','713,600','100','713,500');
[2024-05-06T10:10:07.241-0500] {subprocess.py:93} INFO - 
[2024-05-06T10:10:07.242-0500] {subprocess.py:93} INFO -                   CREATE TABLE IF NOT EXISTS Portfolio_BI_CaseStudy_Data
[2024-05-06T10:10:07.242-0500] {subprocess.py:93} INFO -                     (id INTEGER PRIMARY KEY AUTOINCREMENT,
[2024-05-06T10:10:07.242-0500] {subprocess.py:93} INFO -                      sheet TEXT,
[2024-05-06T10:10:07.242-0500] {subprocess.py:93} INFO -                 , "ReportDate" TEXT
[2024-05-06T10:10:07.243-0500] {subprocess.py:93} INFO - , "RiskTaker" TEXT
[2024-05-06T10:10:07.243-0500] {subprocess.py:93} INFO - , "Security" TEXT
[2024-05-06T10:10:07.243-0500] {subprocess.py:93} INFO - , "EndUnitCost" TEXT
[2024-05-06T10:10:07.243-0500] {subprocess.py:93} INFO - , "StartQuantity" TEXT
[2024-05-06T10:10:07.243-0500] {subprocess.py:93} INFO - , "EndQuantity" TEXT
[2024-05-06T10:10:07.244-0500] {subprocess.py:93} INFO - , "StartMarketValue" TEXT
[2024-05-06T10:10:07.244-0500] {subprocess.py:93} INFO - , "EndMarketValue" TEXT
[2024-05-06T10:10:07.244-0500] {subprocess.py:93} INFO - , "Day P&L" TEXT
[2024-05-06T10:10:07.244-0500] {subprocess.py:93} INFO - , "" TEXT
[2024-05-06T10:10:07.244-0500] {subprocess.py:93} INFO - , "Closing Price" TEXT
[2024-05-06T10:10:07.244-0500] {subprocess.py:93} INFO - );
[2024-05-06T10:10:07.245-0500] {subprocess.py:93} INFO - INSERT INTO Portfolio_BI_CaseStudy_Data ("ReportDate", "RiskTaker", "Security", "EndUnitCost", "StartQuantity", "EndQuantity", "StartMarketValue", "EndMarketValue", "Day P&L", "", "Closing Price")
[2024-05-06T10:10:07.245-0500] {subprocess.py:93} INFO - VALUES
[2024-05-06T10:10:07.245-0500] {subprocess.py:93} INFO - ('2/8/2011','John Smith','AAPL','355.40','-  ','4,000','1,000','1,420,800','2,842,600',NULL,'355.20'),('2/9/2011','John Smith','AAPL','355.40','4,000','4,000','1,420,800','1,432,640','11,840',NULL,'358.16'),('2/10/2011','John Smith','AAPL','355.40','4,000','4,000','1,432,640','1,418,160','14,480',NULL,'354.54'),('2/11/2011','jsmith','AAPL US','355.45','-  ','2,000','1,418,160','713,700',NULL,NULL,'50.98');
[2024-05-06T10:10:07.262-0500] {subprocess.py:97} INFO - Command exited with return code 0
[2024-05-06T10:10:07.263-0500] {taskinstance.py:441} INFO - ::group::Post task execution logs
[2024-05-06T10:10:07.274-0500] {taskinstance.py:1205} INFO - Marking task as SUCCESS. dag_id=scenario_two_v3, task_id=second_task, execution_date=20240503T000000, start_date=20240506T151006, end_date=20240506T151007
[2024-05-06T10:10:07.314-0500] {local_task_job_runner.py:240} INFO - Task exited with return code 0
[2024-05-06T10:10:07.321-0500] {taskinstance.py:3482} INFO - 0 downstream tasks scheduled from follow-on schedule check
[2024-05-06T10:10:07.322-0500] {local_task_job_runner.py:222} INFO - ::endgroup::
