[2024-05-01T23:32:09.397-0500] {local_task_job_runner.py:120} INFO - ::group::Pre task execution logs
[2024-05-01T23:32:09.405-0500] {taskinstance.py:2073} INFO - Dependencies all met for dep_context=non-requeueable deps ti=<TaskInstance: example_bash_operator.run_after_loop scheduled__2024-05-01T00:00:00+00:00 [queued]>
[2024-05-01T23:32:09.408-0500] {taskinstance.py:2073} INFO - Dependencies all met for dep_context=requeueable deps ti=<TaskInstance: example_bash_operator.run_after_loop scheduled__2024-05-01T00:00:00+00:00 [queued]>
[2024-05-01T23:32:09.408-0500] {taskinstance.py:2303} INFO - Starting attempt 1 of 1
[2024-05-01T23:32:09.413-0500] {taskinstance.py:2327} INFO - Executing <Task(BashOperator): run_after_loop> on 2024-05-01 00:00:00+00:00
[2024-05-01T23:32:09.416-0500] {standard_task_runner.py:63} INFO - Started process 34827 to run task
[2024-05-01T23:32:09.418-0500] {standard_task_runner.py:90} INFO - Running: ['airflow', 'tasks', 'run', 'example_bash_operator', 'run_after_loop', 'scheduled__2024-05-01T00:00:00+00:00', '--job-id', '7', '--raw', '--subdir', '/Users/nestoralfaro/Desktop/pbi-scenario-two/py_env/lib/python3.9/site-packages/airflow/example_dags/example_bash_operator.py', '--cfg-path', '/var/folders/14/31_1v10s5nvcqyswsggcn5vh0000gn/T/tmpk2fes4vc']
[2024-05-01T23:32:09.419-0500] {standard_task_runner.py:91} INFO - Job 7: Subtask run_after_loop
[2024-05-01T23:32:09.436-0500] {task_command.py:426} INFO - Running <TaskInstance: example_bash_operator.run_after_loop scheduled__2024-05-01T00:00:00+00:00 [running]> on host nestors-macbook.attlocal.net
[2024-05-01T23:32:09.458-0500] {taskinstance.py:2644} INFO - Exporting env vars: AIRFLOW_CTX_DAG_OWNER='airflow' AIRFLOW_CTX_DAG_ID='example_bash_operator' AIRFLOW_CTX_TASK_ID='run_after_loop' AIRFLOW_CTX_EXECUTION_DATE='2024-05-01T00:00:00+00:00' AIRFLOW_CTX_TRY_NUMBER='1' AIRFLOW_CTX_DAG_RUN_ID='scheduled__2024-05-01T00:00:00+00:00'
[2024-05-01T23:32:09.459-0500] {taskinstance.py:430} INFO - ::endgroup::
[2024-05-01T23:32:09.459-0500] {subprocess.py:63} INFO - Tmp dir root location: /var/folders/14/31_1v10s5nvcqyswsggcn5vh0000gn/T
[2024-05-01T23:32:09.459-0500] {subprocess.py:75} INFO - Running command: ['/bin/bash', '-c', "ls -alh --color=always / && echo https://airflow.apache.org/  && echo 'some <code>html</code>'"]
[2024-05-01T23:32:09.462-0500] {subprocess.py:86} INFO - Output:
[2024-05-01T23:32:09.471-0500] {subprocess.py:93} INFO - total 10
[2024-05-01T23:32:09.472-0500] {subprocess.py:93} INFO - drwxr-xr-x  20 root  wheel   640B Mar 21 01:13 [34m.[39;49m[0m
[2024-05-01T23:32:09.472-0500] {subprocess.py:93} INFO - drwxr-xr-x  20 root  wheel   640B Mar 21 01:13 [34m..[39;49m[0m
[2024-05-01T23:32:09.472-0500] {subprocess.py:93} INFO - lrwxr-xr-x   1 root  admin    36B Mar 21 01:13 [35m.VolumeIcon.icns[39;49m[0m -> System/Volumes/Data/.VolumeIcon.icns
[2024-05-01T23:32:09.472-0500] {subprocess.py:93} INFO - ----------   1 root  admin     0B Mar 21 01:13 .file
[2024-05-01T23:32:09.472-0500] {subprocess.py:93} INFO - drwxr-xr-x   2 root  wheel    64B Mar 21 01:13 [34m.vol[39;49m[0m
[2024-05-01T23:32:09.473-0500] {subprocess.py:93} INFO - drwxrwxr-x  24 root  admin   768B Apr 29 18:20 [34mApplications[39;49m[0m
[2024-05-01T23:32:09.473-0500] {subprocess.py:93} INFO - drwxr-xr-x  68 root  wheel   2.1K Apr  9 06:26 [34mLibrary[39;49m[0m
[2024-05-01T23:32:09.473-0500] {subprocess.py:93} INFO - drwxr-xr-x@ 10 root  wheel   320B Mar 21 01:13 [34mSystem[39;49m[0m
[2024-05-01T23:32:09.473-0500] {subprocess.py:93} INFO - drwxr-xr-x   5 root  admin   160B Apr  9 06:26 [34mUsers[39;49m[0m
[2024-05-01T23:32:09.473-0500] {subprocess.py:93} INFO - drwxr-xr-x   3 root  wheel    96B May  1 22:05 [34mVolumes[39;49m[0m
[2024-05-01T23:32:09.474-0500] {subprocess.py:93} INFO - drwxr-xr-x@ 39 root  wheel   1.2K Mar 21 01:13 [34mbin[39;49m[0m
[2024-05-01T23:32:09.474-0500] {subprocess.py:93} INFO - drwxr-xr-x   2 root  wheel    64B Dec  2 01:00 [34mcores[39;49m[0m
[2024-05-01T23:32:09.474-0500] {subprocess.py:93} INFO - dr-xr-xr-x   4 root  wheel   4.8K Apr 28 08:34 [34mdev[39;49m[0m
[2024-05-01T23:32:09.474-0500] {subprocess.py:93} INFO - lrwxr-xr-x@  1 root  wheel    11B Mar 21 01:13 [35metc[39;49m[0m -> private/etc
[2024-05-01T23:32:09.474-0500] {subprocess.py:93} INFO - lrwxr-xr-x   1 root  wheel    25B Apr 28 08:35 [35mhome[39;49m[0m -> /System/Volumes/Data/home
[2024-05-01T23:32:09.474-0500] {subprocess.py:93} INFO - drwxr-xr-x   3 root  wheel    96B Jan 21 18:16 [34mopt[39;49m[0m
[2024-05-01T23:32:09.475-0500] {subprocess.py:93} INFO - drwxr-xr-x   6 root  wheel   192B Apr 28 08:35 [34mprivate[39;49m[0m
[2024-05-01T23:32:09.475-0500] {subprocess.py:93} INFO - drwxr-xr-x@ 64 root  wheel   2.0K Mar 21 01:13 [34msbin[39;49m[0m
[2024-05-01T23:32:09.475-0500] {subprocess.py:93} INFO - lrwxr-xr-x@  1 root  wheel    11B Mar 21 01:13 [35mtmp[39;49m[0m -> private/tmp
[2024-05-01T23:32:09.475-0500] {subprocess.py:93} INFO - drwxr-xr-x@ 11 root  wheel   352B Mar 21 01:13 [34musr[39;49m[0m
[2024-05-01T23:32:09.475-0500] {subprocess.py:93} INFO - lrwxr-xr-x@  1 root  wheel    11B Mar 21 01:13 [35mvar[39;49m[0m -> private/var
[2024-05-01T23:32:09.475-0500] {subprocess.py:93} INFO - https://airflow.apache.org/
[2024-05-01T23:32:09.476-0500] {subprocess.py:93} INFO - some <code>html</code>
[2024-05-01T23:32:09.476-0500] {subprocess.py:97} INFO - Command exited with return code 0
[2024-05-01T23:32:09.476-0500] {taskinstance.py:441} INFO - ::group::Post task execution logs
[2024-05-01T23:32:09.483-0500] {taskinstance.py:1205} INFO - Marking task as SUCCESS. dag_id=example_bash_operator, task_id=run_after_loop, execution_date=20240501T000000, start_date=20240502T043209, end_date=20240502T043209
[2024-05-01T23:32:09.525-0500] {local_task_job_runner.py:240} INFO - Task exited with return code 0
[2024-05-01T23:32:09.532-0500] {taskinstance.py:3482} INFO - 0 downstream tasks scheduled from follow-on schedule check
[2024-05-01T23:32:09.532-0500] {local_task_job_runner.py:222} INFO - ::endgroup::
