[2024-05-06T10:09:58.831-0500] {processor.py:161} INFO - Started process (PID=28218) to work on /Users/nestoralfaro/Desktop/pbi-scenario-two/dags/dotnet_dag.py
[2024-05-06T10:09:58.833-0500] {processor.py:830} INFO - Processing file /Users/nestoralfaro/Desktop/pbi-scenario-two/dags/dotnet_dag.py for tasks to queue
[2024-05-06T10:09:58.833-0500] {logging_mixin.py:188} INFO - [2024-05-06T10:09:58.833-0500] {dagbag.py:540} INFO - Filling up the DagBag from /Users/nestoralfaro/Desktop/pbi-scenario-two/dags/dotnet_dag.py
[2024-05-06T10:09:58.841-0500] {processor.py:840} INFO - DAG(s) 'scenario_two_v3' retrieved from /Users/nestoralfaro/Desktop/pbi-scenario-two/dags/dotnet_dag.py
[2024-05-06T10:09:58.885-0500] {logging_mixin.py:188} INFO - [2024-05-06T10:09:58.885-0500] {dag.py:3096} INFO - Sync 1 DAGs
[2024-05-06T10:09:58.892-0500] {logging_mixin.py:188} INFO - [2024-05-06T10:09:58.892-0500] {dag.py:3954} INFO - Setting next_dagrun for scenario_two_v3 to 2024-05-02 00:00:00+00:00, run_after=2024-05-03 00:00:00+00:00
[2024-05-06T10:09:58.899-0500] {processor.py:183} INFO - Processing /Users/nestoralfaro/Desktop/pbi-scenario-two/dags/dotnet_dag.py took 0.069 seconds
[2024-05-06T10:10:30.003-0500] {processor.py:161} INFO - Started process (PID=28260) to work on /Users/nestoralfaro/Desktop/pbi-scenario-two/dags/dotnet_dag.py
[2024-05-06T10:10:30.004-0500] {processor.py:830} INFO - Processing file /Users/nestoralfaro/Desktop/pbi-scenario-two/dags/dotnet_dag.py for tasks to queue
[2024-05-06T10:10:30.004-0500] {logging_mixin.py:188} INFO - [2024-05-06T10:10:30.004-0500] {dagbag.py:540} INFO - Filling up the DagBag from /Users/nestoralfaro/Desktop/pbi-scenario-two/dags/dotnet_dag.py
[2024-05-06T10:10:30.008-0500] {processor.py:840} INFO - DAG(s) 'scenario_two_v3' retrieved from /Users/nestoralfaro/Desktop/pbi-scenario-two/dags/dotnet_dag.py
[2024-05-06T10:10:30.053-0500] {logging_mixin.py:188} INFO - [2024-05-06T10:10:30.053-0500] {dag.py:3096} INFO - Sync 1 DAGs
[2024-05-06T10:10:30.060-0500] {logging_mixin.py:188} INFO - [2024-05-06T10:10:30.060-0500] {dag.py:3954} INFO - Setting next_dagrun for scenario_two_v3 to 2024-05-06 00:00:00+00:00, run_after=2024-05-07 00:00:00+00:00
[2024-05-06T10:10:30.067-0500] {processor.py:183} INFO - Processing /Users/nestoralfaro/Desktop/pbi-scenario-two/dags/dotnet_dag.py took 0.066 seconds
[2024-05-06T10:11:00.841-0500] {processor.py:161} INFO - Started process (PID=28261) to work on /Users/nestoralfaro/Desktop/pbi-scenario-two/dags/dotnet_dag.py
[2024-05-06T10:11:00.842-0500] {processor.py:830} INFO - Processing file /Users/nestoralfaro/Desktop/pbi-scenario-two/dags/dotnet_dag.py for tasks to queue
[2024-05-06T10:11:00.843-0500] {logging_mixin.py:188} INFO - [2024-05-06T10:11:00.843-0500] {dagbag.py:540} INFO - Filling up the DagBag from /Users/nestoralfaro/Desktop/pbi-scenario-two/dags/dotnet_dag.py
[2024-05-06T10:11:00.846-0500] {processor.py:840} INFO - DAG(s) 'scenario_two_v3' retrieved from /Users/nestoralfaro/Desktop/pbi-scenario-two/dags/dotnet_dag.py
[2024-05-06T10:11:00.887-0500] {logging_mixin.py:188} INFO - [2024-05-06T10:11:00.887-0500] {dag.py:3096} INFO - Sync 1 DAGs
[2024-05-06T10:11:00.894-0500] {logging_mixin.py:188} INFO - [2024-05-06T10:11:00.893-0500] {dag.py:3954} INFO - Setting next_dagrun for scenario_two_v3 to 2024-05-06 00:00:00+00:00, run_after=2024-05-07 00:00:00+00:00
[2024-05-06T10:11:00.901-0500] {processor.py:183} INFO - Processing /Users/nestoralfaro/Desktop/pbi-scenario-two/dags/dotnet_dag.py took 0.061 seconds
[2024-05-06T10:11:31.681-0500] {processor.py:161} INFO - Started process (PID=28262) to work on /Users/nestoralfaro/Desktop/pbi-scenario-two/dags/dotnet_dag.py
[2024-05-06T10:11:31.682-0500] {processor.py:830} INFO - Processing file /Users/nestoralfaro/Desktop/pbi-scenario-two/dags/dotnet_dag.py for tasks to queue
[2024-05-06T10:11:31.682-0500] {logging_mixin.py:188} INFO - [2024-05-06T10:11:31.682-0500] {dagbag.py:540} INFO - Filling up the DagBag from /Users/nestoralfaro/Desktop/pbi-scenario-two/dags/dotnet_dag.py
[2024-05-06T10:11:31.686-0500] {processor.py:840} INFO - DAG(s) 'scenario_two_v3' retrieved from /Users/nestoralfaro/Desktop/pbi-scenario-two/dags/dotnet_dag.py
[2024-05-06T10:11:31.728-0500] {logging_mixin.py:188} INFO - [2024-05-06T10:11:31.728-0500] {dag.py:3096} INFO - Sync 1 DAGs
[2024-05-06T10:11:31.734-0500] {logging_mixin.py:188} INFO - [2024-05-06T10:11:31.734-0500] {dag.py:3954} INFO - Setting next_dagrun for scenario_two_v3 to 2024-05-06 00:00:00+00:00, run_after=2024-05-07 00:00:00+00:00
[2024-05-06T10:11:31.741-0500] {processor.py:183} INFO - Processing /Users/nestoralfaro/Desktop/pbi-scenario-two/dags/dotnet_dag.py took 0.062 seconds
[2024-05-06T10:12:02.749-0500] {processor.py:161} INFO - Started process (PID=28266) to work on /Users/nestoralfaro/Desktop/pbi-scenario-two/dags/dotnet_dag.py
[2024-05-06T10:12:02.751-0500] {processor.py:830} INFO - Processing file /Users/nestoralfaro/Desktop/pbi-scenario-two/dags/dotnet_dag.py for tasks to queue
[2024-05-06T10:12:02.751-0500] {logging_mixin.py:188} INFO - [2024-05-06T10:12:02.751-0500] {dagbag.py:540} INFO - Filling up the DagBag from /Users/nestoralfaro/Desktop/pbi-scenario-two/dags/dotnet_dag.py
[2024-05-06T10:12:02.757-0500] {processor.py:840} INFO - DAG(s) 'scenario_two_v3' retrieved from /Users/nestoralfaro/Desktop/pbi-scenario-two/dags/dotnet_dag.py
[2024-05-06T10:12:02.803-0500] {logging_mixin.py:188} INFO - [2024-05-06T10:12:02.803-0500] {dag.py:3096} INFO - Sync 1 DAGs
[2024-05-06T10:12:02.812-0500] {logging_mixin.py:188} INFO - [2024-05-06T10:12:02.812-0500] {dag.py:3954} INFO - Setting next_dagrun for scenario_two_v3 to 2024-05-06 00:00:00+00:00, run_after=2024-05-07 00:00:00+00:00
[2024-05-06T10:12:02.818-0500] {processor.py:183} INFO - Processing /Users/nestoralfaro/Desktop/pbi-scenario-two/dags/dotnet_dag.py took 0.071 seconds
[2024-05-06T10:12:33.766-0500] {processor.py:161} INFO - Started process (PID=28267) to work on /Users/nestoralfaro/Desktop/pbi-scenario-two/dags/dotnet_dag.py
[2024-05-06T10:12:33.767-0500] {processor.py:830} INFO - Processing file /Users/nestoralfaro/Desktop/pbi-scenario-two/dags/dotnet_dag.py for tasks to queue
[2024-05-06T10:12:33.768-0500] {logging_mixin.py:188} INFO - [2024-05-06T10:12:33.768-0500] {dagbag.py:540} INFO - Filling up the DagBag from /Users/nestoralfaro/Desktop/pbi-scenario-two/dags/dotnet_dag.py
[2024-05-06T10:12:33.773-0500] {processor.py:840} INFO - DAG(s) 'scenario_two_v3' retrieved from /Users/nestoralfaro/Desktop/pbi-scenario-two/dags/dotnet_dag.py
[2024-05-06T10:12:33.818-0500] {logging_mixin.py:188} INFO - [2024-05-06T10:12:33.818-0500] {dag.py:3096} INFO - Sync 1 DAGs
[2024-05-06T10:12:33.825-0500] {logging_mixin.py:188} INFO - [2024-05-06T10:12:33.825-0500] {dag.py:3954} INFO - Setting next_dagrun for scenario_two_v3 to 2024-05-06 00:00:00+00:00, run_after=2024-05-07 00:00:00+00:00
[2024-05-06T10:12:33.832-0500] {processor.py:183} INFO - Processing /Users/nestoralfaro/Desktop/pbi-scenario-two/dags/dotnet_dag.py took 0.068 seconds
[2024-05-06T10:13:04.818-0500] {processor.py:161} INFO - Started process (PID=28270) to work on /Users/nestoralfaro/Desktop/pbi-scenario-two/dags/dotnet_dag.py
[2024-05-06T10:13:04.820-0500] {processor.py:830} INFO - Processing file /Users/nestoralfaro/Desktop/pbi-scenario-two/dags/dotnet_dag.py for tasks to queue
[2024-05-06T10:13:04.820-0500] {logging_mixin.py:188} INFO - [2024-05-06T10:13:04.820-0500] {dagbag.py:540} INFO - Filling up the DagBag from /Users/nestoralfaro/Desktop/pbi-scenario-two/dags/dotnet_dag.py
[2024-05-06T10:13:04.826-0500] {processor.py:840} INFO - DAG(s) 'scenario_two_v3' retrieved from /Users/nestoralfaro/Desktop/pbi-scenario-two/dags/dotnet_dag.py
[2024-05-06T10:13:04.873-0500] {logging_mixin.py:188} INFO - [2024-05-06T10:13:04.873-0500] {dag.py:3096} INFO - Sync 1 DAGs
[2024-05-06T10:13:04.880-0500] {logging_mixin.py:188} INFO - [2024-05-06T10:13:04.880-0500] {dag.py:3954} INFO - Setting next_dagrun for scenario_two_v3 to 2024-05-06 00:00:00+00:00, run_after=2024-05-07 00:00:00+00:00
[2024-05-06T10:13:04.887-0500] {processor.py:183} INFO - Processing /Users/nestoralfaro/Desktop/pbi-scenario-two/dags/dotnet_dag.py took 0.070 seconds
[2024-05-06T10:13:36.088-0500] {processor.py:161} INFO - Started process (PID=28292) to work on /Users/nestoralfaro/Desktop/pbi-scenario-two/dags/dotnet_dag.py
[2024-05-06T10:13:36.090-0500] {processor.py:830} INFO - Processing file /Users/nestoralfaro/Desktop/pbi-scenario-two/dags/dotnet_dag.py for tasks to queue
[2024-05-06T10:13:36.090-0500] {logging_mixin.py:188} INFO - [2024-05-06T10:13:36.090-0500] {dagbag.py:540} INFO - Filling up the DagBag from /Users/nestoralfaro/Desktop/pbi-scenario-two/dags/dotnet_dag.py
[2024-05-06T10:13:36.094-0500] {processor.py:840} INFO - DAG(s) 'scenario_two_v3' retrieved from /Users/nestoralfaro/Desktop/pbi-scenario-two/dags/dotnet_dag.py
[2024-05-06T10:13:36.138-0500] {logging_mixin.py:188} INFO - [2024-05-06T10:13:36.138-0500] {dag.py:3096} INFO - Sync 1 DAGs
[2024-05-06T10:13:36.144-0500] {logging_mixin.py:188} INFO - [2024-05-06T10:13:36.144-0500] {dag.py:3954} INFO - Setting next_dagrun for scenario_two_v3 to 2024-05-06 00:00:00+00:00, run_after=2024-05-07 00:00:00+00:00
[2024-05-06T10:13:36.151-0500] {processor.py:183} INFO - Processing /Users/nestoralfaro/Desktop/pbi-scenario-two/dags/dotnet_dag.py took 0.064 seconds
[2024-05-06T10:14:07.005-0500] {processor.py:161} INFO - Started process (PID=28294) to work on /Users/nestoralfaro/Desktop/pbi-scenario-two/dags/dotnet_dag.py
[2024-05-06T10:14:07.007-0500] {processor.py:830} INFO - Processing file /Users/nestoralfaro/Desktop/pbi-scenario-two/dags/dotnet_dag.py for tasks to queue
[2024-05-06T10:14:07.007-0500] {logging_mixin.py:188} INFO - [2024-05-06T10:14:07.007-0500] {dagbag.py:540} INFO - Filling up the DagBag from /Users/nestoralfaro/Desktop/pbi-scenario-two/dags/dotnet_dag.py
[2024-05-06T10:14:07.010-0500] {processor.py:840} INFO - DAG(s) 'scenario_two_v3' retrieved from /Users/nestoralfaro/Desktop/pbi-scenario-two/dags/dotnet_dag.py
[2024-05-06T10:14:07.057-0500] {logging_mixin.py:188} INFO - [2024-05-06T10:14:07.057-0500] {dag.py:3096} INFO - Sync 1 DAGs
[2024-05-06T10:14:07.064-0500] {logging_mixin.py:188} INFO - [2024-05-06T10:14:07.064-0500] {dag.py:3954} INFO - Setting next_dagrun for scenario_two_v3 to 2024-05-06 00:00:00+00:00, run_after=2024-05-07 00:00:00+00:00
[2024-05-06T10:14:07.072-0500] {processor.py:183} INFO - Processing /Users/nestoralfaro/Desktop/pbi-scenario-two/dags/dotnet_dag.py took 0.067 seconds
[2024-05-06T10:14:37.917-0500] {processor.py:161} INFO - Started process (PID=28307) to work on /Users/nestoralfaro/Desktop/pbi-scenario-two/dags/dotnet_dag.py
[2024-05-06T10:14:37.918-0500] {processor.py:830} INFO - Processing file /Users/nestoralfaro/Desktop/pbi-scenario-two/dags/dotnet_dag.py for tasks to queue
[2024-05-06T10:14:37.918-0500] {logging_mixin.py:188} INFO - [2024-05-06T10:14:37.918-0500] {dagbag.py:540} INFO - Filling up the DagBag from /Users/nestoralfaro/Desktop/pbi-scenario-two/dags/dotnet_dag.py
[2024-05-06T10:14:37.922-0500] {processor.py:840} INFO - DAG(s) 'scenario_two_v3' retrieved from /Users/nestoralfaro/Desktop/pbi-scenario-two/dags/dotnet_dag.py
[2024-05-06T10:14:37.967-0500] {logging_mixin.py:188} INFO - [2024-05-06T10:14:37.967-0500] {dag.py:3096} INFO - Sync 1 DAGs
[2024-05-06T10:14:37.974-0500] {logging_mixin.py:188} INFO - [2024-05-06T10:14:37.973-0500] {dag.py:3954} INFO - Setting next_dagrun for scenario_two_v3 to 2024-05-06 00:00:00+00:00, run_after=2024-05-07 00:00:00+00:00
[2024-05-06T10:14:37.980-0500] {processor.py:183} INFO - Processing /Users/nestoralfaro/Desktop/pbi-scenario-two/dags/dotnet_dag.py took 0.064 seconds
[2024-05-06T10:15:08.896-0500] {processor.py:161} INFO - Started process (PID=28318) to work on /Users/nestoralfaro/Desktop/pbi-scenario-two/dags/dotnet_dag.py
[2024-05-06T10:15:08.898-0500] {processor.py:830} INFO - Processing file /Users/nestoralfaro/Desktop/pbi-scenario-two/dags/dotnet_dag.py for tasks to queue
[2024-05-06T10:15:08.898-0500] {logging_mixin.py:188} INFO - [2024-05-06T10:15:08.898-0500] {dagbag.py:540} INFO - Filling up the DagBag from /Users/nestoralfaro/Desktop/pbi-scenario-two/dags/dotnet_dag.py
[2024-05-06T10:15:08.904-0500] {processor.py:840} INFO - DAG(s) 'scenario_two_v3' retrieved from /Users/nestoralfaro/Desktop/pbi-scenario-two/dags/dotnet_dag.py
[2024-05-06T10:15:08.952-0500] {logging_mixin.py:188} INFO - [2024-05-06T10:15:08.951-0500] {dag.py:3096} INFO - Sync 1 DAGs
[2024-05-06T10:15:08.959-0500] {logging_mixin.py:188} INFO - [2024-05-06T10:15:08.959-0500] {dag.py:3954} INFO - Setting next_dagrun for scenario_two_v3 to 2024-05-06 00:00:00+00:00, run_after=2024-05-07 00:00:00+00:00
[2024-05-06T10:15:08.967-0500] {processor.py:183} INFO - Processing /Users/nestoralfaro/Desktop/pbi-scenario-two/dags/dotnet_dag.py took 0.072 seconds
[2024-05-06T10:15:39.766-0500] {processor.py:161} INFO - Started process (PID=28324) to work on /Users/nestoralfaro/Desktop/pbi-scenario-two/dags/dotnet_dag.py
[2024-05-06T10:15:39.767-0500] {processor.py:830} INFO - Processing file /Users/nestoralfaro/Desktop/pbi-scenario-two/dags/dotnet_dag.py for tasks to queue
[2024-05-06T10:15:39.767-0500] {logging_mixin.py:188} INFO - [2024-05-06T10:15:39.767-0500] {dagbag.py:540} INFO - Filling up the DagBag from /Users/nestoralfaro/Desktop/pbi-scenario-two/dags/dotnet_dag.py
[2024-05-06T10:15:39.771-0500] {processor.py:840} INFO - DAG(s) 'scenario_two_v3' retrieved from /Users/nestoralfaro/Desktop/pbi-scenario-two/dags/dotnet_dag.py
[2024-05-06T10:15:39.812-0500] {logging_mixin.py:188} INFO - [2024-05-06T10:15:39.811-0500] {dag.py:3096} INFO - Sync 1 DAGs
[2024-05-06T10:15:39.818-0500] {logging_mixin.py:188} INFO - [2024-05-06T10:15:39.818-0500] {dag.py:3954} INFO - Setting next_dagrun for scenario_two_v3 to 2024-05-06 00:00:00+00:00, run_after=2024-05-07 00:00:00+00:00
[2024-05-06T10:15:39.825-0500] {processor.py:183} INFO - Processing /Users/nestoralfaro/Desktop/pbi-scenario-two/dags/dotnet_dag.py took 0.061 seconds
[2024-05-06T10:16:10.585-0500] {processor.py:161} INFO - Started process (PID=28333) to work on /Users/nestoralfaro/Desktop/pbi-scenario-two/dags/dotnet_dag.py
[2024-05-06T10:16:10.586-0500] {processor.py:830} INFO - Processing file /Users/nestoralfaro/Desktop/pbi-scenario-two/dags/dotnet_dag.py for tasks to queue
[2024-05-06T10:16:10.586-0500] {logging_mixin.py:188} INFO - [2024-05-06T10:16:10.586-0500] {dagbag.py:540} INFO - Filling up the DagBag from /Users/nestoralfaro/Desktop/pbi-scenario-two/dags/dotnet_dag.py
[2024-05-06T10:16:10.590-0500] {processor.py:840} INFO - DAG(s) 'scenario_two_v3' retrieved from /Users/nestoralfaro/Desktop/pbi-scenario-two/dags/dotnet_dag.py
[2024-05-06T10:16:10.630-0500] {logging_mixin.py:188} INFO - [2024-05-06T10:16:10.630-0500] {dag.py:3096} INFO - Sync 1 DAGs
[2024-05-06T10:16:10.636-0500] {logging_mixin.py:188} INFO - [2024-05-06T10:16:10.636-0500] {dag.py:3954} INFO - Setting next_dagrun for scenario_two_v3 to 2024-05-06 00:00:00+00:00, run_after=2024-05-07 00:00:00+00:00
[2024-05-06T10:16:10.644-0500] {processor.py:183} INFO - Processing /Users/nestoralfaro/Desktop/pbi-scenario-two/dags/dotnet_dag.py took 0.060 seconds
[2024-05-06T10:16:41.409-0500] {processor.py:161} INFO - Started process (PID=28334) to work on /Users/nestoralfaro/Desktop/pbi-scenario-two/dags/dotnet_dag.py
[2024-05-06T10:16:41.410-0500] {processor.py:830} INFO - Processing file /Users/nestoralfaro/Desktop/pbi-scenario-two/dags/dotnet_dag.py for tasks to queue
[2024-05-06T10:16:41.411-0500] {logging_mixin.py:188} INFO - [2024-05-06T10:16:41.411-0500] {dagbag.py:540} INFO - Filling up the DagBag from /Users/nestoralfaro/Desktop/pbi-scenario-two/dags/dotnet_dag.py
[2024-05-06T10:16:41.415-0500] {processor.py:840} INFO - DAG(s) 'scenario_two_v3' retrieved from /Users/nestoralfaro/Desktop/pbi-scenario-two/dags/dotnet_dag.py
[2024-05-06T10:16:41.456-0500] {logging_mixin.py:188} INFO - [2024-05-06T10:16:41.456-0500] {dag.py:3096} INFO - Sync 1 DAGs
[2024-05-06T10:16:41.462-0500] {logging_mixin.py:188} INFO - [2024-05-06T10:16:41.462-0500] {dag.py:3954} INFO - Setting next_dagrun for scenario_two_v3 to 2024-05-06 00:00:00+00:00, run_after=2024-05-07 00:00:00+00:00
[2024-05-06T10:16:41.469-0500] {processor.py:183} INFO - Processing /Users/nestoralfaro/Desktop/pbi-scenario-two/dags/dotnet_dag.py took 0.061 seconds
[2024-05-06T10:17:12.516-0500] {processor.py:161} INFO - Started process (PID=28339) to work on /Users/nestoralfaro/Desktop/pbi-scenario-two/dags/dotnet_dag.py
[2024-05-06T10:17:12.518-0500] {processor.py:830} INFO - Processing file /Users/nestoralfaro/Desktop/pbi-scenario-two/dags/dotnet_dag.py for tasks to queue
[2024-05-06T10:17:12.519-0500] {logging_mixin.py:188} INFO - [2024-05-06T10:17:12.519-0500] {dagbag.py:540} INFO - Filling up the DagBag from /Users/nestoralfaro/Desktop/pbi-scenario-two/dags/dotnet_dag.py
[2024-05-06T10:17:12.525-0500] {processor.py:840} INFO - DAG(s) 'scenario_two_v3' retrieved from /Users/nestoralfaro/Desktop/pbi-scenario-two/dags/dotnet_dag.py
[2024-05-06T10:17:12.569-0500] {logging_mixin.py:188} INFO - [2024-05-06T10:17:12.569-0500] {dag.py:3096} INFO - Sync 1 DAGs
[2024-05-06T10:17:12.576-0500] {logging_mixin.py:188} INFO - [2024-05-06T10:17:12.576-0500] {dag.py:3954} INFO - Setting next_dagrun for scenario_two_v3 to 2024-05-06 00:00:00+00:00, run_after=2024-05-07 00:00:00+00:00
[2024-05-06T10:17:12.583-0500] {processor.py:183} INFO - Processing /Users/nestoralfaro/Desktop/pbi-scenario-two/dags/dotnet_dag.py took 0.068 seconds
[2024-05-06T10:17:43.415-0500] {processor.py:161} INFO - Started process (PID=28355) to work on /Users/nestoralfaro/Desktop/pbi-scenario-two/dags/dotnet_dag.py
[2024-05-06T10:17:43.417-0500] {processor.py:830} INFO - Processing file /Users/nestoralfaro/Desktop/pbi-scenario-two/dags/dotnet_dag.py for tasks to queue
[2024-05-06T10:17:43.417-0500] {logging_mixin.py:188} INFO - [2024-05-06T10:17:43.417-0500] {dagbag.py:540} INFO - Filling up the DagBag from /Users/nestoralfaro/Desktop/pbi-scenario-two/dags/dotnet_dag.py
[2024-05-06T10:17:43.421-0500] {processor.py:840} INFO - DAG(s) 'scenario_two_v3' retrieved from /Users/nestoralfaro/Desktop/pbi-scenario-two/dags/dotnet_dag.py
[2024-05-06T10:17:43.465-0500] {logging_mixin.py:188} INFO - [2024-05-06T10:17:43.465-0500] {dag.py:3096} INFO - Sync 1 DAGs
[2024-05-06T10:17:43.472-0500] {logging_mixin.py:188} INFO - [2024-05-06T10:17:43.472-0500] {dag.py:3954} INFO - Setting next_dagrun for scenario_two_v3 to 2024-05-06 00:00:00+00:00, run_after=2024-05-07 00:00:00+00:00
[2024-05-06T10:17:43.478-0500] {processor.py:183} INFO - Processing /Users/nestoralfaro/Desktop/pbi-scenario-two/dags/dotnet_dag.py took 0.064 seconds
[2024-05-06T10:18:14.351-0500] {processor.py:161} INFO - Started process (PID=28363) to work on /Users/nestoralfaro/Desktop/pbi-scenario-two/dags/dotnet_dag.py
[2024-05-06T10:18:14.353-0500] {processor.py:830} INFO - Processing file /Users/nestoralfaro/Desktop/pbi-scenario-two/dags/dotnet_dag.py for tasks to queue
[2024-05-06T10:18:14.353-0500] {logging_mixin.py:188} INFO - [2024-05-06T10:18:14.353-0500] {dagbag.py:540} INFO - Filling up the DagBag from /Users/nestoralfaro/Desktop/pbi-scenario-two/dags/dotnet_dag.py
[2024-05-06T10:18:14.357-0500] {processor.py:840} INFO - DAG(s) 'scenario_two_v3' retrieved from /Users/nestoralfaro/Desktop/pbi-scenario-two/dags/dotnet_dag.py
[2024-05-06T10:18:14.401-0500] {logging_mixin.py:188} INFO - [2024-05-06T10:18:14.401-0500] {dag.py:3096} INFO - Sync 1 DAGs
[2024-05-06T10:18:14.408-0500] {logging_mixin.py:188} INFO - [2024-05-06T10:18:14.408-0500] {dag.py:3954} INFO - Setting next_dagrun for scenario_two_v3 to 2024-05-06 00:00:00+00:00, run_after=2024-05-07 00:00:00+00:00
[2024-05-06T10:18:14.414-0500] {processor.py:183} INFO - Processing /Users/nestoralfaro/Desktop/pbi-scenario-two/dags/dotnet_dag.py took 0.064 seconds
[2024-05-06T10:18:45.251-0500] {processor.py:161} INFO - Started process (PID=28364) to work on /Users/nestoralfaro/Desktop/pbi-scenario-two/dags/dotnet_dag.py
[2024-05-06T10:18:45.252-0500] {processor.py:830} INFO - Processing file /Users/nestoralfaro/Desktop/pbi-scenario-two/dags/dotnet_dag.py for tasks to queue
[2024-05-06T10:18:45.252-0500] {logging_mixin.py:188} INFO - [2024-05-06T10:18:45.252-0500] {dagbag.py:540} INFO - Filling up the DagBag from /Users/nestoralfaro/Desktop/pbi-scenario-two/dags/dotnet_dag.py
[2024-05-06T10:18:45.256-0500] {processor.py:840} INFO - DAG(s) 'scenario_two_v3' retrieved from /Users/nestoralfaro/Desktop/pbi-scenario-two/dags/dotnet_dag.py
[2024-05-06T10:18:45.301-0500] {logging_mixin.py:188} INFO - [2024-05-06T10:18:45.301-0500] {dag.py:3096} INFO - Sync 1 DAGs
[2024-05-06T10:18:45.308-0500] {logging_mixin.py:188} INFO - [2024-05-06T10:18:45.308-0500] {dag.py:3954} INFO - Setting next_dagrun for scenario_two_v3 to 2024-05-06 00:00:00+00:00, run_after=2024-05-07 00:00:00+00:00
[2024-05-06T10:18:45.315-0500] {processor.py:183} INFO - Processing /Users/nestoralfaro/Desktop/pbi-scenario-two/dags/dotnet_dag.py took 0.066 seconds
[2024-05-06T10:19:16.334-0500] {processor.py:161} INFO - Started process (PID=28369) to work on /Users/nestoralfaro/Desktop/pbi-scenario-two/dags/dotnet_dag.py
[2024-05-06T10:19:16.336-0500] {processor.py:830} INFO - Processing file /Users/nestoralfaro/Desktop/pbi-scenario-two/dags/dotnet_dag.py for tasks to queue
[2024-05-06T10:19:16.337-0500] {logging_mixin.py:188} INFO - [2024-05-06T10:19:16.337-0500] {dagbag.py:540} INFO - Filling up the DagBag from /Users/nestoralfaro/Desktop/pbi-scenario-two/dags/dotnet_dag.py
[2024-05-06T10:19:16.344-0500] {processor.py:840} INFO - DAG(s) 'scenario_two_v3' retrieved from /Users/nestoralfaro/Desktop/pbi-scenario-two/dags/dotnet_dag.py
[2024-05-06T10:19:16.389-0500] {logging_mixin.py:188} INFO - [2024-05-06T10:19:16.389-0500] {dag.py:3096} INFO - Sync 1 DAGs
[2024-05-06T10:19:16.396-0500] {logging_mixin.py:188} INFO - [2024-05-06T10:19:16.396-0500] {dag.py:3954} INFO - Setting next_dagrun for scenario_two_v3 to 2024-05-06 00:00:00+00:00, run_after=2024-05-07 00:00:00+00:00
[2024-05-06T10:19:16.403-0500] {processor.py:183} INFO - Processing /Users/nestoralfaro/Desktop/pbi-scenario-two/dags/dotnet_dag.py took 0.070 seconds
[2024-05-06T10:19:47.388-0500] {processor.py:161} INFO - Started process (PID=28370) to work on /Users/nestoralfaro/Desktop/pbi-scenario-two/dags/dotnet_dag.py
[2024-05-06T10:19:47.390-0500] {processor.py:830} INFO - Processing file /Users/nestoralfaro/Desktop/pbi-scenario-two/dags/dotnet_dag.py for tasks to queue
[2024-05-06T10:19:47.390-0500] {logging_mixin.py:188} INFO - [2024-05-06T10:19:47.390-0500] {dagbag.py:540} INFO - Filling up the DagBag from /Users/nestoralfaro/Desktop/pbi-scenario-two/dags/dotnet_dag.py
[2024-05-06T10:19:47.395-0500] {processor.py:840} INFO - DAG(s) 'scenario_two_v3' retrieved from /Users/nestoralfaro/Desktop/pbi-scenario-two/dags/dotnet_dag.py
[2024-05-06T10:19:47.439-0500] {logging_mixin.py:188} INFO - [2024-05-06T10:19:47.439-0500] {dag.py:3096} INFO - Sync 1 DAGs
[2024-05-06T10:19:47.445-0500] {logging_mixin.py:188} INFO - [2024-05-06T10:19:47.445-0500] {dag.py:3954} INFO - Setting next_dagrun for scenario_two_v3 to 2024-05-06 00:00:00+00:00, run_after=2024-05-07 00:00:00+00:00
[2024-05-06T10:19:47.452-0500] {processor.py:183} INFO - Processing /Users/nestoralfaro/Desktop/pbi-scenario-two/dags/dotnet_dag.py took 0.066 seconds
[2024-05-06T10:20:18.216-0500] {processor.py:161} INFO - Started process (PID=28371) to work on /Users/nestoralfaro/Desktop/pbi-scenario-two/dags/dotnet_dag.py
[2024-05-06T10:20:18.217-0500] {processor.py:830} INFO - Processing file /Users/nestoralfaro/Desktop/pbi-scenario-two/dags/dotnet_dag.py for tasks to queue
[2024-05-06T10:20:18.217-0500] {logging_mixin.py:188} INFO - [2024-05-06T10:20:18.217-0500] {dagbag.py:540} INFO - Filling up the DagBag from /Users/nestoralfaro/Desktop/pbi-scenario-two/dags/dotnet_dag.py
[2024-05-06T10:20:18.221-0500] {processor.py:840} INFO - DAG(s) 'scenario_two_v3' retrieved from /Users/nestoralfaro/Desktop/pbi-scenario-two/dags/dotnet_dag.py
[2024-05-06T10:20:18.265-0500] {logging_mixin.py:188} INFO - [2024-05-06T10:20:18.265-0500] {dag.py:3096} INFO - Sync 1 DAGs
[2024-05-06T10:20:18.272-0500] {logging_mixin.py:188} INFO - [2024-05-06T10:20:18.272-0500] {dag.py:3954} INFO - Setting next_dagrun for scenario_two_v3 to 2024-05-06 00:00:00+00:00, run_after=2024-05-07 00:00:00+00:00
[2024-05-06T10:20:18.278-0500] {processor.py:183} INFO - Processing /Users/nestoralfaro/Desktop/pbi-scenario-two/dags/dotnet_dag.py took 0.064 seconds
[2024-05-06T10:20:49.037-0500] {processor.py:161} INFO - Started process (PID=28372) to work on /Users/nestoralfaro/Desktop/pbi-scenario-two/dags/dotnet_dag.py
[2024-05-06T10:20:49.039-0500] {processor.py:830} INFO - Processing file /Users/nestoralfaro/Desktop/pbi-scenario-two/dags/dotnet_dag.py for tasks to queue
[2024-05-06T10:20:49.039-0500] {logging_mixin.py:188} INFO - [2024-05-06T10:20:49.039-0500] {dagbag.py:540} INFO - Filling up the DagBag from /Users/nestoralfaro/Desktop/pbi-scenario-two/dags/dotnet_dag.py
[2024-05-06T10:20:49.043-0500] {processor.py:840} INFO - DAG(s) 'scenario_two_v3' retrieved from /Users/nestoralfaro/Desktop/pbi-scenario-two/dags/dotnet_dag.py
[2024-05-06T10:20:49.084-0500] {logging_mixin.py:188} INFO - [2024-05-06T10:20:49.084-0500] {dag.py:3096} INFO - Sync 1 DAGs
[2024-05-06T10:20:49.091-0500] {logging_mixin.py:188} INFO - [2024-05-06T10:20:49.091-0500] {dag.py:3954} INFO - Setting next_dagrun for scenario_two_v3 to 2024-05-06 00:00:00+00:00, run_after=2024-05-07 00:00:00+00:00
[2024-05-06T10:20:49.098-0500] {processor.py:183} INFO - Processing /Users/nestoralfaro/Desktop/pbi-scenario-two/dags/dotnet_dag.py took 0.062 seconds
[2024-05-06T10:21:20.009-0500] {processor.py:161} INFO - Started process (PID=28374) to work on /Users/nestoralfaro/Desktop/pbi-scenario-two/dags/dotnet_dag.py
[2024-05-06T10:21:20.011-0500] {processor.py:830} INFO - Processing file /Users/nestoralfaro/Desktop/pbi-scenario-two/dags/dotnet_dag.py for tasks to queue
[2024-05-06T10:21:20.011-0500] {logging_mixin.py:188} INFO - [2024-05-06T10:21:20.011-0500] {dagbag.py:540} INFO - Filling up the DagBag from /Users/nestoralfaro/Desktop/pbi-scenario-two/dags/dotnet_dag.py
[2024-05-06T10:21:20.016-0500] {processor.py:840} INFO - DAG(s) 'scenario_two_v3' retrieved from /Users/nestoralfaro/Desktop/pbi-scenario-two/dags/dotnet_dag.py
[2024-05-06T10:21:20.061-0500] {logging_mixin.py:188} INFO - [2024-05-06T10:21:20.061-0500] {dag.py:3096} INFO - Sync 1 DAGs
[2024-05-06T10:21:20.068-0500] {logging_mixin.py:188} INFO - [2024-05-06T10:21:20.068-0500] {dag.py:3954} INFO - Setting next_dagrun for scenario_two_v3 to 2024-05-06 00:00:00+00:00, run_after=2024-05-07 00:00:00+00:00
[2024-05-06T10:21:20.074-0500] {processor.py:183} INFO - Processing /Users/nestoralfaro/Desktop/pbi-scenario-two/dags/dotnet_dag.py took 0.066 seconds
[2024-05-06T10:21:50.996-0500] {processor.py:161} INFO - Started process (PID=28376) to work on /Users/nestoralfaro/Desktop/pbi-scenario-two/dags/dotnet_dag.py
[2024-05-06T10:21:50.998-0500] {processor.py:830} INFO - Processing file /Users/nestoralfaro/Desktop/pbi-scenario-two/dags/dotnet_dag.py for tasks to queue
[2024-05-06T10:21:50.998-0500] {logging_mixin.py:188} INFO - [2024-05-06T10:21:50.998-0500] {dagbag.py:540} INFO - Filling up the DagBag from /Users/nestoralfaro/Desktop/pbi-scenario-two/dags/dotnet_dag.py
[2024-05-06T10:21:51.004-0500] {processor.py:840} INFO - DAG(s) 'scenario_two_v3' retrieved from /Users/nestoralfaro/Desktop/pbi-scenario-two/dags/dotnet_dag.py
[2024-05-06T10:21:51.050-0500] {logging_mixin.py:188} INFO - [2024-05-06T10:21:51.050-0500] {dag.py:3096} INFO - Sync 1 DAGs
[2024-05-06T10:21:51.057-0500] {logging_mixin.py:188} INFO - [2024-05-06T10:21:51.057-0500] {dag.py:3954} INFO - Setting next_dagrun for scenario_two_v3 to 2024-05-06 00:00:00+00:00, run_after=2024-05-07 00:00:00+00:00
[2024-05-06T10:21:51.063-0500] {processor.py:183} INFO - Processing /Users/nestoralfaro/Desktop/pbi-scenario-two/dags/dotnet_dag.py took 0.069 seconds
[2024-05-06T10:22:22.013-0500] {processor.py:161} INFO - Started process (PID=28379) to work on /Users/nestoralfaro/Desktop/pbi-scenario-two/dags/dotnet_dag.py
[2024-05-06T10:22:22.015-0500] {processor.py:830} INFO - Processing file /Users/nestoralfaro/Desktop/pbi-scenario-two/dags/dotnet_dag.py for tasks to queue
[2024-05-06T10:22:22.015-0500] {logging_mixin.py:188} INFO - [2024-05-06T10:22:22.015-0500] {dagbag.py:540} INFO - Filling up the DagBag from /Users/nestoralfaro/Desktop/pbi-scenario-two/dags/dotnet_dag.py
[2024-05-06T10:22:22.021-0500] {processor.py:840} INFO - DAG(s) 'scenario_two_v3' retrieved from /Users/nestoralfaro/Desktop/pbi-scenario-two/dags/dotnet_dag.py
[2024-05-06T10:22:22.067-0500] {logging_mixin.py:188} INFO - [2024-05-06T10:22:22.067-0500] {dag.py:3096} INFO - Sync 1 DAGs
[2024-05-06T10:22:22.074-0500] {logging_mixin.py:188} INFO - [2024-05-06T10:22:22.074-0500] {dag.py:3954} INFO - Setting next_dagrun for scenario_two_v3 to 2024-05-06 00:00:00+00:00, run_after=2024-05-07 00:00:00+00:00
[2024-05-06T10:22:22.080-0500] {processor.py:183} INFO - Processing /Users/nestoralfaro/Desktop/pbi-scenario-two/dags/dotnet_dag.py took 0.069 seconds
[2024-05-06T10:22:53.053-0500] {processor.py:161} INFO - Started process (PID=28382) to work on /Users/nestoralfaro/Desktop/pbi-scenario-two/dags/dotnet_dag.py
[2024-05-06T10:22:53.055-0500] {processor.py:830} INFO - Processing file /Users/nestoralfaro/Desktop/pbi-scenario-two/dags/dotnet_dag.py for tasks to queue
[2024-05-06T10:22:53.055-0500] {logging_mixin.py:188} INFO - [2024-05-06T10:22:53.055-0500] {dagbag.py:540} INFO - Filling up the DagBag from /Users/nestoralfaro/Desktop/pbi-scenario-two/dags/dotnet_dag.py
[2024-05-06T10:22:53.062-0500] {processor.py:840} INFO - DAG(s) 'scenario_two_v3' retrieved from /Users/nestoralfaro/Desktop/pbi-scenario-two/dags/dotnet_dag.py
[2024-05-06T10:22:53.108-0500] {logging_mixin.py:188} INFO - [2024-05-06T10:22:53.108-0500] {dag.py:3096} INFO - Sync 1 DAGs
[2024-05-06T10:22:53.114-0500] {logging_mixin.py:188} INFO - [2024-05-06T10:22:53.114-0500] {dag.py:3954} INFO - Setting next_dagrun for scenario_two_v3 to 2024-05-06 00:00:00+00:00, run_after=2024-05-07 00:00:00+00:00
[2024-05-06T10:22:53.121-0500] {processor.py:183} INFO - Processing /Users/nestoralfaro/Desktop/pbi-scenario-two/dags/dotnet_dag.py took 0.069 seconds
[2024-05-06T10:23:24.072-0500] {processor.py:161} INFO - Started process (PID=28383) to work on /Users/nestoralfaro/Desktop/pbi-scenario-two/dags/dotnet_dag.py
[2024-05-06T10:23:24.074-0500] {processor.py:830} INFO - Processing file /Users/nestoralfaro/Desktop/pbi-scenario-two/dags/dotnet_dag.py for tasks to queue
[2024-05-06T10:23:24.074-0500] {logging_mixin.py:188} INFO - [2024-05-06T10:23:24.074-0500] {dagbag.py:540} INFO - Filling up the DagBag from /Users/nestoralfaro/Desktop/pbi-scenario-two/dags/dotnet_dag.py
[2024-05-06T10:23:24.080-0500] {processor.py:840} INFO - DAG(s) 'scenario_two_v3' retrieved from /Users/nestoralfaro/Desktop/pbi-scenario-two/dags/dotnet_dag.py
[2024-05-06T10:23:24.125-0500] {logging_mixin.py:188} INFO - [2024-05-06T10:23:24.125-0500] {dag.py:3096} INFO - Sync 1 DAGs
[2024-05-06T10:23:24.132-0500] {logging_mixin.py:188} INFO - [2024-05-06T10:23:24.132-0500] {dag.py:3954} INFO - Setting next_dagrun for scenario_two_v3 to 2024-05-06 00:00:00+00:00, run_after=2024-05-07 00:00:00+00:00
[2024-05-06T10:23:24.138-0500] {processor.py:183} INFO - Processing /Users/nestoralfaro/Desktop/pbi-scenario-two/dags/dotnet_dag.py took 0.068 seconds
[2024-05-06T10:23:55.084-0500] {processor.py:161} INFO - Started process (PID=28385) to work on /Users/nestoralfaro/Desktop/pbi-scenario-two/dags/dotnet_dag.py
[2024-05-06T10:23:55.086-0500] {processor.py:830} INFO - Processing file /Users/nestoralfaro/Desktop/pbi-scenario-two/dags/dotnet_dag.py for tasks to queue
[2024-05-06T10:23:55.087-0500] {logging_mixin.py:188} INFO - [2024-05-06T10:23:55.086-0500] {dagbag.py:540} INFO - Filling up the DagBag from /Users/nestoralfaro/Desktop/pbi-scenario-two/dags/dotnet_dag.py
[2024-05-06T10:23:55.093-0500] {processor.py:840} INFO - DAG(s) 'scenario_two_v3' retrieved from /Users/nestoralfaro/Desktop/pbi-scenario-two/dags/dotnet_dag.py
[2024-05-06T10:23:55.140-0500] {logging_mixin.py:188} INFO - [2024-05-06T10:23:55.140-0500] {dag.py:3096} INFO - Sync 1 DAGs
[2024-05-06T10:23:55.147-0500] {logging_mixin.py:188} INFO - [2024-05-06T10:23:55.147-0500] {dag.py:3954} INFO - Setting next_dagrun for scenario_two_v3 to 2024-05-06 00:00:00+00:00, run_after=2024-05-07 00:00:00+00:00
[2024-05-06T10:23:55.155-0500] {processor.py:183} INFO - Processing /Users/nestoralfaro/Desktop/pbi-scenario-two/dags/dotnet_dag.py took 0.072 seconds
[2024-05-06T10:24:26.106-0500] {processor.py:161} INFO - Started process (PID=28390) to work on /Users/nestoralfaro/Desktop/pbi-scenario-two/dags/dotnet_dag.py
[2024-05-06T10:24:26.108-0500] {processor.py:830} INFO - Processing file /Users/nestoralfaro/Desktop/pbi-scenario-two/dags/dotnet_dag.py for tasks to queue
[2024-05-06T10:24:26.109-0500] {logging_mixin.py:188} INFO - [2024-05-06T10:24:26.109-0500] {dagbag.py:540} INFO - Filling up the DagBag from /Users/nestoralfaro/Desktop/pbi-scenario-two/dags/dotnet_dag.py
[2024-05-06T10:24:26.115-0500] {processor.py:840} INFO - DAG(s) 'scenario_two_v3' retrieved from /Users/nestoralfaro/Desktop/pbi-scenario-two/dags/dotnet_dag.py
[2024-05-06T10:24:26.161-0500] {logging_mixin.py:188} INFO - [2024-05-06T10:24:26.161-0500] {dag.py:3096} INFO - Sync 1 DAGs
[2024-05-06T10:24:26.168-0500] {logging_mixin.py:188} INFO - [2024-05-06T10:24:26.168-0500] {dag.py:3954} INFO - Setting next_dagrun for scenario_two_v3 to 2024-05-06 00:00:00+00:00, run_after=2024-05-07 00:00:00+00:00
[2024-05-06T10:24:26.175-0500] {processor.py:183} INFO - Processing /Users/nestoralfaro/Desktop/pbi-scenario-two/dags/dotnet_dag.py took 0.070 seconds
[2024-05-06T10:24:57.110-0500] {processor.py:161} INFO - Started process (PID=28426) to work on /Users/nestoralfaro/Desktop/pbi-scenario-two/dags/dotnet_dag.py
[2024-05-06T10:24:57.112-0500] {processor.py:830} INFO - Processing file /Users/nestoralfaro/Desktop/pbi-scenario-two/dags/dotnet_dag.py for tasks to queue
[2024-05-06T10:24:57.112-0500] {logging_mixin.py:188} INFO - [2024-05-06T10:24:57.112-0500] {dagbag.py:540} INFO - Filling up the DagBag from /Users/nestoralfaro/Desktop/pbi-scenario-two/dags/dotnet_dag.py
[2024-05-06T10:24:57.117-0500] {processor.py:840} INFO - DAG(s) 'scenario_two_v3' retrieved from /Users/nestoralfaro/Desktop/pbi-scenario-two/dags/dotnet_dag.py
[2024-05-06T10:24:57.163-0500] {logging_mixin.py:188} INFO - [2024-05-06T10:24:57.163-0500] {dag.py:3096} INFO - Sync 1 DAGs
[2024-05-06T10:24:57.170-0500] {logging_mixin.py:188} INFO - [2024-05-06T10:24:57.170-0500] {dag.py:3954} INFO - Setting next_dagrun for scenario_two_v3 to 2024-05-06 00:00:00+00:00, run_after=2024-05-07 00:00:00+00:00
[2024-05-06T10:24:57.177-0500] {processor.py:183} INFO - Processing /Users/nestoralfaro/Desktop/pbi-scenario-two/dags/dotnet_dag.py took 0.069 seconds
[2024-05-06T10:25:28.123-0500] {processor.py:161} INFO - Started process (PID=28428) to work on /Users/nestoralfaro/Desktop/pbi-scenario-two/dags/dotnet_dag.py
[2024-05-06T10:25:28.125-0500] {processor.py:830} INFO - Processing file /Users/nestoralfaro/Desktop/pbi-scenario-two/dags/dotnet_dag.py for tasks to queue
[2024-05-06T10:25:28.125-0500] {logging_mixin.py:188} INFO - [2024-05-06T10:25:28.125-0500] {dagbag.py:540} INFO - Filling up the DagBag from /Users/nestoralfaro/Desktop/pbi-scenario-two/dags/dotnet_dag.py
[2024-05-06T10:25:28.131-0500] {processor.py:840} INFO - DAG(s) 'scenario_two_v3' retrieved from /Users/nestoralfaro/Desktop/pbi-scenario-two/dags/dotnet_dag.py
[2024-05-06T10:25:28.177-0500] {logging_mixin.py:188} INFO - [2024-05-06T10:25:28.177-0500] {dag.py:3096} INFO - Sync 1 DAGs
[2024-05-06T10:25:28.184-0500] {logging_mixin.py:188} INFO - [2024-05-06T10:25:28.184-0500] {dag.py:3954} INFO - Setting next_dagrun for scenario_two_v3 to 2024-05-06 00:00:00+00:00, run_after=2024-05-07 00:00:00+00:00
[2024-05-06T10:25:28.191-0500] {processor.py:183} INFO - Processing /Users/nestoralfaro/Desktop/pbi-scenario-two/dags/dotnet_dag.py took 0.069 seconds
[2024-05-06T10:25:58.911-0500] {processor.py:161} INFO - Started process (PID=28429) to work on /Users/nestoralfaro/Desktop/pbi-scenario-two/dags/dotnet_dag.py
[2024-05-06T10:25:58.912-0500] {processor.py:830} INFO - Processing file /Users/nestoralfaro/Desktop/pbi-scenario-two/dags/dotnet_dag.py for tasks to queue
[2024-05-06T10:25:58.913-0500] {logging_mixin.py:188} INFO - [2024-05-06T10:25:58.912-0500] {dagbag.py:540} INFO - Filling up the DagBag from /Users/nestoralfaro/Desktop/pbi-scenario-two/dags/dotnet_dag.py
[2024-05-06T10:25:58.916-0500] {processor.py:840} INFO - DAG(s) 'scenario_two_v3' retrieved from /Users/nestoralfaro/Desktop/pbi-scenario-two/dags/dotnet_dag.py
[2024-05-06T10:25:58.957-0500] {logging_mixin.py:188} INFO - [2024-05-06T10:25:58.957-0500] {dag.py:3096} INFO - Sync 1 DAGs
[2024-05-06T10:25:58.965-0500] {logging_mixin.py:188} INFO - [2024-05-06T10:25:58.965-0500] {dag.py:3954} INFO - Setting next_dagrun for scenario_two_v3 to 2024-05-06 00:00:00+00:00, run_after=2024-05-07 00:00:00+00:00
[2024-05-06T10:25:58.973-0500] {processor.py:183} INFO - Processing /Users/nestoralfaro/Desktop/pbi-scenario-two/dags/dotnet_dag.py took 0.063 seconds
[2024-05-06T10:26:29.713-0500] {processor.py:161} INFO - Started process (PID=28433) to work on /Users/nestoralfaro/Desktop/pbi-scenario-two/dags/dotnet_dag.py
[2024-05-06T10:26:29.714-0500] {processor.py:830} INFO - Processing file /Users/nestoralfaro/Desktop/pbi-scenario-two/dags/dotnet_dag.py for tasks to queue
[2024-05-06T10:26:29.714-0500] {logging_mixin.py:188} INFO - [2024-05-06T10:26:29.714-0500] {dagbag.py:540} INFO - Filling up the DagBag from /Users/nestoralfaro/Desktop/pbi-scenario-two/dags/dotnet_dag.py
[2024-05-06T10:26:29.718-0500] {processor.py:840} INFO - DAG(s) 'scenario_two_v3' retrieved from /Users/nestoralfaro/Desktop/pbi-scenario-two/dags/dotnet_dag.py
[2024-05-06T10:26:29.759-0500] {logging_mixin.py:188} INFO - [2024-05-06T10:26:29.759-0500] {dag.py:3096} INFO - Sync 1 DAGs
[2024-05-06T10:26:29.766-0500] {logging_mixin.py:188} INFO - [2024-05-06T10:26:29.766-0500] {dag.py:3954} INFO - Setting next_dagrun for scenario_two_v3 to 2024-05-06 00:00:00+00:00, run_after=2024-05-07 00:00:00+00:00
[2024-05-06T10:26:29.773-0500] {processor.py:183} INFO - Processing /Users/nestoralfaro/Desktop/pbi-scenario-two/dags/dotnet_dag.py took 0.062 seconds
[2024-05-06T10:27:00.494-0500] {processor.py:161} INFO - Started process (PID=28437) to work on /Users/nestoralfaro/Desktop/pbi-scenario-two/dags/dotnet_dag.py
[2024-05-06T10:27:00.495-0500] {processor.py:830} INFO - Processing file /Users/nestoralfaro/Desktop/pbi-scenario-two/dags/dotnet_dag.py for tasks to queue
[2024-05-06T10:27:00.495-0500] {logging_mixin.py:188} INFO - [2024-05-06T10:27:00.495-0500] {dagbag.py:540} INFO - Filling up the DagBag from /Users/nestoralfaro/Desktop/pbi-scenario-two/dags/dotnet_dag.py
[2024-05-06T10:27:00.499-0500] {processor.py:840} INFO - DAG(s) 'scenario_two_v3' retrieved from /Users/nestoralfaro/Desktop/pbi-scenario-two/dags/dotnet_dag.py
[2024-05-06T10:27:00.539-0500] {logging_mixin.py:188} INFO - [2024-05-06T10:27:00.539-0500] {dag.py:3096} INFO - Sync 1 DAGs
[2024-05-06T10:27:00.546-0500] {logging_mixin.py:188} INFO - [2024-05-06T10:27:00.546-0500] {dag.py:3954} INFO - Setting next_dagrun for scenario_two_v3 to 2024-05-06 00:00:00+00:00, run_after=2024-05-07 00:00:00+00:00
[2024-05-06T10:27:00.553-0500] {processor.py:183} INFO - Processing /Users/nestoralfaro/Desktop/pbi-scenario-two/dags/dotnet_dag.py took 0.060 seconds
[2024-05-06T10:27:31.485-0500] {processor.py:161} INFO - Started process (PID=28443) to work on /Users/nestoralfaro/Desktop/pbi-scenario-two/dags/dotnet_dag.py
[2024-05-06T10:27:31.487-0500] {processor.py:830} INFO - Processing file /Users/nestoralfaro/Desktop/pbi-scenario-two/dags/dotnet_dag.py for tasks to queue
[2024-05-06T10:27:31.488-0500] {logging_mixin.py:188} INFO - [2024-05-06T10:27:31.488-0500] {dagbag.py:540} INFO - Filling up the DagBag from /Users/nestoralfaro/Desktop/pbi-scenario-two/dags/dotnet_dag.py
[2024-05-06T10:27:31.493-0500] {processor.py:840} INFO - DAG(s) 'scenario_two_v3' retrieved from /Users/nestoralfaro/Desktop/pbi-scenario-two/dags/dotnet_dag.py
[2024-05-06T10:27:31.538-0500] {logging_mixin.py:188} INFO - [2024-05-06T10:27:31.538-0500] {dag.py:3096} INFO - Sync 1 DAGs
[2024-05-06T10:27:31.545-0500] {logging_mixin.py:188} INFO - [2024-05-06T10:27:31.545-0500] {dag.py:3954} INFO - Setting next_dagrun for scenario_two_v3 to 2024-05-06 00:00:00+00:00, run_after=2024-05-07 00:00:00+00:00
[2024-05-06T10:27:31.552-0500] {processor.py:183} INFO - Processing /Users/nestoralfaro/Desktop/pbi-scenario-two/dags/dotnet_dag.py took 0.068 seconds
[2024-05-06T10:28:02.311-0500] {processor.py:161} INFO - Started process (PID=28450) to work on /Users/nestoralfaro/Desktop/pbi-scenario-two/dags/dotnet_dag.py
[2024-05-06T10:28:02.312-0500] {processor.py:830} INFO - Processing file /Users/nestoralfaro/Desktop/pbi-scenario-two/dags/dotnet_dag.py for tasks to queue
[2024-05-06T10:28:02.312-0500] {logging_mixin.py:188} INFO - [2024-05-06T10:28:02.312-0500] {dagbag.py:540} INFO - Filling up the DagBag from /Users/nestoralfaro/Desktop/pbi-scenario-two/dags/dotnet_dag.py
[2024-05-06T10:28:02.316-0500] {processor.py:840} INFO - DAG(s) 'scenario_two_v3' retrieved from /Users/nestoralfaro/Desktop/pbi-scenario-two/dags/dotnet_dag.py
[2024-05-06T10:28:02.357-0500] {logging_mixin.py:188} INFO - [2024-05-06T10:28:02.357-0500] {dag.py:3096} INFO - Sync 1 DAGs
[2024-05-06T10:28:02.364-0500] {logging_mixin.py:188} INFO - [2024-05-06T10:28:02.364-0500] {dag.py:3954} INFO - Setting next_dagrun for scenario_two_v3 to 2024-05-06 00:00:00+00:00, run_after=2024-05-07 00:00:00+00:00
[2024-05-06T10:28:02.371-0500] {processor.py:183} INFO - Processing /Users/nestoralfaro/Desktop/pbi-scenario-two/dags/dotnet_dag.py took 0.062 seconds
[2024-05-06T10:28:33.237-0500] {processor.py:161} INFO - Started process (PID=28469) to work on /Users/nestoralfaro/Desktop/pbi-scenario-two/dags/dotnet_dag.py
[2024-05-06T10:28:33.239-0500] {processor.py:830} INFO - Processing file /Users/nestoralfaro/Desktop/pbi-scenario-two/dags/dotnet_dag.py for tasks to queue
[2024-05-06T10:28:33.239-0500] {logging_mixin.py:188} INFO - [2024-05-06T10:28:33.239-0500] {dagbag.py:540} INFO - Filling up the DagBag from /Users/nestoralfaro/Desktop/pbi-scenario-two/dags/dotnet_dag.py
[2024-05-06T10:28:33.242-0500] {processor.py:840} INFO - DAG(s) 'scenario_two_v3' retrieved from /Users/nestoralfaro/Desktop/pbi-scenario-two/dags/dotnet_dag.py
[2024-05-06T10:28:33.286-0500] {logging_mixin.py:188} INFO - [2024-05-06T10:28:33.285-0500] {dag.py:3096} INFO - Sync 1 DAGs
[2024-05-06T10:28:33.292-0500] {logging_mixin.py:188} INFO - [2024-05-06T10:28:33.292-0500] {dag.py:3954} INFO - Setting next_dagrun for scenario_two_v3 to 2024-05-06 00:00:00+00:00, run_after=2024-05-07 00:00:00+00:00
[2024-05-06T10:28:33.298-0500] {processor.py:183} INFO - Processing /Users/nestoralfaro/Desktop/pbi-scenario-two/dags/dotnet_dag.py took 0.062 seconds
[2024-05-06T10:29:04.128-0500] {processor.py:161} INFO - Started process (PID=28470) to work on /Users/nestoralfaro/Desktop/pbi-scenario-two/dags/dotnet_dag.py
[2024-05-06T10:29:04.130-0500] {processor.py:830} INFO - Processing file /Users/nestoralfaro/Desktop/pbi-scenario-two/dags/dotnet_dag.py for tasks to queue
[2024-05-06T10:29:04.130-0500] {logging_mixin.py:188} INFO - [2024-05-06T10:29:04.130-0500] {dagbag.py:540} INFO - Filling up the DagBag from /Users/nestoralfaro/Desktop/pbi-scenario-two/dags/dotnet_dag.py
[2024-05-06T10:29:04.133-0500] {processor.py:840} INFO - DAG(s) 'scenario_two_v3' retrieved from /Users/nestoralfaro/Desktop/pbi-scenario-two/dags/dotnet_dag.py
[2024-05-06T10:29:04.173-0500] {logging_mixin.py:188} INFO - [2024-05-06T10:29:04.173-0500] {dag.py:3096} INFO - Sync 1 DAGs
[2024-05-06T10:29:04.180-0500] {logging_mixin.py:188} INFO - [2024-05-06T10:29:04.180-0500] {dag.py:3954} INFO - Setting next_dagrun for scenario_two_v3 to 2024-05-06 00:00:00+00:00, run_after=2024-05-07 00:00:00+00:00
[2024-05-06T10:29:04.187-0500] {processor.py:183} INFO - Processing /Users/nestoralfaro/Desktop/pbi-scenario-two/dags/dotnet_dag.py took 0.060 seconds
[2024-05-06T10:29:34.999-0500] {processor.py:161} INFO - Started process (PID=28472) to work on /Users/nestoralfaro/Desktop/pbi-scenario-two/dags/dotnet_dag.py
[2024-05-06T10:29:35.000-0500] {processor.py:830} INFO - Processing file /Users/nestoralfaro/Desktop/pbi-scenario-two/dags/dotnet_dag.py for tasks to queue
[2024-05-06T10:29:35.000-0500] {logging_mixin.py:188} INFO - [2024-05-06T10:29:35.000-0500] {dagbag.py:540} INFO - Filling up the DagBag from /Users/nestoralfaro/Desktop/pbi-scenario-two/dags/dotnet_dag.py
[2024-05-06T10:29:35.004-0500] {processor.py:840} INFO - DAG(s) 'scenario_two_v3' retrieved from /Users/nestoralfaro/Desktop/pbi-scenario-two/dags/dotnet_dag.py
[2024-05-06T10:29:35.044-0500] {logging_mixin.py:188} INFO - [2024-05-06T10:29:35.044-0500] {dag.py:3096} INFO - Sync 1 DAGs
[2024-05-06T10:29:35.051-0500] {logging_mixin.py:188} INFO - [2024-05-06T10:29:35.051-0500] {dag.py:3954} INFO - Setting next_dagrun for scenario_two_v3 to 2024-05-06 00:00:00+00:00, run_after=2024-05-07 00:00:00+00:00
[2024-05-06T10:29:35.058-0500] {processor.py:183} INFO - Processing /Users/nestoralfaro/Desktop/pbi-scenario-two/dags/dotnet_dag.py took 0.061 seconds
[2024-05-06T10:30:05.885-0500] {processor.py:161} INFO - Started process (PID=28474) to work on /Users/nestoralfaro/Desktop/pbi-scenario-two/dags/dotnet_dag.py
[2024-05-06T10:30:05.886-0500] {processor.py:830} INFO - Processing file /Users/nestoralfaro/Desktop/pbi-scenario-two/dags/dotnet_dag.py for tasks to queue
[2024-05-06T10:30:05.887-0500] {logging_mixin.py:188} INFO - [2024-05-06T10:30:05.887-0500] {dagbag.py:540} INFO - Filling up the DagBag from /Users/nestoralfaro/Desktop/pbi-scenario-two/dags/dotnet_dag.py
[2024-05-06T10:30:05.890-0500] {processor.py:840} INFO - DAG(s) 'scenario_two_v3' retrieved from /Users/nestoralfaro/Desktop/pbi-scenario-two/dags/dotnet_dag.py
[2024-05-06T10:30:05.931-0500] {logging_mixin.py:188} INFO - [2024-05-06T10:30:05.931-0500] {dag.py:3096} INFO - Sync 1 DAGs
[2024-05-06T10:30:05.939-0500] {logging_mixin.py:188} INFO - [2024-05-06T10:30:05.938-0500] {dag.py:3954} INFO - Setting next_dagrun for scenario_two_v3 to 2024-05-06 00:00:00+00:00, run_after=2024-05-07 00:00:00+00:00
[2024-05-06T10:30:05.946-0500] {processor.py:183} INFO - Processing /Users/nestoralfaro/Desktop/pbi-scenario-two/dags/dotnet_dag.py took 0.063 seconds
[2024-05-06T10:30:36.854-0500] {processor.py:161} INFO - Started process (PID=28476) to work on /Users/nestoralfaro/Desktop/pbi-scenario-two/dags/dotnet_dag.py
[2024-05-06T10:30:36.856-0500] {processor.py:830} INFO - Processing file /Users/nestoralfaro/Desktop/pbi-scenario-two/dags/dotnet_dag.py for tasks to queue
[2024-05-06T10:30:36.856-0500] {logging_mixin.py:188} INFO - [2024-05-06T10:30:36.856-0500] {dagbag.py:540} INFO - Filling up the DagBag from /Users/nestoralfaro/Desktop/pbi-scenario-two/dags/dotnet_dag.py
[2024-05-06T10:30:36.862-0500] {processor.py:840} INFO - DAG(s) 'scenario_two_v3' retrieved from /Users/nestoralfaro/Desktop/pbi-scenario-two/dags/dotnet_dag.py
[2024-05-06T10:30:36.909-0500] {logging_mixin.py:188} INFO - [2024-05-06T10:30:36.908-0500] {dag.py:3096} INFO - Sync 1 DAGs
[2024-05-06T10:30:36.915-0500] {logging_mixin.py:188} INFO - [2024-05-06T10:30:36.915-0500] {dag.py:3954} INFO - Setting next_dagrun for scenario_two_v3 to 2024-05-06 00:00:00+00:00, run_after=2024-05-07 00:00:00+00:00
[2024-05-06T10:30:36.922-0500] {processor.py:183} INFO - Processing /Users/nestoralfaro/Desktop/pbi-scenario-two/dags/dotnet_dag.py took 0.069 seconds
[2024-05-06T10:31:09.347-0500] {processor.py:161} INFO - Started process (PID=28495) to work on /Users/nestoralfaro/Desktop/pbi-scenario-two/dags/dotnet_dag.py
[2024-05-06T10:31:09.348-0500] {processor.py:830} INFO - Processing file /Users/nestoralfaro/Desktop/pbi-scenario-two/dags/dotnet_dag.py for tasks to queue
[2024-05-06T10:31:09.349-0500] {logging_mixin.py:188} INFO - [2024-05-06T10:31:09.349-0500] {dagbag.py:540} INFO - Filling up the DagBag from /Users/nestoralfaro/Desktop/pbi-scenario-two/dags/dotnet_dag.py
[2024-05-06T10:31:09.353-0500] {processor.py:840} INFO - DAG(s) 'scenario_two_v3' retrieved from /Users/nestoralfaro/Desktop/pbi-scenario-two/dags/dotnet_dag.py
[2024-05-06T10:31:09.398-0500] {logging_mixin.py:188} INFO - [2024-05-06T10:31:09.398-0500] {dag.py:3096} INFO - Sync 1 DAGs
[2024-05-06T10:31:09.405-0500] {logging_mixin.py:188} INFO - [2024-05-06T10:31:09.405-0500] {dag.py:3954} INFO - Setting next_dagrun for scenario_two_v3 to 2024-05-06 00:00:00+00:00, run_after=2024-05-07 00:00:00+00:00
[2024-05-06T10:31:09.413-0500] {processor.py:183} INFO - Processing /Users/nestoralfaro/Desktop/pbi-scenario-two/dags/dotnet_dag.py took 0.067 seconds
[2024-05-06T10:31:40.871-0500] {processor.py:161} INFO - Started process (PID=28505) to work on /Users/nestoralfaro/Desktop/pbi-scenario-two/dags/dotnet_dag.py
[2024-05-06T10:31:40.873-0500] {processor.py:830} INFO - Processing file /Users/nestoralfaro/Desktop/pbi-scenario-two/dags/dotnet_dag.py for tasks to queue
[2024-05-06T10:31:40.873-0500] {logging_mixin.py:188} INFO - [2024-05-06T10:31:40.873-0500] {dagbag.py:540} INFO - Filling up the DagBag from /Users/nestoralfaro/Desktop/pbi-scenario-two/dags/dotnet_dag.py
[2024-05-06T10:31:40.879-0500] {processor.py:840} INFO - DAG(s) 'scenario_two_v3' retrieved from /Users/nestoralfaro/Desktop/pbi-scenario-two/dags/dotnet_dag.py
[2024-05-06T10:31:40.924-0500] {logging_mixin.py:188} INFO - [2024-05-06T10:31:40.923-0500] {dag.py:3096} INFO - Sync 1 DAGs
[2024-05-06T10:31:40.930-0500] {logging_mixin.py:188} INFO - [2024-05-06T10:31:40.930-0500] {dag.py:3954} INFO - Setting next_dagrun for scenario_two_v3 to 2024-05-06 00:00:00+00:00, run_after=2024-05-07 00:00:00+00:00
[2024-05-06T10:31:40.937-0500] {processor.py:183} INFO - Processing /Users/nestoralfaro/Desktop/pbi-scenario-two/dags/dotnet_dag.py took 0.066 seconds
[2024-05-06T10:32:12.425-0500] {processor.py:161} INFO - Started process (PID=28518) to work on /Users/nestoralfaro/Desktop/pbi-scenario-two/dags/dotnet_dag.py
[2024-05-06T10:32:12.427-0500] {processor.py:830} INFO - Processing file /Users/nestoralfaro/Desktop/pbi-scenario-two/dags/dotnet_dag.py for tasks to queue
[2024-05-06T10:32:12.427-0500] {logging_mixin.py:188} INFO - [2024-05-06T10:32:12.427-0500] {dagbag.py:540} INFO - Filling up the DagBag from /Users/nestoralfaro/Desktop/pbi-scenario-two/dags/dotnet_dag.py
[2024-05-06T10:32:12.431-0500] {processor.py:840} INFO - DAG(s) 'scenario_two_v3' retrieved from /Users/nestoralfaro/Desktop/pbi-scenario-two/dags/dotnet_dag.py
[2024-05-06T10:32:12.476-0500] {logging_mixin.py:188} INFO - [2024-05-06T10:32:12.476-0500] {dag.py:3096} INFO - Sync 1 DAGs
[2024-05-06T10:32:12.483-0500] {logging_mixin.py:188} INFO - [2024-05-06T10:32:12.483-0500] {dag.py:3954} INFO - Setting next_dagrun for scenario_two_v3 to 2024-05-06 00:00:00+00:00, run_after=2024-05-07 00:00:00+00:00
[2024-05-06T10:32:12.490-0500] {processor.py:183} INFO - Processing /Users/nestoralfaro/Desktop/pbi-scenario-two/dags/dotnet_dag.py took 0.066 seconds
[2024-05-06T10:32:43.494-0500] {processor.py:161} INFO - Started process (PID=28527) to work on /Users/nestoralfaro/Desktop/pbi-scenario-two/dags/dotnet_dag.py
[2024-05-06T10:32:43.495-0500] {processor.py:830} INFO - Processing file /Users/nestoralfaro/Desktop/pbi-scenario-two/dags/dotnet_dag.py for tasks to queue
[2024-05-06T10:32:43.495-0500] {logging_mixin.py:188} INFO - [2024-05-06T10:32:43.495-0500] {dagbag.py:540} INFO - Filling up the DagBag from /Users/nestoralfaro/Desktop/pbi-scenario-two/dags/dotnet_dag.py
[2024-05-06T10:32:43.499-0500] {processor.py:840} INFO - DAG(s) 'scenario_two_v3' retrieved from /Users/nestoralfaro/Desktop/pbi-scenario-two/dags/dotnet_dag.py
[2024-05-06T10:32:43.543-0500] {logging_mixin.py:188} INFO - [2024-05-06T10:32:43.542-0500] {dag.py:3096} INFO - Sync 1 DAGs
[2024-05-06T10:32:43.550-0500] {logging_mixin.py:188} INFO - [2024-05-06T10:32:43.549-0500] {dag.py:3954} INFO - Setting next_dagrun for scenario_two_v3 to 2024-05-06 00:00:00+00:00, run_after=2024-05-07 00:00:00+00:00
[2024-05-06T10:32:43.556-0500] {processor.py:183} INFO - Processing /Users/nestoralfaro/Desktop/pbi-scenario-two/dags/dotnet_dag.py took 0.064 seconds
[2024-05-06T10:33:14.818-0500] {processor.py:161} INFO - Started process (PID=28528) to work on /Users/nestoralfaro/Desktop/pbi-scenario-two/dags/dotnet_dag.py
[2024-05-06T10:33:14.820-0500] {processor.py:830} INFO - Processing file /Users/nestoralfaro/Desktop/pbi-scenario-two/dags/dotnet_dag.py for tasks to queue
[2024-05-06T10:33:14.820-0500] {logging_mixin.py:188} INFO - [2024-05-06T10:33:14.820-0500] {dagbag.py:540} INFO - Filling up the DagBag from /Users/nestoralfaro/Desktop/pbi-scenario-two/dags/dotnet_dag.py
[2024-05-06T10:33:14.824-0500] {processor.py:840} INFO - DAG(s) 'scenario_two_v3' retrieved from /Users/nestoralfaro/Desktop/pbi-scenario-two/dags/dotnet_dag.py
[2024-05-06T10:33:14.866-0500] {logging_mixin.py:188} INFO - [2024-05-06T10:33:14.865-0500] {dag.py:3096} INFO - Sync 1 DAGs
[2024-05-06T10:33:14.872-0500] {logging_mixin.py:188} INFO - [2024-05-06T10:33:14.872-0500] {dag.py:3954} INFO - Setting next_dagrun for scenario_two_v3 to 2024-05-06 00:00:00+00:00, run_after=2024-05-07 00:00:00+00:00
[2024-05-06T10:33:14.879-0500] {processor.py:183} INFO - Processing /Users/nestoralfaro/Desktop/pbi-scenario-two/dags/dotnet_dag.py took 0.062 seconds
[2024-05-06T10:33:45.918-0500] {processor.py:161} INFO - Started process (PID=28529) to work on /Users/nestoralfaro/Desktop/pbi-scenario-two/dags/dotnet_dag.py
[2024-05-06T10:33:45.920-0500] {processor.py:830} INFO - Processing file /Users/nestoralfaro/Desktop/pbi-scenario-two/dags/dotnet_dag.py for tasks to queue
[2024-05-06T10:33:45.920-0500] {logging_mixin.py:188} INFO - [2024-05-06T10:33:45.920-0500] {dagbag.py:540} INFO - Filling up the DagBag from /Users/nestoralfaro/Desktop/pbi-scenario-two/dags/dotnet_dag.py
[2024-05-06T10:33:45.924-0500] {processor.py:840} INFO - DAG(s) 'scenario_two_v3' retrieved from /Users/nestoralfaro/Desktop/pbi-scenario-two/dags/dotnet_dag.py
[2024-05-06T10:33:45.972-0500] {logging_mixin.py:188} INFO - [2024-05-06T10:33:45.972-0500] {dag.py:3096} INFO - Sync 1 DAGs
[2024-05-06T10:33:45.979-0500] {logging_mixin.py:188} INFO - [2024-05-06T10:33:45.979-0500] {dag.py:3954} INFO - Setting next_dagrun for scenario_two_v3 to 2024-05-06 00:00:00+00:00, run_after=2024-05-07 00:00:00+00:00
[2024-05-06T10:33:45.986-0500] {processor.py:183} INFO - Processing /Users/nestoralfaro/Desktop/pbi-scenario-two/dags/dotnet_dag.py took 0.069 seconds
[2024-05-06T10:34:16.984-0500] {processor.py:161} INFO - Started process (PID=28531) to work on /Users/nestoralfaro/Desktop/pbi-scenario-two/dags/dotnet_dag.py
[2024-05-06T10:34:16.986-0500] {processor.py:830} INFO - Processing file /Users/nestoralfaro/Desktop/pbi-scenario-two/dags/dotnet_dag.py for tasks to queue
[2024-05-06T10:34:16.986-0500] {logging_mixin.py:188} INFO - [2024-05-06T10:34:16.986-0500] {dagbag.py:540} INFO - Filling up the DagBag from /Users/nestoralfaro/Desktop/pbi-scenario-two/dags/dotnet_dag.py
[2024-05-06T10:34:16.992-0500] {processor.py:840} INFO - DAG(s) 'scenario_two_v3' retrieved from /Users/nestoralfaro/Desktop/pbi-scenario-two/dags/dotnet_dag.py
[2024-05-06T10:34:17.037-0500] {logging_mixin.py:188} INFO - [2024-05-06T10:34:17.037-0500] {dag.py:3096} INFO - Sync 1 DAGs
[2024-05-06T10:34:17.044-0500] {logging_mixin.py:188} INFO - [2024-05-06T10:34:17.043-0500] {dag.py:3954} INFO - Setting next_dagrun for scenario_two_v3 to 2024-05-06 00:00:00+00:00, run_after=2024-05-07 00:00:00+00:00
[2024-05-06T10:34:17.050-0500] {processor.py:183} INFO - Processing /Users/nestoralfaro/Desktop/pbi-scenario-two/dags/dotnet_dag.py took 0.067 seconds
[2024-05-06T10:34:48.146-0500] {processor.py:161} INFO - Started process (PID=28533) to work on /Users/nestoralfaro/Desktop/pbi-scenario-two/dags/dotnet_dag.py
[2024-05-06T10:34:48.148-0500] {processor.py:830} INFO - Processing file /Users/nestoralfaro/Desktop/pbi-scenario-two/dags/dotnet_dag.py for tasks to queue
[2024-05-06T10:34:48.149-0500] {logging_mixin.py:188} INFO - [2024-05-06T10:34:48.148-0500] {dagbag.py:540} INFO - Filling up the DagBag from /Users/nestoralfaro/Desktop/pbi-scenario-two/dags/dotnet_dag.py
[2024-05-06T10:34:48.155-0500] {processor.py:840} INFO - DAG(s) 'scenario_two_v3' retrieved from /Users/nestoralfaro/Desktop/pbi-scenario-two/dags/dotnet_dag.py
[2024-05-06T10:34:48.201-0500] {logging_mixin.py:188} INFO - [2024-05-06T10:34:48.200-0500] {dag.py:3096} INFO - Sync 1 DAGs
[2024-05-06T10:34:48.207-0500] {logging_mixin.py:188} INFO - [2024-05-06T10:34:48.207-0500] {dag.py:3954} INFO - Setting next_dagrun for scenario_two_v3 to 2024-05-06 00:00:00+00:00, run_after=2024-05-07 00:00:00+00:00
[2024-05-06T10:34:48.214-0500] {processor.py:183} INFO - Processing /Users/nestoralfaro/Desktop/pbi-scenario-two/dags/dotnet_dag.py took 0.069 seconds
[2024-05-06T10:35:19.120-0500] {processor.py:161} INFO - Started process (PID=28536) to work on /Users/nestoralfaro/Desktop/pbi-scenario-two/dags/dotnet_dag.py
[2024-05-06T10:35:19.122-0500] {processor.py:830} INFO - Processing file /Users/nestoralfaro/Desktop/pbi-scenario-two/dags/dotnet_dag.py for tasks to queue
[2024-05-06T10:35:19.122-0500] {logging_mixin.py:188} INFO - [2024-05-06T10:35:19.122-0500] {dagbag.py:540} INFO - Filling up the DagBag from /Users/nestoralfaro/Desktop/pbi-scenario-two/dags/dotnet_dag.py
[2024-05-06T10:35:19.128-0500] {processor.py:840} INFO - DAG(s) 'scenario_two_v3' retrieved from /Users/nestoralfaro/Desktop/pbi-scenario-two/dags/dotnet_dag.py
[2024-05-06T10:35:19.172-0500] {logging_mixin.py:188} INFO - [2024-05-06T10:35:19.172-0500] {dag.py:3096} INFO - Sync 1 DAGs
[2024-05-06T10:35:19.179-0500] {logging_mixin.py:188} INFO - [2024-05-06T10:35:19.179-0500] {dag.py:3954} INFO - Setting next_dagrun for scenario_two_v3 to 2024-05-06 00:00:00+00:00, run_after=2024-05-07 00:00:00+00:00
[2024-05-06T10:35:19.185-0500] {processor.py:183} INFO - Processing /Users/nestoralfaro/Desktop/pbi-scenario-two/dags/dotnet_dag.py took 0.067 seconds
[2024-05-06T10:35:50.292-0500] {processor.py:161} INFO - Started process (PID=28552) to work on /Users/nestoralfaro/Desktop/pbi-scenario-two/dags/dotnet_dag.py
[2024-05-06T10:35:50.294-0500] {processor.py:830} INFO - Processing file /Users/nestoralfaro/Desktop/pbi-scenario-two/dags/dotnet_dag.py for tasks to queue
[2024-05-06T10:35:50.294-0500] {logging_mixin.py:188} INFO - [2024-05-06T10:35:50.294-0500] {dagbag.py:540} INFO - Filling up the DagBag from /Users/nestoralfaro/Desktop/pbi-scenario-two/dags/dotnet_dag.py
[2024-05-06T10:35:50.300-0500] {processor.py:840} INFO - DAG(s) 'scenario_two_v3' retrieved from /Users/nestoralfaro/Desktop/pbi-scenario-two/dags/dotnet_dag.py
[2024-05-06T10:35:50.345-0500] {logging_mixin.py:188} INFO - [2024-05-06T10:35:50.345-0500] {dag.py:3096} INFO - Sync 1 DAGs
[2024-05-06T10:35:50.351-0500] {logging_mixin.py:188} INFO - [2024-05-06T10:35:50.351-0500] {dag.py:3954} INFO - Setting next_dagrun for scenario_two_v3 to 2024-05-06 00:00:00+00:00, run_after=2024-05-07 00:00:00+00:00
[2024-05-06T10:35:50.358-0500] {processor.py:183} INFO - Processing /Users/nestoralfaro/Desktop/pbi-scenario-two/dags/dotnet_dag.py took 0.067 seconds
[2024-05-06T10:36:21.148-0500] {processor.py:161} INFO - Started process (PID=28554) to work on /Users/nestoralfaro/Desktop/pbi-scenario-two/dags/dotnet_dag.py
[2024-05-06T10:36:21.149-0500] {processor.py:830} INFO - Processing file /Users/nestoralfaro/Desktop/pbi-scenario-two/dags/dotnet_dag.py for tasks to queue
[2024-05-06T10:36:21.149-0500] {logging_mixin.py:188} INFO - [2024-05-06T10:36:21.149-0500] {dagbag.py:540} INFO - Filling up the DagBag from /Users/nestoralfaro/Desktop/pbi-scenario-two/dags/dotnet_dag.py
[2024-05-06T10:36:21.153-0500] {processor.py:840} INFO - DAG(s) 'scenario_two_v3' retrieved from /Users/nestoralfaro/Desktop/pbi-scenario-two/dags/dotnet_dag.py
[2024-05-06T10:36:21.194-0500] {logging_mixin.py:188} INFO - [2024-05-06T10:36:21.194-0500] {dag.py:3096} INFO - Sync 1 DAGs
[2024-05-06T10:36:21.201-0500] {logging_mixin.py:188} INFO - [2024-05-06T10:36:21.201-0500] {dag.py:3954} INFO - Setting next_dagrun for scenario_two_v3 to 2024-05-06 00:00:00+00:00, run_after=2024-05-07 00:00:00+00:00
[2024-05-06T10:36:21.208-0500] {processor.py:183} INFO - Processing /Users/nestoralfaro/Desktop/pbi-scenario-two/dags/dotnet_dag.py took 0.062 seconds
[2024-05-06T10:36:52.033-0500] {processor.py:161} INFO - Started process (PID=28555) to work on /Users/nestoralfaro/Desktop/pbi-scenario-two/dags/dotnet_dag.py
[2024-05-06T10:36:52.035-0500] {processor.py:830} INFO - Processing file /Users/nestoralfaro/Desktop/pbi-scenario-two/dags/dotnet_dag.py for tasks to queue
[2024-05-06T10:36:52.035-0500] {logging_mixin.py:188} INFO - [2024-05-06T10:36:52.035-0500] {dagbag.py:540} INFO - Filling up the DagBag from /Users/nestoralfaro/Desktop/pbi-scenario-two/dags/dotnet_dag.py
[2024-05-06T10:36:52.041-0500] {processor.py:840} INFO - DAG(s) 'scenario_two_v3' retrieved from /Users/nestoralfaro/Desktop/pbi-scenario-two/dags/dotnet_dag.py
[2024-05-06T10:36:52.086-0500] {logging_mixin.py:188} INFO - [2024-05-06T10:36:52.086-0500] {dag.py:3096} INFO - Sync 1 DAGs
[2024-05-06T10:36:52.093-0500] {logging_mixin.py:188} INFO - [2024-05-06T10:36:52.093-0500] {dag.py:3954} INFO - Setting next_dagrun for scenario_two_v3 to 2024-05-06 00:00:00+00:00, run_after=2024-05-07 00:00:00+00:00
[2024-05-06T10:36:52.099-0500] {processor.py:183} INFO - Processing /Users/nestoralfaro/Desktop/pbi-scenario-two/dags/dotnet_dag.py took 0.068 seconds
[2024-05-06T10:37:23.052-0500] {processor.py:161} INFO - Started process (PID=28556) to work on /Users/nestoralfaro/Desktop/pbi-scenario-two/dags/dotnet_dag.py
[2024-05-06T10:37:23.053-0500] {processor.py:830} INFO - Processing file /Users/nestoralfaro/Desktop/pbi-scenario-two/dags/dotnet_dag.py for tasks to queue
[2024-05-06T10:37:23.054-0500] {logging_mixin.py:188} INFO - [2024-05-06T10:37:23.054-0500] {dagbag.py:540} INFO - Filling up the DagBag from /Users/nestoralfaro/Desktop/pbi-scenario-two/dags/dotnet_dag.py
[2024-05-06T10:37:23.059-0500] {processor.py:840} INFO - DAG(s) 'scenario_two_v3' retrieved from /Users/nestoralfaro/Desktop/pbi-scenario-two/dags/dotnet_dag.py
[2024-05-06T10:37:23.105-0500] {logging_mixin.py:188} INFO - [2024-05-06T10:37:23.105-0500] {dag.py:3096} INFO - Sync 1 DAGs
[2024-05-06T10:37:23.112-0500] {logging_mixin.py:188} INFO - [2024-05-06T10:37:23.112-0500] {dag.py:3954} INFO - Setting next_dagrun for scenario_two_v3 to 2024-05-06 00:00:00+00:00, run_after=2024-05-07 00:00:00+00:00
[2024-05-06T10:37:23.118-0500] {processor.py:183} INFO - Processing /Users/nestoralfaro/Desktop/pbi-scenario-two/dags/dotnet_dag.py took 0.068 seconds
[2024-05-06T10:37:53.978-0500] {processor.py:161} INFO - Started process (PID=28558) to work on /Users/nestoralfaro/Desktop/pbi-scenario-two/dags/dotnet_dag.py
[2024-05-06T10:37:53.980-0500] {processor.py:830} INFO - Processing file /Users/nestoralfaro/Desktop/pbi-scenario-two/dags/dotnet_dag.py for tasks to queue
[2024-05-06T10:37:53.980-0500] {logging_mixin.py:188} INFO - [2024-05-06T10:37:53.980-0500] {dagbag.py:540} INFO - Filling up the DagBag from /Users/nestoralfaro/Desktop/pbi-scenario-two/dags/dotnet_dag.py
[2024-05-06T10:37:53.987-0500] {processor.py:840} INFO - DAG(s) 'scenario_two_v3' retrieved from /Users/nestoralfaro/Desktop/pbi-scenario-two/dags/dotnet_dag.py
[2024-05-06T10:37:54.032-0500] {logging_mixin.py:188} INFO - [2024-05-06T10:37:54.032-0500] {dag.py:3096} INFO - Sync 1 DAGs
[2024-05-06T10:37:54.039-0500] {logging_mixin.py:188} INFO - [2024-05-06T10:37:54.039-0500] {dag.py:3954} INFO - Setting next_dagrun for scenario_two_v3 to 2024-05-06 00:00:00+00:00, run_after=2024-05-07 00:00:00+00:00
[2024-05-06T10:37:54.046-0500] {processor.py:183} INFO - Processing /Users/nestoralfaro/Desktop/pbi-scenario-two/dags/dotnet_dag.py took 0.069 seconds
[2024-05-06T10:38:24.875-0500] {processor.py:161} INFO - Started process (PID=28578) to work on /Users/nestoralfaro/Desktop/pbi-scenario-two/dags/dotnet_dag.py
[2024-05-06T10:38:24.877-0500] {processor.py:830} INFO - Processing file /Users/nestoralfaro/Desktop/pbi-scenario-two/dags/dotnet_dag.py for tasks to queue
[2024-05-06T10:38:24.878-0500] {logging_mixin.py:188} INFO - [2024-05-06T10:38:24.877-0500] {dagbag.py:540} INFO - Filling up the DagBag from /Users/nestoralfaro/Desktop/pbi-scenario-two/dags/dotnet_dag.py
[2024-05-06T10:38:24.883-0500] {processor.py:840} INFO - DAG(s) 'scenario_two_v3' retrieved from /Users/nestoralfaro/Desktop/pbi-scenario-two/dags/dotnet_dag.py
[2024-05-06T10:38:24.928-0500] {logging_mixin.py:188} INFO - [2024-05-06T10:38:24.928-0500] {dag.py:3096} INFO - Sync 1 DAGs
[2024-05-06T10:38:24.935-0500] {logging_mixin.py:188} INFO - [2024-05-06T10:38:24.935-0500] {dag.py:3954} INFO - Setting next_dagrun for scenario_two_v3 to 2024-05-06 00:00:00+00:00, run_after=2024-05-07 00:00:00+00:00
[2024-05-06T10:38:24.941-0500] {processor.py:183} INFO - Processing /Users/nestoralfaro/Desktop/pbi-scenario-two/dags/dotnet_dag.py took 0.067 seconds
[2024-05-06T10:38:55.724-0500] {processor.py:161} INFO - Started process (PID=28579) to work on /Users/nestoralfaro/Desktop/pbi-scenario-two/dags/dotnet_dag.py
[2024-05-06T10:38:55.725-0500] {processor.py:830} INFO - Processing file /Users/nestoralfaro/Desktop/pbi-scenario-two/dags/dotnet_dag.py for tasks to queue
[2024-05-06T10:38:55.725-0500] {logging_mixin.py:188} INFO - [2024-05-06T10:38:55.725-0500] {dagbag.py:540} INFO - Filling up the DagBag from /Users/nestoralfaro/Desktop/pbi-scenario-two/dags/dotnet_dag.py
[2024-05-06T10:38:55.730-0500] {processor.py:840} INFO - DAG(s) 'scenario_two_v3' retrieved from /Users/nestoralfaro/Desktop/pbi-scenario-two/dags/dotnet_dag.py
[2024-05-06T10:38:55.771-0500] {logging_mixin.py:188} INFO - [2024-05-06T10:38:55.771-0500] {dag.py:3096} INFO - Sync 1 DAGs
[2024-05-06T10:38:55.777-0500] {logging_mixin.py:188} INFO - [2024-05-06T10:38:55.777-0500] {dag.py:3954} INFO - Setting next_dagrun for scenario_two_v3 to 2024-05-06 00:00:00+00:00, run_after=2024-05-07 00:00:00+00:00
[2024-05-06T10:38:55.784-0500] {processor.py:183} INFO - Processing /Users/nestoralfaro/Desktop/pbi-scenario-two/dags/dotnet_dag.py took 0.061 seconds
[2024-05-06T10:39:26.535-0500] {processor.py:161} INFO - Started process (PID=28580) to work on /Users/nestoralfaro/Desktop/pbi-scenario-two/dags/dotnet_dag.py
[2024-05-06T10:39:26.536-0500] {processor.py:830} INFO - Processing file /Users/nestoralfaro/Desktop/pbi-scenario-two/dags/dotnet_dag.py for tasks to queue
[2024-05-06T10:39:26.537-0500] {logging_mixin.py:188} INFO - [2024-05-06T10:39:26.537-0500] {dagbag.py:540} INFO - Filling up the DagBag from /Users/nestoralfaro/Desktop/pbi-scenario-two/dags/dotnet_dag.py
[2024-05-06T10:39:26.540-0500] {processor.py:840} INFO - DAG(s) 'scenario_two_v3' retrieved from /Users/nestoralfaro/Desktop/pbi-scenario-two/dags/dotnet_dag.py
[2024-05-06T10:39:26.581-0500] {logging_mixin.py:188} INFO - [2024-05-06T10:39:26.581-0500] {dag.py:3096} INFO - Sync 1 DAGs
[2024-05-06T10:39:26.588-0500] {logging_mixin.py:188} INFO - [2024-05-06T10:39:26.588-0500] {dag.py:3954} INFO - Setting next_dagrun for scenario_two_v3 to 2024-05-06 00:00:00+00:00, run_after=2024-05-07 00:00:00+00:00
[2024-05-06T10:39:26.595-0500] {processor.py:183} INFO - Processing /Users/nestoralfaro/Desktop/pbi-scenario-two/dags/dotnet_dag.py took 0.061 seconds
