[2024-05-01T23:30:01.345-0500] {processor.py:161} INFO - Started process (PID=34727) to work on /Users/nestoralfaro/Desktop/pbi-scenario-two/py_env/lib/python3.9/site-packages/airflow/example_dags/subdags/subdag.py
[2024-05-01T23:30:01.347-0500] {processor.py:830} INFO - Processing file /Users/nestoralfaro/Desktop/pbi-scenario-two/py_env/lib/python3.9/site-packages/airflow/example_dags/subdags/subdag.py for tasks to queue
[2024-05-01T23:30:01.347-0500] {logging_mixin.py:188} INFO - [2024-05-01T23:30:01.347-0500] {dagbag.py:540} INFO - Filling up the DagBag from /Users/nestoralfaro/Desktop/pbi-scenario-two/py_env/lib/python3.9/site-packages/airflow/example_dags/subdags/subdag.py
[2024-05-01T23:30:01.348-0500] {processor.py:842} WARNING - No viable dags retrieved from /Users/nestoralfaro/Desktop/pbi-scenario-two/py_env/lib/python3.9/site-packages/airflow/example_dags/subdags/subdag.py
[2024-05-01T23:30:01.383-0500] {processor.py:183} INFO - Processing /Users/nestoralfaro/Desktop/pbi-scenario-two/py_env/lib/python3.9/site-packages/airflow/example_dags/subdags/subdag.py took 0.038 seconds
[2024-05-01T23:31:29.087-0500] {processor.py:161} INFO - Started process (PID=34788) to work on /Users/nestoralfaro/Desktop/pbi-scenario-two/py_env/lib/python3.9/site-packages/airflow/example_dags/subdags/subdag.py
[2024-05-01T23:31:29.089-0500] {processor.py:830} INFO - Processing file /Users/nestoralfaro/Desktop/pbi-scenario-two/py_env/lib/python3.9/site-packages/airflow/example_dags/subdags/subdag.py for tasks to queue
[2024-05-01T23:31:29.089-0500] {logging_mixin.py:188} INFO - [2024-05-01T23:31:29.089-0500] {dagbag.py:540} INFO - Filling up the DagBag from /Users/nestoralfaro/Desktop/pbi-scenario-two/py_env/lib/python3.9/site-packages/airflow/example_dags/subdags/subdag.py
[2024-05-01T23:31:29.091-0500] {processor.py:842} WARNING - No viable dags retrieved from /Users/nestoralfaro/Desktop/pbi-scenario-two/py_env/lib/python3.9/site-packages/airflow/example_dags/subdags/subdag.py
[2024-05-01T23:31:29.128-0500] {processor.py:183} INFO - Processing /Users/nestoralfaro/Desktop/pbi-scenario-two/py_env/lib/python3.9/site-packages/airflow/example_dags/subdags/subdag.py took 0.043 seconds
[2024-05-01T23:32:34.327-0500] {processor.py:161} INFO - Started process (PID=34844) to work on /Users/nestoralfaro/Desktop/pbi-scenario-two/py_env/lib/python3.9/site-packages/airflow/example_dags/subdags/subdag.py
[2024-05-01T23:32:34.329-0500] {processor.py:830} INFO - Processing file /Users/nestoralfaro/Desktop/pbi-scenario-two/py_env/lib/python3.9/site-packages/airflow/example_dags/subdags/subdag.py for tasks to queue
[2024-05-01T23:32:34.329-0500] {logging_mixin.py:188} INFO - [2024-05-01T23:32:34.329-0500] {dagbag.py:540} INFO - Filling up the DagBag from /Users/nestoralfaro/Desktop/pbi-scenario-two/py_env/lib/python3.9/site-packages/airflow/example_dags/subdags/subdag.py
[2024-05-01T23:32:34.330-0500] {processor.py:842} WARNING - No viable dags retrieved from /Users/nestoralfaro/Desktop/pbi-scenario-two/py_env/lib/python3.9/site-packages/airflow/example_dags/subdags/subdag.py
[2024-05-01T23:32:34.367-0500] {processor.py:183} INFO - Processing /Users/nestoralfaro/Desktop/pbi-scenario-two/py_env/lib/python3.9/site-packages/airflow/example_dags/subdags/subdag.py took 0.041 seconds
[2024-05-01T23:33:37.510-0500] {processor.py:161} INFO - Started process (PID=34895) to work on /Users/nestoralfaro/Desktop/pbi-scenario-two/py_env/lib/python3.9/site-packages/airflow/example_dags/subdags/subdag.py
[2024-05-01T23:33:37.511-0500] {processor.py:830} INFO - Processing file /Users/nestoralfaro/Desktop/pbi-scenario-two/py_env/lib/python3.9/site-packages/airflow/example_dags/subdags/subdag.py for tasks to queue
[2024-05-01T23:33:37.512-0500] {logging_mixin.py:188} INFO - [2024-05-01T23:33:37.512-0500] {dagbag.py:540} INFO - Filling up the DagBag from /Users/nestoralfaro/Desktop/pbi-scenario-two/py_env/lib/python3.9/site-packages/airflow/example_dags/subdags/subdag.py
[2024-05-01T23:33:37.513-0500] {processor.py:842} WARNING - No viable dags retrieved from /Users/nestoralfaro/Desktop/pbi-scenario-two/py_env/lib/python3.9/site-packages/airflow/example_dags/subdags/subdag.py
[2024-05-01T23:33:37.556-0500] {processor.py:183} INFO - Processing /Users/nestoralfaro/Desktop/pbi-scenario-two/py_env/lib/python3.9/site-packages/airflow/example_dags/subdags/subdag.py took 0.047 seconds
[2024-05-01T23:34:36.295-0500] {processor.py:161} INFO - Started process (PID=34931) to work on /Users/nestoralfaro/Desktop/pbi-scenario-two/py_env/lib/python3.9/site-packages/airflow/example_dags/subdags/subdag.py
[2024-05-01T23:34:36.296-0500] {processor.py:830} INFO - Processing file /Users/nestoralfaro/Desktop/pbi-scenario-two/py_env/lib/python3.9/site-packages/airflow/example_dags/subdags/subdag.py for tasks to queue
[2024-05-01T23:34:36.297-0500] {logging_mixin.py:188} INFO - [2024-05-01T23:34:36.297-0500] {dagbag.py:540} INFO - Filling up the DagBag from /Users/nestoralfaro/Desktop/pbi-scenario-two/py_env/lib/python3.9/site-packages/airflow/example_dags/subdags/subdag.py
[2024-05-01T23:34:36.298-0500] {processor.py:842} WARNING - No viable dags retrieved from /Users/nestoralfaro/Desktop/pbi-scenario-two/py_env/lib/python3.9/site-packages/airflow/example_dags/subdags/subdag.py
[2024-05-01T23:34:36.337-0500] {processor.py:183} INFO - Processing /Users/nestoralfaro/Desktop/pbi-scenario-two/py_env/lib/python3.9/site-packages/airflow/example_dags/subdags/subdag.py took 0.043 seconds
[2024-05-01T23:35:33.544-0500] {processor.py:161} INFO - Started process (PID=34965) to work on /Users/nestoralfaro/Desktop/pbi-scenario-two/py_env/lib/python3.9/site-packages/airflow/example_dags/subdags/subdag.py
[2024-05-01T23:35:33.545-0500] {processor.py:830} INFO - Processing file /Users/nestoralfaro/Desktop/pbi-scenario-two/py_env/lib/python3.9/site-packages/airflow/example_dags/subdags/subdag.py for tasks to queue
[2024-05-01T23:35:33.546-0500] {logging_mixin.py:188} INFO - [2024-05-01T23:35:33.546-0500] {dagbag.py:540} INFO - Filling up the DagBag from /Users/nestoralfaro/Desktop/pbi-scenario-two/py_env/lib/python3.9/site-packages/airflow/example_dags/subdags/subdag.py
[2024-05-01T23:35:33.547-0500] {processor.py:842} WARNING - No viable dags retrieved from /Users/nestoralfaro/Desktop/pbi-scenario-two/py_env/lib/python3.9/site-packages/airflow/example_dags/subdags/subdag.py
[2024-05-01T23:35:33.583-0500] {processor.py:183} INFO - Processing /Users/nestoralfaro/Desktop/pbi-scenario-two/py_env/lib/python3.9/site-packages/airflow/example_dags/subdags/subdag.py took 0.040 seconds
[2024-05-01T23:36:29.009-0500] {processor.py:161} INFO - Started process (PID=35000) to work on /Users/nestoralfaro/Desktop/pbi-scenario-two/py_env/lib/python3.9/site-packages/airflow/example_dags/subdags/subdag.py
[2024-05-01T23:36:29.010-0500] {processor.py:830} INFO - Processing file /Users/nestoralfaro/Desktop/pbi-scenario-two/py_env/lib/python3.9/site-packages/airflow/example_dags/subdags/subdag.py for tasks to queue
[2024-05-01T23:36:29.010-0500] {logging_mixin.py:188} INFO - [2024-05-01T23:36:29.010-0500] {dagbag.py:540} INFO - Filling up the DagBag from /Users/nestoralfaro/Desktop/pbi-scenario-two/py_env/lib/python3.9/site-packages/airflow/example_dags/subdags/subdag.py
[2024-05-01T23:36:29.011-0500] {processor.py:842} WARNING - No viable dags retrieved from /Users/nestoralfaro/Desktop/pbi-scenario-two/py_env/lib/python3.9/site-packages/airflow/example_dags/subdags/subdag.py
[2024-05-01T23:36:29.051-0500] {processor.py:183} INFO - Processing /Users/nestoralfaro/Desktop/pbi-scenario-two/py_env/lib/python3.9/site-packages/airflow/example_dags/subdags/subdag.py took 0.044 seconds
[2024-05-01T23:37:26.234-0500] {processor.py:161} INFO - Started process (PID=35034) to work on /Users/nestoralfaro/Desktop/pbi-scenario-two/py_env/lib/python3.9/site-packages/airflow/example_dags/subdags/subdag.py
[2024-05-01T23:37:26.236-0500] {processor.py:830} INFO - Processing file /Users/nestoralfaro/Desktop/pbi-scenario-two/py_env/lib/python3.9/site-packages/airflow/example_dags/subdags/subdag.py for tasks to queue
[2024-05-01T23:37:26.236-0500] {logging_mixin.py:188} INFO - [2024-05-01T23:37:26.236-0500] {dagbag.py:540} INFO - Filling up the DagBag from /Users/nestoralfaro/Desktop/pbi-scenario-two/py_env/lib/python3.9/site-packages/airflow/example_dags/subdags/subdag.py
[2024-05-01T23:37:26.237-0500] {processor.py:842} WARNING - No viable dags retrieved from /Users/nestoralfaro/Desktop/pbi-scenario-two/py_env/lib/python3.9/site-packages/airflow/example_dags/subdags/subdag.py
[2024-05-01T23:37:26.280-0500] {processor.py:183} INFO - Processing /Users/nestoralfaro/Desktop/pbi-scenario-two/py_env/lib/python3.9/site-packages/airflow/example_dags/subdags/subdag.py took 0.048 seconds
[2024-05-01T23:38:23.875-0500] {processor.py:161} INFO - Started process (PID=35069) to work on /Users/nestoralfaro/Desktop/pbi-scenario-two/py_env/lib/python3.9/site-packages/airflow/example_dags/subdags/subdag.py
[2024-05-01T23:38:23.877-0500] {processor.py:830} INFO - Processing file /Users/nestoralfaro/Desktop/pbi-scenario-two/py_env/lib/python3.9/site-packages/airflow/example_dags/subdags/subdag.py for tasks to queue
[2024-05-01T23:38:23.878-0500] {logging_mixin.py:188} INFO - [2024-05-01T23:38:23.878-0500] {dagbag.py:540} INFO - Filling up the DagBag from /Users/nestoralfaro/Desktop/pbi-scenario-two/py_env/lib/python3.9/site-packages/airflow/example_dags/subdags/subdag.py
[2024-05-01T23:38:23.879-0500] {processor.py:842} WARNING - No viable dags retrieved from /Users/nestoralfaro/Desktop/pbi-scenario-two/py_env/lib/python3.9/site-packages/airflow/example_dags/subdags/subdag.py
[2024-05-01T23:38:23.916-0500] {processor.py:183} INFO - Processing /Users/nestoralfaro/Desktop/pbi-scenario-two/py_env/lib/python3.9/site-packages/airflow/example_dags/subdags/subdag.py took 0.042 seconds
[2024-05-01T23:39:21.830-0500] {processor.py:161} INFO - Started process (PID=35105) to work on /Users/nestoralfaro/Desktop/pbi-scenario-two/py_env/lib/python3.9/site-packages/airflow/example_dags/subdags/subdag.py
[2024-05-01T23:39:21.832-0500] {processor.py:830} INFO - Processing file /Users/nestoralfaro/Desktop/pbi-scenario-two/py_env/lib/python3.9/site-packages/airflow/example_dags/subdags/subdag.py for tasks to queue
[2024-05-01T23:39:21.833-0500] {logging_mixin.py:188} INFO - [2024-05-01T23:39:21.833-0500] {dagbag.py:540} INFO - Filling up the DagBag from /Users/nestoralfaro/Desktop/pbi-scenario-two/py_env/lib/python3.9/site-packages/airflow/example_dags/subdags/subdag.py
[2024-05-01T23:39:21.834-0500] {processor.py:842} WARNING - No viable dags retrieved from /Users/nestoralfaro/Desktop/pbi-scenario-two/py_env/lib/python3.9/site-packages/airflow/example_dags/subdags/subdag.py
[2024-05-01T23:39:21.873-0500] {processor.py:183} INFO - Processing /Users/nestoralfaro/Desktop/pbi-scenario-two/py_env/lib/python3.9/site-packages/airflow/example_dags/subdags/subdag.py took 0.044 seconds
[2024-05-01T23:40:18.159-0500] {processor.py:161} INFO - Started process (PID=35157) to work on /Users/nestoralfaro/Desktop/pbi-scenario-two/py_env/lib/python3.9/site-packages/airflow/example_dags/subdags/subdag.py
[2024-05-01T23:40:18.161-0500] {processor.py:830} INFO - Processing file /Users/nestoralfaro/Desktop/pbi-scenario-two/py_env/lib/python3.9/site-packages/airflow/example_dags/subdags/subdag.py for tasks to queue
[2024-05-01T23:40:18.161-0500] {logging_mixin.py:188} INFO - [2024-05-01T23:40:18.161-0500] {dagbag.py:540} INFO - Filling up the DagBag from /Users/nestoralfaro/Desktop/pbi-scenario-two/py_env/lib/python3.9/site-packages/airflow/example_dags/subdags/subdag.py
[2024-05-01T23:40:18.162-0500] {processor.py:842} WARNING - No viable dags retrieved from /Users/nestoralfaro/Desktop/pbi-scenario-two/py_env/lib/python3.9/site-packages/airflow/example_dags/subdags/subdag.py
[2024-05-01T23:40:18.200-0500] {processor.py:183} INFO - Processing /Users/nestoralfaro/Desktop/pbi-scenario-two/py_env/lib/python3.9/site-packages/airflow/example_dags/subdags/subdag.py took 0.043 seconds
[2024-05-01T23:41:13.840-0500] {processor.py:161} INFO - Started process (PID=35194) to work on /Users/nestoralfaro/Desktop/pbi-scenario-two/py_env/lib/python3.9/site-packages/airflow/example_dags/subdags/subdag.py
[2024-05-01T23:41:13.842-0500] {processor.py:830} INFO - Processing file /Users/nestoralfaro/Desktop/pbi-scenario-two/py_env/lib/python3.9/site-packages/airflow/example_dags/subdags/subdag.py for tasks to queue
[2024-05-01T23:41:13.843-0500] {logging_mixin.py:188} INFO - [2024-05-01T23:41:13.843-0500] {dagbag.py:540} INFO - Filling up the DagBag from /Users/nestoralfaro/Desktop/pbi-scenario-two/py_env/lib/python3.9/site-packages/airflow/example_dags/subdags/subdag.py
[2024-05-01T23:41:13.844-0500] {processor.py:842} WARNING - No viable dags retrieved from /Users/nestoralfaro/Desktop/pbi-scenario-two/py_env/lib/python3.9/site-packages/airflow/example_dags/subdags/subdag.py
[2024-05-01T23:41:13.882-0500] {processor.py:183} INFO - Processing /Users/nestoralfaro/Desktop/pbi-scenario-two/py_env/lib/python3.9/site-packages/airflow/example_dags/subdags/subdag.py took 0.043 seconds
[2024-05-01T23:41:45.652-0500] {processor.py:161} INFO - Started process (PID=35218) to work on /Users/nestoralfaro/Desktop/pbi-scenario-two/py_env/lib/python3.9/site-packages/airflow/example_dags/subdags/subdag.py
[2024-05-01T23:41:45.653-0500] {processor.py:830} INFO - Processing file /Users/nestoralfaro/Desktop/pbi-scenario-two/py_env/lib/python3.9/site-packages/airflow/example_dags/subdags/subdag.py for tasks to queue
[2024-05-01T23:41:45.653-0500] {logging_mixin.py:188} INFO - [2024-05-01T23:41:45.653-0500] {dagbag.py:540} INFO - Filling up the DagBag from /Users/nestoralfaro/Desktop/pbi-scenario-two/py_env/lib/python3.9/site-packages/airflow/example_dags/subdags/subdag.py
[2024-05-01T23:41:45.655-0500] {processor.py:842} WARNING - No viable dags retrieved from /Users/nestoralfaro/Desktop/pbi-scenario-two/py_env/lib/python3.9/site-packages/airflow/example_dags/subdags/subdag.py
[2024-05-01T23:41:45.692-0500] {processor.py:183} INFO - Processing /Users/nestoralfaro/Desktop/pbi-scenario-two/py_env/lib/python3.9/site-packages/airflow/example_dags/subdags/subdag.py took 0.042 seconds
[2024-05-01T23:43:17.550-0500] {processor.py:161} INFO - Started process (PID=35298) to work on /Users/nestoralfaro/Desktop/pbi-scenario-two/py_env/lib/python3.9/site-packages/airflow/example_dags/subdags/subdag.py
[2024-05-01T23:43:17.553-0500] {processor.py:830} INFO - Processing file /Users/nestoralfaro/Desktop/pbi-scenario-two/py_env/lib/python3.9/site-packages/airflow/example_dags/subdags/subdag.py for tasks to queue
[2024-05-01T23:43:17.553-0500] {logging_mixin.py:188} INFO - [2024-05-01T23:43:17.553-0500] {dagbag.py:540} INFO - Filling up the DagBag from /Users/nestoralfaro/Desktop/pbi-scenario-two/py_env/lib/python3.9/site-packages/airflow/example_dags/subdags/subdag.py
[2024-05-01T23:43:17.554-0500] {processor.py:842} WARNING - No viable dags retrieved from /Users/nestoralfaro/Desktop/pbi-scenario-two/py_env/lib/python3.9/site-packages/airflow/example_dags/subdags/subdag.py
[2024-05-01T23:43:17.592-0500] {processor.py:183} INFO - Processing /Users/nestoralfaro/Desktop/pbi-scenario-two/py_env/lib/python3.9/site-packages/airflow/example_dags/subdags/subdag.py took 0.043 seconds
[2024-05-01T23:44:15.849-0500] {processor.py:161} INFO - Started process (PID=35333) to work on /Users/nestoralfaro/Desktop/pbi-scenario-two/py_env/lib/python3.9/site-packages/airflow/example_dags/subdags/subdag.py
[2024-05-01T23:44:15.851-0500] {processor.py:830} INFO - Processing file /Users/nestoralfaro/Desktop/pbi-scenario-two/py_env/lib/python3.9/site-packages/airflow/example_dags/subdags/subdag.py for tasks to queue
[2024-05-01T23:44:15.851-0500] {logging_mixin.py:188} INFO - [2024-05-01T23:44:15.851-0500] {dagbag.py:540} INFO - Filling up the DagBag from /Users/nestoralfaro/Desktop/pbi-scenario-two/py_env/lib/python3.9/site-packages/airflow/example_dags/subdags/subdag.py
[2024-05-01T23:44:15.853-0500] {processor.py:842} WARNING - No viable dags retrieved from /Users/nestoralfaro/Desktop/pbi-scenario-two/py_env/lib/python3.9/site-packages/airflow/example_dags/subdags/subdag.py
[2024-05-01T23:44:15.889-0500] {processor.py:183} INFO - Processing /Users/nestoralfaro/Desktop/pbi-scenario-two/py_env/lib/python3.9/site-packages/airflow/example_dags/subdags/subdag.py took 0.041 seconds
[2024-05-01T23:45:15.727-0500] {processor.py:161} INFO - Started process (PID=35382) to work on /Users/nestoralfaro/Desktop/pbi-scenario-two/py_env/lib/python3.9/site-packages/airflow/example_dags/subdags/subdag.py
[2024-05-01T23:45:15.729-0500] {processor.py:830} INFO - Processing file /Users/nestoralfaro/Desktop/pbi-scenario-two/py_env/lib/python3.9/site-packages/airflow/example_dags/subdags/subdag.py for tasks to queue
[2024-05-01T23:45:15.730-0500] {logging_mixin.py:188} INFO - [2024-05-01T23:45:15.730-0500] {dagbag.py:540} INFO - Filling up the DagBag from /Users/nestoralfaro/Desktop/pbi-scenario-two/py_env/lib/python3.9/site-packages/airflow/example_dags/subdags/subdag.py
[2024-05-01T23:45:15.731-0500] {processor.py:842} WARNING - No viable dags retrieved from /Users/nestoralfaro/Desktop/pbi-scenario-two/py_env/lib/python3.9/site-packages/airflow/example_dags/subdags/subdag.py
[2024-05-01T23:45:15.769-0500] {processor.py:183} INFO - Processing /Users/nestoralfaro/Desktop/pbi-scenario-two/py_env/lib/python3.9/site-packages/airflow/example_dags/subdags/subdag.py took 0.044 seconds
[2024-05-01T23:46:11.813-0500] {processor.py:161} INFO - Started process (PID=35417) to work on /Users/nestoralfaro/Desktop/pbi-scenario-two/py_env/lib/python3.9/site-packages/airflow/example_dags/subdags/subdag.py
[2024-05-01T23:46:11.814-0500] {processor.py:830} INFO - Processing file /Users/nestoralfaro/Desktop/pbi-scenario-two/py_env/lib/python3.9/site-packages/airflow/example_dags/subdags/subdag.py for tasks to queue
[2024-05-01T23:46:11.814-0500] {logging_mixin.py:188} INFO - [2024-05-01T23:46:11.814-0500] {dagbag.py:540} INFO - Filling up the DagBag from /Users/nestoralfaro/Desktop/pbi-scenario-two/py_env/lib/python3.9/site-packages/airflow/example_dags/subdags/subdag.py
[2024-05-01T23:46:11.815-0500] {processor.py:842} WARNING - No viable dags retrieved from /Users/nestoralfaro/Desktop/pbi-scenario-two/py_env/lib/python3.9/site-packages/airflow/example_dags/subdags/subdag.py
[2024-05-01T23:46:11.853-0500] {processor.py:183} INFO - Processing /Users/nestoralfaro/Desktop/pbi-scenario-two/py_env/lib/python3.9/site-packages/airflow/example_dags/subdags/subdag.py took 0.042 seconds
[2024-05-01T23:47:07.821-0500] {processor.py:161} INFO - Started process (PID=35450) to work on /Users/nestoralfaro/Desktop/pbi-scenario-two/py_env/lib/python3.9/site-packages/airflow/example_dags/subdags/subdag.py
[2024-05-01T23:47:07.823-0500] {processor.py:830} INFO - Processing file /Users/nestoralfaro/Desktop/pbi-scenario-two/py_env/lib/python3.9/site-packages/airflow/example_dags/subdags/subdag.py for tasks to queue
[2024-05-01T23:47:07.823-0500] {logging_mixin.py:188} INFO - [2024-05-01T23:47:07.823-0500] {dagbag.py:540} INFO - Filling up the DagBag from /Users/nestoralfaro/Desktop/pbi-scenario-two/py_env/lib/python3.9/site-packages/airflow/example_dags/subdags/subdag.py
[2024-05-01T23:47:07.824-0500] {processor.py:842} WARNING - No viable dags retrieved from /Users/nestoralfaro/Desktop/pbi-scenario-two/py_env/lib/python3.9/site-packages/airflow/example_dags/subdags/subdag.py
[2024-05-01T23:47:07.858-0500] {processor.py:183} INFO - Processing /Users/nestoralfaro/Desktop/pbi-scenario-two/py_env/lib/python3.9/site-packages/airflow/example_dags/subdags/subdag.py took 0.037 seconds
[2024-05-01T23:48:03.276-0500] {processor.py:161} INFO - Started process (PID=35495) to work on /Users/nestoralfaro/Desktop/pbi-scenario-two/py_env/lib/python3.9/site-packages/airflow/example_dags/subdags/subdag.py
[2024-05-01T23:48:03.278-0500] {processor.py:830} INFO - Processing file /Users/nestoralfaro/Desktop/pbi-scenario-two/py_env/lib/python3.9/site-packages/airflow/example_dags/subdags/subdag.py for tasks to queue
[2024-05-01T23:48:03.278-0500] {logging_mixin.py:188} INFO - [2024-05-01T23:48:03.278-0500] {dagbag.py:540} INFO - Filling up the DagBag from /Users/nestoralfaro/Desktop/pbi-scenario-two/py_env/lib/python3.9/site-packages/airflow/example_dags/subdags/subdag.py
[2024-05-01T23:48:03.279-0500] {processor.py:842} WARNING - No viable dags retrieved from /Users/nestoralfaro/Desktop/pbi-scenario-two/py_env/lib/python3.9/site-packages/airflow/example_dags/subdags/subdag.py
[2024-05-01T23:48:03.314-0500] {processor.py:183} INFO - Processing /Users/nestoralfaro/Desktop/pbi-scenario-two/py_env/lib/python3.9/site-packages/airflow/example_dags/subdags/subdag.py took 0.039 seconds
[2024-05-01T23:48:59.060-0500] {processor.py:161} INFO - Started process (PID=35538) to work on /Users/nestoralfaro/Desktop/pbi-scenario-two/py_env/lib/python3.9/site-packages/airflow/example_dags/subdags/subdag.py
[2024-05-01T23:48:59.062-0500] {processor.py:830} INFO - Processing file /Users/nestoralfaro/Desktop/pbi-scenario-two/py_env/lib/python3.9/site-packages/airflow/example_dags/subdags/subdag.py for tasks to queue
[2024-05-01T23:48:59.062-0500] {logging_mixin.py:188} INFO - [2024-05-01T23:48:59.062-0500] {dagbag.py:540} INFO - Filling up the DagBag from /Users/nestoralfaro/Desktop/pbi-scenario-two/py_env/lib/python3.9/site-packages/airflow/example_dags/subdags/subdag.py
[2024-05-01T23:48:59.063-0500] {processor.py:842} WARNING - No viable dags retrieved from /Users/nestoralfaro/Desktop/pbi-scenario-two/py_env/lib/python3.9/site-packages/airflow/example_dags/subdags/subdag.py
[2024-05-01T23:48:59.098-0500] {processor.py:183} INFO - Processing /Users/nestoralfaro/Desktop/pbi-scenario-two/py_env/lib/python3.9/site-packages/airflow/example_dags/subdags/subdag.py took 0.039 seconds
[2024-05-01T23:49:57.713-0500] {processor.py:161} INFO - Started process (PID=35574) to work on /Users/nestoralfaro/Desktop/pbi-scenario-two/py_env/lib/python3.9/site-packages/airflow/example_dags/subdags/subdag.py
[2024-05-01T23:49:57.715-0500] {processor.py:830} INFO - Processing file /Users/nestoralfaro/Desktop/pbi-scenario-two/py_env/lib/python3.9/site-packages/airflow/example_dags/subdags/subdag.py for tasks to queue
[2024-05-01T23:49:57.715-0500] {logging_mixin.py:188} INFO - [2024-05-01T23:49:57.715-0500] {dagbag.py:540} INFO - Filling up the DagBag from /Users/nestoralfaro/Desktop/pbi-scenario-two/py_env/lib/python3.9/site-packages/airflow/example_dags/subdags/subdag.py
[2024-05-01T23:49:57.717-0500] {processor.py:842} WARNING - No viable dags retrieved from /Users/nestoralfaro/Desktop/pbi-scenario-two/py_env/lib/python3.9/site-packages/airflow/example_dags/subdags/subdag.py
[2024-05-01T23:49:57.756-0500] {processor.py:183} INFO - Processing /Users/nestoralfaro/Desktop/pbi-scenario-two/py_env/lib/python3.9/site-packages/airflow/example_dags/subdags/subdag.py took 0.044 seconds
[2024-05-01T23:50:55.225-0500] {processor.py:161} INFO - Started process (PID=35609) to work on /Users/nestoralfaro/Desktop/pbi-scenario-two/py_env/lib/python3.9/site-packages/airflow/example_dags/subdags/subdag.py
[2024-05-01T23:50:55.226-0500] {processor.py:830} INFO - Processing file /Users/nestoralfaro/Desktop/pbi-scenario-two/py_env/lib/python3.9/site-packages/airflow/example_dags/subdags/subdag.py for tasks to queue
[2024-05-01T23:50:55.226-0500] {logging_mixin.py:188} INFO - [2024-05-01T23:50:55.226-0500] {dagbag.py:540} INFO - Filling up the DagBag from /Users/nestoralfaro/Desktop/pbi-scenario-two/py_env/lib/python3.9/site-packages/airflow/example_dags/subdags/subdag.py
[2024-05-01T23:50:55.227-0500] {processor.py:842} WARNING - No viable dags retrieved from /Users/nestoralfaro/Desktop/pbi-scenario-two/py_env/lib/python3.9/site-packages/airflow/example_dags/subdags/subdag.py
[2024-05-01T23:50:55.267-0500] {processor.py:183} INFO - Processing /Users/nestoralfaro/Desktop/pbi-scenario-two/py_env/lib/python3.9/site-packages/airflow/example_dags/subdags/subdag.py took 0.044 seconds
[2024-05-01T23:51:50.626-0500] {processor.py:161} INFO - Started process (PID=35642) to work on /Users/nestoralfaro/Desktop/pbi-scenario-two/py_env/lib/python3.9/site-packages/airflow/example_dags/subdags/subdag.py
[2024-05-01T23:51:50.627-0500] {processor.py:830} INFO - Processing file /Users/nestoralfaro/Desktop/pbi-scenario-two/py_env/lib/python3.9/site-packages/airflow/example_dags/subdags/subdag.py for tasks to queue
[2024-05-01T23:51:50.627-0500] {logging_mixin.py:188} INFO - [2024-05-01T23:51:50.627-0500] {dagbag.py:540} INFO - Filling up the DagBag from /Users/nestoralfaro/Desktop/pbi-scenario-two/py_env/lib/python3.9/site-packages/airflow/example_dags/subdags/subdag.py
[2024-05-01T23:51:50.628-0500] {processor.py:842} WARNING - No viable dags retrieved from /Users/nestoralfaro/Desktop/pbi-scenario-two/py_env/lib/python3.9/site-packages/airflow/example_dags/subdags/subdag.py
[2024-05-01T23:51:50.666-0500] {processor.py:183} INFO - Processing /Users/nestoralfaro/Desktop/pbi-scenario-two/py_env/lib/python3.9/site-packages/airflow/example_dags/subdags/subdag.py took 0.041 seconds
[2024-05-01T23:52:49.973-0500] {processor.py:161} INFO - Started process (PID=35694) to work on /Users/nestoralfaro/Desktop/pbi-scenario-two/py_env/lib/python3.9/site-packages/airflow/example_dags/subdags/subdag.py
[2024-05-01T23:52:49.974-0500] {processor.py:830} INFO - Processing file /Users/nestoralfaro/Desktop/pbi-scenario-two/py_env/lib/python3.9/site-packages/airflow/example_dags/subdags/subdag.py for tasks to queue
[2024-05-01T23:52:49.975-0500] {logging_mixin.py:188} INFO - [2024-05-01T23:52:49.975-0500] {dagbag.py:540} INFO - Filling up the DagBag from /Users/nestoralfaro/Desktop/pbi-scenario-two/py_env/lib/python3.9/site-packages/airflow/example_dags/subdags/subdag.py
[2024-05-01T23:52:49.976-0500] {processor.py:842} WARNING - No viable dags retrieved from /Users/nestoralfaro/Desktop/pbi-scenario-two/py_env/lib/python3.9/site-packages/airflow/example_dags/subdags/subdag.py
[2024-05-01T23:52:50.014-0500] {processor.py:183} INFO - Processing /Users/nestoralfaro/Desktop/pbi-scenario-two/py_env/lib/python3.9/site-packages/airflow/example_dags/subdags/subdag.py took 0.042 seconds
[2024-05-01T23:53:49.597-0500] {processor.py:161} INFO - Started process (PID=35728) to work on /Users/nestoralfaro/Desktop/pbi-scenario-two/py_env/lib/python3.9/site-packages/airflow/example_dags/subdags/subdag.py
[2024-05-01T23:53:49.598-0500] {processor.py:830} INFO - Processing file /Users/nestoralfaro/Desktop/pbi-scenario-two/py_env/lib/python3.9/site-packages/airflow/example_dags/subdags/subdag.py for tasks to queue
[2024-05-01T23:53:49.599-0500] {logging_mixin.py:188} INFO - [2024-05-01T23:53:49.599-0500] {dagbag.py:540} INFO - Filling up the DagBag from /Users/nestoralfaro/Desktop/pbi-scenario-two/py_env/lib/python3.9/site-packages/airflow/example_dags/subdags/subdag.py
[2024-05-01T23:53:49.600-0500] {processor.py:842} WARNING - No viable dags retrieved from /Users/nestoralfaro/Desktop/pbi-scenario-two/py_env/lib/python3.9/site-packages/airflow/example_dags/subdags/subdag.py
[2024-05-01T23:53:49.638-0500] {processor.py:183} INFO - Processing /Users/nestoralfaro/Desktop/pbi-scenario-two/py_env/lib/python3.9/site-packages/airflow/example_dags/subdags/subdag.py took 0.042 seconds
[2024-05-01T23:54:47.874-0500] {processor.py:161} INFO - Started process (PID=35762) to work on /Users/nestoralfaro/Desktop/pbi-scenario-two/py_env/lib/python3.9/site-packages/airflow/example_dags/subdags/subdag.py
[2024-05-01T23:54:47.875-0500] {processor.py:830} INFO - Processing file /Users/nestoralfaro/Desktop/pbi-scenario-two/py_env/lib/python3.9/site-packages/airflow/example_dags/subdags/subdag.py for tasks to queue
[2024-05-01T23:54:47.875-0500] {logging_mixin.py:188} INFO - [2024-05-01T23:54:47.875-0500] {dagbag.py:540} INFO - Filling up the DagBag from /Users/nestoralfaro/Desktop/pbi-scenario-two/py_env/lib/python3.9/site-packages/airflow/example_dags/subdags/subdag.py
[2024-05-01T23:54:47.876-0500] {processor.py:842} WARNING - No viable dags retrieved from /Users/nestoralfaro/Desktop/pbi-scenario-two/py_env/lib/python3.9/site-packages/airflow/example_dags/subdags/subdag.py
[2024-05-01T23:54:47.915-0500] {processor.py:183} INFO - Processing /Users/nestoralfaro/Desktop/pbi-scenario-two/py_env/lib/python3.9/site-packages/airflow/example_dags/subdags/subdag.py took 0.042 seconds
[2024-05-01T23:55:43.423-0500] {processor.py:161} INFO - Started process (PID=35797) to work on /Users/nestoralfaro/Desktop/pbi-scenario-two/py_env/lib/python3.9/site-packages/airflow/example_dags/subdags/subdag.py
[2024-05-01T23:55:43.425-0500] {processor.py:830} INFO - Processing file /Users/nestoralfaro/Desktop/pbi-scenario-two/py_env/lib/python3.9/site-packages/airflow/example_dags/subdags/subdag.py for tasks to queue
[2024-05-01T23:55:43.425-0500] {logging_mixin.py:188} INFO - [2024-05-01T23:55:43.425-0500] {dagbag.py:540} INFO - Filling up the DagBag from /Users/nestoralfaro/Desktop/pbi-scenario-two/py_env/lib/python3.9/site-packages/airflow/example_dags/subdags/subdag.py
[2024-05-01T23:55:43.426-0500] {processor.py:842} WARNING - No viable dags retrieved from /Users/nestoralfaro/Desktop/pbi-scenario-two/py_env/lib/python3.9/site-packages/airflow/example_dags/subdags/subdag.py
[2024-05-01T23:55:43.464-0500] {processor.py:183} INFO - Processing /Users/nestoralfaro/Desktop/pbi-scenario-two/py_env/lib/python3.9/site-packages/airflow/example_dags/subdags/subdag.py took 0.042 seconds
[2024-05-01T23:56:39.403-0500] {processor.py:161} INFO - Started process (PID=35832) to work on /Users/nestoralfaro/Desktop/pbi-scenario-two/py_env/lib/python3.9/site-packages/airflow/example_dags/subdags/subdag.py
[2024-05-01T23:56:39.404-0500] {processor.py:830} INFO - Processing file /Users/nestoralfaro/Desktop/pbi-scenario-two/py_env/lib/python3.9/site-packages/airflow/example_dags/subdags/subdag.py for tasks to queue
[2024-05-01T23:56:39.404-0500] {logging_mixin.py:188} INFO - [2024-05-01T23:56:39.404-0500] {dagbag.py:540} INFO - Filling up the DagBag from /Users/nestoralfaro/Desktop/pbi-scenario-two/py_env/lib/python3.9/site-packages/airflow/example_dags/subdags/subdag.py
[2024-05-01T23:56:39.405-0500] {processor.py:842} WARNING - No viable dags retrieved from /Users/nestoralfaro/Desktop/pbi-scenario-two/py_env/lib/python3.9/site-packages/airflow/example_dags/subdags/subdag.py
[2024-05-01T23:56:39.441-0500] {processor.py:183} INFO - Processing /Users/nestoralfaro/Desktop/pbi-scenario-two/py_env/lib/python3.9/site-packages/airflow/example_dags/subdags/subdag.py took 0.039 seconds
[2024-05-01T23:57:34.045-0500] {processor.py:161} INFO - Started process (PID=35865) to work on /Users/nestoralfaro/Desktop/pbi-scenario-two/py_env/lib/python3.9/site-packages/airflow/example_dags/subdags/subdag.py
[2024-05-01T23:57:34.046-0500] {processor.py:830} INFO - Processing file /Users/nestoralfaro/Desktop/pbi-scenario-two/py_env/lib/python3.9/site-packages/airflow/example_dags/subdags/subdag.py for tasks to queue
[2024-05-01T23:57:34.047-0500] {logging_mixin.py:188} INFO - [2024-05-01T23:57:34.046-0500] {dagbag.py:540} INFO - Filling up the DagBag from /Users/nestoralfaro/Desktop/pbi-scenario-two/py_env/lib/python3.9/site-packages/airflow/example_dags/subdags/subdag.py
[2024-05-01T23:57:34.047-0500] {processor.py:842} WARNING - No viable dags retrieved from /Users/nestoralfaro/Desktop/pbi-scenario-two/py_env/lib/python3.9/site-packages/airflow/example_dags/subdags/subdag.py
[2024-05-01T23:57:34.085-0500] {processor.py:183} INFO - Processing /Users/nestoralfaro/Desktop/pbi-scenario-two/py_env/lib/python3.9/site-packages/airflow/example_dags/subdags/subdag.py took 0.041 seconds
[2024-05-01T23:58:30.181-0500] {processor.py:161} INFO - Started process (PID=35900) to work on /Users/nestoralfaro/Desktop/pbi-scenario-two/py_env/lib/python3.9/site-packages/airflow/example_dags/subdags/subdag.py
[2024-05-01T23:58:30.182-0500] {processor.py:830} INFO - Processing file /Users/nestoralfaro/Desktop/pbi-scenario-two/py_env/lib/python3.9/site-packages/airflow/example_dags/subdags/subdag.py for tasks to queue
[2024-05-01T23:58:30.182-0500] {logging_mixin.py:188} INFO - [2024-05-01T23:58:30.182-0500] {dagbag.py:540} INFO - Filling up the DagBag from /Users/nestoralfaro/Desktop/pbi-scenario-two/py_env/lib/python3.9/site-packages/airflow/example_dags/subdags/subdag.py
[2024-05-01T23:58:30.183-0500] {processor.py:842} WARNING - No viable dags retrieved from /Users/nestoralfaro/Desktop/pbi-scenario-two/py_env/lib/python3.9/site-packages/airflow/example_dags/subdags/subdag.py
[2024-05-01T23:58:30.219-0500] {processor.py:183} INFO - Processing /Users/nestoralfaro/Desktop/pbi-scenario-two/py_env/lib/python3.9/site-packages/airflow/example_dags/subdags/subdag.py took 0.040 seconds
[2024-05-01T23:59:26.444-0500] {processor.py:161} INFO - Started process (PID=35936) to work on /Users/nestoralfaro/Desktop/pbi-scenario-two/py_env/lib/python3.9/site-packages/airflow/example_dags/subdags/subdag.py
[2024-05-01T23:59:26.446-0500] {processor.py:830} INFO - Processing file /Users/nestoralfaro/Desktop/pbi-scenario-two/py_env/lib/python3.9/site-packages/airflow/example_dags/subdags/subdag.py for tasks to queue
[2024-05-01T23:59:26.446-0500] {logging_mixin.py:188} INFO - [2024-05-01T23:59:26.446-0500] {dagbag.py:540} INFO - Filling up the DagBag from /Users/nestoralfaro/Desktop/pbi-scenario-two/py_env/lib/python3.9/site-packages/airflow/example_dags/subdags/subdag.py
[2024-05-01T23:59:26.447-0500] {processor.py:842} WARNING - No viable dags retrieved from /Users/nestoralfaro/Desktop/pbi-scenario-two/py_env/lib/python3.9/site-packages/airflow/example_dags/subdags/subdag.py
[2024-05-01T23:59:26.481-0500] {processor.py:183} INFO - Processing /Users/nestoralfaro/Desktop/pbi-scenario-two/py_env/lib/python3.9/site-packages/airflow/example_dags/subdags/subdag.py took 0.038 seconds
[2024-05-02T00:00:20.916-0500] {processor.py:161} INFO - Started process (PID=35995) to work on /Users/nestoralfaro/Desktop/pbi-scenario-two/py_env/lib/python3.9/site-packages/airflow/example_dags/subdags/subdag.py
[2024-05-02T00:00:20.918-0500] {processor.py:830} INFO - Processing file /Users/nestoralfaro/Desktop/pbi-scenario-two/py_env/lib/python3.9/site-packages/airflow/example_dags/subdags/subdag.py for tasks to queue
[2024-05-02T00:00:20.918-0500] {logging_mixin.py:188} INFO - [2024-05-02T00:00:20.918-0500] {dagbag.py:540} INFO - Filling up the DagBag from /Users/nestoralfaro/Desktop/pbi-scenario-two/py_env/lib/python3.9/site-packages/airflow/example_dags/subdags/subdag.py
[2024-05-02T00:00:20.920-0500] {processor.py:842} WARNING - No viable dags retrieved from /Users/nestoralfaro/Desktop/pbi-scenario-two/py_env/lib/python3.9/site-packages/airflow/example_dags/subdags/subdag.py
[2024-05-02T00:00:20.954-0500] {processor.py:183} INFO - Processing /Users/nestoralfaro/Desktop/pbi-scenario-two/py_env/lib/python3.9/site-packages/airflow/example_dags/subdags/subdag.py took 0.040 seconds
[2024-05-02T00:01:16.627-0500] {processor.py:161} INFO - Started process (PID=36030) to work on /Users/nestoralfaro/Desktop/pbi-scenario-two/py_env/lib/python3.9/site-packages/airflow/example_dags/subdags/subdag.py
[2024-05-02T00:01:16.628-0500] {processor.py:830} INFO - Processing file /Users/nestoralfaro/Desktop/pbi-scenario-two/py_env/lib/python3.9/site-packages/airflow/example_dags/subdags/subdag.py for tasks to queue
[2024-05-02T00:01:16.628-0500] {logging_mixin.py:188} INFO - [2024-05-02T00:01:16.628-0500] {dagbag.py:540} INFO - Filling up the DagBag from /Users/nestoralfaro/Desktop/pbi-scenario-two/py_env/lib/python3.9/site-packages/airflow/example_dags/subdags/subdag.py
[2024-05-02T00:01:16.629-0500] {processor.py:842} WARNING - No viable dags retrieved from /Users/nestoralfaro/Desktop/pbi-scenario-two/py_env/lib/python3.9/site-packages/airflow/example_dags/subdags/subdag.py
[2024-05-02T00:01:16.669-0500] {processor.py:183} INFO - Processing /Users/nestoralfaro/Desktop/pbi-scenario-two/py_env/lib/python3.9/site-packages/airflow/example_dags/subdags/subdag.py took 0.044 seconds
[2024-05-02T00:02:16.265-0500] {processor.py:161} INFO - Started process (PID=36069) to work on /Users/nestoralfaro/Desktop/pbi-scenario-two/py_env/lib/python3.9/site-packages/airflow/example_dags/subdags/subdag.py
[2024-05-02T00:02:16.266-0500] {processor.py:830} INFO - Processing file /Users/nestoralfaro/Desktop/pbi-scenario-two/py_env/lib/python3.9/site-packages/airflow/example_dags/subdags/subdag.py for tasks to queue
[2024-05-02T00:02:16.266-0500] {logging_mixin.py:188} INFO - [2024-05-02T00:02:16.266-0500] {dagbag.py:540} INFO - Filling up the DagBag from /Users/nestoralfaro/Desktop/pbi-scenario-two/py_env/lib/python3.9/site-packages/airflow/example_dags/subdags/subdag.py
[2024-05-02T00:02:16.267-0500] {processor.py:842} WARNING - No viable dags retrieved from /Users/nestoralfaro/Desktop/pbi-scenario-two/py_env/lib/python3.9/site-packages/airflow/example_dags/subdags/subdag.py
[2024-05-02T00:02:16.303-0500] {processor.py:183} INFO - Processing /Users/nestoralfaro/Desktop/pbi-scenario-two/py_env/lib/python3.9/site-packages/airflow/example_dags/subdags/subdag.py took 0.040 seconds
[2024-05-02T00:03:15.439-0500] {processor.py:161} INFO - Started process (PID=36113) to work on /Users/nestoralfaro/Desktop/pbi-scenario-two/py_env/lib/python3.9/site-packages/airflow/example_dags/subdags/subdag.py
[2024-05-02T00:03:15.440-0500] {processor.py:830} INFO - Processing file /Users/nestoralfaro/Desktop/pbi-scenario-two/py_env/lib/python3.9/site-packages/airflow/example_dags/subdags/subdag.py for tasks to queue
[2024-05-02T00:03:15.441-0500] {logging_mixin.py:188} INFO - [2024-05-02T00:03:15.440-0500] {dagbag.py:540} INFO - Filling up the DagBag from /Users/nestoralfaro/Desktop/pbi-scenario-two/py_env/lib/python3.9/site-packages/airflow/example_dags/subdags/subdag.py
[2024-05-02T00:03:15.442-0500] {processor.py:842} WARNING - No viable dags retrieved from /Users/nestoralfaro/Desktop/pbi-scenario-two/py_env/lib/python3.9/site-packages/airflow/example_dags/subdags/subdag.py
[2024-05-02T00:03:15.480-0500] {processor.py:183} INFO - Processing /Users/nestoralfaro/Desktop/pbi-scenario-two/py_env/lib/python3.9/site-packages/airflow/example_dags/subdags/subdag.py took 0.043 seconds
[2024-05-02T00:04:12.679-0500] {processor.py:161} INFO - Started process (PID=36154) to work on /Users/nestoralfaro/Desktop/pbi-scenario-two/py_env/lib/python3.9/site-packages/airflow/example_dags/subdags/subdag.py
[2024-05-02T00:04:12.681-0500] {processor.py:830} INFO - Processing file /Users/nestoralfaro/Desktop/pbi-scenario-two/py_env/lib/python3.9/site-packages/airflow/example_dags/subdags/subdag.py for tasks to queue
[2024-05-02T00:04:12.682-0500] {logging_mixin.py:188} INFO - [2024-05-02T00:04:12.682-0500] {dagbag.py:540} INFO - Filling up the DagBag from /Users/nestoralfaro/Desktop/pbi-scenario-two/py_env/lib/python3.9/site-packages/airflow/example_dags/subdags/subdag.py
[2024-05-02T00:04:12.683-0500] {processor.py:842} WARNING - No viable dags retrieved from /Users/nestoralfaro/Desktop/pbi-scenario-two/py_env/lib/python3.9/site-packages/airflow/example_dags/subdags/subdag.py
[2024-05-02T00:04:12.723-0500] {processor.py:183} INFO - Processing /Users/nestoralfaro/Desktop/pbi-scenario-two/py_env/lib/python3.9/site-packages/airflow/example_dags/subdags/subdag.py took 0.045 seconds
[2024-05-02T00:05:09.339-0500] {processor.py:161} INFO - Started process (PID=36189) to work on /Users/nestoralfaro/Desktop/pbi-scenario-two/py_env/lib/python3.9/site-packages/airflow/example_dags/subdags/subdag.py
[2024-05-02T00:05:09.340-0500] {processor.py:830} INFO - Processing file /Users/nestoralfaro/Desktop/pbi-scenario-two/py_env/lib/python3.9/site-packages/airflow/example_dags/subdags/subdag.py for tasks to queue
[2024-05-02T00:05:09.340-0500] {logging_mixin.py:188} INFO - [2024-05-02T00:05:09.340-0500] {dagbag.py:540} INFO - Filling up the DagBag from /Users/nestoralfaro/Desktop/pbi-scenario-two/py_env/lib/python3.9/site-packages/airflow/example_dags/subdags/subdag.py
[2024-05-02T00:05:09.341-0500] {processor.py:842} WARNING - No viable dags retrieved from /Users/nestoralfaro/Desktop/pbi-scenario-two/py_env/lib/python3.9/site-packages/airflow/example_dags/subdags/subdag.py
[2024-05-02T00:05:09.378-0500] {processor.py:183} INFO - Processing /Users/nestoralfaro/Desktop/pbi-scenario-two/py_env/lib/python3.9/site-packages/airflow/example_dags/subdags/subdag.py took 0.041 seconds
[2024-05-02T00:06:05.510-0500] {processor.py:161} INFO - Started process (PID=36228) to work on /Users/nestoralfaro/Desktop/pbi-scenario-two/py_env/lib/python3.9/site-packages/airflow/example_dags/subdags/subdag.py
[2024-05-02T00:06:05.512-0500] {processor.py:830} INFO - Processing file /Users/nestoralfaro/Desktop/pbi-scenario-two/py_env/lib/python3.9/site-packages/airflow/example_dags/subdags/subdag.py for tasks to queue
[2024-05-02T00:06:05.512-0500] {logging_mixin.py:188} INFO - [2024-05-02T00:06:05.512-0500] {dagbag.py:540} INFO - Filling up the DagBag from /Users/nestoralfaro/Desktop/pbi-scenario-two/py_env/lib/python3.9/site-packages/airflow/example_dags/subdags/subdag.py
[2024-05-02T00:06:05.513-0500] {processor.py:842} WARNING - No viable dags retrieved from /Users/nestoralfaro/Desktop/pbi-scenario-two/py_env/lib/python3.9/site-packages/airflow/example_dags/subdags/subdag.py
[2024-05-02T00:06:05.551-0500] {processor.py:183} INFO - Processing /Users/nestoralfaro/Desktop/pbi-scenario-two/py_env/lib/python3.9/site-packages/airflow/example_dags/subdags/subdag.py took 0.043 seconds
[2024-05-02T00:06:59.908-0500] {processor.py:161} INFO - Started process (PID=36277) to work on /Users/nestoralfaro/Desktop/pbi-scenario-two/py_env/lib/python3.9/site-packages/airflow/example_dags/subdags/subdag.py
[2024-05-02T00:06:59.909-0500] {processor.py:830} INFO - Processing file /Users/nestoralfaro/Desktop/pbi-scenario-two/py_env/lib/python3.9/site-packages/airflow/example_dags/subdags/subdag.py for tasks to queue
[2024-05-02T00:06:59.910-0500] {logging_mixin.py:188} INFO - [2024-05-02T00:06:59.910-0500] {dagbag.py:540} INFO - Filling up the DagBag from /Users/nestoralfaro/Desktop/pbi-scenario-two/py_env/lib/python3.9/site-packages/airflow/example_dags/subdags/subdag.py
[2024-05-02T00:06:59.911-0500] {processor.py:842} WARNING - No viable dags retrieved from /Users/nestoralfaro/Desktop/pbi-scenario-two/py_env/lib/python3.9/site-packages/airflow/example_dags/subdags/subdag.py
[2024-05-02T00:06:59.947-0500] {processor.py:183} INFO - Processing /Users/nestoralfaro/Desktop/pbi-scenario-two/py_env/lib/python3.9/site-packages/airflow/example_dags/subdags/subdag.py took 0.041 seconds
[2024-05-02T00:07:54.182-0500] {processor.py:161} INFO - Started process (PID=36311) to work on /Users/nestoralfaro/Desktop/pbi-scenario-two/py_env/lib/python3.9/site-packages/airflow/example_dags/subdags/subdag.py
[2024-05-02T00:07:54.183-0500] {processor.py:830} INFO - Processing file /Users/nestoralfaro/Desktop/pbi-scenario-two/py_env/lib/python3.9/site-packages/airflow/example_dags/subdags/subdag.py for tasks to queue
[2024-05-02T00:07:54.184-0500] {logging_mixin.py:188} INFO - [2024-05-02T00:07:54.183-0500] {dagbag.py:540} INFO - Filling up the DagBag from /Users/nestoralfaro/Desktop/pbi-scenario-two/py_env/lib/python3.9/site-packages/airflow/example_dags/subdags/subdag.py
[2024-05-02T00:07:54.184-0500] {processor.py:842} WARNING - No viable dags retrieved from /Users/nestoralfaro/Desktop/pbi-scenario-two/py_env/lib/python3.9/site-packages/airflow/example_dags/subdags/subdag.py
[2024-05-02T00:07:54.220-0500] {processor.py:183} INFO - Processing /Users/nestoralfaro/Desktop/pbi-scenario-two/py_env/lib/python3.9/site-packages/airflow/example_dags/subdags/subdag.py took 0.039 seconds
[2024-05-02T00:08:50.652-0500] {processor.py:161} INFO - Started process (PID=36344) to work on /Users/nestoralfaro/Desktop/pbi-scenario-two/py_env/lib/python3.9/site-packages/airflow/example_dags/subdags/subdag.py
[2024-05-02T00:08:50.654-0500] {processor.py:830} INFO - Processing file /Users/nestoralfaro/Desktop/pbi-scenario-two/py_env/lib/python3.9/site-packages/airflow/example_dags/subdags/subdag.py for tasks to queue
[2024-05-02T00:08:50.654-0500] {logging_mixin.py:188} INFO - [2024-05-02T00:08:50.654-0500] {dagbag.py:540} INFO - Filling up the DagBag from /Users/nestoralfaro/Desktop/pbi-scenario-two/py_env/lib/python3.9/site-packages/airflow/example_dags/subdags/subdag.py
[2024-05-02T00:08:50.655-0500] {processor.py:842} WARNING - No viable dags retrieved from /Users/nestoralfaro/Desktop/pbi-scenario-two/py_env/lib/python3.9/site-packages/airflow/example_dags/subdags/subdag.py
[2024-05-02T00:08:50.695-0500] {processor.py:183} INFO - Processing /Users/nestoralfaro/Desktop/pbi-scenario-two/py_env/lib/python3.9/site-packages/airflow/example_dags/subdags/subdag.py took 0.044 seconds
[2024-05-02T00:09:48.195-0500] {processor.py:161} INFO - Started process (PID=36379) to work on /Users/nestoralfaro/Desktop/pbi-scenario-two/py_env/lib/python3.9/site-packages/airflow/example_dags/subdags/subdag.py
[2024-05-02T00:09:48.197-0500] {processor.py:830} INFO - Processing file /Users/nestoralfaro/Desktop/pbi-scenario-two/py_env/lib/python3.9/site-packages/airflow/example_dags/subdags/subdag.py for tasks to queue
[2024-05-02T00:09:48.197-0500] {logging_mixin.py:188} INFO - [2024-05-02T00:09:48.197-0500] {dagbag.py:540} INFO - Filling up the DagBag from /Users/nestoralfaro/Desktop/pbi-scenario-two/py_env/lib/python3.9/site-packages/airflow/example_dags/subdags/subdag.py
[2024-05-02T00:09:48.198-0500] {processor.py:842} WARNING - No viable dags retrieved from /Users/nestoralfaro/Desktop/pbi-scenario-two/py_env/lib/python3.9/site-packages/airflow/example_dags/subdags/subdag.py
[2024-05-02T00:09:48.233-0500] {processor.py:183} INFO - Processing /Users/nestoralfaro/Desktop/pbi-scenario-two/py_env/lib/python3.9/site-packages/airflow/example_dags/subdags/subdag.py took 0.040 seconds
[2024-05-02T00:10:56.368-0500] {processor.py:161} INFO - Started process (PID=36400) to work on /Users/nestoralfaro/Desktop/pbi-scenario-two/py_env/lib/python3.9/site-packages/airflow/example_dags/subdags/subdag.py
[2024-05-02T00:10:56.370-0500] {processor.py:830} INFO - Processing file /Users/nestoralfaro/Desktop/pbi-scenario-two/py_env/lib/python3.9/site-packages/airflow/example_dags/subdags/subdag.py for tasks to queue
[2024-05-02T00:10:56.371-0500] {logging_mixin.py:188} INFO - [2024-05-02T00:10:56.370-0500] {dagbag.py:540} INFO - Filling up the DagBag from /Users/nestoralfaro/Desktop/pbi-scenario-two/py_env/lib/python3.9/site-packages/airflow/example_dags/subdags/subdag.py
[2024-05-02T00:10:56.372-0500] {processor.py:842} WARNING - No viable dags retrieved from /Users/nestoralfaro/Desktop/pbi-scenario-two/py_env/lib/python3.9/site-packages/airflow/example_dags/subdags/subdag.py
[2024-05-02T00:10:56.409-0500] {processor.py:183} INFO - Processing /Users/nestoralfaro/Desktop/pbi-scenario-two/py_env/lib/python3.9/site-packages/airflow/example_dags/subdags/subdag.py took 0.042 seconds
[2024-05-02T00:12:24.426-0500] {processor.py:161} INFO - Started process (PID=36491) to work on /Users/nestoralfaro/Desktop/pbi-scenario-two/py_env/lib/python3.9/site-packages/airflow/example_dags/subdags/subdag.py
[2024-05-02T00:12:24.428-0500] {processor.py:830} INFO - Processing file /Users/nestoralfaro/Desktop/pbi-scenario-two/py_env/lib/python3.9/site-packages/airflow/example_dags/subdags/subdag.py for tasks to queue
[2024-05-02T00:12:24.428-0500] {logging_mixin.py:188} INFO - [2024-05-02T00:12:24.428-0500] {dagbag.py:540} INFO - Filling up the DagBag from /Users/nestoralfaro/Desktop/pbi-scenario-two/py_env/lib/python3.9/site-packages/airflow/example_dags/subdags/subdag.py
[2024-05-02T00:12:24.429-0500] {processor.py:842} WARNING - No viable dags retrieved from /Users/nestoralfaro/Desktop/pbi-scenario-two/py_env/lib/python3.9/site-packages/airflow/example_dags/subdags/subdag.py
[2024-05-02T00:12:24.464-0500] {processor.py:183} INFO - Processing /Users/nestoralfaro/Desktop/pbi-scenario-two/py_env/lib/python3.9/site-packages/airflow/example_dags/subdags/subdag.py took 0.039 seconds
[2024-05-02T00:13:20.960-0500] {processor.py:161} INFO - Started process (PID=36540) to work on /Users/nestoralfaro/Desktop/pbi-scenario-two/py_env/lib/python3.9/site-packages/airflow/example_dags/subdags/subdag.py
[2024-05-02T00:13:20.962-0500] {processor.py:830} INFO - Processing file /Users/nestoralfaro/Desktop/pbi-scenario-two/py_env/lib/python3.9/site-packages/airflow/example_dags/subdags/subdag.py for tasks to queue
[2024-05-02T00:13:20.962-0500] {logging_mixin.py:188} INFO - [2024-05-02T00:13:20.962-0500] {dagbag.py:540} INFO - Filling up the DagBag from /Users/nestoralfaro/Desktop/pbi-scenario-two/py_env/lib/python3.9/site-packages/airflow/example_dags/subdags/subdag.py
[2024-05-02T00:13:20.964-0500] {processor.py:842} WARNING - No viable dags retrieved from /Users/nestoralfaro/Desktop/pbi-scenario-two/py_env/lib/python3.9/site-packages/airflow/example_dags/subdags/subdag.py
[2024-05-02T00:13:21.000-0500] {processor.py:183} INFO - Processing /Users/nestoralfaro/Desktop/pbi-scenario-two/py_env/lib/python3.9/site-packages/airflow/example_dags/subdags/subdag.py took 0.041 seconds
[2024-05-02T00:14:47.475-0500] {processor.py:161} INFO - Started process (PID=36586) to work on /Users/nestoralfaro/Desktop/pbi-scenario-two/py_env/lib/python3.9/site-packages/airflow/example_dags/subdags/subdag.py
[2024-05-02T00:14:47.477-0500] {processor.py:830} INFO - Processing file /Users/nestoralfaro/Desktop/pbi-scenario-two/py_env/lib/python3.9/site-packages/airflow/example_dags/subdags/subdag.py for tasks to queue
[2024-05-02T00:14:47.477-0500] {logging_mixin.py:188} INFO - [2024-05-02T00:14:47.477-0500] {dagbag.py:540} INFO - Filling up the DagBag from /Users/nestoralfaro/Desktop/pbi-scenario-two/py_env/lib/python3.9/site-packages/airflow/example_dags/subdags/subdag.py
[2024-05-02T00:14:47.478-0500] {processor.py:842} WARNING - No viable dags retrieved from /Users/nestoralfaro/Desktop/pbi-scenario-two/py_env/lib/python3.9/site-packages/airflow/example_dags/subdags/subdag.py
[2024-05-02T00:14:47.516-0500] {processor.py:183} INFO - Processing /Users/nestoralfaro/Desktop/pbi-scenario-two/py_env/lib/python3.9/site-packages/airflow/example_dags/subdags/subdag.py took 0.042 seconds
[2024-05-02T00:16:16.797-0500] {processor.py:161} INFO - Started process (PID=36656) to work on /Users/nestoralfaro/Desktop/pbi-scenario-two/py_env/lib/python3.9/site-packages/airflow/example_dags/subdags/subdag.py
[2024-05-02T00:16:16.799-0500] {processor.py:830} INFO - Processing file /Users/nestoralfaro/Desktop/pbi-scenario-two/py_env/lib/python3.9/site-packages/airflow/example_dags/subdags/subdag.py for tasks to queue
[2024-05-02T00:16:16.799-0500] {logging_mixin.py:188} INFO - [2024-05-02T00:16:16.799-0500] {dagbag.py:540} INFO - Filling up the DagBag from /Users/nestoralfaro/Desktop/pbi-scenario-two/py_env/lib/python3.9/site-packages/airflow/example_dags/subdags/subdag.py
[2024-05-02T00:16:16.800-0500] {processor.py:842} WARNING - No viable dags retrieved from /Users/nestoralfaro/Desktop/pbi-scenario-two/py_env/lib/python3.9/site-packages/airflow/example_dags/subdags/subdag.py
[2024-05-02T00:16:16.839-0500] {processor.py:183} INFO - Processing /Users/nestoralfaro/Desktop/pbi-scenario-two/py_env/lib/python3.9/site-packages/airflow/example_dags/subdags/subdag.py took 0.042 seconds
[2024-05-02T00:17:15.436-0500] {processor.py:161} INFO - Started process (PID=36694) to work on /Users/nestoralfaro/Desktop/pbi-scenario-two/py_env/lib/python3.9/site-packages/airflow/example_dags/subdags/subdag.py
[2024-05-02T00:17:15.437-0500] {processor.py:830} INFO - Processing file /Users/nestoralfaro/Desktop/pbi-scenario-two/py_env/lib/python3.9/site-packages/airflow/example_dags/subdags/subdag.py for tasks to queue
[2024-05-02T00:17:15.438-0500] {logging_mixin.py:188} INFO - [2024-05-02T00:17:15.437-0500] {dagbag.py:540} INFO - Filling up the DagBag from /Users/nestoralfaro/Desktop/pbi-scenario-two/py_env/lib/python3.9/site-packages/airflow/example_dags/subdags/subdag.py
[2024-05-02T00:17:15.439-0500] {processor.py:842} WARNING - No viable dags retrieved from /Users/nestoralfaro/Desktop/pbi-scenario-two/py_env/lib/python3.9/site-packages/airflow/example_dags/subdags/subdag.py
[2024-05-02T00:17:15.485-0500] {processor.py:183} INFO - Processing /Users/nestoralfaro/Desktop/pbi-scenario-two/py_env/lib/python3.9/site-packages/airflow/example_dags/subdags/subdag.py took 0.052 seconds
[2024-05-02T00:18:13.599-0500] {processor.py:161} INFO - Started process (PID=36730) to work on /Users/nestoralfaro/Desktop/pbi-scenario-two/py_env/lib/python3.9/site-packages/airflow/example_dags/subdags/subdag.py
[2024-05-02T00:18:13.601-0500] {processor.py:830} INFO - Processing file /Users/nestoralfaro/Desktop/pbi-scenario-two/py_env/lib/python3.9/site-packages/airflow/example_dags/subdags/subdag.py for tasks to queue
[2024-05-02T00:18:13.602-0500] {logging_mixin.py:188} INFO - [2024-05-02T00:18:13.601-0500] {dagbag.py:540} INFO - Filling up the DagBag from /Users/nestoralfaro/Desktop/pbi-scenario-two/py_env/lib/python3.9/site-packages/airflow/example_dags/subdags/subdag.py
[2024-05-02T00:18:13.603-0500] {processor.py:842} WARNING - No viable dags retrieved from /Users/nestoralfaro/Desktop/pbi-scenario-two/py_env/lib/python3.9/site-packages/airflow/example_dags/subdags/subdag.py
[2024-05-02T00:18:13.640-0500] {processor.py:183} INFO - Processing /Users/nestoralfaro/Desktop/pbi-scenario-two/py_env/lib/python3.9/site-packages/airflow/example_dags/subdags/subdag.py took 0.043 seconds
[2024-05-02T00:19:12.778-0500] {processor.py:161} INFO - Started process (PID=36788) to work on /Users/nestoralfaro/Desktop/pbi-scenario-two/py_env/lib/python3.9/site-packages/airflow/example_dags/subdags/subdag.py
[2024-05-02T00:19:12.781-0500] {processor.py:830} INFO - Processing file /Users/nestoralfaro/Desktop/pbi-scenario-two/py_env/lib/python3.9/site-packages/airflow/example_dags/subdags/subdag.py for tasks to queue
[2024-05-02T00:19:12.781-0500] {logging_mixin.py:188} INFO - [2024-05-02T00:19:12.781-0500] {dagbag.py:540} INFO - Filling up the DagBag from /Users/nestoralfaro/Desktop/pbi-scenario-two/py_env/lib/python3.9/site-packages/airflow/example_dags/subdags/subdag.py
[2024-05-02T00:19:12.782-0500] {processor.py:842} WARNING - No viable dags retrieved from /Users/nestoralfaro/Desktop/pbi-scenario-two/py_env/lib/python3.9/site-packages/airflow/example_dags/subdags/subdag.py
[2024-05-02T00:19:12.819-0500] {processor.py:183} INFO - Processing /Users/nestoralfaro/Desktop/pbi-scenario-two/py_env/lib/python3.9/site-packages/airflow/example_dags/subdags/subdag.py took 0.042 seconds
[2024-05-02T00:20:09.530-0500] {processor.py:161} INFO - Started process (PID=36840) to work on /Users/nestoralfaro/Desktop/pbi-scenario-two/py_env/lib/python3.9/site-packages/airflow/example_dags/subdags/subdag.py
[2024-05-02T00:20:09.531-0500] {processor.py:830} INFO - Processing file /Users/nestoralfaro/Desktop/pbi-scenario-two/py_env/lib/python3.9/site-packages/airflow/example_dags/subdags/subdag.py for tasks to queue
[2024-05-02T00:20:09.531-0500] {logging_mixin.py:188} INFO - [2024-05-02T00:20:09.531-0500] {dagbag.py:540} INFO - Filling up the DagBag from /Users/nestoralfaro/Desktop/pbi-scenario-two/py_env/lib/python3.9/site-packages/airflow/example_dags/subdags/subdag.py
[2024-05-02T00:20:09.532-0500] {processor.py:842} WARNING - No viable dags retrieved from /Users/nestoralfaro/Desktop/pbi-scenario-two/py_env/lib/python3.9/site-packages/airflow/example_dags/subdags/subdag.py
[2024-05-02T00:20:09.573-0500] {processor.py:183} INFO - Processing /Users/nestoralfaro/Desktop/pbi-scenario-two/py_env/lib/python3.9/site-packages/airflow/example_dags/subdags/subdag.py took 0.044 seconds
[2024-05-02T00:21:09.020-0500] {processor.py:161} INFO - Started process (PID=36877) to work on /Users/nestoralfaro/Desktop/pbi-scenario-two/py_env/lib/python3.9/site-packages/airflow/example_dags/subdags/subdag.py
[2024-05-02T00:21:09.022-0500] {processor.py:830} INFO - Processing file /Users/nestoralfaro/Desktop/pbi-scenario-two/py_env/lib/python3.9/site-packages/airflow/example_dags/subdags/subdag.py for tasks to queue
[2024-05-02T00:21:09.022-0500] {logging_mixin.py:188} INFO - [2024-05-02T00:21:09.022-0500] {dagbag.py:540} INFO - Filling up the DagBag from /Users/nestoralfaro/Desktop/pbi-scenario-two/py_env/lib/python3.9/site-packages/airflow/example_dags/subdags/subdag.py
[2024-05-02T00:21:09.023-0500] {processor.py:842} WARNING - No viable dags retrieved from /Users/nestoralfaro/Desktop/pbi-scenario-two/py_env/lib/python3.9/site-packages/airflow/example_dags/subdags/subdag.py
[2024-05-02T00:21:09.061-0500] {processor.py:183} INFO - Processing /Users/nestoralfaro/Desktop/pbi-scenario-two/py_env/lib/python3.9/site-packages/airflow/example_dags/subdags/subdag.py took 0.042 seconds
[2024-05-02T00:22:06.838-0500] {processor.py:161} INFO - Started process (PID=36933) to work on /Users/nestoralfaro/Desktop/pbi-scenario-two/py_env/lib/python3.9/site-packages/airflow/example_dags/subdags/subdag.py
[2024-05-02T00:22:06.840-0500] {processor.py:830} INFO - Processing file /Users/nestoralfaro/Desktop/pbi-scenario-two/py_env/lib/python3.9/site-packages/airflow/example_dags/subdags/subdag.py for tasks to queue
[2024-05-02T00:22:06.841-0500] {logging_mixin.py:188} INFO - [2024-05-02T00:22:06.841-0500] {dagbag.py:540} INFO - Filling up the DagBag from /Users/nestoralfaro/Desktop/pbi-scenario-two/py_env/lib/python3.9/site-packages/airflow/example_dags/subdags/subdag.py
[2024-05-02T00:22:06.842-0500] {processor.py:842} WARNING - No viable dags retrieved from /Users/nestoralfaro/Desktop/pbi-scenario-two/py_env/lib/python3.9/site-packages/airflow/example_dags/subdags/subdag.py
[2024-05-02T00:22:06.878-0500] {processor.py:183} INFO - Processing /Users/nestoralfaro/Desktop/pbi-scenario-two/py_env/lib/python3.9/site-packages/airflow/example_dags/subdags/subdag.py took 0.042 seconds
[2024-05-02T00:23:03.618-0500] {processor.py:161} INFO - Started process (PID=36989) to work on /Users/nestoralfaro/Desktop/pbi-scenario-two/py_env/lib/python3.9/site-packages/airflow/example_dags/subdags/subdag.py
[2024-05-02T00:23:03.620-0500] {processor.py:830} INFO - Processing file /Users/nestoralfaro/Desktop/pbi-scenario-two/py_env/lib/python3.9/site-packages/airflow/example_dags/subdags/subdag.py for tasks to queue
[2024-05-02T00:23:03.620-0500] {logging_mixin.py:188} INFO - [2024-05-02T00:23:03.620-0500] {dagbag.py:540} INFO - Filling up the DagBag from /Users/nestoralfaro/Desktop/pbi-scenario-two/py_env/lib/python3.9/site-packages/airflow/example_dags/subdags/subdag.py
[2024-05-02T00:23:03.622-0500] {processor.py:842} WARNING - No viable dags retrieved from /Users/nestoralfaro/Desktop/pbi-scenario-two/py_env/lib/python3.9/site-packages/airflow/example_dags/subdags/subdag.py
[2024-05-02T00:23:03.665-0500] {processor.py:183} INFO - Processing /Users/nestoralfaro/Desktop/pbi-scenario-two/py_env/lib/python3.9/site-packages/airflow/example_dags/subdags/subdag.py took 0.048 seconds
[2024-05-02T00:23:58.986-0500] {processor.py:161} INFO - Started process (PID=37036) to work on /Users/nestoralfaro/Desktop/pbi-scenario-two/py_env/lib/python3.9/site-packages/airflow/example_dags/subdags/subdag.py
[2024-05-02T00:23:58.988-0500] {processor.py:830} INFO - Processing file /Users/nestoralfaro/Desktop/pbi-scenario-two/py_env/lib/python3.9/site-packages/airflow/example_dags/subdags/subdag.py for tasks to queue
[2024-05-02T00:23:58.989-0500] {logging_mixin.py:188} INFO - [2024-05-02T00:23:58.989-0500] {dagbag.py:540} INFO - Filling up the DagBag from /Users/nestoralfaro/Desktop/pbi-scenario-two/py_env/lib/python3.9/site-packages/airflow/example_dags/subdags/subdag.py
[2024-05-02T00:23:58.990-0500] {processor.py:842} WARNING - No viable dags retrieved from /Users/nestoralfaro/Desktop/pbi-scenario-two/py_env/lib/python3.9/site-packages/airflow/example_dags/subdags/subdag.py
[2024-05-02T00:23:59.026-0500] {processor.py:183} INFO - Processing /Users/nestoralfaro/Desktop/pbi-scenario-two/py_env/lib/python3.9/site-packages/airflow/example_dags/subdags/subdag.py took 0.041 seconds
