[2024-05-01T23:30:05.709-0500] {processor.py:161} INFO - Started process (PID=34734) to work on /Users/nestoralfaro/Desktop/pbi-scenario-two/py_env/lib/python3.9/site-packages/airflow/example_dags/plugins/event_listener.py
[2024-05-01T23:30:05.711-0500] {processor.py:830} INFO - Processing file /Users/nestoralfaro/Desktop/pbi-scenario-two/py_env/lib/python3.9/site-packages/airflow/example_dags/plugins/event_listener.py for tasks to queue
[2024-05-01T23:30:05.711-0500] {logging_mixin.py:188} INFO - [2024-05-01T23:30:05.711-0500] {dagbag.py:540} INFO - Filling up the DagBag from /Users/nestoralfaro/Desktop/pbi-scenario-two/py_env/lib/python3.9/site-packages/airflow/example_dags/plugins/event_listener.py
[2024-05-01T23:30:05.711-0500] {processor.py:842} WARNING - No viable dags retrieved from /Users/nestoralfaro/Desktop/pbi-scenario-two/py_env/lib/python3.9/site-packages/airflow/example_dags/plugins/event_listener.py
[2024-05-01T23:30:05.749-0500] {processor.py:183} INFO - Processing /Users/nestoralfaro/Desktop/pbi-scenario-two/py_env/lib/python3.9/site-packages/airflow/example_dags/plugins/event_listener.py took 0.041 seconds
[2024-05-01T23:31:34.526-0500] {processor.py:161} INFO - Started process (PID=34791) to work on /Users/nestoralfaro/Desktop/pbi-scenario-two/py_env/lib/python3.9/site-packages/airflow/example_dags/plugins/event_listener.py
[2024-05-01T23:31:34.529-0500] {processor.py:830} INFO - Processing file /Users/nestoralfaro/Desktop/pbi-scenario-two/py_env/lib/python3.9/site-packages/airflow/example_dags/plugins/event_listener.py for tasks to queue
[2024-05-01T23:31:34.529-0500] {logging_mixin.py:188} INFO - [2024-05-01T23:31:34.529-0500] {dagbag.py:540} INFO - Filling up the DagBag from /Users/nestoralfaro/Desktop/pbi-scenario-two/py_env/lib/python3.9/site-packages/airflow/example_dags/plugins/event_listener.py
[2024-05-01T23:31:34.529-0500] {processor.py:842} WARNING - No viable dags retrieved from /Users/nestoralfaro/Desktop/pbi-scenario-two/py_env/lib/python3.9/site-packages/airflow/example_dags/plugins/event_listener.py
[2024-05-01T23:31:34.567-0500] {processor.py:183} INFO - Processing /Users/nestoralfaro/Desktop/pbi-scenario-two/py_env/lib/python3.9/site-packages/airflow/example_dags/plugins/event_listener.py took 0.042 seconds
[2024-05-01T23:32:38.959-0500] {processor.py:161} INFO - Started process (PID=34848) to work on /Users/nestoralfaro/Desktop/pbi-scenario-two/py_env/lib/python3.9/site-packages/airflow/example_dags/plugins/event_listener.py
[2024-05-01T23:32:38.961-0500] {processor.py:830} INFO - Processing file /Users/nestoralfaro/Desktop/pbi-scenario-two/py_env/lib/python3.9/site-packages/airflow/example_dags/plugins/event_listener.py for tasks to queue
[2024-05-01T23:32:38.961-0500] {logging_mixin.py:188} INFO - [2024-05-01T23:32:38.961-0500] {dagbag.py:540} INFO - Filling up the DagBag from /Users/nestoralfaro/Desktop/pbi-scenario-two/py_env/lib/python3.9/site-packages/airflow/example_dags/plugins/event_listener.py
[2024-05-01T23:32:38.962-0500] {processor.py:842} WARNING - No viable dags retrieved from /Users/nestoralfaro/Desktop/pbi-scenario-two/py_env/lib/python3.9/site-packages/airflow/example_dags/plugins/event_listener.py
[2024-05-01T23:32:39.001-0500] {processor.py:183} INFO - Processing /Users/nestoralfaro/Desktop/pbi-scenario-two/py_env/lib/python3.9/site-packages/airflow/example_dags/plugins/event_listener.py took 0.043 seconds
[2024-05-01T23:33:42.246-0500] {processor.py:161} INFO - Started process (PID=34898) to work on /Users/nestoralfaro/Desktop/pbi-scenario-two/py_env/lib/python3.9/site-packages/airflow/example_dags/plugins/event_listener.py
[2024-05-01T23:33:42.248-0500] {processor.py:830} INFO - Processing file /Users/nestoralfaro/Desktop/pbi-scenario-two/py_env/lib/python3.9/site-packages/airflow/example_dags/plugins/event_listener.py for tasks to queue
[2024-05-01T23:33:42.249-0500] {logging_mixin.py:188} INFO - [2024-05-01T23:33:42.248-0500] {dagbag.py:540} INFO - Filling up the DagBag from /Users/nestoralfaro/Desktop/pbi-scenario-two/py_env/lib/python3.9/site-packages/airflow/example_dags/plugins/event_listener.py
[2024-05-01T23:33:42.249-0500] {processor.py:842} WARNING - No viable dags retrieved from /Users/nestoralfaro/Desktop/pbi-scenario-two/py_env/lib/python3.9/site-packages/airflow/example_dags/plugins/event_listener.py
[2024-05-01T23:33:42.287-0500] {processor.py:183} INFO - Processing /Users/nestoralfaro/Desktop/pbi-scenario-two/py_env/lib/python3.9/site-packages/airflow/example_dags/plugins/event_listener.py took 0.043 seconds
[2024-05-01T23:34:41.876-0500] {processor.py:161} INFO - Started process (PID=34934) to work on /Users/nestoralfaro/Desktop/pbi-scenario-two/py_env/lib/python3.9/site-packages/airflow/example_dags/plugins/event_listener.py
[2024-05-01T23:34:41.877-0500] {processor.py:830} INFO - Processing file /Users/nestoralfaro/Desktop/pbi-scenario-two/py_env/lib/python3.9/site-packages/airflow/example_dags/plugins/event_listener.py for tasks to queue
[2024-05-01T23:34:41.877-0500] {logging_mixin.py:188} INFO - [2024-05-01T23:34:41.877-0500] {dagbag.py:540} INFO - Filling up the DagBag from /Users/nestoralfaro/Desktop/pbi-scenario-two/py_env/lib/python3.9/site-packages/airflow/example_dags/plugins/event_listener.py
[2024-05-01T23:34:41.878-0500] {processor.py:842} WARNING - No viable dags retrieved from /Users/nestoralfaro/Desktop/pbi-scenario-two/py_env/lib/python3.9/site-packages/airflow/example_dags/plugins/event_listener.py
[2024-05-01T23:34:41.916-0500] {processor.py:183} INFO - Processing /Users/nestoralfaro/Desktop/pbi-scenario-two/py_env/lib/python3.9/site-packages/airflow/example_dags/plugins/event_listener.py took 0.042 seconds
[2024-05-01T23:35:39.001-0500] {processor.py:161} INFO - Started process (PID=34968) to work on /Users/nestoralfaro/Desktop/pbi-scenario-two/py_env/lib/python3.9/site-packages/airflow/example_dags/plugins/event_listener.py
[2024-05-01T23:35:39.003-0500] {processor.py:830} INFO - Processing file /Users/nestoralfaro/Desktop/pbi-scenario-two/py_env/lib/python3.9/site-packages/airflow/example_dags/plugins/event_listener.py for tasks to queue
[2024-05-01T23:35:39.003-0500] {logging_mixin.py:188} INFO - [2024-05-01T23:35:39.003-0500] {dagbag.py:540} INFO - Filling up the DagBag from /Users/nestoralfaro/Desktop/pbi-scenario-two/py_env/lib/python3.9/site-packages/airflow/example_dags/plugins/event_listener.py
[2024-05-01T23:35:39.003-0500] {processor.py:842} WARNING - No viable dags retrieved from /Users/nestoralfaro/Desktop/pbi-scenario-two/py_env/lib/python3.9/site-packages/airflow/example_dags/plugins/event_listener.py
[2024-05-01T23:35:39.045-0500] {processor.py:183} INFO - Processing /Users/nestoralfaro/Desktop/pbi-scenario-two/py_env/lib/python3.9/site-packages/airflow/example_dags/plugins/event_listener.py took 0.044 seconds
[2024-05-01T23:36:34.487-0500] {processor.py:161} INFO - Started process (PID=35003) to work on /Users/nestoralfaro/Desktop/pbi-scenario-two/py_env/lib/python3.9/site-packages/airflow/example_dags/plugins/event_listener.py
[2024-05-01T23:36:34.489-0500] {processor.py:830} INFO - Processing file /Users/nestoralfaro/Desktop/pbi-scenario-two/py_env/lib/python3.9/site-packages/airflow/example_dags/plugins/event_listener.py for tasks to queue
[2024-05-01T23:36:34.490-0500] {logging_mixin.py:188} INFO - [2024-05-01T23:36:34.490-0500] {dagbag.py:540} INFO - Filling up the DagBag from /Users/nestoralfaro/Desktop/pbi-scenario-two/py_env/lib/python3.9/site-packages/airflow/example_dags/plugins/event_listener.py
[2024-05-01T23:36:34.490-0500] {processor.py:842} WARNING - No viable dags retrieved from /Users/nestoralfaro/Desktop/pbi-scenario-two/py_env/lib/python3.9/site-packages/airflow/example_dags/plugins/event_listener.py
[2024-05-01T23:36:34.529-0500] {processor.py:183} INFO - Processing /Users/nestoralfaro/Desktop/pbi-scenario-two/py_env/lib/python3.9/site-packages/airflow/example_dags/plugins/event_listener.py took 0.043 seconds
[2024-05-01T23:37:31.678-0500] {processor.py:161} INFO - Started process (PID=35037) to work on /Users/nestoralfaro/Desktop/pbi-scenario-two/py_env/lib/python3.9/site-packages/airflow/example_dags/plugins/event_listener.py
[2024-05-01T23:37:31.680-0500] {processor.py:830} INFO - Processing file /Users/nestoralfaro/Desktop/pbi-scenario-two/py_env/lib/python3.9/site-packages/airflow/example_dags/plugins/event_listener.py for tasks to queue
[2024-05-01T23:37:31.680-0500] {logging_mixin.py:188} INFO - [2024-05-01T23:37:31.680-0500] {dagbag.py:540} INFO - Filling up the DagBag from /Users/nestoralfaro/Desktop/pbi-scenario-two/py_env/lib/python3.9/site-packages/airflow/example_dags/plugins/event_listener.py
[2024-05-01T23:37:31.681-0500] {processor.py:842} WARNING - No viable dags retrieved from /Users/nestoralfaro/Desktop/pbi-scenario-two/py_env/lib/python3.9/site-packages/airflow/example_dags/plugins/event_listener.py
[2024-05-01T23:37:31.723-0500] {processor.py:183} INFO - Processing /Users/nestoralfaro/Desktop/pbi-scenario-two/py_env/lib/python3.9/site-packages/airflow/example_dags/plugins/event_listener.py took 0.046 seconds
[2024-05-01T23:38:29.119-0500] {processor.py:161} INFO - Started process (PID=35072) to work on /Users/nestoralfaro/Desktop/pbi-scenario-two/py_env/lib/python3.9/site-packages/airflow/example_dags/plugins/event_listener.py
[2024-05-01T23:38:29.121-0500] {processor.py:830} INFO - Processing file /Users/nestoralfaro/Desktop/pbi-scenario-two/py_env/lib/python3.9/site-packages/airflow/example_dags/plugins/event_listener.py for tasks to queue
[2024-05-01T23:38:29.122-0500] {logging_mixin.py:188} INFO - [2024-05-01T23:38:29.122-0500] {dagbag.py:540} INFO - Filling up the DagBag from /Users/nestoralfaro/Desktop/pbi-scenario-two/py_env/lib/python3.9/site-packages/airflow/example_dags/plugins/event_listener.py
[2024-05-01T23:38:29.122-0500] {processor.py:842} WARNING - No viable dags retrieved from /Users/nestoralfaro/Desktop/pbi-scenario-two/py_env/lib/python3.9/site-packages/airflow/example_dags/plugins/event_listener.py
[2024-05-01T23:38:29.156-0500] {processor.py:183} INFO - Processing /Users/nestoralfaro/Desktop/pbi-scenario-two/py_env/lib/python3.9/site-packages/airflow/example_dags/plugins/event_listener.py took 0.038 seconds
[2024-05-01T23:39:26.714-0500] {processor.py:161} INFO - Started process (PID=35109) to work on /Users/nestoralfaro/Desktop/pbi-scenario-two/py_env/lib/python3.9/site-packages/airflow/example_dags/plugins/event_listener.py
[2024-05-01T23:39:26.716-0500] {processor.py:830} INFO - Processing file /Users/nestoralfaro/Desktop/pbi-scenario-two/py_env/lib/python3.9/site-packages/airflow/example_dags/plugins/event_listener.py for tasks to queue
[2024-05-01T23:39:26.716-0500] {logging_mixin.py:188} INFO - [2024-05-01T23:39:26.716-0500] {dagbag.py:540} INFO - Filling up the DagBag from /Users/nestoralfaro/Desktop/pbi-scenario-two/py_env/lib/python3.9/site-packages/airflow/example_dags/plugins/event_listener.py
[2024-05-01T23:39:26.716-0500] {processor.py:842} WARNING - No viable dags retrieved from /Users/nestoralfaro/Desktop/pbi-scenario-two/py_env/lib/python3.9/site-packages/airflow/example_dags/plugins/event_listener.py
[2024-05-01T23:39:26.756-0500] {processor.py:183} INFO - Processing /Users/nestoralfaro/Desktop/pbi-scenario-two/py_env/lib/python3.9/site-packages/airflow/example_dags/plugins/event_listener.py took 0.043 seconds
[2024-05-01T23:40:22.673-0500] {processor.py:161} INFO - Started process (PID=35162) to work on /Users/nestoralfaro/Desktop/pbi-scenario-two/py_env/lib/python3.9/site-packages/airflow/example_dags/plugins/event_listener.py
[2024-05-01T23:40:22.674-0500] {processor.py:830} INFO - Processing file /Users/nestoralfaro/Desktop/pbi-scenario-two/py_env/lib/python3.9/site-packages/airflow/example_dags/plugins/event_listener.py for tasks to queue
[2024-05-01T23:40:22.675-0500] {logging_mixin.py:188} INFO - [2024-05-01T23:40:22.675-0500] {dagbag.py:540} INFO - Filling up the DagBag from /Users/nestoralfaro/Desktop/pbi-scenario-two/py_env/lib/python3.9/site-packages/airflow/example_dags/plugins/event_listener.py
[2024-05-01T23:40:22.675-0500] {processor.py:842} WARNING - No viable dags retrieved from /Users/nestoralfaro/Desktop/pbi-scenario-two/py_env/lib/python3.9/site-packages/airflow/example_dags/plugins/event_listener.py
[2024-05-01T23:40:22.714-0500] {processor.py:183} INFO - Processing /Users/nestoralfaro/Desktop/pbi-scenario-two/py_env/lib/python3.9/site-packages/airflow/example_dags/plugins/event_listener.py took 0.043 seconds
[2024-05-01T23:41:18.814-0500] {processor.py:161} INFO - Started process (PID=35197) to work on /Users/nestoralfaro/Desktop/pbi-scenario-two/py_env/lib/python3.9/site-packages/airflow/example_dags/plugins/event_listener.py
[2024-05-01T23:41:18.816-0500] {processor.py:830} INFO - Processing file /Users/nestoralfaro/Desktop/pbi-scenario-two/py_env/lib/python3.9/site-packages/airflow/example_dags/plugins/event_listener.py for tasks to queue
[2024-05-01T23:41:18.816-0500] {logging_mixin.py:188} INFO - [2024-05-01T23:41:18.816-0500] {dagbag.py:540} INFO - Filling up the DagBag from /Users/nestoralfaro/Desktop/pbi-scenario-two/py_env/lib/python3.9/site-packages/airflow/example_dags/plugins/event_listener.py
[2024-05-01T23:41:18.817-0500] {processor.py:842} WARNING - No viable dags retrieved from /Users/nestoralfaro/Desktop/pbi-scenario-two/py_env/lib/python3.9/site-packages/airflow/example_dags/plugins/event_listener.py
[2024-05-01T23:41:18.856-0500] {processor.py:183} INFO - Processing /Users/nestoralfaro/Desktop/pbi-scenario-two/py_env/lib/python3.9/site-packages/airflow/example_dags/plugins/event_listener.py took 0.044 seconds
[2024-05-01T23:41:51.145-0500] {processor.py:161} INFO - Started process (PID=35247) to work on /Users/nestoralfaro/Desktop/pbi-scenario-two/py_env/lib/python3.9/site-packages/airflow/example_dags/plugins/event_listener.py
[2024-05-01T23:41:51.147-0500] {processor.py:830} INFO - Processing file /Users/nestoralfaro/Desktop/pbi-scenario-two/py_env/lib/python3.9/site-packages/airflow/example_dags/plugins/event_listener.py for tasks to queue
[2024-05-01T23:41:51.148-0500] {logging_mixin.py:188} INFO - [2024-05-01T23:41:51.148-0500] {dagbag.py:540} INFO - Filling up the DagBag from /Users/nestoralfaro/Desktop/pbi-scenario-two/py_env/lib/python3.9/site-packages/airflow/example_dags/plugins/event_listener.py
[2024-05-01T23:41:51.148-0500] {processor.py:842} WARNING - No viable dags retrieved from /Users/nestoralfaro/Desktop/pbi-scenario-two/py_env/lib/python3.9/site-packages/airflow/example_dags/plugins/event_listener.py
[2024-05-01T23:41:51.186-0500] {processor.py:183} INFO - Processing /Users/nestoralfaro/Desktop/pbi-scenario-two/py_env/lib/python3.9/site-packages/airflow/example_dags/plugins/event_listener.py took 0.042 seconds
[2024-05-01T23:43:22.165-0500] {processor.py:161} INFO - Started process (PID=35301) to work on /Users/nestoralfaro/Desktop/pbi-scenario-two/py_env/lib/python3.9/site-packages/airflow/example_dags/plugins/event_listener.py
[2024-05-01T23:43:22.168-0500] {processor.py:830} INFO - Processing file /Users/nestoralfaro/Desktop/pbi-scenario-two/py_env/lib/python3.9/site-packages/airflow/example_dags/plugins/event_listener.py for tasks to queue
[2024-05-01T23:43:22.169-0500] {logging_mixin.py:188} INFO - [2024-05-01T23:43:22.169-0500] {dagbag.py:540} INFO - Filling up the DagBag from /Users/nestoralfaro/Desktop/pbi-scenario-two/py_env/lib/python3.9/site-packages/airflow/example_dags/plugins/event_listener.py
[2024-05-01T23:43:22.169-0500] {processor.py:842} WARNING - No viable dags retrieved from /Users/nestoralfaro/Desktop/pbi-scenario-two/py_env/lib/python3.9/site-packages/airflow/example_dags/plugins/event_listener.py
[2024-05-01T23:43:22.209-0500] {processor.py:183} INFO - Processing /Users/nestoralfaro/Desktop/pbi-scenario-two/py_env/lib/python3.9/site-packages/airflow/example_dags/plugins/event_listener.py took 0.045 seconds
[2024-05-01T23:44:20.854-0500] {processor.py:161} INFO - Started process (PID=35346) to work on /Users/nestoralfaro/Desktop/pbi-scenario-two/py_env/lib/python3.9/site-packages/airflow/example_dags/plugins/event_listener.py
[2024-05-01T23:44:20.856-0500] {processor.py:830} INFO - Processing file /Users/nestoralfaro/Desktop/pbi-scenario-two/py_env/lib/python3.9/site-packages/airflow/example_dags/plugins/event_listener.py for tasks to queue
[2024-05-01T23:44:20.857-0500] {logging_mixin.py:188} INFO - [2024-05-01T23:44:20.857-0500] {dagbag.py:540} INFO - Filling up the DagBag from /Users/nestoralfaro/Desktop/pbi-scenario-two/py_env/lib/python3.9/site-packages/airflow/example_dags/plugins/event_listener.py
[2024-05-01T23:44:20.857-0500] {processor.py:842} WARNING - No viable dags retrieved from /Users/nestoralfaro/Desktop/pbi-scenario-two/py_env/lib/python3.9/site-packages/airflow/example_dags/plugins/event_listener.py
[2024-05-01T23:44:20.895-0500] {processor.py:183} INFO - Processing /Users/nestoralfaro/Desktop/pbi-scenario-two/py_env/lib/python3.9/site-packages/airflow/example_dags/plugins/event_listener.py took 0.042 seconds
[2024-05-01T23:45:20.939-0500] {processor.py:161} INFO - Started process (PID=35385) to work on /Users/nestoralfaro/Desktop/pbi-scenario-two/py_env/lib/python3.9/site-packages/airflow/example_dags/plugins/event_listener.py
[2024-05-01T23:45:20.941-0500] {processor.py:830} INFO - Processing file /Users/nestoralfaro/Desktop/pbi-scenario-two/py_env/lib/python3.9/site-packages/airflow/example_dags/plugins/event_listener.py for tasks to queue
[2024-05-01T23:45:20.941-0500] {logging_mixin.py:188} INFO - [2024-05-01T23:45:20.941-0500] {dagbag.py:540} INFO - Filling up the DagBag from /Users/nestoralfaro/Desktop/pbi-scenario-two/py_env/lib/python3.9/site-packages/airflow/example_dags/plugins/event_listener.py
[2024-05-01T23:45:20.942-0500] {processor.py:842} WARNING - No viable dags retrieved from /Users/nestoralfaro/Desktop/pbi-scenario-two/py_env/lib/python3.9/site-packages/airflow/example_dags/plugins/event_listener.py
[2024-05-01T23:45:20.982-0500] {processor.py:183} INFO - Processing /Users/nestoralfaro/Desktop/pbi-scenario-two/py_env/lib/python3.9/site-packages/airflow/example_dags/plugins/event_listener.py took 0.045 seconds
[2024-05-01T23:46:15.891-0500] {processor.py:161} INFO - Started process (PID=35420) to work on /Users/nestoralfaro/Desktop/pbi-scenario-two/py_env/lib/python3.9/site-packages/airflow/example_dags/plugins/event_listener.py
[2024-05-01T23:46:15.892-0500] {processor.py:830} INFO - Processing file /Users/nestoralfaro/Desktop/pbi-scenario-two/py_env/lib/python3.9/site-packages/airflow/example_dags/plugins/event_listener.py for tasks to queue
[2024-05-01T23:46:15.892-0500] {logging_mixin.py:188} INFO - [2024-05-01T23:46:15.892-0500] {dagbag.py:540} INFO - Filling up the DagBag from /Users/nestoralfaro/Desktop/pbi-scenario-two/py_env/lib/python3.9/site-packages/airflow/example_dags/plugins/event_listener.py
[2024-05-01T23:46:15.892-0500] {processor.py:842} WARNING - No viable dags retrieved from /Users/nestoralfaro/Desktop/pbi-scenario-two/py_env/lib/python3.9/site-packages/airflow/example_dags/plugins/event_listener.py
[2024-05-01T23:46:15.932-0500] {processor.py:183} INFO - Processing /Users/nestoralfaro/Desktop/pbi-scenario-two/py_env/lib/python3.9/site-packages/airflow/example_dags/plugins/event_listener.py took 0.043 seconds
[2024-05-01T23:47:12.283-0500] {processor.py:161} INFO - Started process (PID=35454) to work on /Users/nestoralfaro/Desktop/pbi-scenario-two/py_env/lib/python3.9/site-packages/airflow/example_dags/plugins/event_listener.py
[2024-05-01T23:47:12.285-0500] {processor.py:830} INFO - Processing file /Users/nestoralfaro/Desktop/pbi-scenario-two/py_env/lib/python3.9/site-packages/airflow/example_dags/plugins/event_listener.py for tasks to queue
[2024-05-01T23:47:12.285-0500] {logging_mixin.py:188} INFO - [2024-05-01T23:47:12.285-0500] {dagbag.py:540} INFO - Filling up the DagBag from /Users/nestoralfaro/Desktop/pbi-scenario-two/py_env/lib/python3.9/site-packages/airflow/example_dags/plugins/event_listener.py
[2024-05-01T23:47:12.285-0500] {processor.py:842} WARNING - No viable dags retrieved from /Users/nestoralfaro/Desktop/pbi-scenario-two/py_env/lib/python3.9/site-packages/airflow/example_dags/plugins/event_listener.py
[2024-05-01T23:47:12.321-0500] {processor.py:183} INFO - Processing /Users/nestoralfaro/Desktop/pbi-scenario-two/py_env/lib/python3.9/site-packages/airflow/example_dags/plugins/event_listener.py took 0.039 seconds
[2024-05-01T23:48:07.896-0500] {processor.py:161} INFO - Started process (PID=35498) to work on /Users/nestoralfaro/Desktop/pbi-scenario-two/py_env/lib/python3.9/site-packages/airflow/example_dags/plugins/event_listener.py
[2024-05-01T23:48:07.898-0500] {processor.py:830} INFO - Processing file /Users/nestoralfaro/Desktop/pbi-scenario-two/py_env/lib/python3.9/site-packages/airflow/example_dags/plugins/event_listener.py for tasks to queue
[2024-05-01T23:48:07.899-0500] {logging_mixin.py:188} INFO - [2024-05-01T23:48:07.899-0500] {dagbag.py:540} INFO - Filling up the DagBag from /Users/nestoralfaro/Desktop/pbi-scenario-two/py_env/lib/python3.9/site-packages/airflow/example_dags/plugins/event_listener.py
[2024-05-01T23:48:07.899-0500] {processor.py:842} WARNING - No viable dags retrieved from /Users/nestoralfaro/Desktop/pbi-scenario-two/py_env/lib/python3.9/site-packages/airflow/example_dags/plugins/event_listener.py
[2024-05-01T23:48:07.936-0500] {processor.py:183} INFO - Processing /Users/nestoralfaro/Desktop/pbi-scenario-two/py_env/lib/python3.9/site-packages/airflow/example_dags/plugins/event_listener.py took 0.041 seconds
[2024-05-01T23:49:03.291-0500] {processor.py:161} INFO - Started process (PID=35541) to work on /Users/nestoralfaro/Desktop/pbi-scenario-two/py_env/lib/python3.9/site-packages/airflow/example_dags/plugins/event_listener.py
[2024-05-01T23:49:03.293-0500] {processor.py:830} INFO - Processing file /Users/nestoralfaro/Desktop/pbi-scenario-two/py_env/lib/python3.9/site-packages/airflow/example_dags/plugins/event_listener.py for tasks to queue
[2024-05-01T23:49:03.293-0500] {logging_mixin.py:188} INFO - [2024-05-01T23:49:03.293-0500] {dagbag.py:540} INFO - Filling up the DagBag from /Users/nestoralfaro/Desktop/pbi-scenario-two/py_env/lib/python3.9/site-packages/airflow/example_dags/plugins/event_listener.py
[2024-05-01T23:49:03.293-0500] {processor.py:842} WARNING - No viable dags retrieved from /Users/nestoralfaro/Desktop/pbi-scenario-two/py_env/lib/python3.9/site-packages/airflow/example_dags/plugins/event_listener.py
[2024-05-01T23:49:03.330-0500] {processor.py:183} INFO - Processing /Users/nestoralfaro/Desktop/pbi-scenario-two/py_env/lib/python3.9/site-packages/airflow/example_dags/plugins/event_listener.py took 0.040 seconds
[2024-05-01T23:50:03.168-0500] {processor.py:161} INFO - Started process (PID=35577) to work on /Users/nestoralfaro/Desktop/pbi-scenario-two/py_env/lib/python3.9/site-packages/airflow/example_dags/plugins/event_listener.py
[2024-05-01T23:50:03.170-0500] {processor.py:830} INFO - Processing file /Users/nestoralfaro/Desktop/pbi-scenario-two/py_env/lib/python3.9/site-packages/airflow/example_dags/plugins/event_listener.py for tasks to queue
[2024-05-01T23:50:03.170-0500] {logging_mixin.py:188} INFO - [2024-05-01T23:50:03.170-0500] {dagbag.py:540} INFO - Filling up the DagBag from /Users/nestoralfaro/Desktop/pbi-scenario-two/py_env/lib/python3.9/site-packages/airflow/example_dags/plugins/event_listener.py
[2024-05-01T23:50:03.171-0500] {processor.py:842} WARNING - No viable dags retrieved from /Users/nestoralfaro/Desktop/pbi-scenario-two/py_env/lib/python3.9/site-packages/airflow/example_dags/plugins/event_listener.py
[2024-05-01T23:50:03.206-0500] {processor.py:183} INFO - Processing /Users/nestoralfaro/Desktop/pbi-scenario-two/py_env/lib/python3.9/site-packages/airflow/example_dags/plugins/event_listener.py took 0.039 seconds
[2024-05-01T23:51:00.634-0500] {processor.py:161} INFO - Started process (PID=35612) to work on /Users/nestoralfaro/Desktop/pbi-scenario-two/py_env/lib/python3.9/site-packages/airflow/example_dags/plugins/event_listener.py
[2024-05-01T23:51:00.635-0500] {processor.py:830} INFO - Processing file /Users/nestoralfaro/Desktop/pbi-scenario-two/py_env/lib/python3.9/site-packages/airflow/example_dags/plugins/event_listener.py for tasks to queue
[2024-05-01T23:51:00.636-0500] {logging_mixin.py:188} INFO - [2024-05-01T23:51:00.636-0500] {dagbag.py:540} INFO - Filling up the DagBag from /Users/nestoralfaro/Desktop/pbi-scenario-two/py_env/lib/python3.9/site-packages/airflow/example_dags/plugins/event_listener.py
[2024-05-01T23:51:00.636-0500] {processor.py:842} WARNING - No viable dags retrieved from /Users/nestoralfaro/Desktop/pbi-scenario-two/py_env/lib/python3.9/site-packages/airflow/example_dags/plugins/event_listener.py
[2024-05-01T23:51:00.673-0500] {processor.py:183} INFO - Processing /Users/nestoralfaro/Desktop/pbi-scenario-two/py_env/lib/python3.9/site-packages/airflow/example_dags/plugins/event_listener.py took 0.040 seconds
[2024-05-01T23:51:54.932-0500] {processor.py:161} INFO - Started process (PID=35645) to work on /Users/nestoralfaro/Desktop/pbi-scenario-two/py_env/lib/python3.9/site-packages/airflow/example_dags/plugins/event_listener.py
[2024-05-01T23:51:54.933-0500] {processor.py:830} INFO - Processing file /Users/nestoralfaro/Desktop/pbi-scenario-two/py_env/lib/python3.9/site-packages/airflow/example_dags/plugins/event_listener.py for tasks to queue
[2024-05-01T23:51:54.933-0500] {logging_mixin.py:188} INFO - [2024-05-01T23:51:54.933-0500] {dagbag.py:540} INFO - Filling up the DagBag from /Users/nestoralfaro/Desktop/pbi-scenario-two/py_env/lib/python3.9/site-packages/airflow/example_dags/plugins/event_listener.py
[2024-05-01T23:51:54.934-0500] {processor.py:842} WARNING - No viable dags retrieved from /Users/nestoralfaro/Desktop/pbi-scenario-two/py_env/lib/python3.9/site-packages/airflow/example_dags/plugins/event_listener.py
[2024-05-01T23:51:54.975-0500] {processor.py:183} INFO - Processing /Users/nestoralfaro/Desktop/pbi-scenario-two/py_env/lib/python3.9/site-packages/airflow/example_dags/plugins/event_listener.py took 0.044 seconds
[2024-05-01T23:52:55.416-0500] {processor.py:161} INFO - Started process (PID=35697) to work on /Users/nestoralfaro/Desktop/pbi-scenario-two/py_env/lib/python3.9/site-packages/airflow/example_dags/plugins/event_listener.py
[2024-05-01T23:52:55.417-0500] {processor.py:830} INFO - Processing file /Users/nestoralfaro/Desktop/pbi-scenario-two/py_env/lib/python3.9/site-packages/airflow/example_dags/plugins/event_listener.py for tasks to queue
[2024-05-01T23:52:55.418-0500] {logging_mixin.py:188} INFO - [2024-05-01T23:52:55.417-0500] {dagbag.py:540} INFO - Filling up the DagBag from /Users/nestoralfaro/Desktop/pbi-scenario-two/py_env/lib/python3.9/site-packages/airflow/example_dags/plugins/event_listener.py
[2024-05-01T23:52:55.418-0500] {processor.py:842} WARNING - No viable dags retrieved from /Users/nestoralfaro/Desktop/pbi-scenario-two/py_env/lib/python3.9/site-packages/airflow/example_dags/plugins/event_listener.py
[2024-05-01T23:52:55.459-0500] {processor.py:183} INFO - Processing /Users/nestoralfaro/Desktop/pbi-scenario-two/py_env/lib/python3.9/site-packages/airflow/example_dags/plugins/event_listener.py took 0.045 seconds
[2024-05-01T23:53:53.666-0500] {processor.py:161} INFO - Started process (PID=35731) to work on /Users/nestoralfaro/Desktop/pbi-scenario-two/py_env/lib/python3.9/site-packages/airflow/example_dags/plugins/event_listener.py
[2024-05-01T23:53:53.667-0500] {processor.py:830} INFO - Processing file /Users/nestoralfaro/Desktop/pbi-scenario-two/py_env/lib/python3.9/site-packages/airflow/example_dags/plugins/event_listener.py for tasks to queue
[2024-05-01T23:53:53.668-0500] {logging_mixin.py:188} INFO - [2024-05-01T23:53:53.668-0500] {dagbag.py:540} INFO - Filling up the DagBag from /Users/nestoralfaro/Desktop/pbi-scenario-two/py_env/lib/python3.9/site-packages/airflow/example_dags/plugins/event_listener.py
[2024-05-01T23:53:53.668-0500] {processor.py:842} WARNING - No viable dags retrieved from /Users/nestoralfaro/Desktop/pbi-scenario-two/py_env/lib/python3.9/site-packages/airflow/example_dags/plugins/event_listener.py
[2024-05-01T23:53:53.706-0500] {processor.py:183} INFO - Processing /Users/nestoralfaro/Desktop/pbi-scenario-two/py_env/lib/python3.9/site-packages/airflow/example_dags/plugins/event_listener.py took 0.043 seconds
[2024-05-01T23:54:52.511-0500] {processor.py:161} INFO - Started process (PID=35766) to work on /Users/nestoralfaro/Desktop/pbi-scenario-two/py_env/lib/python3.9/site-packages/airflow/example_dags/plugins/event_listener.py
[2024-05-01T23:54:52.512-0500] {processor.py:830} INFO - Processing file /Users/nestoralfaro/Desktop/pbi-scenario-two/py_env/lib/python3.9/site-packages/airflow/example_dags/plugins/event_listener.py for tasks to queue
[2024-05-01T23:54:52.513-0500] {logging_mixin.py:188} INFO - [2024-05-01T23:54:52.513-0500] {dagbag.py:540} INFO - Filling up the DagBag from /Users/nestoralfaro/Desktop/pbi-scenario-two/py_env/lib/python3.9/site-packages/airflow/example_dags/plugins/event_listener.py
[2024-05-01T23:54:52.513-0500] {processor.py:842} WARNING - No viable dags retrieved from /Users/nestoralfaro/Desktop/pbi-scenario-two/py_env/lib/python3.9/site-packages/airflow/example_dags/plugins/event_listener.py
[2024-05-01T23:54:52.551-0500] {processor.py:183} INFO - Processing /Users/nestoralfaro/Desktop/pbi-scenario-two/py_env/lib/python3.9/site-packages/airflow/example_dags/plugins/event_listener.py took 0.041 seconds
[2024-05-01T23:55:48.548-0500] {processor.py:161} INFO - Started process (PID=35800) to work on /Users/nestoralfaro/Desktop/pbi-scenario-two/py_env/lib/python3.9/site-packages/airflow/example_dags/plugins/event_listener.py
[2024-05-01T23:55:48.549-0500] {processor.py:830} INFO - Processing file /Users/nestoralfaro/Desktop/pbi-scenario-two/py_env/lib/python3.9/site-packages/airflow/example_dags/plugins/event_listener.py for tasks to queue
[2024-05-01T23:55:48.550-0500] {logging_mixin.py:188} INFO - [2024-05-01T23:55:48.550-0500] {dagbag.py:540} INFO - Filling up the DagBag from /Users/nestoralfaro/Desktop/pbi-scenario-two/py_env/lib/python3.9/site-packages/airflow/example_dags/plugins/event_listener.py
[2024-05-01T23:55:48.550-0500] {processor.py:842} WARNING - No viable dags retrieved from /Users/nestoralfaro/Desktop/pbi-scenario-two/py_env/lib/python3.9/site-packages/airflow/example_dags/plugins/event_listener.py
[2024-05-01T23:55:48.588-0500] {processor.py:183} INFO - Processing /Users/nestoralfaro/Desktop/pbi-scenario-two/py_env/lib/python3.9/site-packages/airflow/example_dags/plugins/event_listener.py took 0.042 seconds
[2024-05-01T23:56:44.685-0500] {processor.py:161} INFO - Started process (PID=35835) to work on /Users/nestoralfaro/Desktop/pbi-scenario-two/py_env/lib/python3.9/site-packages/airflow/example_dags/plugins/event_listener.py
[2024-05-01T23:56:44.686-0500] {processor.py:830} INFO - Processing file /Users/nestoralfaro/Desktop/pbi-scenario-two/py_env/lib/python3.9/site-packages/airflow/example_dags/plugins/event_listener.py for tasks to queue
[2024-05-01T23:56:44.686-0500] {logging_mixin.py:188} INFO - [2024-05-01T23:56:44.686-0500] {dagbag.py:540} INFO - Filling up the DagBag from /Users/nestoralfaro/Desktop/pbi-scenario-two/py_env/lib/python3.9/site-packages/airflow/example_dags/plugins/event_listener.py
[2024-05-01T23:56:44.687-0500] {processor.py:842} WARNING - No viable dags retrieved from /Users/nestoralfaro/Desktop/pbi-scenario-two/py_env/lib/python3.9/site-packages/airflow/example_dags/plugins/event_listener.py
[2024-05-01T23:56:44.726-0500] {processor.py:183} INFO - Processing /Users/nestoralfaro/Desktop/pbi-scenario-two/py_env/lib/python3.9/site-packages/airflow/example_dags/plugins/event_listener.py took 0.043 seconds
[2024-05-01T23:57:39.319-0500] {processor.py:161} INFO - Started process (PID=35868) to work on /Users/nestoralfaro/Desktop/pbi-scenario-two/py_env/lib/python3.9/site-packages/airflow/example_dags/plugins/event_listener.py
[2024-05-01T23:57:39.320-0500] {processor.py:830} INFO - Processing file /Users/nestoralfaro/Desktop/pbi-scenario-two/py_env/lib/python3.9/site-packages/airflow/example_dags/plugins/event_listener.py for tasks to queue
[2024-05-01T23:57:39.320-0500] {logging_mixin.py:188} INFO - [2024-05-01T23:57:39.320-0500] {dagbag.py:540} INFO - Filling up the DagBag from /Users/nestoralfaro/Desktop/pbi-scenario-two/py_env/lib/python3.9/site-packages/airflow/example_dags/plugins/event_listener.py
[2024-05-01T23:57:39.321-0500] {processor.py:842} WARNING - No viable dags retrieved from /Users/nestoralfaro/Desktop/pbi-scenario-two/py_env/lib/python3.9/site-packages/airflow/example_dags/plugins/event_listener.py
[2024-05-01T23:57:39.356-0500] {processor.py:183} INFO - Processing /Users/nestoralfaro/Desktop/pbi-scenario-two/py_env/lib/python3.9/site-packages/airflow/example_dags/plugins/event_listener.py took 0.039 seconds
[2024-05-01T23:58:35.496-0500] {processor.py:161} INFO - Started process (PID=35903) to work on /Users/nestoralfaro/Desktop/pbi-scenario-two/py_env/lib/python3.9/site-packages/airflow/example_dags/plugins/event_listener.py
[2024-05-01T23:58:35.497-0500] {processor.py:830} INFO - Processing file /Users/nestoralfaro/Desktop/pbi-scenario-two/py_env/lib/python3.9/site-packages/airflow/example_dags/plugins/event_listener.py for tasks to queue
[2024-05-01T23:58:35.498-0500] {logging_mixin.py:188} INFO - [2024-05-01T23:58:35.498-0500] {dagbag.py:540} INFO - Filling up the DagBag from /Users/nestoralfaro/Desktop/pbi-scenario-two/py_env/lib/python3.9/site-packages/airflow/example_dags/plugins/event_listener.py
[2024-05-01T23:58:35.498-0500] {processor.py:842} WARNING - No viable dags retrieved from /Users/nestoralfaro/Desktop/pbi-scenario-two/py_env/lib/python3.9/site-packages/airflow/example_dags/plugins/event_listener.py
[2024-05-01T23:58:35.534-0500] {processor.py:183} INFO - Processing /Users/nestoralfaro/Desktop/pbi-scenario-two/py_env/lib/python3.9/site-packages/airflow/example_dags/plugins/event_listener.py took 0.039 seconds
[2024-05-01T23:59:31.544-0500] {processor.py:161} INFO - Started process (PID=35940) to work on /Users/nestoralfaro/Desktop/pbi-scenario-two/py_env/lib/python3.9/site-packages/airflow/example_dags/plugins/event_listener.py
[2024-05-01T23:59:31.545-0500] {processor.py:830} INFO - Processing file /Users/nestoralfaro/Desktop/pbi-scenario-two/py_env/lib/python3.9/site-packages/airflow/example_dags/plugins/event_listener.py for tasks to queue
[2024-05-01T23:59:31.546-0500] {logging_mixin.py:188} INFO - [2024-05-01T23:59:31.546-0500] {dagbag.py:540} INFO - Filling up the DagBag from /Users/nestoralfaro/Desktop/pbi-scenario-two/py_env/lib/python3.9/site-packages/airflow/example_dags/plugins/event_listener.py
[2024-05-01T23:59:31.546-0500] {processor.py:842} WARNING - No viable dags retrieved from /Users/nestoralfaro/Desktop/pbi-scenario-two/py_env/lib/python3.9/site-packages/airflow/example_dags/plugins/event_listener.py
[2024-05-01T23:59:31.582-0500] {processor.py:183} INFO - Processing /Users/nestoralfaro/Desktop/pbi-scenario-two/py_env/lib/python3.9/site-packages/airflow/example_dags/plugins/event_listener.py took 0.040 seconds
[2024-05-02T00:00:25.578-0500] {processor.py:161} INFO - Started process (PID=35998) to work on /Users/nestoralfaro/Desktop/pbi-scenario-two/py_env/lib/python3.9/site-packages/airflow/example_dags/plugins/event_listener.py
[2024-05-02T00:00:25.580-0500] {processor.py:830} INFO - Processing file /Users/nestoralfaro/Desktop/pbi-scenario-two/py_env/lib/python3.9/site-packages/airflow/example_dags/plugins/event_listener.py for tasks to queue
[2024-05-02T00:00:25.580-0500] {logging_mixin.py:188} INFO - [2024-05-02T00:00:25.580-0500] {dagbag.py:540} INFO - Filling up the DagBag from /Users/nestoralfaro/Desktop/pbi-scenario-two/py_env/lib/python3.9/site-packages/airflow/example_dags/plugins/event_listener.py
[2024-05-02T00:00:25.581-0500] {processor.py:842} WARNING - No viable dags retrieved from /Users/nestoralfaro/Desktop/pbi-scenario-two/py_env/lib/python3.9/site-packages/airflow/example_dags/plugins/event_listener.py
[2024-05-02T00:00:25.617-0500] {processor.py:183} INFO - Processing /Users/nestoralfaro/Desktop/pbi-scenario-two/py_env/lib/python3.9/site-packages/airflow/example_dags/plugins/event_listener.py took 0.041 seconds
[2024-05-02T00:01:22.172-0500] {processor.py:161} INFO - Started process (PID=36035) to work on /Users/nestoralfaro/Desktop/pbi-scenario-two/py_env/lib/python3.9/site-packages/airflow/example_dags/plugins/event_listener.py
[2024-05-02T00:01:22.174-0500] {processor.py:830} INFO - Processing file /Users/nestoralfaro/Desktop/pbi-scenario-two/py_env/lib/python3.9/site-packages/airflow/example_dags/plugins/event_listener.py for tasks to queue
[2024-05-02T00:01:22.174-0500] {logging_mixin.py:188} INFO - [2024-05-02T00:01:22.174-0500] {dagbag.py:540} INFO - Filling up the DagBag from /Users/nestoralfaro/Desktop/pbi-scenario-two/py_env/lib/python3.9/site-packages/airflow/example_dags/plugins/event_listener.py
[2024-05-02T00:01:22.174-0500] {processor.py:842} WARNING - No viable dags retrieved from /Users/nestoralfaro/Desktop/pbi-scenario-two/py_env/lib/python3.9/site-packages/airflow/example_dags/plugins/event_listener.py
[2024-05-02T00:01:22.212-0500] {processor.py:183} INFO - Processing /Users/nestoralfaro/Desktop/pbi-scenario-two/py_env/lib/python3.9/site-packages/airflow/example_dags/plugins/event_listener.py took 0.041 seconds
[2024-05-02T00:02:21.451-0500] {processor.py:161} INFO - Started process (PID=36075) to work on /Users/nestoralfaro/Desktop/pbi-scenario-two/py_env/lib/python3.9/site-packages/airflow/example_dags/plugins/event_listener.py
[2024-05-02T00:02:21.452-0500] {processor.py:830} INFO - Processing file /Users/nestoralfaro/Desktop/pbi-scenario-two/py_env/lib/python3.9/site-packages/airflow/example_dags/plugins/event_listener.py for tasks to queue
[2024-05-02T00:02:21.452-0500] {logging_mixin.py:188} INFO - [2024-05-02T00:02:21.452-0500] {dagbag.py:540} INFO - Filling up the DagBag from /Users/nestoralfaro/Desktop/pbi-scenario-two/py_env/lib/python3.9/site-packages/airflow/example_dags/plugins/event_listener.py
[2024-05-02T00:02:21.453-0500] {processor.py:842} WARNING - No viable dags retrieved from /Users/nestoralfaro/Desktop/pbi-scenario-two/py_env/lib/python3.9/site-packages/airflow/example_dags/plugins/event_listener.py
[2024-05-02T00:02:21.491-0500] {processor.py:183} INFO - Processing /Users/nestoralfaro/Desktop/pbi-scenario-two/py_env/lib/python3.9/site-packages/airflow/example_dags/plugins/event_listener.py took 0.042 seconds
[2024-05-02T00:03:20.791-0500] {processor.py:161} INFO - Started process (PID=36118) to work on /Users/nestoralfaro/Desktop/pbi-scenario-two/py_env/lib/python3.9/site-packages/airflow/example_dags/plugins/event_listener.py
[2024-05-02T00:03:20.794-0500] {processor.py:830} INFO - Processing file /Users/nestoralfaro/Desktop/pbi-scenario-two/py_env/lib/python3.9/site-packages/airflow/example_dags/plugins/event_listener.py for tasks to queue
[2024-05-02T00:03:20.794-0500] {logging_mixin.py:188} INFO - [2024-05-02T00:03:20.794-0500] {dagbag.py:540} INFO - Filling up the DagBag from /Users/nestoralfaro/Desktop/pbi-scenario-two/py_env/lib/python3.9/site-packages/airflow/example_dags/plugins/event_listener.py
[2024-05-02T00:03:20.794-0500] {processor.py:842} WARNING - No viable dags retrieved from /Users/nestoralfaro/Desktop/pbi-scenario-two/py_env/lib/python3.9/site-packages/airflow/example_dags/plugins/event_listener.py
[2024-05-02T00:03:20.831-0500] {processor.py:183} INFO - Processing /Users/nestoralfaro/Desktop/pbi-scenario-two/py_env/lib/python3.9/site-packages/airflow/example_dags/plugins/event_listener.py took 0.041 seconds
[2024-05-02T00:04:17.890-0500] {processor.py:161} INFO - Started process (PID=36157) to work on /Users/nestoralfaro/Desktop/pbi-scenario-two/py_env/lib/python3.9/site-packages/airflow/example_dags/plugins/event_listener.py
[2024-05-02T00:04:17.892-0500] {processor.py:830} INFO - Processing file /Users/nestoralfaro/Desktop/pbi-scenario-two/py_env/lib/python3.9/site-packages/airflow/example_dags/plugins/event_listener.py for tasks to queue
[2024-05-02T00:04:17.892-0500] {logging_mixin.py:188} INFO - [2024-05-02T00:04:17.892-0500] {dagbag.py:540} INFO - Filling up the DagBag from /Users/nestoralfaro/Desktop/pbi-scenario-two/py_env/lib/python3.9/site-packages/airflow/example_dags/plugins/event_listener.py
[2024-05-02T00:04:17.893-0500] {processor.py:842} WARNING - No viable dags retrieved from /Users/nestoralfaro/Desktop/pbi-scenario-two/py_env/lib/python3.9/site-packages/airflow/example_dags/plugins/event_listener.py
[2024-05-02T00:04:17.931-0500] {processor.py:183} INFO - Processing /Users/nestoralfaro/Desktop/pbi-scenario-two/py_env/lib/python3.9/site-packages/airflow/example_dags/plugins/event_listener.py took 0.043 seconds
[2024-05-02T00:05:14.765-0500] {processor.py:161} INFO - Started process (PID=36192) to work on /Users/nestoralfaro/Desktop/pbi-scenario-two/py_env/lib/python3.9/site-packages/airflow/example_dags/plugins/event_listener.py
[2024-05-02T00:05:14.766-0500] {processor.py:830} INFO - Processing file /Users/nestoralfaro/Desktop/pbi-scenario-two/py_env/lib/python3.9/site-packages/airflow/example_dags/plugins/event_listener.py for tasks to queue
[2024-05-02T00:05:14.767-0500] {logging_mixin.py:188} INFO - [2024-05-02T00:05:14.767-0500] {dagbag.py:540} INFO - Filling up the DagBag from /Users/nestoralfaro/Desktop/pbi-scenario-two/py_env/lib/python3.9/site-packages/airflow/example_dags/plugins/event_listener.py
[2024-05-02T00:05:14.767-0500] {processor.py:842} WARNING - No viable dags retrieved from /Users/nestoralfaro/Desktop/pbi-scenario-two/py_env/lib/python3.9/site-packages/airflow/example_dags/plugins/event_listener.py
[2024-05-02T00:05:14.808-0500] {processor.py:183} INFO - Processing /Users/nestoralfaro/Desktop/pbi-scenario-two/py_env/lib/python3.9/site-packages/airflow/example_dags/plugins/event_listener.py took 0.044 seconds
[2024-05-02T00:06:10.989-0500] {processor.py:161} INFO - Started process (PID=36232) to work on /Users/nestoralfaro/Desktop/pbi-scenario-two/py_env/lib/python3.9/site-packages/airflow/example_dags/plugins/event_listener.py
[2024-05-02T00:06:10.992-0500] {processor.py:830} INFO - Processing file /Users/nestoralfaro/Desktop/pbi-scenario-two/py_env/lib/python3.9/site-packages/airflow/example_dags/plugins/event_listener.py for tasks to queue
[2024-05-02T00:06:10.992-0500] {logging_mixin.py:188} INFO - [2024-05-02T00:06:10.992-0500] {dagbag.py:540} INFO - Filling up the DagBag from /Users/nestoralfaro/Desktop/pbi-scenario-two/py_env/lib/python3.9/site-packages/airflow/example_dags/plugins/event_listener.py
[2024-05-02T00:06:10.993-0500] {processor.py:842} WARNING - No viable dags retrieved from /Users/nestoralfaro/Desktop/pbi-scenario-two/py_env/lib/python3.9/site-packages/airflow/example_dags/plugins/event_listener.py
[2024-05-02T00:06:11.033-0500] {processor.py:183} INFO - Processing /Users/nestoralfaro/Desktop/pbi-scenario-two/py_env/lib/python3.9/site-packages/airflow/example_dags/plugins/event_listener.py took 0.045 seconds
[2024-05-02T00:07:05.170-0500] {processor.py:161} INFO - Started process (PID=36280) to work on /Users/nestoralfaro/Desktop/pbi-scenario-two/py_env/lib/python3.9/site-packages/airflow/example_dags/plugins/event_listener.py
[2024-05-02T00:07:05.172-0500] {processor.py:830} INFO - Processing file /Users/nestoralfaro/Desktop/pbi-scenario-two/py_env/lib/python3.9/site-packages/airflow/example_dags/plugins/event_listener.py for tasks to queue
[2024-05-02T00:07:05.172-0500] {logging_mixin.py:188} INFO - [2024-05-02T00:07:05.172-0500] {dagbag.py:540} INFO - Filling up the DagBag from /Users/nestoralfaro/Desktop/pbi-scenario-two/py_env/lib/python3.9/site-packages/airflow/example_dags/plugins/event_listener.py
[2024-05-02T00:07:05.172-0500] {processor.py:842} WARNING - No viable dags retrieved from /Users/nestoralfaro/Desktop/pbi-scenario-two/py_env/lib/python3.9/site-packages/airflow/example_dags/plugins/event_listener.py
[2024-05-02T00:07:05.211-0500] {processor.py:183} INFO - Processing /Users/nestoralfaro/Desktop/pbi-scenario-two/py_env/lib/python3.9/site-packages/airflow/example_dags/plugins/event_listener.py took 0.042 seconds
[2024-05-02T00:07:59.341-0500] {processor.py:161} INFO - Started process (PID=36314) to work on /Users/nestoralfaro/Desktop/pbi-scenario-two/py_env/lib/python3.9/site-packages/airflow/example_dags/plugins/event_listener.py
[2024-05-02T00:07:59.342-0500] {processor.py:830} INFO - Processing file /Users/nestoralfaro/Desktop/pbi-scenario-two/py_env/lib/python3.9/site-packages/airflow/example_dags/plugins/event_listener.py for tasks to queue
[2024-05-02T00:07:59.342-0500] {logging_mixin.py:188} INFO - [2024-05-02T00:07:59.342-0500] {dagbag.py:540} INFO - Filling up the DagBag from /Users/nestoralfaro/Desktop/pbi-scenario-two/py_env/lib/python3.9/site-packages/airflow/example_dags/plugins/event_listener.py
[2024-05-02T00:07:59.343-0500] {processor.py:842} WARNING - No viable dags retrieved from /Users/nestoralfaro/Desktop/pbi-scenario-two/py_env/lib/python3.9/site-packages/airflow/example_dags/plugins/event_listener.py
[2024-05-02T00:07:59.378-0500] {processor.py:183} INFO - Processing /Users/nestoralfaro/Desktop/pbi-scenario-two/py_env/lib/python3.9/site-packages/airflow/example_dags/plugins/event_listener.py took 0.038 seconds
[2024-05-02T00:08:55.990-0500] {processor.py:161} INFO - Started process (PID=36347) to work on /Users/nestoralfaro/Desktop/pbi-scenario-two/py_env/lib/python3.9/site-packages/airflow/example_dags/plugins/event_listener.py
[2024-05-02T00:08:55.992-0500] {processor.py:830} INFO - Processing file /Users/nestoralfaro/Desktop/pbi-scenario-two/py_env/lib/python3.9/site-packages/airflow/example_dags/plugins/event_listener.py for tasks to queue
[2024-05-02T00:08:55.993-0500] {logging_mixin.py:188} INFO - [2024-05-02T00:08:55.993-0500] {dagbag.py:540} INFO - Filling up the DagBag from /Users/nestoralfaro/Desktop/pbi-scenario-two/py_env/lib/python3.9/site-packages/airflow/example_dags/plugins/event_listener.py
[2024-05-02T00:08:55.993-0500] {processor.py:842} WARNING - No viable dags retrieved from /Users/nestoralfaro/Desktop/pbi-scenario-two/py_env/lib/python3.9/site-packages/airflow/example_dags/plugins/event_listener.py
[2024-05-02T00:08:56.028-0500] {processor.py:183} INFO - Processing /Users/nestoralfaro/Desktop/pbi-scenario-two/py_env/lib/python3.9/site-packages/airflow/example_dags/plugins/event_listener.py took 0.039 seconds
[2024-05-02T00:09:53.193-0500] {processor.py:161} INFO - Started process (PID=36382) to work on /Users/nestoralfaro/Desktop/pbi-scenario-two/py_env/lib/python3.9/site-packages/airflow/example_dags/plugins/event_listener.py
[2024-05-02T00:09:53.195-0500] {processor.py:830} INFO - Processing file /Users/nestoralfaro/Desktop/pbi-scenario-two/py_env/lib/python3.9/site-packages/airflow/example_dags/plugins/event_listener.py for tasks to queue
[2024-05-02T00:09:53.195-0500] {logging_mixin.py:188} INFO - [2024-05-02T00:09:53.195-0500] {dagbag.py:540} INFO - Filling up the DagBag from /Users/nestoralfaro/Desktop/pbi-scenario-two/py_env/lib/python3.9/site-packages/airflow/example_dags/plugins/event_listener.py
[2024-05-02T00:09:53.196-0500] {processor.py:842} WARNING - No viable dags retrieved from /Users/nestoralfaro/Desktop/pbi-scenario-two/py_env/lib/python3.9/site-packages/airflow/example_dags/plugins/event_listener.py
[2024-05-02T00:09:53.234-0500] {processor.py:183} INFO - Processing /Users/nestoralfaro/Desktop/pbi-scenario-two/py_env/lib/python3.9/site-packages/airflow/example_dags/plugins/event_listener.py took 0.043 seconds
[2024-05-02T00:11:01.881-0500] {processor.py:161} INFO - Started process (PID=36404) to work on /Users/nestoralfaro/Desktop/pbi-scenario-two/py_env/lib/python3.9/site-packages/airflow/example_dags/plugins/event_listener.py
[2024-05-02T00:11:01.883-0500] {processor.py:830} INFO - Processing file /Users/nestoralfaro/Desktop/pbi-scenario-two/py_env/lib/python3.9/site-packages/airflow/example_dags/plugins/event_listener.py for tasks to queue
[2024-05-02T00:11:01.884-0500] {logging_mixin.py:188} INFO - [2024-05-02T00:11:01.884-0500] {dagbag.py:540} INFO - Filling up the DagBag from /Users/nestoralfaro/Desktop/pbi-scenario-two/py_env/lib/python3.9/site-packages/airflow/example_dags/plugins/event_listener.py
[2024-05-02T00:11:01.884-0500] {processor.py:842} WARNING - No viable dags retrieved from /Users/nestoralfaro/Desktop/pbi-scenario-two/py_env/lib/python3.9/site-packages/airflow/example_dags/plugins/event_listener.py
[2024-05-02T00:11:01.921-0500] {processor.py:183} INFO - Processing /Users/nestoralfaro/Desktop/pbi-scenario-two/py_env/lib/python3.9/site-packages/airflow/example_dags/plugins/event_listener.py took 0.042 seconds
[2024-05-02T00:12:29.381-0500] {processor.py:161} INFO - Started process (PID=36495) to work on /Users/nestoralfaro/Desktop/pbi-scenario-two/py_env/lib/python3.9/site-packages/airflow/example_dags/plugins/event_listener.py
[2024-05-02T00:12:29.383-0500] {processor.py:830} INFO - Processing file /Users/nestoralfaro/Desktop/pbi-scenario-two/py_env/lib/python3.9/site-packages/airflow/example_dags/plugins/event_listener.py for tasks to queue
[2024-05-02T00:12:29.383-0500] {logging_mixin.py:188} INFO - [2024-05-02T00:12:29.383-0500] {dagbag.py:540} INFO - Filling up the DagBag from /Users/nestoralfaro/Desktop/pbi-scenario-two/py_env/lib/python3.9/site-packages/airflow/example_dags/plugins/event_listener.py
[2024-05-02T00:12:29.383-0500] {processor.py:842} WARNING - No viable dags retrieved from /Users/nestoralfaro/Desktop/pbi-scenario-two/py_env/lib/python3.9/site-packages/airflow/example_dags/plugins/event_listener.py
[2024-05-02T00:12:29.419-0500] {processor.py:183} INFO - Processing /Users/nestoralfaro/Desktop/pbi-scenario-two/py_env/lib/python3.9/site-packages/airflow/example_dags/plugins/event_listener.py took 0.039 seconds
[2024-05-02T00:13:26.039-0500] {processor.py:161} INFO - Started process (PID=36543) to work on /Users/nestoralfaro/Desktop/pbi-scenario-two/py_env/lib/python3.9/site-packages/airflow/example_dags/plugins/event_listener.py
[2024-05-02T00:13:26.041-0500] {processor.py:830} INFO - Processing file /Users/nestoralfaro/Desktop/pbi-scenario-two/py_env/lib/python3.9/site-packages/airflow/example_dags/plugins/event_listener.py for tasks to queue
[2024-05-02T00:13:26.041-0500] {logging_mixin.py:188} INFO - [2024-05-02T00:13:26.041-0500] {dagbag.py:540} INFO - Filling up the DagBag from /Users/nestoralfaro/Desktop/pbi-scenario-two/py_env/lib/python3.9/site-packages/airflow/example_dags/plugins/event_listener.py
[2024-05-02T00:13:26.041-0500] {processor.py:842} WARNING - No viable dags retrieved from /Users/nestoralfaro/Desktop/pbi-scenario-two/py_env/lib/python3.9/site-packages/airflow/example_dags/plugins/event_listener.py
[2024-05-02T00:13:26.077-0500] {processor.py:183} INFO - Processing /Users/nestoralfaro/Desktop/pbi-scenario-two/py_env/lib/python3.9/site-packages/airflow/example_dags/plugins/event_listener.py took 0.040 seconds
[2024-05-02T00:14:53.049-0500] {processor.py:161} INFO - Started process (PID=36591) to work on /Users/nestoralfaro/Desktop/pbi-scenario-two/py_env/lib/python3.9/site-packages/airflow/example_dags/plugins/event_listener.py
[2024-05-02T00:14:53.053-0500] {processor.py:830} INFO - Processing file /Users/nestoralfaro/Desktop/pbi-scenario-two/py_env/lib/python3.9/site-packages/airflow/example_dags/plugins/event_listener.py for tasks to queue
[2024-05-02T00:14:53.066-0500] {logging_mixin.py:188} INFO - [2024-05-02T00:14:53.065-0500] {dagbag.py:540} INFO - Filling up the DagBag from /Users/nestoralfaro/Desktop/pbi-scenario-two/py_env/lib/python3.9/site-packages/airflow/example_dags/plugins/event_listener.py
[2024-05-02T00:14:53.069-0500] {processor.py:842} WARNING - No viable dags retrieved from /Users/nestoralfaro/Desktop/pbi-scenario-two/py_env/lib/python3.9/site-packages/airflow/example_dags/plugins/event_listener.py
[2024-05-02T00:14:53.220-0500] {processor.py:183} INFO - Processing /Users/nestoralfaro/Desktop/pbi-scenario-two/py_env/lib/python3.9/site-packages/airflow/example_dags/plugins/event_listener.py took 0.172 seconds
[2024-05-02T00:16:21.940-0500] {processor.py:161} INFO - Started process (PID=36660) to work on /Users/nestoralfaro/Desktop/pbi-scenario-two/py_env/lib/python3.9/site-packages/airflow/example_dags/plugins/event_listener.py
[2024-05-02T00:16:21.941-0500] {processor.py:830} INFO - Processing file /Users/nestoralfaro/Desktop/pbi-scenario-two/py_env/lib/python3.9/site-packages/airflow/example_dags/plugins/event_listener.py for tasks to queue
[2024-05-02T00:16:21.942-0500] {logging_mixin.py:188} INFO - [2024-05-02T00:16:21.942-0500] {dagbag.py:540} INFO - Filling up the DagBag from /Users/nestoralfaro/Desktop/pbi-scenario-two/py_env/lib/python3.9/site-packages/airflow/example_dags/plugins/event_listener.py
[2024-05-02T00:16:21.942-0500] {processor.py:842} WARNING - No viable dags retrieved from /Users/nestoralfaro/Desktop/pbi-scenario-two/py_env/lib/python3.9/site-packages/airflow/example_dags/plugins/event_listener.py
[2024-05-02T00:16:21.981-0500] {processor.py:183} INFO - Processing /Users/nestoralfaro/Desktop/pbi-scenario-two/py_env/lib/python3.9/site-packages/airflow/example_dags/plugins/event_listener.py took 0.042 seconds
[2024-05-02T00:17:20.943-0500] {processor.py:161} INFO - Started process (PID=36697) to work on /Users/nestoralfaro/Desktop/pbi-scenario-two/py_env/lib/python3.9/site-packages/airflow/example_dags/plugins/event_listener.py
[2024-05-02T00:17:20.944-0500] {processor.py:830} INFO - Processing file /Users/nestoralfaro/Desktop/pbi-scenario-two/py_env/lib/python3.9/site-packages/airflow/example_dags/plugins/event_listener.py for tasks to queue
[2024-05-02T00:17:20.945-0500] {logging_mixin.py:188} INFO - [2024-05-02T00:17:20.945-0500] {dagbag.py:540} INFO - Filling up the DagBag from /Users/nestoralfaro/Desktop/pbi-scenario-two/py_env/lib/python3.9/site-packages/airflow/example_dags/plugins/event_listener.py
[2024-05-02T00:17:20.945-0500] {processor.py:842} WARNING - No viable dags retrieved from /Users/nestoralfaro/Desktop/pbi-scenario-two/py_env/lib/python3.9/site-packages/airflow/example_dags/plugins/event_listener.py
[2024-05-02T00:17:20.984-0500] {processor.py:183} INFO - Processing /Users/nestoralfaro/Desktop/pbi-scenario-two/py_env/lib/python3.9/site-packages/airflow/example_dags/plugins/event_listener.py took 0.042 seconds
[2024-05-02T00:18:18.993-0500] {processor.py:161} INFO - Started process (PID=36734) to work on /Users/nestoralfaro/Desktop/pbi-scenario-two/py_env/lib/python3.9/site-packages/airflow/example_dags/plugins/event_listener.py
[2024-05-02T00:18:18.995-0500] {processor.py:830} INFO - Processing file /Users/nestoralfaro/Desktop/pbi-scenario-two/py_env/lib/python3.9/site-packages/airflow/example_dags/plugins/event_listener.py for tasks to queue
[2024-05-02T00:18:18.995-0500] {logging_mixin.py:188} INFO - [2024-05-02T00:18:18.995-0500] {dagbag.py:540} INFO - Filling up the DagBag from /Users/nestoralfaro/Desktop/pbi-scenario-two/py_env/lib/python3.9/site-packages/airflow/example_dags/plugins/event_listener.py
[2024-05-02T00:18:18.996-0500] {processor.py:842} WARNING - No viable dags retrieved from /Users/nestoralfaro/Desktop/pbi-scenario-two/py_env/lib/python3.9/site-packages/airflow/example_dags/plugins/event_listener.py
[2024-05-02T00:18:19.034-0500] {processor.py:183} INFO - Processing /Users/nestoralfaro/Desktop/pbi-scenario-two/py_env/lib/python3.9/site-packages/airflow/example_dags/plugins/event_listener.py took 0.043 seconds
[2024-05-02T00:19:17.619-0500] {processor.py:161} INFO - Started process (PID=36801) to work on /Users/nestoralfaro/Desktop/pbi-scenario-two/py_env/lib/python3.9/site-packages/airflow/example_dags/plugins/event_listener.py
[2024-05-02T00:19:17.621-0500] {processor.py:830} INFO - Processing file /Users/nestoralfaro/Desktop/pbi-scenario-two/py_env/lib/python3.9/site-packages/airflow/example_dags/plugins/event_listener.py for tasks to queue
[2024-05-02T00:19:17.621-0500] {logging_mixin.py:188} INFO - [2024-05-02T00:19:17.621-0500] {dagbag.py:540} INFO - Filling up the DagBag from /Users/nestoralfaro/Desktop/pbi-scenario-two/py_env/lib/python3.9/site-packages/airflow/example_dags/plugins/event_listener.py
[2024-05-02T00:19:17.621-0500] {processor.py:842} WARNING - No viable dags retrieved from /Users/nestoralfaro/Desktop/pbi-scenario-two/py_env/lib/python3.9/site-packages/airflow/example_dags/plugins/event_listener.py
[2024-05-02T00:19:17.658-0500] {processor.py:183} INFO - Processing /Users/nestoralfaro/Desktop/pbi-scenario-two/py_env/lib/python3.9/site-packages/airflow/example_dags/plugins/event_listener.py took 0.040 seconds
[2024-05-02T00:20:14.880-0500] {processor.py:161} INFO - Started process (PID=36843) to work on /Users/nestoralfaro/Desktop/pbi-scenario-two/py_env/lib/python3.9/site-packages/airflow/example_dags/plugins/event_listener.py
[2024-05-02T00:20:14.881-0500] {processor.py:830} INFO - Processing file /Users/nestoralfaro/Desktop/pbi-scenario-two/py_env/lib/python3.9/site-packages/airflow/example_dags/plugins/event_listener.py for tasks to queue
[2024-05-02T00:20:14.881-0500] {logging_mixin.py:188} INFO - [2024-05-02T00:20:14.881-0500] {dagbag.py:540} INFO - Filling up the DagBag from /Users/nestoralfaro/Desktop/pbi-scenario-two/py_env/lib/python3.9/site-packages/airflow/example_dags/plugins/event_listener.py
[2024-05-02T00:20:14.882-0500] {processor.py:842} WARNING - No viable dags retrieved from /Users/nestoralfaro/Desktop/pbi-scenario-two/py_env/lib/python3.9/site-packages/airflow/example_dags/plugins/event_listener.py
[2024-05-02T00:20:14.924-0500] {processor.py:183} INFO - Processing /Users/nestoralfaro/Desktop/pbi-scenario-two/py_env/lib/python3.9/site-packages/airflow/example_dags/plugins/event_listener.py took 0.046 seconds
[2024-05-02T00:21:14.286-0500] {processor.py:161} INFO - Started process (PID=36880) to work on /Users/nestoralfaro/Desktop/pbi-scenario-two/py_env/lib/python3.9/site-packages/airflow/example_dags/plugins/event_listener.py
[2024-05-02T00:21:14.287-0500] {processor.py:830} INFO - Processing file /Users/nestoralfaro/Desktop/pbi-scenario-two/py_env/lib/python3.9/site-packages/airflow/example_dags/plugins/event_listener.py for tasks to queue
[2024-05-02T00:21:14.288-0500] {logging_mixin.py:188} INFO - [2024-05-02T00:21:14.288-0500] {dagbag.py:540} INFO - Filling up the DagBag from /Users/nestoralfaro/Desktop/pbi-scenario-two/py_env/lib/python3.9/site-packages/airflow/example_dags/plugins/event_listener.py
[2024-05-02T00:21:14.288-0500] {processor.py:842} WARNING - No viable dags retrieved from /Users/nestoralfaro/Desktop/pbi-scenario-two/py_env/lib/python3.9/site-packages/airflow/example_dags/plugins/event_listener.py
[2024-05-02T00:21:14.329-0500] {processor.py:183} INFO - Processing /Users/nestoralfaro/Desktop/pbi-scenario-two/py_env/lib/python3.9/site-packages/airflow/example_dags/plugins/event_listener.py took 0.044 seconds
[2024-05-02T00:22:12.283-0500] {processor.py:161} INFO - Started process (PID=36936) to work on /Users/nestoralfaro/Desktop/pbi-scenario-two/py_env/lib/python3.9/site-packages/airflow/example_dags/plugins/event_listener.py
[2024-05-02T00:22:12.286-0500] {processor.py:830} INFO - Processing file /Users/nestoralfaro/Desktop/pbi-scenario-two/py_env/lib/python3.9/site-packages/airflow/example_dags/plugins/event_listener.py for tasks to queue
[2024-05-02T00:22:12.286-0500] {logging_mixin.py:188} INFO - [2024-05-02T00:22:12.286-0500] {dagbag.py:540} INFO - Filling up the DagBag from /Users/nestoralfaro/Desktop/pbi-scenario-two/py_env/lib/python3.9/site-packages/airflow/example_dags/plugins/event_listener.py
[2024-05-02T00:22:12.287-0500] {processor.py:842} WARNING - No viable dags retrieved from /Users/nestoralfaro/Desktop/pbi-scenario-two/py_env/lib/python3.9/site-packages/airflow/example_dags/plugins/event_listener.py
[2024-05-02T00:22:12.327-0500] {processor.py:183} INFO - Processing /Users/nestoralfaro/Desktop/pbi-scenario-two/py_env/lib/python3.9/site-packages/airflow/example_dags/plugins/event_listener.py took 0.045 seconds
[2024-05-02T00:23:07.931-0500] {processor.py:161} INFO - Started process (PID=36993) to work on /Users/nestoralfaro/Desktop/pbi-scenario-two/py_env/lib/python3.9/site-packages/airflow/example_dags/plugins/event_listener.py
[2024-05-02T00:23:07.933-0500] {processor.py:830} INFO - Processing file /Users/nestoralfaro/Desktop/pbi-scenario-two/py_env/lib/python3.9/site-packages/airflow/example_dags/plugins/event_listener.py for tasks to queue
[2024-05-02T00:23:07.934-0500] {logging_mixin.py:188} INFO - [2024-05-02T00:23:07.934-0500] {dagbag.py:540} INFO - Filling up the DagBag from /Users/nestoralfaro/Desktop/pbi-scenario-two/py_env/lib/python3.9/site-packages/airflow/example_dags/plugins/event_listener.py
[2024-05-02T00:23:07.934-0500] {processor.py:842} WARNING - No viable dags retrieved from /Users/nestoralfaro/Desktop/pbi-scenario-two/py_env/lib/python3.9/site-packages/airflow/example_dags/plugins/event_listener.py
[2024-05-02T00:23:07.970-0500] {processor.py:183} INFO - Processing /Users/nestoralfaro/Desktop/pbi-scenario-two/py_env/lib/python3.9/site-packages/airflow/example_dags/plugins/event_listener.py took 0.040 seconds
[2024-05-02T00:24:03.030-0500] {processor.py:161} INFO - Started process (PID=37039) to work on /Users/nestoralfaro/Desktop/pbi-scenario-two/py_env/lib/python3.9/site-packages/airflow/example_dags/plugins/event_listener.py
[2024-05-02T00:24:03.032-0500] {processor.py:830} INFO - Processing file /Users/nestoralfaro/Desktop/pbi-scenario-two/py_env/lib/python3.9/site-packages/airflow/example_dags/plugins/event_listener.py for tasks to queue
[2024-05-02T00:24:03.032-0500] {logging_mixin.py:188} INFO - [2024-05-02T00:24:03.032-0500] {dagbag.py:540} INFO - Filling up the DagBag from /Users/nestoralfaro/Desktop/pbi-scenario-two/py_env/lib/python3.9/site-packages/airflow/example_dags/plugins/event_listener.py
[2024-05-02T00:24:03.033-0500] {processor.py:842} WARNING - No viable dags retrieved from /Users/nestoralfaro/Desktop/pbi-scenario-two/py_env/lib/python3.9/site-packages/airflow/example_dags/plugins/event_listener.py
[2024-05-02T00:24:03.071-0500] {processor.py:183} INFO - Processing /Users/nestoralfaro/Desktop/pbi-scenario-two/py_env/lib/python3.9/site-packages/airflow/example_dags/plugins/event_listener.py took 0.043 seconds
