[2024-05-01T23:30:03.114-0500] {processor.py:161} INFO - Started process (PID=34729) to work on /Users/nestoralfaro/Desktop/pbi-scenario-two/py_env/lib/python3.9/site-packages/airflow/example_dags/plugins/workday.py
[2024-05-01T23:30:03.115-0500] {processor.py:830} INFO - Processing file /Users/nestoralfaro/Desktop/pbi-scenario-two/py_env/lib/python3.9/site-packages/airflow/example_dags/plugins/workday.py for tasks to queue
[2024-05-01T23:30:03.115-0500] {logging_mixin.py:188} INFO - [2024-05-01T23:30:03.115-0500] {dagbag.py:540} INFO - Filling up the DagBag from /Users/nestoralfaro/Desktop/pbi-scenario-two/py_env/lib/python3.9/site-packages/airflow/example_dags/plugins/workday.py
[2024-05-01T23:30:03.116-0500] {logging_mixin.py:188} INFO - [2024-05-01T23:30:03.116-0500] {workday.py:41} WARNING - Could not import pandas. Holidays will not be considered.
[2024-05-01T23:30:03.116-0500] {processor.py:842} WARNING - No viable dags retrieved from /Users/nestoralfaro/Desktop/pbi-scenario-two/py_env/lib/python3.9/site-packages/airflow/example_dags/plugins/workday.py
[2024-05-01T23:30:03.154-0500] {processor.py:183} INFO - Processing /Users/nestoralfaro/Desktop/pbi-scenario-two/py_env/lib/python3.9/site-packages/airflow/example_dags/plugins/workday.py took 0.042 seconds
[2024-05-01T23:31:30.902-0500] {processor.py:161} INFO - Started process (PID=34789) to work on /Users/nestoralfaro/Desktop/pbi-scenario-two/py_env/lib/python3.9/site-packages/airflow/example_dags/plugins/workday.py
[2024-05-01T23:31:30.904-0500] {processor.py:830} INFO - Processing file /Users/nestoralfaro/Desktop/pbi-scenario-two/py_env/lib/python3.9/site-packages/airflow/example_dags/plugins/workday.py for tasks to queue
[2024-05-01T23:31:30.904-0500] {logging_mixin.py:188} INFO - [2024-05-01T23:31:30.904-0500] {dagbag.py:540} INFO - Filling up the DagBag from /Users/nestoralfaro/Desktop/pbi-scenario-two/py_env/lib/python3.9/site-packages/airflow/example_dags/plugins/workday.py
[2024-05-01T23:31:30.905-0500] {logging_mixin.py:188} INFO - [2024-05-01T23:31:30.905-0500] {workday.py:41} WARNING - Could not import pandas. Holidays will not be considered.
[2024-05-01T23:31:30.905-0500] {processor.py:842} WARNING - No viable dags retrieved from /Users/nestoralfaro/Desktop/pbi-scenario-two/py_env/lib/python3.9/site-packages/airflow/example_dags/plugins/workday.py
[2024-05-01T23:31:30.945-0500] {processor.py:183} INFO - Processing /Users/nestoralfaro/Desktop/pbi-scenario-two/py_env/lib/python3.9/site-packages/airflow/example_dags/plugins/workday.py took 0.045 seconds
[2024-05-01T23:32:36.115-0500] {processor.py:161} INFO - Started process (PID=34845) to work on /Users/nestoralfaro/Desktop/pbi-scenario-two/py_env/lib/python3.9/site-packages/airflow/example_dags/plugins/workday.py
[2024-05-01T23:32:36.117-0500] {processor.py:830} INFO - Processing file /Users/nestoralfaro/Desktop/pbi-scenario-two/py_env/lib/python3.9/site-packages/airflow/example_dags/plugins/workday.py for tasks to queue
[2024-05-01T23:32:36.118-0500] {logging_mixin.py:188} INFO - [2024-05-01T23:32:36.118-0500] {dagbag.py:540} INFO - Filling up the DagBag from /Users/nestoralfaro/Desktop/pbi-scenario-two/py_env/lib/python3.9/site-packages/airflow/example_dags/plugins/workday.py
[2024-05-01T23:32:36.118-0500] {logging_mixin.py:188} INFO - [2024-05-01T23:32:36.118-0500] {workday.py:41} WARNING - Could not import pandas. Holidays will not be considered.
[2024-05-01T23:32:36.118-0500] {processor.py:842} WARNING - No viable dags retrieved from /Users/nestoralfaro/Desktop/pbi-scenario-two/py_env/lib/python3.9/site-packages/airflow/example_dags/plugins/workday.py
[2024-05-01T23:32:36.155-0500] {processor.py:183} INFO - Processing /Users/nestoralfaro/Desktop/pbi-scenario-two/py_env/lib/python3.9/site-packages/airflow/example_dags/plugins/workday.py took 0.041 seconds
[2024-05-01T23:33:39.352-0500] {processor.py:161} INFO - Started process (PID=34896) to work on /Users/nestoralfaro/Desktop/pbi-scenario-two/py_env/lib/python3.9/site-packages/airflow/example_dags/plugins/workday.py
[2024-05-01T23:33:39.355-0500] {processor.py:830} INFO - Processing file /Users/nestoralfaro/Desktop/pbi-scenario-two/py_env/lib/python3.9/site-packages/airflow/example_dags/plugins/workday.py for tasks to queue
[2024-05-01T23:33:39.356-0500] {logging_mixin.py:188} INFO - [2024-05-01T23:33:39.355-0500] {dagbag.py:540} INFO - Filling up the DagBag from /Users/nestoralfaro/Desktop/pbi-scenario-two/py_env/lib/python3.9/site-packages/airflow/example_dags/plugins/workday.py
[2024-05-01T23:33:39.358-0500] {logging_mixin.py:188} INFO - [2024-05-01T23:33:39.358-0500] {workday.py:41} WARNING - Could not import pandas. Holidays will not be considered.
[2024-05-01T23:33:39.358-0500] {processor.py:842} WARNING - No viable dags retrieved from /Users/nestoralfaro/Desktop/pbi-scenario-two/py_env/lib/python3.9/site-packages/airflow/example_dags/plugins/workday.py
[2024-05-01T23:33:39.402-0500] {processor.py:183} INFO - Processing /Users/nestoralfaro/Desktop/pbi-scenario-two/py_env/lib/python3.9/site-packages/airflow/example_dags/plugins/workday.py took 0.051 seconds
[2024-05-01T23:34:38.126-0500] {processor.py:161} INFO - Started process (PID=34932) to work on /Users/nestoralfaro/Desktop/pbi-scenario-two/py_env/lib/python3.9/site-packages/airflow/example_dags/plugins/workday.py
[2024-05-01T23:34:38.127-0500] {processor.py:830} INFO - Processing file /Users/nestoralfaro/Desktop/pbi-scenario-two/py_env/lib/python3.9/site-packages/airflow/example_dags/plugins/workday.py for tasks to queue
[2024-05-01T23:34:38.127-0500] {logging_mixin.py:188} INFO - [2024-05-01T23:34:38.127-0500] {dagbag.py:540} INFO - Filling up the DagBag from /Users/nestoralfaro/Desktop/pbi-scenario-two/py_env/lib/python3.9/site-packages/airflow/example_dags/plugins/workday.py
[2024-05-01T23:34:38.128-0500] {logging_mixin.py:188} INFO - [2024-05-01T23:34:38.128-0500] {workday.py:41} WARNING - Could not import pandas. Holidays will not be considered.
[2024-05-01T23:34:38.128-0500] {processor.py:842} WARNING - No viable dags retrieved from /Users/nestoralfaro/Desktop/pbi-scenario-two/py_env/lib/python3.9/site-packages/airflow/example_dags/plugins/workday.py
[2024-05-01T23:34:38.167-0500] {processor.py:183} INFO - Processing /Users/nestoralfaro/Desktop/pbi-scenario-two/py_env/lib/python3.9/site-packages/airflow/example_dags/plugins/workday.py took 0.043 seconds
[2024-05-01T23:35:35.355-0500] {processor.py:161} INFO - Started process (PID=34966) to work on /Users/nestoralfaro/Desktop/pbi-scenario-two/py_env/lib/python3.9/site-packages/airflow/example_dags/plugins/workday.py
[2024-05-01T23:35:35.356-0500] {processor.py:830} INFO - Processing file /Users/nestoralfaro/Desktop/pbi-scenario-two/py_env/lib/python3.9/site-packages/airflow/example_dags/plugins/workday.py for tasks to queue
[2024-05-01T23:35:35.356-0500] {logging_mixin.py:188} INFO - [2024-05-01T23:35:35.356-0500] {dagbag.py:540} INFO - Filling up the DagBag from /Users/nestoralfaro/Desktop/pbi-scenario-two/py_env/lib/python3.9/site-packages/airflow/example_dags/plugins/workday.py
[2024-05-01T23:35:35.357-0500] {logging_mixin.py:188} INFO - [2024-05-01T23:35:35.357-0500] {workday.py:41} WARNING - Could not import pandas. Holidays will not be considered.
[2024-05-01T23:35:35.357-0500] {processor.py:842} WARNING - No viable dags retrieved from /Users/nestoralfaro/Desktop/pbi-scenario-two/py_env/lib/python3.9/site-packages/airflow/example_dags/plugins/workday.py
[2024-05-01T23:35:35.396-0500] {processor.py:183} INFO - Processing /Users/nestoralfaro/Desktop/pbi-scenario-two/py_env/lib/python3.9/site-packages/airflow/example_dags/plugins/workday.py took 0.042 seconds
[2024-05-01T23:36:30.837-0500] {processor.py:161} INFO - Started process (PID=35001) to work on /Users/nestoralfaro/Desktop/pbi-scenario-two/py_env/lib/python3.9/site-packages/airflow/example_dags/plugins/workday.py
[2024-05-01T23:36:30.838-0500] {processor.py:830} INFO - Processing file /Users/nestoralfaro/Desktop/pbi-scenario-two/py_env/lib/python3.9/site-packages/airflow/example_dags/plugins/workday.py for tasks to queue
[2024-05-01T23:36:30.838-0500] {logging_mixin.py:188} INFO - [2024-05-01T23:36:30.838-0500] {dagbag.py:540} INFO - Filling up the DagBag from /Users/nestoralfaro/Desktop/pbi-scenario-two/py_env/lib/python3.9/site-packages/airflow/example_dags/plugins/workday.py
[2024-05-01T23:36:30.839-0500] {logging_mixin.py:188} INFO - [2024-05-01T23:36:30.839-0500] {workday.py:41} WARNING - Could not import pandas. Holidays will not be considered.
[2024-05-01T23:36:30.839-0500] {processor.py:842} WARNING - No viable dags retrieved from /Users/nestoralfaro/Desktop/pbi-scenario-two/py_env/lib/python3.9/site-packages/airflow/example_dags/plugins/workday.py
[2024-05-01T23:36:30.881-0500] {processor.py:183} INFO - Processing /Users/nestoralfaro/Desktop/pbi-scenario-two/py_env/lib/python3.9/site-packages/airflow/example_dags/plugins/workday.py took 0.045 seconds
[2024-05-01T23:37:28.064-0500] {processor.py:161} INFO - Started process (PID=35035) to work on /Users/nestoralfaro/Desktop/pbi-scenario-two/py_env/lib/python3.9/site-packages/airflow/example_dags/plugins/workday.py
[2024-05-01T23:37:28.066-0500] {processor.py:830} INFO - Processing file /Users/nestoralfaro/Desktop/pbi-scenario-two/py_env/lib/python3.9/site-packages/airflow/example_dags/plugins/workday.py for tasks to queue
[2024-05-01T23:37:28.067-0500] {logging_mixin.py:188} INFO - [2024-05-01T23:37:28.067-0500] {dagbag.py:540} INFO - Filling up the DagBag from /Users/nestoralfaro/Desktop/pbi-scenario-two/py_env/lib/python3.9/site-packages/airflow/example_dags/plugins/workday.py
[2024-05-01T23:37:28.067-0500] {logging_mixin.py:188} INFO - [2024-05-01T23:37:28.067-0500] {workday.py:41} WARNING - Could not import pandas. Holidays will not be considered.
[2024-05-01T23:37:28.068-0500] {processor.py:842} WARNING - No viable dags retrieved from /Users/nestoralfaro/Desktop/pbi-scenario-two/py_env/lib/python3.9/site-packages/airflow/example_dags/plugins/workday.py
[2024-05-01T23:37:28.105-0500] {processor.py:183} INFO - Processing /Users/nestoralfaro/Desktop/pbi-scenario-two/py_env/lib/python3.9/site-packages/airflow/example_dags/plugins/workday.py took 0.044 seconds
[2024-05-01T23:38:25.625-0500] {processor.py:161} INFO - Started process (PID=35070) to work on /Users/nestoralfaro/Desktop/pbi-scenario-two/py_env/lib/python3.9/site-packages/airflow/example_dags/plugins/workday.py
[2024-05-01T23:38:25.627-0500] {processor.py:830} INFO - Processing file /Users/nestoralfaro/Desktop/pbi-scenario-two/py_env/lib/python3.9/site-packages/airflow/example_dags/plugins/workday.py for tasks to queue
[2024-05-01T23:38:25.627-0500] {logging_mixin.py:188} INFO - [2024-05-01T23:38:25.627-0500] {dagbag.py:540} INFO - Filling up the DagBag from /Users/nestoralfaro/Desktop/pbi-scenario-two/py_env/lib/python3.9/site-packages/airflow/example_dags/plugins/workday.py
[2024-05-01T23:38:25.628-0500] {logging_mixin.py:188} INFO - [2024-05-01T23:38:25.628-0500] {workday.py:41} WARNING - Could not import pandas. Holidays will not be considered.
[2024-05-01T23:38:25.628-0500] {processor.py:842} WARNING - No viable dags retrieved from /Users/nestoralfaro/Desktop/pbi-scenario-two/py_env/lib/python3.9/site-packages/airflow/example_dags/plugins/workday.py
[2024-05-01T23:38:25.664-0500] {processor.py:183} INFO - Processing /Users/nestoralfaro/Desktop/pbi-scenario-two/py_env/lib/python3.9/site-packages/airflow/example_dags/plugins/workday.py took 0.040 seconds
[2024-05-01T23:39:23.780-0500] {processor.py:161} INFO - Started process (PID=35107) to work on /Users/nestoralfaro/Desktop/pbi-scenario-two/py_env/lib/python3.9/site-packages/airflow/example_dags/plugins/workday.py
[2024-05-01T23:39:23.782-0500] {processor.py:830} INFO - Processing file /Users/nestoralfaro/Desktop/pbi-scenario-two/py_env/lib/python3.9/site-packages/airflow/example_dags/plugins/workday.py for tasks to queue
[2024-05-01T23:39:23.782-0500] {logging_mixin.py:188} INFO - [2024-05-01T23:39:23.782-0500] {dagbag.py:540} INFO - Filling up the DagBag from /Users/nestoralfaro/Desktop/pbi-scenario-two/py_env/lib/python3.9/site-packages/airflow/example_dags/plugins/workday.py
[2024-05-01T23:39:23.783-0500] {logging_mixin.py:188} INFO - [2024-05-01T23:39:23.783-0500] {workday.py:41} WARNING - Could not import pandas. Holidays will not be considered.
[2024-05-01T23:39:23.783-0500] {processor.py:842} WARNING - No viable dags retrieved from /Users/nestoralfaro/Desktop/pbi-scenario-two/py_env/lib/python3.9/site-packages/airflow/example_dags/plugins/workday.py
[2024-05-01T23:39:23.824-0500] {processor.py:183} INFO - Processing /Users/nestoralfaro/Desktop/pbi-scenario-two/py_env/lib/python3.9/site-packages/airflow/example_dags/plugins/workday.py took 0.046 seconds
[2024-05-01T23:40:19.942-0500] {processor.py:161} INFO - Started process (PID=35158) to work on /Users/nestoralfaro/Desktop/pbi-scenario-two/py_env/lib/python3.9/site-packages/airflow/example_dags/plugins/workday.py
[2024-05-01T23:40:19.944-0500] {processor.py:830} INFO - Processing file /Users/nestoralfaro/Desktop/pbi-scenario-two/py_env/lib/python3.9/site-packages/airflow/example_dags/plugins/workday.py for tasks to queue
[2024-05-01T23:40:19.944-0500] {logging_mixin.py:188} INFO - [2024-05-01T23:40:19.944-0500] {dagbag.py:540} INFO - Filling up the DagBag from /Users/nestoralfaro/Desktop/pbi-scenario-two/py_env/lib/python3.9/site-packages/airflow/example_dags/plugins/workday.py
[2024-05-01T23:40:19.945-0500] {logging_mixin.py:188} INFO - [2024-05-01T23:40:19.945-0500] {workday.py:41} WARNING - Could not import pandas. Holidays will not be considered.
[2024-05-01T23:40:19.945-0500] {processor.py:842} WARNING - No viable dags retrieved from /Users/nestoralfaro/Desktop/pbi-scenario-two/py_env/lib/python3.9/site-packages/airflow/example_dags/plugins/workday.py
[2024-05-01T23:40:19.983-0500] {processor.py:183} INFO - Processing /Users/nestoralfaro/Desktop/pbi-scenario-two/py_env/lib/python3.9/site-packages/airflow/example_dags/plugins/workday.py took 0.042 seconds
[2024-05-01T23:41:15.667-0500] {processor.py:161} INFO - Started process (PID=35195) to work on /Users/nestoralfaro/Desktop/pbi-scenario-two/py_env/lib/python3.9/site-packages/airflow/example_dags/plugins/workday.py
[2024-05-01T23:41:15.669-0500] {processor.py:830} INFO - Processing file /Users/nestoralfaro/Desktop/pbi-scenario-two/py_env/lib/python3.9/site-packages/airflow/example_dags/plugins/workday.py for tasks to queue
[2024-05-01T23:41:15.670-0500] {logging_mixin.py:188} INFO - [2024-05-01T23:41:15.669-0500] {dagbag.py:540} INFO - Filling up the DagBag from /Users/nestoralfaro/Desktop/pbi-scenario-two/py_env/lib/python3.9/site-packages/airflow/example_dags/plugins/workday.py
[2024-05-01T23:41:15.671-0500] {logging_mixin.py:188} INFO - [2024-05-01T23:41:15.670-0500] {workday.py:41} WARNING - Could not import pandas. Holidays will not be considered.
[2024-05-01T23:41:15.671-0500] {processor.py:842} WARNING - No viable dags retrieved from /Users/nestoralfaro/Desktop/pbi-scenario-two/py_env/lib/python3.9/site-packages/airflow/example_dags/plugins/workday.py
[2024-05-01T23:41:15.713-0500] {processor.py:183} INFO - Processing /Users/nestoralfaro/Desktop/pbi-scenario-two/py_env/lib/python3.9/site-packages/airflow/example_dags/plugins/workday.py took 0.048 seconds
[2024-05-01T23:41:47.456-0500] {processor.py:161} INFO - Started process (PID=35220) to work on /Users/nestoralfaro/Desktop/pbi-scenario-two/py_env/lib/python3.9/site-packages/airflow/example_dags/plugins/workday.py
[2024-05-01T23:41:47.457-0500] {processor.py:830} INFO - Processing file /Users/nestoralfaro/Desktop/pbi-scenario-two/py_env/lib/python3.9/site-packages/airflow/example_dags/plugins/workday.py for tasks to queue
[2024-05-01T23:41:47.457-0500] {logging_mixin.py:188} INFO - [2024-05-01T23:41:47.457-0500] {dagbag.py:540} INFO - Filling up the DagBag from /Users/nestoralfaro/Desktop/pbi-scenario-two/py_env/lib/python3.9/site-packages/airflow/example_dags/plugins/workday.py
[2024-05-01T23:41:47.458-0500] {logging_mixin.py:188} INFO - [2024-05-01T23:41:47.458-0500] {workday.py:41} WARNING - Could not import pandas. Holidays will not be considered.
[2024-05-01T23:41:47.458-0500] {processor.py:842} WARNING - No viable dags retrieved from /Users/nestoralfaro/Desktop/pbi-scenario-two/py_env/lib/python3.9/site-packages/airflow/example_dags/plugins/workday.py
[2024-05-01T23:41:47.500-0500] {processor.py:183} INFO - Processing /Users/nestoralfaro/Desktop/pbi-scenario-two/py_env/lib/python3.9/site-packages/airflow/example_dags/plugins/workday.py took 0.045 seconds
[2024-05-01T23:43:18.539-0500] {processor.py:161} INFO - Started process (PID=35299) to work on /Users/nestoralfaro/Desktop/pbi-scenario-two/py_env/lib/python3.9/site-packages/airflow/example_dags/plugins/workday.py
[2024-05-01T23:43:18.541-0500] {processor.py:830} INFO - Processing file /Users/nestoralfaro/Desktop/pbi-scenario-two/py_env/lib/python3.9/site-packages/airflow/example_dags/plugins/workday.py for tasks to queue
[2024-05-01T23:43:18.541-0500] {logging_mixin.py:188} INFO - [2024-05-01T23:43:18.541-0500] {dagbag.py:540} INFO - Filling up the DagBag from /Users/nestoralfaro/Desktop/pbi-scenario-two/py_env/lib/python3.9/site-packages/airflow/example_dags/plugins/workday.py
[2024-05-01T23:43:18.542-0500] {logging_mixin.py:188} INFO - [2024-05-01T23:43:18.542-0500] {workday.py:41} WARNING - Could not import pandas. Holidays will not be considered.
[2024-05-01T23:43:18.542-0500] {processor.py:842} WARNING - No viable dags retrieved from /Users/nestoralfaro/Desktop/pbi-scenario-two/py_env/lib/python3.9/site-packages/airflow/example_dags/plugins/workday.py
[2024-05-01T23:43:18.581-0500] {processor.py:183} INFO - Processing /Users/nestoralfaro/Desktop/pbi-scenario-two/py_env/lib/python3.9/site-packages/airflow/example_dags/plugins/workday.py took 0.044 seconds
[2024-05-01T23:44:17.636-0500] {processor.py:161} INFO - Started process (PID=35334) to work on /Users/nestoralfaro/Desktop/pbi-scenario-two/py_env/lib/python3.9/site-packages/airflow/example_dags/plugins/workday.py
[2024-05-01T23:44:17.638-0500] {processor.py:830} INFO - Processing file /Users/nestoralfaro/Desktop/pbi-scenario-two/py_env/lib/python3.9/site-packages/airflow/example_dags/plugins/workday.py for tasks to queue
[2024-05-01T23:44:17.638-0500] {logging_mixin.py:188} INFO - [2024-05-01T23:44:17.638-0500] {dagbag.py:540} INFO - Filling up the DagBag from /Users/nestoralfaro/Desktop/pbi-scenario-two/py_env/lib/python3.9/site-packages/airflow/example_dags/plugins/workday.py
[2024-05-01T23:44:17.639-0500] {logging_mixin.py:188} INFO - [2024-05-01T23:44:17.639-0500] {workday.py:41} WARNING - Could not import pandas. Holidays will not be considered.
[2024-05-01T23:44:17.639-0500] {processor.py:842} WARNING - No viable dags retrieved from /Users/nestoralfaro/Desktop/pbi-scenario-two/py_env/lib/python3.9/site-packages/airflow/example_dags/plugins/workday.py
[2024-05-01T23:44:17.675-0500] {processor.py:183} INFO - Processing /Users/nestoralfaro/Desktop/pbi-scenario-two/py_env/lib/python3.9/site-packages/airflow/example_dags/plugins/workday.py took 0.040 seconds
[2024-05-01T23:45:17.554-0500] {processor.py:161} INFO - Started process (PID=35383) to work on /Users/nestoralfaro/Desktop/pbi-scenario-two/py_env/lib/python3.9/site-packages/airflow/example_dags/plugins/workday.py
[2024-05-01T23:45:17.556-0500] {processor.py:830} INFO - Processing file /Users/nestoralfaro/Desktop/pbi-scenario-two/py_env/lib/python3.9/site-packages/airflow/example_dags/plugins/workday.py for tasks to queue
[2024-05-01T23:45:17.556-0500] {logging_mixin.py:188} INFO - [2024-05-01T23:45:17.556-0500] {dagbag.py:540} INFO - Filling up the DagBag from /Users/nestoralfaro/Desktop/pbi-scenario-two/py_env/lib/python3.9/site-packages/airflow/example_dags/plugins/workday.py
[2024-05-01T23:45:17.557-0500] {logging_mixin.py:188} INFO - [2024-05-01T23:45:17.557-0500] {workday.py:41} WARNING - Could not import pandas. Holidays will not be considered.
[2024-05-01T23:45:17.557-0500] {processor.py:842} WARNING - No viable dags retrieved from /Users/nestoralfaro/Desktop/pbi-scenario-two/py_env/lib/python3.9/site-packages/airflow/example_dags/plugins/workday.py
[2024-05-01T23:45:17.597-0500] {processor.py:183} INFO - Processing /Users/nestoralfaro/Desktop/pbi-scenario-two/py_env/lib/python3.9/site-packages/airflow/example_dags/plugins/workday.py took 0.045 seconds
[2024-05-01T23:46:12.827-0500] {processor.py:161} INFO - Started process (PID=35418) to work on /Users/nestoralfaro/Desktop/pbi-scenario-two/py_env/lib/python3.9/site-packages/airflow/example_dags/plugins/workday.py
[2024-05-01T23:46:12.829-0500] {processor.py:830} INFO - Processing file /Users/nestoralfaro/Desktop/pbi-scenario-two/py_env/lib/python3.9/site-packages/airflow/example_dags/plugins/workday.py for tasks to queue
[2024-05-01T23:46:12.829-0500] {logging_mixin.py:188} INFO - [2024-05-01T23:46:12.829-0500] {dagbag.py:540} INFO - Filling up the DagBag from /Users/nestoralfaro/Desktop/pbi-scenario-two/py_env/lib/python3.9/site-packages/airflow/example_dags/plugins/workday.py
[2024-05-01T23:46:12.829-0500] {logging_mixin.py:188} INFO - [2024-05-01T23:46:12.829-0500] {workday.py:41} WARNING - Could not import pandas. Holidays will not be considered.
[2024-05-01T23:46:12.830-0500] {processor.py:842} WARNING - No viable dags retrieved from /Users/nestoralfaro/Desktop/pbi-scenario-two/py_env/lib/python3.9/site-packages/airflow/example_dags/plugins/workday.py
[2024-05-01T23:46:12.870-0500] {processor.py:183} INFO - Processing /Users/nestoralfaro/Desktop/pbi-scenario-two/py_env/lib/python3.9/site-packages/airflow/example_dags/plugins/workday.py took 0.044 seconds
[2024-05-01T23:47:08.753-0500] {processor.py:161} INFO - Started process (PID=35451) to work on /Users/nestoralfaro/Desktop/pbi-scenario-two/py_env/lib/python3.9/site-packages/airflow/example_dags/plugins/workday.py
[2024-05-01T23:47:08.755-0500] {processor.py:830} INFO - Processing file /Users/nestoralfaro/Desktop/pbi-scenario-two/py_env/lib/python3.9/site-packages/airflow/example_dags/plugins/workday.py for tasks to queue
[2024-05-01T23:47:08.755-0500] {logging_mixin.py:188} INFO - [2024-05-01T23:47:08.755-0500] {dagbag.py:540} INFO - Filling up the DagBag from /Users/nestoralfaro/Desktop/pbi-scenario-two/py_env/lib/python3.9/site-packages/airflow/example_dags/plugins/workday.py
[2024-05-01T23:47:08.755-0500] {logging_mixin.py:188} INFO - [2024-05-01T23:47:08.755-0500] {workday.py:41} WARNING - Could not import pandas. Holidays will not be considered.
[2024-05-01T23:47:08.755-0500] {processor.py:842} WARNING - No viable dags retrieved from /Users/nestoralfaro/Desktop/pbi-scenario-two/py_env/lib/python3.9/site-packages/airflow/example_dags/plugins/workday.py
[2024-05-01T23:47:08.791-0500] {processor.py:183} INFO - Processing /Users/nestoralfaro/Desktop/pbi-scenario-two/py_env/lib/python3.9/site-packages/airflow/example_dags/plugins/workday.py took 0.039 seconds
[2024-05-01T23:48:04.375-0500] {processor.py:161} INFO - Started process (PID=35496) to work on /Users/nestoralfaro/Desktop/pbi-scenario-two/py_env/lib/python3.9/site-packages/airflow/example_dags/plugins/workday.py
[2024-05-01T23:48:04.378-0500] {processor.py:830} INFO - Processing file /Users/nestoralfaro/Desktop/pbi-scenario-two/py_env/lib/python3.9/site-packages/airflow/example_dags/plugins/workday.py for tasks to queue
[2024-05-01T23:48:04.378-0500] {logging_mixin.py:188} INFO - [2024-05-01T23:48:04.378-0500] {dagbag.py:540} INFO - Filling up the DagBag from /Users/nestoralfaro/Desktop/pbi-scenario-two/py_env/lib/python3.9/site-packages/airflow/example_dags/plugins/workday.py
[2024-05-01T23:48:04.379-0500] {logging_mixin.py:188} INFO - [2024-05-01T23:48:04.379-0500] {workday.py:41} WARNING - Could not import pandas. Holidays will not be considered.
[2024-05-01T23:48:04.379-0500] {processor.py:842} WARNING - No viable dags retrieved from /Users/nestoralfaro/Desktop/pbi-scenario-two/py_env/lib/python3.9/site-packages/airflow/example_dags/plugins/workday.py
[2024-05-01T23:48:04.417-0500] {processor.py:183} INFO - Processing /Users/nestoralfaro/Desktop/pbi-scenario-two/py_env/lib/python3.9/site-packages/airflow/example_dags/plugins/workday.py took 0.043 seconds
[2024-05-01T23:49:00.815-0500] {processor.py:161} INFO - Started process (PID=35539) to work on /Users/nestoralfaro/Desktop/pbi-scenario-two/py_env/lib/python3.9/site-packages/airflow/example_dags/plugins/workday.py
[2024-05-01T23:49:00.817-0500] {processor.py:830} INFO - Processing file /Users/nestoralfaro/Desktop/pbi-scenario-two/py_env/lib/python3.9/site-packages/airflow/example_dags/plugins/workday.py for tasks to queue
[2024-05-01T23:49:00.817-0500] {logging_mixin.py:188} INFO - [2024-05-01T23:49:00.817-0500] {dagbag.py:540} INFO - Filling up the DagBag from /Users/nestoralfaro/Desktop/pbi-scenario-two/py_env/lib/python3.9/site-packages/airflow/example_dags/plugins/workday.py
[2024-05-01T23:49:00.818-0500] {logging_mixin.py:188} INFO - [2024-05-01T23:49:00.818-0500] {workday.py:41} WARNING - Could not import pandas. Holidays will not be considered.
[2024-05-01T23:49:00.818-0500] {processor.py:842} WARNING - No viable dags retrieved from /Users/nestoralfaro/Desktop/pbi-scenario-two/py_env/lib/python3.9/site-packages/airflow/example_dags/plugins/workday.py
[2024-05-01T23:49:00.855-0500] {processor.py:183} INFO - Processing /Users/nestoralfaro/Desktop/pbi-scenario-two/py_env/lib/python3.9/site-packages/airflow/example_dags/plugins/workday.py took 0.042 seconds
[2024-05-01T23:49:59.536-0500] {processor.py:161} INFO - Started process (PID=35575) to work on /Users/nestoralfaro/Desktop/pbi-scenario-two/py_env/lib/python3.9/site-packages/airflow/example_dags/plugins/workday.py
[2024-05-01T23:49:59.538-0500] {processor.py:830} INFO - Processing file /Users/nestoralfaro/Desktop/pbi-scenario-two/py_env/lib/python3.9/site-packages/airflow/example_dags/plugins/workday.py for tasks to queue
[2024-05-01T23:49:59.538-0500] {logging_mixin.py:188} INFO - [2024-05-01T23:49:59.538-0500] {dagbag.py:540} INFO - Filling up the DagBag from /Users/nestoralfaro/Desktop/pbi-scenario-two/py_env/lib/python3.9/site-packages/airflow/example_dags/plugins/workday.py
[2024-05-01T23:49:59.539-0500] {logging_mixin.py:188} INFO - [2024-05-01T23:49:59.539-0500] {workday.py:41} WARNING - Could not import pandas. Holidays will not be considered.
[2024-05-01T23:49:59.539-0500] {processor.py:842} WARNING - No viable dags retrieved from /Users/nestoralfaro/Desktop/pbi-scenario-two/py_env/lib/python3.9/site-packages/airflow/example_dags/plugins/workday.py
[2024-05-01T23:49:59.576-0500] {processor.py:183} INFO - Processing /Users/nestoralfaro/Desktop/pbi-scenario-two/py_env/lib/python3.9/site-packages/airflow/example_dags/plugins/workday.py took 0.041 seconds
[2024-05-01T23:50:57.032-0500] {processor.py:161} INFO - Started process (PID=35610) to work on /Users/nestoralfaro/Desktop/pbi-scenario-two/py_env/lib/python3.9/site-packages/airflow/example_dags/plugins/workday.py
[2024-05-01T23:50:57.034-0500] {processor.py:830} INFO - Processing file /Users/nestoralfaro/Desktop/pbi-scenario-two/py_env/lib/python3.9/site-packages/airflow/example_dags/plugins/workday.py for tasks to queue
[2024-05-01T23:50:57.034-0500] {logging_mixin.py:188} INFO - [2024-05-01T23:50:57.034-0500] {dagbag.py:540} INFO - Filling up the DagBag from /Users/nestoralfaro/Desktop/pbi-scenario-two/py_env/lib/python3.9/site-packages/airflow/example_dags/plugins/workday.py
[2024-05-01T23:50:57.035-0500] {logging_mixin.py:188} INFO - [2024-05-01T23:50:57.035-0500] {workday.py:41} WARNING - Could not import pandas. Holidays will not be considered.
[2024-05-01T23:50:57.035-0500] {processor.py:842} WARNING - No viable dags retrieved from /Users/nestoralfaro/Desktop/pbi-scenario-two/py_env/lib/python3.9/site-packages/airflow/example_dags/plugins/workday.py
[2024-05-01T23:50:57.072-0500] {processor.py:183} INFO - Processing /Users/nestoralfaro/Desktop/pbi-scenario-two/py_env/lib/python3.9/site-packages/airflow/example_dags/plugins/workday.py took 0.041 seconds
[2024-05-01T23:51:51.800-0500] {processor.py:161} INFO - Started process (PID=35643) to work on /Users/nestoralfaro/Desktop/pbi-scenario-two/py_env/lib/python3.9/site-packages/airflow/example_dags/plugins/workday.py
[2024-05-01T23:51:51.801-0500] {processor.py:830} INFO - Processing file /Users/nestoralfaro/Desktop/pbi-scenario-two/py_env/lib/python3.9/site-packages/airflow/example_dags/plugins/workday.py for tasks to queue
[2024-05-01T23:51:51.801-0500] {logging_mixin.py:188} INFO - [2024-05-01T23:51:51.801-0500] {dagbag.py:540} INFO - Filling up the DagBag from /Users/nestoralfaro/Desktop/pbi-scenario-two/py_env/lib/python3.9/site-packages/airflow/example_dags/plugins/workday.py
[2024-05-01T23:51:51.802-0500] {logging_mixin.py:188} INFO - [2024-05-01T23:51:51.802-0500] {workday.py:41} WARNING - Could not import pandas. Holidays will not be considered.
[2024-05-01T23:51:51.802-0500] {processor.py:842} WARNING - No viable dags retrieved from /Users/nestoralfaro/Desktop/pbi-scenario-two/py_env/lib/python3.9/site-packages/airflow/example_dags/plugins/workday.py
[2024-05-01T23:51:51.839-0500] {processor.py:183} INFO - Processing /Users/nestoralfaro/Desktop/pbi-scenario-two/py_env/lib/python3.9/site-packages/airflow/example_dags/plugins/workday.py took 0.040 seconds
[2024-05-01T23:52:51.804-0500] {processor.py:161} INFO - Started process (PID=35695) to work on /Users/nestoralfaro/Desktop/pbi-scenario-two/py_env/lib/python3.9/site-packages/airflow/example_dags/plugins/workday.py
[2024-05-01T23:52:51.806-0500] {processor.py:830} INFO - Processing file /Users/nestoralfaro/Desktop/pbi-scenario-two/py_env/lib/python3.9/site-packages/airflow/example_dags/plugins/workday.py for tasks to queue
[2024-05-01T23:52:51.806-0500] {logging_mixin.py:188} INFO - [2024-05-01T23:52:51.806-0500] {dagbag.py:540} INFO - Filling up the DagBag from /Users/nestoralfaro/Desktop/pbi-scenario-two/py_env/lib/python3.9/site-packages/airflow/example_dags/plugins/workday.py
[2024-05-01T23:52:51.807-0500] {logging_mixin.py:188} INFO - [2024-05-01T23:52:51.807-0500] {workday.py:41} WARNING - Could not import pandas. Holidays will not be considered.
[2024-05-01T23:52:51.807-0500] {processor.py:842} WARNING - No viable dags retrieved from /Users/nestoralfaro/Desktop/pbi-scenario-two/py_env/lib/python3.9/site-packages/airflow/example_dags/plugins/workday.py
[2024-05-01T23:52:51.845-0500] {processor.py:183} INFO - Processing /Users/nestoralfaro/Desktop/pbi-scenario-two/py_env/lib/python3.9/site-packages/airflow/example_dags/plugins/workday.py took 0.043 seconds
[2024-05-01T23:53:51.141-0500] {processor.py:161} INFO - Started process (PID=35729) to work on /Users/nestoralfaro/Desktop/pbi-scenario-two/py_env/lib/python3.9/site-packages/airflow/example_dags/plugins/workday.py
[2024-05-01T23:53:51.143-0500] {processor.py:830} INFO - Processing file /Users/nestoralfaro/Desktop/pbi-scenario-two/py_env/lib/python3.9/site-packages/airflow/example_dags/plugins/workday.py for tasks to queue
[2024-05-01T23:53:51.143-0500] {logging_mixin.py:188} INFO - [2024-05-01T23:53:51.143-0500] {dagbag.py:540} INFO - Filling up the DagBag from /Users/nestoralfaro/Desktop/pbi-scenario-two/py_env/lib/python3.9/site-packages/airflow/example_dags/plugins/workday.py
[2024-05-01T23:53:51.143-0500] {logging_mixin.py:188} INFO - [2024-05-01T23:53:51.143-0500] {workday.py:41} WARNING - Could not import pandas. Holidays will not be considered.
[2024-05-01T23:53:51.144-0500] {processor.py:842} WARNING - No viable dags retrieved from /Users/nestoralfaro/Desktop/pbi-scenario-two/py_env/lib/python3.9/site-packages/airflow/example_dags/plugins/workday.py
[2024-05-01T23:53:51.181-0500] {processor.py:183} INFO - Processing /Users/nestoralfaro/Desktop/pbi-scenario-two/py_env/lib/python3.9/site-packages/airflow/example_dags/plugins/workday.py took 0.041 seconds
[2024-05-01T23:54:48.909-0500] {processor.py:161} INFO - Started process (PID=35763) to work on /Users/nestoralfaro/Desktop/pbi-scenario-two/py_env/lib/python3.9/site-packages/airflow/example_dags/plugins/workday.py
[2024-05-01T23:54:48.910-0500] {processor.py:830} INFO - Processing file /Users/nestoralfaro/Desktop/pbi-scenario-two/py_env/lib/python3.9/site-packages/airflow/example_dags/plugins/workday.py for tasks to queue
[2024-05-01T23:54:48.911-0500] {logging_mixin.py:188} INFO - [2024-05-01T23:54:48.911-0500] {dagbag.py:540} INFO - Filling up the DagBag from /Users/nestoralfaro/Desktop/pbi-scenario-two/py_env/lib/python3.9/site-packages/airflow/example_dags/plugins/workday.py
[2024-05-01T23:54:48.911-0500] {logging_mixin.py:188} INFO - [2024-05-01T23:54:48.911-0500] {workday.py:41} WARNING - Could not import pandas. Holidays will not be considered.
[2024-05-01T23:54:48.912-0500] {processor.py:842} WARNING - No viable dags retrieved from /Users/nestoralfaro/Desktop/pbi-scenario-two/py_env/lib/python3.9/site-packages/airflow/example_dags/plugins/workday.py
[2024-05-01T23:54:48.950-0500] {processor.py:183} INFO - Processing /Users/nestoralfaro/Desktop/pbi-scenario-two/py_env/lib/python3.9/site-packages/airflow/example_dags/plugins/workday.py took 0.042 seconds
[2024-05-01T23:55:45.181-0500] {processor.py:161} INFO - Started process (PID=35798) to work on /Users/nestoralfaro/Desktop/pbi-scenario-two/py_env/lib/python3.9/site-packages/airflow/example_dags/plugins/workday.py
[2024-05-01T23:55:45.182-0500] {processor.py:830} INFO - Processing file /Users/nestoralfaro/Desktop/pbi-scenario-two/py_env/lib/python3.9/site-packages/airflow/example_dags/plugins/workday.py for tasks to queue
[2024-05-01T23:55:45.183-0500] {logging_mixin.py:188} INFO - [2024-05-01T23:55:45.182-0500] {dagbag.py:540} INFO - Filling up the DagBag from /Users/nestoralfaro/Desktop/pbi-scenario-two/py_env/lib/python3.9/site-packages/airflow/example_dags/plugins/workday.py
[2024-05-01T23:55:45.183-0500] {logging_mixin.py:188} INFO - [2024-05-01T23:55:45.183-0500] {workday.py:41} WARNING - Could not import pandas. Holidays will not be considered.
[2024-05-01T23:55:45.183-0500] {processor.py:842} WARNING - No viable dags retrieved from /Users/nestoralfaro/Desktop/pbi-scenario-two/py_env/lib/python3.9/site-packages/airflow/example_dags/plugins/workday.py
[2024-05-01T23:55:45.226-0500] {processor.py:183} INFO - Processing /Users/nestoralfaro/Desktop/pbi-scenario-two/py_env/lib/python3.9/site-packages/airflow/example_dags/plugins/workday.py took 0.046 seconds
[2024-05-01T23:56:41.160-0500] {processor.py:161} INFO - Started process (PID=35833) to work on /Users/nestoralfaro/Desktop/pbi-scenario-two/py_env/lib/python3.9/site-packages/airflow/example_dags/plugins/workday.py
[2024-05-01T23:56:41.161-0500] {processor.py:830} INFO - Processing file /Users/nestoralfaro/Desktop/pbi-scenario-two/py_env/lib/python3.9/site-packages/airflow/example_dags/plugins/workday.py for tasks to queue
[2024-05-01T23:56:41.162-0500] {logging_mixin.py:188} INFO - [2024-05-01T23:56:41.162-0500] {dagbag.py:540} INFO - Filling up the DagBag from /Users/nestoralfaro/Desktop/pbi-scenario-two/py_env/lib/python3.9/site-packages/airflow/example_dags/plugins/workday.py
[2024-05-01T23:56:41.162-0500] {logging_mixin.py:188} INFO - [2024-05-01T23:56:41.162-0500] {workday.py:41} WARNING - Could not import pandas. Holidays will not be considered.
[2024-05-01T23:56:41.162-0500] {processor.py:842} WARNING - No viable dags retrieved from /Users/nestoralfaro/Desktop/pbi-scenario-two/py_env/lib/python3.9/site-packages/airflow/example_dags/plugins/workday.py
[2024-05-01T23:56:41.198-0500] {processor.py:183} INFO - Processing /Users/nestoralfaro/Desktop/pbi-scenario-two/py_env/lib/python3.9/site-packages/airflow/example_dags/plugins/workday.py took 0.039 seconds
[2024-05-01T23:57:35.806-0500] {processor.py:161} INFO - Started process (PID=35866) to work on /Users/nestoralfaro/Desktop/pbi-scenario-two/py_env/lib/python3.9/site-packages/airflow/example_dags/plugins/workday.py
[2024-05-01T23:57:35.807-0500] {processor.py:830} INFO - Processing file /Users/nestoralfaro/Desktop/pbi-scenario-two/py_env/lib/python3.9/site-packages/airflow/example_dags/plugins/workday.py for tasks to queue
[2024-05-01T23:57:35.808-0500] {logging_mixin.py:188} INFO - [2024-05-01T23:57:35.808-0500] {dagbag.py:540} INFO - Filling up the DagBag from /Users/nestoralfaro/Desktop/pbi-scenario-two/py_env/lib/python3.9/site-packages/airflow/example_dags/plugins/workday.py
[2024-05-01T23:57:35.808-0500] {logging_mixin.py:188} INFO - [2024-05-01T23:57:35.808-0500] {workday.py:41} WARNING - Could not import pandas. Holidays will not be considered.
[2024-05-01T23:57:35.808-0500] {processor.py:842} WARNING - No viable dags retrieved from /Users/nestoralfaro/Desktop/pbi-scenario-two/py_env/lib/python3.9/site-packages/airflow/example_dags/plugins/workday.py
[2024-05-01T23:57:35.845-0500] {processor.py:183} INFO - Processing /Users/nestoralfaro/Desktop/pbi-scenario-two/py_env/lib/python3.9/site-packages/airflow/example_dags/plugins/workday.py took 0.040 seconds
[2024-05-01T23:58:31.945-0500] {processor.py:161} INFO - Started process (PID=35901) to work on /Users/nestoralfaro/Desktop/pbi-scenario-two/py_env/lib/python3.9/site-packages/airflow/example_dags/plugins/workday.py
[2024-05-01T23:58:31.946-0500] {processor.py:830} INFO - Processing file /Users/nestoralfaro/Desktop/pbi-scenario-two/py_env/lib/python3.9/site-packages/airflow/example_dags/plugins/workday.py for tasks to queue
[2024-05-01T23:58:31.947-0500] {logging_mixin.py:188} INFO - [2024-05-01T23:58:31.947-0500] {dagbag.py:540} INFO - Filling up the DagBag from /Users/nestoralfaro/Desktop/pbi-scenario-two/py_env/lib/python3.9/site-packages/airflow/example_dags/plugins/workday.py
[2024-05-01T23:58:31.947-0500] {logging_mixin.py:188} INFO - [2024-05-01T23:58:31.947-0500] {workday.py:41} WARNING - Could not import pandas. Holidays will not be considered.
[2024-05-01T23:58:31.947-0500] {processor.py:842} WARNING - No viable dags retrieved from /Users/nestoralfaro/Desktop/pbi-scenario-two/py_env/lib/python3.9/site-packages/airflow/example_dags/plugins/workday.py
[2024-05-01T23:58:31.987-0500] {processor.py:183} INFO - Processing /Users/nestoralfaro/Desktop/pbi-scenario-two/py_env/lib/python3.9/site-packages/airflow/example_dags/plugins/workday.py took 0.044 seconds
[2024-05-01T23:59:28.211-0500] {processor.py:161} INFO - Started process (PID=35937) to work on /Users/nestoralfaro/Desktop/pbi-scenario-two/py_env/lib/python3.9/site-packages/airflow/example_dags/plugins/workday.py
[2024-05-01T23:59:28.212-0500] {processor.py:830} INFO - Processing file /Users/nestoralfaro/Desktop/pbi-scenario-two/py_env/lib/python3.9/site-packages/airflow/example_dags/plugins/workday.py for tasks to queue
[2024-05-01T23:59:28.213-0500] {logging_mixin.py:188} INFO - [2024-05-01T23:59:28.213-0500] {dagbag.py:540} INFO - Filling up the DagBag from /Users/nestoralfaro/Desktop/pbi-scenario-two/py_env/lib/python3.9/site-packages/airflow/example_dags/plugins/workday.py
[2024-05-01T23:59:28.213-0500] {logging_mixin.py:188} INFO - [2024-05-01T23:59:28.213-0500] {workday.py:41} WARNING - Could not import pandas. Holidays will not be considered.
[2024-05-01T23:59:28.213-0500] {processor.py:842} WARNING - No viable dags retrieved from /Users/nestoralfaro/Desktop/pbi-scenario-two/py_env/lib/python3.9/site-packages/airflow/example_dags/plugins/workday.py
[2024-05-01T23:59:28.249-0500] {processor.py:183} INFO - Processing /Users/nestoralfaro/Desktop/pbi-scenario-two/py_env/lib/python3.9/site-packages/airflow/example_dags/plugins/workday.py took 0.039 seconds
[2024-05-02T00:00:22.699-0500] {processor.py:161} INFO - Started process (PID=35996) to work on /Users/nestoralfaro/Desktop/pbi-scenario-two/py_env/lib/python3.9/site-packages/airflow/example_dags/plugins/workday.py
[2024-05-02T00:00:22.701-0500] {processor.py:830} INFO - Processing file /Users/nestoralfaro/Desktop/pbi-scenario-two/py_env/lib/python3.9/site-packages/airflow/example_dags/plugins/workday.py for tasks to queue
[2024-05-02T00:00:22.701-0500] {logging_mixin.py:188} INFO - [2024-05-02T00:00:22.701-0500] {dagbag.py:540} INFO - Filling up the DagBag from /Users/nestoralfaro/Desktop/pbi-scenario-two/py_env/lib/python3.9/site-packages/airflow/example_dags/plugins/workday.py
[2024-05-02T00:00:22.702-0500] {logging_mixin.py:188} INFO - [2024-05-02T00:00:22.702-0500] {workday.py:41} WARNING - Could not import pandas. Holidays will not be considered.
[2024-05-02T00:00:22.702-0500] {processor.py:842} WARNING - No viable dags retrieved from /Users/nestoralfaro/Desktop/pbi-scenario-two/py_env/lib/python3.9/site-packages/airflow/example_dags/plugins/workday.py
[2024-05-02T00:00:22.739-0500] {processor.py:183} INFO - Processing /Users/nestoralfaro/Desktop/pbi-scenario-two/py_env/lib/python3.9/site-packages/airflow/example_dags/plugins/workday.py took 0.042 seconds
[2024-05-02T00:01:18.548-0500] {processor.py:161} INFO - Started process (PID=36032) to work on /Users/nestoralfaro/Desktop/pbi-scenario-two/py_env/lib/python3.9/site-packages/airflow/example_dags/plugins/workday.py
[2024-05-02T00:01:18.549-0500] {processor.py:830} INFO - Processing file /Users/nestoralfaro/Desktop/pbi-scenario-two/py_env/lib/python3.9/site-packages/airflow/example_dags/plugins/workday.py for tasks to queue
[2024-05-02T00:01:18.550-0500] {logging_mixin.py:188} INFO - [2024-05-02T00:01:18.550-0500] {dagbag.py:540} INFO - Filling up the DagBag from /Users/nestoralfaro/Desktop/pbi-scenario-two/py_env/lib/python3.9/site-packages/airflow/example_dags/plugins/workday.py
[2024-05-02T00:01:18.550-0500] {logging_mixin.py:188} INFO - [2024-05-02T00:01:18.550-0500] {workday.py:41} WARNING - Could not import pandas. Holidays will not be considered.
[2024-05-02T00:01:18.550-0500] {processor.py:842} WARNING - No viable dags retrieved from /Users/nestoralfaro/Desktop/pbi-scenario-two/py_env/lib/python3.9/site-packages/airflow/example_dags/plugins/workday.py
[2024-05-02T00:01:18.588-0500] {processor.py:183} INFO - Processing /Users/nestoralfaro/Desktop/pbi-scenario-two/py_env/lib/python3.9/site-packages/airflow/example_dags/plugins/workday.py took 0.042 seconds
[2024-05-02T00:02:18.052-0500] {processor.py:161} INFO - Started process (PID=36071) to work on /Users/nestoralfaro/Desktop/pbi-scenario-two/py_env/lib/python3.9/site-packages/airflow/example_dags/plugins/workday.py
[2024-05-02T00:02:18.053-0500] {processor.py:830} INFO - Processing file /Users/nestoralfaro/Desktop/pbi-scenario-two/py_env/lib/python3.9/site-packages/airflow/example_dags/plugins/workday.py for tasks to queue
[2024-05-02T00:02:18.053-0500] {logging_mixin.py:188} INFO - [2024-05-02T00:02:18.053-0500] {dagbag.py:540} INFO - Filling up the DagBag from /Users/nestoralfaro/Desktop/pbi-scenario-two/py_env/lib/python3.9/site-packages/airflow/example_dags/plugins/workday.py
[2024-05-02T00:02:18.055-0500] {logging_mixin.py:188} INFO - [2024-05-02T00:02:18.055-0500] {workday.py:41} WARNING - Could not import pandas. Holidays will not be considered.
[2024-05-02T00:02:18.055-0500] {processor.py:842} WARNING - No viable dags retrieved from /Users/nestoralfaro/Desktop/pbi-scenario-two/py_env/lib/python3.9/site-packages/airflow/example_dags/plugins/workday.py
[2024-05-02T00:02:18.091-0500] {processor.py:183} INFO - Processing /Users/nestoralfaro/Desktop/pbi-scenario-two/py_env/lib/python3.9/site-packages/airflow/example_dags/plugins/workday.py took 0.041 seconds
[2024-05-02T00:03:17.228-0500] {processor.py:161} INFO - Started process (PID=36116) to work on /Users/nestoralfaro/Desktop/pbi-scenario-two/py_env/lib/python3.9/site-packages/airflow/example_dags/plugins/workday.py
[2024-05-02T00:03:17.230-0500] {processor.py:830} INFO - Processing file /Users/nestoralfaro/Desktop/pbi-scenario-two/py_env/lib/python3.9/site-packages/airflow/example_dags/plugins/workday.py for tasks to queue
[2024-05-02T00:03:17.231-0500] {logging_mixin.py:188} INFO - [2024-05-02T00:03:17.230-0500] {dagbag.py:540} INFO - Filling up the DagBag from /Users/nestoralfaro/Desktop/pbi-scenario-two/py_env/lib/python3.9/site-packages/airflow/example_dags/plugins/workday.py
[2024-05-02T00:03:17.231-0500] {logging_mixin.py:188} INFO - [2024-05-02T00:03:17.231-0500] {workday.py:41} WARNING - Could not import pandas. Holidays will not be considered.
[2024-05-02T00:03:17.231-0500] {processor.py:842} WARNING - No viable dags retrieved from /Users/nestoralfaro/Desktop/pbi-scenario-two/py_env/lib/python3.9/site-packages/airflow/example_dags/plugins/workday.py
[2024-05-02T00:03:17.268-0500] {processor.py:183} INFO - Processing /Users/nestoralfaro/Desktop/pbi-scenario-two/py_env/lib/python3.9/site-packages/airflow/example_dags/plugins/workday.py took 0.041 seconds
[2024-05-02T00:04:14.483-0500] {processor.py:161} INFO - Started process (PID=36155) to work on /Users/nestoralfaro/Desktop/pbi-scenario-two/py_env/lib/python3.9/site-packages/airflow/example_dags/plugins/workday.py
[2024-05-02T00:04:14.485-0500] {processor.py:830} INFO - Processing file /Users/nestoralfaro/Desktop/pbi-scenario-two/py_env/lib/python3.9/site-packages/airflow/example_dags/plugins/workday.py for tasks to queue
[2024-05-02T00:04:14.486-0500] {logging_mixin.py:188} INFO - [2024-05-02T00:04:14.486-0500] {dagbag.py:540} INFO - Filling up the DagBag from /Users/nestoralfaro/Desktop/pbi-scenario-two/py_env/lib/python3.9/site-packages/airflow/example_dags/plugins/workday.py
[2024-05-02T00:04:14.487-0500] {logging_mixin.py:188} INFO - [2024-05-02T00:04:14.486-0500] {workday.py:41} WARNING - Could not import pandas. Holidays will not be considered.
[2024-05-02T00:04:14.487-0500] {processor.py:842} WARNING - No viable dags retrieved from /Users/nestoralfaro/Desktop/pbi-scenario-two/py_env/lib/python3.9/site-packages/airflow/example_dags/plugins/workday.py
[2024-05-02T00:04:14.522-0500] {processor.py:183} INFO - Processing /Users/nestoralfaro/Desktop/pbi-scenario-two/py_env/lib/python3.9/site-packages/airflow/example_dags/plugins/workday.py took 0.040 seconds
[2024-05-02T00:05:11.124-0500] {processor.py:161} INFO - Started process (PID=36190) to work on /Users/nestoralfaro/Desktop/pbi-scenario-two/py_env/lib/python3.9/site-packages/airflow/example_dags/plugins/workday.py
[2024-05-02T00:05:11.126-0500] {processor.py:830} INFO - Processing file /Users/nestoralfaro/Desktop/pbi-scenario-two/py_env/lib/python3.9/site-packages/airflow/example_dags/plugins/workday.py for tasks to queue
[2024-05-02T00:05:11.126-0500] {logging_mixin.py:188} INFO - [2024-05-02T00:05:11.126-0500] {dagbag.py:540} INFO - Filling up the DagBag from /Users/nestoralfaro/Desktop/pbi-scenario-two/py_env/lib/python3.9/site-packages/airflow/example_dags/plugins/workday.py
[2024-05-02T00:05:11.127-0500] {logging_mixin.py:188} INFO - [2024-05-02T00:05:11.127-0500] {workday.py:41} WARNING - Could not import pandas. Holidays will not be considered.
[2024-05-02T00:05:11.127-0500] {processor.py:842} WARNING - No viable dags retrieved from /Users/nestoralfaro/Desktop/pbi-scenario-two/py_env/lib/python3.9/site-packages/airflow/example_dags/plugins/workday.py
[2024-05-02T00:05:11.164-0500] {processor.py:183} INFO - Processing /Users/nestoralfaro/Desktop/pbi-scenario-two/py_env/lib/python3.9/site-packages/airflow/example_dags/plugins/workday.py took 0.041 seconds
[2024-05-02T00:06:07.345-0500] {processor.py:161} INFO - Started process (PID=36229) to work on /Users/nestoralfaro/Desktop/pbi-scenario-two/py_env/lib/python3.9/site-packages/airflow/example_dags/plugins/workday.py
[2024-05-02T00:06:07.348-0500] {processor.py:830} INFO - Processing file /Users/nestoralfaro/Desktop/pbi-scenario-two/py_env/lib/python3.9/site-packages/airflow/example_dags/plugins/workday.py for tasks to queue
[2024-05-02T00:06:07.348-0500] {logging_mixin.py:188} INFO - [2024-05-02T00:06:07.348-0500] {dagbag.py:540} INFO - Filling up the DagBag from /Users/nestoralfaro/Desktop/pbi-scenario-two/py_env/lib/python3.9/site-packages/airflow/example_dags/plugins/workday.py
[2024-05-02T00:06:07.349-0500] {logging_mixin.py:188} INFO - [2024-05-02T00:06:07.349-0500] {workday.py:41} WARNING - Could not import pandas. Holidays will not be considered.
[2024-05-02T00:06:07.349-0500] {processor.py:842} WARNING - No viable dags retrieved from /Users/nestoralfaro/Desktop/pbi-scenario-two/py_env/lib/python3.9/site-packages/airflow/example_dags/plugins/workday.py
[2024-05-02T00:06:07.387-0500] {processor.py:183} INFO - Processing /Users/nestoralfaro/Desktop/pbi-scenario-two/py_env/lib/python3.9/site-packages/airflow/example_dags/plugins/workday.py took 0.044 seconds
[2024-05-02T00:07:01.662-0500] {processor.py:161} INFO - Started process (PID=36278) to work on /Users/nestoralfaro/Desktop/pbi-scenario-two/py_env/lib/python3.9/site-packages/airflow/example_dags/plugins/workday.py
[2024-05-02T00:07:01.663-0500] {processor.py:830} INFO - Processing file /Users/nestoralfaro/Desktop/pbi-scenario-two/py_env/lib/python3.9/site-packages/airflow/example_dags/plugins/workday.py for tasks to queue
[2024-05-02T00:07:01.663-0500] {logging_mixin.py:188} INFO - [2024-05-02T00:07:01.663-0500] {dagbag.py:540} INFO - Filling up the DagBag from /Users/nestoralfaro/Desktop/pbi-scenario-two/py_env/lib/python3.9/site-packages/airflow/example_dags/plugins/workday.py
[2024-05-02T00:07:01.664-0500] {logging_mixin.py:188} INFO - [2024-05-02T00:07:01.664-0500] {workday.py:41} WARNING - Could not import pandas. Holidays will not be considered.
[2024-05-02T00:07:01.664-0500] {processor.py:842} WARNING - No viable dags retrieved from /Users/nestoralfaro/Desktop/pbi-scenario-two/py_env/lib/python3.9/site-packages/airflow/example_dags/plugins/workday.py
[2024-05-02T00:07:01.701-0500] {processor.py:183} INFO - Processing /Users/nestoralfaro/Desktop/pbi-scenario-two/py_env/lib/python3.9/site-packages/airflow/example_dags/plugins/workday.py took 0.041 seconds
[2024-05-02T00:07:55.835-0500] {processor.py:161} INFO - Started process (PID=36312) to work on /Users/nestoralfaro/Desktop/pbi-scenario-two/py_env/lib/python3.9/site-packages/airflow/example_dags/plugins/workday.py
[2024-05-02T00:07:55.836-0500] {processor.py:830} INFO - Processing file /Users/nestoralfaro/Desktop/pbi-scenario-two/py_env/lib/python3.9/site-packages/airflow/example_dags/plugins/workday.py for tasks to queue
[2024-05-02T00:07:55.836-0500] {logging_mixin.py:188} INFO - [2024-05-02T00:07:55.836-0500] {dagbag.py:540} INFO - Filling up the DagBag from /Users/nestoralfaro/Desktop/pbi-scenario-two/py_env/lib/python3.9/site-packages/airflow/example_dags/plugins/workday.py
[2024-05-02T00:07:55.837-0500] {logging_mixin.py:188} INFO - [2024-05-02T00:07:55.837-0500] {workday.py:41} WARNING - Could not import pandas. Holidays will not be considered.
[2024-05-02T00:07:55.837-0500] {processor.py:842} WARNING - No viable dags retrieved from /Users/nestoralfaro/Desktop/pbi-scenario-two/py_env/lib/python3.9/site-packages/airflow/example_dags/plugins/workday.py
[2024-05-02T00:07:55.871-0500] {processor.py:183} INFO - Processing /Users/nestoralfaro/Desktop/pbi-scenario-two/py_env/lib/python3.9/site-packages/airflow/example_dags/plugins/workday.py took 0.038 seconds
[2024-05-02T00:08:52.451-0500] {processor.py:161} INFO - Started process (PID=36345) to work on /Users/nestoralfaro/Desktop/pbi-scenario-two/py_env/lib/python3.9/site-packages/airflow/example_dags/plugins/workday.py
[2024-05-02T00:08:52.452-0500] {processor.py:830} INFO - Processing file /Users/nestoralfaro/Desktop/pbi-scenario-two/py_env/lib/python3.9/site-packages/airflow/example_dags/plugins/workday.py for tasks to queue
[2024-05-02T00:08:52.452-0500] {logging_mixin.py:188} INFO - [2024-05-02T00:08:52.452-0500] {dagbag.py:540} INFO - Filling up the DagBag from /Users/nestoralfaro/Desktop/pbi-scenario-two/py_env/lib/python3.9/site-packages/airflow/example_dags/plugins/workday.py
[2024-05-02T00:08:52.453-0500] {logging_mixin.py:188} INFO - [2024-05-02T00:08:52.453-0500] {workday.py:41} WARNING - Could not import pandas. Holidays will not be considered.
[2024-05-02T00:08:52.453-0500] {processor.py:842} WARNING - No viable dags retrieved from /Users/nestoralfaro/Desktop/pbi-scenario-two/py_env/lib/python3.9/site-packages/airflow/example_dags/plugins/workday.py
[2024-05-02T00:08:52.493-0500] {processor.py:183} INFO - Processing /Users/nestoralfaro/Desktop/pbi-scenario-two/py_env/lib/python3.9/site-packages/airflow/example_dags/plugins/workday.py took 0.044 seconds
[2024-05-02T00:09:49.953-0500] {processor.py:161} INFO - Started process (PID=36380) to work on /Users/nestoralfaro/Desktop/pbi-scenario-two/py_env/lib/python3.9/site-packages/airflow/example_dags/plugins/workday.py
[2024-05-02T00:09:49.955-0500] {processor.py:830} INFO - Processing file /Users/nestoralfaro/Desktop/pbi-scenario-two/py_env/lib/python3.9/site-packages/airflow/example_dags/plugins/workday.py for tasks to queue
[2024-05-02T00:09:49.955-0500] {logging_mixin.py:188} INFO - [2024-05-02T00:09:49.955-0500] {dagbag.py:540} INFO - Filling up the DagBag from /Users/nestoralfaro/Desktop/pbi-scenario-two/py_env/lib/python3.9/site-packages/airflow/example_dags/plugins/workday.py
[2024-05-02T00:09:49.956-0500] {logging_mixin.py:188} INFO - [2024-05-02T00:09:49.956-0500] {workday.py:41} WARNING - Could not import pandas. Holidays will not be considered.
[2024-05-02T00:09:49.956-0500] {processor.py:842} WARNING - No viable dags retrieved from /Users/nestoralfaro/Desktop/pbi-scenario-two/py_env/lib/python3.9/site-packages/airflow/example_dags/plugins/workday.py
[2024-05-02T00:09:49.992-0500] {processor.py:183} INFO - Processing /Users/nestoralfaro/Desktop/pbi-scenario-two/py_env/lib/python3.9/site-packages/airflow/example_dags/plugins/workday.py took 0.040 seconds
[2024-05-02T00:10:58.224-0500] {processor.py:161} INFO - Started process (PID=36401) to work on /Users/nestoralfaro/Desktop/pbi-scenario-two/py_env/lib/python3.9/site-packages/airflow/example_dags/plugins/workday.py
[2024-05-02T00:10:58.227-0500] {processor.py:830} INFO - Processing file /Users/nestoralfaro/Desktop/pbi-scenario-two/py_env/lib/python3.9/site-packages/airflow/example_dags/plugins/workday.py for tasks to queue
[2024-05-02T00:10:58.227-0500] {logging_mixin.py:188} INFO - [2024-05-02T00:10:58.227-0500] {dagbag.py:540} INFO - Filling up the DagBag from /Users/nestoralfaro/Desktop/pbi-scenario-two/py_env/lib/python3.9/site-packages/airflow/example_dags/plugins/workday.py
[2024-05-02T00:10:58.228-0500] {logging_mixin.py:188} INFO - [2024-05-02T00:10:58.228-0500] {workday.py:41} WARNING - Could not import pandas. Holidays will not be considered.
[2024-05-02T00:10:58.228-0500] {processor.py:842} WARNING - No viable dags retrieved from /Users/nestoralfaro/Desktop/pbi-scenario-two/py_env/lib/python3.9/site-packages/airflow/example_dags/plugins/workday.py
[2024-05-02T00:10:58.269-0500] {processor.py:183} INFO - Processing /Users/nestoralfaro/Desktop/pbi-scenario-two/py_env/lib/python3.9/site-packages/airflow/example_dags/plugins/workday.py took 0.046 seconds
[2024-05-02T00:12:26.201-0500] {processor.py:161} INFO - Started process (PID=36492) to work on /Users/nestoralfaro/Desktop/pbi-scenario-two/py_env/lib/python3.9/site-packages/airflow/example_dags/plugins/workday.py
[2024-05-02T00:12:26.204-0500] {processor.py:830} INFO - Processing file /Users/nestoralfaro/Desktop/pbi-scenario-two/py_env/lib/python3.9/site-packages/airflow/example_dags/plugins/workday.py for tasks to queue
[2024-05-02T00:12:26.204-0500] {logging_mixin.py:188} INFO - [2024-05-02T00:12:26.204-0500] {dagbag.py:540} INFO - Filling up the DagBag from /Users/nestoralfaro/Desktop/pbi-scenario-two/py_env/lib/python3.9/site-packages/airflow/example_dags/plugins/workday.py
[2024-05-02T00:12:26.205-0500] {logging_mixin.py:188} INFO - [2024-05-02T00:12:26.205-0500] {workday.py:41} WARNING - Could not import pandas. Holidays will not be considered.
[2024-05-02T00:12:26.205-0500] {processor.py:842} WARNING - No viable dags retrieved from /Users/nestoralfaro/Desktop/pbi-scenario-two/py_env/lib/python3.9/site-packages/airflow/example_dags/plugins/workday.py
[2024-05-02T00:12:26.244-0500] {processor.py:183} INFO - Processing /Users/nestoralfaro/Desktop/pbi-scenario-two/py_env/lib/python3.9/site-packages/airflow/example_dags/plugins/workday.py took 0.044 seconds
[2024-05-02T00:13:22.436-0500] {processor.py:161} INFO - Started process (PID=36541) to work on /Users/nestoralfaro/Desktop/pbi-scenario-two/py_env/lib/python3.9/site-packages/airflow/example_dags/plugins/workday.py
[2024-05-02T00:13:22.438-0500] {processor.py:830} INFO - Processing file /Users/nestoralfaro/Desktop/pbi-scenario-two/py_env/lib/python3.9/site-packages/airflow/example_dags/plugins/workday.py for tasks to queue
[2024-05-02T00:13:22.438-0500] {logging_mixin.py:188} INFO - [2024-05-02T00:13:22.438-0500] {dagbag.py:540} INFO - Filling up the DagBag from /Users/nestoralfaro/Desktop/pbi-scenario-two/py_env/lib/python3.9/site-packages/airflow/example_dags/plugins/workday.py
[2024-05-02T00:13:22.439-0500] {logging_mixin.py:188} INFO - [2024-05-02T00:13:22.439-0500] {workday.py:41} WARNING - Could not import pandas. Holidays will not be considered.
[2024-05-02T00:13:22.439-0500] {processor.py:842} WARNING - No viable dags retrieved from /Users/nestoralfaro/Desktop/pbi-scenario-two/py_env/lib/python3.9/site-packages/airflow/example_dags/plugins/workday.py
[2024-05-02T00:13:22.476-0500] {processor.py:183} INFO - Processing /Users/nestoralfaro/Desktop/pbi-scenario-two/py_env/lib/python3.9/site-packages/airflow/example_dags/plugins/workday.py took 0.041 seconds
[2024-05-02T00:14:49.316-0500] {processor.py:161} INFO - Started process (PID=36588) to work on /Users/nestoralfaro/Desktop/pbi-scenario-two/py_env/lib/python3.9/site-packages/airflow/example_dags/plugins/workday.py
[2024-05-02T00:14:49.318-0500] {processor.py:830} INFO - Processing file /Users/nestoralfaro/Desktop/pbi-scenario-two/py_env/lib/python3.9/site-packages/airflow/example_dags/plugins/workday.py for tasks to queue
[2024-05-02T00:14:49.319-0500] {logging_mixin.py:188} INFO - [2024-05-02T00:14:49.319-0500] {dagbag.py:540} INFO - Filling up the DagBag from /Users/nestoralfaro/Desktop/pbi-scenario-two/py_env/lib/python3.9/site-packages/airflow/example_dags/plugins/workday.py
[2024-05-02T00:14:49.320-0500] {logging_mixin.py:188} INFO - [2024-05-02T00:14:49.320-0500] {workday.py:41} WARNING - Could not import pandas. Holidays will not be considered.
[2024-05-02T00:14:49.320-0500] {processor.py:842} WARNING - No viable dags retrieved from /Users/nestoralfaro/Desktop/pbi-scenario-two/py_env/lib/python3.9/site-packages/airflow/example_dags/plugins/workday.py
[2024-05-02T00:14:49.364-0500] {processor.py:183} INFO - Processing /Users/nestoralfaro/Desktop/pbi-scenario-two/py_env/lib/python3.9/site-packages/airflow/example_dags/plugins/workday.py took 0.050 seconds
[2024-05-02T00:16:18.588-0500] {processor.py:161} INFO - Started process (PID=36657) to work on /Users/nestoralfaro/Desktop/pbi-scenario-two/py_env/lib/python3.9/site-packages/airflow/example_dags/plugins/workday.py
[2024-05-02T00:16:18.590-0500] {processor.py:830} INFO - Processing file /Users/nestoralfaro/Desktop/pbi-scenario-two/py_env/lib/python3.9/site-packages/airflow/example_dags/plugins/workday.py for tasks to queue
[2024-05-02T00:16:18.590-0500] {logging_mixin.py:188} INFO - [2024-05-02T00:16:18.590-0500] {dagbag.py:540} INFO - Filling up the DagBag from /Users/nestoralfaro/Desktop/pbi-scenario-two/py_env/lib/python3.9/site-packages/airflow/example_dags/plugins/workday.py
[2024-05-02T00:16:18.591-0500] {logging_mixin.py:188} INFO - [2024-05-02T00:16:18.591-0500] {workday.py:41} WARNING - Could not import pandas. Holidays will not be considered.
[2024-05-02T00:16:18.592-0500] {processor.py:842} WARNING - No viable dags retrieved from /Users/nestoralfaro/Desktop/pbi-scenario-two/py_env/lib/python3.9/site-packages/airflow/example_dags/plugins/workday.py
[2024-05-02T00:16:18.627-0500] {processor.py:183} INFO - Processing /Users/nestoralfaro/Desktop/pbi-scenario-two/py_env/lib/python3.9/site-packages/airflow/example_dags/plugins/workday.py took 0.040 seconds
[2024-05-02T00:17:17.313-0500] {processor.py:161} INFO - Started process (PID=36695) to work on /Users/nestoralfaro/Desktop/pbi-scenario-two/py_env/lib/python3.9/site-packages/airflow/example_dags/plugins/workday.py
[2024-05-02T00:17:17.315-0500] {processor.py:830} INFO - Processing file /Users/nestoralfaro/Desktop/pbi-scenario-two/py_env/lib/python3.9/site-packages/airflow/example_dags/plugins/workday.py for tasks to queue
[2024-05-02T00:17:17.315-0500] {logging_mixin.py:188} INFO - [2024-05-02T00:17:17.315-0500] {dagbag.py:540} INFO - Filling up the DagBag from /Users/nestoralfaro/Desktop/pbi-scenario-two/py_env/lib/python3.9/site-packages/airflow/example_dags/plugins/workday.py
[2024-05-02T00:17:17.317-0500] {logging_mixin.py:188} INFO - [2024-05-02T00:17:17.317-0500] {workday.py:41} WARNING - Could not import pandas. Holidays will not be considered.
[2024-05-02T00:17:17.317-0500] {processor.py:842} WARNING - No viable dags retrieved from /Users/nestoralfaro/Desktop/pbi-scenario-two/py_env/lib/python3.9/site-packages/airflow/example_dags/plugins/workday.py
[2024-05-02T00:17:17.356-0500] {processor.py:183} INFO - Processing /Users/nestoralfaro/Desktop/pbi-scenario-two/py_env/lib/python3.9/site-packages/airflow/example_dags/plugins/workday.py took 0.044 seconds
[2024-05-02T00:18:15.394-0500] {processor.py:161} INFO - Started process (PID=36731) to work on /Users/nestoralfaro/Desktop/pbi-scenario-two/py_env/lib/python3.9/site-packages/airflow/example_dags/plugins/workday.py
[2024-05-02T00:18:15.396-0500] {processor.py:830} INFO - Processing file /Users/nestoralfaro/Desktop/pbi-scenario-two/py_env/lib/python3.9/site-packages/airflow/example_dags/plugins/workday.py for tasks to queue
[2024-05-02T00:18:15.396-0500] {logging_mixin.py:188} INFO - [2024-05-02T00:18:15.396-0500] {dagbag.py:540} INFO - Filling up the DagBag from /Users/nestoralfaro/Desktop/pbi-scenario-two/py_env/lib/python3.9/site-packages/airflow/example_dags/plugins/workday.py
[2024-05-02T00:18:15.397-0500] {logging_mixin.py:188} INFO - [2024-05-02T00:18:15.397-0500] {workday.py:41} WARNING - Could not import pandas. Holidays will not be considered.
[2024-05-02T00:18:15.397-0500] {processor.py:842} WARNING - No viable dags retrieved from /Users/nestoralfaro/Desktop/pbi-scenario-two/py_env/lib/python3.9/site-packages/airflow/example_dags/plugins/workday.py
[2024-05-02T00:18:15.435-0500] {processor.py:183} INFO - Processing /Users/nestoralfaro/Desktop/pbi-scenario-two/py_env/lib/python3.9/site-packages/airflow/example_dags/plugins/workday.py took 0.043 seconds
[2024-05-02T00:19:14.130-0500] {processor.py:161} INFO - Started process (PID=36789) to work on /Users/nestoralfaro/Desktop/pbi-scenario-two/py_env/lib/python3.9/site-packages/airflow/example_dags/plugins/workday.py
[2024-05-02T00:19:14.132-0500] {processor.py:830} INFO - Processing file /Users/nestoralfaro/Desktop/pbi-scenario-two/py_env/lib/python3.9/site-packages/airflow/example_dags/plugins/workday.py for tasks to queue
[2024-05-02T00:19:14.133-0500] {logging_mixin.py:188} INFO - [2024-05-02T00:19:14.133-0500] {dagbag.py:540} INFO - Filling up the DagBag from /Users/nestoralfaro/Desktop/pbi-scenario-two/py_env/lib/python3.9/site-packages/airflow/example_dags/plugins/workday.py
[2024-05-02T00:19:14.133-0500] {logging_mixin.py:188} INFO - [2024-05-02T00:19:14.133-0500] {workday.py:41} WARNING - Could not import pandas. Holidays will not be considered.
[2024-05-02T00:19:14.133-0500] {processor.py:842} WARNING - No viable dags retrieved from /Users/nestoralfaro/Desktop/pbi-scenario-two/py_env/lib/python3.9/site-packages/airflow/example_dags/plugins/workday.py
[2024-05-02T00:19:14.170-0500] {processor.py:183} INFO - Processing /Users/nestoralfaro/Desktop/pbi-scenario-two/py_env/lib/python3.9/site-packages/airflow/example_dags/plugins/workday.py took 0.041 seconds
[2024-05-02T00:20:11.322-0500] {processor.py:161} INFO - Started process (PID=36841) to work on /Users/nestoralfaro/Desktop/pbi-scenario-two/py_env/lib/python3.9/site-packages/airflow/example_dags/plugins/workday.py
[2024-05-02T00:20:11.323-0500] {processor.py:830} INFO - Processing file /Users/nestoralfaro/Desktop/pbi-scenario-two/py_env/lib/python3.9/site-packages/airflow/example_dags/plugins/workday.py for tasks to queue
[2024-05-02T00:20:11.324-0500] {logging_mixin.py:188} INFO - [2024-05-02T00:20:11.323-0500] {dagbag.py:540} INFO - Filling up the DagBag from /Users/nestoralfaro/Desktop/pbi-scenario-two/py_env/lib/python3.9/site-packages/airflow/example_dags/plugins/workday.py
[2024-05-02T00:20:11.324-0500] {logging_mixin.py:188} INFO - [2024-05-02T00:20:11.324-0500] {workday.py:41} WARNING - Could not import pandas. Holidays will not be considered.
[2024-05-02T00:20:11.324-0500] {processor.py:842} WARNING - No viable dags retrieved from /Users/nestoralfaro/Desktop/pbi-scenario-two/py_env/lib/python3.9/site-packages/airflow/example_dags/plugins/workday.py
[2024-05-02T00:20:11.362-0500] {processor.py:183} INFO - Processing /Users/nestoralfaro/Desktop/pbi-scenario-two/py_env/lib/python3.9/site-packages/airflow/example_dags/plugins/workday.py took 0.041 seconds
[2024-05-02T00:21:10.685-0500] {processor.py:161} INFO - Started process (PID=36878) to work on /Users/nestoralfaro/Desktop/pbi-scenario-two/py_env/lib/python3.9/site-packages/airflow/example_dags/plugins/workday.py
[2024-05-02T00:21:10.686-0500] {processor.py:830} INFO - Processing file /Users/nestoralfaro/Desktop/pbi-scenario-two/py_env/lib/python3.9/site-packages/airflow/example_dags/plugins/workday.py for tasks to queue
[2024-05-02T00:21:10.686-0500] {logging_mixin.py:188} INFO - [2024-05-02T00:21:10.686-0500] {dagbag.py:540} INFO - Filling up the DagBag from /Users/nestoralfaro/Desktop/pbi-scenario-two/py_env/lib/python3.9/site-packages/airflow/example_dags/plugins/workday.py
[2024-05-02T00:21:10.687-0500] {logging_mixin.py:188} INFO - [2024-05-02T00:21:10.687-0500] {workday.py:41} WARNING - Could not import pandas. Holidays will not be considered.
[2024-05-02T00:21:10.687-0500] {processor.py:842} WARNING - No viable dags retrieved from /Users/nestoralfaro/Desktop/pbi-scenario-two/py_env/lib/python3.9/site-packages/airflow/example_dags/plugins/workday.py
[2024-05-02T00:21:10.726-0500] {processor.py:183} INFO - Processing /Users/nestoralfaro/Desktop/pbi-scenario-two/py_env/lib/python3.9/site-packages/airflow/example_dags/plugins/workday.py took 0.043 seconds
[2024-05-02T00:22:08.647-0500] {processor.py:161} INFO - Started process (PID=36934) to work on /Users/nestoralfaro/Desktop/pbi-scenario-two/py_env/lib/python3.9/site-packages/airflow/example_dags/plugins/workday.py
[2024-05-02T00:22:08.649-0500] {processor.py:830} INFO - Processing file /Users/nestoralfaro/Desktop/pbi-scenario-two/py_env/lib/python3.9/site-packages/airflow/example_dags/plugins/workday.py for tasks to queue
[2024-05-02T00:22:08.649-0500] {logging_mixin.py:188} INFO - [2024-05-02T00:22:08.649-0500] {dagbag.py:540} INFO - Filling up the DagBag from /Users/nestoralfaro/Desktop/pbi-scenario-two/py_env/lib/python3.9/site-packages/airflow/example_dags/plugins/workday.py
[2024-05-02T00:22:08.650-0500] {logging_mixin.py:188} INFO - [2024-05-02T00:22:08.650-0500] {workday.py:41} WARNING - Could not import pandas. Holidays will not be considered.
[2024-05-02T00:22:08.650-0500] {processor.py:842} WARNING - No viable dags retrieved from /Users/nestoralfaro/Desktop/pbi-scenario-two/py_env/lib/python3.9/site-packages/airflow/example_dags/plugins/workday.py
[2024-05-02T00:22:08.688-0500] {processor.py:183} INFO - Processing /Users/nestoralfaro/Desktop/pbi-scenario-two/py_env/lib/python3.9/site-packages/airflow/example_dags/plugins/workday.py took 0.042 seconds
[2024-05-02T00:23:05.414-0500] {processor.py:161} INFO - Started process (PID=36990) to work on /Users/nestoralfaro/Desktop/pbi-scenario-two/py_env/lib/python3.9/site-packages/airflow/example_dags/plugins/workday.py
[2024-05-02T00:23:05.416-0500] {processor.py:830} INFO - Processing file /Users/nestoralfaro/Desktop/pbi-scenario-two/py_env/lib/python3.9/site-packages/airflow/example_dags/plugins/workday.py for tasks to queue
[2024-05-02T00:23:05.416-0500] {logging_mixin.py:188} INFO - [2024-05-02T00:23:05.416-0500] {dagbag.py:540} INFO - Filling up the DagBag from /Users/nestoralfaro/Desktop/pbi-scenario-two/py_env/lib/python3.9/site-packages/airflow/example_dags/plugins/workday.py
[2024-05-02T00:23:05.417-0500] {logging_mixin.py:188} INFO - [2024-05-02T00:23:05.417-0500] {workday.py:41} WARNING - Could not import pandas. Holidays will not be considered.
[2024-05-02T00:23:05.417-0500] {processor.py:842} WARNING - No viable dags retrieved from /Users/nestoralfaro/Desktop/pbi-scenario-two/py_env/lib/python3.9/site-packages/airflow/example_dags/plugins/workday.py
[2024-05-02T00:23:05.455-0500] {processor.py:183} INFO - Processing /Users/nestoralfaro/Desktop/pbi-scenario-two/py_env/lib/python3.9/site-packages/airflow/example_dags/plugins/workday.py took 0.042 seconds
[2024-05-02T00:24:00.249-0500] {processor.py:161} INFO - Started process (PID=37037) to work on /Users/nestoralfaro/Desktop/pbi-scenario-two/py_env/lib/python3.9/site-packages/airflow/example_dags/plugins/workday.py
[2024-05-02T00:24:00.251-0500] {processor.py:830} INFO - Processing file /Users/nestoralfaro/Desktop/pbi-scenario-two/py_env/lib/python3.9/site-packages/airflow/example_dags/plugins/workday.py for tasks to queue
[2024-05-02T00:24:00.252-0500] {logging_mixin.py:188} INFO - [2024-05-02T00:24:00.252-0500] {dagbag.py:540} INFO - Filling up the DagBag from /Users/nestoralfaro/Desktop/pbi-scenario-two/py_env/lib/python3.9/site-packages/airflow/example_dags/plugins/workday.py
[2024-05-02T00:24:00.252-0500] {logging_mixin.py:188} INFO - [2024-05-02T00:24:00.252-0500] {workday.py:41} WARNING - Could not import pandas. Holidays will not be considered.
[2024-05-02T00:24:00.253-0500] {processor.py:842} WARNING - No viable dags retrieved from /Users/nestoralfaro/Desktop/pbi-scenario-two/py_env/lib/python3.9/site-packages/airflow/example_dags/plugins/workday.py
[2024-05-02T00:24:00.287-0500] {processor.py:183} INFO - Processing /Users/nestoralfaro/Desktop/pbi-scenario-two/py_env/lib/python3.9/site-packages/airflow/example_dags/plugins/workday.py took 0.039 seconds
