[2024-05-01T23:30:43.521-0500] {processor.py:161} INFO - Started process (PID=34760) to work on /Users/nestoralfaro/Desktop/pbi-scenario-two/py_env/lib/python3.9/site-packages/airflow/example_dags/example_sensors.py
[2024-05-01T23:30:43.522-0500] {processor.py:830} INFO - Processing file /Users/nestoralfaro/Desktop/pbi-scenario-two/py_env/lib/python3.9/site-packages/airflow/example_dags/example_sensors.py for tasks to queue
[2024-05-01T23:30:43.522-0500] {logging_mixin.py:188} INFO - [2024-05-01T23:30:43.522-0500] {dagbag.py:540} INFO - Filling up the DagBag from /Users/nestoralfaro/Desktop/pbi-scenario-two/py_env/lib/python3.9/site-packages/airflow/example_dags/example_sensors.py
[2024-05-01T23:30:43.530-0500] {processor.py:840} INFO - DAG(s) 'example_sensors' retrieved from /Users/nestoralfaro/Desktop/pbi-scenario-two/py_env/lib/python3.9/site-packages/airflow/example_dags/example_sensors.py
[2024-05-01T23:30:43.648-0500] {logging_mixin.py:188} INFO - [2024-05-01T23:30:43.648-0500] {dag.py:3096} INFO - Sync 1 DAGs
[2024-05-01T23:30:43.651-0500] {logging_mixin.py:188} INFO - [2024-05-01T23:30:43.651-0500] {dag.py:3954} INFO - Setting next_dagrun for example_sensors to None, run_after=None
[2024-05-01T23:30:43.660-0500] {processor.py:183} INFO - Processing /Users/nestoralfaro/Desktop/pbi-scenario-two/py_env/lib/python3.9/site-packages/airflow/example_dags/example_sensors.py took 0.142 seconds
[2024-05-01T23:32:18.428-0500] {processor.py:161} INFO - Started process (PID=34835) to work on /Users/nestoralfaro/Desktop/pbi-scenario-two/py_env/lib/python3.9/site-packages/airflow/example_dags/example_sensors.py
[2024-05-01T23:32:18.430-0500] {processor.py:830} INFO - Processing file /Users/nestoralfaro/Desktop/pbi-scenario-two/py_env/lib/python3.9/site-packages/airflow/example_dags/example_sensors.py for tasks to queue
[2024-05-01T23:32:18.430-0500] {logging_mixin.py:188} INFO - [2024-05-01T23:32:18.430-0500] {dagbag.py:540} INFO - Filling up the DagBag from /Users/nestoralfaro/Desktop/pbi-scenario-two/py_env/lib/python3.9/site-packages/airflow/example_dags/example_sensors.py
[2024-05-01T23:32:18.436-0500] {processor.py:840} INFO - DAG(s) 'example_sensors' retrieved from /Users/nestoralfaro/Desktop/pbi-scenario-two/py_env/lib/python3.9/site-packages/airflow/example_dags/example_sensors.py
[2024-05-01T23:32:18.488-0500] {logging_mixin.py:188} INFO - [2024-05-01T23:32:18.488-0500] {dag.py:3096} INFO - Sync 1 DAGs
[2024-05-01T23:32:18.492-0500] {logging_mixin.py:188} INFO - [2024-05-01T23:32:18.492-0500] {dag.py:3954} INFO - Setting next_dagrun for example_sensors to None, run_after=None
[2024-05-01T23:32:18.501-0500] {processor.py:183} INFO - Processing /Users/nestoralfaro/Desktop/pbi-scenario-two/py_env/lib/python3.9/site-packages/airflow/example_dags/example_sensors.py took 0.075 seconds
[2024-05-01T23:34:18.210-0500] {processor.py:161} INFO - Started process (PID=34920) to work on /Users/nestoralfaro/Desktop/pbi-scenario-two/py_env/lib/python3.9/site-packages/airflow/example_dags/example_sensors.py
[2024-05-01T23:34:18.212-0500] {processor.py:830} INFO - Processing file /Users/nestoralfaro/Desktop/pbi-scenario-two/py_env/lib/python3.9/site-packages/airflow/example_dags/example_sensors.py for tasks to queue
[2024-05-01T23:34:18.212-0500] {logging_mixin.py:188} INFO - [2024-05-01T23:34:18.212-0500] {dagbag.py:540} INFO - Filling up the DagBag from /Users/nestoralfaro/Desktop/pbi-scenario-two/py_env/lib/python3.9/site-packages/airflow/example_dags/example_sensors.py
[2024-05-01T23:34:18.221-0500] {processor.py:840} INFO - DAG(s) 'example_sensors' retrieved from /Users/nestoralfaro/Desktop/pbi-scenario-two/py_env/lib/python3.9/site-packages/airflow/example_dags/example_sensors.py
[2024-05-01T23:34:18.274-0500] {logging_mixin.py:188} INFO - [2024-05-01T23:34:18.274-0500] {dag.py:3096} INFO - Sync 1 DAGs
[2024-05-01T23:34:18.278-0500] {logging_mixin.py:188} INFO - [2024-05-01T23:34:18.278-0500] {dag.py:3954} INFO - Setting next_dagrun for example_sensors to None, run_after=None
[2024-05-01T23:34:18.286-0500] {processor.py:183} INFO - Processing /Users/nestoralfaro/Desktop/pbi-scenario-two/py_env/lib/python3.9/site-packages/airflow/example_dags/example_sensors.py took 0.078 seconds
[2024-05-01T23:36:13.149-0500] {processor.py:161} INFO - Started process (PID=34990) to work on /Users/nestoralfaro/Desktop/pbi-scenario-two/py_env/lib/python3.9/site-packages/airflow/example_dags/example_sensors.py
[2024-05-01T23:36:13.150-0500] {processor.py:830} INFO - Processing file /Users/nestoralfaro/Desktop/pbi-scenario-two/py_env/lib/python3.9/site-packages/airflow/example_dags/example_sensors.py for tasks to queue
[2024-05-01T23:36:13.150-0500] {logging_mixin.py:188} INFO - [2024-05-01T23:36:13.150-0500] {dagbag.py:540} INFO - Filling up the DagBag from /Users/nestoralfaro/Desktop/pbi-scenario-two/py_env/lib/python3.9/site-packages/airflow/example_dags/example_sensors.py
[2024-05-01T23:36:13.156-0500] {processor.py:840} INFO - DAG(s) 'example_sensors' retrieved from /Users/nestoralfaro/Desktop/pbi-scenario-two/py_env/lib/python3.9/site-packages/airflow/example_dags/example_sensors.py
[2024-05-01T23:36:13.205-0500] {logging_mixin.py:188} INFO - [2024-05-01T23:36:13.205-0500] {dag.py:3096} INFO - Sync 1 DAGs
[2024-05-01T23:36:13.209-0500] {logging_mixin.py:188} INFO - [2024-05-01T23:36:13.209-0500] {dag.py:3954} INFO - Setting next_dagrun for example_sensors to None, run_after=None
[2024-05-01T23:36:13.219-0500] {processor.py:183} INFO - Processing /Users/nestoralfaro/Desktop/pbi-scenario-two/py_env/lib/python3.9/site-packages/airflow/example_dags/example_sensors.py took 0.072 seconds
[2024-05-01T23:38:08.186-0500] {processor.py:161} INFO - Started process (PID=35059) to work on /Users/nestoralfaro/Desktop/pbi-scenario-two/py_env/lib/python3.9/site-packages/airflow/example_dags/example_sensors.py
[2024-05-01T23:38:08.188-0500] {processor.py:830} INFO - Processing file /Users/nestoralfaro/Desktop/pbi-scenario-two/py_env/lib/python3.9/site-packages/airflow/example_dags/example_sensors.py for tasks to queue
[2024-05-01T23:38:08.188-0500] {logging_mixin.py:188} INFO - [2024-05-01T23:38:08.188-0500] {dagbag.py:540} INFO - Filling up the DagBag from /Users/nestoralfaro/Desktop/pbi-scenario-two/py_env/lib/python3.9/site-packages/airflow/example_dags/example_sensors.py
[2024-05-01T23:38:08.198-0500] {processor.py:840} INFO - DAG(s) 'example_sensors' retrieved from /Users/nestoralfaro/Desktop/pbi-scenario-two/py_env/lib/python3.9/site-packages/airflow/example_dags/example_sensors.py
[2024-05-01T23:38:08.249-0500] {logging_mixin.py:188} INFO - [2024-05-01T23:38:08.249-0500] {dag.py:3096} INFO - Sync 1 DAGs
[2024-05-01T23:38:08.254-0500] {logging_mixin.py:188} INFO - [2024-05-01T23:38:08.254-0500] {dag.py:3954} INFO - Setting next_dagrun for example_sensors to None, run_after=None
[2024-05-01T23:38:08.262-0500] {processor.py:183} INFO - Processing /Users/nestoralfaro/Desktop/pbi-scenario-two/py_env/lib/python3.9/site-packages/airflow/example_dags/example_sensors.py took 0.078 seconds
[2024-05-01T23:40:01.594-0500] {processor.py:161} INFO - Started process (PID=35141) to work on /Users/nestoralfaro/Desktop/pbi-scenario-two/py_env/lib/python3.9/site-packages/airflow/example_dags/example_sensors.py
[2024-05-01T23:40:01.597-0500] {processor.py:830} INFO - Processing file /Users/nestoralfaro/Desktop/pbi-scenario-two/py_env/lib/python3.9/site-packages/airflow/example_dags/example_sensors.py for tasks to queue
[2024-05-01T23:40:01.597-0500] {logging_mixin.py:188} INFO - [2024-05-01T23:40:01.597-0500] {dagbag.py:540} INFO - Filling up the DagBag from /Users/nestoralfaro/Desktop/pbi-scenario-two/py_env/lib/python3.9/site-packages/airflow/example_dags/example_sensors.py
[2024-05-01T23:40:01.604-0500] {processor.py:840} INFO - DAG(s) 'example_sensors' retrieved from /Users/nestoralfaro/Desktop/pbi-scenario-two/py_env/lib/python3.9/site-packages/airflow/example_dags/example_sensors.py
[2024-05-01T23:40:01.650-0500] {logging_mixin.py:188} INFO - [2024-05-01T23:40:01.650-0500] {dag.py:3096} INFO - Sync 1 DAGs
[2024-05-01T23:40:01.653-0500] {logging_mixin.py:188} INFO - [2024-05-01T23:40:01.653-0500] {dag.py:3954} INFO - Setting next_dagrun for example_sensors to None, run_after=None
[2024-05-01T23:40:01.661-0500] {processor.py:183} INFO - Processing /Users/nestoralfaro/Desktop/pbi-scenario-two/py_env/lib/python3.9/site-packages/airflow/example_dags/example_sensors.py took 0.068 seconds
[2024-05-01T23:42:29.234-0500] {processor.py:161} INFO - Started process (PID=35269) to work on /Users/nestoralfaro/Desktop/pbi-scenario-two/py_env/lib/python3.9/site-packages/airflow/example_dags/example_sensors.py
[2024-05-01T23:42:29.235-0500] {processor.py:830} INFO - Processing file /Users/nestoralfaro/Desktop/pbi-scenario-two/py_env/lib/python3.9/site-packages/airflow/example_dags/example_sensors.py for tasks to queue
[2024-05-01T23:42:29.235-0500] {logging_mixin.py:188} INFO - [2024-05-01T23:42:29.235-0500] {dagbag.py:540} INFO - Filling up the DagBag from /Users/nestoralfaro/Desktop/pbi-scenario-two/py_env/lib/python3.9/site-packages/airflow/example_dags/example_sensors.py
[2024-05-01T23:42:29.242-0500] {processor.py:840} INFO - DAG(s) 'example_sensors' retrieved from /Users/nestoralfaro/Desktop/pbi-scenario-two/py_env/lib/python3.9/site-packages/airflow/example_dags/example_sensors.py
[2024-05-01T23:42:29.294-0500] {logging_mixin.py:188} INFO - [2024-05-01T23:42:29.294-0500] {dag.py:3096} INFO - Sync 1 DAGs
[2024-05-01T23:42:29.298-0500] {logging_mixin.py:188} INFO - [2024-05-01T23:42:29.298-0500] {dag.py:3954} INFO - Setting next_dagrun for example_sensors to None, run_after=None
[2024-05-01T23:42:29.306-0500] {processor.py:183} INFO - Processing /Users/nestoralfaro/Desktop/pbi-scenario-two/py_env/lib/python3.9/site-packages/airflow/example_dags/example_sensors.py took 0.074 seconds
[2024-05-01T23:43:57.863-0500] {processor.py:161} INFO - Started process (PID=35323) to work on /Users/nestoralfaro/Desktop/pbi-scenario-two/py_env/lib/python3.9/site-packages/airflow/example_dags/example_sensors.py
[2024-05-01T23:43:57.865-0500] {processor.py:830} INFO - Processing file /Users/nestoralfaro/Desktop/pbi-scenario-two/py_env/lib/python3.9/site-packages/airflow/example_dags/example_sensors.py for tasks to queue
[2024-05-01T23:43:57.866-0500] {logging_mixin.py:188} INFO - [2024-05-01T23:43:57.866-0500] {dagbag.py:540} INFO - Filling up the DagBag from /Users/nestoralfaro/Desktop/pbi-scenario-two/py_env/lib/python3.9/site-packages/airflow/example_dags/example_sensors.py
[2024-05-01T23:43:57.873-0500] {processor.py:840} INFO - DAG(s) 'example_sensors' retrieved from /Users/nestoralfaro/Desktop/pbi-scenario-two/py_env/lib/python3.9/site-packages/airflow/example_dags/example_sensors.py
[2024-05-01T23:43:57.921-0500] {logging_mixin.py:188} INFO - [2024-05-01T23:43:57.920-0500] {dag.py:3096} INFO - Sync 1 DAGs
[2024-05-01T23:43:57.924-0500] {logging_mixin.py:188} INFO - [2024-05-01T23:43:57.924-0500] {dag.py:3954} INFO - Setting next_dagrun for example_sensors to None, run_after=None
[2024-05-01T23:43:57.932-0500] {processor.py:183} INFO - Processing /Users/nestoralfaro/Desktop/pbi-scenario-two/py_env/lib/python3.9/site-packages/airflow/example_dags/example_sensors.py took 0.070 seconds
[2024-05-01T23:45:55.977-0500] {processor.py:161} INFO - Started process (PID=35406) to work on /Users/nestoralfaro/Desktop/pbi-scenario-two/py_env/lib/python3.9/site-packages/airflow/example_dags/example_sensors.py
[2024-05-01T23:45:55.979-0500] {processor.py:830} INFO - Processing file /Users/nestoralfaro/Desktop/pbi-scenario-two/py_env/lib/python3.9/site-packages/airflow/example_dags/example_sensors.py for tasks to queue
[2024-05-01T23:45:55.979-0500] {logging_mixin.py:188} INFO - [2024-05-01T23:45:55.979-0500] {dagbag.py:540} INFO - Filling up the DagBag from /Users/nestoralfaro/Desktop/pbi-scenario-two/py_env/lib/python3.9/site-packages/airflow/example_dags/example_sensors.py
[2024-05-01T23:45:55.985-0500] {processor.py:840} INFO - DAG(s) 'example_sensors' retrieved from /Users/nestoralfaro/Desktop/pbi-scenario-two/py_env/lib/python3.9/site-packages/airflow/example_dags/example_sensors.py
[2024-05-01T23:45:56.032-0500] {logging_mixin.py:188} INFO - [2024-05-01T23:45:56.032-0500] {dag.py:3096} INFO - Sync 1 DAGs
[2024-05-01T23:45:56.036-0500] {logging_mixin.py:188} INFO - [2024-05-01T23:45:56.036-0500] {dag.py:3954} INFO - Setting next_dagrun for example_sensors to None, run_after=None
[2024-05-01T23:45:56.043-0500] {processor.py:183} INFO - Processing /Users/nestoralfaro/Desktop/pbi-scenario-two/py_env/lib/python3.9/site-packages/airflow/example_dags/example_sensors.py took 0.068 seconds
[2024-05-01T23:47:46.706-0500] {processor.py:161} INFO - Started process (PID=35483) to work on /Users/nestoralfaro/Desktop/pbi-scenario-two/py_env/lib/python3.9/site-packages/airflow/example_dags/example_sensors.py
[2024-05-01T23:47:46.708-0500] {processor.py:830} INFO - Processing file /Users/nestoralfaro/Desktop/pbi-scenario-two/py_env/lib/python3.9/site-packages/airflow/example_dags/example_sensors.py for tasks to queue
[2024-05-01T23:47:46.708-0500] {logging_mixin.py:188} INFO - [2024-05-01T23:47:46.708-0500] {dagbag.py:540} INFO - Filling up the DagBag from /Users/nestoralfaro/Desktop/pbi-scenario-two/py_env/lib/python3.9/site-packages/airflow/example_dags/example_sensors.py
[2024-05-01T23:47:46.717-0500] {processor.py:840} INFO - DAG(s) 'example_sensors' retrieved from /Users/nestoralfaro/Desktop/pbi-scenario-two/py_env/lib/python3.9/site-packages/airflow/example_dags/example_sensors.py
[2024-05-01T23:47:46.767-0500] {logging_mixin.py:188} INFO - [2024-05-01T23:47:46.767-0500] {dag.py:3096} INFO - Sync 1 DAGs
[2024-05-01T23:47:46.771-0500] {logging_mixin.py:188} INFO - [2024-05-01T23:47:46.771-0500] {dag.py:3954} INFO - Setting next_dagrun for example_sensors to None, run_after=None
[2024-05-01T23:47:46.783-0500] {processor.py:183} INFO - Processing /Users/nestoralfaro/Desktop/pbi-scenario-two/py_env/lib/python3.9/site-packages/airflow/example_dags/example_sensors.py took 0.079 seconds
[2024-05-01T23:49:39.265-0500] {processor.py:161} INFO - Started process (PID=35563) to work on /Users/nestoralfaro/Desktop/pbi-scenario-two/py_env/lib/python3.9/site-packages/airflow/example_dags/example_sensors.py
[2024-05-01T23:49:39.267-0500] {processor.py:830} INFO - Processing file /Users/nestoralfaro/Desktop/pbi-scenario-two/py_env/lib/python3.9/site-packages/airflow/example_dags/example_sensors.py for tasks to queue
[2024-05-01T23:49:39.267-0500] {logging_mixin.py:188} INFO - [2024-05-01T23:49:39.267-0500] {dagbag.py:540} INFO - Filling up the DagBag from /Users/nestoralfaro/Desktop/pbi-scenario-two/py_env/lib/python3.9/site-packages/airflow/example_dags/example_sensors.py
[2024-05-01T23:49:39.275-0500] {processor.py:840} INFO - DAG(s) 'example_sensors' retrieved from /Users/nestoralfaro/Desktop/pbi-scenario-two/py_env/lib/python3.9/site-packages/airflow/example_dags/example_sensors.py
[2024-05-01T23:49:39.325-0500] {logging_mixin.py:188} INFO - [2024-05-01T23:49:39.325-0500] {dag.py:3096} INFO - Sync 1 DAGs
[2024-05-01T23:49:39.329-0500] {logging_mixin.py:188} INFO - [2024-05-01T23:49:39.329-0500] {dag.py:3954} INFO - Setting next_dagrun for example_sensors to None, run_after=None
[2024-05-01T23:49:39.337-0500] {processor.py:183} INFO - Processing /Users/nestoralfaro/Desktop/pbi-scenario-two/py_env/lib/python3.9/site-packages/airflow/example_dags/example_sensors.py took 0.073 seconds
[2024-05-01T23:51:34.062-0500] {processor.py:161} INFO - Started process (PID=35632) to work on /Users/nestoralfaro/Desktop/pbi-scenario-two/py_env/lib/python3.9/site-packages/airflow/example_dags/example_sensors.py
[2024-05-01T23:51:34.063-0500] {processor.py:830} INFO - Processing file /Users/nestoralfaro/Desktop/pbi-scenario-two/py_env/lib/python3.9/site-packages/airflow/example_dags/example_sensors.py for tasks to queue
[2024-05-01T23:51:34.063-0500] {logging_mixin.py:188} INFO - [2024-05-01T23:51:34.063-0500] {dagbag.py:540} INFO - Filling up the DagBag from /Users/nestoralfaro/Desktop/pbi-scenario-two/py_env/lib/python3.9/site-packages/airflow/example_dags/example_sensors.py
[2024-05-01T23:51:34.069-0500] {processor.py:840} INFO - DAG(s) 'example_sensors' retrieved from /Users/nestoralfaro/Desktop/pbi-scenario-two/py_env/lib/python3.9/site-packages/airflow/example_dags/example_sensors.py
[2024-05-01T23:51:34.119-0500] {logging_mixin.py:188} INFO - [2024-05-01T23:51:34.119-0500] {dag.py:3096} INFO - Sync 1 DAGs
[2024-05-01T23:51:34.123-0500] {logging_mixin.py:188} INFO - [2024-05-01T23:51:34.123-0500] {dag.py:3954} INFO - Setting next_dagrun for example_sensors to None, run_after=None
[2024-05-01T23:51:34.131-0500] {processor.py:183} INFO - Processing /Users/nestoralfaro/Desktop/pbi-scenario-two/py_env/lib/python3.9/site-packages/airflow/example_dags/example_sensors.py took 0.070 seconds
[2024-05-01T23:53:30.910-0500] {processor.py:161} INFO - Started process (PID=35718) to work on /Users/nestoralfaro/Desktop/pbi-scenario-two/py_env/lib/python3.9/site-packages/airflow/example_dags/example_sensors.py
[2024-05-01T23:53:30.911-0500] {processor.py:830} INFO - Processing file /Users/nestoralfaro/Desktop/pbi-scenario-two/py_env/lib/python3.9/site-packages/airflow/example_dags/example_sensors.py for tasks to queue
[2024-05-01T23:53:30.911-0500] {logging_mixin.py:188} INFO - [2024-05-01T23:53:30.911-0500] {dagbag.py:540} INFO - Filling up the DagBag from /Users/nestoralfaro/Desktop/pbi-scenario-two/py_env/lib/python3.9/site-packages/airflow/example_dags/example_sensors.py
[2024-05-01T23:53:30.917-0500] {processor.py:840} INFO - DAG(s) 'example_sensors' retrieved from /Users/nestoralfaro/Desktop/pbi-scenario-two/py_env/lib/python3.9/site-packages/airflow/example_dags/example_sensors.py
[2024-05-01T23:53:30.967-0500] {logging_mixin.py:188} INFO - [2024-05-01T23:53:30.967-0500] {dag.py:3096} INFO - Sync 1 DAGs
[2024-05-01T23:53:30.971-0500] {logging_mixin.py:188} INFO - [2024-05-01T23:53:30.971-0500] {dag.py:3954} INFO - Setting next_dagrun for example_sensors to None, run_after=None
[2024-05-01T23:53:30.979-0500] {processor.py:183} INFO - Processing /Users/nestoralfaro/Desktop/pbi-scenario-two/py_env/lib/python3.9/site-packages/airflow/example_dags/example_sensors.py took 0.070 seconds
[2024-05-01T23:55:25.819-0500] {processor.py:161} INFO - Started process (PID=35787) to work on /Users/nestoralfaro/Desktop/pbi-scenario-two/py_env/lib/python3.9/site-packages/airflow/example_dags/example_sensors.py
[2024-05-01T23:55:25.821-0500] {processor.py:830} INFO - Processing file /Users/nestoralfaro/Desktop/pbi-scenario-two/py_env/lib/python3.9/site-packages/airflow/example_dags/example_sensors.py for tasks to queue
[2024-05-01T23:55:25.821-0500] {logging_mixin.py:188} INFO - [2024-05-01T23:55:25.821-0500] {dagbag.py:540} INFO - Filling up the DagBag from /Users/nestoralfaro/Desktop/pbi-scenario-two/py_env/lib/python3.9/site-packages/airflow/example_dags/example_sensors.py
[2024-05-01T23:55:25.827-0500] {processor.py:840} INFO - DAG(s) 'example_sensors' retrieved from /Users/nestoralfaro/Desktop/pbi-scenario-two/py_env/lib/python3.9/site-packages/airflow/example_dags/example_sensors.py
[2024-05-01T23:55:25.872-0500] {logging_mixin.py:188} INFO - [2024-05-01T23:55:25.871-0500] {dag.py:3096} INFO - Sync 1 DAGs
[2024-05-01T23:55:25.875-0500] {logging_mixin.py:188} INFO - [2024-05-01T23:55:25.875-0500] {dag.py:3954} INFO - Setting next_dagrun for example_sensors to None, run_after=None
[2024-05-01T23:55:25.882-0500] {processor.py:183} INFO - Processing /Users/nestoralfaro/Desktop/pbi-scenario-two/py_env/lib/python3.9/site-packages/airflow/example_dags/example_sensors.py took 0.064 seconds
[2024-05-01T23:57:16.464-0500] {processor.py:161} INFO - Started process (PID=35855) to work on /Users/nestoralfaro/Desktop/pbi-scenario-two/py_env/lib/python3.9/site-packages/airflow/example_dags/example_sensors.py
[2024-05-01T23:57:16.465-0500] {processor.py:830} INFO - Processing file /Users/nestoralfaro/Desktop/pbi-scenario-two/py_env/lib/python3.9/site-packages/airflow/example_dags/example_sensors.py for tasks to queue
[2024-05-01T23:57:16.465-0500] {logging_mixin.py:188} INFO - [2024-05-01T23:57:16.465-0500] {dagbag.py:540} INFO - Filling up the DagBag from /Users/nestoralfaro/Desktop/pbi-scenario-two/py_env/lib/python3.9/site-packages/airflow/example_dags/example_sensors.py
[2024-05-01T23:57:16.471-0500] {processor.py:840} INFO - DAG(s) 'example_sensors' retrieved from /Users/nestoralfaro/Desktop/pbi-scenario-two/py_env/lib/python3.9/site-packages/airflow/example_dags/example_sensors.py
[2024-05-01T23:57:16.518-0500] {logging_mixin.py:188} INFO - [2024-05-01T23:57:16.518-0500] {dag.py:3096} INFO - Sync 1 DAGs
[2024-05-01T23:57:16.522-0500] {logging_mixin.py:188} INFO - [2024-05-01T23:57:16.522-0500] {dag.py:3954} INFO - Setting next_dagrun for example_sensors to None, run_after=None
[2024-05-01T23:57:16.529-0500] {processor.py:183} INFO - Processing /Users/nestoralfaro/Desktop/pbi-scenario-two/py_env/lib/python3.9/site-packages/airflow/example_dags/example_sensors.py took 0.067 seconds
[2024-05-01T23:59:08.449-0500] {processor.py:161} INFO - Started process (PID=35925) to work on /Users/nestoralfaro/Desktop/pbi-scenario-two/py_env/lib/python3.9/site-packages/airflow/example_dags/example_sensors.py
[2024-05-01T23:59:08.450-0500] {processor.py:830} INFO - Processing file /Users/nestoralfaro/Desktop/pbi-scenario-two/py_env/lib/python3.9/site-packages/airflow/example_dags/example_sensors.py for tasks to queue
[2024-05-01T23:59:08.450-0500] {logging_mixin.py:188} INFO - [2024-05-01T23:59:08.450-0500] {dagbag.py:540} INFO - Filling up the DagBag from /Users/nestoralfaro/Desktop/pbi-scenario-two/py_env/lib/python3.9/site-packages/airflow/example_dags/example_sensors.py
[2024-05-01T23:59:08.456-0500] {processor.py:840} INFO - DAG(s) 'example_sensors' retrieved from /Users/nestoralfaro/Desktop/pbi-scenario-two/py_env/lib/python3.9/site-packages/airflow/example_dags/example_sensors.py
[2024-05-01T23:59:08.501-0500] {logging_mixin.py:188} INFO - [2024-05-01T23:59:08.501-0500] {dag.py:3096} INFO - Sync 1 DAGs
[2024-05-01T23:59:08.505-0500] {logging_mixin.py:188} INFO - [2024-05-01T23:59:08.505-0500] {dag.py:3954} INFO - Setting next_dagrun for example_sensors to None, run_after=None
[2024-05-01T23:59:08.513-0500] {processor.py:183} INFO - Processing /Users/nestoralfaro/Desktop/pbi-scenario-two/py_env/lib/python3.9/site-packages/airflow/example_dags/example_sensors.py took 0.065 seconds
[2024-05-02T00:00:59.386-0500] {processor.py:161} INFO - Started process (PID=36018) to work on /Users/nestoralfaro/Desktop/pbi-scenario-two/py_env/lib/python3.9/site-packages/airflow/example_dags/example_sensors.py
[2024-05-02T00:00:59.388-0500] {processor.py:830} INFO - Processing file /Users/nestoralfaro/Desktop/pbi-scenario-two/py_env/lib/python3.9/site-packages/airflow/example_dags/example_sensors.py for tasks to queue
[2024-05-02T00:00:59.389-0500] {logging_mixin.py:188} INFO - [2024-05-02T00:00:59.389-0500] {dagbag.py:540} INFO - Filling up the DagBag from /Users/nestoralfaro/Desktop/pbi-scenario-two/py_env/lib/python3.9/site-packages/airflow/example_dags/example_sensors.py
[2024-05-02T00:00:59.397-0500] {processor.py:840} INFO - DAG(s) 'example_sensors' retrieved from /Users/nestoralfaro/Desktop/pbi-scenario-two/py_env/lib/python3.9/site-packages/airflow/example_dags/example_sensors.py
[2024-05-02T00:00:59.448-0500] {logging_mixin.py:188} INFO - [2024-05-02T00:00:59.448-0500] {dag.py:3096} INFO - Sync 1 DAGs
[2024-05-02T00:00:59.452-0500] {logging_mixin.py:188} INFO - [2024-05-02T00:00:59.452-0500] {dag.py:3954} INFO - Setting next_dagrun for example_sensors to None, run_after=None
[2024-05-02T00:00:59.461-0500] {processor.py:183} INFO - Processing /Users/nestoralfaro/Desktop/pbi-scenario-two/py_env/lib/python3.9/site-packages/airflow/example_dags/example_sensors.py took 0.076 seconds
[2024-05-02T00:02:57.838-0500] {processor.py:161} INFO - Started process (PID=36101) to work on /Users/nestoralfaro/Desktop/pbi-scenario-two/py_env/lib/python3.9/site-packages/airflow/example_dags/example_sensors.py
[2024-05-02T00:02:57.840-0500] {processor.py:830} INFO - Processing file /Users/nestoralfaro/Desktop/pbi-scenario-two/py_env/lib/python3.9/site-packages/airflow/example_dags/example_sensors.py for tasks to queue
[2024-05-02T00:02:57.841-0500] {logging_mixin.py:188} INFO - [2024-05-02T00:02:57.841-0500] {dagbag.py:540} INFO - Filling up the DagBag from /Users/nestoralfaro/Desktop/pbi-scenario-two/py_env/lib/python3.9/site-packages/airflow/example_dags/example_sensors.py
[2024-05-02T00:02:57.848-0500] {processor.py:840} INFO - DAG(s) 'example_sensors' retrieved from /Users/nestoralfaro/Desktop/pbi-scenario-two/py_env/lib/python3.9/site-packages/airflow/example_dags/example_sensors.py
[2024-05-02T00:02:57.895-0500] {logging_mixin.py:188} INFO - [2024-05-02T00:02:57.895-0500] {dag.py:3096} INFO - Sync 1 DAGs
[2024-05-02T00:02:57.899-0500] {logging_mixin.py:188} INFO - [2024-05-02T00:02:57.899-0500] {dag.py:3954} INFO - Setting next_dagrun for example_sensors to None, run_after=None
[2024-05-02T00:02:57.906-0500] {processor.py:183} INFO - Processing /Users/nestoralfaro/Desktop/pbi-scenario-two/py_env/lib/python3.9/site-packages/airflow/example_dags/example_sensors.py took 0.070 seconds
[2024-05-02T00:04:51.058-0500] {processor.py:161} INFO - Started process (PID=36179) to work on /Users/nestoralfaro/Desktop/pbi-scenario-two/py_env/lib/python3.9/site-packages/airflow/example_dags/example_sensors.py
[2024-05-02T00:04:51.059-0500] {processor.py:830} INFO - Processing file /Users/nestoralfaro/Desktop/pbi-scenario-two/py_env/lib/python3.9/site-packages/airflow/example_dags/example_sensors.py for tasks to queue
[2024-05-02T00:04:51.060-0500] {logging_mixin.py:188} INFO - [2024-05-02T00:04:51.060-0500] {dagbag.py:540} INFO - Filling up the DagBag from /Users/nestoralfaro/Desktop/pbi-scenario-two/py_env/lib/python3.9/site-packages/airflow/example_dags/example_sensors.py
[2024-05-02T00:04:51.068-0500] {processor.py:840} INFO - DAG(s) 'example_sensors' retrieved from /Users/nestoralfaro/Desktop/pbi-scenario-two/py_env/lib/python3.9/site-packages/airflow/example_dags/example_sensors.py
[2024-05-02T00:04:51.118-0500] {logging_mixin.py:188} INFO - [2024-05-02T00:04:51.118-0500] {dag.py:3096} INFO - Sync 1 DAGs
[2024-05-02T00:04:51.121-0500] {logging_mixin.py:188} INFO - [2024-05-02T00:04:51.121-0500] {dag.py:3954} INFO - Setting next_dagrun for example_sensors to None, run_after=None
[2024-05-02T00:04:51.130-0500] {processor.py:183} INFO - Processing /Users/nestoralfaro/Desktop/pbi-scenario-two/py_env/lib/python3.9/site-packages/airflow/example_dags/example_sensors.py took 0.074 seconds
[2024-05-02T00:06:46.032-0500] {processor.py:161} INFO - Started process (PID=36267) to work on /Users/nestoralfaro/Desktop/pbi-scenario-two/py_env/lib/python3.9/site-packages/airflow/example_dags/example_sensors.py
[2024-05-02T00:06:46.034-0500] {processor.py:830} INFO - Processing file /Users/nestoralfaro/Desktop/pbi-scenario-two/py_env/lib/python3.9/site-packages/airflow/example_dags/example_sensors.py for tasks to queue
[2024-05-02T00:06:46.034-0500] {logging_mixin.py:188} INFO - [2024-05-02T00:06:46.034-0500] {dagbag.py:540} INFO - Filling up the DagBag from /Users/nestoralfaro/Desktop/pbi-scenario-two/py_env/lib/python3.9/site-packages/airflow/example_dags/example_sensors.py
[2024-05-02T00:06:46.041-0500] {processor.py:840} INFO - DAG(s) 'example_sensors' retrieved from /Users/nestoralfaro/Desktop/pbi-scenario-two/py_env/lib/python3.9/site-packages/airflow/example_dags/example_sensors.py
[2024-05-02T00:06:46.087-0500] {logging_mixin.py:188} INFO - [2024-05-02T00:06:46.087-0500] {dag.py:3096} INFO - Sync 1 DAGs
[2024-05-02T00:06:46.091-0500] {logging_mixin.py:188} INFO - [2024-05-02T00:06:46.090-0500] {dag.py:3954} INFO - Setting next_dagrun for example_sensors to None, run_after=None
[2024-05-02T00:06:46.098-0500] {processor.py:183} INFO - Processing /Users/nestoralfaro/Desktop/pbi-scenario-two/py_env/lib/python3.9/site-packages/airflow/example_dags/example_sensors.py took 0.067 seconds
[2024-05-02T00:08:32.895-0500] {processor.py:161} INFO - Started process (PID=36334) to work on /Users/nestoralfaro/Desktop/pbi-scenario-two/py_env/lib/python3.9/site-packages/airflow/example_dags/example_sensors.py
[2024-05-02T00:08:32.897-0500] {processor.py:830} INFO - Processing file /Users/nestoralfaro/Desktop/pbi-scenario-two/py_env/lib/python3.9/site-packages/airflow/example_dags/example_sensors.py for tasks to queue
[2024-05-02T00:08:32.898-0500] {logging_mixin.py:188} INFO - [2024-05-02T00:08:32.897-0500] {dagbag.py:540} INFO - Filling up the DagBag from /Users/nestoralfaro/Desktop/pbi-scenario-two/py_env/lib/python3.9/site-packages/airflow/example_dags/example_sensors.py
[2024-05-02T00:08:32.905-0500] {processor.py:840} INFO - DAG(s) 'example_sensors' retrieved from /Users/nestoralfaro/Desktop/pbi-scenario-two/py_env/lib/python3.9/site-packages/airflow/example_dags/example_sensors.py
[2024-05-02T00:08:32.951-0500] {logging_mixin.py:188} INFO - [2024-05-02T00:08:32.951-0500] {dag.py:3096} INFO - Sync 1 DAGs
[2024-05-02T00:08:32.954-0500] {logging_mixin.py:188} INFO - [2024-05-02T00:08:32.954-0500] {dag.py:3954} INFO - Setting next_dagrun for example_sensors to None, run_after=None
[2024-05-02T00:08:32.962-0500] {processor.py:183} INFO - Processing /Users/nestoralfaro/Desktop/pbi-scenario-two/py_env/lib/python3.9/site-packages/airflow/example_dags/example_sensors.py took 0.069 seconds
[2024-05-02T00:11:37.379-0500] {processor.py:161} INFO - Started process (PID=36461) to work on /Users/nestoralfaro/Desktop/pbi-scenario-two/py_env/lib/python3.9/site-packages/airflow/example_dags/example_sensors.py
[2024-05-02T00:11:37.381-0500] {processor.py:830} INFO - Processing file /Users/nestoralfaro/Desktop/pbi-scenario-two/py_env/lib/python3.9/site-packages/airflow/example_dags/example_sensors.py for tasks to queue
[2024-05-02T00:11:37.381-0500] {logging_mixin.py:188} INFO - [2024-05-02T00:11:37.381-0500] {dagbag.py:540} INFO - Filling up the DagBag from /Users/nestoralfaro/Desktop/pbi-scenario-two/py_env/lib/python3.9/site-packages/airflow/example_dags/example_sensors.py
[2024-05-02T00:11:37.388-0500] {processor.py:840} INFO - DAG(s) 'example_sensors' retrieved from /Users/nestoralfaro/Desktop/pbi-scenario-two/py_env/lib/python3.9/site-packages/airflow/example_dags/example_sensors.py
[2024-05-02T00:11:37.436-0500] {logging_mixin.py:188} INFO - [2024-05-02T00:11:37.436-0500] {dag.py:3096} INFO - Sync 1 DAGs
[2024-05-02T00:11:37.440-0500] {logging_mixin.py:188} INFO - [2024-05-02T00:11:37.440-0500] {dag.py:3954} INFO - Setting next_dagrun for example_sensors to None, run_after=None
[2024-05-02T00:11:37.448-0500] {processor.py:183} INFO - Processing /Users/nestoralfaro/Desktop/pbi-scenario-two/py_env/lib/python3.9/site-packages/airflow/example_dags/example_sensors.py took 0.070 seconds
[2024-05-02T00:13:04.483-0500] {processor.py:161} INFO - Started process (PID=36529) to work on /Users/nestoralfaro/Desktop/pbi-scenario-two/py_env/lib/python3.9/site-packages/airflow/example_dags/example_sensors.py
[2024-05-02T00:13:04.485-0500] {processor.py:830} INFO - Processing file /Users/nestoralfaro/Desktop/pbi-scenario-two/py_env/lib/python3.9/site-packages/airflow/example_dags/example_sensors.py for tasks to queue
[2024-05-02T00:13:04.485-0500] {logging_mixin.py:188} INFO - [2024-05-02T00:13:04.485-0500] {dagbag.py:540} INFO - Filling up the DagBag from /Users/nestoralfaro/Desktop/pbi-scenario-two/py_env/lib/python3.9/site-packages/airflow/example_dags/example_sensors.py
[2024-05-02T00:13:04.492-0500] {processor.py:840} INFO - DAG(s) 'example_sensors' retrieved from /Users/nestoralfaro/Desktop/pbi-scenario-two/py_env/lib/python3.9/site-packages/airflow/example_dags/example_sensors.py
[2024-05-02T00:13:04.540-0500] {logging_mixin.py:188} INFO - [2024-05-02T00:13:04.540-0500] {dag.py:3096} INFO - Sync 1 DAGs
[2024-05-02T00:13:04.544-0500] {logging_mixin.py:188} INFO - [2024-05-02T00:13:04.544-0500] {dag.py:3954} INFO - Setting next_dagrun for example_sensors to None, run_after=None
[2024-05-02T00:13:04.551-0500] {processor.py:183} INFO - Processing /Users/nestoralfaro/Desktop/pbi-scenario-two/py_env/lib/python3.9/site-packages/airflow/example_dags/example_sensors.py took 0.070 seconds
[2024-05-02T00:15:30.329-0500] {processor.py:161} INFO - Started process (PID=36624) to work on /Users/nestoralfaro/Desktop/pbi-scenario-two/py_env/lib/python3.9/site-packages/airflow/example_dags/example_sensors.py
[2024-05-02T00:15:30.331-0500] {processor.py:830} INFO - Processing file /Users/nestoralfaro/Desktop/pbi-scenario-two/py_env/lib/python3.9/site-packages/airflow/example_dags/example_sensors.py for tasks to queue
[2024-05-02T00:15:30.331-0500] {logging_mixin.py:188} INFO - [2024-05-02T00:15:30.331-0500] {dagbag.py:540} INFO - Filling up the DagBag from /Users/nestoralfaro/Desktop/pbi-scenario-two/py_env/lib/python3.9/site-packages/airflow/example_dags/example_sensors.py
[2024-05-02T00:15:30.338-0500] {processor.py:840} INFO - DAG(s) 'example_sensors' retrieved from /Users/nestoralfaro/Desktop/pbi-scenario-two/py_env/lib/python3.9/site-packages/airflow/example_dags/example_sensors.py
[2024-05-02T00:15:30.387-0500] {logging_mixin.py:188} INFO - [2024-05-02T00:15:30.387-0500] {dag.py:3096} INFO - Sync 1 DAGs
[2024-05-02T00:15:30.391-0500] {logging_mixin.py:188} INFO - [2024-05-02T00:15:30.391-0500] {dag.py:3954} INFO - Setting next_dagrun for example_sensors to None, run_after=None
[2024-05-02T00:15:30.399-0500] {processor.py:183} INFO - Processing /Users/nestoralfaro/Desktop/pbi-scenario-two/py_env/lib/python3.9/site-packages/airflow/example_dags/example_sensors.py took 0.072 seconds
[2024-05-02T00:16:59.312-0500] {processor.py:161} INFO - Started process (PID=36681) to work on /Users/nestoralfaro/Desktop/pbi-scenario-two/py_env/lib/python3.9/site-packages/airflow/example_dags/example_sensors.py
[2024-05-02T00:16:59.313-0500] {processor.py:830} INFO - Processing file /Users/nestoralfaro/Desktop/pbi-scenario-two/py_env/lib/python3.9/site-packages/airflow/example_dags/example_sensors.py for tasks to queue
[2024-05-02T00:16:59.314-0500] {logging_mixin.py:188} INFO - [2024-05-02T00:16:59.314-0500] {dagbag.py:540} INFO - Filling up the DagBag from /Users/nestoralfaro/Desktop/pbi-scenario-two/py_env/lib/python3.9/site-packages/airflow/example_dags/example_sensors.py
[2024-05-02T00:16:59.319-0500] {processor.py:840} INFO - DAG(s) 'example_sensors' retrieved from /Users/nestoralfaro/Desktop/pbi-scenario-two/py_env/lib/python3.9/site-packages/airflow/example_dags/example_sensors.py
[2024-05-02T00:16:59.364-0500] {logging_mixin.py:188} INFO - [2024-05-02T00:16:59.364-0500] {dag.py:3096} INFO - Sync 1 DAGs
[2024-05-02T00:16:59.368-0500] {logging_mixin.py:188} INFO - [2024-05-02T00:16:59.368-0500] {dag.py:3954} INFO - Setting next_dagrun for example_sensors to None, run_after=None
[2024-05-02T00:16:59.375-0500] {processor.py:183} INFO - Processing /Users/nestoralfaro/Desktop/pbi-scenario-two/py_env/lib/python3.9/site-packages/airflow/example_dags/example_sensors.py took 0.064 seconds
[2024-05-02T00:18:55.003-0500] {processor.py:161} INFO - Started process (PID=36778) to work on /Users/nestoralfaro/Desktop/pbi-scenario-two/py_env/lib/python3.9/site-packages/airflow/example_dags/example_sensors.py
[2024-05-02T00:18:55.005-0500] {processor.py:830} INFO - Processing file /Users/nestoralfaro/Desktop/pbi-scenario-two/py_env/lib/python3.9/site-packages/airflow/example_dags/example_sensors.py for tasks to queue
[2024-05-02T00:18:55.005-0500] {logging_mixin.py:188} INFO - [2024-05-02T00:18:55.005-0500] {dagbag.py:540} INFO - Filling up the DagBag from /Users/nestoralfaro/Desktop/pbi-scenario-two/py_env/lib/python3.9/site-packages/airflow/example_dags/example_sensors.py
[2024-05-02T00:18:55.013-0500] {processor.py:840} INFO - DAG(s) 'example_sensors' retrieved from /Users/nestoralfaro/Desktop/pbi-scenario-two/py_env/lib/python3.9/site-packages/airflow/example_dags/example_sensors.py
[2024-05-02T00:18:55.059-0500] {logging_mixin.py:188} INFO - [2024-05-02T00:18:55.059-0500] {dag.py:3096} INFO - Sync 1 DAGs
[2024-05-02T00:18:55.063-0500] {logging_mixin.py:188} INFO - [2024-05-02T00:18:55.063-0500] {dag.py:3954} INFO - Setting next_dagrun for example_sensors to None, run_after=None
[2024-05-02T00:18:55.070-0500] {processor.py:183} INFO - Processing /Users/nestoralfaro/Desktop/pbi-scenario-two/py_env/lib/python3.9/site-packages/airflow/example_dags/example_sensors.py took 0.068 seconds
[2024-05-02T00:20:49.376-0500] {processor.py:161} INFO - Started process (PID=36866) to work on /Users/nestoralfaro/Desktop/pbi-scenario-two/py_env/lib/python3.9/site-packages/airflow/example_dags/example_sensors.py
[2024-05-02T00:20:49.377-0500] {processor.py:830} INFO - Processing file /Users/nestoralfaro/Desktop/pbi-scenario-two/py_env/lib/python3.9/site-packages/airflow/example_dags/example_sensors.py for tasks to queue
[2024-05-02T00:20:49.377-0500] {logging_mixin.py:188} INFO - [2024-05-02T00:20:49.377-0500] {dagbag.py:540} INFO - Filling up the DagBag from /Users/nestoralfaro/Desktop/pbi-scenario-two/py_env/lib/python3.9/site-packages/airflow/example_dags/example_sensors.py
[2024-05-02T00:20:49.383-0500] {processor.py:840} INFO - DAG(s) 'example_sensors' retrieved from /Users/nestoralfaro/Desktop/pbi-scenario-two/py_env/lib/python3.9/site-packages/airflow/example_dags/example_sensors.py
[2024-05-02T00:20:49.434-0500] {logging_mixin.py:188} INFO - [2024-05-02T00:20:49.434-0500] {dag.py:3096} INFO - Sync 1 DAGs
[2024-05-02T00:20:49.438-0500] {logging_mixin.py:188} INFO - [2024-05-02T00:20:49.438-0500] {dag.py:3954} INFO - Setting next_dagrun for example_sensors to None, run_after=None
[2024-05-02T00:20:49.446-0500] {processor.py:183} INFO - Processing /Users/nestoralfaro/Desktop/pbi-scenario-two/py_env/lib/python3.9/site-packages/airflow/example_dags/example_sensors.py took 0.071 seconds
[2024-05-02T00:22:46.316-0500] {processor.py:161} INFO - Started process (PID=36968) to work on /Users/nestoralfaro/Desktop/pbi-scenario-two/py_env/lib/python3.9/site-packages/airflow/example_dags/example_sensors.py
[2024-05-02T00:22:46.318-0500] {processor.py:830} INFO - Processing file /Users/nestoralfaro/Desktop/pbi-scenario-two/py_env/lib/python3.9/site-packages/airflow/example_dags/example_sensors.py for tasks to queue
[2024-05-02T00:22:46.318-0500] {logging_mixin.py:188} INFO - [2024-05-02T00:22:46.318-0500] {dagbag.py:540} INFO - Filling up the DagBag from /Users/nestoralfaro/Desktop/pbi-scenario-two/py_env/lib/python3.9/site-packages/airflow/example_dags/example_sensors.py
[2024-05-02T00:22:46.326-0500] {processor.py:840} INFO - DAG(s) 'example_sensors' retrieved from /Users/nestoralfaro/Desktop/pbi-scenario-two/py_env/lib/python3.9/site-packages/airflow/example_dags/example_sensors.py
[2024-05-02T00:22:46.373-0500] {logging_mixin.py:188} INFO - [2024-05-02T00:22:46.373-0500] {dag.py:3096} INFO - Sync 1 DAGs
[2024-05-02T00:22:46.377-0500] {logging_mixin.py:188} INFO - [2024-05-02T00:22:46.377-0500] {dag.py:3954} INFO - Setting next_dagrun for example_sensors to None, run_after=None
[2024-05-02T00:22:46.385-0500] {processor.py:183} INFO - Processing /Users/nestoralfaro/Desktop/pbi-scenario-two/py_env/lib/python3.9/site-packages/airflow/example_dags/example_sensors.py took 0.070 seconds
