[2024-05-01T23:31:15.468-0500] {processor.py:161} INFO - Started process (PID=34778) to work on /Users/nestoralfaro/Desktop/pbi-scenario-two/py_env/lib/python3.9/site-packages/airflow/example_dags/example_complex.py
[2024-05-01T23:31:15.470-0500] {processor.py:830} INFO - Processing file /Users/nestoralfaro/Desktop/pbi-scenario-two/py_env/lib/python3.9/site-packages/airflow/example_dags/example_complex.py for tasks to queue
[2024-05-01T23:31:15.470-0500] {logging_mixin.py:188} INFO - [2024-05-01T23:31:15.470-0500] {dagbag.py:540} INFO - Filling up the DagBag from /Users/nestoralfaro/Desktop/pbi-scenario-two/py_env/lib/python3.9/site-packages/airflow/example_dags/example_complex.py
[2024-05-01T23:31:15.476-0500] {processor.py:840} INFO - DAG(s) 'example_complex' retrieved from /Users/nestoralfaro/Desktop/pbi-scenario-two/py_env/lib/python3.9/site-packages/airflow/example_dags/example_complex.py
[2024-05-01T23:31:15.577-0500] {logging_mixin.py:188} INFO - [2024-05-01T23:31:15.577-0500] {dag.py:3096} INFO - Sync 1 DAGs
[2024-05-01T23:31:15.581-0500] {logging_mixin.py:188} INFO - [2024-05-01T23:31:15.581-0500] {dag.py:3954} INFO - Setting next_dagrun for example_complex to None, run_after=None
[2024-05-01T23:31:15.588-0500] {processor.py:183} INFO - Processing /Users/nestoralfaro/Desktop/pbi-scenario-two/py_env/lib/python3.9/site-packages/airflow/example_dags/example_complex.py took 0.122 seconds
[2024-05-01T23:33:21.003-0500] {processor.py:161} INFO - Started process (PID=34885) to work on /Users/nestoralfaro/Desktop/pbi-scenario-two/py_env/lib/python3.9/site-packages/airflow/example_dags/example_complex.py
[2024-05-01T23:33:21.005-0500] {processor.py:830} INFO - Processing file /Users/nestoralfaro/Desktop/pbi-scenario-two/py_env/lib/python3.9/site-packages/airflow/example_dags/example_complex.py for tasks to queue
[2024-05-01T23:33:21.005-0500] {logging_mixin.py:188} INFO - [2024-05-01T23:33:21.005-0500] {dagbag.py:540} INFO - Filling up the DagBag from /Users/nestoralfaro/Desktop/pbi-scenario-two/py_env/lib/python3.9/site-packages/airflow/example_dags/example_complex.py
[2024-05-01T23:33:21.011-0500] {processor.py:840} INFO - DAG(s) 'example_complex' retrieved from /Users/nestoralfaro/Desktop/pbi-scenario-two/py_env/lib/python3.9/site-packages/airflow/example_dags/example_complex.py
[2024-05-01T23:33:21.056-0500] {logging_mixin.py:188} INFO - [2024-05-01T23:33:21.056-0500] {dag.py:3096} INFO - Sync 1 DAGs
[2024-05-01T23:33:21.060-0500] {logging_mixin.py:188} INFO - [2024-05-01T23:33:21.060-0500] {dag.py:3954} INFO - Setting next_dagrun for example_complex to None, run_after=None
[2024-05-01T23:33:21.067-0500] {processor.py:183} INFO - Processing /Users/nestoralfaro/Desktop/pbi-scenario-two/py_env/lib/python3.9/site-packages/airflow/example_dags/example_complex.py took 0.065 seconds
[2024-05-01T23:35:18.339-0500] {processor.py:161} INFO - Started process (PID=34956) to work on /Users/nestoralfaro/Desktop/pbi-scenario-two/py_env/lib/python3.9/site-packages/airflow/example_dags/example_complex.py
[2024-05-01T23:35:18.340-0500] {processor.py:830} INFO - Processing file /Users/nestoralfaro/Desktop/pbi-scenario-two/py_env/lib/python3.9/site-packages/airflow/example_dags/example_complex.py for tasks to queue
[2024-05-01T23:35:18.341-0500] {logging_mixin.py:188} INFO - [2024-05-01T23:35:18.341-0500] {dagbag.py:540} INFO - Filling up the DagBag from /Users/nestoralfaro/Desktop/pbi-scenario-two/py_env/lib/python3.9/site-packages/airflow/example_dags/example_complex.py
[2024-05-01T23:35:18.347-0500] {processor.py:840} INFO - DAG(s) 'example_complex' retrieved from /Users/nestoralfaro/Desktop/pbi-scenario-two/py_env/lib/python3.9/site-packages/airflow/example_dags/example_complex.py
[2024-05-01T23:35:18.396-0500] {logging_mixin.py:188} INFO - [2024-05-01T23:35:18.396-0500] {dag.py:3096} INFO - Sync 1 DAGs
[2024-05-01T23:35:18.400-0500] {logging_mixin.py:188} INFO - [2024-05-01T23:35:18.400-0500] {dag.py:3954} INFO - Setting next_dagrun for example_complex to None, run_after=None
[2024-05-01T23:35:18.408-0500] {processor.py:183} INFO - Processing /Users/nestoralfaro/Desktop/pbi-scenario-two/py_env/lib/python3.9/site-packages/airflow/example_dags/example_complex.py took 0.071 seconds
[2024-05-01T23:37:11.053-0500] {processor.py:161} INFO - Started process (PID=35025) to work on /Users/nestoralfaro/Desktop/pbi-scenario-two/py_env/lib/python3.9/site-packages/airflow/example_dags/example_complex.py
[2024-05-01T23:37:11.056-0500] {processor.py:830} INFO - Processing file /Users/nestoralfaro/Desktop/pbi-scenario-two/py_env/lib/python3.9/site-packages/airflow/example_dags/example_complex.py for tasks to queue
[2024-05-01T23:37:11.056-0500] {logging_mixin.py:188} INFO - [2024-05-01T23:37:11.056-0500] {dagbag.py:540} INFO - Filling up the DagBag from /Users/nestoralfaro/Desktop/pbi-scenario-two/py_env/lib/python3.9/site-packages/airflow/example_dags/example_complex.py
[2024-05-01T23:37:11.063-0500] {processor.py:840} INFO - DAG(s) 'example_complex' retrieved from /Users/nestoralfaro/Desktop/pbi-scenario-two/py_env/lib/python3.9/site-packages/airflow/example_dags/example_complex.py
[2024-05-01T23:37:11.113-0500] {logging_mixin.py:188} INFO - [2024-05-01T23:37:11.113-0500] {dag.py:3096} INFO - Sync 1 DAGs
[2024-05-01T23:37:11.118-0500] {logging_mixin.py:188} INFO - [2024-05-01T23:37:11.118-0500] {dag.py:3954} INFO - Setting next_dagrun for example_complex to None, run_after=None
[2024-05-01T23:37:11.126-0500] {processor.py:183} INFO - Processing /Users/nestoralfaro/Desktop/pbi-scenario-two/py_env/lib/python3.9/site-packages/airflow/example_dags/example_complex.py took 0.074 seconds
[2024-05-01T23:39:05.333-0500] {processor.py:161} INFO - Started process (PID=35094) to work on /Users/nestoralfaro/Desktop/pbi-scenario-two/py_env/lib/python3.9/site-packages/airflow/example_dags/example_complex.py
[2024-05-01T23:39:05.335-0500] {processor.py:830} INFO - Processing file /Users/nestoralfaro/Desktop/pbi-scenario-two/py_env/lib/python3.9/site-packages/airflow/example_dags/example_complex.py for tasks to queue
[2024-05-01T23:39:05.335-0500] {logging_mixin.py:188} INFO - [2024-05-01T23:39:05.335-0500] {dagbag.py:540} INFO - Filling up the DagBag from /Users/nestoralfaro/Desktop/pbi-scenario-two/py_env/lib/python3.9/site-packages/airflow/example_dags/example_complex.py
[2024-05-01T23:39:05.341-0500] {processor.py:840} INFO - DAG(s) 'example_complex' retrieved from /Users/nestoralfaro/Desktop/pbi-scenario-two/py_env/lib/python3.9/site-packages/airflow/example_dags/example_complex.py
[2024-05-01T23:39:05.392-0500] {logging_mixin.py:188} INFO - [2024-05-01T23:39:05.392-0500] {dag.py:3096} INFO - Sync 1 DAGs
[2024-05-01T23:39:05.396-0500] {logging_mixin.py:188} INFO - [2024-05-01T23:39:05.396-0500] {dag.py:3954} INFO - Setting next_dagrun for example_complex to None, run_after=None
[2024-05-01T23:39:05.404-0500] {processor.py:183} INFO - Processing /Users/nestoralfaro/Desktop/pbi-scenario-two/py_env/lib/python3.9/site-packages/airflow/example_dags/example_complex.py took 0.073 seconds
[2024-05-01T23:41:00.167-0500] {processor.py:161} INFO - Started process (PID=35185) to work on /Users/nestoralfaro/Desktop/pbi-scenario-two/py_env/lib/python3.9/site-packages/airflow/example_dags/example_complex.py
[2024-05-01T23:41:00.169-0500] {processor.py:830} INFO - Processing file /Users/nestoralfaro/Desktop/pbi-scenario-two/py_env/lib/python3.9/site-packages/airflow/example_dags/example_complex.py for tasks to queue
[2024-05-01T23:41:00.169-0500] {logging_mixin.py:188} INFO - [2024-05-01T23:41:00.169-0500] {dagbag.py:540} INFO - Filling up the DagBag from /Users/nestoralfaro/Desktop/pbi-scenario-two/py_env/lib/python3.9/site-packages/airflow/example_dags/example_complex.py
[2024-05-01T23:41:00.176-0500] {processor.py:840} INFO - DAG(s) 'example_complex' retrieved from /Users/nestoralfaro/Desktop/pbi-scenario-two/py_env/lib/python3.9/site-packages/airflow/example_dags/example_complex.py
[2024-05-01T23:41:00.227-0500] {logging_mixin.py:188} INFO - [2024-05-01T23:41:00.227-0500] {dag.py:3096} INFO - Sync 1 DAGs
[2024-05-01T23:41:00.231-0500] {logging_mixin.py:188} INFO - [2024-05-01T23:41:00.231-0500] {dag.py:3954} INFO - Setting next_dagrun for example_complex to None, run_after=None
[2024-05-01T23:41:00.240-0500] {processor.py:183} INFO - Processing /Users/nestoralfaro/Desktop/pbi-scenario-two/py_env/lib/python3.9/site-packages/airflow/example_dags/example_complex.py took 0.075 seconds
[2024-05-01T23:43:01.257-0500] {processor.py:161} INFO - Started process (PID=35289) to work on /Users/nestoralfaro/Desktop/pbi-scenario-two/py_env/lib/python3.9/site-packages/airflow/example_dags/example_complex.py
[2024-05-01T23:43:01.259-0500] {processor.py:830} INFO - Processing file /Users/nestoralfaro/Desktop/pbi-scenario-two/py_env/lib/python3.9/site-packages/airflow/example_dags/example_complex.py for tasks to queue
[2024-05-01T23:43:01.259-0500] {logging_mixin.py:188} INFO - [2024-05-01T23:43:01.259-0500] {dagbag.py:540} INFO - Filling up the DagBag from /Users/nestoralfaro/Desktop/pbi-scenario-two/py_env/lib/python3.9/site-packages/airflow/example_dags/example_complex.py
[2024-05-01T23:43:01.265-0500] {processor.py:840} INFO - DAG(s) 'example_complex' retrieved from /Users/nestoralfaro/Desktop/pbi-scenario-two/py_env/lib/python3.9/site-packages/airflow/example_dags/example_complex.py
[2024-05-01T23:43:01.314-0500] {logging_mixin.py:188} INFO - [2024-05-01T23:43:01.314-0500] {dag.py:3096} INFO - Sync 1 DAGs
[2024-05-01T23:43:01.318-0500] {logging_mixin.py:188} INFO - [2024-05-01T23:43:01.318-0500] {dag.py:3954} INFO - Setting next_dagrun for example_complex to None, run_after=None
[2024-05-01T23:43:01.326-0500] {processor.py:183} INFO - Processing /Users/nestoralfaro/Desktop/pbi-scenario-two/py_env/lib/python3.9/site-packages/airflow/example_dags/example_complex.py took 0.071 seconds
[2024-05-01T23:44:59.275-0500] {processor.py:161} INFO - Started process (PID=35373) to work on /Users/nestoralfaro/Desktop/pbi-scenario-two/py_env/lib/python3.9/site-packages/airflow/example_dags/example_complex.py
[2024-05-01T23:44:59.277-0500] {processor.py:830} INFO - Processing file /Users/nestoralfaro/Desktop/pbi-scenario-two/py_env/lib/python3.9/site-packages/airflow/example_dags/example_complex.py for tasks to queue
[2024-05-01T23:44:59.277-0500] {logging_mixin.py:188} INFO - [2024-05-01T23:44:59.277-0500] {dagbag.py:540} INFO - Filling up the DagBag from /Users/nestoralfaro/Desktop/pbi-scenario-two/py_env/lib/python3.9/site-packages/airflow/example_dags/example_complex.py
[2024-05-01T23:44:59.283-0500] {processor.py:840} INFO - DAG(s) 'example_complex' retrieved from /Users/nestoralfaro/Desktop/pbi-scenario-two/py_env/lib/python3.9/site-packages/airflow/example_dags/example_complex.py
[2024-05-01T23:44:59.333-0500] {logging_mixin.py:188} INFO - [2024-05-01T23:44:59.333-0500] {dag.py:3096} INFO - Sync 1 DAGs
[2024-05-01T23:44:59.336-0500] {logging_mixin.py:188} INFO - [2024-05-01T23:44:59.336-0500] {dag.py:3954} INFO - Setting next_dagrun for example_complex to None, run_after=None
[2024-05-01T23:44:59.344-0500] {processor.py:183} INFO - Processing /Users/nestoralfaro/Desktop/pbi-scenario-two/py_env/lib/python3.9/site-packages/airflow/example_dags/example_complex.py took 0.071 seconds
[2024-05-01T23:46:53.605-0500] {processor.py:161} INFO - Started process (PID=35441) to work on /Users/nestoralfaro/Desktop/pbi-scenario-two/py_env/lib/python3.9/site-packages/airflow/example_dags/example_complex.py
[2024-05-01T23:46:53.607-0500] {processor.py:830} INFO - Processing file /Users/nestoralfaro/Desktop/pbi-scenario-two/py_env/lib/python3.9/site-packages/airflow/example_dags/example_complex.py for tasks to queue
[2024-05-01T23:46:53.607-0500] {logging_mixin.py:188} INFO - [2024-05-01T23:46:53.607-0500] {dagbag.py:540} INFO - Filling up the DagBag from /Users/nestoralfaro/Desktop/pbi-scenario-two/py_env/lib/python3.9/site-packages/airflow/example_dags/example_complex.py
[2024-05-01T23:46:53.613-0500] {processor.py:840} INFO - DAG(s) 'example_complex' retrieved from /Users/nestoralfaro/Desktop/pbi-scenario-two/py_env/lib/python3.9/site-packages/airflow/example_dags/example_complex.py
[2024-05-01T23:46:53.658-0500] {logging_mixin.py:188} INFO - [2024-05-01T23:46:53.658-0500] {dag.py:3096} INFO - Sync 1 DAGs
[2024-05-01T23:46:53.661-0500] {logging_mixin.py:188} INFO - [2024-05-01T23:46:53.661-0500] {dag.py:3954} INFO - Setting next_dagrun for example_complex to None, run_after=None
[2024-05-01T23:46:53.669-0500] {processor.py:183} INFO - Processing /Users/nestoralfaro/Desktop/pbi-scenario-two/py_env/lib/python3.9/site-packages/airflow/example_dags/example_complex.py took 0.065 seconds
[2024-05-01T23:48:44.435-0500] {processor.py:161} INFO - Started process (PID=35528) to work on /Users/nestoralfaro/Desktop/pbi-scenario-two/py_env/lib/python3.9/site-packages/airflow/example_dags/example_complex.py
[2024-05-01T23:48:44.436-0500] {processor.py:830} INFO - Processing file /Users/nestoralfaro/Desktop/pbi-scenario-two/py_env/lib/python3.9/site-packages/airflow/example_dags/example_complex.py for tasks to queue
[2024-05-01T23:48:44.436-0500] {logging_mixin.py:188} INFO - [2024-05-01T23:48:44.436-0500] {dagbag.py:540} INFO - Filling up the DagBag from /Users/nestoralfaro/Desktop/pbi-scenario-two/py_env/lib/python3.9/site-packages/airflow/example_dags/example_complex.py
[2024-05-01T23:48:44.442-0500] {processor.py:840} INFO - DAG(s) 'example_complex' retrieved from /Users/nestoralfaro/Desktop/pbi-scenario-two/py_env/lib/python3.9/site-packages/airflow/example_dags/example_complex.py
[2024-05-01T23:48:44.488-0500] {logging_mixin.py:188} INFO - [2024-05-01T23:48:44.488-0500] {dag.py:3096} INFO - Sync 1 DAGs
[2024-05-01T23:48:44.492-0500] {logging_mixin.py:188} INFO - [2024-05-01T23:48:44.491-0500] {dag.py:3954} INFO - Setting next_dagrun for example_complex to None, run_after=None
[2024-05-01T23:48:44.498-0500] {processor.py:183} INFO - Processing /Users/nestoralfaro/Desktop/pbi-scenario-two/py_env/lib/python3.9/site-packages/airflow/example_dags/example_complex.py took 0.065 seconds
[2024-05-01T23:50:40.088-0500] {processor.py:161} INFO - Started process (PID=35600) to work on /Users/nestoralfaro/Desktop/pbi-scenario-two/py_env/lib/python3.9/site-packages/airflow/example_dags/example_complex.py
[2024-05-01T23:50:40.090-0500] {processor.py:830} INFO - Processing file /Users/nestoralfaro/Desktop/pbi-scenario-two/py_env/lib/python3.9/site-packages/airflow/example_dags/example_complex.py for tasks to queue
[2024-05-01T23:50:40.091-0500] {logging_mixin.py:188} INFO - [2024-05-01T23:50:40.091-0500] {dagbag.py:540} INFO - Filling up the DagBag from /Users/nestoralfaro/Desktop/pbi-scenario-two/py_env/lib/python3.9/site-packages/airflow/example_dags/example_complex.py
[2024-05-01T23:50:40.097-0500] {processor.py:840} INFO - DAG(s) 'example_complex' retrieved from /Users/nestoralfaro/Desktop/pbi-scenario-two/py_env/lib/python3.9/site-packages/airflow/example_dags/example_complex.py
[2024-05-01T23:50:40.145-0500] {logging_mixin.py:188} INFO - [2024-05-01T23:50:40.145-0500] {dag.py:3096} INFO - Sync 1 DAGs
[2024-05-01T23:50:40.149-0500] {logging_mixin.py:188} INFO - [2024-05-01T23:50:40.149-0500] {dag.py:3954} INFO - Setting next_dagrun for example_complex to None, run_after=None
[2024-05-01T23:50:40.156-0500] {processor.py:183} INFO - Processing /Users/nestoralfaro/Desktop/pbi-scenario-two/py_env/lib/python3.9/site-packages/airflow/example_dags/example_complex.py took 0.069 seconds
[2024-05-01T23:52:33.390-0500] {processor.py:161} INFO - Started process (PID=35685) to work on /Users/nestoralfaro/Desktop/pbi-scenario-two/py_env/lib/python3.9/site-packages/airflow/example_dags/example_complex.py
[2024-05-01T23:52:33.391-0500] {processor.py:830} INFO - Processing file /Users/nestoralfaro/Desktop/pbi-scenario-two/py_env/lib/python3.9/site-packages/airflow/example_dags/example_complex.py for tasks to queue
[2024-05-01T23:52:33.391-0500] {logging_mixin.py:188} INFO - [2024-05-01T23:52:33.391-0500] {dagbag.py:540} INFO - Filling up the DagBag from /Users/nestoralfaro/Desktop/pbi-scenario-two/py_env/lib/python3.9/site-packages/airflow/example_dags/example_complex.py
[2024-05-01T23:52:33.396-0500] {processor.py:840} INFO - DAG(s) 'example_complex' retrieved from /Users/nestoralfaro/Desktop/pbi-scenario-two/py_env/lib/python3.9/site-packages/airflow/example_dags/example_complex.py
[2024-05-01T23:52:33.449-0500] {logging_mixin.py:188} INFO - [2024-05-01T23:52:33.448-0500] {dag.py:3096} INFO - Sync 1 DAGs
[2024-05-01T23:52:33.452-0500] {logging_mixin.py:188} INFO - [2024-05-01T23:52:33.452-0500] {dag.py:3954} INFO - Setting next_dagrun for example_complex to None, run_after=None
[2024-05-01T23:52:33.462-0500] {processor.py:183} INFO - Processing /Users/nestoralfaro/Desktop/pbi-scenario-two/py_env/lib/python3.9/site-packages/airflow/example_dags/example_complex.py took 0.074 seconds
[2024-05-01T23:54:32.023-0500] {processor.py:161} INFO - Started process (PID=35753) to work on /Users/nestoralfaro/Desktop/pbi-scenario-two/py_env/lib/python3.9/site-packages/airflow/example_dags/example_complex.py
[2024-05-01T23:54:32.024-0500] {processor.py:830} INFO - Processing file /Users/nestoralfaro/Desktop/pbi-scenario-two/py_env/lib/python3.9/site-packages/airflow/example_dags/example_complex.py for tasks to queue
[2024-05-01T23:54:32.024-0500] {logging_mixin.py:188} INFO - [2024-05-01T23:54:32.024-0500] {dagbag.py:540} INFO - Filling up the DagBag from /Users/nestoralfaro/Desktop/pbi-scenario-two/py_env/lib/python3.9/site-packages/airflow/example_dags/example_complex.py
[2024-05-01T23:54:32.030-0500] {processor.py:840} INFO - DAG(s) 'example_complex' retrieved from /Users/nestoralfaro/Desktop/pbi-scenario-two/py_env/lib/python3.9/site-packages/airflow/example_dags/example_complex.py
[2024-05-01T23:54:32.079-0500] {logging_mixin.py:188} INFO - [2024-05-01T23:54:32.079-0500] {dag.py:3096} INFO - Sync 1 DAGs
[2024-05-01T23:54:32.083-0500] {logging_mixin.py:188} INFO - [2024-05-01T23:54:32.083-0500] {dag.py:3954} INFO - Setting next_dagrun for example_complex to None, run_after=None
[2024-05-01T23:54:32.090-0500] {processor.py:183} INFO - Processing /Users/nestoralfaro/Desktop/pbi-scenario-two/py_env/lib/python3.9/site-packages/airflow/example_dags/example_complex.py took 0.068 seconds
[2024-05-01T23:56:23.537-0500] {processor.py:161} INFO - Started process (PID=35823) to work on /Users/nestoralfaro/Desktop/pbi-scenario-two/py_env/lib/python3.9/site-packages/airflow/example_dags/example_complex.py
[2024-05-01T23:56:23.539-0500] {processor.py:830} INFO - Processing file /Users/nestoralfaro/Desktop/pbi-scenario-two/py_env/lib/python3.9/site-packages/airflow/example_dags/example_complex.py for tasks to queue
[2024-05-01T23:56:23.539-0500] {logging_mixin.py:188} INFO - [2024-05-01T23:56:23.539-0500] {dagbag.py:540} INFO - Filling up the DagBag from /Users/nestoralfaro/Desktop/pbi-scenario-two/py_env/lib/python3.9/site-packages/airflow/example_dags/example_complex.py
[2024-05-01T23:56:23.544-0500] {processor.py:840} INFO - DAG(s) 'example_complex' retrieved from /Users/nestoralfaro/Desktop/pbi-scenario-two/py_env/lib/python3.9/site-packages/airflow/example_dags/example_complex.py
[2024-05-01T23:56:23.590-0500] {logging_mixin.py:188} INFO - [2024-05-01T23:56:23.590-0500] {dag.py:3096} INFO - Sync 1 DAGs
[2024-05-01T23:56:23.594-0500] {logging_mixin.py:188} INFO - [2024-05-01T23:56:23.594-0500] {dag.py:3954} INFO - Setting next_dagrun for example_complex to None, run_after=None
[2024-05-01T23:56:23.601-0500] {processor.py:183} INFO - Processing /Users/nestoralfaro/Desktop/pbi-scenario-two/py_env/lib/python3.9/site-packages/airflow/example_dags/example_complex.py took 0.065 seconds
[2024-05-01T23:58:14.327-0500] {processor.py:161} INFO - Started process (PID=35891) to work on /Users/nestoralfaro/Desktop/pbi-scenario-two/py_env/lib/python3.9/site-packages/airflow/example_dags/example_complex.py
[2024-05-01T23:58:14.329-0500] {processor.py:830} INFO - Processing file /Users/nestoralfaro/Desktop/pbi-scenario-two/py_env/lib/python3.9/site-packages/airflow/example_dags/example_complex.py for tasks to queue
[2024-05-01T23:58:14.329-0500] {logging_mixin.py:188} INFO - [2024-05-01T23:58:14.329-0500] {dagbag.py:540} INFO - Filling up the DagBag from /Users/nestoralfaro/Desktop/pbi-scenario-two/py_env/lib/python3.9/site-packages/airflow/example_dags/example_complex.py
[2024-05-01T23:58:14.334-0500] {processor.py:840} INFO - DAG(s) 'example_complex' retrieved from /Users/nestoralfaro/Desktop/pbi-scenario-two/py_env/lib/python3.9/site-packages/airflow/example_dags/example_complex.py
[2024-05-01T23:58:14.380-0500] {logging_mixin.py:188} INFO - [2024-05-01T23:58:14.380-0500] {dag.py:3096} INFO - Sync 1 DAGs
[2024-05-01T23:58:14.384-0500] {logging_mixin.py:188} INFO - [2024-05-01T23:58:14.384-0500] {dag.py:3954} INFO - Setting next_dagrun for example_complex to None, run_after=None
[2024-05-01T23:58:14.391-0500] {processor.py:183} INFO - Processing /Users/nestoralfaro/Desktop/pbi-scenario-two/py_env/lib/python3.9/site-packages/airflow/example_dags/example_complex.py took 0.065 seconds
[2024-05-02T00:00:06.247-0500] {processor.py:161} INFO - Started process (PID=35979) to work on /Users/nestoralfaro/Desktop/pbi-scenario-two/py_env/lib/python3.9/site-packages/airflow/example_dags/example_complex.py
[2024-05-02T00:00:06.249-0500] {processor.py:830} INFO - Processing file /Users/nestoralfaro/Desktop/pbi-scenario-two/py_env/lib/python3.9/site-packages/airflow/example_dags/example_complex.py for tasks to queue
[2024-05-02T00:00:06.250-0500] {logging_mixin.py:188} INFO - [2024-05-02T00:00:06.249-0500] {dagbag.py:540} INFO - Filling up the DagBag from /Users/nestoralfaro/Desktop/pbi-scenario-two/py_env/lib/python3.9/site-packages/airflow/example_dags/example_complex.py
[2024-05-02T00:00:06.255-0500] {processor.py:840} INFO - DAG(s) 'example_complex' retrieved from /Users/nestoralfaro/Desktop/pbi-scenario-two/py_env/lib/python3.9/site-packages/airflow/example_dags/example_complex.py
[2024-05-02T00:00:06.303-0500] {logging_mixin.py:188} INFO - [2024-05-02T00:00:06.303-0500] {dag.py:3096} INFO - Sync 1 DAGs
[2024-05-02T00:00:06.307-0500] {logging_mixin.py:188} INFO - [2024-05-02T00:00:06.307-0500] {dag.py:3954} INFO - Setting next_dagrun for example_complex to None, run_after=None
[2024-05-02T00:00:06.314-0500] {processor.py:183} INFO - Processing /Users/nestoralfaro/Desktop/pbi-scenario-two/py_env/lib/python3.9/site-packages/airflow/example_dags/example_complex.py took 0.068 seconds
[2024-05-02T00:02:00.415-0500] {processor.py:161} INFO - Started process (PID=36060) to work on /Users/nestoralfaro/Desktop/pbi-scenario-two/py_env/lib/python3.9/site-packages/airflow/example_dags/example_complex.py
[2024-05-02T00:02:00.416-0500] {processor.py:830} INFO - Processing file /Users/nestoralfaro/Desktop/pbi-scenario-two/py_env/lib/python3.9/site-packages/airflow/example_dags/example_complex.py for tasks to queue
[2024-05-02T00:02:00.416-0500] {logging_mixin.py:188} INFO - [2024-05-02T00:02:00.416-0500] {dagbag.py:540} INFO - Filling up the DagBag from /Users/nestoralfaro/Desktop/pbi-scenario-two/py_env/lib/python3.9/site-packages/airflow/example_dags/example_complex.py
[2024-05-02T00:02:00.421-0500] {processor.py:840} INFO - DAG(s) 'example_complex' retrieved from /Users/nestoralfaro/Desktop/pbi-scenario-two/py_env/lib/python3.9/site-packages/airflow/example_dags/example_complex.py
[2024-05-02T00:02:00.468-0500] {logging_mixin.py:188} INFO - [2024-05-02T00:02:00.468-0500] {dag.py:3096} INFO - Sync 1 DAGs
[2024-05-02T00:02:00.471-0500] {logging_mixin.py:188} INFO - [2024-05-02T00:02:00.471-0500] {dag.py:3954} INFO - Setting next_dagrun for example_complex to None, run_after=None
[2024-05-02T00:02:00.479-0500] {processor.py:183} INFO - Processing /Users/nestoralfaro/Desktop/pbi-scenario-two/py_env/lib/python3.9/site-packages/airflow/example_dags/example_complex.py took 0.065 seconds
[2024-05-02T00:03:57.574-0500] {processor.py:161} INFO - Started process (PID=36143) to work on /Users/nestoralfaro/Desktop/pbi-scenario-two/py_env/lib/python3.9/site-packages/airflow/example_dags/example_complex.py
[2024-05-02T00:03:57.576-0500] {processor.py:830} INFO - Processing file /Users/nestoralfaro/Desktop/pbi-scenario-two/py_env/lib/python3.9/site-packages/airflow/example_dags/example_complex.py for tasks to queue
[2024-05-02T00:03:57.576-0500] {logging_mixin.py:188} INFO - [2024-05-02T00:03:57.576-0500] {dagbag.py:540} INFO - Filling up the DagBag from /Users/nestoralfaro/Desktop/pbi-scenario-two/py_env/lib/python3.9/site-packages/airflow/example_dags/example_complex.py
[2024-05-02T00:03:57.582-0500] {processor.py:840} INFO - DAG(s) 'example_complex' retrieved from /Users/nestoralfaro/Desktop/pbi-scenario-two/py_env/lib/python3.9/site-packages/airflow/example_dags/example_complex.py
[2024-05-02T00:03:57.633-0500] {logging_mixin.py:188} INFO - [2024-05-02T00:03:57.633-0500] {dag.py:3096} INFO - Sync 1 DAGs
[2024-05-02T00:03:57.638-0500] {logging_mixin.py:188} INFO - [2024-05-02T00:03:57.637-0500] {dag.py:3954} INFO - Setting next_dagrun for example_complex to None, run_after=None
[2024-05-02T00:03:57.647-0500] {processor.py:183} INFO - Processing /Users/nestoralfaro/Desktop/pbi-scenario-two/py_env/lib/python3.9/site-packages/airflow/example_dags/example_complex.py took 0.074 seconds
[2024-05-02T00:05:51.517-0500] {processor.py:161} INFO - Started process (PID=36215) to work on /Users/nestoralfaro/Desktop/pbi-scenario-two/py_env/lib/python3.9/site-packages/airflow/example_dags/example_complex.py
[2024-05-02T00:05:51.519-0500] {processor.py:830} INFO - Processing file /Users/nestoralfaro/Desktop/pbi-scenario-two/py_env/lib/python3.9/site-packages/airflow/example_dags/example_complex.py for tasks to queue
[2024-05-02T00:05:51.520-0500] {logging_mixin.py:188} INFO - [2024-05-02T00:05:51.519-0500] {dagbag.py:540} INFO - Filling up the DagBag from /Users/nestoralfaro/Desktop/pbi-scenario-two/py_env/lib/python3.9/site-packages/airflow/example_dags/example_complex.py
[2024-05-02T00:05:51.526-0500] {processor.py:840} INFO - DAG(s) 'example_complex' retrieved from /Users/nestoralfaro/Desktop/pbi-scenario-two/py_env/lib/python3.9/site-packages/airflow/example_dags/example_complex.py
[2024-05-02T00:05:51.576-0500] {logging_mixin.py:188} INFO - [2024-05-02T00:05:51.576-0500] {dag.py:3096} INFO - Sync 1 DAGs
[2024-05-02T00:05:51.580-0500] {logging_mixin.py:188} INFO - [2024-05-02T00:05:51.580-0500] {dag.py:3954} INFO - Setting next_dagrun for example_complex to None, run_after=None
[2024-05-02T00:05:51.587-0500] {processor.py:183} INFO - Processing /Users/nestoralfaro/Desktop/pbi-scenario-two/py_env/lib/python3.9/site-packages/airflow/example_dags/example_complex.py took 0.071 seconds
[2024-05-02T00:07:38.212-0500] {processor.py:161} INFO - Started process (PID=36301) to work on /Users/nestoralfaro/Desktop/pbi-scenario-two/py_env/lib/python3.9/site-packages/airflow/example_dags/example_complex.py
[2024-05-02T00:07:38.214-0500] {processor.py:830} INFO - Processing file /Users/nestoralfaro/Desktop/pbi-scenario-two/py_env/lib/python3.9/site-packages/airflow/example_dags/example_complex.py for tasks to queue
[2024-05-02T00:07:38.215-0500] {logging_mixin.py:188} INFO - [2024-05-02T00:07:38.215-0500] {dagbag.py:540} INFO - Filling up the DagBag from /Users/nestoralfaro/Desktop/pbi-scenario-two/py_env/lib/python3.9/site-packages/airflow/example_dags/example_complex.py
[2024-05-02T00:07:38.220-0500] {processor.py:840} INFO - DAG(s) 'example_complex' retrieved from /Users/nestoralfaro/Desktop/pbi-scenario-two/py_env/lib/python3.9/site-packages/airflow/example_dags/example_complex.py
[2024-05-02T00:07:38.266-0500] {logging_mixin.py:188} INFO - [2024-05-02T00:07:38.265-0500] {dag.py:3096} INFO - Sync 1 DAGs
[2024-05-02T00:07:38.269-0500] {logging_mixin.py:188} INFO - [2024-05-02T00:07:38.269-0500] {dag.py:3954} INFO - Setting next_dagrun for example_complex to None, run_after=None
[2024-05-02T00:07:38.276-0500] {processor.py:183} INFO - Processing /Users/nestoralfaro/Desktop/pbi-scenario-two/py_env/lib/python3.9/site-packages/airflow/example_dags/example_complex.py took 0.065 seconds
[2024-05-02T00:09:32.583-0500] {processor.py:161} INFO - Started process (PID=36369) to work on /Users/nestoralfaro/Desktop/pbi-scenario-two/py_env/lib/python3.9/site-packages/airflow/example_dags/example_complex.py
[2024-05-02T00:09:32.585-0500] {processor.py:830} INFO - Processing file /Users/nestoralfaro/Desktop/pbi-scenario-two/py_env/lib/python3.9/site-packages/airflow/example_dags/example_complex.py for tasks to queue
[2024-05-02T00:09:32.586-0500] {logging_mixin.py:188} INFO - [2024-05-02T00:09:32.586-0500] {dagbag.py:540} INFO - Filling up the DagBag from /Users/nestoralfaro/Desktop/pbi-scenario-two/py_env/lib/python3.9/site-packages/airflow/example_dags/example_complex.py
[2024-05-02T00:09:32.592-0500] {processor.py:840} INFO - DAG(s) 'example_complex' retrieved from /Users/nestoralfaro/Desktop/pbi-scenario-two/py_env/lib/python3.9/site-packages/airflow/example_dags/example_complex.py
[2024-05-02T00:09:32.638-0500] {logging_mixin.py:188} INFO - [2024-05-02T00:09:32.638-0500] {dag.py:3096} INFO - Sync 1 DAGs
[2024-05-02T00:09:32.642-0500] {logging_mixin.py:188} INFO - [2024-05-02T00:09:32.642-0500] {dag.py:3954} INFO - Setting next_dagrun for example_complex to None, run_after=None
[2024-05-02T00:09:32.649-0500] {processor.py:183} INFO - Processing /Users/nestoralfaro/Desktop/pbi-scenario-two/py_env/lib/python3.9/site-packages/airflow/example_dags/example_complex.py took 0.067 seconds
[2024-05-02T00:12:08.250-0500] {processor.py:161} INFO - Started process (PID=36481) to work on /Users/nestoralfaro/Desktop/pbi-scenario-two/py_env/lib/python3.9/site-packages/airflow/example_dags/example_complex.py
[2024-05-02T00:12:08.252-0500] {processor.py:830} INFO - Processing file /Users/nestoralfaro/Desktop/pbi-scenario-two/py_env/lib/python3.9/site-packages/airflow/example_dags/example_complex.py for tasks to queue
[2024-05-02T00:12:08.253-0500] {logging_mixin.py:188} INFO - [2024-05-02T00:12:08.253-0500] {dagbag.py:540} INFO - Filling up the DagBag from /Users/nestoralfaro/Desktop/pbi-scenario-two/py_env/lib/python3.9/site-packages/airflow/example_dags/example_complex.py
[2024-05-02T00:12:08.258-0500] {processor.py:840} INFO - DAG(s) 'example_complex' retrieved from /Users/nestoralfaro/Desktop/pbi-scenario-two/py_env/lib/python3.9/site-packages/airflow/example_dags/example_complex.py
[2024-05-02T00:12:08.303-0500] {logging_mixin.py:188} INFO - [2024-05-02T00:12:08.303-0500] {dag.py:3096} INFO - Sync 1 DAGs
[2024-05-02T00:12:08.307-0500] {logging_mixin.py:188} INFO - [2024-05-02T00:12:08.307-0500] {dag.py:3954} INFO - Setting next_dagrun for example_complex to None, run_after=None
[2024-05-02T00:12:08.314-0500] {processor.py:183} INFO - Processing /Users/nestoralfaro/Desktop/pbi-scenario-two/py_env/lib/python3.9/site-packages/airflow/example_dags/example_complex.py took 0.065 seconds
[2024-05-02T00:14:02.249-0500] {processor.py:161} INFO - Started process (PID=36565) to work on /Users/nestoralfaro/Desktop/pbi-scenario-two/py_env/lib/python3.9/site-packages/airflow/example_dags/example_complex.py
[2024-05-02T00:14:02.250-0500] {processor.py:830} INFO - Processing file /Users/nestoralfaro/Desktop/pbi-scenario-two/py_env/lib/python3.9/site-packages/airflow/example_dags/example_complex.py for tasks to queue
[2024-05-02T00:14:02.251-0500] {logging_mixin.py:188} INFO - [2024-05-02T00:14:02.251-0500] {dagbag.py:540} INFO - Filling up the DagBag from /Users/nestoralfaro/Desktop/pbi-scenario-two/py_env/lib/python3.9/site-packages/airflow/example_dags/example_complex.py
[2024-05-02T00:14:02.256-0500] {processor.py:840} INFO - DAG(s) 'example_complex' retrieved from /Users/nestoralfaro/Desktop/pbi-scenario-two/py_env/lib/python3.9/site-packages/airflow/example_dags/example_complex.py
[2024-05-02T00:14:02.306-0500] {logging_mixin.py:188} INFO - [2024-05-02T00:14:02.306-0500] {dag.py:3096} INFO - Sync 1 DAGs
[2024-05-02T00:14:02.310-0500] {logging_mixin.py:188} INFO - [2024-05-02T00:14:02.309-0500] {dag.py:3954} INFO - Setting next_dagrun for example_complex to None, run_after=None
[2024-05-02T00:14:02.316-0500] {processor.py:183} INFO - Processing /Users/nestoralfaro/Desktop/pbi-scenario-two/py_env/lib/python3.9/site-packages/airflow/example_dags/example_complex.py took 0.069 seconds
[2024-05-02T00:16:02.060-0500] {processor.py:161} INFO - Started process (PID=36646) to work on /Users/nestoralfaro/Desktop/pbi-scenario-two/py_env/lib/python3.9/site-packages/airflow/example_dags/example_complex.py
[2024-05-02T00:16:02.063-0500] {processor.py:830} INFO - Processing file /Users/nestoralfaro/Desktop/pbi-scenario-two/py_env/lib/python3.9/site-packages/airflow/example_dags/example_complex.py for tasks to queue
[2024-05-02T00:16:02.063-0500] {logging_mixin.py:188} INFO - [2024-05-02T00:16:02.063-0500] {dagbag.py:540} INFO - Filling up the DagBag from /Users/nestoralfaro/Desktop/pbi-scenario-two/py_env/lib/python3.9/site-packages/airflow/example_dags/example_complex.py
[2024-05-02T00:16:02.069-0500] {processor.py:840} INFO - DAG(s) 'example_complex' retrieved from /Users/nestoralfaro/Desktop/pbi-scenario-two/py_env/lib/python3.9/site-packages/airflow/example_dags/example_complex.py
[2024-05-02T00:16:02.120-0500] {logging_mixin.py:188} INFO - [2024-05-02T00:16:02.120-0500] {dag.py:3096} INFO - Sync 1 DAGs
[2024-05-02T00:16:02.124-0500] {logging_mixin.py:188} INFO - [2024-05-02T00:16:02.124-0500] {dag.py:3954} INFO - Setting next_dagrun for example_complex to None, run_after=None
[2024-05-02T00:16:02.132-0500] {processor.py:183} INFO - Processing /Users/nestoralfaro/Desktop/pbi-scenario-two/py_env/lib/python3.9/site-packages/airflow/example_dags/example_complex.py took 0.074 seconds
[2024-05-02T00:17:58.607-0500] {processor.py:161} INFO - Started process (PID=36721) to work on /Users/nestoralfaro/Desktop/pbi-scenario-two/py_env/lib/python3.9/site-packages/airflow/example_dags/example_complex.py
[2024-05-02T00:17:58.609-0500] {processor.py:830} INFO - Processing file /Users/nestoralfaro/Desktop/pbi-scenario-two/py_env/lib/python3.9/site-packages/airflow/example_dags/example_complex.py for tasks to queue
[2024-05-02T00:17:58.610-0500] {logging_mixin.py:188} INFO - [2024-05-02T00:17:58.610-0500] {dagbag.py:540} INFO - Filling up the DagBag from /Users/nestoralfaro/Desktop/pbi-scenario-two/py_env/lib/python3.9/site-packages/airflow/example_dags/example_complex.py
[2024-05-02T00:17:58.616-0500] {processor.py:840} INFO - DAG(s) 'example_complex' retrieved from /Users/nestoralfaro/Desktop/pbi-scenario-two/py_env/lib/python3.9/site-packages/airflow/example_dags/example_complex.py
[2024-05-02T00:17:58.668-0500] {logging_mixin.py:188} INFO - [2024-05-02T00:17:58.668-0500] {dag.py:3096} INFO - Sync 1 DAGs
[2024-05-02T00:17:58.672-0500] {logging_mixin.py:188} INFO - [2024-05-02T00:17:58.672-0500] {dag.py:3954} INFO - Setting next_dagrun for example_complex to None, run_after=None
[2024-05-02T00:17:58.682-0500] {processor.py:183} INFO - Processing /Users/nestoralfaro/Desktop/pbi-scenario-two/py_env/lib/python3.9/site-packages/airflow/example_dags/example_complex.py took 0.076 seconds
[2024-05-02T00:19:55.943-0500] {processor.py:161} INFO - Started process (PID=36831) to work on /Users/nestoralfaro/Desktop/pbi-scenario-two/py_env/lib/python3.9/site-packages/airflow/example_dags/example_complex.py
[2024-05-02T00:19:55.946-0500] {processor.py:830} INFO - Processing file /Users/nestoralfaro/Desktop/pbi-scenario-two/py_env/lib/python3.9/site-packages/airflow/example_dags/example_complex.py for tasks to queue
[2024-05-02T00:19:55.946-0500] {logging_mixin.py:188} INFO - [2024-05-02T00:19:55.946-0500] {dagbag.py:540} INFO - Filling up the DagBag from /Users/nestoralfaro/Desktop/pbi-scenario-two/py_env/lib/python3.9/site-packages/airflow/example_dags/example_complex.py
[2024-05-02T00:19:55.952-0500] {processor.py:840} INFO - DAG(s) 'example_complex' retrieved from /Users/nestoralfaro/Desktop/pbi-scenario-two/py_env/lib/python3.9/site-packages/airflow/example_dags/example_complex.py
[2024-05-02T00:19:56.004-0500] {logging_mixin.py:188} INFO - [2024-05-02T00:19:56.004-0500] {dag.py:3096} INFO - Sync 1 DAGs
[2024-05-02T00:19:56.008-0500] {logging_mixin.py:188} INFO - [2024-05-02T00:19:56.007-0500] {dag.py:3954} INFO - Setting next_dagrun for example_complex to None, run_after=None
[2024-05-02T00:19:56.015-0500] {processor.py:183} INFO - Processing /Users/nestoralfaro/Desktop/pbi-scenario-two/py_env/lib/python3.9/site-packages/airflow/example_dags/example_complex.py took 0.073 seconds
[2024-05-02T00:21:49.880-0500] {processor.py:161} INFO - Started process (PID=36912) to work on /Users/nestoralfaro/Desktop/pbi-scenario-two/py_env/lib/python3.9/site-packages/airflow/example_dags/example_complex.py
[2024-05-02T00:21:49.881-0500] {processor.py:830} INFO - Processing file /Users/nestoralfaro/Desktop/pbi-scenario-two/py_env/lib/python3.9/site-packages/airflow/example_dags/example_complex.py for tasks to queue
[2024-05-02T00:21:49.882-0500] {logging_mixin.py:188} INFO - [2024-05-02T00:21:49.882-0500] {dagbag.py:540} INFO - Filling up the DagBag from /Users/nestoralfaro/Desktop/pbi-scenario-two/py_env/lib/python3.9/site-packages/airflow/example_dags/example_complex.py
[2024-05-02T00:21:49.887-0500] {processor.py:840} INFO - DAG(s) 'example_complex' retrieved from /Users/nestoralfaro/Desktop/pbi-scenario-two/py_env/lib/python3.9/site-packages/airflow/example_dags/example_complex.py
[2024-05-02T00:21:49.935-0500] {logging_mixin.py:188} INFO - [2024-05-02T00:21:49.935-0500] {dag.py:3096} INFO - Sync 1 DAGs
[2024-05-02T00:21:49.939-0500] {logging_mixin.py:188} INFO - [2024-05-02T00:21:49.939-0500] {dag.py:3954} INFO - Setting next_dagrun for example_complex to None, run_after=None
[2024-05-02T00:21:49.946-0500] {processor.py:183} INFO - Processing /Users/nestoralfaro/Desktop/pbi-scenario-two/py_env/lib/python3.9/site-packages/airflow/example_dags/example_complex.py took 0.067 seconds
[2024-05-02T00:23:43.308-0500] {processor.py:161} INFO - Started process (PID=37024) to work on /Users/nestoralfaro/Desktop/pbi-scenario-two/py_env/lib/python3.9/site-packages/airflow/example_dags/example_complex.py
[2024-05-02T00:23:43.309-0500] {processor.py:830} INFO - Processing file /Users/nestoralfaro/Desktop/pbi-scenario-two/py_env/lib/python3.9/site-packages/airflow/example_dags/example_complex.py for tasks to queue
[2024-05-02T00:23:43.310-0500] {logging_mixin.py:188} INFO - [2024-05-02T00:23:43.309-0500] {dagbag.py:540} INFO - Filling up the DagBag from /Users/nestoralfaro/Desktop/pbi-scenario-two/py_env/lib/python3.9/site-packages/airflow/example_dags/example_complex.py
[2024-05-02T00:23:43.315-0500] {processor.py:840} INFO - DAG(s) 'example_complex' retrieved from /Users/nestoralfaro/Desktop/pbi-scenario-two/py_env/lib/python3.9/site-packages/airflow/example_dags/example_complex.py
[2024-05-02T00:23:43.363-0500] {logging_mixin.py:188} INFO - [2024-05-02T00:23:43.363-0500] {dag.py:3096} INFO - Sync 1 DAGs
[2024-05-02T00:23:43.366-0500] {logging_mixin.py:188} INFO - [2024-05-02T00:23:43.366-0500] {dag.py:3954} INFO - Setting next_dagrun for example_complex to None, run_after=None
[2024-05-02T00:23:43.373-0500] {processor.py:183} INFO - Processing /Users/nestoralfaro/Desktop/pbi-scenario-two/py_env/lib/python3.9/site-packages/airflow/example_dags/example_complex.py took 0.067 seconds
