[2024-05-01T23:31:00.130-0500] {processor.py:161} INFO - Started process (PID=34769) to work on /Users/nestoralfaro/Desktop/pbi-scenario-two/py_env/lib/python3.9/site-packages/airflow/example_dags/example_latest_only_with_trigger.py
[2024-05-01T23:31:00.131-0500] {processor.py:830} INFO - Processing file /Users/nestoralfaro/Desktop/pbi-scenario-two/py_env/lib/python3.9/site-packages/airflow/example_dags/example_latest_only_with_trigger.py for tasks to queue
[2024-05-01T23:31:00.131-0500] {logging_mixin.py:188} INFO - [2024-05-01T23:31:00.131-0500] {dagbag.py:540} INFO - Filling up the DagBag from /Users/nestoralfaro/Desktop/pbi-scenario-two/py_env/lib/python3.9/site-packages/airflow/example_dags/example_latest_only_with_trigger.py
[2024-05-01T23:31:00.135-0500] {processor.py:840} INFO - DAG(s) 'latest_only_with_trigger' retrieved from /Users/nestoralfaro/Desktop/pbi-scenario-two/py_env/lib/python3.9/site-packages/airflow/example_dags/example_latest_only_with_trigger.py
[2024-05-01T23:31:00.235-0500] {logging_mixin.py:188} INFO - [2024-05-01T23:31:00.235-0500] {dag.py:3096} INFO - Sync 1 DAGs
[2024-05-01T23:31:00.244-0500] {logging_mixin.py:188} INFO - [2024-05-01T23:31:00.244-0500] {dag.py:3954} INFO - Setting next_dagrun for latest_only_with_trigger to 2024-05-02 00:00:00+00:00, run_after=2024-05-02 04:00:00+00:00
[2024-05-01T23:31:00.252-0500] {processor.py:183} INFO - Processing /Users/nestoralfaro/Desktop/pbi-scenario-two/py_env/lib/python3.9/site-packages/airflow/example_dags/example_latest_only_with_trigger.py took 0.124 seconds
[2024-05-01T23:33:05.885-0500] {processor.py:161} INFO - Started process (PID=34868) to work on /Users/nestoralfaro/Desktop/pbi-scenario-two/py_env/lib/python3.9/site-packages/airflow/example_dags/example_latest_only_with_trigger.py
[2024-05-01T23:33:05.886-0500] {processor.py:830} INFO - Processing file /Users/nestoralfaro/Desktop/pbi-scenario-two/py_env/lib/python3.9/site-packages/airflow/example_dags/example_latest_only_with_trigger.py for tasks to queue
[2024-05-01T23:33:05.887-0500] {logging_mixin.py:188} INFO - [2024-05-01T23:33:05.887-0500] {dagbag.py:540} INFO - Filling up the DagBag from /Users/nestoralfaro/Desktop/pbi-scenario-two/py_env/lib/python3.9/site-packages/airflow/example_dags/example_latest_only_with_trigger.py
[2024-05-01T23:33:05.891-0500] {processor.py:840} INFO - DAG(s) 'latest_only_with_trigger' retrieved from /Users/nestoralfaro/Desktop/pbi-scenario-two/py_env/lib/python3.9/site-packages/airflow/example_dags/example_latest_only_with_trigger.py
[2024-05-01T23:33:05.932-0500] {logging_mixin.py:188} INFO - [2024-05-01T23:33:05.932-0500] {dag.py:3096} INFO - Sync 1 DAGs
[2024-05-01T23:33:05.939-0500] {logging_mixin.py:188} INFO - [2024-05-01T23:33:05.939-0500] {dag.py:3954} INFO - Setting next_dagrun for latest_only_with_trigger to 2024-05-02 00:00:00+00:00, run_after=2024-05-02 04:00:00+00:00
[2024-05-01T23:33:05.946-0500] {processor.py:183} INFO - Processing /Users/nestoralfaro/Desktop/pbi-scenario-two/py_env/lib/python3.9/site-packages/airflow/example_dags/example_latest_only_with_trigger.py took 0.063 seconds
[2024-05-01T23:34:34.796-0500] {processor.py:161} INFO - Started process (PID=34930) to work on /Users/nestoralfaro/Desktop/pbi-scenario-two/py_env/lib/python3.9/site-packages/airflow/example_dags/example_latest_only_with_trigger.py
[2024-05-01T23:34:34.798-0500] {processor.py:830} INFO - Processing file /Users/nestoralfaro/Desktop/pbi-scenario-two/py_env/lib/python3.9/site-packages/airflow/example_dags/example_latest_only_with_trigger.py for tasks to queue
[2024-05-01T23:34:34.798-0500] {logging_mixin.py:188} INFO - [2024-05-01T23:34:34.798-0500] {dagbag.py:540} INFO - Filling up the DagBag from /Users/nestoralfaro/Desktop/pbi-scenario-two/py_env/lib/python3.9/site-packages/airflow/example_dags/example_latest_only_with_trigger.py
[2024-05-01T23:34:34.802-0500] {processor.py:840} INFO - DAG(s) 'latest_only_with_trigger' retrieved from /Users/nestoralfaro/Desktop/pbi-scenario-two/py_env/lib/python3.9/site-packages/airflow/example_dags/example_latest_only_with_trigger.py
[2024-05-01T23:34:34.851-0500] {logging_mixin.py:188} INFO - [2024-05-01T23:34:34.851-0500] {dag.py:3096} INFO - Sync 1 DAGs
[2024-05-01T23:34:34.860-0500] {logging_mixin.py:188} INFO - [2024-05-01T23:34:34.860-0500] {dag.py:3954} INFO - Setting next_dagrun for latest_only_with_trigger to 2024-05-02 00:00:00+00:00, run_after=2024-05-02 04:00:00+00:00
[2024-05-01T23:34:34.868-0500] {processor.py:183} INFO - Processing /Users/nestoralfaro/Desktop/pbi-scenario-two/py_env/lib/python3.9/site-packages/airflow/example_dags/example_latest_only_with_trigger.py took 0.074 seconds
[2024-05-01T23:36:27.697-0500] {processor.py:161} INFO - Started process (PID=34999) to work on /Users/nestoralfaro/Desktop/pbi-scenario-two/py_env/lib/python3.9/site-packages/airflow/example_dags/example_latest_only_with_trigger.py
[2024-05-01T23:36:27.698-0500] {processor.py:830} INFO - Processing file /Users/nestoralfaro/Desktop/pbi-scenario-two/py_env/lib/python3.9/site-packages/airflow/example_dags/example_latest_only_with_trigger.py for tasks to queue
[2024-05-01T23:36:27.698-0500] {logging_mixin.py:188} INFO - [2024-05-01T23:36:27.698-0500] {dagbag.py:540} INFO - Filling up the DagBag from /Users/nestoralfaro/Desktop/pbi-scenario-two/py_env/lib/python3.9/site-packages/airflow/example_dags/example_latest_only_with_trigger.py
[2024-05-01T23:36:27.702-0500] {processor.py:840} INFO - DAG(s) 'latest_only_with_trigger' retrieved from /Users/nestoralfaro/Desktop/pbi-scenario-two/py_env/lib/python3.9/site-packages/airflow/example_dags/example_latest_only_with_trigger.py
[2024-05-01T23:36:27.746-0500] {logging_mixin.py:188} INFO - [2024-05-01T23:36:27.746-0500] {dag.py:3096} INFO - Sync 1 DAGs
[2024-05-01T23:36:27.755-0500] {logging_mixin.py:188} INFO - [2024-05-01T23:36:27.755-0500] {dag.py:3954} INFO - Setting next_dagrun for latest_only_with_trigger to 2024-05-02 00:00:00+00:00, run_after=2024-05-02 04:00:00+00:00
[2024-05-01T23:36:27.763-0500] {processor.py:183} INFO - Processing /Users/nestoralfaro/Desktop/pbi-scenario-two/py_env/lib/python3.9/site-packages/airflow/example_dags/example_latest_only_with_trigger.py took 0.069 seconds
[2024-05-01T23:38:22.096-0500] {processor.py:161} INFO - Started process (PID=35068) to work on /Users/nestoralfaro/Desktop/pbi-scenario-two/py_env/lib/python3.9/site-packages/airflow/example_dags/example_latest_only_with_trigger.py
[2024-05-01T23:38:22.097-0500] {processor.py:830} INFO - Processing file /Users/nestoralfaro/Desktop/pbi-scenario-two/py_env/lib/python3.9/site-packages/airflow/example_dags/example_latest_only_with_trigger.py for tasks to queue
[2024-05-01T23:38:22.098-0500] {logging_mixin.py:188} INFO - [2024-05-01T23:38:22.097-0500] {dagbag.py:540} INFO - Filling up the DagBag from /Users/nestoralfaro/Desktop/pbi-scenario-two/py_env/lib/python3.9/site-packages/airflow/example_dags/example_latest_only_with_trigger.py
[2024-05-01T23:38:22.101-0500] {processor.py:840} INFO - DAG(s) 'latest_only_with_trigger' retrieved from /Users/nestoralfaro/Desktop/pbi-scenario-two/py_env/lib/python3.9/site-packages/airflow/example_dags/example_latest_only_with_trigger.py
[2024-05-01T23:38:22.142-0500] {logging_mixin.py:188} INFO - [2024-05-01T23:38:22.142-0500] {dag.py:3096} INFO - Sync 1 DAGs
[2024-05-01T23:38:22.149-0500] {logging_mixin.py:188} INFO - [2024-05-01T23:38:22.149-0500] {dag.py:3954} INFO - Setting next_dagrun for latest_only_with_trigger to 2024-05-02 00:00:00+00:00, run_after=2024-05-02 04:00:00+00:00
[2024-05-01T23:38:22.156-0500] {processor.py:183} INFO - Processing /Users/nestoralfaro/Desktop/pbi-scenario-two/py_env/lib/python3.9/site-packages/airflow/example_dags/example_latest_only_with_trigger.py took 0.061 seconds
[2024-05-01T23:40:16.907-0500] {processor.py:161} INFO - Started process (PID=35156) to work on /Users/nestoralfaro/Desktop/pbi-scenario-two/py_env/lib/python3.9/site-packages/airflow/example_dags/example_latest_only_with_trigger.py
[2024-05-01T23:40:16.909-0500] {processor.py:830} INFO - Processing file /Users/nestoralfaro/Desktop/pbi-scenario-two/py_env/lib/python3.9/site-packages/airflow/example_dags/example_latest_only_with_trigger.py for tasks to queue
[2024-05-01T23:40:16.909-0500] {logging_mixin.py:188} INFO - [2024-05-01T23:40:16.909-0500] {dagbag.py:540} INFO - Filling up the DagBag from /Users/nestoralfaro/Desktop/pbi-scenario-two/py_env/lib/python3.9/site-packages/airflow/example_dags/example_latest_only_with_trigger.py
[2024-05-01T23:40:16.913-0500] {processor.py:840} INFO - DAG(s) 'latest_only_with_trigger' retrieved from /Users/nestoralfaro/Desktop/pbi-scenario-two/py_env/lib/python3.9/site-packages/airflow/example_dags/example_latest_only_with_trigger.py
[2024-05-01T23:40:16.956-0500] {logging_mixin.py:188} INFO - [2024-05-01T23:40:16.956-0500] {dag.py:3096} INFO - Sync 1 DAGs
[2024-05-01T23:40:16.967-0500] {logging_mixin.py:188} INFO - [2024-05-01T23:40:16.967-0500] {dag.py:3954} INFO - Setting next_dagrun for latest_only_with_trigger to 2024-05-02 00:00:00+00:00, run_after=2024-05-02 04:00:00+00:00
[2024-05-01T23:40:16.976-0500] {processor.py:183} INFO - Processing /Users/nestoralfaro/Desktop/pbi-scenario-two/py_env/lib/python3.9/site-packages/airflow/example_dags/example_latest_only_with_trigger.py took 0.070 seconds
[2024-05-01T23:42:44.995-0500] {processor.py:161} INFO - Started process (PID=35279) to work on /Users/nestoralfaro/Desktop/pbi-scenario-two/py_env/lib/python3.9/site-packages/airflow/example_dags/example_latest_only_with_trigger.py
[2024-05-01T23:42:44.996-0500] {processor.py:830} INFO - Processing file /Users/nestoralfaro/Desktop/pbi-scenario-two/py_env/lib/python3.9/site-packages/airflow/example_dags/example_latest_only_with_trigger.py for tasks to queue
[2024-05-01T23:42:44.997-0500] {logging_mixin.py:188} INFO - [2024-05-01T23:42:44.997-0500] {dagbag.py:540} INFO - Filling up the DagBag from /Users/nestoralfaro/Desktop/pbi-scenario-two/py_env/lib/python3.9/site-packages/airflow/example_dags/example_latest_only_with_trigger.py
[2024-05-01T23:42:45.000-0500] {processor.py:840} INFO - DAG(s) 'latest_only_with_trigger' retrieved from /Users/nestoralfaro/Desktop/pbi-scenario-two/py_env/lib/python3.9/site-packages/airflow/example_dags/example_latest_only_with_trigger.py
[2024-05-01T23:42:45.045-0500] {logging_mixin.py:188} INFO - [2024-05-01T23:42:45.044-0500] {dag.py:3096} INFO - Sync 1 DAGs
[2024-05-01T23:42:45.053-0500] {logging_mixin.py:188} INFO - [2024-05-01T23:42:45.053-0500] {dag.py:3954} INFO - Setting next_dagrun for latest_only_with_trigger to 2024-05-02 00:00:00+00:00, run_after=2024-05-02 04:00:00+00:00
[2024-05-01T23:42:45.062-0500] {processor.py:183} INFO - Processing /Users/nestoralfaro/Desktop/pbi-scenario-two/py_env/lib/python3.9/site-packages/airflow/example_dags/example_latest_only_with_trigger.py took 0.068 seconds
[2024-05-01T23:44:14.060-0500] {processor.py:161} INFO - Started process (PID=35332) to work on /Users/nestoralfaro/Desktop/pbi-scenario-two/py_env/lib/python3.9/site-packages/airflow/example_dags/example_latest_only_with_trigger.py
[2024-05-01T23:44:14.062-0500] {processor.py:830} INFO - Processing file /Users/nestoralfaro/Desktop/pbi-scenario-two/py_env/lib/python3.9/site-packages/airflow/example_dags/example_latest_only_with_trigger.py for tasks to queue
[2024-05-01T23:44:14.062-0500] {logging_mixin.py:188} INFO - [2024-05-01T23:44:14.062-0500] {dagbag.py:540} INFO - Filling up the DagBag from /Users/nestoralfaro/Desktop/pbi-scenario-two/py_env/lib/python3.9/site-packages/airflow/example_dags/example_latest_only_with_trigger.py
[2024-05-01T23:44:14.066-0500] {processor.py:840} INFO - DAG(s) 'latest_only_with_trigger' retrieved from /Users/nestoralfaro/Desktop/pbi-scenario-two/py_env/lib/python3.9/site-packages/airflow/example_dags/example_latest_only_with_trigger.py
[2024-05-01T23:44:14.106-0500] {logging_mixin.py:188} INFO - [2024-05-01T23:44:14.105-0500] {dag.py:3096} INFO - Sync 1 DAGs
[2024-05-01T23:44:14.113-0500] {logging_mixin.py:188} INFO - [2024-05-01T23:44:14.113-0500] {dag.py:3954} INFO - Setting next_dagrun for latest_only_with_trigger to 2024-05-02 00:00:00+00:00, run_after=2024-05-02 04:00:00+00:00
[2024-05-01T23:44:14.120-0500] {processor.py:183} INFO - Processing /Users/nestoralfaro/Desktop/pbi-scenario-two/py_env/lib/python3.9/site-packages/airflow/example_dags/example_latest_only_with_trigger.py took 0.061 seconds
[2024-05-01T23:46:10.009-0500] {processor.py:161} INFO - Started process (PID=35416) to work on /Users/nestoralfaro/Desktop/pbi-scenario-two/py_env/lib/python3.9/site-packages/airflow/example_dags/example_latest_only_with_trigger.py
[2024-05-01T23:46:10.011-0500] {processor.py:830} INFO - Processing file /Users/nestoralfaro/Desktop/pbi-scenario-two/py_env/lib/python3.9/site-packages/airflow/example_dags/example_latest_only_with_trigger.py for tasks to queue
[2024-05-01T23:46:10.011-0500] {logging_mixin.py:188} INFO - [2024-05-01T23:46:10.011-0500] {dagbag.py:540} INFO - Filling up the DagBag from /Users/nestoralfaro/Desktop/pbi-scenario-two/py_env/lib/python3.9/site-packages/airflow/example_dags/example_latest_only_with_trigger.py
[2024-05-01T23:46:10.015-0500] {processor.py:840} INFO - DAG(s) 'latest_only_with_trigger' retrieved from /Users/nestoralfaro/Desktop/pbi-scenario-two/py_env/lib/python3.9/site-packages/airflow/example_dags/example_latest_only_with_trigger.py
[2024-05-01T23:46:10.057-0500] {logging_mixin.py:188} INFO - [2024-05-01T23:46:10.057-0500] {dag.py:3096} INFO - Sync 1 DAGs
[2024-05-01T23:46:10.064-0500] {logging_mixin.py:188} INFO - [2024-05-01T23:46:10.064-0500] {dag.py:3954} INFO - Setting next_dagrun for latest_only_with_trigger to 2024-05-02 00:00:00+00:00, run_after=2024-05-02 04:00:00+00:00
[2024-05-01T23:46:10.071-0500] {processor.py:183} INFO - Processing /Users/nestoralfaro/Desktop/pbi-scenario-two/py_env/lib/python3.9/site-packages/airflow/example_dags/example_latest_only_with_trigger.py took 0.063 seconds
[2024-05-01T23:48:01.463-0500] {processor.py:161} INFO - Started process (PID=35494) to work on /Users/nestoralfaro/Desktop/pbi-scenario-two/py_env/lib/python3.9/site-packages/airflow/example_dags/example_latest_only_with_trigger.py
[2024-05-01T23:48:01.464-0500] {processor.py:830} INFO - Processing file /Users/nestoralfaro/Desktop/pbi-scenario-two/py_env/lib/python3.9/site-packages/airflow/example_dags/example_latest_only_with_trigger.py for tasks to queue
[2024-05-01T23:48:01.464-0500] {logging_mixin.py:188} INFO - [2024-05-01T23:48:01.464-0500] {dagbag.py:540} INFO - Filling up the DagBag from /Users/nestoralfaro/Desktop/pbi-scenario-two/py_env/lib/python3.9/site-packages/airflow/example_dags/example_latest_only_with_trigger.py
[2024-05-01T23:48:01.468-0500] {processor.py:840} INFO - DAG(s) 'latest_only_with_trigger' retrieved from /Users/nestoralfaro/Desktop/pbi-scenario-two/py_env/lib/python3.9/site-packages/airflow/example_dags/example_latest_only_with_trigger.py
[2024-05-01T23:48:01.512-0500] {logging_mixin.py:188} INFO - [2024-05-01T23:48:01.512-0500] {dag.py:3096} INFO - Sync 1 DAGs
[2024-05-01T23:48:01.520-0500] {logging_mixin.py:188} INFO - [2024-05-01T23:48:01.520-0500] {dag.py:3954} INFO - Setting next_dagrun for latest_only_with_trigger to 2024-05-02 00:00:00+00:00, run_after=2024-05-02 04:00:00+00:00
[2024-05-01T23:48:01.528-0500] {processor.py:183} INFO - Processing /Users/nestoralfaro/Desktop/pbi-scenario-two/py_env/lib/python3.9/site-packages/airflow/example_dags/example_latest_only_with_trigger.py took 0.067 seconds
[2024-05-01T23:49:56.238-0500] {processor.py:161} INFO - Started process (PID=35573) to work on /Users/nestoralfaro/Desktop/pbi-scenario-two/py_env/lib/python3.9/site-packages/airflow/example_dags/example_latest_only_with_trigger.py
[2024-05-01T23:49:56.241-0500] {processor.py:830} INFO - Processing file /Users/nestoralfaro/Desktop/pbi-scenario-two/py_env/lib/python3.9/site-packages/airflow/example_dags/example_latest_only_with_trigger.py for tasks to queue
[2024-05-01T23:49:56.241-0500] {logging_mixin.py:188} INFO - [2024-05-01T23:49:56.241-0500] {dagbag.py:540} INFO - Filling up the DagBag from /Users/nestoralfaro/Desktop/pbi-scenario-two/py_env/lib/python3.9/site-packages/airflow/example_dags/example_latest_only_with_trigger.py
[2024-05-01T23:49:56.245-0500] {processor.py:840} INFO - DAG(s) 'latest_only_with_trigger' retrieved from /Users/nestoralfaro/Desktop/pbi-scenario-two/py_env/lib/python3.9/site-packages/airflow/example_dags/example_latest_only_with_trigger.py
[2024-05-01T23:49:56.288-0500] {logging_mixin.py:188} INFO - [2024-05-01T23:49:56.288-0500] {dag.py:3096} INFO - Sync 1 DAGs
[2024-05-01T23:49:56.296-0500] {logging_mixin.py:188} INFO - [2024-05-01T23:49:56.296-0500] {dag.py:3954} INFO - Setting next_dagrun for latest_only_with_trigger to 2024-05-02 00:00:00+00:00, run_after=2024-05-02 04:00:00+00:00
[2024-05-01T23:49:56.303-0500] {processor.py:183} INFO - Processing /Users/nestoralfaro/Desktop/pbi-scenario-two/py_env/lib/python3.9/site-packages/airflow/example_dags/example_latest_only_with_trigger.py took 0.066 seconds
[2024-05-01T23:51:49.513-0500] {processor.py:161} INFO - Started process (PID=35641) to work on /Users/nestoralfaro/Desktop/pbi-scenario-two/py_env/lib/python3.9/site-packages/airflow/example_dags/example_latest_only_with_trigger.py
[2024-05-01T23:51:49.515-0500] {processor.py:830} INFO - Processing file /Users/nestoralfaro/Desktop/pbi-scenario-two/py_env/lib/python3.9/site-packages/airflow/example_dags/example_latest_only_with_trigger.py for tasks to queue
[2024-05-01T23:51:49.515-0500] {logging_mixin.py:188} INFO - [2024-05-01T23:51:49.515-0500] {dagbag.py:540} INFO - Filling up the DagBag from /Users/nestoralfaro/Desktop/pbi-scenario-two/py_env/lib/python3.9/site-packages/airflow/example_dags/example_latest_only_with_trigger.py
[2024-05-01T23:51:49.519-0500] {processor.py:840} INFO - DAG(s) 'latest_only_with_trigger' retrieved from /Users/nestoralfaro/Desktop/pbi-scenario-two/py_env/lib/python3.9/site-packages/airflow/example_dags/example_latest_only_with_trigger.py
[2024-05-01T23:51:49.563-0500] {logging_mixin.py:188} INFO - [2024-05-01T23:51:49.563-0500] {dag.py:3096} INFO - Sync 1 DAGs
[2024-05-01T23:51:49.572-0500] {logging_mixin.py:188} INFO - [2024-05-01T23:51:49.572-0500] {dag.py:3954} INFO - Setting next_dagrun for latest_only_with_trigger to 2024-05-02 00:00:00+00:00, run_after=2024-05-02 04:00:00+00:00
[2024-05-01T23:51:49.580-0500] {processor.py:183} INFO - Processing /Users/nestoralfaro/Desktop/pbi-scenario-two/py_env/lib/python3.9/site-packages/airflow/example_dags/example_latest_only_with_trigger.py took 0.068 seconds
[2024-05-01T23:53:47.724-0500] {processor.py:161} INFO - Started process (PID=35727) to work on /Users/nestoralfaro/Desktop/pbi-scenario-two/py_env/lib/python3.9/site-packages/airflow/example_dags/example_latest_only_with_trigger.py
[2024-05-01T23:53:47.725-0500] {processor.py:830} INFO - Processing file /Users/nestoralfaro/Desktop/pbi-scenario-two/py_env/lib/python3.9/site-packages/airflow/example_dags/example_latest_only_with_trigger.py for tasks to queue
[2024-05-01T23:53:47.726-0500] {logging_mixin.py:188} INFO - [2024-05-01T23:53:47.726-0500] {dagbag.py:540} INFO - Filling up the DagBag from /Users/nestoralfaro/Desktop/pbi-scenario-two/py_env/lib/python3.9/site-packages/airflow/example_dags/example_latest_only_with_trigger.py
[2024-05-01T23:53:47.729-0500] {processor.py:840} INFO - DAG(s) 'latest_only_with_trigger' retrieved from /Users/nestoralfaro/Desktop/pbi-scenario-two/py_env/lib/python3.9/site-packages/airflow/example_dags/example_latest_only_with_trigger.py
[2024-05-01T23:53:47.774-0500] {logging_mixin.py:188} INFO - [2024-05-01T23:53:47.774-0500] {dag.py:3096} INFO - Sync 1 DAGs
[2024-05-01T23:53:47.782-0500] {logging_mixin.py:188} INFO - [2024-05-01T23:53:47.782-0500] {dag.py:3954} INFO - Setting next_dagrun for latest_only_with_trigger to 2024-05-02 00:00:00+00:00, run_after=2024-05-02 04:00:00+00:00
[2024-05-01T23:53:47.791-0500] {processor.py:183} INFO - Processing /Users/nestoralfaro/Desktop/pbi-scenario-two/py_env/lib/python3.9/site-packages/airflow/example_dags/example_latest_only_with_trigger.py took 0.068 seconds
[2024-05-01T23:55:41.645-0500] {processor.py:161} INFO - Started process (PID=35796) to work on /Users/nestoralfaro/Desktop/pbi-scenario-two/py_env/lib/python3.9/site-packages/airflow/example_dags/example_latest_only_with_trigger.py
[2024-05-01T23:55:41.646-0500] {processor.py:830} INFO - Processing file /Users/nestoralfaro/Desktop/pbi-scenario-two/py_env/lib/python3.9/site-packages/airflow/example_dags/example_latest_only_with_trigger.py for tasks to queue
[2024-05-01T23:55:41.646-0500] {logging_mixin.py:188} INFO - [2024-05-01T23:55:41.646-0500] {dagbag.py:540} INFO - Filling up the DagBag from /Users/nestoralfaro/Desktop/pbi-scenario-two/py_env/lib/python3.9/site-packages/airflow/example_dags/example_latest_only_with_trigger.py
[2024-05-01T23:55:41.650-0500] {processor.py:840} INFO - DAG(s) 'latest_only_with_trigger' retrieved from /Users/nestoralfaro/Desktop/pbi-scenario-two/py_env/lib/python3.9/site-packages/airflow/example_dags/example_latest_only_with_trigger.py
[2024-05-01T23:55:41.691-0500] {logging_mixin.py:188} INFO - [2024-05-01T23:55:41.690-0500] {dag.py:3096} INFO - Sync 1 DAGs
[2024-05-01T23:55:41.698-0500] {logging_mixin.py:188} INFO - [2024-05-01T23:55:41.698-0500] {dag.py:3954} INFO - Setting next_dagrun for latest_only_with_trigger to 2024-05-02 00:00:00+00:00, run_after=2024-05-02 04:00:00+00:00
[2024-05-01T23:55:41.705-0500] {processor.py:183} INFO - Processing /Users/nestoralfaro/Desktop/pbi-scenario-two/py_env/lib/python3.9/site-packages/airflow/example_dags/example_latest_only_with_trigger.py took 0.061 seconds
[2024-05-01T23:57:32.262-0500] {processor.py:161} INFO - Started process (PID=35864) to work on /Users/nestoralfaro/Desktop/pbi-scenario-two/py_env/lib/python3.9/site-packages/airflow/example_dags/example_latest_only_with_trigger.py
[2024-05-01T23:57:32.263-0500] {processor.py:830} INFO - Processing file /Users/nestoralfaro/Desktop/pbi-scenario-two/py_env/lib/python3.9/site-packages/airflow/example_dags/example_latest_only_with_trigger.py for tasks to queue
[2024-05-01T23:57:32.263-0500] {logging_mixin.py:188} INFO - [2024-05-01T23:57:32.263-0500] {dagbag.py:540} INFO - Filling up the DagBag from /Users/nestoralfaro/Desktop/pbi-scenario-two/py_env/lib/python3.9/site-packages/airflow/example_dags/example_latest_only_with_trigger.py
[2024-05-01T23:57:32.267-0500] {processor.py:840} INFO - DAG(s) 'latest_only_with_trigger' retrieved from /Users/nestoralfaro/Desktop/pbi-scenario-two/py_env/lib/python3.9/site-packages/airflow/example_dags/example_latest_only_with_trigger.py
[2024-05-01T23:57:32.308-0500] {logging_mixin.py:188} INFO - [2024-05-01T23:57:32.308-0500] {dag.py:3096} INFO - Sync 1 DAGs
[2024-05-01T23:57:32.315-0500] {logging_mixin.py:188} INFO - [2024-05-01T23:57:32.315-0500] {dag.py:3954} INFO - Setting next_dagrun for latest_only_with_trigger to 2024-05-02 00:00:00+00:00, run_after=2024-05-02 04:00:00+00:00
[2024-05-01T23:57:32.323-0500] {processor.py:183} INFO - Processing /Users/nestoralfaro/Desktop/pbi-scenario-two/py_env/lib/python3.9/site-packages/airflow/example_dags/example_latest_only_with_trigger.py took 0.062 seconds
[2024-05-01T23:59:24.649-0500] {processor.py:161} INFO - Started process (PID=35935) to work on /Users/nestoralfaro/Desktop/pbi-scenario-two/py_env/lib/python3.9/site-packages/airflow/example_dags/example_latest_only_with_trigger.py
[2024-05-01T23:59:24.650-0500] {processor.py:830} INFO - Processing file /Users/nestoralfaro/Desktop/pbi-scenario-two/py_env/lib/python3.9/site-packages/airflow/example_dags/example_latest_only_with_trigger.py for tasks to queue
[2024-05-01T23:59:24.650-0500] {logging_mixin.py:188} INFO - [2024-05-01T23:59:24.650-0500] {dagbag.py:540} INFO - Filling up the DagBag from /Users/nestoralfaro/Desktop/pbi-scenario-two/py_env/lib/python3.9/site-packages/airflow/example_dags/example_latest_only_with_trigger.py
[2024-05-01T23:59:24.654-0500] {processor.py:840} INFO - DAG(s) 'latest_only_with_trigger' retrieved from /Users/nestoralfaro/Desktop/pbi-scenario-two/py_env/lib/python3.9/site-packages/airflow/example_dags/example_latest_only_with_trigger.py
[2024-05-01T23:59:24.697-0500] {logging_mixin.py:188} INFO - [2024-05-01T23:59:24.697-0500] {dag.py:3096} INFO - Sync 1 DAGs
[2024-05-01T23:59:24.705-0500] {logging_mixin.py:188} INFO - [2024-05-01T23:59:24.705-0500] {dag.py:3954} INFO - Setting next_dagrun for latest_only_with_trigger to 2024-05-02 00:00:00+00:00, run_after=2024-05-02 04:00:00+00:00
[2024-05-01T23:59:24.712-0500] {processor.py:183} INFO - Processing /Users/nestoralfaro/Desktop/pbi-scenario-two/py_env/lib/python3.9/site-packages/airflow/example_dags/example_latest_only_with_trigger.py took 0.065 seconds
[2024-05-02T00:01:14.741-0500] {processor.py:161} INFO - Started process (PID=36028) to work on /Users/nestoralfaro/Desktop/pbi-scenario-two/py_env/lib/python3.9/site-packages/airflow/example_dags/example_latest_only_with_trigger.py
[2024-05-02T00:01:14.743-0500] {processor.py:830} INFO - Processing file /Users/nestoralfaro/Desktop/pbi-scenario-two/py_env/lib/python3.9/site-packages/airflow/example_dags/example_latest_only_with_trigger.py for tasks to queue
[2024-05-02T00:01:14.744-0500] {logging_mixin.py:188} INFO - [2024-05-02T00:01:14.744-0500] {dagbag.py:540} INFO - Filling up the DagBag from /Users/nestoralfaro/Desktop/pbi-scenario-two/py_env/lib/python3.9/site-packages/airflow/example_dags/example_latest_only_with_trigger.py
[2024-05-02T00:01:14.748-0500] {processor.py:840} INFO - DAG(s) 'latest_only_with_trigger' retrieved from /Users/nestoralfaro/Desktop/pbi-scenario-two/py_env/lib/python3.9/site-packages/airflow/example_dags/example_latest_only_with_trigger.py
[2024-05-02T00:01:14.794-0500] {logging_mixin.py:188} INFO - [2024-05-02T00:01:14.793-0500] {dag.py:3096} INFO - Sync 1 DAGs
[2024-05-02T00:01:14.802-0500] {logging_mixin.py:188} INFO - [2024-05-02T00:01:14.802-0500] {dag.py:3954} INFO - Setting next_dagrun for latest_only_with_trigger to 2024-05-02 00:00:00+00:00, run_after=2024-05-02 04:00:00+00:00
[2024-05-02T00:01:14.810-0500] {processor.py:183} INFO - Processing /Users/nestoralfaro/Desktop/pbi-scenario-two/py_env/lib/python3.9/site-packages/airflow/example_dags/example_latest_only_with_trigger.py took 0.071 seconds
[2024-05-02T00:03:13.613-0500] {processor.py:161} INFO - Started process (PID=36112) to work on /Users/nestoralfaro/Desktop/pbi-scenario-two/py_env/lib/python3.9/site-packages/airflow/example_dags/example_latest_only_with_trigger.py
[2024-05-02T00:03:13.616-0500] {processor.py:830} INFO - Processing file /Users/nestoralfaro/Desktop/pbi-scenario-two/py_env/lib/python3.9/site-packages/airflow/example_dags/example_latest_only_with_trigger.py for tasks to queue
[2024-05-02T00:03:13.616-0500] {logging_mixin.py:188} INFO - [2024-05-02T00:03:13.616-0500] {dagbag.py:540} INFO - Filling up the DagBag from /Users/nestoralfaro/Desktop/pbi-scenario-two/py_env/lib/python3.9/site-packages/airflow/example_dags/example_latest_only_with_trigger.py
[2024-05-02T00:03:13.621-0500] {processor.py:840} INFO - DAG(s) 'latest_only_with_trigger' retrieved from /Users/nestoralfaro/Desktop/pbi-scenario-two/py_env/lib/python3.9/site-packages/airflow/example_dags/example_latest_only_with_trigger.py
[2024-05-02T00:03:13.663-0500] {logging_mixin.py:188} INFO - [2024-05-02T00:03:13.663-0500] {dag.py:3096} INFO - Sync 1 DAGs
[2024-05-02T00:03:13.671-0500] {logging_mixin.py:188} INFO - [2024-05-02T00:03:13.671-0500] {dag.py:3954} INFO - Setting next_dagrun for latest_only_with_trigger to 2024-05-02 00:00:00+00:00, run_after=2024-05-02 04:00:00+00:00
[2024-05-02T00:03:13.678-0500] {processor.py:183} INFO - Processing /Users/nestoralfaro/Desktop/pbi-scenario-two/py_env/lib/python3.9/site-packages/airflow/example_dags/example_latest_only_with_trigger.py took 0.066 seconds
[2024-05-02T00:05:07.492-0500] {processor.py:161} INFO - Started process (PID=36188) to work on /Users/nestoralfaro/Desktop/pbi-scenario-two/py_env/lib/python3.9/site-packages/airflow/example_dags/example_latest_only_with_trigger.py
[2024-05-02T00:05:07.494-0500] {processor.py:830} INFO - Processing file /Users/nestoralfaro/Desktop/pbi-scenario-two/py_env/lib/python3.9/site-packages/airflow/example_dags/example_latest_only_with_trigger.py for tasks to queue
[2024-05-02T00:05:07.494-0500] {logging_mixin.py:188} INFO - [2024-05-02T00:05:07.494-0500] {dagbag.py:540} INFO - Filling up the DagBag from /Users/nestoralfaro/Desktop/pbi-scenario-two/py_env/lib/python3.9/site-packages/airflow/example_dags/example_latest_only_with_trigger.py
[2024-05-02T00:05:07.498-0500] {processor.py:840} INFO - DAG(s) 'latest_only_with_trigger' retrieved from /Users/nestoralfaro/Desktop/pbi-scenario-two/py_env/lib/python3.9/site-packages/airflow/example_dags/example_latest_only_with_trigger.py
[2024-05-02T00:05:07.543-0500] {logging_mixin.py:188} INFO - [2024-05-02T00:05:07.543-0500] {dag.py:3096} INFO - Sync 1 DAGs
[2024-05-02T00:05:07.551-0500] {logging_mixin.py:188} INFO - [2024-05-02T00:05:07.550-0500] {dag.py:3954} INFO - Setting next_dagrun for latest_only_with_trigger to 2024-05-02 00:00:00+00:00, run_after=2024-05-02 04:00:00+00:00
[2024-05-02T00:05:07.558-0500] {processor.py:183} INFO - Processing /Users/nestoralfaro/Desktop/pbi-scenario-two/py_env/lib/python3.9/site-packages/airflow/example_dags/example_latest_only_with_trigger.py took 0.068 seconds
[2024-05-02T00:06:58.604-0500] {processor.py:161} INFO - Started process (PID=36276) to work on /Users/nestoralfaro/Desktop/pbi-scenario-two/py_env/lib/python3.9/site-packages/airflow/example_dags/example_latest_only_with_trigger.py
[2024-05-02T00:06:58.607-0500] {processor.py:830} INFO - Processing file /Users/nestoralfaro/Desktop/pbi-scenario-two/py_env/lib/python3.9/site-packages/airflow/example_dags/example_latest_only_with_trigger.py for tasks to queue
[2024-05-02T00:06:58.607-0500] {logging_mixin.py:188} INFO - [2024-05-02T00:06:58.607-0500] {dagbag.py:540} INFO - Filling up the DagBag from /Users/nestoralfaro/Desktop/pbi-scenario-two/py_env/lib/python3.9/site-packages/airflow/example_dags/example_latest_only_with_trigger.py
[2024-05-02T00:06:58.611-0500] {processor.py:840} INFO - DAG(s) 'latest_only_with_trigger' retrieved from /Users/nestoralfaro/Desktop/pbi-scenario-two/py_env/lib/python3.9/site-packages/airflow/example_dags/example_latest_only_with_trigger.py
[2024-05-02T00:06:58.651-0500] {logging_mixin.py:188} INFO - [2024-05-02T00:06:58.651-0500] {dag.py:3096} INFO - Sync 1 DAGs
[2024-05-02T00:06:58.658-0500] {logging_mixin.py:188} INFO - [2024-05-02T00:06:58.658-0500] {dag.py:3954} INFO - Setting next_dagrun for latest_only_with_trigger to 2024-05-02 00:00:00+00:00, run_after=2024-05-02 04:00:00+00:00
[2024-05-02T00:06:58.665-0500] {processor.py:183} INFO - Processing /Users/nestoralfaro/Desktop/pbi-scenario-two/py_env/lib/python3.9/site-packages/airflow/example_dags/example_latest_only_with_trigger.py took 0.062 seconds
[2024-05-02T00:08:48.819-0500] {processor.py:161} INFO - Started process (PID=36343) to work on /Users/nestoralfaro/Desktop/pbi-scenario-two/py_env/lib/python3.9/site-packages/airflow/example_dags/example_latest_only_with_trigger.py
[2024-05-02T00:08:48.821-0500] {processor.py:830} INFO - Processing file /Users/nestoralfaro/Desktop/pbi-scenario-two/py_env/lib/python3.9/site-packages/airflow/example_dags/example_latest_only_with_trigger.py for tasks to queue
[2024-05-02T00:08:48.822-0500] {logging_mixin.py:188} INFO - [2024-05-02T00:08:48.822-0500] {dagbag.py:540} INFO - Filling up the DagBag from /Users/nestoralfaro/Desktop/pbi-scenario-two/py_env/lib/python3.9/site-packages/airflow/example_dags/example_latest_only_with_trigger.py
[2024-05-02T00:08:48.826-0500] {processor.py:840} INFO - DAG(s) 'latest_only_with_trigger' retrieved from /Users/nestoralfaro/Desktop/pbi-scenario-two/py_env/lib/python3.9/site-packages/airflow/example_dags/example_latest_only_with_trigger.py
[2024-05-02T00:08:48.869-0500] {logging_mixin.py:188} INFO - [2024-05-02T00:08:48.869-0500] {dag.py:3096} INFO - Sync 1 DAGs
[2024-05-02T00:08:48.880-0500] {logging_mixin.py:188} INFO - [2024-05-02T00:08:48.880-0500] {dag.py:3954} INFO - Setting next_dagrun for latest_only_with_trigger to 2024-05-02 00:00:00+00:00, run_after=2024-05-02 04:00:00+00:00
[2024-05-02T00:08:48.887-0500] {processor.py:183} INFO - Processing /Users/nestoralfaro/Desktop/pbi-scenario-two/py_env/lib/python3.9/site-packages/airflow/example_dags/example_latest_only_with_trigger.py took 0.069 seconds
[2024-05-02T00:11:53.277-0500] {processor.py:161} INFO - Started process (PID=36471) to work on /Users/nestoralfaro/Desktop/pbi-scenario-two/py_env/lib/python3.9/site-packages/airflow/example_dags/example_latest_only_with_trigger.py
[2024-05-02T00:11:53.279-0500] {processor.py:830} INFO - Processing file /Users/nestoralfaro/Desktop/pbi-scenario-two/py_env/lib/python3.9/site-packages/airflow/example_dags/example_latest_only_with_trigger.py for tasks to queue
[2024-05-02T00:11:53.280-0500] {logging_mixin.py:188} INFO - [2024-05-02T00:11:53.279-0500] {dagbag.py:540} INFO - Filling up the DagBag from /Users/nestoralfaro/Desktop/pbi-scenario-two/py_env/lib/python3.9/site-packages/airflow/example_dags/example_latest_only_with_trigger.py
[2024-05-02T00:11:53.283-0500] {processor.py:840} INFO - DAG(s) 'latest_only_with_trigger' retrieved from /Users/nestoralfaro/Desktop/pbi-scenario-two/py_env/lib/python3.9/site-packages/airflow/example_dags/example_latest_only_with_trigger.py
[2024-05-02T00:11:53.324-0500] {logging_mixin.py:188} INFO - [2024-05-02T00:11:53.324-0500] {dag.py:3096} INFO - Sync 1 DAGs
[2024-05-02T00:11:53.332-0500] {logging_mixin.py:188} INFO - [2024-05-02T00:11:53.332-0500] {dag.py:3954} INFO - Setting next_dagrun for latest_only_with_trigger to 2024-05-02 00:00:00+00:00, run_after=2024-05-02 04:00:00+00:00
[2024-05-02T00:11:53.339-0500] {processor.py:183} INFO - Processing /Users/nestoralfaro/Desktop/pbi-scenario-two/py_env/lib/python3.9/site-packages/airflow/example_dags/example_latest_only_with_trigger.py took 0.063 seconds
[2024-05-02T00:13:19.180-0500] {processor.py:161} INFO - Started process (PID=36538) to work on /Users/nestoralfaro/Desktop/pbi-scenario-two/py_env/lib/python3.9/site-packages/airflow/example_dags/example_latest_only_with_trigger.py
[2024-05-02T00:13:19.182-0500] {processor.py:830} INFO - Processing file /Users/nestoralfaro/Desktop/pbi-scenario-two/py_env/lib/python3.9/site-packages/airflow/example_dags/example_latest_only_with_trigger.py for tasks to queue
[2024-05-02T00:13:19.182-0500] {logging_mixin.py:188} INFO - [2024-05-02T00:13:19.182-0500] {dagbag.py:540} INFO - Filling up the DagBag from /Users/nestoralfaro/Desktop/pbi-scenario-two/py_env/lib/python3.9/site-packages/airflow/example_dags/example_latest_only_with_trigger.py
[2024-05-02T00:13:19.186-0500] {processor.py:840} INFO - DAG(s) 'latest_only_with_trigger' retrieved from /Users/nestoralfaro/Desktop/pbi-scenario-two/py_env/lib/python3.9/site-packages/airflow/example_dags/example_latest_only_with_trigger.py
[2024-05-02T00:13:19.228-0500] {logging_mixin.py:188} INFO - [2024-05-02T00:13:19.228-0500] {dag.py:3096} INFO - Sync 1 DAGs
[2024-05-02T00:13:19.236-0500] {logging_mixin.py:188} INFO - [2024-05-02T00:13:19.236-0500] {dag.py:3954} INFO - Setting next_dagrun for latest_only_with_trigger to 2024-05-02 00:00:00+00:00, run_after=2024-05-02 04:00:00+00:00
[2024-05-02T00:13:19.243-0500] {processor.py:183} INFO - Processing /Users/nestoralfaro/Desktop/pbi-scenario-two/py_env/lib/python3.9/site-packages/airflow/example_dags/example_latest_only_with_trigger.py took 0.064 seconds
[2024-05-02T00:15:46.677-0500] {processor.py:161} INFO - Started process (PID=36635) to work on /Users/nestoralfaro/Desktop/pbi-scenario-two/py_env/lib/python3.9/site-packages/airflow/example_dags/example_latest_only_with_trigger.py
[2024-05-02T00:15:46.678-0500] {processor.py:830} INFO - Processing file /Users/nestoralfaro/Desktop/pbi-scenario-two/py_env/lib/python3.9/site-packages/airflow/example_dags/example_latest_only_with_trigger.py for tasks to queue
[2024-05-02T00:15:46.678-0500] {logging_mixin.py:188} INFO - [2024-05-02T00:15:46.678-0500] {dagbag.py:540} INFO - Filling up the DagBag from /Users/nestoralfaro/Desktop/pbi-scenario-two/py_env/lib/python3.9/site-packages/airflow/example_dags/example_latest_only_with_trigger.py
[2024-05-02T00:15:46.682-0500] {processor.py:840} INFO - DAG(s) 'latest_only_with_trigger' retrieved from /Users/nestoralfaro/Desktop/pbi-scenario-two/py_env/lib/python3.9/site-packages/airflow/example_dags/example_latest_only_with_trigger.py
[2024-05-02T00:15:46.728-0500] {logging_mixin.py:188} INFO - [2024-05-02T00:15:46.728-0500] {dag.py:3096} INFO - Sync 1 DAGs
[2024-05-02T00:15:46.736-0500] {logging_mixin.py:188} INFO - [2024-05-02T00:15:46.736-0500] {dag.py:3954} INFO - Setting next_dagrun for latest_only_with_trigger to 2024-05-02 00:00:00+00:00, run_after=2024-05-02 04:00:00+00:00
[2024-05-02T00:15:46.745-0500] {processor.py:183} INFO - Processing /Users/nestoralfaro/Desktop/pbi-scenario-two/py_env/lib/python3.9/site-packages/airflow/example_dags/example_latest_only_with_trigger.py took 0.069 seconds
[2024-05-02T00:17:42.786-0500] {processor.py:161} INFO - Started process (PID=36712) to work on /Users/nestoralfaro/Desktop/pbi-scenario-two/py_env/lib/python3.9/site-packages/airflow/example_dags/example_latest_only_with_trigger.py
[2024-05-02T00:17:42.789-0500] {processor.py:830} INFO - Processing file /Users/nestoralfaro/Desktop/pbi-scenario-two/py_env/lib/python3.9/site-packages/airflow/example_dags/example_latest_only_with_trigger.py for tasks to queue
[2024-05-02T00:17:42.789-0500] {logging_mixin.py:188} INFO - [2024-05-02T00:17:42.789-0500] {dagbag.py:540} INFO - Filling up the DagBag from /Users/nestoralfaro/Desktop/pbi-scenario-two/py_env/lib/python3.9/site-packages/airflow/example_dags/example_latest_only_with_trigger.py
[2024-05-02T00:17:42.793-0500] {processor.py:840} INFO - DAG(s) 'latest_only_with_trigger' retrieved from /Users/nestoralfaro/Desktop/pbi-scenario-two/py_env/lib/python3.9/site-packages/airflow/example_dags/example_latest_only_with_trigger.py
[2024-05-02T00:17:42.838-0500] {logging_mixin.py:188} INFO - [2024-05-02T00:17:42.838-0500] {dag.py:3096} INFO - Sync 1 DAGs
[2024-05-02T00:17:42.845-0500] {logging_mixin.py:188} INFO - [2024-05-02T00:17:42.845-0500] {dag.py:3954} INFO - Setting next_dagrun for latest_only_with_trigger to 2024-05-02 00:00:00+00:00, run_after=2024-05-02 04:00:00+00:00
[2024-05-02T00:17:42.853-0500] {processor.py:183} INFO - Processing /Users/nestoralfaro/Desktop/pbi-scenario-two/py_env/lib/python3.9/site-packages/airflow/example_dags/example_latest_only_with_trigger.py took 0.068 seconds
[2024-05-02T00:19:11.033-0500] {processor.py:161} INFO - Started process (PID=36787) to work on /Users/nestoralfaro/Desktop/pbi-scenario-two/py_env/lib/python3.9/site-packages/airflow/example_dags/example_latest_only_with_trigger.py
[2024-05-02T00:19:11.036-0500] {processor.py:830} INFO - Processing file /Users/nestoralfaro/Desktop/pbi-scenario-two/py_env/lib/python3.9/site-packages/airflow/example_dags/example_latest_only_with_trigger.py for tasks to queue
[2024-05-02T00:19:11.036-0500] {logging_mixin.py:188} INFO - [2024-05-02T00:19:11.036-0500] {dagbag.py:540} INFO - Filling up the DagBag from /Users/nestoralfaro/Desktop/pbi-scenario-two/py_env/lib/python3.9/site-packages/airflow/example_dags/example_latest_only_with_trigger.py
[2024-05-02T00:19:11.040-0500] {processor.py:840} INFO - DAG(s) 'latest_only_with_trigger' retrieved from /Users/nestoralfaro/Desktop/pbi-scenario-two/py_env/lib/python3.9/site-packages/airflow/example_dags/example_latest_only_with_trigger.py
[2024-05-02T00:19:11.081-0500] {logging_mixin.py:188} INFO - [2024-05-02T00:19:11.081-0500] {dag.py:3096} INFO - Sync 1 DAGs
[2024-05-02T00:19:11.089-0500] {logging_mixin.py:188} INFO - [2024-05-02T00:19:11.089-0500] {dag.py:3954} INFO - Setting next_dagrun for latest_only_with_trigger to 2024-05-02 00:00:00+00:00, run_after=2024-05-02 04:00:00+00:00
[2024-05-02T00:19:11.096-0500] {processor.py:183} INFO - Processing /Users/nestoralfaro/Desktop/pbi-scenario-two/py_env/lib/python3.9/site-packages/airflow/example_dags/example_latest_only_with_trigger.py took 0.064 seconds
[2024-05-02T00:21:05.359-0500] {processor.py:161} INFO - Started process (PID=36875) to work on /Users/nestoralfaro/Desktop/pbi-scenario-two/py_env/lib/python3.9/site-packages/airflow/example_dags/example_latest_only_with_trigger.py
[2024-05-02T00:21:05.360-0500] {processor.py:830} INFO - Processing file /Users/nestoralfaro/Desktop/pbi-scenario-two/py_env/lib/python3.9/site-packages/airflow/example_dags/example_latest_only_with_trigger.py for tasks to queue
[2024-05-02T00:21:05.360-0500] {logging_mixin.py:188} INFO - [2024-05-02T00:21:05.360-0500] {dagbag.py:540} INFO - Filling up the DagBag from /Users/nestoralfaro/Desktop/pbi-scenario-two/py_env/lib/python3.9/site-packages/airflow/example_dags/example_latest_only_with_trigger.py
[2024-05-02T00:21:05.363-0500] {processor.py:840} INFO - DAG(s) 'latest_only_with_trigger' retrieved from /Users/nestoralfaro/Desktop/pbi-scenario-two/py_env/lib/python3.9/site-packages/airflow/example_dags/example_latest_only_with_trigger.py
[2024-05-02T00:21:05.407-0500] {logging_mixin.py:188} INFO - [2024-05-02T00:21:05.407-0500] {dag.py:3096} INFO - Sync 1 DAGs
[2024-05-02T00:21:05.415-0500] {logging_mixin.py:188} INFO - [2024-05-02T00:21:05.415-0500] {dag.py:3954} INFO - Setting next_dagrun for latest_only_with_trigger to 2024-05-02 00:00:00+00:00, run_after=2024-05-02 04:00:00+00:00
[2024-05-02T00:21:05.424-0500] {processor.py:183} INFO - Processing /Users/nestoralfaro/Desktop/pbi-scenario-two/py_env/lib/python3.9/site-packages/airflow/example_dags/example_latest_only_with_trigger.py took 0.066 seconds
[2024-05-02T00:22:59.905-0500] {processor.py:161} INFO - Started process (PID=36987) to work on /Users/nestoralfaro/Desktop/pbi-scenario-two/py_env/lib/python3.9/site-packages/airflow/example_dags/example_latest_only_with_trigger.py
[2024-05-02T00:22:59.906-0500] {processor.py:830} INFO - Processing file /Users/nestoralfaro/Desktop/pbi-scenario-two/py_env/lib/python3.9/site-packages/airflow/example_dags/example_latest_only_with_trigger.py for tasks to queue
[2024-05-02T00:22:59.906-0500] {logging_mixin.py:188} INFO - [2024-05-02T00:22:59.906-0500] {dagbag.py:540} INFO - Filling up the DagBag from /Users/nestoralfaro/Desktop/pbi-scenario-two/py_env/lib/python3.9/site-packages/airflow/example_dags/example_latest_only_with_trigger.py
[2024-05-02T00:22:59.910-0500] {processor.py:840} INFO - DAG(s) 'latest_only_with_trigger' retrieved from /Users/nestoralfaro/Desktop/pbi-scenario-two/py_env/lib/python3.9/site-packages/airflow/example_dags/example_latest_only_with_trigger.py
[2024-05-02T00:22:59.953-0500] {logging_mixin.py:188} INFO - [2024-05-02T00:22:59.952-0500] {dag.py:3096} INFO - Sync 1 DAGs
[2024-05-02T00:22:59.962-0500] {logging_mixin.py:188} INFO - [2024-05-02T00:22:59.962-0500] {dag.py:3954} INFO - Setting next_dagrun for latest_only_with_trigger to 2024-05-02 00:00:00+00:00, run_after=2024-05-02 04:00:00+00:00
[2024-05-02T00:22:59.969-0500] {processor.py:183} INFO - Processing /Users/nestoralfaro/Desktop/pbi-scenario-two/py_env/lib/python3.9/site-packages/airflow/example_dags/example_latest_only_with_trigger.py took 0.066 seconds
