[2024-05-01T23:30:29.221-0500] {processor.py:161} INFO - Started process (PID=34750) to work on /Users/nestoralfaro/Desktop/pbi-scenario-two/py_env/lib/python3.9/site-packages/airflow/example_dags/example_task_group.py
[2024-05-01T23:30:29.222-0500] {processor.py:830} INFO - Processing file /Users/nestoralfaro/Desktop/pbi-scenario-two/py_env/lib/python3.9/site-packages/airflow/example_dags/example_task_group.py for tasks to queue
[2024-05-01T23:30:29.222-0500] {logging_mixin.py:188} INFO - [2024-05-01T23:30:29.222-0500] {dagbag.py:540} INFO - Filling up the DagBag from /Users/nestoralfaro/Desktop/pbi-scenario-two/py_env/lib/python3.9/site-packages/airflow/example_dags/example_task_group.py
[2024-05-01T23:30:29.227-0500] {processor.py:840} INFO - DAG(s) 'example_task_group' retrieved from /Users/nestoralfaro/Desktop/pbi-scenario-two/py_env/lib/python3.9/site-packages/airflow/example_dags/example_task_group.py
[2024-05-01T23:30:29.323-0500] {logging_mixin.py:188} INFO - [2024-05-01T23:30:29.323-0500] {dag.py:3096} INFO - Sync 1 DAGs
[2024-05-01T23:30:29.331-0500] {logging_mixin.py:188} INFO - [2024-05-01T23:30:29.331-0500] {dag.py:3954} INFO - Setting next_dagrun for example_task_group to 2024-05-01 00:00:00+00:00, run_after=2024-05-02 00:00:00+00:00
[2024-05-01T23:30:29.339-0500] {processor.py:183} INFO - Processing /Users/nestoralfaro/Desktop/pbi-scenario-two/py_env/lib/python3.9/site-packages/airflow/example_dags/example_task_group.py took 0.119 seconds
[2024-05-01T23:31:56.991-0500] {processor.py:161} INFO - Started process (PID=34805) to work on /Users/nestoralfaro/Desktop/pbi-scenario-two/py_env/lib/python3.9/site-packages/airflow/example_dags/example_task_group.py
[2024-05-01T23:31:56.992-0500] {processor.py:830} INFO - Processing file /Users/nestoralfaro/Desktop/pbi-scenario-two/py_env/lib/python3.9/site-packages/airflow/example_dags/example_task_group.py for tasks to queue
[2024-05-01T23:31:56.992-0500] {logging_mixin.py:188} INFO - [2024-05-01T23:31:56.992-0500] {dagbag.py:540} INFO - Filling up the DagBag from /Users/nestoralfaro/Desktop/pbi-scenario-two/py_env/lib/python3.9/site-packages/airflow/example_dags/example_task_group.py
[2024-05-01T23:31:56.996-0500] {processor.py:840} INFO - DAG(s) 'example_task_group' retrieved from /Users/nestoralfaro/Desktop/pbi-scenario-two/py_env/lib/python3.9/site-packages/airflow/example_dags/example_task_group.py
[2024-05-01T23:31:57.039-0500] {logging_mixin.py:188} INFO - [2024-05-01T23:31:57.038-0500] {dag.py:3096} INFO - Sync 1 DAGs
[2024-05-01T23:31:57.046-0500] {logging_mixin.py:188} INFO - [2024-05-01T23:31:57.046-0500] {dag.py:3954} INFO - Setting next_dagrun for example_task_group to 2024-05-01 00:00:00+00:00, run_after=2024-05-02 00:00:00+00:00
[2024-05-01T23:31:57.054-0500] {processor.py:183} INFO - Processing /Users/nestoralfaro/Desktop/pbi-scenario-two/py_env/lib/python3.9/site-packages/airflow/example_dags/example_task_group.py took 0.065 seconds
[2024-05-01T23:33:02.176-0500] {processor.py:161} INFO - Started process (PID=34865) to work on /Users/nestoralfaro/Desktop/pbi-scenario-two/py_env/lib/python3.9/site-packages/airflow/example_dags/example_task_group.py
[2024-05-01T23:33:02.178-0500] {processor.py:830} INFO - Processing file /Users/nestoralfaro/Desktop/pbi-scenario-two/py_env/lib/python3.9/site-packages/airflow/example_dags/example_task_group.py for tasks to queue
[2024-05-01T23:33:02.178-0500] {logging_mixin.py:188} INFO - [2024-05-01T23:33:02.178-0500] {dagbag.py:540} INFO - Filling up the DagBag from /Users/nestoralfaro/Desktop/pbi-scenario-two/py_env/lib/python3.9/site-packages/airflow/example_dags/example_task_group.py
[2024-05-01T23:33:02.183-0500] {processor.py:840} INFO - DAG(s) 'example_task_group' retrieved from /Users/nestoralfaro/Desktop/pbi-scenario-two/py_env/lib/python3.9/site-packages/airflow/example_dags/example_task_group.py
[2024-05-01T23:33:02.227-0500] {logging_mixin.py:188} INFO - [2024-05-01T23:33:02.227-0500] {dag.py:3096} INFO - Sync 1 DAGs
[2024-05-01T23:33:02.236-0500] {logging_mixin.py:188} INFO - [2024-05-01T23:33:02.235-0500] {dag.py:3954} INFO - Setting next_dagrun for example_task_group to 2024-05-01 00:00:00+00:00, run_after=2024-05-02 00:00:00+00:00
[2024-05-01T23:33:02.243-0500] {processor.py:183} INFO - Processing /Users/nestoralfaro/Desktop/pbi-scenario-two/py_env/lib/python3.9/site-packages/airflow/example_dags/example_task_group.py took 0.069 seconds
[2024-05-01T23:34:05.487-0500] {processor.py:161} INFO - Started process (PID=34911) to work on /Users/nestoralfaro/Desktop/pbi-scenario-two/py_env/lib/python3.9/site-packages/airflow/example_dags/example_task_group.py
[2024-05-01T23:34:05.489-0500] {processor.py:830} INFO - Processing file /Users/nestoralfaro/Desktop/pbi-scenario-two/py_env/lib/python3.9/site-packages/airflow/example_dags/example_task_group.py for tasks to queue
[2024-05-01T23:34:05.489-0500] {logging_mixin.py:188} INFO - [2024-05-01T23:34:05.489-0500] {dagbag.py:540} INFO - Filling up the DagBag from /Users/nestoralfaro/Desktop/pbi-scenario-two/py_env/lib/python3.9/site-packages/airflow/example_dags/example_task_group.py
[2024-05-01T23:34:05.493-0500] {processor.py:840} INFO - DAG(s) 'example_task_group' retrieved from /Users/nestoralfaro/Desktop/pbi-scenario-two/py_env/lib/python3.9/site-packages/airflow/example_dags/example_task_group.py
[2024-05-01T23:34:05.538-0500] {logging_mixin.py:188} INFO - [2024-05-01T23:34:05.538-0500] {dag.py:3096} INFO - Sync 1 DAGs
[2024-05-01T23:34:05.546-0500] {logging_mixin.py:188} INFO - [2024-05-01T23:34:05.546-0500] {dag.py:3954} INFO - Setting next_dagrun for example_task_group to 2024-05-01 00:00:00+00:00, run_after=2024-05-02 00:00:00+00:00
[2024-05-01T23:34:05.555-0500] {processor.py:183} INFO - Processing /Users/nestoralfaro/Desktop/pbi-scenario-two/py_env/lib/python3.9/site-packages/airflow/example_dags/example_task_group.py took 0.069 seconds
[2024-05-01T23:36:00.796-0500] {processor.py:161} INFO - Started process (PID=34981) to work on /Users/nestoralfaro/Desktop/pbi-scenario-two/py_env/lib/python3.9/site-packages/airflow/example_dags/example_task_group.py
[2024-05-01T23:36:00.797-0500] {processor.py:830} INFO - Processing file /Users/nestoralfaro/Desktop/pbi-scenario-two/py_env/lib/python3.9/site-packages/airflow/example_dags/example_task_group.py for tasks to queue
[2024-05-01T23:36:00.797-0500] {logging_mixin.py:188} INFO - [2024-05-01T23:36:00.797-0500] {dagbag.py:540} INFO - Filling up the DagBag from /Users/nestoralfaro/Desktop/pbi-scenario-two/py_env/lib/python3.9/site-packages/airflow/example_dags/example_task_group.py
[2024-05-01T23:36:00.802-0500] {processor.py:840} INFO - DAG(s) 'example_task_group' retrieved from /Users/nestoralfaro/Desktop/pbi-scenario-two/py_env/lib/python3.9/site-packages/airflow/example_dags/example_task_group.py
[2024-05-01T23:36:00.847-0500] {logging_mixin.py:188} INFO - [2024-05-01T23:36:00.847-0500] {dag.py:3096} INFO - Sync 1 DAGs
[2024-05-01T23:36:00.856-0500] {logging_mixin.py:188} INFO - [2024-05-01T23:36:00.856-0500] {dag.py:3954} INFO - Setting next_dagrun for example_task_group to 2024-05-01 00:00:00+00:00, run_after=2024-05-02 00:00:00+00:00
[2024-05-01T23:36:00.864-0500] {processor.py:183} INFO - Processing /Users/nestoralfaro/Desktop/pbi-scenario-two/py_env/lib/python3.9/site-packages/airflow/example_dags/example_task_group.py took 0.070 seconds
[2024-05-01T23:37:54.224-0500] {processor.py:161} INFO - Started process (PID=35051) to work on /Users/nestoralfaro/Desktop/pbi-scenario-two/py_env/lib/python3.9/site-packages/airflow/example_dags/example_task_group.py
[2024-05-01T23:37:54.227-0500] {processor.py:830} INFO - Processing file /Users/nestoralfaro/Desktop/pbi-scenario-two/py_env/lib/python3.9/site-packages/airflow/example_dags/example_task_group.py for tasks to queue
[2024-05-01T23:37:54.227-0500] {logging_mixin.py:188} INFO - [2024-05-01T23:37:54.227-0500] {dagbag.py:540} INFO - Filling up the DagBag from /Users/nestoralfaro/Desktop/pbi-scenario-two/py_env/lib/python3.9/site-packages/airflow/example_dags/example_task_group.py
[2024-05-01T23:37:54.231-0500] {processor.py:840} INFO - DAG(s) 'example_task_group' retrieved from /Users/nestoralfaro/Desktop/pbi-scenario-two/py_env/lib/python3.9/site-packages/airflow/example_dags/example_task_group.py
[2024-05-01T23:37:54.275-0500] {logging_mixin.py:188} INFO - [2024-05-01T23:37:54.275-0500] {dag.py:3096} INFO - Sync 1 DAGs
[2024-05-01T23:37:54.283-0500] {logging_mixin.py:188} INFO - [2024-05-01T23:37:54.283-0500] {dag.py:3954} INFO - Setting next_dagrun for example_task_group to 2024-05-01 00:00:00+00:00, run_after=2024-05-02 00:00:00+00:00
[2024-05-01T23:37:54.291-0500] {processor.py:183} INFO - Processing /Users/nestoralfaro/Desktop/pbi-scenario-two/py_env/lib/python3.9/site-packages/airflow/example_dags/example_task_group.py took 0.068 seconds
[2024-05-01T23:39:47.527-0500] {processor.py:161} INFO - Started process (PID=35122) to work on /Users/nestoralfaro/Desktop/pbi-scenario-two/py_env/lib/python3.9/site-packages/airflow/example_dags/example_task_group.py
[2024-05-01T23:39:47.530-0500] {processor.py:830} INFO - Processing file /Users/nestoralfaro/Desktop/pbi-scenario-two/py_env/lib/python3.9/site-packages/airflow/example_dags/example_task_group.py for tasks to queue
[2024-05-01T23:39:47.530-0500] {logging_mixin.py:188} INFO - [2024-05-01T23:39:47.530-0500] {dagbag.py:540} INFO - Filling up the DagBag from /Users/nestoralfaro/Desktop/pbi-scenario-two/py_env/lib/python3.9/site-packages/airflow/example_dags/example_task_group.py
[2024-05-01T23:39:47.534-0500] {processor.py:840} INFO - DAG(s) 'example_task_group' retrieved from /Users/nestoralfaro/Desktop/pbi-scenario-two/py_env/lib/python3.9/site-packages/airflow/example_dags/example_task_group.py
[2024-05-01T23:39:47.577-0500] {logging_mixin.py:188} INFO - [2024-05-01T23:39:47.577-0500] {dag.py:3096} INFO - Sync 1 DAGs
[2024-05-01T23:39:47.585-0500] {logging_mixin.py:188} INFO - [2024-05-01T23:39:47.585-0500] {dag.py:3954} INFO - Setting next_dagrun for example_task_group to 2024-05-01 00:00:00+00:00, run_after=2024-05-02 00:00:00+00:00
[2024-05-01T23:39:47.594-0500] {processor.py:183} INFO - Processing /Users/nestoralfaro/Desktop/pbi-scenario-two/py_env/lib/python3.9/site-packages/airflow/example_dags/example_task_group.py took 0.068 seconds
[2024-05-01T23:41:40.292-0500] {processor.py:161} INFO - Started process (PID=35212) to work on /Users/nestoralfaro/Desktop/pbi-scenario-two/py_env/lib/python3.9/site-packages/airflow/example_dags/example_task_group.py
[2024-05-01T23:41:40.294-0500] {processor.py:830} INFO - Processing file /Users/nestoralfaro/Desktop/pbi-scenario-two/py_env/lib/python3.9/site-packages/airflow/example_dags/example_task_group.py for tasks to queue
[2024-05-01T23:41:40.294-0500] {logging_mixin.py:188} INFO - [2024-05-01T23:41:40.294-0500] {dagbag.py:540} INFO - Filling up the DagBag from /Users/nestoralfaro/Desktop/pbi-scenario-two/py_env/lib/python3.9/site-packages/airflow/example_dags/example_task_group.py
[2024-05-01T23:41:40.298-0500] {processor.py:840} INFO - DAG(s) 'example_task_group' retrieved from /Users/nestoralfaro/Desktop/pbi-scenario-two/py_env/lib/python3.9/site-packages/airflow/example_dags/example_task_group.py
[2024-05-01T23:41:40.344-0500] {logging_mixin.py:188} INFO - [2024-05-01T23:41:40.343-0500] {dag.py:3096} INFO - Sync 1 DAGs
[2024-05-01T23:41:40.352-0500] {logging_mixin.py:188} INFO - [2024-05-01T23:41:40.352-0500] {dag.py:3954} INFO - Setting next_dagrun for example_task_group to 2024-05-01 00:00:00+00:00, run_after=2024-05-02 00:00:00+00:00
[2024-05-01T23:41:40.360-0500] {processor.py:183} INFO - Processing /Users/nestoralfaro/Desktop/pbi-scenario-two/py_env/lib/python3.9/site-packages/airflow/example_dags/example_task_group.py took 0.069 seconds
[2024-05-01T23:42:15.056-0500] {processor.py:161} INFO - Started process (PID=35261) to work on /Users/nestoralfaro/Desktop/pbi-scenario-two/py_env/lib/python3.9/site-packages/airflow/example_dags/example_task_group.py
[2024-05-01T23:42:15.058-0500] {processor.py:830} INFO - Processing file /Users/nestoralfaro/Desktop/pbi-scenario-two/py_env/lib/python3.9/site-packages/airflow/example_dags/example_task_group.py for tasks to queue
[2024-05-01T23:42:15.058-0500] {logging_mixin.py:188} INFO - [2024-05-01T23:42:15.058-0500] {dagbag.py:540} INFO - Filling up the DagBag from /Users/nestoralfaro/Desktop/pbi-scenario-two/py_env/lib/python3.9/site-packages/airflow/example_dags/example_task_group.py
[2024-05-01T23:42:15.063-0500] {processor.py:840} INFO - DAG(s) 'example_task_group' retrieved from /Users/nestoralfaro/Desktop/pbi-scenario-two/py_env/lib/python3.9/site-packages/airflow/example_dags/example_task_group.py
[2024-05-01T23:42:15.106-0500] {logging_mixin.py:188} INFO - [2024-05-01T23:42:15.106-0500] {dag.py:3096} INFO - Sync 1 DAGs
[2024-05-01T23:42:15.114-0500] {logging_mixin.py:188} INFO - [2024-05-01T23:42:15.114-0500] {dag.py:3954} INFO - Setting next_dagrun for example_task_group to 2024-05-01 00:00:00+00:00, run_after=2024-05-02 00:00:00+00:00
[2024-05-01T23:42:15.122-0500] {processor.py:183} INFO - Processing /Users/nestoralfaro/Desktop/pbi-scenario-two/py_env/lib/python3.9/site-packages/airflow/example_dags/example_task_group.py took 0.067 seconds
[2024-05-01T23:43:44.933-0500] {processor.py:161} INFO - Started process (PID=35314) to work on /Users/nestoralfaro/Desktop/pbi-scenario-two/py_env/lib/python3.9/site-packages/airflow/example_dags/example_task_group.py
[2024-05-01T23:43:44.935-0500] {processor.py:830} INFO - Processing file /Users/nestoralfaro/Desktop/pbi-scenario-two/py_env/lib/python3.9/site-packages/airflow/example_dags/example_task_group.py for tasks to queue
[2024-05-01T23:43:44.936-0500] {logging_mixin.py:188} INFO - [2024-05-01T23:43:44.935-0500] {dagbag.py:540} INFO - Filling up the DagBag from /Users/nestoralfaro/Desktop/pbi-scenario-two/py_env/lib/python3.9/site-packages/airflow/example_dags/example_task_group.py
[2024-05-01T23:43:44.939-0500] {processor.py:840} INFO - DAG(s) 'example_task_group' retrieved from /Users/nestoralfaro/Desktop/pbi-scenario-two/py_env/lib/python3.9/site-packages/airflow/example_dags/example_task_group.py
[2024-05-01T23:43:44.980-0500] {logging_mixin.py:188} INFO - [2024-05-01T23:43:44.980-0500] {dag.py:3096} INFO - Sync 1 DAGs
[2024-05-01T23:43:44.988-0500] {logging_mixin.py:188} INFO - [2024-05-01T23:43:44.988-0500] {dag.py:3954} INFO - Setting next_dagrun for example_task_group to 2024-05-01 00:00:00+00:00, run_after=2024-05-02 00:00:00+00:00
[2024-05-01T23:43:44.995-0500] {processor.py:183} INFO - Processing /Users/nestoralfaro/Desktop/pbi-scenario-two/py_env/lib/python3.9/site-packages/airflow/example_dags/example_task_group.py took 0.063 seconds
[2024-05-01T23:44:43.239-0500] {processor.py:161} INFO - Started process (PID=35361) to work on /Users/nestoralfaro/Desktop/pbi-scenario-two/py_env/lib/python3.9/site-packages/airflow/example_dags/example_task_group.py
[2024-05-01T23:44:43.242-0500] {processor.py:830} INFO - Processing file /Users/nestoralfaro/Desktop/pbi-scenario-two/py_env/lib/python3.9/site-packages/airflow/example_dags/example_task_group.py for tasks to queue
[2024-05-01T23:44:43.242-0500] {logging_mixin.py:188} INFO - [2024-05-01T23:44:43.242-0500] {dagbag.py:540} INFO - Filling up the DagBag from /Users/nestoralfaro/Desktop/pbi-scenario-two/py_env/lib/python3.9/site-packages/airflow/example_dags/example_task_group.py
[2024-05-01T23:44:43.246-0500] {processor.py:840} INFO - DAG(s) 'example_task_group' retrieved from /Users/nestoralfaro/Desktop/pbi-scenario-two/py_env/lib/python3.9/site-packages/airflow/example_dags/example_task_group.py
[2024-05-01T23:44:43.286-0500] {logging_mixin.py:188} INFO - [2024-05-01T23:44:43.286-0500] {dag.py:3096} INFO - Sync 1 DAGs
[2024-05-01T23:44:43.294-0500] {logging_mixin.py:188} INFO - [2024-05-01T23:44:43.294-0500] {dag.py:3954} INFO - Setting next_dagrun for example_task_group to 2024-05-01 00:00:00+00:00, run_after=2024-05-02 00:00:00+00:00
[2024-05-01T23:44:43.301-0500] {processor.py:183} INFO - Processing /Users/nestoralfaro/Desktop/pbi-scenario-two/py_env/lib/python3.9/site-packages/airflow/example_dags/example_task_group.py took 0.063 seconds
[2024-05-01T23:45:42.110-0500] {processor.py:161} INFO - Started process (PID=35398) to work on /Users/nestoralfaro/Desktop/pbi-scenario-two/py_env/lib/python3.9/site-packages/airflow/example_dags/example_task_group.py
[2024-05-01T23:45:42.112-0500] {processor.py:830} INFO - Processing file /Users/nestoralfaro/Desktop/pbi-scenario-two/py_env/lib/python3.9/site-packages/airflow/example_dags/example_task_group.py for tasks to queue
[2024-05-01T23:45:42.112-0500] {logging_mixin.py:188} INFO - [2024-05-01T23:45:42.112-0500] {dagbag.py:540} INFO - Filling up the DagBag from /Users/nestoralfaro/Desktop/pbi-scenario-two/py_env/lib/python3.9/site-packages/airflow/example_dags/example_task_group.py
[2024-05-01T23:45:42.117-0500] {processor.py:840} INFO - DAG(s) 'example_task_group' retrieved from /Users/nestoralfaro/Desktop/pbi-scenario-two/py_env/lib/python3.9/site-packages/airflow/example_dags/example_task_group.py
[2024-05-01T23:45:42.162-0500] {logging_mixin.py:188} INFO - [2024-05-01T23:45:42.162-0500] {dag.py:3096} INFO - Sync 1 DAGs
[2024-05-01T23:45:42.171-0500] {logging_mixin.py:188} INFO - [2024-05-01T23:45:42.171-0500] {dag.py:3954} INFO - Setting next_dagrun for example_task_group to 2024-05-01 00:00:00+00:00, run_after=2024-05-02 00:00:00+00:00
[2024-05-01T23:45:42.180-0500] {processor.py:183} INFO - Processing /Users/nestoralfaro/Desktop/pbi-scenario-two/py_env/lib/python3.9/site-packages/airflow/example_dags/example_task_group.py took 0.071 seconds
[2024-05-01T23:47:32.770-0500] {processor.py:161} INFO - Started process (PID=35475) to work on /Users/nestoralfaro/Desktop/pbi-scenario-two/py_env/lib/python3.9/site-packages/airflow/example_dags/example_task_group.py
[2024-05-01T23:47:32.771-0500] {processor.py:830} INFO - Processing file /Users/nestoralfaro/Desktop/pbi-scenario-two/py_env/lib/python3.9/site-packages/airflow/example_dags/example_task_group.py for tasks to queue
[2024-05-01T23:47:32.772-0500] {logging_mixin.py:188} INFO - [2024-05-01T23:47:32.771-0500] {dagbag.py:540} INFO - Filling up the DagBag from /Users/nestoralfaro/Desktop/pbi-scenario-two/py_env/lib/python3.9/site-packages/airflow/example_dags/example_task_group.py
[2024-05-01T23:47:32.776-0500] {processor.py:840} INFO - DAG(s) 'example_task_group' retrieved from /Users/nestoralfaro/Desktop/pbi-scenario-two/py_env/lib/python3.9/site-packages/airflow/example_dags/example_task_group.py
[2024-05-01T23:47:32.820-0500] {logging_mixin.py:188} INFO - [2024-05-01T23:47:32.819-0500] {dag.py:3096} INFO - Sync 1 DAGs
[2024-05-01T23:47:32.828-0500] {logging_mixin.py:188} INFO - [2024-05-01T23:47:32.828-0500] {dag.py:3954} INFO - Setting next_dagrun for example_task_group to 2024-05-01 00:00:00+00:00, run_after=2024-05-02 00:00:00+00:00
[2024-05-01T23:47:32.835-0500] {processor.py:183} INFO - Processing /Users/nestoralfaro/Desktop/pbi-scenario-two/py_env/lib/python3.9/site-packages/airflow/example_dags/example_task_group.py took 0.066 seconds
[2024-05-01T23:49:25.925-0500] {processor.py:161} INFO - Started process (PID=35555) to work on /Users/nestoralfaro/Desktop/pbi-scenario-two/py_env/lib/python3.9/site-packages/airflow/example_dags/example_task_group.py
[2024-05-01T23:49:25.926-0500] {processor.py:830} INFO - Processing file /Users/nestoralfaro/Desktop/pbi-scenario-two/py_env/lib/python3.9/site-packages/airflow/example_dags/example_task_group.py for tasks to queue
[2024-05-01T23:49:25.926-0500] {logging_mixin.py:188} INFO - [2024-05-01T23:49:25.926-0500] {dagbag.py:540} INFO - Filling up the DagBag from /Users/nestoralfaro/Desktop/pbi-scenario-two/py_env/lib/python3.9/site-packages/airflow/example_dags/example_task_group.py
[2024-05-01T23:49:25.930-0500] {processor.py:840} INFO - DAG(s) 'example_task_group' retrieved from /Users/nestoralfaro/Desktop/pbi-scenario-two/py_env/lib/python3.9/site-packages/airflow/example_dags/example_task_group.py
[2024-05-01T23:49:25.976-0500] {logging_mixin.py:188} INFO - [2024-05-01T23:49:25.976-0500] {dag.py:3096} INFO - Sync 1 DAGs
[2024-05-01T23:49:25.984-0500] {logging_mixin.py:188} INFO - [2024-05-01T23:49:25.984-0500] {dag.py:3954} INFO - Setting next_dagrun for example_task_group to 2024-05-01 00:00:00+00:00, run_after=2024-05-02 00:00:00+00:00
[2024-05-01T23:49:25.991-0500] {processor.py:183} INFO - Processing /Users/nestoralfaro/Desktop/pbi-scenario-two/py_env/lib/python3.9/site-packages/airflow/example_dags/example_task_group.py took 0.068 seconds
[2024-05-01T23:50:25.285-0500] {processor.py:161} INFO - Started process (PID=35590) to work on /Users/nestoralfaro/Desktop/pbi-scenario-two/py_env/lib/python3.9/site-packages/airflow/example_dags/example_task_group.py
[2024-05-01T23:50:25.287-0500] {processor.py:830} INFO - Processing file /Users/nestoralfaro/Desktop/pbi-scenario-two/py_env/lib/python3.9/site-packages/airflow/example_dags/example_task_group.py for tasks to queue
[2024-05-01T23:50:25.287-0500] {logging_mixin.py:188} INFO - [2024-05-01T23:50:25.287-0500] {dagbag.py:540} INFO - Filling up the DagBag from /Users/nestoralfaro/Desktop/pbi-scenario-two/py_env/lib/python3.9/site-packages/airflow/example_dags/example_task_group.py
[2024-05-01T23:50:25.291-0500] {processor.py:840} INFO - DAG(s) 'example_task_group' retrieved from /Users/nestoralfaro/Desktop/pbi-scenario-two/py_env/lib/python3.9/site-packages/airflow/example_dags/example_task_group.py
[2024-05-01T23:50:25.335-0500] {logging_mixin.py:188} INFO - [2024-05-01T23:50:25.334-0500] {dag.py:3096} INFO - Sync 1 DAGs
[2024-05-01T23:50:25.342-0500] {logging_mixin.py:188} INFO - [2024-05-01T23:50:25.342-0500] {dag.py:3954} INFO - Setting next_dagrun for example_task_group to 2024-05-01 00:00:00+00:00, run_after=2024-05-02 00:00:00+00:00
[2024-05-01T23:50:25.349-0500] {processor.py:183} INFO - Processing /Users/nestoralfaro/Desktop/pbi-scenario-two/py_env/lib/python3.9/site-packages/airflow/example_dags/example_task_group.py took 0.065 seconds
[2024-05-01T23:52:18.104-0500] {processor.py:161} INFO - Started process (PID=35676) to work on /Users/nestoralfaro/Desktop/pbi-scenario-two/py_env/lib/python3.9/site-packages/airflow/example_dags/example_task_group.py
[2024-05-01T23:52:18.106-0500] {processor.py:830} INFO - Processing file /Users/nestoralfaro/Desktop/pbi-scenario-two/py_env/lib/python3.9/site-packages/airflow/example_dags/example_task_group.py for tasks to queue
[2024-05-01T23:52:18.106-0500] {logging_mixin.py:188} INFO - [2024-05-01T23:52:18.106-0500] {dagbag.py:540} INFO - Filling up the DagBag from /Users/nestoralfaro/Desktop/pbi-scenario-two/py_env/lib/python3.9/site-packages/airflow/example_dags/example_task_group.py
[2024-05-01T23:52:18.110-0500] {processor.py:840} INFO - DAG(s) 'example_task_group' retrieved from /Users/nestoralfaro/Desktop/pbi-scenario-two/py_env/lib/python3.9/site-packages/airflow/example_dags/example_task_group.py
[2024-05-01T23:52:18.154-0500] {logging_mixin.py:188} INFO - [2024-05-01T23:52:18.154-0500] {dag.py:3096} INFO - Sync 1 DAGs
[2024-05-01T23:52:18.162-0500] {logging_mixin.py:188} INFO - [2024-05-01T23:52:18.161-0500] {dag.py:3954} INFO - Setting next_dagrun for example_task_group to 2024-05-01 00:00:00+00:00, run_after=2024-05-02 00:00:00+00:00
[2024-05-01T23:52:18.169-0500] {processor.py:183} INFO - Processing /Users/nestoralfaro/Desktop/pbi-scenario-two/py_env/lib/python3.9/site-packages/airflow/example_dags/example_task_group.py took 0.066 seconds
[2024-05-01T23:53:17.892-0500] {processor.py:161} INFO - Started process (PID=35710) to work on /Users/nestoralfaro/Desktop/pbi-scenario-two/py_env/lib/python3.9/site-packages/airflow/example_dags/example_task_group.py
[2024-05-01T23:53:17.894-0500] {processor.py:830} INFO - Processing file /Users/nestoralfaro/Desktop/pbi-scenario-two/py_env/lib/python3.9/site-packages/airflow/example_dags/example_task_group.py for tasks to queue
[2024-05-01T23:53:17.894-0500] {logging_mixin.py:188} INFO - [2024-05-01T23:53:17.894-0500] {dagbag.py:540} INFO - Filling up the DagBag from /Users/nestoralfaro/Desktop/pbi-scenario-two/py_env/lib/python3.9/site-packages/airflow/example_dags/example_task_group.py
[2024-05-01T23:53:17.897-0500] {processor.py:840} INFO - DAG(s) 'example_task_group' retrieved from /Users/nestoralfaro/Desktop/pbi-scenario-two/py_env/lib/python3.9/site-packages/airflow/example_dags/example_task_group.py
[2024-05-01T23:53:17.940-0500] {logging_mixin.py:188} INFO - [2024-05-01T23:53:17.940-0500] {dag.py:3096} INFO - Sync 1 DAGs
[2024-05-01T23:53:17.948-0500] {logging_mixin.py:188} INFO - [2024-05-01T23:53:17.948-0500] {dag.py:3954} INFO - Setting next_dagrun for example_task_group to 2024-05-01 00:00:00+00:00, run_after=2024-05-02 00:00:00+00:00
[2024-05-01T23:53:17.956-0500] {processor.py:183} INFO - Processing /Users/nestoralfaro/Desktop/pbi-scenario-two/py_env/lib/python3.9/site-packages/airflow/example_dags/example_task_group.py took 0.064 seconds
[2024-05-01T23:54:16.162-0500] {processor.py:161} INFO - Started process (PID=35744) to work on /Users/nestoralfaro/Desktop/pbi-scenario-two/py_env/lib/python3.9/site-packages/airflow/example_dags/example_task_group.py
[2024-05-01T23:54:16.164-0500] {processor.py:830} INFO - Processing file /Users/nestoralfaro/Desktop/pbi-scenario-two/py_env/lib/python3.9/site-packages/airflow/example_dags/example_task_group.py for tasks to queue
[2024-05-01T23:54:16.164-0500] {logging_mixin.py:188} INFO - [2024-05-01T23:54:16.164-0500] {dagbag.py:540} INFO - Filling up the DagBag from /Users/nestoralfaro/Desktop/pbi-scenario-two/py_env/lib/python3.9/site-packages/airflow/example_dags/example_task_group.py
[2024-05-01T23:54:16.169-0500] {processor.py:840} INFO - DAG(s) 'example_task_group' retrieved from /Users/nestoralfaro/Desktop/pbi-scenario-two/py_env/lib/python3.9/site-packages/airflow/example_dags/example_task_group.py
[2024-05-01T23:54:16.217-0500] {logging_mixin.py:188} INFO - [2024-05-01T23:54:16.217-0500] {dag.py:3096} INFO - Sync 1 DAGs
[2024-05-01T23:54:16.225-0500] {logging_mixin.py:188} INFO - [2024-05-01T23:54:16.225-0500] {dag.py:3954} INFO - Setting next_dagrun for example_task_group to 2024-05-01 00:00:00+00:00, run_after=2024-05-02 00:00:00+00:00
[2024-05-01T23:54:16.234-0500] {processor.py:183} INFO - Processing /Users/nestoralfaro/Desktop/pbi-scenario-two/py_env/lib/python3.9/site-packages/airflow/example_dags/example_task_group.py took 0.074 seconds
[2024-05-01T23:55:12.947-0500] {processor.py:161} INFO - Started process (PID=35779) to work on /Users/nestoralfaro/Desktop/pbi-scenario-two/py_env/lib/python3.9/site-packages/airflow/example_dags/example_task_group.py
[2024-05-01T23:55:12.948-0500] {processor.py:830} INFO - Processing file /Users/nestoralfaro/Desktop/pbi-scenario-two/py_env/lib/python3.9/site-packages/airflow/example_dags/example_task_group.py for tasks to queue
[2024-05-01T23:55:12.948-0500] {logging_mixin.py:188} INFO - [2024-05-01T23:55:12.948-0500] {dagbag.py:540} INFO - Filling up the DagBag from /Users/nestoralfaro/Desktop/pbi-scenario-two/py_env/lib/python3.9/site-packages/airflow/example_dags/example_task_group.py
[2024-05-01T23:55:12.952-0500] {processor.py:840} INFO - DAG(s) 'example_task_group' retrieved from /Users/nestoralfaro/Desktop/pbi-scenario-two/py_env/lib/python3.9/site-packages/airflow/example_dags/example_task_group.py
[2024-05-01T23:55:12.993-0500] {logging_mixin.py:188} INFO - [2024-05-01T23:55:12.993-0500] {dag.py:3096} INFO - Sync 1 DAGs
[2024-05-01T23:55:13.001-0500] {logging_mixin.py:188} INFO - [2024-05-01T23:55:13.001-0500] {dag.py:3954} INFO - Setting next_dagrun for example_task_group to 2024-05-01 00:00:00+00:00, run_after=2024-05-02 00:00:00+00:00
[2024-05-01T23:55:13.008-0500] {processor.py:183} INFO - Processing /Users/nestoralfaro/Desktop/pbi-scenario-two/py_env/lib/python3.9/site-packages/airflow/example_dags/example_task_group.py took 0.063 seconds
[2024-05-01T23:57:02.730-0500] {processor.py:161} INFO - Started process (PID=35847) to work on /Users/nestoralfaro/Desktop/pbi-scenario-two/py_env/lib/python3.9/site-packages/airflow/example_dags/example_task_group.py
[2024-05-01T23:57:02.731-0500] {processor.py:830} INFO - Processing file /Users/nestoralfaro/Desktop/pbi-scenario-two/py_env/lib/python3.9/site-packages/airflow/example_dags/example_task_group.py for tasks to queue
[2024-05-01T23:57:02.731-0500] {logging_mixin.py:188} INFO - [2024-05-01T23:57:02.731-0500] {dagbag.py:540} INFO - Filling up the DagBag from /Users/nestoralfaro/Desktop/pbi-scenario-two/py_env/lib/python3.9/site-packages/airflow/example_dags/example_task_group.py
[2024-05-01T23:57:02.735-0500] {processor.py:840} INFO - DAG(s) 'example_task_group' retrieved from /Users/nestoralfaro/Desktop/pbi-scenario-two/py_env/lib/python3.9/site-packages/airflow/example_dags/example_task_group.py
[2024-05-01T23:57:02.776-0500] {logging_mixin.py:188} INFO - [2024-05-01T23:57:02.776-0500] {dag.py:3096} INFO - Sync 1 DAGs
[2024-05-01T23:57:02.784-0500] {logging_mixin.py:188} INFO - [2024-05-01T23:57:02.784-0500] {dag.py:3954} INFO - Setting next_dagrun for example_task_group to 2024-05-01 00:00:00+00:00, run_after=2024-05-02 00:00:00+00:00
[2024-05-01T23:57:02.791-0500] {processor.py:183} INFO - Processing /Users/nestoralfaro/Desktop/pbi-scenario-two/py_env/lib/python3.9/site-packages/airflow/example_dags/example_task_group.py took 0.062 seconds
[2024-05-01T23:57:59.674-0500] {processor.py:161} INFO - Started process (PID=35882) to work on /Users/nestoralfaro/Desktop/pbi-scenario-two/py_env/lib/python3.9/site-packages/airflow/example_dags/example_task_group.py
[2024-05-01T23:57:59.675-0500] {processor.py:830} INFO - Processing file /Users/nestoralfaro/Desktop/pbi-scenario-two/py_env/lib/python3.9/site-packages/airflow/example_dags/example_task_group.py for tasks to queue
[2024-05-01T23:57:59.675-0500] {logging_mixin.py:188} INFO - [2024-05-01T23:57:59.675-0500] {dagbag.py:540} INFO - Filling up the DagBag from /Users/nestoralfaro/Desktop/pbi-scenario-two/py_env/lib/python3.9/site-packages/airflow/example_dags/example_task_group.py
[2024-05-01T23:57:59.679-0500] {processor.py:840} INFO - DAG(s) 'example_task_group' retrieved from /Users/nestoralfaro/Desktop/pbi-scenario-two/py_env/lib/python3.9/site-packages/airflow/example_dags/example_task_group.py
[2024-05-01T23:57:59.723-0500] {logging_mixin.py:188} INFO - [2024-05-01T23:57:59.722-0500] {dag.py:3096} INFO - Sync 1 DAGs
[2024-05-01T23:57:59.730-0500] {logging_mixin.py:188} INFO - [2024-05-01T23:57:59.730-0500] {dag.py:3954} INFO - Setting next_dagrun for example_task_group to 2024-05-01 00:00:00+00:00, run_after=2024-05-02 00:00:00+00:00
[2024-05-01T23:57:59.738-0500] {processor.py:183} INFO - Processing /Users/nestoralfaro/Desktop/pbi-scenario-two/py_env/lib/python3.9/site-packages/airflow/example_dags/example_task_group.py took 0.065 seconds
[2024-05-01T23:59:51.330-0500] {processor.py:161} INFO - Started process (PID=35952) to work on /Users/nestoralfaro/Desktop/pbi-scenario-two/py_env/lib/python3.9/site-packages/airflow/example_dags/example_task_group.py
[2024-05-01T23:59:51.331-0500] {processor.py:830} INFO - Processing file /Users/nestoralfaro/Desktop/pbi-scenario-two/py_env/lib/python3.9/site-packages/airflow/example_dags/example_task_group.py for tasks to queue
[2024-05-01T23:59:51.331-0500] {logging_mixin.py:188} INFO - [2024-05-01T23:59:51.331-0500] {dagbag.py:540} INFO - Filling up the DagBag from /Users/nestoralfaro/Desktop/pbi-scenario-two/py_env/lib/python3.9/site-packages/airflow/example_dags/example_task_group.py
[2024-05-01T23:59:51.335-0500] {processor.py:840} INFO - DAG(s) 'example_task_group' retrieved from /Users/nestoralfaro/Desktop/pbi-scenario-two/py_env/lib/python3.9/site-packages/airflow/example_dags/example_task_group.py
[2024-05-01T23:59:51.377-0500] {logging_mixin.py:188} INFO - [2024-05-01T23:59:51.377-0500] {dag.py:3096} INFO - Sync 1 DAGs
[2024-05-01T23:59:51.385-0500] {logging_mixin.py:188} INFO - [2024-05-01T23:59:51.384-0500] {dag.py:3954} INFO - Setting next_dagrun for example_task_group to 2024-05-01 00:00:00+00:00, run_after=2024-05-02 00:00:00+00:00
[2024-05-01T23:59:51.392-0500] {processor.py:183} INFO - Processing /Users/nestoralfaro/Desktop/pbi-scenario-two/py_env/lib/python3.9/site-packages/airflow/example_dags/example_task_group.py took 0.063 seconds
[2024-05-02T00:01:44.305-0500] {processor.py:161} INFO - Started process (PID=36051) to work on /Users/nestoralfaro/Desktop/pbi-scenario-two/py_env/lib/python3.9/site-packages/airflow/example_dags/example_task_group.py
[2024-05-02T00:01:44.307-0500] {processor.py:830} INFO - Processing file /Users/nestoralfaro/Desktop/pbi-scenario-two/py_env/lib/python3.9/site-packages/airflow/example_dags/example_task_group.py for tasks to queue
[2024-05-02T00:01:44.307-0500] {logging_mixin.py:188} INFO - [2024-05-02T00:01:44.307-0500] {dagbag.py:540} INFO - Filling up the DagBag from /Users/nestoralfaro/Desktop/pbi-scenario-two/py_env/lib/python3.9/site-packages/airflow/example_dags/example_task_group.py
[2024-05-02T00:01:44.312-0500] {processor.py:840} INFO - DAG(s) 'example_task_group' retrieved from /Users/nestoralfaro/Desktop/pbi-scenario-two/py_env/lib/python3.9/site-packages/airflow/example_dags/example_task_group.py
[2024-05-02T00:01:44.356-0500] {logging_mixin.py:188} INFO - [2024-05-02T00:01:44.356-0500] {dag.py:3096} INFO - Sync 1 DAGs
[2024-05-02T00:01:44.364-0500] {logging_mixin.py:188} INFO - [2024-05-02T00:01:44.364-0500] {dag.py:3954} INFO - Setting next_dagrun for example_task_group to 2024-05-01 00:00:00+00:00, run_after=2024-05-02 00:00:00+00:00
[2024-05-02T00:01:44.373-0500] {processor.py:183} INFO - Processing /Users/nestoralfaro/Desktop/pbi-scenario-two/py_env/lib/python3.9/site-packages/airflow/example_dags/example_task_group.py took 0.069 seconds
[2024-05-02T00:02:44.024-0500] {processor.py:161} INFO - Started process (PID=36093) to work on /Users/nestoralfaro/Desktop/pbi-scenario-two/py_env/lib/python3.9/site-packages/airflow/example_dags/example_task_group.py
[2024-05-02T00:02:44.027-0500] {processor.py:830} INFO - Processing file /Users/nestoralfaro/Desktop/pbi-scenario-two/py_env/lib/python3.9/site-packages/airflow/example_dags/example_task_group.py for tasks to queue
[2024-05-02T00:02:44.027-0500] {logging_mixin.py:188} INFO - [2024-05-02T00:02:44.027-0500] {dagbag.py:540} INFO - Filling up the DagBag from /Users/nestoralfaro/Desktop/pbi-scenario-two/py_env/lib/python3.9/site-packages/airflow/example_dags/example_task_group.py
[2024-05-02T00:02:44.031-0500] {processor.py:840} INFO - DAG(s) 'example_task_group' retrieved from /Users/nestoralfaro/Desktop/pbi-scenario-two/py_env/lib/python3.9/site-packages/airflow/example_dags/example_task_group.py
[2024-05-02T00:02:44.072-0500] {logging_mixin.py:188} INFO - [2024-05-02T00:02:44.071-0500] {dag.py:3096} INFO - Sync 1 DAGs
[2024-05-02T00:02:44.079-0500] {logging_mixin.py:188} INFO - [2024-05-02T00:02:44.079-0500] {dag.py:3954} INFO - Setting next_dagrun for example_task_group to 2024-05-01 00:00:00+00:00, run_after=2024-05-02 00:00:00+00:00
[2024-05-02T00:02:44.086-0500] {processor.py:183} INFO - Processing /Users/nestoralfaro/Desktop/pbi-scenario-two/py_env/lib/python3.9/site-packages/airflow/example_dags/example_task_group.py took 0.063 seconds
[2024-05-02T00:03:43.448-0500] {processor.py:161} INFO - Started process (PID=36132) to work on /Users/nestoralfaro/Desktop/pbi-scenario-two/py_env/lib/python3.9/site-packages/airflow/example_dags/example_task_group.py
[2024-05-02T00:03:43.450-0500] {processor.py:830} INFO - Processing file /Users/nestoralfaro/Desktop/pbi-scenario-two/py_env/lib/python3.9/site-packages/airflow/example_dags/example_task_group.py for tasks to queue
[2024-05-02T00:03:43.451-0500] {logging_mixin.py:188} INFO - [2024-05-02T00:03:43.451-0500] {dagbag.py:540} INFO - Filling up the DagBag from /Users/nestoralfaro/Desktop/pbi-scenario-two/py_env/lib/python3.9/site-packages/airflow/example_dags/example_task_group.py
[2024-05-02T00:03:43.455-0500] {processor.py:840} INFO - DAG(s) 'example_task_group' retrieved from /Users/nestoralfaro/Desktop/pbi-scenario-two/py_env/lib/python3.9/site-packages/airflow/example_dags/example_task_group.py
[2024-05-02T00:03:43.498-0500] {logging_mixin.py:188} INFO - [2024-05-02T00:03:43.497-0500] {dag.py:3096} INFO - Sync 1 DAGs
[2024-05-02T00:03:43.505-0500] {logging_mixin.py:188} INFO - [2024-05-02T00:03:43.505-0500] {dag.py:3954} INFO - Setting next_dagrun for example_task_group to 2024-05-01 00:00:00+00:00, run_after=2024-05-02 00:00:00+00:00
[2024-05-02T00:03:43.512-0500] {processor.py:183} INFO - Processing /Users/nestoralfaro/Desktop/pbi-scenario-two/py_env/lib/python3.9/site-packages/airflow/example_dags/example_task_group.py took 0.065 seconds
[2024-05-02T00:05:35.550-0500] {processor.py:161} INFO - Started process (PID=36206) to work on /Users/nestoralfaro/Desktop/pbi-scenario-two/py_env/lib/python3.9/site-packages/airflow/example_dags/example_task_group.py
[2024-05-02T00:05:35.552-0500] {processor.py:830} INFO - Processing file /Users/nestoralfaro/Desktop/pbi-scenario-two/py_env/lib/python3.9/site-packages/airflow/example_dags/example_task_group.py for tasks to queue
[2024-05-02T00:05:35.552-0500] {logging_mixin.py:188} INFO - [2024-05-02T00:05:35.552-0500] {dagbag.py:540} INFO - Filling up the DagBag from /Users/nestoralfaro/Desktop/pbi-scenario-two/py_env/lib/python3.9/site-packages/airflow/example_dags/example_task_group.py
[2024-05-02T00:05:35.557-0500] {processor.py:840} INFO - DAG(s) 'example_task_group' retrieved from /Users/nestoralfaro/Desktop/pbi-scenario-two/py_env/lib/python3.9/site-packages/airflow/example_dags/example_task_group.py
[2024-05-02T00:05:35.600-0500] {logging_mixin.py:188} INFO - [2024-05-02T00:05:35.600-0500] {dag.py:3096} INFO - Sync 1 DAGs
[2024-05-02T00:05:35.609-0500] {logging_mixin.py:188} INFO - [2024-05-02T00:05:35.608-0500] {dag.py:3954} INFO - Setting next_dagrun for example_task_group to 2024-05-01 00:00:00+00:00, run_after=2024-05-02 00:00:00+00:00
[2024-05-02T00:05:35.616-0500] {processor.py:183} INFO - Processing /Users/nestoralfaro/Desktop/pbi-scenario-two/py_env/lib/python3.9/site-packages/airflow/example_dags/example_task_group.py took 0.068 seconds
[2024-05-02T00:07:24.424-0500] {processor.py:161} INFO - Started process (PID=36291) to work on /Users/nestoralfaro/Desktop/pbi-scenario-two/py_env/lib/python3.9/site-packages/airflow/example_dags/example_task_group.py
[2024-05-02T00:07:24.426-0500] {processor.py:830} INFO - Processing file /Users/nestoralfaro/Desktop/pbi-scenario-two/py_env/lib/python3.9/site-packages/airflow/example_dags/example_task_group.py for tasks to queue
[2024-05-02T00:07:24.426-0500] {logging_mixin.py:188} INFO - [2024-05-02T00:07:24.426-0500] {dagbag.py:540} INFO - Filling up the DagBag from /Users/nestoralfaro/Desktop/pbi-scenario-two/py_env/lib/python3.9/site-packages/airflow/example_dags/example_task_group.py
[2024-05-02T00:07:24.430-0500] {processor.py:840} INFO - DAG(s) 'example_task_group' retrieved from /Users/nestoralfaro/Desktop/pbi-scenario-two/py_env/lib/python3.9/site-packages/airflow/example_dags/example_task_group.py
[2024-05-02T00:07:24.471-0500] {logging_mixin.py:188} INFO - [2024-05-02T00:07:24.470-0500] {dag.py:3096} INFO - Sync 1 DAGs
[2024-05-02T00:07:24.478-0500] {logging_mixin.py:188} INFO - [2024-05-02T00:07:24.478-0500] {dag.py:3954} INFO - Setting next_dagrun for example_task_group to 2024-05-01 00:00:00+00:00, run_after=2024-05-02 00:00:00+00:00
[2024-05-02T00:07:24.485-0500] {processor.py:183} INFO - Processing /Users/nestoralfaro/Desktop/pbi-scenario-two/py_env/lib/python3.9/site-packages/airflow/example_dags/example_task_group.py took 0.063 seconds
[2024-05-02T00:09:18.475-0500] {processor.py:161} INFO - Started process (PID=36360) to work on /Users/nestoralfaro/Desktop/pbi-scenario-two/py_env/lib/python3.9/site-packages/airflow/example_dags/example_task_group.py
[2024-05-02T00:09:18.477-0500] {processor.py:830} INFO - Processing file /Users/nestoralfaro/Desktop/pbi-scenario-two/py_env/lib/python3.9/site-packages/airflow/example_dags/example_task_group.py for tasks to queue
[2024-05-02T00:09:18.477-0500] {logging_mixin.py:188} INFO - [2024-05-02T00:09:18.477-0500] {dagbag.py:540} INFO - Filling up the DagBag from /Users/nestoralfaro/Desktop/pbi-scenario-two/py_env/lib/python3.9/site-packages/airflow/example_dags/example_task_group.py
[2024-05-02T00:09:18.482-0500] {processor.py:840} INFO - DAG(s) 'example_task_group' retrieved from /Users/nestoralfaro/Desktop/pbi-scenario-two/py_env/lib/python3.9/site-packages/airflow/example_dags/example_task_group.py
[2024-05-02T00:09:18.522-0500] {logging_mixin.py:188} INFO - [2024-05-02T00:09:18.522-0500] {dag.py:3096} INFO - Sync 1 DAGs
[2024-05-02T00:09:18.530-0500] {logging_mixin.py:188} INFO - [2024-05-02T00:09:18.530-0500] {dag.py:3954} INFO - Setting next_dagrun for example_task_group to 2024-05-01 00:00:00+00:00, run_after=2024-05-02 00:00:00+00:00
[2024-05-02T00:09:18.537-0500] {processor.py:183} INFO - Processing /Users/nestoralfaro/Desktop/pbi-scenario-two/py_env/lib/python3.9/site-packages/airflow/example_dags/example_task_group.py took 0.063 seconds
[2024-05-02T00:11:25.413-0500] {processor.py:161} INFO - Started process (PID=36425) to work on /Users/nestoralfaro/Desktop/pbi-scenario-two/py_env/lib/python3.9/site-packages/airflow/example_dags/example_task_group.py
[2024-05-02T00:11:25.415-0500] {processor.py:830} INFO - Processing file /Users/nestoralfaro/Desktop/pbi-scenario-two/py_env/lib/python3.9/site-packages/airflow/example_dags/example_task_group.py for tasks to queue
[2024-05-02T00:11:25.415-0500] {logging_mixin.py:188} INFO - [2024-05-02T00:11:25.415-0500] {dagbag.py:540} INFO - Filling up the DagBag from /Users/nestoralfaro/Desktop/pbi-scenario-two/py_env/lib/python3.9/site-packages/airflow/example_dags/example_task_group.py
[2024-05-02T00:11:25.419-0500] {processor.py:840} INFO - DAG(s) 'example_task_group' retrieved from /Users/nestoralfaro/Desktop/pbi-scenario-two/py_env/lib/python3.9/site-packages/airflow/example_dags/example_task_group.py
[2024-05-02T00:11:25.465-0500] {logging_mixin.py:188} INFO - [2024-05-02T00:11:25.465-0500] {dag.py:3096} INFO - Sync 1 DAGs
[2024-05-02T00:11:25.473-0500] {logging_mixin.py:188} INFO - [2024-05-02T00:11:25.473-0500] {dag.py:3954} INFO - Setting next_dagrun for example_task_group to 2024-05-01 00:00:00+00:00, run_after=2024-05-02 00:00:00+00:00
[2024-05-02T00:11:25.483-0500] {processor.py:183} INFO - Processing /Users/nestoralfaro/Desktop/pbi-scenario-two/py_env/lib/python3.9/site-packages/airflow/example_dags/example_task_group.py took 0.071 seconds
[2024-05-02T00:12:50.354-0500] {processor.py:161} INFO - Started process (PID=36519) to work on /Users/nestoralfaro/Desktop/pbi-scenario-two/py_env/lib/python3.9/site-packages/airflow/example_dags/example_task_group.py
[2024-05-02T00:12:50.355-0500] {processor.py:830} INFO - Processing file /Users/nestoralfaro/Desktop/pbi-scenario-two/py_env/lib/python3.9/site-packages/airflow/example_dags/example_task_group.py for tasks to queue
[2024-05-02T00:12:50.355-0500] {logging_mixin.py:188} INFO - [2024-05-02T00:12:50.355-0500] {dagbag.py:540} INFO - Filling up the DagBag from /Users/nestoralfaro/Desktop/pbi-scenario-two/py_env/lib/python3.9/site-packages/airflow/example_dags/example_task_group.py
[2024-05-02T00:12:50.359-0500] {processor.py:840} INFO - DAG(s) 'example_task_group' retrieved from /Users/nestoralfaro/Desktop/pbi-scenario-two/py_env/lib/python3.9/site-packages/airflow/example_dags/example_task_group.py
[2024-05-02T00:12:50.400-0500] {logging_mixin.py:188} INFO - [2024-05-02T00:12:50.399-0500] {dag.py:3096} INFO - Sync 1 DAGs
[2024-05-02T00:12:50.407-0500] {logging_mixin.py:188} INFO - [2024-05-02T00:12:50.407-0500] {dag.py:3954} INFO - Setting next_dagrun for example_task_group to 2024-05-01 00:00:00+00:00, run_after=2024-05-02 00:00:00+00:00
[2024-05-02T00:12:50.414-0500] {processor.py:183} INFO - Processing /Users/nestoralfaro/Desktop/pbi-scenario-two/py_env/lib/python3.9/site-packages/airflow/example_dags/example_task_group.py took 0.062 seconds
[2024-05-02T00:15:16.911-0500] {processor.py:161} INFO - Started process (PID=36606) to work on /Users/nestoralfaro/Desktop/pbi-scenario-two/py_env/lib/python3.9/site-packages/airflow/example_dags/example_task_group.py
[2024-05-02T00:15:16.913-0500] {processor.py:830} INFO - Processing file /Users/nestoralfaro/Desktop/pbi-scenario-two/py_env/lib/python3.9/site-packages/airflow/example_dags/example_task_group.py for tasks to queue
[2024-05-02T00:15:16.913-0500] {logging_mixin.py:188} INFO - [2024-05-02T00:15:16.913-0500] {dagbag.py:540} INFO - Filling up the DagBag from /Users/nestoralfaro/Desktop/pbi-scenario-two/py_env/lib/python3.9/site-packages/airflow/example_dags/example_task_group.py
[2024-05-02T00:15:16.917-0500] {processor.py:840} INFO - DAG(s) 'example_task_group' retrieved from /Users/nestoralfaro/Desktop/pbi-scenario-two/py_env/lib/python3.9/site-packages/airflow/example_dags/example_task_group.py
[2024-05-02T00:15:16.963-0500] {logging_mixin.py:188} INFO - [2024-05-02T00:15:16.963-0500] {dag.py:3096} INFO - Sync 1 DAGs
[2024-05-02T00:15:16.971-0500] {logging_mixin.py:188} INFO - [2024-05-02T00:15:16.971-0500] {dag.py:3954} INFO - Setting next_dagrun for example_task_group to 2024-05-01 00:00:00+00:00, run_after=2024-05-02 00:00:00+00:00
[2024-05-02T00:15:16.978-0500] {processor.py:183} INFO - Processing /Users/nestoralfaro/Desktop/pbi-scenario-two/py_env/lib/python3.9/site-packages/airflow/example_dags/example_task_group.py took 0.069 seconds
[2024-05-02T00:16:45.266-0500] {processor.py:161} INFO - Started process (PID=36673) to work on /Users/nestoralfaro/Desktop/pbi-scenario-two/py_env/lib/python3.9/site-packages/airflow/example_dags/example_task_group.py
[2024-05-02T00:16:45.267-0500] {processor.py:830} INFO - Processing file /Users/nestoralfaro/Desktop/pbi-scenario-two/py_env/lib/python3.9/site-packages/airflow/example_dags/example_task_group.py for tasks to queue
[2024-05-02T00:16:45.268-0500] {logging_mixin.py:188} INFO - [2024-05-02T00:16:45.268-0500] {dagbag.py:540} INFO - Filling up the DagBag from /Users/nestoralfaro/Desktop/pbi-scenario-two/py_env/lib/python3.9/site-packages/airflow/example_dags/example_task_group.py
[2024-05-02T00:16:45.271-0500] {processor.py:840} INFO - DAG(s) 'example_task_group' retrieved from /Users/nestoralfaro/Desktop/pbi-scenario-two/py_env/lib/python3.9/site-packages/airflow/example_dags/example_task_group.py
[2024-05-02T00:16:45.311-0500] {logging_mixin.py:188} INFO - [2024-05-02T00:16:45.311-0500] {dag.py:3096} INFO - Sync 1 DAGs
[2024-05-02T00:16:45.319-0500] {logging_mixin.py:188} INFO - [2024-05-02T00:16:45.319-0500] {dag.py:3954} INFO - Setting next_dagrun for example_task_group to 2024-05-01 00:00:00+00:00, run_after=2024-05-02 00:00:00+00:00
[2024-05-02T00:16:45.326-0500] {processor.py:183} INFO - Processing /Users/nestoralfaro/Desktop/pbi-scenario-two/py_env/lib/python3.9/site-packages/airflow/example_dags/example_task_group.py took 0.061 seconds
[2024-05-02T00:18:41.188-0500] {processor.py:161} INFO - Started process (PID=36748) to work on /Users/nestoralfaro/Desktop/pbi-scenario-two/py_env/lib/python3.9/site-packages/airflow/example_dags/example_task_group.py
[2024-05-02T00:18:41.190-0500] {processor.py:830} INFO - Processing file /Users/nestoralfaro/Desktop/pbi-scenario-two/py_env/lib/python3.9/site-packages/airflow/example_dags/example_task_group.py for tasks to queue
[2024-05-02T00:18:41.190-0500] {logging_mixin.py:188} INFO - [2024-05-02T00:18:41.190-0500] {dagbag.py:540} INFO - Filling up the DagBag from /Users/nestoralfaro/Desktop/pbi-scenario-two/py_env/lib/python3.9/site-packages/airflow/example_dags/example_task_group.py
[2024-05-02T00:18:41.195-0500] {processor.py:840} INFO - DAG(s) 'example_task_group' retrieved from /Users/nestoralfaro/Desktop/pbi-scenario-two/py_env/lib/python3.9/site-packages/airflow/example_dags/example_task_group.py
[2024-05-02T00:18:41.239-0500] {logging_mixin.py:188} INFO - [2024-05-02T00:18:41.239-0500] {dag.py:3096} INFO - Sync 1 DAGs
[2024-05-02T00:18:41.247-0500] {logging_mixin.py:188} INFO - [2024-05-02T00:18:41.247-0500] {dag.py:3954} INFO - Setting next_dagrun for example_task_group to 2024-05-01 00:00:00+00:00, run_after=2024-05-02 00:00:00+00:00
[2024-05-02T00:18:41.254-0500] {processor.py:183} INFO - Processing /Users/nestoralfaro/Desktop/pbi-scenario-two/py_env/lib/python3.9/site-packages/airflow/example_dags/example_task_group.py took 0.068 seconds
[2024-05-02T00:19:37.929-0500] {processor.py:161} INFO - Started process (PID=36821) to work on /Users/nestoralfaro/Desktop/pbi-scenario-two/py_env/lib/python3.9/site-packages/airflow/example_dags/example_task_group.py
[2024-05-02T00:19:37.930-0500] {processor.py:830} INFO - Processing file /Users/nestoralfaro/Desktop/pbi-scenario-two/py_env/lib/python3.9/site-packages/airflow/example_dags/example_task_group.py for tasks to queue
[2024-05-02T00:19:37.930-0500] {logging_mixin.py:188} INFO - [2024-05-02T00:19:37.930-0500] {dagbag.py:540} INFO - Filling up the DagBag from /Users/nestoralfaro/Desktop/pbi-scenario-two/py_env/lib/python3.9/site-packages/airflow/example_dags/example_task_group.py
[2024-05-02T00:19:37.935-0500] {processor.py:840} INFO - DAG(s) 'example_task_group' retrieved from /Users/nestoralfaro/Desktop/pbi-scenario-two/py_env/lib/python3.9/site-packages/airflow/example_dags/example_task_group.py
[2024-05-02T00:19:37.976-0500] {logging_mixin.py:188} INFO - [2024-05-02T00:19:37.975-0500] {dag.py:3096} INFO - Sync 1 DAGs
[2024-05-02T00:19:37.983-0500] {logging_mixin.py:188} INFO - [2024-05-02T00:19:37.983-0500] {dag.py:3954} INFO - Setting next_dagrun for example_task_group to 2024-05-01 00:00:00+00:00, run_after=2024-05-02 00:00:00+00:00
[2024-05-02T00:19:37.990-0500] {processor.py:183} INFO - Processing /Users/nestoralfaro/Desktop/pbi-scenario-two/py_env/lib/python3.9/site-packages/airflow/example_dags/example_task_group.py took 0.062 seconds
[2024-05-02T00:20:37.338-0500] {processor.py:161} INFO - Started process (PID=36857) to work on /Users/nestoralfaro/Desktop/pbi-scenario-two/py_env/lib/python3.9/site-packages/airflow/example_dags/example_task_group.py
[2024-05-02T00:20:37.340-0500] {processor.py:830} INFO - Processing file /Users/nestoralfaro/Desktop/pbi-scenario-two/py_env/lib/python3.9/site-packages/airflow/example_dags/example_task_group.py for tasks to queue
[2024-05-02T00:20:37.340-0500] {logging_mixin.py:188} INFO - [2024-05-02T00:20:37.340-0500] {dagbag.py:540} INFO - Filling up the DagBag from /Users/nestoralfaro/Desktop/pbi-scenario-two/py_env/lib/python3.9/site-packages/airflow/example_dags/example_task_group.py
[2024-05-02T00:20:37.344-0500] {processor.py:840} INFO - DAG(s) 'example_task_group' retrieved from /Users/nestoralfaro/Desktop/pbi-scenario-two/py_env/lib/python3.9/site-packages/airflow/example_dags/example_task_group.py
[2024-05-02T00:20:37.389-0500] {logging_mixin.py:188} INFO - [2024-05-02T00:20:37.389-0500] {dag.py:3096} INFO - Sync 1 DAGs
[2024-05-02T00:20:37.397-0500] {logging_mixin.py:188} INFO - [2024-05-02T00:20:37.397-0500] {dag.py:3954} INFO - Setting next_dagrun for example_task_group to 2024-05-01 00:00:00+00:00, run_after=2024-05-02 00:00:00+00:00
[2024-05-02T00:20:37.407-0500] {processor.py:183} INFO - Processing /Users/nestoralfaro/Desktop/pbi-scenario-two/py_env/lib/python3.9/site-packages/airflow/example_dags/example_task_group.py took 0.070 seconds
[2024-05-02T00:22:33.856-0500] {processor.py:161} INFO - Started process (PID=36960) to work on /Users/nestoralfaro/Desktop/pbi-scenario-two/py_env/lib/python3.9/site-packages/airflow/example_dags/example_task_group.py
[2024-05-02T00:22:33.862-0500] {processor.py:830} INFO - Processing file /Users/nestoralfaro/Desktop/pbi-scenario-two/py_env/lib/python3.9/site-packages/airflow/example_dags/example_task_group.py for tasks to queue
[2024-05-02T00:22:33.862-0500] {logging_mixin.py:188} INFO - [2024-05-02T00:22:33.862-0500] {dagbag.py:540} INFO - Filling up the DagBag from /Users/nestoralfaro/Desktop/pbi-scenario-two/py_env/lib/python3.9/site-packages/airflow/example_dags/example_task_group.py
[2024-05-02T00:22:33.868-0500] {processor.py:840} INFO - DAG(s) 'example_task_group' retrieved from /Users/nestoralfaro/Desktop/pbi-scenario-two/py_env/lib/python3.9/site-packages/airflow/example_dags/example_task_group.py
[2024-05-02T00:22:33.913-0500] {logging_mixin.py:188} INFO - [2024-05-02T00:22:33.913-0500] {dag.py:3096} INFO - Sync 1 DAGs
[2024-05-02T00:22:33.921-0500] {logging_mixin.py:188} INFO - [2024-05-02T00:22:33.921-0500] {dag.py:3954} INFO - Setting next_dagrun for example_task_group to 2024-05-01 00:00:00+00:00, run_after=2024-05-02 00:00:00+00:00
[2024-05-02T00:22:33.929-0500] {processor.py:183} INFO - Processing /Users/nestoralfaro/Desktop/pbi-scenario-two/py_env/lib/python3.9/site-packages/airflow/example_dags/example_task_group.py took 0.074 seconds
