[2024-05-01T23:30:21.654-0500] {processor.py:161} INFO - Started process (PID=34745) to work on /Users/nestoralfaro/Desktop/pbi-scenario-two/py_env/lib/python3.9/site-packages/airflow/example_dags/example_trigger_target_dag.py
[2024-05-01T23:30:21.655-0500] {processor.py:830} INFO - Processing file /Users/nestoralfaro/Desktop/pbi-scenario-two/py_env/lib/python3.9/site-packages/airflow/example_dags/example_trigger_target_dag.py for tasks to queue
[2024-05-01T23:30:21.655-0500] {logging_mixin.py:188} INFO - [2024-05-01T23:30:21.655-0500] {dagbag.py:540} INFO - Filling up the DagBag from /Users/nestoralfaro/Desktop/pbi-scenario-two/py_env/lib/python3.9/site-packages/airflow/example_dags/example_trigger_target_dag.py
[2024-05-01T23:30:21.671-0500] {processor.py:840} INFO - DAG(s) 'example_trigger_target_dag' retrieved from /Users/nestoralfaro/Desktop/pbi-scenario-two/py_env/lib/python3.9/site-packages/airflow/example_dags/example_trigger_target_dag.py
[2024-05-01T23:30:21.768-0500] {logging_mixin.py:188} INFO - [2024-05-01T23:30:21.768-0500] {dag.py:3096} INFO - Sync 1 DAGs
[2024-05-01T23:30:21.773-0500] {logging_mixin.py:188} INFO - [2024-05-01T23:30:21.773-0500] {dag.py:3954} INFO - Setting next_dagrun for example_trigger_target_dag to None, run_after=None
[2024-05-01T23:30:21.780-0500] {processor.py:183} INFO - Processing /Users/nestoralfaro/Desktop/pbi-scenario-two/py_env/lib/python3.9/site-packages/airflow/example_dags/example_trigger_target_dag.py took 0.128 seconds
[2024-05-01T23:31:49.686-0500] {processor.py:161} INFO - Started process (PID=34800) to work on /Users/nestoralfaro/Desktop/pbi-scenario-two/py_env/lib/python3.9/site-packages/airflow/example_dags/example_trigger_target_dag.py
[2024-05-01T23:31:49.688-0500] {processor.py:830} INFO - Processing file /Users/nestoralfaro/Desktop/pbi-scenario-two/py_env/lib/python3.9/site-packages/airflow/example_dags/example_trigger_target_dag.py for tasks to queue
[2024-05-01T23:31:49.688-0500] {logging_mixin.py:188} INFO - [2024-05-01T23:31:49.688-0500] {dagbag.py:540} INFO - Filling up the DagBag from /Users/nestoralfaro/Desktop/pbi-scenario-two/py_env/lib/python3.9/site-packages/airflow/example_dags/example_trigger_target_dag.py
[2024-05-01T23:31:49.704-0500] {processor.py:840} INFO - DAG(s) 'example_trigger_target_dag' retrieved from /Users/nestoralfaro/Desktop/pbi-scenario-two/py_env/lib/python3.9/site-packages/airflow/example_dags/example_trigger_target_dag.py
[2024-05-01T23:31:49.748-0500] {logging_mixin.py:188} INFO - [2024-05-01T23:31:49.748-0500] {dag.py:3096} INFO - Sync 1 DAGs
[2024-05-01T23:31:49.776-0500] {logging_mixin.py:188} INFO - [2024-05-01T23:31:49.776-0500] {dag.py:3954} INFO - Setting next_dagrun for example_trigger_target_dag to None, run_after=None
[2024-05-01T23:31:49.785-0500] {processor.py:183} INFO - Processing /Users/nestoralfaro/Desktop/pbi-scenario-two/py_env/lib/python3.9/site-packages/airflow/example_dags/example_trigger_target_dag.py took 0.100 seconds
[2024-05-01T23:32:54.751-0500] {processor.py:161} INFO - Started process (PID=34858) to work on /Users/nestoralfaro/Desktop/pbi-scenario-two/py_env/lib/python3.9/site-packages/airflow/example_dags/example_trigger_target_dag.py
[2024-05-01T23:32:54.753-0500] {processor.py:830} INFO - Processing file /Users/nestoralfaro/Desktop/pbi-scenario-two/py_env/lib/python3.9/site-packages/airflow/example_dags/example_trigger_target_dag.py for tasks to queue
[2024-05-01T23:32:54.753-0500] {logging_mixin.py:188} INFO - [2024-05-01T23:32:54.753-0500] {dagbag.py:540} INFO - Filling up the DagBag from /Users/nestoralfaro/Desktop/pbi-scenario-two/py_env/lib/python3.9/site-packages/airflow/example_dags/example_trigger_target_dag.py
[2024-05-01T23:32:54.769-0500] {processor.py:840} INFO - DAG(s) 'example_trigger_target_dag' retrieved from /Users/nestoralfaro/Desktop/pbi-scenario-two/py_env/lib/python3.9/site-packages/airflow/example_dags/example_trigger_target_dag.py
[2024-05-01T23:32:54.815-0500] {logging_mixin.py:188} INFO - [2024-05-01T23:32:54.815-0500] {dag.py:3096} INFO - Sync 1 DAGs
[2024-05-01T23:32:54.844-0500] {logging_mixin.py:188} INFO - [2024-05-01T23:32:54.844-0500] {dag.py:3954} INFO - Setting next_dagrun for example_trigger_target_dag to None, run_after=None
[2024-05-01T23:32:54.852-0500] {processor.py:183} INFO - Processing /Users/nestoralfaro/Desktop/pbi-scenario-two/py_env/lib/python3.9/site-packages/airflow/example_dags/example_trigger_target_dag.py took 0.102 seconds
[2024-05-01T23:33:58.068-0500] {processor.py:161} INFO - Started process (PID=34907) to work on /Users/nestoralfaro/Desktop/pbi-scenario-two/py_env/lib/python3.9/site-packages/airflow/example_dags/example_trigger_target_dag.py
[2024-05-01T23:33:58.070-0500] {processor.py:830} INFO - Processing file /Users/nestoralfaro/Desktop/pbi-scenario-two/py_env/lib/python3.9/site-packages/airflow/example_dags/example_trigger_target_dag.py for tasks to queue
[2024-05-01T23:33:58.070-0500] {logging_mixin.py:188} INFO - [2024-05-01T23:33:58.070-0500] {dagbag.py:540} INFO - Filling up the DagBag from /Users/nestoralfaro/Desktop/pbi-scenario-two/py_env/lib/python3.9/site-packages/airflow/example_dags/example_trigger_target_dag.py
[2024-05-01T23:33:58.087-0500] {processor.py:840} INFO - DAG(s) 'example_trigger_target_dag' retrieved from /Users/nestoralfaro/Desktop/pbi-scenario-two/py_env/lib/python3.9/site-packages/airflow/example_dags/example_trigger_target_dag.py
[2024-05-01T23:33:58.128-0500] {logging_mixin.py:188} INFO - [2024-05-01T23:33:58.128-0500] {dag.py:3096} INFO - Sync 1 DAGs
[2024-05-01T23:33:58.157-0500] {logging_mixin.py:188} INFO - [2024-05-01T23:33:58.156-0500] {dag.py:3954} INFO - Setting next_dagrun for example_trigger_target_dag to None, run_after=None
[2024-05-01T23:33:58.164-0500] {processor.py:183} INFO - Processing /Users/nestoralfaro/Desktop/pbi-scenario-two/py_env/lib/python3.9/site-packages/airflow/example_dags/example_trigger_target_dag.py took 0.097 seconds
[2024-05-01T23:34:57.725-0500] {processor.py:161} INFO - Started process (PID=34943) to work on /Users/nestoralfaro/Desktop/pbi-scenario-two/py_env/lib/python3.9/site-packages/airflow/example_dags/example_trigger_target_dag.py
[2024-05-01T23:34:57.727-0500] {processor.py:830} INFO - Processing file /Users/nestoralfaro/Desktop/pbi-scenario-two/py_env/lib/python3.9/site-packages/airflow/example_dags/example_trigger_target_dag.py for tasks to queue
[2024-05-01T23:34:57.728-0500] {logging_mixin.py:188} INFO - [2024-05-01T23:34:57.727-0500] {dagbag.py:540} INFO - Filling up the DagBag from /Users/nestoralfaro/Desktop/pbi-scenario-two/py_env/lib/python3.9/site-packages/airflow/example_dags/example_trigger_target_dag.py
[2024-05-01T23:34:57.743-0500] {processor.py:840} INFO - DAG(s) 'example_trigger_target_dag' retrieved from /Users/nestoralfaro/Desktop/pbi-scenario-two/py_env/lib/python3.9/site-packages/airflow/example_dags/example_trigger_target_dag.py
[2024-05-01T23:34:57.785-0500] {logging_mixin.py:188} INFO - [2024-05-01T23:34:57.785-0500] {dag.py:3096} INFO - Sync 1 DAGs
[2024-05-01T23:34:57.814-0500] {logging_mixin.py:188} INFO - [2024-05-01T23:34:57.814-0500] {dag.py:3954} INFO - Setting next_dagrun for example_trigger_target_dag to None, run_after=None
[2024-05-01T23:34:57.822-0500] {processor.py:183} INFO - Processing /Users/nestoralfaro/Desktop/pbi-scenario-two/py_env/lib/python3.9/site-packages/airflow/example_dags/example_trigger_target_dag.py took 0.098 seconds
[2024-05-01T23:35:55.156-0500] {processor.py:161} INFO - Started process (PID=34977) to work on /Users/nestoralfaro/Desktop/pbi-scenario-two/py_env/lib/python3.9/site-packages/airflow/example_dags/example_trigger_target_dag.py
[2024-05-01T23:35:55.157-0500] {processor.py:830} INFO - Processing file /Users/nestoralfaro/Desktop/pbi-scenario-two/py_env/lib/python3.9/site-packages/airflow/example_dags/example_trigger_target_dag.py for tasks to queue
[2024-05-01T23:35:55.158-0500] {logging_mixin.py:188} INFO - [2024-05-01T23:35:55.157-0500] {dagbag.py:540} INFO - Filling up the DagBag from /Users/nestoralfaro/Desktop/pbi-scenario-two/py_env/lib/python3.9/site-packages/airflow/example_dags/example_trigger_target_dag.py
[2024-05-01T23:35:55.174-0500] {processor.py:840} INFO - DAG(s) 'example_trigger_target_dag' retrieved from /Users/nestoralfaro/Desktop/pbi-scenario-two/py_env/lib/python3.9/site-packages/airflow/example_dags/example_trigger_target_dag.py
[2024-05-01T23:35:55.219-0500] {logging_mixin.py:188} INFO - [2024-05-01T23:35:55.219-0500] {dag.py:3096} INFO - Sync 1 DAGs
[2024-05-01T23:35:55.250-0500] {logging_mixin.py:188} INFO - [2024-05-01T23:35:55.250-0500] {dag.py:3954} INFO - Setting next_dagrun for example_trigger_target_dag to None, run_after=None
[2024-05-01T23:35:55.258-0500] {processor.py:183} INFO - Processing /Users/nestoralfaro/Desktop/pbi-scenario-two/py_env/lib/python3.9/site-packages/airflow/example_dags/example_trigger_target_dag.py took 0.103 seconds
[2024-05-01T23:36:50.345-0500] {processor.py:161} INFO - Started process (PID=35012) to work on /Users/nestoralfaro/Desktop/pbi-scenario-two/py_env/lib/python3.9/site-packages/airflow/example_dags/example_trigger_target_dag.py
[2024-05-01T23:36:50.347-0500] {processor.py:830} INFO - Processing file /Users/nestoralfaro/Desktop/pbi-scenario-two/py_env/lib/python3.9/site-packages/airflow/example_dags/example_trigger_target_dag.py for tasks to queue
[2024-05-01T23:36:50.347-0500] {logging_mixin.py:188} INFO - [2024-05-01T23:36:50.347-0500] {dagbag.py:540} INFO - Filling up the DagBag from /Users/nestoralfaro/Desktop/pbi-scenario-two/py_env/lib/python3.9/site-packages/airflow/example_dags/example_trigger_target_dag.py
[2024-05-01T23:36:50.363-0500] {processor.py:840} INFO - DAG(s) 'example_trigger_target_dag' retrieved from /Users/nestoralfaro/Desktop/pbi-scenario-two/py_env/lib/python3.9/site-packages/airflow/example_dags/example_trigger_target_dag.py
[2024-05-01T23:36:50.409-0500] {logging_mixin.py:188} INFO - [2024-05-01T23:36:50.409-0500] {dag.py:3096} INFO - Sync 1 DAGs
[2024-05-01T23:36:50.438-0500] {logging_mixin.py:188} INFO - [2024-05-01T23:36:50.438-0500] {dag.py:3954} INFO - Setting next_dagrun for example_trigger_target_dag to None, run_after=None
[2024-05-01T23:36:50.447-0500] {processor.py:183} INFO - Processing /Users/nestoralfaro/Desktop/pbi-scenario-two/py_env/lib/python3.9/site-packages/airflow/example_dags/example_trigger_target_dag.py took 0.104 seconds
[2024-05-01T23:37:46.754-0500] {processor.py:161} INFO - Started process (PID=35047) to work on /Users/nestoralfaro/Desktop/pbi-scenario-two/py_env/lib/python3.9/site-packages/airflow/example_dags/example_trigger_target_dag.py
[2024-05-01T23:37:46.756-0500] {processor.py:830} INFO - Processing file /Users/nestoralfaro/Desktop/pbi-scenario-two/py_env/lib/python3.9/site-packages/airflow/example_dags/example_trigger_target_dag.py for tasks to queue
[2024-05-01T23:37:46.756-0500] {logging_mixin.py:188} INFO - [2024-05-01T23:37:46.756-0500] {dagbag.py:540} INFO - Filling up the DagBag from /Users/nestoralfaro/Desktop/pbi-scenario-two/py_env/lib/python3.9/site-packages/airflow/example_dags/example_trigger_target_dag.py
[2024-05-01T23:37:46.772-0500] {processor.py:840} INFO - DAG(s) 'example_trigger_target_dag' retrieved from /Users/nestoralfaro/Desktop/pbi-scenario-two/py_env/lib/python3.9/site-packages/airflow/example_dags/example_trigger_target_dag.py
[2024-05-01T23:37:46.814-0500] {logging_mixin.py:188} INFO - [2024-05-01T23:37:46.814-0500] {dag.py:3096} INFO - Sync 1 DAGs
[2024-05-01T23:37:46.843-0500] {logging_mixin.py:188} INFO - [2024-05-01T23:37:46.843-0500] {dag.py:3954} INFO - Setting next_dagrun for example_trigger_target_dag to None, run_after=None
[2024-05-01T23:37:46.850-0500] {processor.py:183} INFO - Processing /Users/nestoralfaro/Desktop/pbi-scenario-two/py_env/lib/python3.9/site-packages/airflow/example_dags/example_trigger_target_dag.py took 0.098 seconds
[2024-05-01T23:38:45.472-0500] {processor.py:161} INFO - Started process (PID=35081) to work on /Users/nestoralfaro/Desktop/pbi-scenario-two/py_env/lib/python3.9/site-packages/airflow/example_dags/example_trigger_target_dag.py
[2024-05-01T23:38:45.474-0500] {processor.py:830} INFO - Processing file /Users/nestoralfaro/Desktop/pbi-scenario-two/py_env/lib/python3.9/site-packages/airflow/example_dags/example_trigger_target_dag.py for tasks to queue
[2024-05-01T23:38:45.475-0500] {logging_mixin.py:188} INFO - [2024-05-01T23:38:45.474-0500] {dagbag.py:540} INFO - Filling up the DagBag from /Users/nestoralfaro/Desktop/pbi-scenario-two/py_env/lib/python3.9/site-packages/airflow/example_dags/example_trigger_target_dag.py
[2024-05-01T23:38:45.491-0500] {processor.py:840} INFO - DAG(s) 'example_trigger_target_dag' retrieved from /Users/nestoralfaro/Desktop/pbi-scenario-two/py_env/lib/python3.9/site-packages/airflow/example_dags/example_trigger_target_dag.py
[2024-05-01T23:38:45.535-0500] {logging_mixin.py:188} INFO - [2024-05-01T23:38:45.535-0500] {dag.py:3096} INFO - Sync 1 DAGs
[2024-05-01T23:38:45.564-0500] {logging_mixin.py:188} INFO - [2024-05-01T23:38:45.564-0500] {dag.py:3954} INFO - Setting next_dagrun for example_trigger_target_dag to None, run_after=None
[2024-05-01T23:38:45.572-0500] {processor.py:183} INFO - Processing /Users/nestoralfaro/Desktop/pbi-scenario-two/py_env/lib/python3.9/site-packages/airflow/example_dags/example_trigger_target_dag.py took 0.102 seconds
[2024-05-01T23:39:42.488-0500] {processor.py:161} INFO - Started process (PID=35119) to work on /Users/nestoralfaro/Desktop/pbi-scenario-two/py_env/lib/python3.9/site-packages/airflow/example_dags/example_trigger_target_dag.py
[2024-05-01T23:39:42.490-0500] {processor.py:830} INFO - Processing file /Users/nestoralfaro/Desktop/pbi-scenario-two/py_env/lib/python3.9/site-packages/airflow/example_dags/example_trigger_target_dag.py for tasks to queue
[2024-05-01T23:39:42.491-0500] {logging_mixin.py:188} INFO - [2024-05-01T23:39:42.490-0500] {dagbag.py:540} INFO - Filling up the DagBag from /Users/nestoralfaro/Desktop/pbi-scenario-two/py_env/lib/python3.9/site-packages/airflow/example_dags/example_trigger_target_dag.py
[2024-05-01T23:39:42.507-0500] {processor.py:840} INFO - DAG(s) 'example_trigger_target_dag' retrieved from /Users/nestoralfaro/Desktop/pbi-scenario-two/py_env/lib/python3.9/site-packages/airflow/example_dags/example_trigger_target_dag.py
[2024-05-01T23:39:42.550-0500] {logging_mixin.py:188} INFO - [2024-05-01T23:39:42.549-0500] {dag.py:3096} INFO - Sync 1 DAGs
[2024-05-01T23:39:42.578-0500] {logging_mixin.py:188} INFO - [2024-05-01T23:39:42.578-0500] {dag.py:3954} INFO - Setting next_dagrun for example_trigger_target_dag to None, run_after=None
[2024-05-01T23:39:42.586-0500] {processor.py:183} INFO - Processing /Users/nestoralfaro/Desktop/pbi-scenario-two/py_env/lib/python3.9/site-packages/airflow/example_dags/example_trigger_target_dag.py took 0.100 seconds
[2024-05-01T23:40:38.970-0500] {processor.py:161} INFO - Started process (PID=35171) to work on /Users/nestoralfaro/Desktop/pbi-scenario-two/py_env/lib/python3.9/site-packages/airflow/example_dags/example_trigger_target_dag.py
[2024-05-01T23:40:38.971-0500] {processor.py:830} INFO - Processing file /Users/nestoralfaro/Desktop/pbi-scenario-two/py_env/lib/python3.9/site-packages/airflow/example_dags/example_trigger_target_dag.py for tasks to queue
[2024-05-01T23:40:38.972-0500] {logging_mixin.py:188} INFO - [2024-05-01T23:40:38.972-0500] {dagbag.py:540} INFO - Filling up the DagBag from /Users/nestoralfaro/Desktop/pbi-scenario-two/py_env/lib/python3.9/site-packages/airflow/example_dags/example_trigger_target_dag.py
[2024-05-01T23:40:38.988-0500] {processor.py:840} INFO - DAG(s) 'example_trigger_target_dag' retrieved from /Users/nestoralfaro/Desktop/pbi-scenario-two/py_env/lib/python3.9/site-packages/airflow/example_dags/example_trigger_target_dag.py
[2024-05-01T23:40:39.032-0500] {logging_mixin.py:188} INFO - [2024-05-01T23:40:39.032-0500] {dag.py:3096} INFO - Sync 1 DAGs
[2024-05-01T23:40:39.065-0500] {logging_mixin.py:188} INFO - [2024-05-01T23:40:39.065-0500] {dag.py:3954} INFO - Setting next_dagrun for example_trigger_target_dag to None, run_after=None
[2024-05-01T23:40:39.073-0500] {processor.py:183} INFO - Processing /Users/nestoralfaro/Desktop/pbi-scenario-two/py_env/lib/python3.9/site-packages/airflow/example_dags/example_trigger_target_dag.py took 0.104 seconds
[2024-05-01T23:41:34.673-0500] {processor.py:161} INFO - Started process (PID=35207) to work on /Users/nestoralfaro/Desktop/pbi-scenario-two/py_env/lib/python3.9/site-packages/airflow/example_dags/example_trigger_target_dag.py
[2024-05-01T23:41:34.676-0500] {processor.py:830} INFO - Processing file /Users/nestoralfaro/Desktop/pbi-scenario-two/py_env/lib/python3.9/site-packages/airflow/example_dags/example_trigger_target_dag.py for tasks to queue
[2024-05-01T23:41:34.676-0500] {logging_mixin.py:188} INFO - [2024-05-01T23:41:34.676-0500] {dagbag.py:540} INFO - Filling up the DagBag from /Users/nestoralfaro/Desktop/pbi-scenario-two/py_env/lib/python3.9/site-packages/airflow/example_dags/example_trigger_target_dag.py
[2024-05-01T23:41:34.692-0500] {processor.py:840} INFO - DAG(s) 'example_trigger_target_dag' retrieved from /Users/nestoralfaro/Desktop/pbi-scenario-two/py_env/lib/python3.9/site-packages/airflow/example_dags/example_trigger_target_dag.py
[2024-05-01T23:41:34.734-0500] {logging_mixin.py:188} INFO - [2024-05-01T23:41:34.734-0500] {dag.py:3096} INFO - Sync 1 DAGs
[2024-05-01T23:41:34.762-0500] {logging_mixin.py:188} INFO - [2024-05-01T23:41:34.762-0500] {dag.py:3954} INFO - Setting next_dagrun for example_trigger_target_dag to None, run_after=None
[2024-05-01T23:41:34.770-0500] {processor.py:183} INFO - Processing /Users/nestoralfaro/Desktop/pbi-scenario-two/py_env/lib/python3.9/site-packages/airflow/example_dags/example_trigger_target_dag.py took 0.098 seconds
[2024-05-01T23:42:07.521-0500] {processor.py:161} INFO - Started process (PID=35257) to work on /Users/nestoralfaro/Desktop/pbi-scenario-two/py_env/lib/python3.9/site-packages/airflow/example_dags/example_trigger_target_dag.py
[2024-05-01T23:42:07.523-0500] {processor.py:830} INFO - Processing file /Users/nestoralfaro/Desktop/pbi-scenario-two/py_env/lib/python3.9/site-packages/airflow/example_dags/example_trigger_target_dag.py for tasks to queue
[2024-05-01T23:42:07.524-0500] {logging_mixin.py:188} INFO - [2024-05-01T23:42:07.523-0500] {dagbag.py:540} INFO - Filling up the DagBag from /Users/nestoralfaro/Desktop/pbi-scenario-two/py_env/lib/python3.9/site-packages/airflow/example_dags/example_trigger_target_dag.py
[2024-05-01T23:42:07.539-0500] {processor.py:840} INFO - DAG(s) 'example_trigger_target_dag' retrieved from /Users/nestoralfaro/Desktop/pbi-scenario-two/py_env/lib/python3.9/site-packages/airflow/example_dags/example_trigger_target_dag.py
[2024-05-01T23:42:07.581-0500] {logging_mixin.py:188} INFO - [2024-05-01T23:42:07.581-0500] {dag.py:3096} INFO - Sync 1 DAGs
[2024-05-01T23:42:07.611-0500] {logging_mixin.py:188} INFO - [2024-05-01T23:42:07.611-0500] {dag.py:3954} INFO - Setting next_dagrun for example_trigger_target_dag to None, run_after=None
[2024-05-01T23:42:07.621-0500] {processor.py:183} INFO - Processing /Users/nestoralfaro/Desktop/pbi-scenario-two/py_env/lib/python3.9/site-packages/airflow/example_dags/example_trigger_target_dag.py took 0.102 seconds
[2024-05-01T23:43:38.019-0500] {processor.py:161} INFO - Started process (PID=35310) to work on /Users/nestoralfaro/Desktop/pbi-scenario-two/py_env/lib/python3.9/site-packages/airflow/example_dags/example_trigger_target_dag.py
[2024-05-01T23:43:38.021-0500] {processor.py:830} INFO - Processing file /Users/nestoralfaro/Desktop/pbi-scenario-two/py_env/lib/python3.9/site-packages/airflow/example_dags/example_trigger_target_dag.py for tasks to queue
[2024-05-01T23:43:38.021-0500] {logging_mixin.py:188} INFO - [2024-05-01T23:43:38.021-0500] {dagbag.py:540} INFO - Filling up the DagBag from /Users/nestoralfaro/Desktop/pbi-scenario-two/py_env/lib/python3.9/site-packages/airflow/example_dags/example_trigger_target_dag.py
[2024-05-01T23:43:38.036-0500] {processor.py:840} INFO - DAG(s) 'example_trigger_target_dag' retrieved from /Users/nestoralfaro/Desktop/pbi-scenario-two/py_env/lib/python3.9/site-packages/airflow/example_dags/example_trigger_target_dag.py
[2024-05-01T23:43:38.076-0500] {logging_mixin.py:188} INFO - [2024-05-01T23:43:38.076-0500] {dag.py:3096} INFO - Sync 1 DAGs
[2024-05-01T23:43:38.104-0500] {logging_mixin.py:188} INFO - [2024-05-01T23:43:38.104-0500] {dag.py:3954} INFO - Setting next_dagrun for example_trigger_target_dag to None, run_after=None
[2024-05-01T23:43:38.111-0500] {processor.py:183} INFO - Processing /Users/nestoralfaro/Desktop/pbi-scenario-two/py_env/lib/python3.9/site-packages/airflow/example_dags/example_trigger_target_dag.py took 0.093 seconds
[2024-05-01T23:44:35.778-0500] {processor.py:161} INFO - Started process (PID=35356) to work on /Users/nestoralfaro/Desktop/pbi-scenario-two/py_env/lib/python3.9/site-packages/airflow/example_dags/example_trigger_target_dag.py
[2024-05-01T23:44:35.780-0500] {processor.py:830} INFO - Processing file /Users/nestoralfaro/Desktop/pbi-scenario-two/py_env/lib/python3.9/site-packages/airflow/example_dags/example_trigger_target_dag.py for tasks to queue
[2024-05-01T23:44:35.780-0500] {logging_mixin.py:188} INFO - [2024-05-01T23:44:35.780-0500] {dagbag.py:540} INFO - Filling up the DagBag from /Users/nestoralfaro/Desktop/pbi-scenario-two/py_env/lib/python3.9/site-packages/airflow/example_dags/example_trigger_target_dag.py
[2024-05-01T23:44:35.797-0500] {processor.py:840} INFO - DAG(s) 'example_trigger_target_dag' retrieved from /Users/nestoralfaro/Desktop/pbi-scenario-two/py_env/lib/python3.9/site-packages/airflow/example_dags/example_trigger_target_dag.py
[2024-05-01T23:44:35.847-0500] {logging_mixin.py:188} INFO - [2024-05-01T23:44:35.847-0500] {dag.py:3096} INFO - Sync 1 DAGs
[2024-05-01T23:44:35.876-0500] {logging_mixin.py:188} INFO - [2024-05-01T23:44:35.876-0500] {dag.py:3954} INFO - Setting next_dagrun for example_trigger_target_dag to None, run_after=None
[2024-05-01T23:44:35.885-0500] {processor.py:183} INFO - Processing /Users/nestoralfaro/Desktop/pbi-scenario-two/py_env/lib/python3.9/site-packages/airflow/example_dags/example_trigger_target_dag.py took 0.109 seconds
[2024-05-01T23:45:34.881-0500] {processor.py:161} INFO - Started process (PID=35394) to work on /Users/nestoralfaro/Desktop/pbi-scenario-two/py_env/lib/python3.9/site-packages/airflow/example_dags/example_trigger_target_dag.py
[2024-05-01T23:45:34.883-0500] {processor.py:830} INFO - Processing file /Users/nestoralfaro/Desktop/pbi-scenario-two/py_env/lib/python3.9/site-packages/airflow/example_dags/example_trigger_target_dag.py for tasks to queue
[2024-05-01T23:45:34.883-0500] {logging_mixin.py:188} INFO - [2024-05-01T23:45:34.883-0500] {dagbag.py:540} INFO - Filling up the DagBag from /Users/nestoralfaro/Desktop/pbi-scenario-two/py_env/lib/python3.9/site-packages/airflow/example_dags/example_trigger_target_dag.py
[2024-05-01T23:45:34.899-0500] {processor.py:840} INFO - DAG(s) 'example_trigger_target_dag' retrieved from /Users/nestoralfaro/Desktop/pbi-scenario-two/py_env/lib/python3.9/site-packages/airflow/example_dags/example_trigger_target_dag.py
[2024-05-01T23:45:34.942-0500] {logging_mixin.py:188} INFO - [2024-05-01T23:45:34.942-0500] {dag.py:3096} INFO - Sync 1 DAGs
[2024-05-01T23:45:34.971-0500] {logging_mixin.py:188} INFO - [2024-05-01T23:45:34.971-0500] {dag.py:3954} INFO - Setting next_dagrun for example_trigger_target_dag to None, run_after=None
[2024-05-01T23:45:34.980-0500] {processor.py:183} INFO - Processing /Users/nestoralfaro/Desktop/pbi-scenario-two/py_env/lib/python3.9/site-packages/airflow/example_dags/example_trigger_target_dag.py took 0.100 seconds
[2024-05-01T23:46:32.291-0500] {processor.py:161} INFO - Started process (PID=35429) to work on /Users/nestoralfaro/Desktop/pbi-scenario-two/py_env/lib/python3.9/site-packages/airflow/example_dags/example_trigger_target_dag.py
[2024-05-01T23:46:32.292-0500] {processor.py:830} INFO - Processing file /Users/nestoralfaro/Desktop/pbi-scenario-two/py_env/lib/python3.9/site-packages/airflow/example_dags/example_trigger_target_dag.py for tasks to queue
[2024-05-01T23:46:32.293-0500] {logging_mixin.py:188} INFO - [2024-05-01T23:46:32.293-0500] {dagbag.py:540} INFO - Filling up the DagBag from /Users/nestoralfaro/Desktop/pbi-scenario-two/py_env/lib/python3.9/site-packages/airflow/example_dags/example_trigger_target_dag.py
[2024-05-01T23:46:32.309-0500] {processor.py:840} INFO - DAG(s) 'example_trigger_target_dag' retrieved from /Users/nestoralfaro/Desktop/pbi-scenario-two/py_env/lib/python3.9/site-packages/airflow/example_dags/example_trigger_target_dag.py
[2024-05-01T23:46:32.349-0500] {logging_mixin.py:188} INFO - [2024-05-01T23:46:32.348-0500] {dag.py:3096} INFO - Sync 1 DAGs
[2024-05-01T23:46:32.377-0500] {logging_mixin.py:188} INFO - [2024-05-01T23:46:32.377-0500] {dag.py:3954} INFO - Setting next_dagrun for example_trigger_target_dag to None, run_after=None
[2024-05-01T23:46:32.384-0500] {processor.py:183} INFO - Processing /Users/nestoralfaro/Desktop/pbi-scenario-two/py_env/lib/python3.9/site-packages/airflow/example_dags/example_trigger_target_dag.py took 0.095 seconds
[2024-05-01T23:47:27.228-0500] {processor.py:161} INFO - Started process (PID=35472) to work on /Users/nestoralfaro/Desktop/pbi-scenario-two/py_env/lib/python3.9/site-packages/airflow/example_dags/example_trigger_target_dag.py
[2024-05-01T23:47:27.230-0500] {processor.py:830} INFO - Processing file /Users/nestoralfaro/Desktop/pbi-scenario-two/py_env/lib/python3.9/site-packages/airflow/example_dags/example_trigger_target_dag.py for tasks to queue
[2024-05-01T23:47:27.230-0500] {logging_mixin.py:188} INFO - [2024-05-01T23:47:27.230-0500] {dagbag.py:540} INFO - Filling up the DagBag from /Users/nestoralfaro/Desktop/pbi-scenario-two/py_env/lib/python3.9/site-packages/airflow/example_dags/example_trigger_target_dag.py
[2024-05-01T23:47:27.245-0500] {processor.py:840} INFO - DAG(s) 'example_trigger_target_dag' retrieved from /Users/nestoralfaro/Desktop/pbi-scenario-two/py_env/lib/python3.9/site-packages/airflow/example_dags/example_trigger_target_dag.py
[2024-05-01T23:47:27.289-0500] {logging_mixin.py:188} INFO - [2024-05-01T23:47:27.289-0500] {dag.py:3096} INFO - Sync 1 DAGs
[2024-05-01T23:47:27.318-0500] {logging_mixin.py:188} INFO - [2024-05-01T23:47:27.318-0500] {dag.py:3954} INFO - Setting next_dagrun for example_trigger_target_dag to None, run_after=None
[2024-05-01T23:47:27.327-0500] {processor.py:183} INFO - Processing /Users/nestoralfaro/Desktop/pbi-scenario-two/py_env/lib/python3.9/site-packages/airflow/example_dags/example_trigger_target_dag.py took 0.100 seconds
[2024-05-01T23:48:22.676-0500] {processor.py:161} INFO - Started process (PID=35507) to work on /Users/nestoralfaro/Desktop/pbi-scenario-two/py_env/lib/python3.9/site-packages/airflow/example_dags/example_trigger_target_dag.py
[2024-05-01T23:48:22.677-0500] {processor.py:830} INFO - Processing file /Users/nestoralfaro/Desktop/pbi-scenario-two/py_env/lib/python3.9/site-packages/airflow/example_dags/example_trigger_target_dag.py for tasks to queue
[2024-05-01T23:48:22.678-0500] {logging_mixin.py:188} INFO - [2024-05-01T23:48:22.678-0500] {dagbag.py:540} INFO - Filling up the DagBag from /Users/nestoralfaro/Desktop/pbi-scenario-two/py_env/lib/python3.9/site-packages/airflow/example_dags/example_trigger_target_dag.py
[2024-05-01T23:48:22.694-0500] {processor.py:840} INFO - DAG(s) 'example_trigger_target_dag' retrieved from /Users/nestoralfaro/Desktop/pbi-scenario-two/py_env/lib/python3.9/site-packages/airflow/example_dags/example_trigger_target_dag.py
[2024-05-01T23:48:22.738-0500] {logging_mixin.py:188} INFO - [2024-05-01T23:48:22.738-0500] {dag.py:3096} INFO - Sync 1 DAGs
[2024-05-01T23:48:22.767-0500] {logging_mixin.py:188} INFO - [2024-05-01T23:48:22.767-0500] {dag.py:3954} INFO - Setting next_dagrun for example_trigger_target_dag to None, run_after=None
[2024-05-01T23:48:22.775-0500] {processor.py:183} INFO - Processing /Users/nestoralfaro/Desktop/pbi-scenario-two/py_env/lib/python3.9/site-packages/airflow/example_dags/example_trigger_target_dag.py took 0.101 seconds
[2024-05-01T23:49:18.793-0500] {processor.py:161} INFO - Started process (PID=35550) to work on /Users/nestoralfaro/Desktop/pbi-scenario-two/py_env/lib/python3.9/site-packages/airflow/example_dags/example_trigger_target_dag.py
[2024-05-01T23:49:18.796-0500] {processor.py:830} INFO - Processing file /Users/nestoralfaro/Desktop/pbi-scenario-two/py_env/lib/python3.9/site-packages/airflow/example_dags/example_trigger_target_dag.py for tasks to queue
[2024-05-01T23:49:18.796-0500] {logging_mixin.py:188} INFO - [2024-05-01T23:49:18.796-0500] {dagbag.py:540} INFO - Filling up the DagBag from /Users/nestoralfaro/Desktop/pbi-scenario-two/py_env/lib/python3.9/site-packages/airflow/example_dags/example_trigger_target_dag.py
[2024-05-01T23:49:18.813-0500] {processor.py:840} INFO - DAG(s) 'example_trigger_target_dag' retrieved from /Users/nestoralfaro/Desktop/pbi-scenario-two/py_env/lib/python3.9/site-packages/airflow/example_dags/example_trigger_target_dag.py
[2024-05-01T23:49:18.857-0500] {logging_mixin.py:188} INFO - [2024-05-01T23:49:18.857-0500] {dag.py:3096} INFO - Sync 1 DAGs
[2024-05-01T23:49:18.886-0500] {logging_mixin.py:188} INFO - [2024-05-01T23:49:18.886-0500] {dag.py:3954} INFO - Setting next_dagrun for example_trigger_target_dag to None, run_after=None
[2024-05-01T23:49:18.894-0500] {processor.py:183} INFO - Processing /Users/nestoralfaro/Desktop/pbi-scenario-two/py_env/lib/python3.9/site-packages/airflow/example_dags/example_trigger_target_dag.py took 0.103 seconds
[2024-05-01T23:50:19.059-0500] {processor.py:161} INFO - Started process (PID=35586) to work on /Users/nestoralfaro/Desktop/pbi-scenario-two/py_env/lib/python3.9/site-packages/airflow/example_dags/example_trigger_target_dag.py
[2024-05-01T23:50:19.060-0500] {processor.py:830} INFO - Processing file /Users/nestoralfaro/Desktop/pbi-scenario-two/py_env/lib/python3.9/site-packages/airflow/example_dags/example_trigger_target_dag.py for tasks to queue
[2024-05-01T23:50:19.060-0500] {logging_mixin.py:188} INFO - [2024-05-01T23:50:19.060-0500] {dagbag.py:540} INFO - Filling up the DagBag from /Users/nestoralfaro/Desktop/pbi-scenario-two/py_env/lib/python3.9/site-packages/airflow/example_dags/example_trigger_target_dag.py
[2024-05-01T23:50:19.077-0500] {processor.py:840} INFO - DAG(s) 'example_trigger_target_dag' retrieved from /Users/nestoralfaro/Desktop/pbi-scenario-two/py_env/lib/python3.9/site-packages/airflow/example_dags/example_trigger_target_dag.py
[2024-05-01T23:50:19.119-0500] {logging_mixin.py:188} INFO - [2024-05-01T23:50:19.118-0500] {dag.py:3096} INFO - Sync 1 DAGs
[2024-05-01T23:50:19.146-0500] {logging_mixin.py:188} INFO - [2024-05-01T23:50:19.146-0500] {dag.py:3954} INFO - Setting next_dagrun for example_trigger_target_dag to None, run_after=None
[2024-05-01T23:50:19.154-0500] {processor.py:183} INFO - Processing /Users/nestoralfaro/Desktop/pbi-scenario-two/py_env/lib/python3.9/site-packages/airflow/example_dags/example_trigger_target_dag.py took 0.096 seconds
[2024-05-01T23:51:14.609-0500] {processor.py:161} INFO - Started process (PID=35621) to work on /Users/nestoralfaro/Desktop/pbi-scenario-two/py_env/lib/python3.9/site-packages/airflow/example_dags/example_trigger_target_dag.py
[2024-05-01T23:51:14.610-0500] {processor.py:830} INFO - Processing file /Users/nestoralfaro/Desktop/pbi-scenario-two/py_env/lib/python3.9/site-packages/airflow/example_dags/example_trigger_target_dag.py for tasks to queue
[2024-05-01T23:51:14.610-0500] {logging_mixin.py:188} INFO - [2024-05-01T23:51:14.610-0500] {dagbag.py:540} INFO - Filling up the DagBag from /Users/nestoralfaro/Desktop/pbi-scenario-two/py_env/lib/python3.9/site-packages/airflow/example_dags/example_trigger_target_dag.py
[2024-05-01T23:51:14.625-0500] {processor.py:840} INFO - DAG(s) 'example_trigger_target_dag' retrieved from /Users/nestoralfaro/Desktop/pbi-scenario-two/py_env/lib/python3.9/site-packages/airflow/example_dags/example_trigger_target_dag.py
[2024-05-01T23:51:14.667-0500] {logging_mixin.py:188} INFO - [2024-05-01T23:51:14.667-0500] {dag.py:3096} INFO - Sync 1 DAGs
[2024-05-01T23:51:14.698-0500] {logging_mixin.py:188} INFO - [2024-05-01T23:51:14.698-0500] {dag.py:3954} INFO - Setting next_dagrun for example_trigger_target_dag to None, run_after=None
[2024-05-01T23:51:14.707-0500] {processor.py:183} INFO - Processing /Users/nestoralfaro/Desktop/pbi-scenario-two/py_env/lib/python3.9/site-packages/airflow/example_dags/example_trigger_target_dag.py took 0.099 seconds
[2024-05-01T23:52:10.721-0500] {processor.py:161} INFO - Started process (PID=35671) to work on /Users/nestoralfaro/Desktop/pbi-scenario-two/py_env/lib/python3.9/site-packages/airflow/example_dags/example_trigger_target_dag.py
[2024-05-01T23:52:10.723-0500] {processor.py:830} INFO - Processing file /Users/nestoralfaro/Desktop/pbi-scenario-two/py_env/lib/python3.9/site-packages/airflow/example_dags/example_trigger_target_dag.py for tasks to queue
[2024-05-01T23:52:10.723-0500] {logging_mixin.py:188} INFO - [2024-05-01T23:52:10.723-0500] {dagbag.py:540} INFO - Filling up the DagBag from /Users/nestoralfaro/Desktop/pbi-scenario-two/py_env/lib/python3.9/site-packages/airflow/example_dags/example_trigger_target_dag.py
[2024-05-01T23:52:10.738-0500] {processor.py:840} INFO - DAG(s) 'example_trigger_target_dag' retrieved from /Users/nestoralfaro/Desktop/pbi-scenario-two/py_env/lib/python3.9/site-packages/airflow/example_dags/example_trigger_target_dag.py
[2024-05-01T23:52:10.781-0500] {logging_mixin.py:188} INFO - [2024-05-01T23:52:10.780-0500] {dag.py:3096} INFO - Sync 1 DAGs
[2024-05-01T23:52:10.809-0500] {logging_mixin.py:188} INFO - [2024-05-01T23:52:10.809-0500] {dag.py:3954} INFO - Setting next_dagrun for example_trigger_target_dag to None, run_after=None
[2024-05-01T23:52:10.817-0500] {processor.py:183} INFO - Processing /Users/nestoralfaro/Desktop/pbi-scenario-two/py_env/lib/python3.9/site-packages/airflow/example_dags/example_trigger_target_dag.py took 0.096 seconds
[2024-05-01T23:53:10.551-0500] {processor.py:161} INFO - Started process (PID=35706) to work on /Users/nestoralfaro/Desktop/pbi-scenario-two/py_env/lib/python3.9/site-packages/airflow/example_dags/example_trigger_target_dag.py
[2024-05-01T23:53:10.552-0500] {processor.py:830} INFO - Processing file /Users/nestoralfaro/Desktop/pbi-scenario-two/py_env/lib/python3.9/site-packages/airflow/example_dags/example_trigger_target_dag.py for tasks to queue
[2024-05-01T23:53:10.552-0500] {logging_mixin.py:188} INFO - [2024-05-01T23:53:10.552-0500] {dagbag.py:540} INFO - Filling up the DagBag from /Users/nestoralfaro/Desktop/pbi-scenario-two/py_env/lib/python3.9/site-packages/airflow/example_dags/example_trigger_target_dag.py
[2024-05-01T23:53:10.568-0500] {processor.py:840} INFO - DAG(s) 'example_trigger_target_dag' retrieved from /Users/nestoralfaro/Desktop/pbi-scenario-two/py_env/lib/python3.9/site-packages/airflow/example_dags/example_trigger_target_dag.py
[2024-05-01T23:53:10.610-0500] {logging_mixin.py:188} INFO - [2024-05-01T23:53:10.610-0500] {dag.py:3096} INFO - Sync 1 DAGs
[2024-05-01T23:53:10.639-0500] {logging_mixin.py:188} INFO - [2024-05-01T23:53:10.639-0500] {dag.py:3954} INFO - Setting next_dagrun for example_trigger_target_dag to None, run_after=None
[2024-05-01T23:53:10.646-0500] {processor.py:183} INFO - Processing /Users/nestoralfaro/Desktop/pbi-scenario-two/py_env/lib/python3.9/site-packages/airflow/example_dags/example_trigger_target_dag.py took 0.097 seconds
[2024-05-01T23:54:08.665-0500] {processor.py:161} INFO - Started process (PID=35740) to work on /Users/nestoralfaro/Desktop/pbi-scenario-two/py_env/lib/python3.9/site-packages/airflow/example_dags/example_trigger_target_dag.py
[2024-05-01T23:54:08.666-0500] {processor.py:830} INFO - Processing file /Users/nestoralfaro/Desktop/pbi-scenario-two/py_env/lib/python3.9/site-packages/airflow/example_dags/example_trigger_target_dag.py for tasks to queue
[2024-05-01T23:54:08.667-0500] {logging_mixin.py:188} INFO - [2024-05-01T23:54:08.667-0500] {dagbag.py:540} INFO - Filling up the DagBag from /Users/nestoralfaro/Desktop/pbi-scenario-two/py_env/lib/python3.9/site-packages/airflow/example_dags/example_trigger_target_dag.py
[2024-05-01T23:54:08.682-0500] {processor.py:840} INFO - DAG(s) 'example_trigger_target_dag' retrieved from /Users/nestoralfaro/Desktop/pbi-scenario-two/py_env/lib/python3.9/site-packages/airflow/example_dags/example_trigger_target_dag.py
[2024-05-01T23:54:08.726-0500] {logging_mixin.py:188} INFO - [2024-05-01T23:54:08.726-0500] {dag.py:3096} INFO - Sync 1 DAGs
[2024-05-01T23:54:08.756-0500] {logging_mixin.py:188} INFO - [2024-05-01T23:54:08.756-0500] {dag.py:3954} INFO - Setting next_dagrun for example_trigger_target_dag to None, run_after=None
[2024-05-01T23:54:08.764-0500] {processor.py:183} INFO - Processing /Users/nestoralfaro/Desktop/pbi-scenario-two/py_env/lib/python3.9/site-packages/airflow/example_dags/example_trigger_target_dag.py took 0.100 seconds
[2024-05-01T23:55:05.572-0500] {processor.py:161} INFO - Started process (PID=35775) to work on /Users/nestoralfaro/Desktop/pbi-scenario-two/py_env/lib/python3.9/site-packages/airflow/example_dags/example_trigger_target_dag.py
[2024-05-01T23:55:05.573-0500] {processor.py:830} INFO - Processing file /Users/nestoralfaro/Desktop/pbi-scenario-two/py_env/lib/python3.9/site-packages/airflow/example_dags/example_trigger_target_dag.py for tasks to queue
[2024-05-01T23:55:05.573-0500] {logging_mixin.py:188} INFO - [2024-05-01T23:55:05.573-0500] {dagbag.py:540} INFO - Filling up the DagBag from /Users/nestoralfaro/Desktop/pbi-scenario-two/py_env/lib/python3.9/site-packages/airflow/example_dags/example_trigger_target_dag.py
[2024-05-01T23:55:05.589-0500] {processor.py:840} INFO - DAG(s) 'example_trigger_target_dag' retrieved from /Users/nestoralfaro/Desktop/pbi-scenario-two/py_env/lib/python3.9/site-packages/airflow/example_dags/example_trigger_target_dag.py
[2024-05-01T23:55:05.634-0500] {logging_mixin.py:188} INFO - [2024-05-01T23:55:05.633-0500] {dag.py:3096} INFO - Sync 1 DAGs
[2024-05-01T23:55:05.664-0500] {logging_mixin.py:188} INFO - [2024-05-01T23:55:05.664-0500] {dag.py:3954} INFO - Setting next_dagrun for example_trigger_target_dag to None, run_after=None
[2024-05-01T23:55:05.673-0500] {processor.py:183} INFO - Processing /Users/nestoralfaro/Desktop/pbi-scenario-two/py_env/lib/python3.9/site-packages/airflow/example_dags/example_trigger_target_dag.py took 0.102 seconds
[2024-05-01T23:56:04.745-0500] {processor.py:161} INFO - Started process (PID=35810) to work on /Users/nestoralfaro/Desktop/pbi-scenario-two/py_env/lib/python3.9/site-packages/airflow/example_dags/example_trigger_target_dag.py
[2024-05-01T23:56:04.746-0500] {processor.py:830} INFO - Processing file /Users/nestoralfaro/Desktop/pbi-scenario-two/py_env/lib/python3.9/site-packages/airflow/example_dags/example_trigger_target_dag.py for tasks to queue
[2024-05-01T23:56:04.747-0500] {logging_mixin.py:188} INFO - [2024-05-01T23:56:04.747-0500] {dagbag.py:540} INFO - Filling up the DagBag from /Users/nestoralfaro/Desktop/pbi-scenario-two/py_env/lib/python3.9/site-packages/airflow/example_dags/example_trigger_target_dag.py
[2024-05-01T23:56:04.761-0500] {processor.py:840} INFO - DAG(s) 'example_trigger_target_dag' retrieved from /Users/nestoralfaro/Desktop/pbi-scenario-two/py_env/lib/python3.9/site-packages/airflow/example_dags/example_trigger_target_dag.py
[2024-05-01T23:56:04.800-0500] {logging_mixin.py:188} INFO - [2024-05-01T23:56:04.800-0500] {dag.py:3096} INFO - Sync 1 DAGs
[2024-05-01T23:56:04.825-0500] {logging_mixin.py:188} INFO - [2024-05-01T23:56:04.825-0500] {dag.py:3954} INFO - Setting next_dagrun for example_trigger_target_dag to None, run_after=None
[2024-05-01T23:56:04.833-0500] {processor.py:183} INFO - Processing /Users/nestoralfaro/Desktop/pbi-scenario-two/py_env/lib/python3.9/site-packages/airflow/example_dags/example_trigger_target_dag.py took 0.089 seconds
[2024-05-01T23:56:58.120-0500] {processor.py:161} INFO - Started process (PID=35844) to work on /Users/nestoralfaro/Desktop/pbi-scenario-two/py_env/lib/python3.9/site-packages/airflow/example_dags/example_trigger_target_dag.py
[2024-05-01T23:56:58.122-0500] {processor.py:830} INFO - Processing file /Users/nestoralfaro/Desktop/pbi-scenario-two/py_env/lib/python3.9/site-packages/airflow/example_dags/example_trigger_target_dag.py for tasks to queue
[2024-05-01T23:56:58.122-0500] {logging_mixin.py:188} INFO - [2024-05-01T23:56:58.122-0500] {dagbag.py:540} INFO - Filling up the DagBag from /Users/nestoralfaro/Desktop/pbi-scenario-two/py_env/lib/python3.9/site-packages/airflow/example_dags/example_trigger_target_dag.py
[2024-05-01T23:56:58.137-0500] {processor.py:840} INFO - DAG(s) 'example_trigger_target_dag' retrieved from /Users/nestoralfaro/Desktop/pbi-scenario-two/py_env/lib/python3.9/site-packages/airflow/example_dags/example_trigger_target_dag.py
[2024-05-01T23:56:58.176-0500] {logging_mixin.py:188} INFO - [2024-05-01T23:56:58.176-0500] {dag.py:3096} INFO - Sync 1 DAGs
[2024-05-01T23:56:58.202-0500] {logging_mixin.py:188} INFO - [2024-05-01T23:56:58.201-0500] {dag.py:3954} INFO - Setting next_dagrun for example_trigger_target_dag to None, run_after=None
[2024-05-01T23:56:58.209-0500] {processor.py:183} INFO - Processing /Users/nestoralfaro/Desktop/pbi-scenario-two/py_env/lib/python3.9/site-packages/airflow/example_dags/example_trigger_target_dag.py took 0.090 seconds
[2024-05-01T23:57:53.851-0500] {processor.py:161} INFO - Started process (PID=35877) to work on /Users/nestoralfaro/Desktop/pbi-scenario-two/py_env/lib/python3.9/site-packages/airflow/example_dags/example_trigger_target_dag.py
[2024-05-01T23:57:53.853-0500] {processor.py:830} INFO - Processing file /Users/nestoralfaro/Desktop/pbi-scenario-two/py_env/lib/python3.9/site-packages/airflow/example_dags/example_trigger_target_dag.py for tasks to queue
[2024-05-01T23:57:53.853-0500] {logging_mixin.py:188} INFO - [2024-05-01T23:57:53.853-0500] {dagbag.py:540} INFO - Filling up the DagBag from /Users/nestoralfaro/Desktop/pbi-scenario-two/py_env/lib/python3.9/site-packages/airflow/example_dags/example_trigger_target_dag.py
[2024-05-01T23:57:53.869-0500] {processor.py:840} INFO - DAG(s) 'example_trigger_target_dag' retrieved from /Users/nestoralfaro/Desktop/pbi-scenario-two/py_env/lib/python3.9/site-packages/airflow/example_dags/example_trigger_target_dag.py
[2024-05-01T23:57:53.911-0500] {logging_mixin.py:188} INFO - [2024-05-01T23:57:53.911-0500] {dag.py:3096} INFO - Sync 1 DAGs
[2024-05-01T23:57:53.937-0500] {logging_mixin.py:188} INFO - [2024-05-01T23:57:53.936-0500] {dag.py:3954} INFO - Setting next_dagrun for example_trigger_target_dag to None, run_after=None
[2024-05-01T23:57:53.944-0500] {processor.py:183} INFO - Processing /Users/nestoralfaro/Desktop/pbi-scenario-two/py_env/lib/python3.9/site-packages/airflow/example_dags/example_trigger_target_dag.py took 0.094 seconds
[2024-05-01T23:58:51.443-0500] {processor.py:161} INFO - Started process (PID=35912) to work on /Users/nestoralfaro/Desktop/pbi-scenario-two/py_env/lib/python3.9/site-packages/airflow/example_dags/example_trigger_target_dag.py
[2024-05-01T23:58:51.444-0500] {processor.py:830} INFO - Processing file /Users/nestoralfaro/Desktop/pbi-scenario-two/py_env/lib/python3.9/site-packages/airflow/example_dags/example_trigger_target_dag.py for tasks to queue
[2024-05-01T23:58:51.444-0500] {logging_mixin.py:188} INFO - [2024-05-01T23:58:51.444-0500] {dagbag.py:540} INFO - Filling up the DagBag from /Users/nestoralfaro/Desktop/pbi-scenario-two/py_env/lib/python3.9/site-packages/airflow/example_dags/example_trigger_target_dag.py
[2024-05-01T23:58:51.459-0500] {processor.py:840} INFO - DAG(s) 'example_trigger_target_dag' retrieved from /Users/nestoralfaro/Desktop/pbi-scenario-two/py_env/lib/python3.9/site-packages/airflow/example_dags/example_trigger_target_dag.py
[2024-05-01T23:58:51.498-0500] {logging_mixin.py:188} INFO - [2024-05-01T23:58:51.498-0500] {dag.py:3096} INFO - Sync 1 DAGs
[2024-05-01T23:58:51.524-0500] {logging_mixin.py:188} INFO - [2024-05-01T23:58:51.524-0500] {dag.py:3954} INFO - Setting next_dagrun for example_trigger_target_dag to None, run_after=None
[2024-05-01T23:58:51.531-0500] {processor.py:183} INFO - Processing /Users/nestoralfaro/Desktop/pbi-scenario-two/py_env/lib/python3.9/site-packages/airflow/example_dags/example_trigger_target_dag.py took 0.089 seconds
[2024-05-01T23:59:47.304-0500] {processor.py:161} INFO - Started process (PID=35949) to work on /Users/nestoralfaro/Desktop/pbi-scenario-two/py_env/lib/python3.9/site-packages/airflow/example_dags/example_trigger_target_dag.py
[2024-05-01T23:59:47.305-0500] {processor.py:830} INFO - Processing file /Users/nestoralfaro/Desktop/pbi-scenario-two/py_env/lib/python3.9/site-packages/airflow/example_dags/example_trigger_target_dag.py for tasks to queue
[2024-05-01T23:59:47.305-0500] {logging_mixin.py:188} INFO - [2024-05-01T23:59:47.305-0500] {dagbag.py:540} INFO - Filling up the DagBag from /Users/nestoralfaro/Desktop/pbi-scenario-two/py_env/lib/python3.9/site-packages/airflow/example_dags/example_trigger_target_dag.py
[2024-05-01T23:59:47.320-0500] {processor.py:840} INFO - DAG(s) 'example_trigger_target_dag' retrieved from /Users/nestoralfaro/Desktop/pbi-scenario-two/py_env/lib/python3.9/site-packages/airflow/example_dags/example_trigger_target_dag.py
[2024-05-01T23:59:47.360-0500] {logging_mixin.py:188} INFO - [2024-05-01T23:59:47.360-0500] {dag.py:3096} INFO - Sync 1 DAGs
[2024-05-01T23:59:47.386-0500] {logging_mixin.py:188} INFO - [2024-05-01T23:59:47.386-0500] {dag.py:3954} INFO - Setting next_dagrun for example_trigger_target_dag to None, run_after=None
[2024-05-01T23:59:47.393-0500] {processor.py:183} INFO - Processing /Users/nestoralfaro/Desktop/pbi-scenario-two/py_env/lib/python3.9/site-packages/airflow/example_dags/example_trigger_target_dag.py took 0.091 seconds
[2024-05-02T00:00:39.718-0500] {processor.py:161} INFO - Started process (PID=36007) to work on /Users/nestoralfaro/Desktop/pbi-scenario-two/py_env/lib/python3.9/site-packages/airflow/example_dags/example_trigger_target_dag.py
[2024-05-02T00:00:39.720-0500] {processor.py:830} INFO - Processing file /Users/nestoralfaro/Desktop/pbi-scenario-two/py_env/lib/python3.9/site-packages/airflow/example_dags/example_trigger_target_dag.py for tasks to queue
[2024-05-02T00:00:39.720-0500] {logging_mixin.py:188} INFO - [2024-05-02T00:00:39.720-0500] {dagbag.py:540} INFO - Filling up the DagBag from /Users/nestoralfaro/Desktop/pbi-scenario-two/py_env/lib/python3.9/site-packages/airflow/example_dags/example_trigger_target_dag.py
[2024-05-02T00:00:39.736-0500] {processor.py:840} INFO - DAG(s) 'example_trigger_target_dag' retrieved from /Users/nestoralfaro/Desktop/pbi-scenario-two/py_env/lib/python3.9/site-packages/airflow/example_dags/example_trigger_target_dag.py
[2024-05-02T00:00:39.779-0500] {logging_mixin.py:188} INFO - [2024-05-02T00:00:39.778-0500] {dag.py:3096} INFO - Sync 1 DAGs
[2024-05-02T00:00:39.805-0500] {logging_mixin.py:188} INFO - [2024-05-02T00:00:39.805-0500] {dag.py:3954} INFO - Setting next_dagrun for example_trigger_target_dag to None, run_after=None
[2024-05-02T00:00:39.813-0500] {processor.py:183} INFO - Processing /Users/nestoralfaro/Desktop/pbi-scenario-two/py_env/lib/python3.9/site-packages/airflow/example_dags/example_trigger_target_dag.py took 0.097 seconds
[2024-05-02T00:01:37.941-0500] {processor.py:161} INFO - Started process (PID=36046) to work on /Users/nestoralfaro/Desktop/pbi-scenario-two/py_env/lib/python3.9/site-packages/airflow/example_dags/example_trigger_target_dag.py
[2024-05-02T00:01:37.942-0500] {processor.py:830} INFO - Processing file /Users/nestoralfaro/Desktop/pbi-scenario-two/py_env/lib/python3.9/site-packages/airflow/example_dags/example_trigger_target_dag.py for tasks to queue
[2024-05-02T00:01:37.943-0500] {logging_mixin.py:188} INFO - [2024-05-02T00:01:37.943-0500] {dagbag.py:540} INFO - Filling up the DagBag from /Users/nestoralfaro/Desktop/pbi-scenario-two/py_env/lib/python3.9/site-packages/airflow/example_dags/example_trigger_target_dag.py
[2024-05-02T00:01:37.958-0500] {processor.py:840} INFO - DAG(s) 'example_trigger_target_dag' retrieved from /Users/nestoralfaro/Desktop/pbi-scenario-two/py_env/lib/python3.9/site-packages/airflow/example_dags/example_trigger_target_dag.py
[2024-05-02T00:01:38.001-0500] {logging_mixin.py:188} INFO - [2024-05-02T00:01:38.001-0500] {dag.py:3096} INFO - Sync 1 DAGs
[2024-05-02T00:01:38.029-0500] {logging_mixin.py:188} INFO - [2024-05-02T00:01:38.029-0500] {dag.py:3954} INFO - Setting next_dagrun for example_trigger_target_dag to None, run_after=None
[2024-05-02T00:01:38.037-0500] {processor.py:183} INFO - Processing /Users/nestoralfaro/Desktop/pbi-scenario-two/py_env/lib/python3.9/site-packages/airflow/example_dags/example_trigger_target_dag.py took 0.097 seconds
[2024-05-02T00:02:37.385-0500] {processor.py:161} INFO - Started process (PID=36088) to work on /Users/nestoralfaro/Desktop/pbi-scenario-two/py_env/lib/python3.9/site-packages/airflow/example_dags/example_trigger_target_dag.py
[2024-05-02T00:02:37.387-0500] {processor.py:830} INFO - Processing file /Users/nestoralfaro/Desktop/pbi-scenario-two/py_env/lib/python3.9/site-packages/airflow/example_dags/example_trigger_target_dag.py for tasks to queue
[2024-05-02T00:02:37.388-0500] {logging_mixin.py:188} INFO - [2024-05-02T00:02:37.388-0500] {dagbag.py:540} INFO - Filling up the DagBag from /Users/nestoralfaro/Desktop/pbi-scenario-two/py_env/lib/python3.9/site-packages/airflow/example_dags/example_trigger_target_dag.py
[2024-05-02T00:02:37.402-0500] {processor.py:840} INFO - DAG(s) 'example_trigger_target_dag' retrieved from /Users/nestoralfaro/Desktop/pbi-scenario-two/py_env/lib/python3.9/site-packages/airflow/example_dags/example_trigger_target_dag.py
[2024-05-02T00:02:37.441-0500] {logging_mixin.py:188} INFO - [2024-05-02T00:02:37.441-0500] {dag.py:3096} INFO - Sync 1 DAGs
[2024-05-02T00:02:37.468-0500] {logging_mixin.py:188} INFO - [2024-05-02T00:02:37.468-0500] {dag.py:3954} INFO - Setting next_dagrun for example_trigger_target_dag to None, run_after=None
[2024-05-02T00:02:37.475-0500] {processor.py:183} INFO - Processing /Users/nestoralfaro/Desktop/pbi-scenario-two/py_env/lib/python3.9/site-packages/airflow/example_dags/example_trigger_target_dag.py took 0.091 seconds
[2024-05-02T00:03:36.717-0500] {processor.py:161} INFO - Started process (PID=36127) to work on /Users/nestoralfaro/Desktop/pbi-scenario-two/py_env/lib/python3.9/site-packages/airflow/example_dags/example_trigger_target_dag.py
[2024-05-02T00:03:36.719-0500] {processor.py:830} INFO - Processing file /Users/nestoralfaro/Desktop/pbi-scenario-two/py_env/lib/python3.9/site-packages/airflow/example_dags/example_trigger_target_dag.py for tasks to queue
[2024-05-02T00:03:36.720-0500] {logging_mixin.py:188} INFO - [2024-05-02T00:03:36.719-0500] {dagbag.py:540} INFO - Filling up the DagBag from /Users/nestoralfaro/Desktop/pbi-scenario-two/py_env/lib/python3.9/site-packages/airflow/example_dags/example_trigger_target_dag.py
[2024-05-02T00:03:36.735-0500] {processor.py:840} INFO - DAG(s) 'example_trigger_target_dag' retrieved from /Users/nestoralfaro/Desktop/pbi-scenario-two/py_env/lib/python3.9/site-packages/airflow/example_dags/example_trigger_target_dag.py
[2024-05-02T00:03:36.775-0500] {logging_mixin.py:188} INFO - [2024-05-02T00:03:36.775-0500] {dag.py:3096} INFO - Sync 1 DAGs
[2024-05-02T00:03:36.802-0500] {logging_mixin.py:188} INFO - [2024-05-02T00:03:36.802-0500] {dag.py:3954} INFO - Setting next_dagrun for example_trigger_target_dag to None, run_after=None
[2024-05-02T00:03:36.809-0500] {processor.py:183} INFO - Processing /Users/nestoralfaro/Desktop/pbi-scenario-two/py_env/lib/python3.9/site-packages/airflow/example_dags/example_trigger_target_dag.py took 0.094 seconds
[2024-05-02T00:04:33.991-0500] {processor.py:161} INFO - Started process (PID=36166) to work on /Users/nestoralfaro/Desktop/pbi-scenario-two/py_env/lib/python3.9/site-packages/airflow/example_dags/example_trigger_target_dag.py
[2024-05-02T00:04:33.993-0500] {processor.py:830} INFO - Processing file /Users/nestoralfaro/Desktop/pbi-scenario-two/py_env/lib/python3.9/site-packages/airflow/example_dags/example_trigger_target_dag.py for tasks to queue
[2024-05-02T00:04:33.993-0500] {logging_mixin.py:188} INFO - [2024-05-02T00:04:33.993-0500] {dagbag.py:540} INFO - Filling up the DagBag from /Users/nestoralfaro/Desktop/pbi-scenario-two/py_env/lib/python3.9/site-packages/airflow/example_dags/example_trigger_target_dag.py
[2024-05-02T00:04:34.011-0500] {processor.py:840} INFO - DAG(s) 'example_trigger_target_dag' retrieved from /Users/nestoralfaro/Desktop/pbi-scenario-two/py_env/lib/python3.9/site-packages/airflow/example_dags/example_trigger_target_dag.py
[2024-05-02T00:04:34.057-0500] {logging_mixin.py:188} INFO - [2024-05-02T00:04:34.057-0500] {dag.py:3096} INFO - Sync 1 DAGs
[2024-05-02T00:04:34.090-0500] {logging_mixin.py:188} INFO - [2024-05-02T00:04:34.090-0500] {dag.py:3954} INFO - Setting next_dagrun for example_trigger_target_dag to None, run_after=None
[2024-05-02T00:04:34.098-0500] {processor.py:183} INFO - Processing /Users/nestoralfaro/Desktop/pbi-scenario-two/py_env/lib/python3.9/site-packages/airflow/example_dags/example_trigger_target_dag.py took 0.109 seconds
[2024-05-02T00:05:28.457-0500] {processor.py:161} INFO - Started process (PID=36202) to work on /Users/nestoralfaro/Desktop/pbi-scenario-two/py_env/lib/python3.9/site-packages/airflow/example_dags/example_trigger_target_dag.py
[2024-05-02T00:05:28.460-0500] {processor.py:830} INFO - Processing file /Users/nestoralfaro/Desktop/pbi-scenario-two/py_env/lib/python3.9/site-packages/airflow/example_dags/example_trigger_target_dag.py for tasks to queue
[2024-05-02T00:05:28.460-0500] {logging_mixin.py:188} INFO - [2024-05-02T00:05:28.460-0500] {dagbag.py:540} INFO - Filling up the DagBag from /Users/nestoralfaro/Desktop/pbi-scenario-two/py_env/lib/python3.9/site-packages/airflow/example_dags/example_trigger_target_dag.py
[2024-05-02T00:05:28.476-0500] {processor.py:840} INFO - DAG(s) 'example_trigger_target_dag' retrieved from /Users/nestoralfaro/Desktop/pbi-scenario-two/py_env/lib/python3.9/site-packages/airflow/example_dags/example_trigger_target_dag.py
[2024-05-02T00:05:28.518-0500] {logging_mixin.py:188} INFO - [2024-05-02T00:05:28.518-0500] {dag.py:3096} INFO - Sync 1 DAGs
[2024-05-02T00:05:28.547-0500] {logging_mixin.py:188} INFO - [2024-05-02T00:05:28.547-0500] {dag.py:3954} INFO - Setting next_dagrun for example_trigger_target_dag to None, run_after=None
[2024-05-02T00:05:28.556-0500] {processor.py:183} INFO - Processing /Users/nestoralfaro/Desktop/pbi-scenario-two/py_env/lib/python3.9/site-packages/airflow/example_dags/example_trigger_target_dag.py took 0.100 seconds
[2024-05-02T00:06:26.236-0500] {processor.py:161} INFO - Started process (PID=36246) to work on /Users/nestoralfaro/Desktop/pbi-scenario-two/py_env/lib/python3.9/site-packages/airflow/example_dags/example_trigger_target_dag.py
[2024-05-02T00:06:26.238-0500] {processor.py:830} INFO - Processing file /Users/nestoralfaro/Desktop/pbi-scenario-two/py_env/lib/python3.9/site-packages/airflow/example_dags/example_trigger_target_dag.py for tasks to queue
[2024-05-02T00:06:26.239-0500] {logging_mixin.py:188} INFO - [2024-05-02T00:06:26.238-0500] {dagbag.py:540} INFO - Filling up the DagBag from /Users/nestoralfaro/Desktop/pbi-scenario-two/py_env/lib/python3.9/site-packages/airflow/example_dags/example_trigger_target_dag.py
[2024-05-02T00:06:26.253-0500] {processor.py:840} INFO - DAG(s) 'example_trigger_target_dag' retrieved from /Users/nestoralfaro/Desktop/pbi-scenario-two/py_env/lib/python3.9/site-packages/airflow/example_dags/example_trigger_target_dag.py
[2024-05-02T00:06:26.293-0500] {logging_mixin.py:188} INFO - [2024-05-02T00:06:26.293-0500] {dag.py:3096} INFO - Sync 1 DAGs
[2024-05-02T00:06:26.319-0500] {logging_mixin.py:188} INFO - [2024-05-02T00:06:26.319-0500] {dag.py:3954} INFO - Setting next_dagrun for example_trigger_target_dag to None, run_after=None
[2024-05-02T00:06:26.326-0500] {processor.py:183} INFO - Processing /Users/nestoralfaro/Desktop/pbi-scenario-two/py_env/lib/python3.9/site-packages/airflow/example_dags/example_trigger_target_dag.py took 0.092 seconds
[2024-05-02T00:07:21.292-0500] {processor.py:161} INFO - Started process (PID=36289) to work on /Users/nestoralfaro/Desktop/pbi-scenario-two/py_env/lib/python3.9/site-packages/airflow/example_dags/example_trigger_target_dag.py
[2024-05-02T00:07:21.293-0500] {processor.py:830} INFO - Processing file /Users/nestoralfaro/Desktop/pbi-scenario-two/py_env/lib/python3.9/site-packages/airflow/example_dags/example_trigger_target_dag.py for tasks to queue
[2024-05-02T00:07:21.293-0500] {logging_mixin.py:188} INFO - [2024-05-02T00:07:21.293-0500] {dagbag.py:540} INFO - Filling up the DagBag from /Users/nestoralfaro/Desktop/pbi-scenario-two/py_env/lib/python3.9/site-packages/airflow/example_dags/example_trigger_target_dag.py
[2024-05-02T00:07:21.308-0500] {processor.py:840} INFO - DAG(s) 'example_trigger_target_dag' retrieved from /Users/nestoralfaro/Desktop/pbi-scenario-two/py_env/lib/python3.9/site-packages/airflow/example_dags/example_trigger_target_dag.py
[2024-05-02T00:07:21.347-0500] {logging_mixin.py:188} INFO - [2024-05-02T00:07:21.347-0500] {dag.py:3096} INFO - Sync 1 DAGs
[2024-05-02T00:07:21.373-0500] {logging_mixin.py:188} INFO - [2024-05-02T00:07:21.373-0500] {dag.py:3954} INFO - Setting next_dagrun for example_trigger_target_dag to None, run_after=None
[2024-05-02T00:07:21.380-0500] {processor.py:183} INFO - Processing /Users/nestoralfaro/Desktop/pbi-scenario-two/py_env/lib/python3.9/site-packages/airflow/example_dags/example_trigger_target_dag.py took 0.090 seconds
[2024-05-02T00:08:13.413-0500] {processor.py:161} INFO - Started process (PID=36323) to work on /Users/nestoralfaro/Desktop/pbi-scenario-two/py_env/lib/python3.9/site-packages/airflow/example_dags/example_trigger_target_dag.py
[2024-05-02T00:08:13.414-0500] {processor.py:830} INFO - Processing file /Users/nestoralfaro/Desktop/pbi-scenario-two/py_env/lib/python3.9/site-packages/airflow/example_dags/example_trigger_target_dag.py for tasks to queue
[2024-05-02T00:08:13.415-0500] {logging_mixin.py:188} INFO - [2024-05-02T00:08:13.415-0500] {dagbag.py:540} INFO - Filling up the DagBag from /Users/nestoralfaro/Desktop/pbi-scenario-two/py_env/lib/python3.9/site-packages/airflow/example_dags/example_trigger_target_dag.py
[2024-05-02T00:08:13.429-0500] {processor.py:840} INFO - DAG(s) 'example_trigger_target_dag' retrieved from /Users/nestoralfaro/Desktop/pbi-scenario-two/py_env/lib/python3.9/site-packages/airflow/example_dags/example_trigger_target_dag.py
[2024-05-02T00:08:13.468-0500] {logging_mixin.py:188} INFO - [2024-05-02T00:08:13.468-0500] {dag.py:3096} INFO - Sync 1 DAGs
[2024-05-02T00:08:13.494-0500] {logging_mixin.py:188} INFO - [2024-05-02T00:08:13.494-0500] {dag.py:3954} INFO - Setting next_dagrun for example_trigger_target_dag to None, run_after=None
[2024-05-02T00:08:13.501-0500] {processor.py:183} INFO - Processing /Users/nestoralfaro/Desktop/pbi-scenario-two/py_env/lib/python3.9/site-packages/airflow/example_dags/example_trigger_target_dag.py took 0.089 seconds
[2024-05-02T00:09:11.697-0500] {processor.py:161} INFO - Started process (PID=36356) to work on /Users/nestoralfaro/Desktop/pbi-scenario-two/py_env/lib/python3.9/site-packages/airflow/example_dags/example_trigger_target_dag.py
[2024-05-02T00:09:11.700-0500] {processor.py:830} INFO - Processing file /Users/nestoralfaro/Desktop/pbi-scenario-two/py_env/lib/python3.9/site-packages/airflow/example_dags/example_trigger_target_dag.py for tasks to queue
[2024-05-02T00:09:11.700-0500] {logging_mixin.py:188} INFO - [2024-05-02T00:09:11.700-0500] {dagbag.py:540} INFO - Filling up the DagBag from /Users/nestoralfaro/Desktop/pbi-scenario-two/py_env/lib/python3.9/site-packages/airflow/example_dags/example_trigger_target_dag.py
[2024-05-02T00:09:11.716-0500] {processor.py:840} INFO - DAG(s) 'example_trigger_target_dag' retrieved from /Users/nestoralfaro/Desktop/pbi-scenario-two/py_env/lib/python3.9/site-packages/airflow/example_dags/example_trigger_target_dag.py
[2024-05-02T00:09:11.757-0500] {logging_mixin.py:188} INFO - [2024-05-02T00:09:11.756-0500] {dag.py:3096} INFO - Sync 1 DAGs
[2024-05-02T00:09:11.784-0500] {logging_mixin.py:188} INFO - [2024-05-02T00:09:11.784-0500] {dag.py:3954} INFO - Setting next_dagrun for example_trigger_target_dag to None, run_after=None
[2024-05-02T00:09:11.791-0500] {processor.py:183} INFO - Processing /Users/nestoralfaro/Desktop/pbi-scenario-two/py_env/lib/python3.9/site-packages/airflow/example_dags/example_trigger_target_dag.py took 0.095 seconds
[2024-05-02T00:10:08.989-0500] {processor.py:161} INFO - Started process (PID=36391) to work on /Users/nestoralfaro/Desktop/pbi-scenario-two/py_env/lib/python3.9/site-packages/airflow/example_dags/example_trigger_target_dag.py
[2024-05-02T00:10:08.991-0500] {processor.py:830} INFO - Processing file /Users/nestoralfaro/Desktop/pbi-scenario-two/py_env/lib/python3.9/site-packages/airflow/example_dags/example_trigger_target_dag.py for tasks to queue
[2024-05-02T00:10:08.992-0500] {logging_mixin.py:188} INFO - [2024-05-02T00:10:08.991-0500] {dagbag.py:540} INFO - Filling up the DagBag from /Users/nestoralfaro/Desktop/pbi-scenario-two/py_env/lib/python3.9/site-packages/airflow/example_dags/example_trigger_target_dag.py
[2024-05-02T00:10:09.010-0500] {processor.py:840} INFO - DAG(s) 'example_trigger_target_dag' retrieved from /Users/nestoralfaro/Desktop/pbi-scenario-two/py_env/lib/python3.9/site-packages/airflow/example_dags/example_trigger_target_dag.py
[2024-05-02T00:10:09.049-0500] {logging_mixin.py:188} INFO - [2024-05-02T00:10:09.049-0500] {dag.py:3096} INFO - Sync 1 DAGs
[2024-05-02T00:10:09.078-0500] {logging_mixin.py:188} INFO - [2024-05-02T00:10:09.077-0500] {dag.py:3954} INFO - Setting next_dagrun for example_trigger_target_dag to None, run_after=None
[2024-05-02T00:10:09.086-0500] {processor.py:183} INFO - Processing /Users/nestoralfaro/Desktop/pbi-scenario-two/py_env/lib/python3.9/site-packages/airflow/example_dags/example_trigger_target_dag.py took 0.099 seconds
[2024-05-02T00:11:18.018-0500] {processor.py:161} INFO - Started process (PID=36413) to work on /Users/nestoralfaro/Desktop/pbi-scenario-two/py_env/lib/python3.9/site-packages/airflow/example_dags/example_trigger_target_dag.py
[2024-05-02T00:11:18.021-0500] {processor.py:830} INFO - Processing file /Users/nestoralfaro/Desktop/pbi-scenario-two/py_env/lib/python3.9/site-packages/airflow/example_dags/example_trigger_target_dag.py for tasks to queue
[2024-05-02T00:11:18.021-0500] {logging_mixin.py:188} INFO - [2024-05-02T00:11:18.021-0500] {dagbag.py:540} INFO - Filling up the DagBag from /Users/nestoralfaro/Desktop/pbi-scenario-two/py_env/lib/python3.9/site-packages/airflow/example_dags/example_trigger_target_dag.py
[2024-05-02T00:11:18.040-0500] {processor.py:840} INFO - DAG(s) 'example_trigger_target_dag' retrieved from /Users/nestoralfaro/Desktop/pbi-scenario-two/py_env/lib/python3.9/site-packages/airflow/example_dags/example_trigger_target_dag.py
[2024-05-02T00:11:18.087-0500] {logging_mixin.py:188} INFO - [2024-05-02T00:11:18.087-0500] {dag.py:3096} INFO - Sync 1 DAGs
[2024-05-02T00:11:18.120-0500] {logging_mixin.py:188} INFO - [2024-05-02T00:11:18.120-0500] {dag.py:3954} INFO - Setting next_dagrun for example_trigger_target_dag to None, run_after=None
[2024-05-02T00:11:18.130-0500] {processor.py:183} INFO - Processing /Users/nestoralfaro/Desktop/pbi-scenario-two/py_env/lib/python3.9/site-packages/airflow/example_dags/example_trigger_target_dag.py took 0.114 seconds
[2024-05-02T00:12:43.790-0500] {processor.py:161} INFO - Started process (PID=36514) to work on /Users/nestoralfaro/Desktop/pbi-scenario-two/py_env/lib/python3.9/site-packages/airflow/example_dags/example_trigger_target_dag.py
[2024-05-02T00:12:43.792-0500] {processor.py:830} INFO - Processing file /Users/nestoralfaro/Desktop/pbi-scenario-two/py_env/lib/python3.9/site-packages/airflow/example_dags/example_trigger_target_dag.py for tasks to queue
[2024-05-02T00:12:43.792-0500] {logging_mixin.py:188} INFO - [2024-05-02T00:12:43.792-0500] {dagbag.py:540} INFO - Filling up the DagBag from /Users/nestoralfaro/Desktop/pbi-scenario-two/py_env/lib/python3.9/site-packages/airflow/example_dags/example_trigger_target_dag.py
[2024-05-02T00:12:43.807-0500] {processor.py:840} INFO - DAG(s) 'example_trigger_target_dag' retrieved from /Users/nestoralfaro/Desktop/pbi-scenario-two/py_env/lib/python3.9/site-packages/airflow/example_dags/example_trigger_target_dag.py
[2024-05-02T00:12:43.846-0500] {logging_mixin.py:188} INFO - [2024-05-02T00:12:43.846-0500] {dag.py:3096} INFO - Sync 1 DAGs
[2024-05-02T00:12:43.873-0500] {logging_mixin.py:188} INFO - [2024-05-02T00:12:43.873-0500] {dag.py:3954} INFO - Setting next_dagrun for example_trigger_target_dag to None, run_after=None
[2024-05-02T00:12:43.881-0500] {processor.py:183} INFO - Processing /Users/nestoralfaro/Desktop/pbi-scenario-two/py_env/lib/python3.9/site-packages/airflow/example_dags/example_trigger_target_dag.py took 0.093 seconds
[2024-05-02T00:13:41.082-0500] {processor.py:161} INFO - Started process (PID=36552) to work on /Users/nestoralfaro/Desktop/pbi-scenario-two/py_env/lib/python3.9/site-packages/airflow/example_dags/example_trigger_target_dag.py
[2024-05-02T00:13:41.084-0500] {processor.py:830} INFO - Processing file /Users/nestoralfaro/Desktop/pbi-scenario-two/py_env/lib/python3.9/site-packages/airflow/example_dags/example_trigger_target_dag.py for tasks to queue
[2024-05-02T00:13:41.084-0500] {logging_mixin.py:188} INFO - [2024-05-02T00:13:41.084-0500] {dagbag.py:540} INFO - Filling up the DagBag from /Users/nestoralfaro/Desktop/pbi-scenario-two/py_env/lib/python3.9/site-packages/airflow/example_dags/example_trigger_target_dag.py
[2024-05-02T00:13:41.099-0500] {processor.py:840} INFO - DAG(s) 'example_trigger_target_dag' retrieved from /Users/nestoralfaro/Desktop/pbi-scenario-two/py_env/lib/python3.9/site-packages/airflow/example_dags/example_trigger_target_dag.py
[2024-05-02T00:13:41.138-0500] {logging_mixin.py:188} INFO - [2024-05-02T00:13:41.138-0500] {dag.py:3096} INFO - Sync 1 DAGs
[2024-05-02T00:13:41.165-0500] {logging_mixin.py:188} INFO - [2024-05-02T00:13:41.165-0500] {dag.py:3954} INFO - Setting next_dagrun for example_trigger_target_dag to None, run_after=None
[2024-05-02T00:13:41.172-0500] {processor.py:183} INFO - Processing /Users/nestoralfaro/Desktop/pbi-scenario-two/py_env/lib/python3.9/site-packages/airflow/example_dags/example_trigger_target_dag.py took 0.091 seconds
[2024-05-02T00:15:09.475-0500] {processor.py:161} INFO - Started process (PID=36602) to work on /Users/nestoralfaro/Desktop/pbi-scenario-two/py_env/lib/python3.9/site-packages/airflow/example_dags/example_trigger_target_dag.py
[2024-05-02T00:15:09.476-0500] {processor.py:830} INFO - Processing file /Users/nestoralfaro/Desktop/pbi-scenario-two/py_env/lib/python3.9/site-packages/airflow/example_dags/example_trigger_target_dag.py for tasks to queue
[2024-05-02T00:15:09.477-0500] {logging_mixin.py:188} INFO - [2024-05-02T00:15:09.477-0500] {dagbag.py:540} INFO - Filling up the DagBag from /Users/nestoralfaro/Desktop/pbi-scenario-two/py_env/lib/python3.9/site-packages/airflow/example_dags/example_trigger_target_dag.py
[2024-05-02T00:15:09.493-0500] {processor.py:840} INFO - DAG(s) 'example_trigger_target_dag' retrieved from /Users/nestoralfaro/Desktop/pbi-scenario-two/py_env/lib/python3.9/site-packages/airflow/example_dags/example_trigger_target_dag.py
[2024-05-02T00:15:09.534-0500] {logging_mixin.py:188} INFO - [2024-05-02T00:15:09.534-0500] {dag.py:3096} INFO - Sync 1 DAGs
[2024-05-02T00:15:09.562-0500] {logging_mixin.py:188} INFO - [2024-05-02T00:15:09.562-0500] {dag.py:3954} INFO - Setting next_dagrun for example_trigger_target_dag to None, run_after=None
[2024-05-02T00:15:09.570-0500] {processor.py:183} INFO - Processing /Users/nestoralfaro/Desktop/pbi-scenario-two/py_env/lib/python3.9/site-packages/airflow/example_dags/example_trigger_target_dag.py took 0.096 seconds
[2024-05-02T00:16:38.054-0500] {processor.py:161} INFO - Started process (PID=36669) to work on /Users/nestoralfaro/Desktop/pbi-scenario-two/py_env/lib/python3.9/site-packages/airflow/example_dags/example_trigger_target_dag.py
[2024-05-02T00:16:38.055-0500] {processor.py:830} INFO - Processing file /Users/nestoralfaro/Desktop/pbi-scenario-two/py_env/lib/python3.9/site-packages/airflow/example_dags/example_trigger_target_dag.py for tasks to queue
[2024-05-02T00:16:38.055-0500] {logging_mixin.py:188} INFO - [2024-05-02T00:16:38.055-0500] {dagbag.py:540} INFO - Filling up the DagBag from /Users/nestoralfaro/Desktop/pbi-scenario-two/py_env/lib/python3.9/site-packages/airflow/example_dags/example_trigger_target_dag.py
[2024-05-02T00:16:38.070-0500] {processor.py:840} INFO - DAG(s) 'example_trigger_target_dag' retrieved from /Users/nestoralfaro/Desktop/pbi-scenario-two/py_env/lib/python3.9/site-packages/airflow/example_dags/example_trigger_target_dag.py
[2024-05-02T00:16:38.112-0500] {logging_mixin.py:188} INFO - [2024-05-02T00:16:38.112-0500] {dag.py:3096} INFO - Sync 1 DAGs
[2024-05-02T00:16:38.139-0500] {logging_mixin.py:188} INFO - [2024-05-02T00:16:38.139-0500] {dag.py:3954} INFO - Setting next_dagrun for example_trigger_target_dag to None, run_after=None
[2024-05-02T00:16:38.146-0500] {processor.py:183} INFO - Processing /Users/nestoralfaro/Desktop/pbi-scenario-two/py_env/lib/python3.9/site-packages/airflow/example_dags/example_trigger_target_dag.py took 0.094 seconds
[2024-05-02T00:17:35.651-0500] {processor.py:161} INFO - Started process (PID=36707) to work on /Users/nestoralfaro/Desktop/pbi-scenario-two/py_env/lib/python3.9/site-packages/airflow/example_dags/example_trigger_target_dag.py
[2024-05-02T00:17:35.652-0500] {processor.py:830} INFO - Processing file /Users/nestoralfaro/Desktop/pbi-scenario-two/py_env/lib/python3.9/site-packages/airflow/example_dags/example_trigger_target_dag.py for tasks to queue
[2024-05-02T00:17:35.652-0500] {logging_mixin.py:188} INFO - [2024-05-02T00:17:35.652-0500] {dagbag.py:540} INFO - Filling up the DagBag from /Users/nestoralfaro/Desktop/pbi-scenario-two/py_env/lib/python3.9/site-packages/airflow/example_dags/example_trigger_target_dag.py
[2024-05-02T00:17:35.669-0500] {processor.py:840} INFO - DAG(s) 'example_trigger_target_dag' retrieved from /Users/nestoralfaro/Desktop/pbi-scenario-two/py_env/lib/python3.9/site-packages/airflow/example_dags/example_trigger_target_dag.py
[2024-05-02T00:17:35.710-0500] {logging_mixin.py:188} INFO - [2024-05-02T00:17:35.710-0500] {dag.py:3096} INFO - Sync 1 DAGs
[2024-05-02T00:17:35.739-0500] {logging_mixin.py:188} INFO - [2024-05-02T00:17:35.738-0500] {dag.py:3954} INFO - Setting next_dagrun for example_trigger_target_dag to None, run_after=None
[2024-05-02T00:17:35.747-0500] {processor.py:183} INFO - Processing /Users/nestoralfaro/Desktop/pbi-scenario-two/py_env/lib/python3.9/site-packages/airflow/example_dags/example_trigger_target_dag.py took 0.097 seconds
[2024-05-02T00:18:34.063-0500] {processor.py:161} INFO - Started process (PID=36743) to work on /Users/nestoralfaro/Desktop/pbi-scenario-two/py_env/lib/python3.9/site-packages/airflow/example_dags/example_trigger_target_dag.py
[2024-05-02T00:18:34.065-0500] {processor.py:830} INFO - Processing file /Users/nestoralfaro/Desktop/pbi-scenario-two/py_env/lib/python3.9/site-packages/airflow/example_dags/example_trigger_target_dag.py for tasks to queue
[2024-05-02T00:18:34.066-0500] {logging_mixin.py:188} INFO - [2024-05-02T00:18:34.066-0500] {dagbag.py:540} INFO - Filling up the DagBag from /Users/nestoralfaro/Desktop/pbi-scenario-two/py_env/lib/python3.9/site-packages/airflow/example_dags/example_trigger_target_dag.py
[2024-05-02T00:18:34.081-0500] {processor.py:840} INFO - DAG(s) 'example_trigger_target_dag' retrieved from /Users/nestoralfaro/Desktop/pbi-scenario-two/py_env/lib/python3.9/site-packages/airflow/example_dags/example_trigger_target_dag.py
[2024-05-02T00:18:34.123-0500] {logging_mixin.py:188} INFO - [2024-05-02T00:18:34.123-0500] {dag.py:3096} INFO - Sync 1 DAGs
[2024-05-02T00:18:34.151-0500] {logging_mixin.py:188} INFO - [2024-05-02T00:18:34.151-0500] {dag.py:3954} INFO - Setting next_dagrun for example_trigger_target_dag to None, run_after=None
[2024-05-02T00:18:34.158-0500] {processor.py:183} INFO - Processing /Users/nestoralfaro/Desktop/pbi-scenario-two/py_env/lib/python3.9/site-packages/airflow/example_dags/example_trigger_target_dag.py took 0.097 seconds
[2024-05-02T00:19:31.688-0500] {processor.py:161} INFO - Started process (PID=36815) to work on /Users/nestoralfaro/Desktop/pbi-scenario-two/py_env/lib/python3.9/site-packages/airflow/example_dags/example_trigger_target_dag.py
[2024-05-02T00:19:31.690-0500] {processor.py:830} INFO - Processing file /Users/nestoralfaro/Desktop/pbi-scenario-two/py_env/lib/python3.9/site-packages/airflow/example_dags/example_trigger_target_dag.py for tasks to queue
[2024-05-02T00:19:31.690-0500] {logging_mixin.py:188} INFO - [2024-05-02T00:19:31.690-0500] {dagbag.py:540} INFO - Filling up the DagBag from /Users/nestoralfaro/Desktop/pbi-scenario-two/py_env/lib/python3.9/site-packages/airflow/example_dags/example_trigger_target_dag.py
[2024-05-02T00:19:31.706-0500] {processor.py:840} INFO - DAG(s) 'example_trigger_target_dag' retrieved from /Users/nestoralfaro/Desktop/pbi-scenario-two/py_env/lib/python3.9/site-packages/airflow/example_dags/example_trigger_target_dag.py
[2024-05-02T00:19:31.746-0500] {logging_mixin.py:188} INFO - [2024-05-02T00:19:31.745-0500] {dag.py:3096} INFO - Sync 1 DAGs
[2024-05-02T00:19:31.773-0500] {logging_mixin.py:188} INFO - [2024-05-02T00:19:31.773-0500] {dag.py:3954} INFO - Setting next_dagrun for example_trigger_target_dag to None, run_after=None
[2024-05-02T00:19:31.781-0500] {processor.py:183} INFO - Processing /Users/nestoralfaro/Desktop/pbi-scenario-two/py_env/lib/python3.9/site-packages/airflow/example_dags/example_trigger_target_dag.py took 0.094 seconds
[2024-05-02T00:20:30.028-0500] {processor.py:161} INFO - Started process (PID=36853) to work on /Users/nestoralfaro/Desktop/pbi-scenario-two/py_env/lib/python3.9/site-packages/airflow/example_dags/example_trigger_target_dag.py
[2024-05-02T00:20:30.029-0500] {processor.py:830} INFO - Processing file /Users/nestoralfaro/Desktop/pbi-scenario-two/py_env/lib/python3.9/site-packages/airflow/example_dags/example_trigger_target_dag.py for tasks to queue
[2024-05-02T00:20:30.029-0500] {logging_mixin.py:188} INFO - [2024-05-02T00:20:30.029-0500] {dagbag.py:540} INFO - Filling up the DagBag from /Users/nestoralfaro/Desktop/pbi-scenario-two/py_env/lib/python3.9/site-packages/airflow/example_dags/example_trigger_target_dag.py
[2024-05-02T00:20:30.046-0500] {processor.py:840} INFO - DAG(s) 'example_trigger_target_dag' retrieved from /Users/nestoralfaro/Desktop/pbi-scenario-two/py_env/lib/python3.9/site-packages/airflow/example_dags/example_trigger_target_dag.py
[2024-05-02T00:20:30.088-0500] {logging_mixin.py:188} INFO - [2024-05-02T00:20:30.088-0500] {dag.py:3096} INFO - Sync 1 DAGs
[2024-05-02T00:20:30.117-0500] {logging_mixin.py:188} INFO - [2024-05-02T00:20:30.117-0500] {dag.py:3954} INFO - Setting next_dagrun for example_trigger_target_dag to None, run_after=None
[2024-05-02T00:20:30.125-0500] {processor.py:183} INFO - Processing /Users/nestoralfaro/Desktop/pbi-scenario-two/py_env/lib/python3.9/site-packages/airflow/example_dags/example_trigger_target_dag.py took 0.098 seconds
[2024-05-02T00:21:30.709-0500] {processor.py:161} INFO - Started process (PID=36889) to work on /Users/nestoralfaro/Desktop/pbi-scenario-two/py_env/lib/python3.9/site-packages/airflow/example_dags/example_trigger_target_dag.py
[2024-05-02T00:21:30.710-0500] {processor.py:830} INFO - Processing file /Users/nestoralfaro/Desktop/pbi-scenario-two/py_env/lib/python3.9/site-packages/airflow/example_dags/example_trigger_target_dag.py for tasks to queue
[2024-05-02T00:21:30.710-0500] {logging_mixin.py:188} INFO - [2024-05-02T00:21:30.710-0500] {dagbag.py:540} INFO - Filling up the DagBag from /Users/nestoralfaro/Desktop/pbi-scenario-two/py_env/lib/python3.9/site-packages/airflow/example_dags/example_trigger_target_dag.py
[2024-05-02T00:21:30.726-0500] {processor.py:840} INFO - DAG(s) 'example_trigger_target_dag' retrieved from /Users/nestoralfaro/Desktop/pbi-scenario-two/py_env/lib/python3.9/site-packages/airflow/example_dags/example_trigger_target_dag.py
[2024-05-02T00:21:30.769-0500] {logging_mixin.py:188} INFO - [2024-05-02T00:21:30.768-0500] {dag.py:3096} INFO - Sync 1 DAGs
[2024-05-02T00:21:30.797-0500] {logging_mixin.py:188} INFO - [2024-05-02T00:21:30.797-0500] {dag.py:3954} INFO - Setting next_dagrun for example_trigger_target_dag to None, run_after=None
[2024-05-02T00:21:30.805-0500] {processor.py:183} INFO - Processing /Users/nestoralfaro/Desktop/pbi-scenario-two/py_env/lib/python3.9/site-packages/airflow/example_dags/example_trigger_target_dag.py took 0.098 seconds
[2024-05-02T00:22:28.284-0500] {processor.py:161} INFO - Started process (PID=36947) to work on /Users/nestoralfaro/Desktop/pbi-scenario-two/py_env/lib/python3.9/site-packages/airflow/example_dags/example_trigger_target_dag.py
[2024-05-02T00:22:28.285-0500] {processor.py:830} INFO - Processing file /Users/nestoralfaro/Desktop/pbi-scenario-two/py_env/lib/python3.9/site-packages/airflow/example_dags/example_trigger_target_dag.py for tasks to queue
[2024-05-02T00:22:28.285-0500] {logging_mixin.py:188} INFO - [2024-05-02T00:22:28.285-0500] {dagbag.py:540} INFO - Filling up the DagBag from /Users/nestoralfaro/Desktop/pbi-scenario-two/py_env/lib/python3.9/site-packages/airflow/example_dags/example_trigger_target_dag.py
[2024-05-02T00:22:28.300-0500] {processor.py:840} INFO - DAG(s) 'example_trigger_target_dag' retrieved from /Users/nestoralfaro/Desktop/pbi-scenario-two/py_env/lib/python3.9/site-packages/airflow/example_dags/example_trigger_target_dag.py
[2024-05-02T00:22:28.343-0500] {logging_mixin.py:188} INFO - [2024-05-02T00:22:28.343-0500] {dag.py:3096} INFO - Sync 1 DAGs
[2024-05-02T00:22:28.370-0500] {logging_mixin.py:188} INFO - [2024-05-02T00:22:28.370-0500] {dag.py:3954} INFO - Setting next_dagrun for example_trigger_target_dag to None, run_after=None
[2024-05-02T00:22:28.378-0500] {processor.py:183} INFO - Processing /Users/nestoralfaro/Desktop/pbi-scenario-two/py_env/lib/python3.9/site-packages/airflow/example_dags/example_trigger_target_dag.py took 0.095 seconds
[2024-05-02T00:23:24.096-0500] {processor.py:161} INFO - Started process (PID=37002) to work on /Users/nestoralfaro/Desktop/pbi-scenario-two/py_env/lib/python3.9/site-packages/airflow/example_dags/example_trigger_target_dag.py
[2024-05-02T00:23:24.097-0500] {processor.py:830} INFO - Processing file /Users/nestoralfaro/Desktop/pbi-scenario-two/py_env/lib/python3.9/site-packages/airflow/example_dags/example_trigger_target_dag.py for tasks to queue
[2024-05-02T00:23:24.100-0500] {logging_mixin.py:188} INFO - [2024-05-02T00:23:24.100-0500] {dagbag.py:540} INFO - Filling up the DagBag from /Users/nestoralfaro/Desktop/pbi-scenario-two/py_env/lib/python3.9/site-packages/airflow/example_dags/example_trigger_target_dag.py
[2024-05-02T00:23:24.116-0500] {processor.py:840} INFO - DAG(s) 'example_trigger_target_dag' retrieved from /Users/nestoralfaro/Desktop/pbi-scenario-two/py_env/lib/python3.9/site-packages/airflow/example_dags/example_trigger_target_dag.py
[2024-05-02T00:23:24.156-0500] {logging_mixin.py:188} INFO - [2024-05-02T00:23:24.156-0500] {dag.py:3096} INFO - Sync 1 DAGs
[2024-05-02T00:23:24.185-0500] {logging_mixin.py:188} INFO - [2024-05-02T00:23:24.185-0500] {dag.py:3954} INFO - Setting next_dagrun for example_trigger_target_dag to None, run_after=None
[2024-05-02T00:23:24.192-0500] {processor.py:183} INFO - Processing /Users/nestoralfaro/Desktop/pbi-scenario-two/py_env/lib/python3.9/site-packages/airflow/example_dags/example_trigger_target_dag.py took 0.098 seconds
[2024-05-02T00:24:18.506-0500] {processor.py:161} INFO - Started process (PID=37062) to work on /Users/nestoralfaro/Desktop/pbi-scenario-two/py_env/lib/python3.9/site-packages/airflow/example_dags/example_trigger_target_dag.py
[2024-05-02T00:24:18.507-0500] {processor.py:830} INFO - Processing file /Users/nestoralfaro/Desktop/pbi-scenario-two/py_env/lib/python3.9/site-packages/airflow/example_dags/example_trigger_target_dag.py for tasks to queue
[2024-05-02T00:24:18.508-0500] {logging_mixin.py:188} INFO - [2024-05-02T00:24:18.508-0500] {dagbag.py:540} INFO - Filling up the DagBag from /Users/nestoralfaro/Desktop/pbi-scenario-two/py_env/lib/python3.9/site-packages/airflow/example_dags/example_trigger_target_dag.py
[2024-05-02T00:24:18.523-0500] {processor.py:840} INFO - DAG(s) 'example_trigger_target_dag' retrieved from /Users/nestoralfaro/Desktop/pbi-scenario-two/py_env/lib/python3.9/site-packages/airflow/example_dags/example_trigger_target_dag.py
[2024-05-02T00:24:18.567-0500] {logging_mixin.py:188} INFO - [2024-05-02T00:24:18.567-0500] {dag.py:3096} INFO - Sync 1 DAGs
[2024-05-02T00:24:18.596-0500] {logging_mixin.py:188} INFO - [2024-05-02T00:24:18.596-0500] {dag.py:3954} INFO - Setting next_dagrun for example_trigger_target_dag to None, run_after=None
[2024-05-02T00:24:18.603-0500] {processor.py:183} INFO - Processing /Users/nestoralfaro/Desktop/pbi-scenario-two/py_env/lib/python3.9/site-packages/airflow/example_dags/example_trigger_target_dag.py took 0.098 seconds
