[2024-05-01T23:30:56.371-0500] {processor.py:161} INFO - Started process (PID=34767) to work on /Users/nestoralfaro/Desktop/pbi-scenario-two/py_env/lib/python3.9/site-packages/airflow/example_dags/example_nested_branch_dag.py
[2024-05-01T23:30:56.372-0500] {processor.py:830} INFO - Processing file /Users/nestoralfaro/Desktop/pbi-scenario-two/py_env/lib/python3.9/site-packages/airflow/example_dags/example_nested_branch_dag.py for tasks to queue
[2024-05-01T23:30:56.373-0500] {logging_mixin.py:188} INFO - [2024-05-01T23:30:56.373-0500] {dagbag.py:540} INFO - Filling up the DagBag from /Users/nestoralfaro/Desktop/pbi-scenario-two/py_env/lib/python3.9/site-packages/airflow/example_dags/example_nested_branch_dag.py
[2024-05-01T23:30:56.391-0500] {processor.py:840} INFO - DAG(s) 'example_nested_branch_dag' retrieved from /Users/nestoralfaro/Desktop/pbi-scenario-two/py_env/lib/python3.9/site-packages/airflow/example_dags/example_nested_branch_dag.py
[2024-05-01T23:30:56.495-0500] {logging_mixin.py:188} INFO - [2024-05-01T23:30:56.495-0500] {dag.py:3096} INFO - Sync 1 DAGs
[2024-05-01T23:30:56.502-0500] {logging_mixin.py:188} INFO - [2024-05-01T23:30:56.501-0500] {dag.py:3954} INFO - Setting next_dagrun for example_nested_branch_dag to 2024-05-01 00:00:00+00:00, run_after=2024-05-02 00:00:00+00:00
[2024-05-01T23:30:56.510-0500] {processor.py:183} INFO - Processing /Users/nestoralfaro/Desktop/pbi-scenario-two/py_env/lib/python3.9/site-packages/airflow/example_dags/example_nested_branch_dag.py took 0.140 seconds
[2024-05-01T23:32:30.699-0500] {processor.py:161} INFO - Started process (PID=34842) to work on /Users/nestoralfaro/Desktop/pbi-scenario-two/py_env/lib/python3.9/site-packages/airflow/example_dags/example_nested_branch_dag.py
[2024-05-01T23:32:30.701-0500] {processor.py:830} INFO - Processing file /Users/nestoralfaro/Desktop/pbi-scenario-two/py_env/lib/python3.9/site-packages/airflow/example_dags/example_nested_branch_dag.py for tasks to queue
[2024-05-01T23:32:30.701-0500] {logging_mixin.py:188} INFO - [2024-05-01T23:32:30.701-0500] {dagbag.py:540} INFO - Filling up the DagBag from /Users/nestoralfaro/Desktop/pbi-scenario-two/py_env/lib/python3.9/site-packages/airflow/example_dags/example_nested_branch_dag.py
[2024-05-01T23:32:30.718-0500] {processor.py:840} INFO - DAG(s) 'example_nested_branch_dag' retrieved from /Users/nestoralfaro/Desktop/pbi-scenario-two/py_env/lib/python3.9/site-packages/airflow/example_dags/example_nested_branch_dag.py
[2024-05-01T23:32:30.758-0500] {logging_mixin.py:188} INFO - [2024-05-01T23:32:30.758-0500] {dag.py:3096} INFO - Sync 1 DAGs
[2024-05-01T23:32:30.788-0500] {logging_mixin.py:188} INFO - [2024-05-01T23:32:30.788-0500] {dag.py:3954} INFO - Setting next_dagrun for example_nested_branch_dag to 2024-05-01 00:00:00+00:00, run_after=2024-05-02 00:00:00+00:00
[2024-05-01T23:32:30.795-0500] {processor.py:183} INFO - Processing /Users/nestoralfaro/Desktop/pbi-scenario-two/py_env/lib/python3.9/site-packages/airflow/example_dags/example_nested_branch_dag.py took 0.098 seconds
[2024-05-01T23:34:31.006-0500] {processor.py:161} INFO - Started process (PID=34928) to work on /Users/nestoralfaro/Desktop/pbi-scenario-two/py_env/lib/python3.9/site-packages/airflow/example_dags/example_nested_branch_dag.py
[2024-05-01T23:34:31.008-0500] {processor.py:830} INFO - Processing file /Users/nestoralfaro/Desktop/pbi-scenario-two/py_env/lib/python3.9/site-packages/airflow/example_dags/example_nested_branch_dag.py for tasks to queue
[2024-05-01T23:34:31.008-0500] {logging_mixin.py:188} INFO - [2024-05-01T23:34:31.008-0500] {dagbag.py:540} INFO - Filling up the DagBag from /Users/nestoralfaro/Desktop/pbi-scenario-two/py_env/lib/python3.9/site-packages/airflow/example_dags/example_nested_branch_dag.py
[2024-05-01T23:34:31.025-0500] {processor.py:840} INFO - DAG(s) 'example_nested_branch_dag' retrieved from /Users/nestoralfaro/Desktop/pbi-scenario-two/py_env/lib/python3.9/site-packages/airflow/example_dags/example_nested_branch_dag.py
[2024-05-01T23:34:31.070-0500] {logging_mixin.py:188} INFO - [2024-05-01T23:34:31.070-0500] {dag.py:3096} INFO - Sync 1 DAGs
[2024-05-01T23:34:31.104-0500] {logging_mixin.py:188} INFO - [2024-05-01T23:34:31.104-0500] {dag.py:3954} INFO - Setting next_dagrun for example_nested_branch_dag to 2024-05-01 00:00:00+00:00, run_after=2024-05-02 00:00:00+00:00
[2024-05-01T23:34:31.111-0500] {processor.py:183} INFO - Processing /Users/nestoralfaro/Desktop/pbi-scenario-two/py_env/lib/python3.9/site-packages/airflow/example_dags/example_nested_branch_dag.py took 0.107 seconds
[2024-05-01T23:36:23.963-0500] {processor.py:161} INFO - Started process (PID=34997) to work on /Users/nestoralfaro/Desktop/pbi-scenario-two/py_env/lib/python3.9/site-packages/airflow/example_dags/example_nested_branch_dag.py
[2024-05-01T23:36:23.964-0500] {processor.py:830} INFO - Processing file /Users/nestoralfaro/Desktop/pbi-scenario-two/py_env/lib/python3.9/site-packages/airflow/example_dags/example_nested_branch_dag.py for tasks to queue
[2024-05-01T23:36:23.965-0500] {logging_mixin.py:188} INFO - [2024-05-01T23:36:23.965-0500] {dagbag.py:540} INFO - Filling up the DagBag from /Users/nestoralfaro/Desktop/pbi-scenario-two/py_env/lib/python3.9/site-packages/airflow/example_dags/example_nested_branch_dag.py
[2024-05-01T23:36:23.983-0500] {processor.py:840} INFO - DAG(s) 'example_nested_branch_dag' retrieved from /Users/nestoralfaro/Desktop/pbi-scenario-two/py_env/lib/python3.9/site-packages/airflow/example_dags/example_nested_branch_dag.py
[2024-05-01T23:36:24.026-0500] {logging_mixin.py:188} INFO - [2024-05-01T23:36:24.025-0500] {dag.py:3096} INFO - Sync 1 DAGs
[2024-05-01T23:36:24.059-0500] {logging_mixin.py:188} INFO - [2024-05-01T23:36:24.059-0500] {dag.py:3954} INFO - Setting next_dagrun for example_nested_branch_dag to 2024-05-01 00:00:00+00:00, run_after=2024-05-02 00:00:00+00:00
[2024-05-01T23:36:24.066-0500] {processor.py:183} INFO - Processing /Users/nestoralfaro/Desktop/pbi-scenario-two/py_env/lib/python3.9/site-packages/airflow/example_dags/example_nested_branch_dag.py took 0.105 seconds
[2024-05-01T23:38:18.494-0500] {processor.py:161} INFO - Started process (PID=35066) to work on /Users/nestoralfaro/Desktop/pbi-scenario-two/py_env/lib/python3.9/site-packages/airflow/example_dags/example_nested_branch_dag.py
[2024-05-01T23:38:18.496-0500] {processor.py:830} INFO - Processing file /Users/nestoralfaro/Desktop/pbi-scenario-two/py_env/lib/python3.9/site-packages/airflow/example_dags/example_nested_branch_dag.py for tasks to queue
[2024-05-01T23:38:18.496-0500] {logging_mixin.py:188} INFO - [2024-05-01T23:38:18.496-0500] {dagbag.py:540} INFO - Filling up the DagBag from /Users/nestoralfaro/Desktop/pbi-scenario-two/py_env/lib/python3.9/site-packages/airflow/example_dags/example_nested_branch_dag.py
[2024-05-01T23:38:18.513-0500] {processor.py:840} INFO - DAG(s) 'example_nested_branch_dag' retrieved from /Users/nestoralfaro/Desktop/pbi-scenario-two/py_env/lib/python3.9/site-packages/airflow/example_dags/example_nested_branch_dag.py
[2024-05-01T23:38:18.554-0500] {logging_mixin.py:188} INFO - [2024-05-01T23:38:18.553-0500] {dag.py:3096} INFO - Sync 1 DAGs
[2024-05-01T23:38:18.583-0500] {logging_mixin.py:188} INFO - [2024-05-01T23:38:18.583-0500] {dag.py:3954} INFO - Setting next_dagrun for example_nested_branch_dag to 2024-05-01 00:00:00+00:00, run_after=2024-05-02 00:00:00+00:00
[2024-05-01T23:38:18.590-0500] {processor.py:183} INFO - Processing /Users/nestoralfaro/Desktop/pbi-scenario-two/py_env/lib/python3.9/site-packages/airflow/example_dags/example_nested_branch_dag.py took 0.098 seconds
[2024-05-01T23:40:14.211-0500] {processor.py:161} INFO - Started process (PID=35154) to work on /Users/nestoralfaro/Desktop/pbi-scenario-two/py_env/lib/python3.9/site-packages/airflow/example_dags/example_nested_branch_dag.py
[2024-05-01T23:40:14.213-0500] {processor.py:830} INFO - Processing file /Users/nestoralfaro/Desktop/pbi-scenario-two/py_env/lib/python3.9/site-packages/airflow/example_dags/example_nested_branch_dag.py for tasks to queue
[2024-05-01T23:40:14.213-0500] {logging_mixin.py:188} INFO - [2024-05-01T23:40:14.213-0500] {dagbag.py:540} INFO - Filling up the DagBag from /Users/nestoralfaro/Desktop/pbi-scenario-two/py_env/lib/python3.9/site-packages/airflow/example_dags/example_nested_branch_dag.py
[2024-05-01T23:40:14.230-0500] {processor.py:840} INFO - DAG(s) 'example_nested_branch_dag' retrieved from /Users/nestoralfaro/Desktop/pbi-scenario-two/py_env/lib/python3.9/site-packages/airflow/example_dags/example_nested_branch_dag.py
[2024-05-01T23:40:14.274-0500] {logging_mixin.py:188} INFO - [2024-05-01T23:40:14.274-0500] {dag.py:3096} INFO - Sync 1 DAGs
[2024-05-01T23:40:14.311-0500] {logging_mixin.py:188} INFO - [2024-05-01T23:40:14.311-0500] {dag.py:3954} INFO - Setting next_dagrun for example_nested_branch_dag to 2024-05-01 00:00:00+00:00, run_after=2024-05-02 00:00:00+00:00
[2024-05-01T23:40:14.323-0500] {processor.py:183} INFO - Processing /Users/nestoralfaro/Desktop/pbi-scenario-two/py_env/lib/python3.9/site-packages/airflow/example_dags/example_nested_branch_dag.py took 0.113 seconds
[2024-05-01T23:42:42.039-0500] {processor.py:161} INFO - Started process (PID=35277) to work on /Users/nestoralfaro/Desktop/pbi-scenario-two/py_env/lib/python3.9/site-packages/airflow/example_dags/example_nested_branch_dag.py
[2024-05-01T23:42:42.041-0500] {processor.py:830} INFO - Processing file /Users/nestoralfaro/Desktop/pbi-scenario-two/py_env/lib/python3.9/site-packages/airflow/example_dags/example_nested_branch_dag.py for tasks to queue
[2024-05-01T23:42:42.041-0500] {logging_mixin.py:188} INFO - [2024-05-01T23:42:42.041-0500] {dagbag.py:540} INFO - Filling up the DagBag from /Users/nestoralfaro/Desktop/pbi-scenario-two/py_env/lib/python3.9/site-packages/airflow/example_dags/example_nested_branch_dag.py
[2024-05-01T23:42:42.060-0500] {processor.py:840} INFO - DAG(s) 'example_nested_branch_dag' retrieved from /Users/nestoralfaro/Desktop/pbi-scenario-two/py_env/lib/python3.9/site-packages/airflow/example_dags/example_nested_branch_dag.py
[2024-05-01T23:42:42.105-0500] {logging_mixin.py:188} INFO - [2024-05-01T23:42:42.105-0500] {dag.py:3096} INFO - Sync 1 DAGs
[2024-05-01T23:42:42.139-0500] {logging_mixin.py:188} INFO - [2024-05-01T23:42:42.139-0500] {dag.py:3954} INFO - Setting next_dagrun for example_nested_branch_dag to 2024-05-01 00:00:00+00:00, run_after=2024-05-02 00:00:00+00:00
[2024-05-01T23:42:42.147-0500] {processor.py:183} INFO - Processing /Users/nestoralfaro/Desktop/pbi-scenario-two/py_env/lib/python3.9/site-packages/airflow/example_dags/example_nested_branch_dag.py took 0.109 seconds
[2024-05-01T23:44:10.507-0500] {processor.py:161} INFO - Started process (PID=35330) to work on /Users/nestoralfaro/Desktop/pbi-scenario-two/py_env/lib/python3.9/site-packages/airflow/example_dags/example_nested_branch_dag.py
[2024-05-01T23:44:10.509-0500] {processor.py:830} INFO - Processing file /Users/nestoralfaro/Desktop/pbi-scenario-two/py_env/lib/python3.9/site-packages/airflow/example_dags/example_nested_branch_dag.py for tasks to queue
[2024-05-01T23:44:10.509-0500] {logging_mixin.py:188} INFO - [2024-05-01T23:44:10.509-0500] {dagbag.py:540} INFO - Filling up the DagBag from /Users/nestoralfaro/Desktop/pbi-scenario-two/py_env/lib/python3.9/site-packages/airflow/example_dags/example_nested_branch_dag.py
[2024-05-01T23:44:10.525-0500] {processor.py:840} INFO - DAG(s) 'example_nested_branch_dag' retrieved from /Users/nestoralfaro/Desktop/pbi-scenario-two/py_env/lib/python3.9/site-packages/airflow/example_dags/example_nested_branch_dag.py
[2024-05-01T23:44:10.565-0500] {logging_mixin.py:188} INFO - [2024-05-01T23:44:10.565-0500] {dag.py:3096} INFO - Sync 1 DAGs
[2024-05-01T23:44:10.598-0500] {logging_mixin.py:188} INFO - [2024-05-01T23:44:10.598-0500] {dag.py:3954} INFO - Setting next_dagrun for example_nested_branch_dag to 2024-05-01 00:00:00+00:00, run_after=2024-05-02 00:00:00+00:00
[2024-05-01T23:44:10.605-0500] {processor.py:183} INFO - Processing /Users/nestoralfaro/Desktop/pbi-scenario-two/py_env/lib/python3.9/site-packages/airflow/example_dags/example_nested_branch_dag.py took 0.099 seconds
[2024-05-01T23:46:06.493-0500] {processor.py:161} INFO - Started process (PID=35414) to work on /Users/nestoralfaro/Desktop/pbi-scenario-two/py_env/lib/python3.9/site-packages/airflow/example_dags/example_nested_branch_dag.py
[2024-05-01T23:46:06.495-0500] {processor.py:830} INFO - Processing file /Users/nestoralfaro/Desktop/pbi-scenario-two/py_env/lib/python3.9/site-packages/airflow/example_dags/example_nested_branch_dag.py for tasks to queue
[2024-05-01T23:46:06.496-0500] {logging_mixin.py:188} INFO - [2024-05-01T23:46:06.495-0500] {dagbag.py:540} INFO - Filling up the DagBag from /Users/nestoralfaro/Desktop/pbi-scenario-two/py_env/lib/python3.9/site-packages/airflow/example_dags/example_nested_branch_dag.py
[2024-05-01T23:46:06.512-0500] {processor.py:840} INFO - DAG(s) 'example_nested_branch_dag' retrieved from /Users/nestoralfaro/Desktop/pbi-scenario-two/py_env/lib/python3.9/site-packages/airflow/example_dags/example_nested_branch_dag.py
[2024-05-01T23:46:06.552-0500] {logging_mixin.py:188} INFO - [2024-05-01T23:46:06.552-0500] {dag.py:3096} INFO - Sync 1 DAGs
[2024-05-01T23:46:06.582-0500] {logging_mixin.py:188} INFO - [2024-05-01T23:46:06.582-0500] {dag.py:3954} INFO - Setting next_dagrun for example_nested_branch_dag to 2024-05-01 00:00:00+00:00, run_after=2024-05-02 00:00:00+00:00
[2024-05-01T23:46:06.589-0500] {processor.py:183} INFO - Processing /Users/nestoralfaro/Desktop/pbi-scenario-two/py_env/lib/python3.9/site-packages/airflow/example_dags/example_nested_branch_dag.py took 0.097 seconds
[2024-05-01T23:47:58.560-0500] {processor.py:161} INFO - Started process (PID=35492) to work on /Users/nestoralfaro/Desktop/pbi-scenario-two/py_env/lib/python3.9/site-packages/airflow/example_dags/example_nested_branch_dag.py
[2024-05-01T23:47:58.562-0500] {processor.py:830} INFO - Processing file /Users/nestoralfaro/Desktop/pbi-scenario-two/py_env/lib/python3.9/site-packages/airflow/example_dags/example_nested_branch_dag.py for tasks to queue
[2024-05-01T23:47:58.562-0500] {logging_mixin.py:188} INFO - [2024-05-01T23:47:58.562-0500] {dagbag.py:540} INFO - Filling up the DagBag from /Users/nestoralfaro/Desktop/pbi-scenario-two/py_env/lib/python3.9/site-packages/airflow/example_dags/example_nested_branch_dag.py
[2024-05-01T23:47:58.580-0500] {processor.py:840} INFO - DAG(s) 'example_nested_branch_dag' retrieved from /Users/nestoralfaro/Desktop/pbi-scenario-two/py_env/lib/python3.9/site-packages/airflow/example_dags/example_nested_branch_dag.py
[2024-05-01T23:47:58.622-0500] {logging_mixin.py:188} INFO - [2024-05-01T23:47:58.622-0500] {dag.py:3096} INFO - Sync 1 DAGs
[2024-05-01T23:47:58.654-0500] {logging_mixin.py:188} INFO - [2024-05-01T23:47:58.654-0500] {dag.py:3954} INFO - Setting next_dagrun for example_nested_branch_dag to 2024-05-01 00:00:00+00:00, run_after=2024-05-02 00:00:00+00:00
[2024-05-01T23:47:58.660-0500] {processor.py:183} INFO - Processing /Users/nestoralfaro/Desktop/pbi-scenario-two/py_env/lib/python3.9/site-packages/airflow/example_dags/example_nested_branch_dag.py took 0.102 seconds
[2024-05-01T23:49:52.493-0500] {processor.py:161} INFO - Started process (PID=35570) to work on /Users/nestoralfaro/Desktop/pbi-scenario-two/py_env/lib/python3.9/site-packages/airflow/example_dags/example_nested_branch_dag.py
[2024-05-01T23:49:52.495-0500] {processor.py:830} INFO - Processing file /Users/nestoralfaro/Desktop/pbi-scenario-two/py_env/lib/python3.9/site-packages/airflow/example_dags/example_nested_branch_dag.py for tasks to queue
[2024-05-01T23:49:52.495-0500] {logging_mixin.py:188} INFO - [2024-05-01T23:49:52.495-0500] {dagbag.py:540} INFO - Filling up the DagBag from /Users/nestoralfaro/Desktop/pbi-scenario-two/py_env/lib/python3.9/site-packages/airflow/example_dags/example_nested_branch_dag.py
[2024-05-01T23:49:52.513-0500] {processor.py:840} INFO - DAG(s) 'example_nested_branch_dag' retrieved from /Users/nestoralfaro/Desktop/pbi-scenario-two/py_env/lib/python3.9/site-packages/airflow/example_dags/example_nested_branch_dag.py
[2024-05-01T23:49:52.557-0500] {logging_mixin.py:188} INFO - [2024-05-01T23:49:52.557-0500] {dag.py:3096} INFO - Sync 1 DAGs
[2024-05-01T23:49:52.590-0500] {logging_mixin.py:188} INFO - [2024-05-01T23:49:52.589-0500] {dag.py:3954} INFO - Setting next_dagrun for example_nested_branch_dag to 2024-05-01 00:00:00+00:00, run_after=2024-05-02 00:00:00+00:00
[2024-05-01T23:49:52.597-0500] {processor.py:183} INFO - Processing /Users/nestoralfaro/Desktop/pbi-scenario-two/py_env/lib/python3.9/site-packages/airflow/example_dags/example_nested_branch_dag.py took 0.107 seconds
[2024-05-01T23:51:46.628-0500] {processor.py:161} INFO - Started process (PID=35639) to work on /Users/nestoralfaro/Desktop/pbi-scenario-two/py_env/lib/python3.9/site-packages/airflow/example_dags/example_nested_branch_dag.py
[2024-05-01T23:51:46.629-0500] {processor.py:830} INFO - Processing file /Users/nestoralfaro/Desktop/pbi-scenario-two/py_env/lib/python3.9/site-packages/airflow/example_dags/example_nested_branch_dag.py for tasks to queue
[2024-05-01T23:51:46.629-0500] {logging_mixin.py:188} INFO - [2024-05-01T23:51:46.629-0500] {dagbag.py:540} INFO - Filling up the DagBag from /Users/nestoralfaro/Desktop/pbi-scenario-two/py_env/lib/python3.9/site-packages/airflow/example_dags/example_nested_branch_dag.py
[2024-05-01T23:51:46.646-0500] {processor.py:840} INFO - DAG(s) 'example_nested_branch_dag' retrieved from /Users/nestoralfaro/Desktop/pbi-scenario-two/py_env/lib/python3.9/site-packages/airflow/example_dags/example_nested_branch_dag.py
[2024-05-01T23:51:46.689-0500] {logging_mixin.py:188} INFO - [2024-05-01T23:51:46.689-0500] {dag.py:3096} INFO - Sync 1 DAGs
[2024-05-01T23:51:46.721-0500] {logging_mixin.py:188} INFO - [2024-05-01T23:51:46.720-0500] {dag.py:3954} INFO - Setting next_dagrun for example_nested_branch_dag to 2024-05-01 00:00:00+00:00, run_after=2024-05-02 00:00:00+00:00
[2024-05-01T23:51:46.728-0500] {processor.py:183} INFO - Processing /Users/nestoralfaro/Desktop/pbi-scenario-two/py_env/lib/python3.9/site-packages/airflow/example_dags/example_nested_branch_dag.py took 0.101 seconds
[2024-05-01T23:53:44.025-0500] {processor.py:161} INFO - Started process (PID=35725) to work on /Users/nestoralfaro/Desktop/pbi-scenario-two/py_env/lib/python3.9/site-packages/airflow/example_dags/example_nested_branch_dag.py
[2024-05-01T23:53:44.026-0500] {processor.py:830} INFO - Processing file /Users/nestoralfaro/Desktop/pbi-scenario-two/py_env/lib/python3.9/site-packages/airflow/example_dags/example_nested_branch_dag.py for tasks to queue
[2024-05-01T23:53:44.027-0500] {logging_mixin.py:188} INFO - [2024-05-01T23:53:44.026-0500] {dagbag.py:540} INFO - Filling up the DagBag from /Users/nestoralfaro/Desktop/pbi-scenario-two/py_env/lib/python3.9/site-packages/airflow/example_dags/example_nested_branch_dag.py
[2024-05-01T23:53:44.044-0500] {processor.py:840} INFO - DAG(s) 'example_nested_branch_dag' retrieved from /Users/nestoralfaro/Desktop/pbi-scenario-two/py_env/lib/python3.9/site-packages/airflow/example_dags/example_nested_branch_dag.py
[2024-05-01T23:53:44.085-0500] {logging_mixin.py:188} INFO - [2024-05-01T23:53:44.085-0500] {dag.py:3096} INFO - Sync 1 DAGs
[2024-05-01T23:53:44.117-0500] {logging_mixin.py:188} INFO - [2024-05-01T23:53:44.117-0500] {dag.py:3954} INFO - Setting next_dagrun for example_nested_branch_dag to 2024-05-01 00:00:00+00:00, run_after=2024-05-02 00:00:00+00:00
[2024-05-01T23:53:44.125-0500] {processor.py:183} INFO - Processing /Users/nestoralfaro/Desktop/pbi-scenario-two/py_env/lib/python3.9/site-packages/airflow/example_dags/example_nested_branch_dag.py took 0.101 seconds
[2024-05-01T23:55:38.076-0500] {processor.py:161} INFO - Started process (PID=35794) to work on /Users/nestoralfaro/Desktop/pbi-scenario-two/py_env/lib/python3.9/site-packages/airflow/example_dags/example_nested_branch_dag.py
[2024-05-01T23:55:38.077-0500] {processor.py:830} INFO - Processing file /Users/nestoralfaro/Desktop/pbi-scenario-two/py_env/lib/python3.9/site-packages/airflow/example_dags/example_nested_branch_dag.py for tasks to queue
[2024-05-01T23:55:38.077-0500] {logging_mixin.py:188} INFO - [2024-05-01T23:55:38.077-0500] {dagbag.py:540} INFO - Filling up the DagBag from /Users/nestoralfaro/Desktop/pbi-scenario-two/py_env/lib/python3.9/site-packages/airflow/example_dags/example_nested_branch_dag.py
[2024-05-01T23:55:38.093-0500] {processor.py:840} INFO - DAG(s) 'example_nested_branch_dag' retrieved from /Users/nestoralfaro/Desktop/pbi-scenario-two/py_env/lib/python3.9/site-packages/airflow/example_dags/example_nested_branch_dag.py
[2024-05-01T23:55:38.132-0500] {logging_mixin.py:188} INFO - [2024-05-01T23:55:38.132-0500] {dag.py:3096} INFO - Sync 1 DAGs
[2024-05-01T23:55:38.160-0500] {logging_mixin.py:188} INFO - [2024-05-01T23:55:38.160-0500] {dag.py:3954} INFO - Setting next_dagrun for example_nested_branch_dag to 2024-05-01 00:00:00+00:00, run_after=2024-05-02 00:00:00+00:00
[2024-05-01T23:55:38.167-0500] {processor.py:183} INFO - Processing /Users/nestoralfaro/Desktop/pbi-scenario-two/py_env/lib/python3.9/site-packages/airflow/example_dags/example_nested_branch_dag.py took 0.093 seconds
[2024-05-01T23:57:28.690-0500] {processor.py:161} INFO - Started process (PID=35862) to work on /Users/nestoralfaro/Desktop/pbi-scenario-two/py_env/lib/python3.9/site-packages/airflow/example_dags/example_nested_branch_dag.py
[2024-05-01T23:57:28.691-0500] {processor.py:830} INFO - Processing file /Users/nestoralfaro/Desktop/pbi-scenario-two/py_env/lib/python3.9/site-packages/airflow/example_dags/example_nested_branch_dag.py for tasks to queue
[2024-05-01T23:57:28.691-0500] {logging_mixin.py:188} INFO - [2024-05-01T23:57:28.691-0500] {dagbag.py:540} INFO - Filling up the DagBag from /Users/nestoralfaro/Desktop/pbi-scenario-two/py_env/lib/python3.9/site-packages/airflow/example_dags/example_nested_branch_dag.py
[2024-05-01T23:57:28.708-0500] {processor.py:840} INFO - DAG(s) 'example_nested_branch_dag' retrieved from /Users/nestoralfaro/Desktop/pbi-scenario-two/py_env/lib/python3.9/site-packages/airflow/example_dags/example_nested_branch_dag.py
[2024-05-01T23:57:28.748-0500] {logging_mixin.py:188} INFO - [2024-05-01T23:57:28.748-0500] {dag.py:3096} INFO - Sync 1 DAGs
[2024-05-01T23:57:28.778-0500] {logging_mixin.py:188} INFO - [2024-05-01T23:57:28.778-0500] {dag.py:3954} INFO - Setting next_dagrun for example_nested_branch_dag to 2024-05-01 00:00:00+00:00, run_after=2024-05-02 00:00:00+00:00
[2024-05-01T23:57:28.785-0500] {processor.py:183} INFO - Processing /Users/nestoralfaro/Desktop/pbi-scenario-two/py_env/lib/python3.9/site-packages/airflow/example_dags/example_nested_branch_dag.py took 0.097 seconds
[2024-05-01T23:59:21.063-0500] {processor.py:161} INFO - Started process (PID=35933) to work on /Users/nestoralfaro/Desktop/pbi-scenario-two/py_env/lib/python3.9/site-packages/airflow/example_dags/example_nested_branch_dag.py
[2024-05-01T23:59:21.064-0500] {processor.py:830} INFO - Processing file /Users/nestoralfaro/Desktop/pbi-scenario-two/py_env/lib/python3.9/site-packages/airflow/example_dags/example_nested_branch_dag.py for tasks to queue
[2024-05-01T23:59:21.064-0500] {logging_mixin.py:188} INFO - [2024-05-01T23:59:21.064-0500] {dagbag.py:540} INFO - Filling up the DagBag from /Users/nestoralfaro/Desktop/pbi-scenario-two/py_env/lib/python3.9/site-packages/airflow/example_dags/example_nested_branch_dag.py
[2024-05-01T23:59:21.080-0500] {processor.py:840} INFO - DAG(s) 'example_nested_branch_dag' retrieved from /Users/nestoralfaro/Desktop/pbi-scenario-two/py_env/lib/python3.9/site-packages/airflow/example_dags/example_nested_branch_dag.py
[2024-05-01T23:59:21.119-0500] {logging_mixin.py:188} INFO - [2024-05-01T23:59:21.119-0500] {dag.py:3096} INFO - Sync 1 DAGs
[2024-05-01T23:59:21.148-0500] {logging_mixin.py:188} INFO - [2024-05-01T23:59:21.147-0500] {dag.py:3954} INFO - Setting next_dagrun for example_nested_branch_dag to 2024-05-01 00:00:00+00:00, run_after=2024-05-02 00:00:00+00:00
[2024-05-01T23:59:21.155-0500] {processor.py:183} INFO - Processing /Users/nestoralfaro/Desktop/pbi-scenario-two/py_env/lib/python3.9/site-packages/airflow/example_dags/example_nested_branch_dag.py took 0.093 seconds
[2024-05-02T00:01:10.962-0500] {processor.py:161} INFO - Started process (PID=36026) to work on /Users/nestoralfaro/Desktop/pbi-scenario-two/py_env/lib/python3.9/site-packages/airflow/example_dags/example_nested_branch_dag.py
[2024-05-02T00:01:10.964-0500] {processor.py:830} INFO - Processing file /Users/nestoralfaro/Desktop/pbi-scenario-two/py_env/lib/python3.9/site-packages/airflow/example_dags/example_nested_branch_dag.py for tasks to queue
[2024-05-02T00:01:10.964-0500] {logging_mixin.py:188} INFO - [2024-05-02T00:01:10.964-0500] {dagbag.py:540} INFO - Filling up the DagBag from /Users/nestoralfaro/Desktop/pbi-scenario-two/py_env/lib/python3.9/site-packages/airflow/example_dags/example_nested_branch_dag.py
[2024-05-02T00:01:10.983-0500] {processor.py:840} INFO - DAG(s) 'example_nested_branch_dag' retrieved from /Users/nestoralfaro/Desktop/pbi-scenario-two/py_env/lib/python3.9/site-packages/airflow/example_dags/example_nested_branch_dag.py
[2024-05-02T00:01:11.028-0500] {logging_mixin.py:188} INFO - [2024-05-02T00:01:11.028-0500] {dag.py:3096} INFO - Sync 1 DAGs
[2024-05-02T00:01:11.063-0500] {logging_mixin.py:188} INFO - [2024-05-02T00:01:11.062-0500] {dag.py:3954} INFO - Setting next_dagrun for example_nested_branch_dag to 2024-05-01 00:00:00+00:00, run_after=2024-05-02 00:00:00+00:00
[2024-05-02T00:01:11.070-0500] {processor.py:183} INFO - Processing /Users/nestoralfaro/Desktop/pbi-scenario-two/py_env/lib/python3.9/site-packages/airflow/example_dags/example_nested_branch_dag.py took 0.110 seconds
[2024-05-02T00:03:10.363-0500] {processor.py:161} INFO - Started process (PID=36110) to work on /Users/nestoralfaro/Desktop/pbi-scenario-two/py_env/lib/python3.9/site-packages/airflow/example_dags/example_nested_branch_dag.py
[2024-05-02T00:03:10.365-0500] {processor.py:830} INFO - Processing file /Users/nestoralfaro/Desktop/pbi-scenario-two/py_env/lib/python3.9/site-packages/airflow/example_dags/example_nested_branch_dag.py for tasks to queue
[2024-05-02T00:03:10.366-0500] {logging_mixin.py:188} INFO - [2024-05-02T00:03:10.365-0500] {dagbag.py:540} INFO - Filling up the DagBag from /Users/nestoralfaro/Desktop/pbi-scenario-two/py_env/lib/python3.9/site-packages/airflow/example_dags/example_nested_branch_dag.py
[2024-05-02T00:03:10.383-0500] {processor.py:840} INFO - DAG(s) 'example_nested_branch_dag' retrieved from /Users/nestoralfaro/Desktop/pbi-scenario-two/py_env/lib/python3.9/site-packages/airflow/example_dags/example_nested_branch_dag.py
[2024-05-02T00:03:10.425-0500] {logging_mixin.py:188} INFO - [2024-05-02T00:03:10.424-0500] {dag.py:3096} INFO - Sync 1 DAGs
[2024-05-02T00:03:10.454-0500] {logging_mixin.py:188} INFO - [2024-05-02T00:03:10.454-0500] {dag.py:3954} INFO - Setting next_dagrun for example_nested_branch_dag to 2024-05-01 00:00:00+00:00, run_after=2024-05-02 00:00:00+00:00
[2024-05-02T00:03:10.461-0500] {processor.py:183} INFO - Processing /Users/nestoralfaro/Desktop/pbi-scenario-two/py_env/lib/python3.9/site-packages/airflow/example_dags/example_nested_branch_dag.py took 0.099 seconds
[2024-05-02T00:05:03.803-0500] {processor.py:161} INFO - Started process (PID=36186) to work on /Users/nestoralfaro/Desktop/pbi-scenario-two/py_env/lib/python3.9/site-packages/airflow/example_dags/example_nested_branch_dag.py
[2024-05-02T00:05:03.805-0500] {processor.py:830} INFO - Processing file /Users/nestoralfaro/Desktop/pbi-scenario-two/py_env/lib/python3.9/site-packages/airflow/example_dags/example_nested_branch_dag.py for tasks to queue
[2024-05-02T00:05:03.806-0500] {logging_mixin.py:188} INFO - [2024-05-02T00:05:03.806-0500] {dagbag.py:540} INFO - Filling up the DagBag from /Users/nestoralfaro/Desktop/pbi-scenario-two/py_env/lib/python3.9/site-packages/airflow/example_dags/example_nested_branch_dag.py
[2024-05-02T00:05:03.823-0500] {processor.py:840} INFO - DAG(s) 'example_nested_branch_dag' retrieved from /Users/nestoralfaro/Desktop/pbi-scenario-two/py_env/lib/python3.9/site-packages/airflow/example_dags/example_nested_branch_dag.py
[2024-05-02T00:05:03.865-0500] {logging_mixin.py:188} INFO - [2024-05-02T00:05:03.865-0500] {dag.py:3096} INFO - Sync 1 DAGs
[2024-05-02T00:05:03.896-0500] {logging_mixin.py:188} INFO - [2024-05-02T00:05:03.896-0500] {dag.py:3954} INFO - Setting next_dagrun for example_nested_branch_dag to 2024-05-01 00:00:00+00:00, run_after=2024-05-02 00:00:00+00:00
[2024-05-02T00:05:03.903-0500] {processor.py:183} INFO - Processing /Users/nestoralfaro/Desktop/pbi-scenario-two/py_env/lib/python3.9/site-packages/airflow/example_dags/example_nested_branch_dag.py took 0.101 seconds
[2024-05-02T00:06:55.016-0500] {processor.py:161} INFO - Started process (PID=36274) to work on /Users/nestoralfaro/Desktop/pbi-scenario-two/py_env/lib/python3.9/site-packages/airflow/example_dags/example_nested_branch_dag.py
[2024-05-02T00:06:55.018-0500] {processor.py:830} INFO - Processing file /Users/nestoralfaro/Desktop/pbi-scenario-two/py_env/lib/python3.9/site-packages/airflow/example_dags/example_nested_branch_dag.py for tasks to queue
[2024-05-02T00:06:55.018-0500] {logging_mixin.py:188} INFO - [2024-05-02T00:06:55.018-0500] {dagbag.py:540} INFO - Filling up the DagBag from /Users/nestoralfaro/Desktop/pbi-scenario-two/py_env/lib/python3.9/site-packages/airflow/example_dags/example_nested_branch_dag.py
[2024-05-02T00:06:55.035-0500] {processor.py:840} INFO - DAG(s) 'example_nested_branch_dag' retrieved from /Users/nestoralfaro/Desktop/pbi-scenario-two/py_env/lib/python3.9/site-packages/airflow/example_dags/example_nested_branch_dag.py
[2024-05-02T00:06:55.075-0500] {logging_mixin.py:188} INFO - [2024-05-02T00:06:55.075-0500] {dag.py:3096} INFO - Sync 1 DAGs
[2024-05-02T00:06:55.105-0500] {logging_mixin.py:188} INFO - [2024-05-02T00:06:55.105-0500] {dag.py:3954} INFO - Setting next_dagrun for example_nested_branch_dag to 2024-05-01 00:00:00+00:00, run_after=2024-05-02 00:00:00+00:00
[2024-05-02T00:06:55.112-0500] {processor.py:183} INFO - Processing /Users/nestoralfaro/Desktop/pbi-scenario-two/py_env/lib/python3.9/site-packages/airflow/example_dags/example_nested_branch_dag.py took 0.098 seconds
[2024-05-02T00:08:45.106-0500] {processor.py:161} INFO - Started process (PID=36341) to work on /Users/nestoralfaro/Desktop/pbi-scenario-two/py_env/lib/python3.9/site-packages/airflow/example_dags/example_nested_branch_dag.py
[2024-05-02T00:08:45.108-0500] {processor.py:830} INFO - Processing file /Users/nestoralfaro/Desktop/pbi-scenario-two/py_env/lib/python3.9/site-packages/airflow/example_dags/example_nested_branch_dag.py for tasks to queue
[2024-05-02T00:08:45.108-0500] {logging_mixin.py:188} INFO - [2024-05-02T00:08:45.108-0500] {dagbag.py:540} INFO - Filling up the DagBag from /Users/nestoralfaro/Desktop/pbi-scenario-two/py_env/lib/python3.9/site-packages/airflow/example_dags/example_nested_branch_dag.py
[2024-05-02T00:08:45.125-0500] {processor.py:840} INFO - DAG(s) 'example_nested_branch_dag' retrieved from /Users/nestoralfaro/Desktop/pbi-scenario-two/py_env/lib/python3.9/site-packages/airflow/example_dags/example_nested_branch_dag.py
[2024-05-02T00:08:45.166-0500] {logging_mixin.py:188} INFO - [2024-05-02T00:08:45.166-0500] {dag.py:3096} INFO - Sync 1 DAGs
[2024-05-02T00:08:45.197-0500] {logging_mixin.py:188} INFO - [2024-05-02T00:08:45.197-0500] {dag.py:3954} INFO - Setting next_dagrun for example_nested_branch_dag to 2024-05-01 00:00:00+00:00, run_after=2024-05-02 00:00:00+00:00
[2024-05-02T00:08:45.206-0500] {processor.py:183} INFO - Processing /Users/nestoralfaro/Desktop/pbi-scenario-two/py_env/lib/python3.9/site-packages/airflow/example_dags/example_nested_branch_dag.py took 0.102 seconds
[2024-05-02T00:11:49.677-0500] {processor.py:161} INFO - Started process (PID=36469) to work on /Users/nestoralfaro/Desktop/pbi-scenario-two/py_env/lib/python3.9/site-packages/airflow/example_dags/example_nested_branch_dag.py
[2024-05-02T00:11:49.679-0500] {processor.py:830} INFO - Processing file /Users/nestoralfaro/Desktop/pbi-scenario-two/py_env/lib/python3.9/site-packages/airflow/example_dags/example_nested_branch_dag.py for tasks to queue
[2024-05-02T00:11:49.679-0500] {logging_mixin.py:188} INFO - [2024-05-02T00:11:49.679-0500] {dagbag.py:540} INFO - Filling up the DagBag from /Users/nestoralfaro/Desktop/pbi-scenario-two/py_env/lib/python3.9/site-packages/airflow/example_dags/example_nested_branch_dag.py
[2024-05-02T00:11:49.696-0500] {processor.py:840} INFO - DAG(s) 'example_nested_branch_dag' retrieved from /Users/nestoralfaro/Desktop/pbi-scenario-two/py_env/lib/python3.9/site-packages/airflow/example_dags/example_nested_branch_dag.py
[2024-05-02T00:11:49.739-0500] {logging_mixin.py:188} INFO - [2024-05-02T00:11:49.739-0500] {dag.py:3096} INFO - Sync 1 DAGs
[2024-05-02T00:11:49.768-0500] {logging_mixin.py:188} INFO - [2024-05-02T00:11:49.768-0500] {dag.py:3954} INFO - Setting next_dagrun for example_nested_branch_dag to 2024-05-01 00:00:00+00:00, run_after=2024-05-02 00:00:00+00:00
[2024-05-02T00:11:49.775-0500] {processor.py:183} INFO - Processing /Users/nestoralfaro/Desktop/pbi-scenario-two/py_env/lib/python3.9/site-packages/airflow/example_dags/example_nested_branch_dag.py took 0.100 seconds
[2024-05-02T00:13:16.565-0500] {processor.py:161} INFO - Started process (PID=36536) to work on /Users/nestoralfaro/Desktop/pbi-scenario-two/py_env/lib/python3.9/site-packages/airflow/example_dags/example_nested_branch_dag.py
[2024-05-02T00:13:16.567-0500] {processor.py:830} INFO - Processing file /Users/nestoralfaro/Desktop/pbi-scenario-two/py_env/lib/python3.9/site-packages/airflow/example_dags/example_nested_branch_dag.py for tasks to queue
[2024-05-02T00:13:16.567-0500] {logging_mixin.py:188} INFO - [2024-05-02T00:13:16.567-0500] {dagbag.py:540} INFO - Filling up the DagBag from /Users/nestoralfaro/Desktop/pbi-scenario-two/py_env/lib/python3.9/site-packages/airflow/example_dags/example_nested_branch_dag.py
[2024-05-02T00:13:16.586-0500] {processor.py:840} INFO - DAG(s) 'example_nested_branch_dag' retrieved from /Users/nestoralfaro/Desktop/pbi-scenario-two/py_env/lib/python3.9/site-packages/airflow/example_dags/example_nested_branch_dag.py
[2024-05-02T00:13:16.626-0500] {logging_mixin.py:188} INFO - [2024-05-02T00:13:16.626-0500] {dag.py:3096} INFO - Sync 1 DAGs
[2024-05-02T00:13:16.655-0500] {logging_mixin.py:188} INFO - [2024-05-02T00:13:16.654-0500] {dag.py:3954} INFO - Setting next_dagrun for example_nested_branch_dag to 2024-05-01 00:00:00+00:00, run_after=2024-05-02 00:00:00+00:00
[2024-05-02T00:13:16.662-0500] {processor.py:183} INFO - Processing /Users/nestoralfaro/Desktop/pbi-scenario-two/py_env/lib/python3.9/site-packages/airflow/example_dags/example_nested_branch_dag.py took 0.098 seconds
[2024-05-02T00:15:43.004-0500] {processor.py:161} INFO - Started process (PID=36633) to work on /Users/nestoralfaro/Desktop/pbi-scenario-two/py_env/lib/python3.9/site-packages/airflow/example_dags/example_nested_branch_dag.py
[2024-05-02T00:15:43.006-0500] {processor.py:830} INFO - Processing file /Users/nestoralfaro/Desktop/pbi-scenario-two/py_env/lib/python3.9/site-packages/airflow/example_dags/example_nested_branch_dag.py for tasks to queue
[2024-05-02T00:15:43.006-0500] {logging_mixin.py:188} INFO - [2024-05-02T00:15:43.006-0500] {dagbag.py:540} INFO - Filling up the DagBag from /Users/nestoralfaro/Desktop/pbi-scenario-two/py_env/lib/python3.9/site-packages/airflow/example_dags/example_nested_branch_dag.py
[2024-05-02T00:15:43.024-0500] {processor.py:840} INFO - DAG(s) 'example_nested_branch_dag' retrieved from /Users/nestoralfaro/Desktop/pbi-scenario-two/py_env/lib/python3.9/site-packages/airflow/example_dags/example_nested_branch_dag.py
[2024-05-02T00:15:43.066-0500] {logging_mixin.py:188} INFO - [2024-05-02T00:15:43.066-0500] {dag.py:3096} INFO - Sync 1 DAGs
[2024-05-02T00:15:43.098-0500] {logging_mixin.py:188} INFO - [2024-05-02T00:15:43.098-0500] {dag.py:3954} INFO - Setting next_dagrun for example_nested_branch_dag to 2024-05-01 00:00:00+00:00, run_after=2024-05-02 00:00:00+00:00
[2024-05-02T00:15:43.106-0500] {processor.py:183} INFO - Processing /Users/nestoralfaro/Desktop/pbi-scenario-two/py_env/lib/python3.9/site-packages/airflow/example_dags/example_nested_branch_dag.py took 0.103 seconds
[2024-05-02T00:17:11.700-0500] {processor.py:161} INFO - Started process (PID=36692) to work on /Users/nestoralfaro/Desktop/pbi-scenario-two/py_env/lib/python3.9/site-packages/airflow/example_dags/example_nested_branch_dag.py
[2024-05-02T00:17:11.701-0500] {processor.py:830} INFO - Processing file /Users/nestoralfaro/Desktop/pbi-scenario-two/py_env/lib/python3.9/site-packages/airflow/example_dags/example_nested_branch_dag.py for tasks to queue
[2024-05-02T00:17:11.701-0500] {logging_mixin.py:188} INFO - [2024-05-02T00:17:11.701-0500] {dagbag.py:540} INFO - Filling up the DagBag from /Users/nestoralfaro/Desktop/pbi-scenario-two/py_env/lib/python3.9/site-packages/airflow/example_dags/example_nested_branch_dag.py
[2024-05-02T00:17:11.720-0500] {processor.py:840} INFO - DAG(s) 'example_nested_branch_dag' retrieved from /Users/nestoralfaro/Desktop/pbi-scenario-two/py_env/lib/python3.9/site-packages/airflow/example_dags/example_nested_branch_dag.py
[2024-05-02T00:17:11.765-0500] {logging_mixin.py:188} INFO - [2024-05-02T00:17:11.765-0500] {dag.py:3096} INFO - Sync 1 DAGs
[2024-05-02T00:17:11.798-0500] {logging_mixin.py:188} INFO - [2024-05-02T00:17:11.798-0500] {dag.py:3954} INFO - Setting next_dagrun for example_nested_branch_dag to 2024-05-01 00:00:00+00:00, run_after=2024-05-02 00:00:00+00:00
[2024-05-02T00:17:11.806-0500] {processor.py:183} INFO - Processing /Users/nestoralfaro/Desktop/pbi-scenario-two/py_env/lib/python3.9/site-packages/airflow/example_dags/example_nested_branch_dag.py took 0.108 seconds
[2024-05-02T00:19:07.420-0500] {processor.py:161} INFO - Started process (PID=36785) to work on /Users/nestoralfaro/Desktop/pbi-scenario-two/py_env/lib/python3.9/site-packages/airflow/example_dags/example_nested_branch_dag.py
[2024-05-02T00:19:07.422-0500] {processor.py:830} INFO - Processing file /Users/nestoralfaro/Desktop/pbi-scenario-two/py_env/lib/python3.9/site-packages/airflow/example_dags/example_nested_branch_dag.py for tasks to queue
[2024-05-02T00:19:07.422-0500] {logging_mixin.py:188} INFO - [2024-05-02T00:19:07.422-0500] {dagbag.py:540} INFO - Filling up the DagBag from /Users/nestoralfaro/Desktop/pbi-scenario-two/py_env/lib/python3.9/site-packages/airflow/example_dags/example_nested_branch_dag.py
[2024-05-02T00:19:07.438-0500] {processor.py:840} INFO - DAG(s) 'example_nested_branch_dag' retrieved from /Users/nestoralfaro/Desktop/pbi-scenario-two/py_env/lib/python3.9/site-packages/airflow/example_dags/example_nested_branch_dag.py
[2024-05-02T00:19:07.478-0500] {logging_mixin.py:188} INFO - [2024-05-02T00:19:07.478-0500] {dag.py:3096} INFO - Sync 1 DAGs
[2024-05-02T00:19:07.507-0500] {logging_mixin.py:188} INFO - [2024-05-02T00:19:07.507-0500] {dag.py:3954} INFO - Setting next_dagrun for example_nested_branch_dag to 2024-05-01 00:00:00+00:00, run_after=2024-05-02 00:00:00+00:00
[2024-05-02T00:19:07.514-0500] {processor.py:183} INFO - Processing /Users/nestoralfaro/Desktop/pbi-scenario-two/py_env/lib/python3.9/site-packages/airflow/example_dags/example_nested_branch_dag.py took 0.096 seconds
[2024-05-02T00:21:01.670-0500] {processor.py:161} INFO - Started process (PID=36873) to work on /Users/nestoralfaro/Desktop/pbi-scenario-two/py_env/lib/python3.9/site-packages/airflow/example_dags/example_nested_branch_dag.py
[2024-05-02T00:21:01.672-0500] {processor.py:830} INFO - Processing file /Users/nestoralfaro/Desktop/pbi-scenario-two/py_env/lib/python3.9/site-packages/airflow/example_dags/example_nested_branch_dag.py for tasks to queue
[2024-05-02T00:21:01.672-0500] {logging_mixin.py:188} INFO - [2024-05-02T00:21:01.672-0500] {dagbag.py:540} INFO - Filling up the DagBag from /Users/nestoralfaro/Desktop/pbi-scenario-two/py_env/lib/python3.9/site-packages/airflow/example_dags/example_nested_branch_dag.py
[2024-05-02T00:21:01.689-0500] {processor.py:840} INFO - DAG(s) 'example_nested_branch_dag' retrieved from /Users/nestoralfaro/Desktop/pbi-scenario-two/py_env/lib/python3.9/site-packages/airflow/example_dags/example_nested_branch_dag.py
[2024-05-02T00:21:01.733-0500] {logging_mixin.py:188} INFO - [2024-05-02T00:21:01.733-0500] {dag.py:3096} INFO - Sync 1 DAGs
[2024-05-02T00:21:01.766-0500] {logging_mixin.py:188} INFO - [2024-05-02T00:21:01.766-0500] {dag.py:3954} INFO - Setting next_dagrun for example_nested_branch_dag to 2024-05-01 00:00:00+00:00, run_after=2024-05-02 00:00:00+00:00
[2024-05-02T00:21:01.774-0500] {processor.py:183} INFO - Processing /Users/nestoralfaro/Desktop/pbi-scenario-two/py_env/lib/python3.9/site-packages/airflow/example_dags/example_nested_branch_dag.py took 0.105 seconds
[2024-05-02T00:22:57.123-0500] {processor.py:161} INFO - Started process (PID=36985) to work on /Users/nestoralfaro/Desktop/pbi-scenario-two/py_env/lib/python3.9/site-packages/airflow/example_dags/example_nested_branch_dag.py
[2024-05-02T00:22:57.126-0500] {processor.py:830} INFO - Processing file /Users/nestoralfaro/Desktop/pbi-scenario-two/py_env/lib/python3.9/site-packages/airflow/example_dags/example_nested_branch_dag.py for tasks to queue
[2024-05-02T00:22:57.126-0500] {logging_mixin.py:188} INFO - [2024-05-02T00:22:57.126-0500] {dagbag.py:540} INFO - Filling up the DagBag from /Users/nestoralfaro/Desktop/pbi-scenario-two/py_env/lib/python3.9/site-packages/airflow/example_dags/example_nested_branch_dag.py
[2024-05-02T00:22:57.143-0500] {processor.py:840} INFO - DAG(s) 'example_nested_branch_dag' retrieved from /Users/nestoralfaro/Desktop/pbi-scenario-two/py_env/lib/python3.9/site-packages/airflow/example_dags/example_nested_branch_dag.py
[2024-05-02T00:22:57.187-0500] {logging_mixin.py:188} INFO - [2024-05-02T00:22:57.187-0500] {dag.py:3096} INFO - Sync 1 DAGs
[2024-05-02T00:22:57.221-0500] {logging_mixin.py:188} INFO - [2024-05-02T00:22:57.221-0500] {dag.py:3954} INFO - Setting next_dagrun for example_nested_branch_dag to 2024-05-01 00:00:00+00:00, run_after=2024-05-02 00:00:00+00:00
[2024-05-02T00:22:57.229-0500] {processor.py:183} INFO - Processing /Users/nestoralfaro/Desktop/pbi-scenario-two/py_env/lib/python3.9/site-packages/airflow/example_dags/example_nested_branch_dag.py took 0.108 seconds
