[2024-05-01T23:30:42.318-0500] {processor.py:161} INFO - Started process (PID=34759) to work on /Users/nestoralfaro/Desktop/pbi-scenario-two/py_env/lib/python3.9/site-packages/airflow/example_dags/example_setup_teardown.py
[2024-05-01T23:30:42.320-0500] {processor.py:830} INFO - Processing file /Users/nestoralfaro/Desktop/pbi-scenario-two/py_env/lib/python3.9/site-packages/airflow/example_dags/example_setup_teardown.py for tasks to queue
[2024-05-01T23:30:42.320-0500] {logging_mixin.py:188} INFO - [2024-05-01T23:30:42.320-0500] {dagbag.py:540} INFO - Filling up the DagBag from /Users/nestoralfaro/Desktop/pbi-scenario-two/py_env/lib/python3.9/site-packages/airflow/example_dags/example_setup_teardown.py
[2024-05-01T23:30:42.325-0500] {processor.py:840} INFO - DAG(s) 'example_setup_teardown' retrieved from /Users/nestoralfaro/Desktop/pbi-scenario-two/py_env/lib/python3.9/site-packages/airflow/example_dags/example_setup_teardown.py
[2024-05-01T23:30:42.433-0500] {logging_mixin.py:188} INFO - [2024-05-01T23:30:42.433-0500] {dag.py:3096} INFO - Sync 1 DAGs
[2024-05-01T23:30:42.442-0500] {logging_mixin.py:188} INFO - [2024-05-01T23:30:42.441-0500] {dag.py:3954} INFO - Setting next_dagrun for example_setup_teardown to 2024-05-01 00:00:00+00:00, run_after=2024-05-02 00:00:00+00:00
[2024-05-01T23:30:42.450-0500] {processor.py:183} INFO - Processing /Users/nestoralfaro/Desktop/pbi-scenario-two/py_env/lib/python3.9/site-packages/airflow/example_dags/example_setup_teardown.py took 0.133 seconds
[2024-05-01T23:32:17.087-0500] {processor.py:161} INFO - Started process (PID=34834) to work on /Users/nestoralfaro/Desktop/pbi-scenario-two/py_env/lib/python3.9/site-packages/airflow/example_dags/example_setup_teardown.py
[2024-05-01T23:32:17.089-0500] {processor.py:830} INFO - Processing file /Users/nestoralfaro/Desktop/pbi-scenario-two/py_env/lib/python3.9/site-packages/airflow/example_dags/example_setup_teardown.py for tasks to queue
[2024-05-01T23:32:17.090-0500] {logging_mixin.py:188} INFO - [2024-05-01T23:32:17.090-0500] {dagbag.py:540} INFO - Filling up the DagBag from /Users/nestoralfaro/Desktop/pbi-scenario-two/py_env/lib/python3.9/site-packages/airflow/example_dags/example_setup_teardown.py
[2024-05-01T23:32:17.093-0500] {processor.py:840} INFO - DAG(s) 'example_setup_teardown' retrieved from /Users/nestoralfaro/Desktop/pbi-scenario-two/py_env/lib/python3.9/site-packages/airflow/example_dags/example_setup_teardown.py
[2024-05-01T23:32:17.134-0500] {logging_mixin.py:188} INFO - [2024-05-01T23:32:17.133-0500] {dag.py:3096} INFO - Sync 1 DAGs
[2024-05-01T23:32:17.141-0500] {logging_mixin.py:188} INFO - [2024-05-01T23:32:17.141-0500] {dag.py:3954} INFO - Setting next_dagrun for example_setup_teardown to 2024-05-01 00:00:00+00:00, run_after=2024-05-02 00:00:00+00:00
[2024-05-01T23:32:17.148-0500] {processor.py:183} INFO - Processing /Users/nestoralfaro/Desktop/pbi-scenario-two/py_env/lib/python3.9/site-packages/airflow/example_dags/example_setup_teardown.py took 0.062 seconds
[2024-05-01T23:34:16.379-0500] {processor.py:161} INFO - Started process (PID=34919) to work on /Users/nestoralfaro/Desktop/pbi-scenario-two/py_env/lib/python3.9/site-packages/airflow/example_dags/example_setup_teardown.py
[2024-05-01T23:34:16.381-0500] {processor.py:830} INFO - Processing file /Users/nestoralfaro/Desktop/pbi-scenario-two/py_env/lib/python3.9/site-packages/airflow/example_dags/example_setup_teardown.py for tasks to queue
[2024-05-01T23:34:16.381-0500] {logging_mixin.py:188} INFO - [2024-05-01T23:34:16.381-0500] {dagbag.py:540} INFO - Filling up the DagBag from /Users/nestoralfaro/Desktop/pbi-scenario-two/py_env/lib/python3.9/site-packages/airflow/example_dags/example_setup_teardown.py
[2024-05-01T23:34:16.385-0500] {processor.py:840} INFO - DAG(s) 'example_setup_teardown' retrieved from /Users/nestoralfaro/Desktop/pbi-scenario-two/py_env/lib/python3.9/site-packages/airflow/example_dags/example_setup_teardown.py
[2024-05-01T23:34:16.428-0500] {logging_mixin.py:188} INFO - [2024-05-01T23:34:16.428-0500] {dag.py:3096} INFO - Sync 1 DAGs
[2024-05-01T23:34:16.436-0500] {logging_mixin.py:188} INFO - [2024-05-01T23:34:16.436-0500] {dag.py:3954} INFO - Setting next_dagrun for example_setup_teardown to 2024-05-01 00:00:00+00:00, run_after=2024-05-02 00:00:00+00:00
[2024-05-01T23:34:16.445-0500] {processor.py:183} INFO - Processing /Users/nestoralfaro/Desktop/pbi-scenario-two/py_env/lib/python3.9/site-packages/airflow/example_dags/example_setup_teardown.py took 0.068 seconds
[2024-05-01T23:36:12.112-0500] {processor.py:161} INFO - Started process (PID=34989) to work on /Users/nestoralfaro/Desktop/pbi-scenario-two/py_env/lib/python3.9/site-packages/airflow/example_dags/example_setup_teardown.py
[2024-05-01T23:36:12.113-0500] {processor.py:830} INFO - Processing file /Users/nestoralfaro/Desktop/pbi-scenario-two/py_env/lib/python3.9/site-packages/airflow/example_dags/example_setup_teardown.py for tasks to queue
[2024-05-01T23:36:12.113-0500] {logging_mixin.py:188} INFO - [2024-05-01T23:36:12.113-0500] {dagbag.py:540} INFO - Filling up the DagBag from /Users/nestoralfaro/Desktop/pbi-scenario-two/py_env/lib/python3.9/site-packages/airflow/example_dags/example_setup_teardown.py
[2024-05-01T23:36:12.116-0500] {processor.py:840} INFO - DAG(s) 'example_setup_teardown' retrieved from /Users/nestoralfaro/Desktop/pbi-scenario-two/py_env/lib/python3.9/site-packages/airflow/example_dags/example_setup_teardown.py
[2024-05-01T23:36:12.159-0500] {logging_mixin.py:188} INFO - [2024-05-01T23:36:12.159-0500] {dag.py:3096} INFO - Sync 1 DAGs
[2024-05-01T23:36:12.167-0500] {logging_mixin.py:188} INFO - [2024-05-01T23:36:12.167-0500] {dag.py:3954} INFO - Setting next_dagrun for example_setup_teardown to 2024-05-01 00:00:00+00:00, run_after=2024-05-02 00:00:00+00:00
[2024-05-01T23:36:12.174-0500] {processor.py:183} INFO - Processing /Users/nestoralfaro/Desktop/pbi-scenario-two/py_env/lib/python3.9/site-packages/airflow/example_dags/example_setup_teardown.py took 0.064 seconds
[2024-05-01T23:38:06.993-0500] {processor.py:161} INFO - Started process (PID=35058) to work on /Users/nestoralfaro/Desktop/pbi-scenario-two/py_env/lib/python3.9/site-packages/airflow/example_dags/example_setup_teardown.py
[2024-05-01T23:38:06.995-0500] {processor.py:830} INFO - Processing file /Users/nestoralfaro/Desktop/pbi-scenario-two/py_env/lib/python3.9/site-packages/airflow/example_dags/example_setup_teardown.py for tasks to queue
[2024-05-01T23:38:06.995-0500] {logging_mixin.py:188} INFO - [2024-05-01T23:38:06.995-0500] {dagbag.py:540} INFO - Filling up the DagBag from /Users/nestoralfaro/Desktop/pbi-scenario-two/py_env/lib/python3.9/site-packages/airflow/example_dags/example_setup_teardown.py
[2024-05-01T23:38:06.999-0500] {processor.py:840} INFO - DAG(s) 'example_setup_teardown' retrieved from /Users/nestoralfaro/Desktop/pbi-scenario-two/py_env/lib/python3.9/site-packages/airflow/example_dags/example_setup_teardown.py
[2024-05-01T23:38:07.046-0500] {logging_mixin.py:188} INFO - [2024-05-01T23:38:07.045-0500] {dag.py:3096} INFO - Sync 1 DAGs
[2024-05-01T23:38:07.054-0500] {logging_mixin.py:188} INFO - [2024-05-01T23:38:07.054-0500] {dag.py:3954} INFO - Setting next_dagrun for example_setup_teardown to 2024-05-01 00:00:00+00:00, run_after=2024-05-02 00:00:00+00:00
[2024-05-01T23:38:07.062-0500] {processor.py:183} INFO - Processing /Users/nestoralfaro/Desktop/pbi-scenario-two/py_env/lib/python3.9/site-packages/airflow/example_dags/example_setup_teardown.py took 0.070 seconds
[2024-05-01T23:40:00.213-0500] {processor.py:161} INFO - Started process (PID=35139) to work on /Users/nestoralfaro/Desktop/pbi-scenario-two/py_env/lib/python3.9/site-packages/airflow/example_dags/example_setup_teardown.py
[2024-05-01T23:40:00.215-0500] {processor.py:830} INFO - Processing file /Users/nestoralfaro/Desktop/pbi-scenario-two/py_env/lib/python3.9/site-packages/airflow/example_dags/example_setup_teardown.py for tasks to queue
[2024-05-01T23:40:00.215-0500] {logging_mixin.py:188} INFO - [2024-05-01T23:40:00.215-0500] {dagbag.py:540} INFO - Filling up the DagBag from /Users/nestoralfaro/Desktop/pbi-scenario-two/py_env/lib/python3.9/site-packages/airflow/example_dags/example_setup_teardown.py
[2024-05-01T23:40:00.219-0500] {processor.py:840} INFO - DAG(s) 'example_setup_teardown' retrieved from /Users/nestoralfaro/Desktop/pbi-scenario-two/py_env/lib/python3.9/site-packages/airflow/example_dags/example_setup_teardown.py
[2024-05-01T23:40:00.260-0500] {logging_mixin.py:188} INFO - [2024-05-01T23:40:00.260-0500] {dag.py:3096} INFO - Sync 1 DAGs
[2024-05-01T23:40:00.268-0500] {logging_mixin.py:188} INFO - [2024-05-01T23:40:00.268-0500] {dag.py:3954} INFO - Setting next_dagrun for example_setup_teardown to 2024-05-01 00:00:00+00:00, run_after=2024-05-02 00:00:00+00:00
[2024-05-01T23:40:00.275-0500] {processor.py:183} INFO - Processing /Users/nestoralfaro/Desktop/pbi-scenario-two/py_env/lib/python3.9/site-packages/airflow/example_dags/example_setup_teardown.py took 0.063 seconds
[2024-05-01T23:42:27.378-0500] {processor.py:161} INFO - Started process (PID=35268) to work on /Users/nestoralfaro/Desktop/pbi-scenario-two/py_env/lib/python3.9/site-packages/airflow/example_dags/example_setup_teardown.py
[2024-05-01T23:42:27.380-0500] {processor.py:830} INFO - Processing file /Users/nestoralfaro/Desktop/pbi-scenario-two/py_env/lib/python3.9/site-packages/airflow/example_dags/example_setup_teardown.py for tasks to queue
[2024-05-01T23:42:27.381-0500] {logging_mixin.py:188} INFO - [2024-05-01T23:42:27.380-0500] {dagbag.py:540} INFO - Filling up the DagBag from /Users/nestoralfaro/Desktop/pbi-scenario-two/py_env/lib/python3.9/site-packages/airflow/example_dags/example_setup_teardown.py
[2024-05-01T23:42:27.384-0500] {processor.py:840} INFO - DAG(s) 'example_setup_teardown' retrieved from /Users/nestoralfaro/Desktop/pbi-scenario-two/py_env/lib/python3.9/site-packages/airflow/example_dags/example_setup_teardown.py
[2024-05-01T23:42:27.430-0500] {logging_mixin.py:188} INFO - [2024-05-01T23:42:27.430-0500] {dag.py:3096} INFO - Sync 1 DAGs
[2024-05-01T23:42:27.438-0500] {logging_mixin.py:188} INFO - [2024-05-01T23:42:27.438-0500] {dag.py:3954} INFO - Setting next_dagrun for example_setup_teardown to 2024-05-01 00:00:00+00:00, run_after=2024-05-02 00:00:00+00:00
[2024-05-01T23:42:27.445-0500] {processor.py:183} INFO - Processing /Users/nestoralfaro/Desktop/pbi-scenario-two/py_env/lib/python3.9/site-packages/airflow/example_dags/example_setup_teardown.py took 0.069 seconds
[2024-05-01T23:43:56.064-0500] {processor.py:161} INFO - Started process (PID=35322) to work on /Users/nestoralfaro/Desktop/pbi-scenario-two/py_env/lib/python3.9/site-packages/airflow/example_dags/example_setup_teardown.py
[2024-05-01T23:43:56.066-0500] {processor.py:830} INFO - Processing file /Users/nestoralfaro/Desktop/pbi-scenario-two/py_env/lib/python3.9/site-packages/airflow/example_dags/example_setup_teardown.py for tasks to queue
[2024-05-01T23:43:56.067-0500] {logging_mixin.py:188} INFO - [2024-05-01T23:43:56.067-0500] {dagbag.py:540} INFO - Filling up the DagBag from /Users/nestoralfaro/Desktop/pbi-scenario-two/py_env/lib/python3.9/site-packages/airflow/example_dags/example_setup_teardown.py
[2024-05-01T23:43:56.070-0500] {processor.py:840} INFO - DAG(s) 'example_setup_teardown' retrieved from /Users/nestoralfaro/Desktop/pbi-scenario-two/py_env/lib/python3.9/site-packages/airflow/example_dags/example_setup_teardown.py
[2024-05-01T23:43:56.114-0500] {logging_mixin.py:188} INFO - [2024-05-01T23:43:56.114-0500] {dag.py:3096} INFO - Sync 1 DAGs
[2024-05-01T23:43:56.122-0500] {logging_mixin.py:188} INFO - [2024-05-01T23:43:56.122-0500] {dag.py:3954} INFO - Setting next_dagrun for example_setup_teardown to 2024-05-01 00:00:00+00:00, run_after=2024-05-02 00:00:00+00:00
[2024-05-01T23:43:56.129-0500] {processor.py:183} INFO - Processing /Users/nestoralfaro/Desktop/pbi-scenario-two/py_env/lib/python3.9/site-packages/airflow/example_dags/example_setup_teardown.py took 0.066 seconds
[2024-05-01T23:45:54.185-0500] {processor.py:161} INFO - Started process (PID=35405) to work on /Users/nestoralfaro/Desktop/pbi-scenario-two/py_env/lib/python3.9/site-packages/airflow/example_dags/example_setup_teardown.py
[2024-05-01T23:45:54.187-0500] {processor.py:830} INFO - Processing file /Users/nestoralfaro/Desktop/pbi-scenario-two/py_env/lib/python3.9/site-packages/airflow/example_dags/example_setup_teardown.py for tasks to queue
[2024-05-01T23:45:54.188-0500] {logging_mixin.py:188} INFO - [2024-05-01T23:45:54.188-0500] {dagbag.py:540} INFO - Filling up the DagBag from /Users/nestoralfaro/Desktop/pbi-scenario-two/py_env/lib/python3.9/site-packages/airflow/example_dags/example_setup_teardown.py
[2024-05-01T23:45:54.191-0500] {processor.py:840} INFO - DAG(s) 'example_setup_teardown' retrieved from /Users/nestoralfaro/Desktop/pbi-scenario-two/py_env/lib/python3.9/site-packages/airflow/example_dags/example_setup_teardown.py
[2024-05-01T23:45:54.233-0500] {logging_mixin.py:188} INFO - [2024-05-01T23:45:54.233-0500] {dag.py:3096} INFO - Sync 1 DAGs
[2024-05-01T23:45:54.241-0500] {logging_mixin.py:188} INFO - [2024-05-01T23:45:54.240-0500] {dag.py:3954} INFO - Setting next_dagrun for example_setup_teardown to 2024-05-01 00:00:00+00:00, run_after=2024-05-02 00:00:00+00:00
[2024-05-01T23:45:54.248-0500] {processor.py:183} INFO - Processing /Users/nestoralfaro/Desktop/pbi-scenario-two/py_env/lib/python3.9/site-packages/airflow/example_dags/example_setup_teardown.py took 0.064 seconds
[2024-05-01T23:47:44.993-0500] {processor.py:161} INFO - Started process (PID=35482) to work on /Users/nestoralfaro/Desktop/pbi-scenario-two/py_env/lib/python3.9/site-packages/airflow/example_dags/example_setup_teardown.py
[2024-05-01T23:47:44.995-0500] {processor.py:830} INFO - Processing file /Users/nestoralfaro/Desktop/pbi-scenario-two/py_env/lib/python3.9/site-packages/airflow/example_dags/example_setup_teardown.py for tasks to queue
[2024-05-01T23:47:44.996-0500] {logging_mixin.py:188} INFO - [2024-05-01T23:47:44.995-0500] {dagbag.py:540} INFO - Filling up the DagBag from /Users/nestoralfaro/Desktop/pbi-scenario-two/py_env/lib/python3.9/site-packages/airflow/example_dags/example_setup_teardown.py
[2024-05-01T23:47:44.999-0500] {processor.py:840} INFO - DAG(s) 'example_setup_teardown' retrieved from /Users/nestoralfaro/Desktop/pbi-scenario-two/py_env/lib/python3.9/site-packages/airflow/example_dags/example_setup_teardown.py
[2024-05-01T23:47:45.045-0500] {logging_mixin.py:188} INFO - [2024-05-01T23:47:45.045-0500] {dag.py:3096} INFO - Sync 1 DAGs
[2024-05-01T23:47:45.053-0500] {logging_mixin.py:188} INFO - [2024-05-01T23:47:45.053-0500] {dag.py:3954} INFO - Setting next_dagrun for example_setup_teardown to 2024-05-01 00:00:00+00:00, run_after=2024-05-02 00:00:00+00:00
[2024-05-01T23:47:45.062-0500] {processor.py:183} INFO - Processing /Users/nestoralfaro/Desktop/pbi-scenario-two/py_env/lib/python3.9/site-packages/airflow/example_dags/example_setup_teardown.py took 0.070 seconds
[2024-05-01T23:49:37.400-0500] {processor.py:161} INFO - Started process (PID=35562) to work on /Users/nestoralfaro/Desktop/pbi-scenario-two/py_env/lib/python3.9/site-packages/airflow/example_dags/example_setup_teardown.py
[2024-05-01T23:49:37.402-0500] {processor.py:830} INFO - Processing file /Users/nestoralfaro/Desktop/pbi-scenario-two/py_env/lib/python3.9/site-packages/airflow/example_dags/example_setup_teardown.py for tasks to queue
[2024-05-01T23:49:37.403-0500] {logging_mixin.py:188} INFO - [2024-05-01T23:49:37.403-0500] {dagbag.py:540} INFO - Filling up the DagBag from /Users/nestoralfaro/Desktop/pbi-scenario-two/py_env/lib/python3.9/site-packages/airflow/example_dags/example_setup_teardown.py
[2024-05-01T23:49:37.407-0500] {processor.py:840} INFO - DAG(s) 'example_setup_teardown' retrieved from /Users/nestoralfaro/Desktop/pbi-scenario-two/py_env/lib/python3.9/site-packages/airflow/example_dags/example_setup_teardown.py
[2024-05-01T23:49:37.451-0500] {logging_mixin.py:188} INFO - [2024-05-01T23:49:37.451-0500] {dag.py:3096} INFO - Sync 1 DAGs
[2024-05-01T23:49:37.460-0500] {logging_mixin.py:188} INFO - [2024-05-01T23:49:37.460-0500] {dag.py:3954} INFO - Setting next_dagrun for example_setup_teardown to 2024-05-01 00:00:00+00:00, run_after=2024-05-02 00:00:00+00:00
[2024-05-01T23:49:37.468-0500] {processor.py:183} INFO - Processing /Users/nestoralfaro/Desktop/pbi-scenario-two/py_env/lib/python3.9/site-packages/airflow/example_dags/example_setup_teardown.py took 0.069 seconds
[2024-05-01T23:51:32.502-0500] {processor.py:161} INFO - Started process (PID=35631) to work on /Users/nestoralfaro/Desktop/pbi-scenario-two/py_env/lib/python3.9/site-packages/airflow/example_dags/example_setup_teardown.py
[2024-05-01T23:51:32.504-0500] {processor.py:830} INFO - Processing file /Users/nestoralfaro/Desktop/pbi-scenario-two/py_env/lib/python3.9/site-packages/airflow/example_dags/example_setup_teardown.py for tasks to queue
[2024-05-01T23:51:32.504-0500] {logging_mixin.py:188} INFO - [2024-05-01T23:51:32.504-0500] {dagbag.py:540} INFO - Filling up the DagBag from /Users/nestoralfaro/Desktop/pbi-scenario-two/py_env/lib/python3.9/site-packages/airflow/example_dags/example_setup_teardown.py
[2024-05-01T23:51:32.507-0500] {processor.py:840} INFO - DAG(s) 'example_setup_teardown' retrieved from /Users/nestoralfaro/Desktop/pbi-scenario-two/py_env/lib/python3.9/site-packages/airflow/example_dags/example_setup_teardown.py
[2024-05-01T23:51:32.549-0500] {logging_mixin.py:188} INFO - [2024-05-01T23:51:32.549-0500] {dag.py:3096} INFO - Sync 1 DAGs
[2024-05-01T23:51:32.557-0500] {logging_mixin.py:188} INFO - [2024-05-01T23:51:32.557-0500] {dag.py:3954} INFO - Setting next_dagrun for example_setup_teardown to 2024-05-01 00:00:00+00:00, run_after=2024-05-02 00:00:00+00:00
[2024-05-01T23:51:32.563-0500] {processor.py:183} INFO - Processing /Users/nestoralfaro/Desktop/pbi-scenario-two/py_env/lib/python3.9/site-packages/airflow/example_dags/example_setup_teardown.py took 0.063 seconds
[2024-05-01T23:53:30.028-0500] {processor.py:161} INFO - Started process (PID=35717) to work on /Users/nestoralfaro/Desktop/pbi-scenario-two/py_env/lib/python3.9/site-packages/airflow/example_dags/example_setup_teardown.py
[2024-05-01T23:53:30.029-0500] {processor.py:830} INFO - Processing file /Users/nestoralfaro/Desktop/pbi-scenario-two/py_env/lib/python3.9/site-packages/airflow/example_dags/example_setup_teardown.py for tasks to queue
[2024-05-01T23:53:30.029-0500] {logging_mixin.py:188} INFO - [2024-05-01T23:53:30.029-0500] {dagbag.py:540} INFO - Filling up the DagBag from /Users/nestoralfaro/Desktop/pbi-scenario-two/py_env/lib/python3.9/site-packages/airflow/example_dags/example_setup_teardown.py
[2024-05-01T23:53:30.032-0500] {processor.py:840} INFO - DAG(s) 'example_setup_teardown' retrieved from /Users/nestoralfaro/Desktop/pbi-scenario-two/py_env/lib/python3.9/site-packages/airflow/example_dags/example_setup_teardown.py
[2024-05-01T23:53:30.077-0500] {logging_mixin.py:188} INFO - [2024-05-01T23:53:30.077-0500] {dag.py:3096} INFO - Sync 1 DAGs
[2024-05-01T23:53:30.085-0500] {logging_mixin.py:188} INFO - [2024-05-01T23:53:30.085-0500] {dag.py:3954} INFO - Setting next_dagrun for example_setup_teardown to 2024-05-01 00:00:00+00:00, run_after=2024-05-02 00:00:00+00:00
[2024-05-01T23:53:30.093-0500] {processor.py:183} INFO - Processing /Users/nestoralfaro/Desktop/pbi-scenario-two/py_env/lib/python3.9/site-packages/airflow/example_dags/example_setup_teardown.py took 0.066 seconds
[2024-05-01T23:55:24.034-0500] {processor.py:161} INFO - Started process (PID=35786) to work on /Users/nestoralfaro/Desktop/pbi-scenario-two/py_env/lib/python3.9/site-packages/airflow/example_dags/example_setup_teardown.py
[2024-05-01T23:55:24.036-0500] {processor.py:830} INFO - Processing file /Users/nestoralfaro/Desktop/pbi-scenario-two/py_env/lib/python3.9/site-packages/airflow/example_dags/example_setup_teardown.py for tasks to queue
[2024-05-01T23:55:24.036-0500] {logging_mixin.py:188} INFO - [2024-05-01T23:55:24.036-0500] {dagbag.py:540} INFO - Filling up the DagBag from /Users/nestoralfaro/Desktop/pbi-scenario-two/py_env/lib/python3.9/site-packages/airflow/example_dags/example_setup_teardown.py
[2024-05-01T23:55:24.039-0500] {processor.py:840} INFO - DAG(s) 'example_setup_teardown' retrieved from /Users/nestoralfaro/Desktop/pbi-scenario-two/py_env/lib/python3.9/site-packages/airflow/example_dags/example_setup_teardown.py
[2024-05-01T23:55:24.079-0500] {logging_mixin.py:188} INFO - [2024-05-01T23:55:24.079-0500] {dag.py:3096} INFO - Sync 1 DAGs
[2024-05-01T23:55:24.086-0500] {logging_mixin.py:188} INFO - [2024-05-01T23:55:24.086-0500] {dag.py:3954} INFO - Setting next_dagrun for example_setup_teardown to 2024-05-01 00:00:00+00:00, run_after=2024-05-02 00:00:00+00:00
[2024-05-01T23:55:24.094-0500] {processor.py:183} INFO - Processing /Users/nestoralfaro/Desktop/pbi-scenario-two/py_env/lib/python3.9/site-packages/airflow/example_dags/example_setup_teardown.py took 0.060 seconds
[2024-05-01T23:57:14.682-0500] {processor.py:161} INFO - Started process (PID=35854) to work on /Users/nestoralfaro/Desktop/pbi-scenario-two/py_env/lib/python3.9/site-packages/airflow/example_dags/example_setup_teardown.py
[2024-05-01T23:57:14.683-0500] {processor.py:830} INFO - Processing file /Users/nestoralfaro/Desktop/pbi-scenario-two/py_env/lib/python3.9/site-packages/airflow/example_dags/example_setup_teardown.py for tasks to queue
[2024-05-01T23:57:14.683-0500] {logging_mixin.py:188} INFO - [2024-05-01T23:57:14.683-0500] {dagbag.py:540} INFO - Filling up the DagBag from /Users/nestoralfaro/Desktop/pbi-scenario-two/py_env/lib/python3.9/site-packages/airflow/example_dags/example_setup_teardown.py
[2024-05-01T23:57:14.687-0500] {processor.py:840} INFO - DAG(s) 'example_setup_teardown' retrieved from /Users/nestoralfaro/Desktop/pbi-scenario-two/py_env/lib/python3.9/site-packages/airflow/example_dags/example_setup_teardown.py
[2024-05-01T23:57:14.731-0500] {logging_mixin.py:188} INFO - [2024-05-01T23:57:14.731-0500] {dag.py:3096} INFO - Sync 1 DAGs
[2024-05-01T23:57:14.739-0500] {logging_mixin.py:188} INFO - [2024-05-01T23:57:14.739-0500] {dag.py:3954} INFO - Setting next_dagrun for example_setup_teardown to 2024-05-01 00:00:00+00:00, run_after=2024-05-02 00:00:00+00:00
[2024-05-01T23:57:14.746-0500] {processor.py:183} INFO - Processing /Users/nestoralfaro/Desktop/pbi-scenario-two/py_env/lib/python3.9/site-packages/airflow/example_dags/example_setup_teardown.py took 0.065 seconds
[2024-05-01T23:59:06.654-0500] {processor.py:161} INFO - Started process (PID=35924) to work on /Users/nestoralfaro/Desktop/pbi-scenario-two/py_env/lib/python3.9/site-packages/airflow/example_dags/example_setup_teardown.py
[2024-05-01T23:59:06.655-0500] {processor.py:830} INFO - Processing file /Users/nestoralfaro/Desktop/pbi-scenario-two/py_env/lib/python3.9/site-packages/airflow/example_dags/example_setup_teardown.py for tasks to queue
[2024-05-01T23:59:06.655-0500] {logging_mixin.py:188} INFO - [2024-05-01T23:59:06.655-0500] {dagbag.py:540} INFO - Filling up the DagBag from /Users/nestoralfaro/Desktop/pbi-scenario-two/py_env/lib/python3.9/site-packages/airflow/example_dags/example_setup_teardown.py
[2024-05-01T23:59:06.659-0500] {processor.py:840} INFO - DAG(s) 'example_setup_teardown' retrieved from /Users/nestoralfaro/Desktop/pbi-scenario-two/py_env/lib/python3.9/site-packages/airflow/example_dags/example_setup_teardown.py
[2024-05-01T23:59:06.701-0500] {logging_mixin.py:188} INFO - [2024-05-01T23:59:06.701-0500] {dag.py:3096} INFO - Sync 1 DAGs
[2024-05-01T23:59:06.709-0500] {logging_mixin.py:188} INFO - [2024-05-01T23:59:06.709-0500] {dag.py:3954} INFO - Setting next_dagrun for example_setup_teardown to 2024-05-01 00:00:00+00:00, run_after=2024-05-02 00:00:00+00:00
[2024-05-01T23:59:06.716-0500] {processor.py:183} INFO - Processing /Users/nestoralfaro/Desktop/pbi-scenario-two/py_env/lib/python3.9/site-packages/airflow/example_dags/example_setup_teardown.py took 0.063 seconds
[2024-05-02T00:00:57.524-0500] {processor.py:161} INFO - Started process (PID=36017) to work on /Users/nestoralfaro/Desktop/pbi-scenario-two/py_env/lib/python3.9/site-packages/airflow/example_dags/example_setup_teardown.py
[2024-05-02T00:00:57.526-0500] {processor.py:830} INFO - Processing file /Users/nestoralfaro/Desktop/pbi-scenario-two/py_env/lib/python3.9/site-packages/airflow/example_dags/example_setup_teardown.py for tasks to queue
[2024-05-02T00:00:57.527-0500] {logging_mixin.py:188} INFO - [2024-05-02T00:00:57.527-0500] {dagbag.py:540} INFO - Filling up the DagBag from /Users/nestoralfaro/Desktop/pbi-scenario-two/py_env/lib/python3.9/site-packages/airflow/example_dags/example_setup_teardown.py
[2024-05-02T00:00:57.531-0500] {processor.py:840} INFO - DAG(s) 'example_setup_teardown' retrieved from /Users/nestoralfaro/Desktop/pbi-scenario-two/py_env/lib/python3.9/site-packages/airflow/example_dags/example_setup_teardown.py
[2024-05-02T00:00:57.576-0500] {logging_mixin.py:188} INFO - [2024-05-02T00:00:57.575-0500] {dag.py:3096} INFO - Sync 1 DAGs
[2024-05-02T00:00:57.584-0500] {logging_mixin.py:188} INFO - [2024-05-02T00:00:57.584-0500] {dag.py:3954} INFO - Setting next_dagrun for example_setup_teardown to 2024-05-01 00:00:00+00:00, run_after=2024-05-02 00:00:00+00:00
[2024-05-02T00:00:57.592-0500] {processor.py:183} INFO - Processing /Users/nestoralfaro/Desktop/pbi-scenario-two/py_env/lib/python3.9/site-packages/airflow/example_dags/example_setup_teardown.py took 0.070 seconds
[2024-05-02T00:02:56.015-0500] {processor.py:161} INFO - Started process (PID=36100) to work on /Users/nestoralfaro/Desktop/pbi-scenario-two/py_env/lib/python3.9/site-packages/airflow/example_dags/example_setup_teardown.py
[2024-05-02T00:02:56.017-0500] {processor.py:830} INFO - Processing file /Users/nestoralfaro/Desktop/pbi-scenario-two/py_env/lib/python3.9/site-packages/airflow/example_dags/example_setup_teardown.py for tasks to queue
[2024-05-02T00:02:56.017-0500] {logging_mixin.py:188} INFO - [2024-05-02T00:02:56.017-0500] {dagbag.py:540} INFO - Filling up the DagBag from /Users/nestoralfaro/Desktop/pbi-scenario-two/py_env/lib/python3.9/site-packages/airflow/example_dags/example_setup_teardown.py
[2024-05-02T00:02:56.021-0500] {processor.py:840} INFO - DAG(s) 'example_setup_teardown' retrieved from /Users/nestoralfaro/Desktop/pbi-scenario-two/py_env/lib/python3.9/site-packages/airflow/example_dags/example_setup_teardown.py
[2024-05-02T00:02:56.065-0500] {logging_mixin.py:188} INFO - [2024-05-02T00:02:56.064-0500] {dag.py:3096} INFO - Sync 1 DAGs
[2024-05-02T00:02:56.073-0500] {logging_mixin.py:188} INFO - [2024-05-02T00:02:56.073-0500] {dag.py:3954} INFO - Setting next_dagrun for example_setup_teardown to 2024-05-01 00:00:00+00:00, run_after=2024-05-02 00:00:00+00:00
[2024-05-02T00:02:56.080-0500] {processor.py:183} INFO - Processing /Users/nestoralfaro/Desktop/pbi-scenario-two/py_env/lib/python3.9/site-packages/airflow/example_dags/example_setup_teardown.py took 0.067 seconds
[2024-05-02T00:04:49.910-0500] {processor.py:161} INFO - Started process (PID=36176) to work on /Users/nestoralfaro/Desktop/pbi-scenario-two/py_env/lib/python3.9/site-packages/airflow/example_dags/example_setup_teardown.py
[2024-05-02T00:04:49.912-0500] {processor.py:830} INFO - Processing file /Users/nestoralfaro/Desktop/pbi-scenario-two/py_env/lib/python3.9/site-packages/airflow/example_dags/example_setup_teardown.py for tasks to queue
[2024-05-02T00:04:49.913-0500] {logging_mixin.py:188} INFO - [2024-05-02T00:04:49.913-0500] {dagbag.py:540} INFO - Filling up the DagBag from /Users/nestoralfaro/Desktop/pbi-scenario-two/py_env/lib/python3.9/site-packages/airflow/example_dags/example_setup_teardown.py
[2024-05-02T00:04:49.917-0500] {processor.py:840} INFO - DAG(s) 'example_setup_teardown' retrieved from /Users/nestoralfaro/Desktop/pbi-scenario-two/py_env/lib/python3.9/site-packages/airflow/example_dags/example_setup_teardown.py
[2024-05-02T00:04:49.963-0500] {logging_mixin.py:188} INFO - [2024-05-02T00:04:49.963-0500] {dag.py:3096} INFO - Sync 1 DAGs
[2024-05-02T00:04:49.972-0500] {logging_mixin.py:188} INFO - [2024-05-02T00:04:49.972-0500] {dag.py:3954} INFO - Setting next_dagrun for example_setup_teardown to 2024-05-01 00:00:00+00:00, run_after=2024-05-02 00:00:00+00:00
[2024-05-02T00:04:49.981-0500] {processor.py:183} INFO - Processing /Users/nestoralfaro/Desktop/pbi-scenario-two/py_env/lib/python3.9/site-packages/airflow/example_dags/example_setup_teardown.py took 0.073 seconds
[2024-05-02T00:06:44.249-0500] {processor.py:161} INFO - Started process (PID=36266) to work on /Users/nestoralfaro/Desktop/pbi-scenario-two/py_env/lib/python3.9/site-packages/airflow/example_dags/example_setup_teardown.py
[2024-05-02T00:06:44.251-0500] {processor.py:830} INFO - Processing file /Users/nestoralfaro/Desktop/pbi-scenario-two/py_env/lib/python3.9/site-packages/airflow/example_dags/example_setup_teardown.py for tasks to queue
[2024-05-02T00:06:44.251-0500] {logging_mixin.py:188} INFO - [2024-05-02T00:06:44.251-0500] {dagbag.py:540} INFO - Filling up the DagBag from /Users/nestoralfaro/Desktop/pbi-scenario-two/py_env/lib/python3.9/site-packages/airflow/example_dags/example_setup_teardown.py
[2024-05-02T00:06:44.255-0500] {processor.py:840} INFO - DAG(s) 'example_setup_teardown' retrieved from /Users/nestoralfaro/Desktop/pbi-scenario-two/py_env/lib/python3.9/site-packages/airflow/example_dags/example_setup_teardown.py
[2024-05-02T00:06:44.295-0500] {logging_mixin.py:188} INFO - [2024-05-02T00:06:44.295-0500] {dag.py:3096} INFO - Sync 1 DAGs
[2024-05-02T00:06:44.302-0500] {logging_mixin.py:188} INFO - [2024-05-02T00:06:44.302-0500] {dag.py:3954} INFO - Setting next_dagrun for example_setup_teardown to 2024-05-01 00:00:00+00:00, run_after=2024-05-02 00:00:00+00:00
[2024-05-02T00:06:44.310-0500] {processor.py:183} INFO - Processing /Users/nestoralfaro/Desktop/pbi-scenario-two/py_env/lib/python3.9/site-packages/airflow/example_dags/example_setup_teardown.py took 0.062 seconds
[2024-05-02T00:08:31.087-0500] {processor.py:161} INFO - Started process (PID=36333) to work on /Users/nestoralfaro/Desktop/pbi-scenario-two/py_env/lib/python3.9/site-packages/airflow/example_dags/example_setup_teardown.py
[2024-05-02T00:08:31.090-0500] {processor.py:830} INFO - Processing file /Users/nestoralfaro/Desktop/pbi-scenario-two/py_env/lib/python3.9/site-packages/airflow/example_dags/example_setup_teardown.py for tasks to queue
[2024-05-02T00:08:31.090-0500] {logging_mixin.py:188} INFO - [2024-05-02T00:08:31.090-0500] {dagbag.py:540} INFO - Filling up the DagBag from /Users/nestoralfaro/Desktop/pbi-scenario-two/py_env/lib/python3.9/site-packages/airflow/example_dags/example_setup_teardown.py
[2024-05-02T00:08:31.093-0500] {processor.py:840} INFO - DAG(s) 'example_setup_teardown' retrieved from /Users/nestoralfaro/Desktop/pbi-scenario-two/py_env/lib/python3.9/site-packages/airflow/example_dags/example_setup_teardown.py
[2024-05-02T00:08:31.136-0500] {logging_mixin.py:188} INFO - [2024-05-02T00:08:31.136-0500] {dag.py:3096} INFO - Sync 1 DAGs
[2024-05-02T00:08:31.144-0500] {logging_mixin.py:188} INFO - [2024-05-02T00:08:31.144-0500] {dag.py:3954} INFO - Setting next_dagrun for example_setup_teardown to 2024-05-01 00:00:00+00:00, run_after=2024-05-02 00:00:00+00:00
[2024-05-02T00:08:31.151-0500] {processor.py:183} INFO - Processing /Users/nestoralfaro/Desktop/pbi-scenario-two/py_env/lib/python3.9/site-packages/airflow/example_dags/example_setup_teardown.py took 0.065 seconds
[2024-05-02T00:11:36.530-0500] {processor.py:161} INFO - Started process (PID=36460) to work on /Users/nestoralfaro/Desktop/pbi-scenario-two/py_env/lib/python3.9/site-packages/airflow/example_dags/example_setup_teardown.py
[2024-05-02T00:11:36.533-0500] {processor.py:830} INFO - Processing file /Users/nestoralfaro/Desktop/pbi-scenario-two/py_env/lib/python3.9/site-packages/airflow/example_dags/example_setup_teardown.py for tasks to queue
[2024-05-02T00:11:36.533-0500] {logging_mixin.py:188} INFO - [2024-05-02T00:11:36.533-0500] {dagbag.py:540} INFO - Filling up the DagBag from /Users/nestoralfaro/Desktop/pbi-scenario-two/py_env/lib/python3.9/site-packages/airflow/example_dags/example_setup_teardown.py
[2024-05-02T00:11:36.537-0500] {processor.py:840} INFO - DAG(s) 'example_setup_teardown' retrieved from /Users/nestoralfaro/Desktop/pbi-scenario-two/py_env/lib/python3.9/site-packages/airflow/example_dags/example_setup_teardown.py
[2024-05-02T00:11:36.577-0500] {logging_mixin.py:188} INFO - [2024-05-02T00:11:36.577-0500] {dag.py:3096} INFO - Sync 1 DAGs
[2024-05-02T00:11:36.585-0500] {logging_mixin.py:188} INFO - [2024-05-02T00:11:36.585-0500] {dag.py:3954} INFO - Setting next_dagrun for example_setup_teardown to 2024-05-01 00:00:00+00:00, run_after=2024-05-02 00:00:00+00:00
[2024-05-02T00:11:36.594-0500] {processor.py:183} INFO - Processing /Users/nestoralfaro/Desktop/pbi-scenario-two/py_env/lib/python3.9/site-packages/airflow/example_dags/example_setup_teardown.py took 0.065 seconds
[2024-05-02T00:13:02.600-0500] {processor.py:161} INFO - Started process (PID=36528) to work on /Users/nestoralfaro/Desktop/pbi-scenario-two/py_env/lib/python3.9/site-packages/airflow/example_dags/example_setup_teardown.py
[2024-05-02T00:13:02.602-0500] {processor.py:830} INFO - Processing file /Users/nestoralfaro/Desktop/pbi-scenario-two/py_env/lib/python3.9/site-packages/airflow/example_dags/example_setup_teardown.py for tasks to queue
[2024-05-02T00:13:02.603-0500] {logging_mixin.py:188} INFO - [2024-05-02T00:13:02.603-0500] {dagbag.py:540} INFO - Filling up the DagBag from /Users/nestoralfaro/Desktop/pbi-scenario-two/py_env/lib/python3.9/site-packages/airflow/example_dags/example_setup_teardown.py
[2024-05-02T00:13:02.606-0500] {processor.py:840} INFO - DAG(s) 'example_setup_teardown' retrieved from /Users/nestoralfaro/Desktop/pbi-scenario-two/py_env/lib/python3.9/site-packages/airflow/example_dags/example_setup_teardown.py
[2024-05-02T00:13:02.648-0500] {logging_mixin.py:188} INFO - [2024-05-02T00:13:02.648-0500] {dag.py:3096} INFO - Sync 1 DAGs
[2024-05-02T00:13:02.655-0500] {logging_mixin.py:188} INFO - [2024-05-02T00:13:02.655-0500] {dag.py:3954} INFO - Setting next_dagrun for example_setup_teardown to 2024-05-01 00:00:00+00:00, run_after=2024-05-02 00:00:00+00:00
[2024-05-02T00:13:02.663-0500] {processor.py:183} INFO - Processing /Users/nestoralfaro/Desktop/pbi-scenario-two/py_env/lib/python3.9/site-packages/airflow/example_dags/example_setup_teardown.py took 0.064 seconds
[2024-05-02T00:15:28.463-0500] {processor.py:161} INFO - Started process (PID=36623) to work on /Users/nestoralfaro/Desktop/pbi-scenario-two/py_env/lib/python3.9/site-packages/airflow/example_dags/example_setup_teardown.py
[2024-05-02T00:15:28.465-0500] {processor.py:830} INFO - Processing file /Users/nestoralfaro/Desktop/pbi-scenario-two/py_env/lib/python3.9/site-packages/airflow/example_dags/example_setup_teardown.py for tasks to queue
[2024-05-02T00:15:28.466-0500] {logging_mixin.py:188} INFO - [2024-05-02T00:15:28.466-0500] {dagbag.py:540} INFO - Filling up the DagBag from /Users/nestoralfaro/Desktop/pbi-scenario-two/py_env/lib/python3.9/site-packages/airflow/example_dags/example_setup_teardown.py
[2024-05-02T00:15:28.470-0500] {processor.py:840} INFO - DAG(s) 'example_setup_teardown' retrieved from /Users/nestoralfaro/Desktop/pbi-scenario-two/py_env/lib/python3.9/site-packages/airflow/example_dags/example_setup_teardown.py
[2024-05-02T00:15:28.513-0500] {logging_mixin.py:188} INFO - [2024-05-02T00:15:28.513-0500] {dag.py:3096} INFO - Sync 1 DAGs
[2024-05-02T00:15:28.522-0500] {logging_mixin.py:188} INFO - [2024-05-02T00:15:28.522-0500] {dag.py:3954} INFO - Setting next_dagrun for example_setup_teardown to 2024-05-01 00:00:00+00:00, run_after=2024-05-02 00:00:00+00:00
[2024-05-02T00:15:28.531-0500] {processor.py:183} INFO - Processing /Users/nestoralfaro/Desktop/pbi-scenario-two/py_env/lib/python3.9/site-packages/airflow/example_dags/example_setup_teardown.py took 0.071 seconds
[2024-05-02T00:16:57.529-0500] {processor.py:161} INFO - Started process (PID=36680) to work on /Users/nestoralfaro/Desktop/pbi-scenario-two/py_env/lib/python3.9/site-packages/airflow/example_dags/example_setup_teardown.py
[2024-05-02T00:16:57.530-0500] {processor.py:830} INFO - Processing file /Users/nestoralfaro/Desktop/pbi-scenario-two/py_env/lib/python3.9/site-packages/airflow/example_dags/example_setup_teardown.py for tasks to queue
[2024-05-02T00:16:57.530-0500] {logging_mixin.py:188} INFO - [2024-05-02T00:16:57.530-0500] {dagbag.py:540} INFO - Filling up the DagBag from /Users/nestoralfaro/Desktop/pbi-scenario-two/py_env/lib/python3.9/site-packages/airflow/example_dags/example_setup_teardown.py
[2024-05-02T00:16:57.533-0500] {processor.py:840} INFO - DAG(s) 'example_setup_teardown' retrieved from /Users/nestoralfaro/Desktop/pbi-scenario-two/py_env/lib/python3.9/site-packages/airflow/example_dags/example_setup_teardown.py
[2024-05-02T00:16:57.574-0500] {logging_mixin.py:188} INFO - [2024-05-02T00:16:57.574-0500] {dag.py:3096} INFO - Sync 1 DAGs
[2024-05-02T00:16:57.582-0500] {logging_mixin.py:188} INFO - [2024-05-02T00:16:57.582-0500] {dag.py:3954} INFO - Setting next_dagrun for example_setup_teardown to 2024-05-01 00:00:00+00:00, run_after=2024-05-02 00:00:00+00:00
[2024-05-02T00:16:57.589-0500] {processor.py:183} INFO - Processing /Users/nestoralfaro/Desktop/pbi-scenario-two/py_env/lib/python3.9/site-packages/airflow/example_dags/example_setup_teardown.py took 0.062 seconds
[2024-05-02T00:18:53.231-0500] {processor.py:161} INFO - Started process (PID=36777) to work on /Users/nestoralfaro/Desktop/pbi-scenario-two/py_env/lib/python3.9/site-packages/airflow/example_dags/example_setup_teardown.py
[2024-05-02T00:18:53.234-0500] {processor.py:830} INFO - Processing file /Users/nestoralfaro/Desktop/pbi-scenario-two/py_env/lib/python3.9/site-packages/airflow/example_dags/example_setup_teardown.py for tasks to queue
[2024-05-02T00:18:53.234-0500] {logging_mixin.py:188} INFO - [2024-05-02T00:18:53.234-0500] {dagbag.py:540} INFO - Filling up the DagBag from /Users/nestoralfaro/Desktop/pbi-scenario-two/py_env/lib/python3.9/site-packages/airflow/example_dags/example_setup_teardown.py
[2024-05-02T00:18:53.237-0500] {processor.py:840} INFO - DAG(s) 'example_setup_teardown' retrieved from /Users/nestoralfaro/Desktop/pbi-scenario-two/py_env/lib/python3.9/site-packages/airflow/example_dags/example_setup_teardown.py
[2024-05-02T00:18:53.278-0500] {logging_mixin.py:188} INFO - [2024-05-02T00:18:53.278-0500] {dag.py:3096} INFO - Sync 1 DAGs
[2024-05-02T00:18:53.285-0500] {logging_mixin.py:188} INFO - [2024-05-02T00:18:53.285-0500] {dag.py:3954} INFO - Setting next_dagrun for example_setup_teardown to 2024-05-01 00:00:00+00:00, run_after=2024-05-02 00:00:00+00:00
[2024-05-02T00:18:53.292-0500] {processor.py:183} INFO - Processing /Users/nestoralfaro/Desktop/pbi-scenario-two/py_env/lib/python3.9/site-packages/airflow/example_dags/example_setup_teardown.py took 0.062 seconds
[2024-05-02T00:20:48.531-0500] {processor.py:161} INFO - Started process (PID=36865) to work on /Users/nestoralfaro/Desktop/pbi-scenario-two/py_env/lib/python3.9/site-packages/airflow/example_dags/example_setup_teardown.py
[2024-05-02T00:20:48.532-0500] {processor.py:830} INFO - Processing file /Users/nestoralfaro/Desktop/pbi-scenario-two/py_env/lib/python3.9/site-packages/airflow/example_dags/example_setup_teardown.py for tasks to queue
[2024-05-02T00:20:48.532-0500] {logging_mixin.py:188} INFO - [2024-05-02T00:20:48.532-0500] {dagbag.py:540} INFO - Filling up the DagBag from /Users/nestoralfaro/Desktop/pbi-scenario-two/py_env/lib/python3.9/site-packages/airflow/example_dags/example_setup_teardown.py
[2024-05-02T00:20:48.535-0500] {processor.py:840} INFO - DAG(s) 'example_setup_teardown' retrieved from /Users/nestoralfaro/Desktop/pbi-scenario-two/py_env/lib/python3.9/site-packages/airflow/example_dags/example_setup_teardown.py
[2024-05-02T00:20:48.579-0500] {logging_mixin.py:188} INFO - [2024-05-02T00:20:48.579-0500] {dag.py:3096} INFO - Sync 1 DAGs
[2024-05-02T00:20:48.587-0500] {logging_mixin.py:188} INFO - [2024-05-02T00:20:48.586-0500] {dag.py:3954} INFO - Setting next_dagrun for example_setup_teardown to 2024-05-01 00:00:00+00:00, run_after=2024-05-02 00:00:00+00:00
[2024-05-02T00:20:48.594-0500] {processor.py:183} INFO - Processing /Users/nestoralfaro/Desktop/pbi-scenario-two/py_env/lib/python3.9/site-packages/airflow/example_dags/example_setup_teardown.py took 0.064 seconds
[2024-05-02T00:22:45.015-0500] {processor.py:161} INFO - Started process (PID=36967) to work on /Users/nestoralfaro/Desktop/pbi-scenario-two/py_env/lib/python3.9/site-packages/airflow/example_dags/example_setup_teardown.py
[2024-05-02T00:22:45.017-0500] {processor.py:830} INFO - Processing file /Users/nestoralfaro/Desktop/pbi-scenario-two/py_env/lib/python3.9/site-packages/airflow/example_dags/example_setup_teardown.py for tasks to queue
[2024-05-02T00:22:45.018-0500] {logging_mixin.py:188} INFO - [2024-05-02T00:22:45.018-0500] {dagbag.py:540} INFO - Filling up the DagBag from /Users/nestoralfaro/Desktop/pbi-scenario-two/py_env/lib/python3.9/site-packages/airflow/example_dags/example_setup_teardown.py
[2024-05-02T00:22:45.022-0500] {processor.py:840} INFO - DAG(s) 'example_setup_teardown' retrieved from /Users/nestoralfaro/Desktop/pbi-scenario-two/py_env/lib/python3.9/site-packages/airflow/example_dags/example_setup_teardown.py
[2024-05-02T00:22:45.065-0500] {logging_mixin.py:188} INFO - [2024-05-02T00:22:45.064-0500] {dag.py:3096} INFO - Sync 1 DAGs
[2024-05-02T00:22:45.072-0500] {logging_mixin.py:188} INFO - [2024-05-02T00:22:45.072-0500] {dag.py:3954} INFO - Setting next_dagrun for example_setup_teardown to 2024-05-01 00:00:00+00:00, run_after=2024-05-02 00:00:00+00:00
[2024-05-02T00:22:45.080-0500] {processor.py:183} INFO - Processing /Users/nestoralfaro/Desktop/pbi-scenario-two/py_env/lib/python3.9/site-packages/airflow/example_dags/example_setup_teardown.py took 0.066 seconds
