[2024-05-01T23:30:40.352-0500] {processor.py:161} INFO - Started process (PID=34758) to work on /Users/nestoralfaro/Desktop/pbi-scenario-two/py_env/lib/python3.9/site-packages/airflow/example_dags/example_setup_teardown_taskflow.py
[2024-05-01T23:30:40.353-0500] {processor.py:830} INFO - Processing file /Users/nestoralfaro/Desktop/pbi-scenario-two/py_env/lib/python3.9/site-packages/airflow/example_dags/example_setup_teardown_taskflow.py for tasks to queue
[2024-05-01T23:30:40.353-0500] {logging_mixin.py:188} INFO - [2024-05-01T23:30:40.353-0500] {dagbag.py:540} INFO - Filling up the DagBag from /Users/nestoralfaro/Desktop/pbi-scenario-two/py_env/lib/python3.9/site-packages/airflow/example_dags/example_setup_teardown_taskflow.py
[2024-05-01T23:30:40.371-0500] {processor.py:840} INFO - DAG(s) 'example_setup_teardown_taskflow' retrieved from /Users/nestoralfaro/Desktop/pbi-scenario-two/py_env/lib/python3.9/site-packages/airflow/example_dags/example_setup_teardown_taskflow.py
[2024-05-01T23:30:40.486-0500] {logging_mixin.py:188} INFO - [2024-05-01T23:30:40.486-0500] {dag.py:3096} INFO - Sync 1 DAGs
[2024-05-01T23:30:40.496-0500] {logging_mixin.py:188} INFO - [2024-05-01T23:30:40.496-0500] {dag.py:3954} INFO - Setting next_dagrun for example_setup_teardown_taskflow to 2024-05-01 00:00:00+00:00, run_after=2024-05-02 00:00:00+00:00
[2024-05-01T23:30:40.507-0500] {processor.py:183} INFO - Processing /Users/nestoralfaro/Desktop/pbi-scenario-two/py_env/lib/python3.9/site-packages/airflow/example_dags/example_setup_teardown_taskflow.py took 0.158 seconds
[2024-05-01T23:32:15.253-0500] {processor.py:161} INFO - Started process (PID=34833) to work on /Users/nestoralfaro/Desktop/pbi-scenario-two/py_env/lib/python3.9/site-packages/airflow/example_dags/example_setup_teardown_taskflow.py
[2024-05-01T23:32:15.255-0500] {processor.py:830} INFO - Processing file /Users/nestoralfaro/Desktop/pbi-scenario-two/py_env/lib/python3.9/site-packages/airflow/example_dags/example_setup_teardown_taskflow.py for tasks to queue
[2024-05-01T23:32:15.255-0500] {logging_mixin.py:188} INFO - [2024-05-01T23:32:15.255-0500] {dagbag.py:540} INFO - Filling up the DagBag from /Users/nestoralfaro/Desktop/pbi-scenario-two/py_env/lib/python3.9/site-packages/airflow/example_dags/example_setup_teardown_taskflow.py
[2024-05-01T23:32:15.271-0500] {processor.py:840} INFO - DAG(s) 'example_setup_teardown_taskflow' retrieved from /Users/nestoralfaro/Desktop/pbi-scenario-two/py_env/lib/python3.9/site-packages/airflow/example_dags/example_setup_teardown_taskflow.py
[2024-05-01T23:32:15.313-0500] {logging_mixin.py:188} INFO - [2024-05-01T23:32:15.313-0500] {dag.py:3096} INFO - Sync 1 DAGs
[2024-05-01T23:32:15.345-0500] {logging_mixin.py:188} INFO - [2024-05-01T23:32:15.345-0500] {dag.py:3954} INFO - Setting next_dagrun for example_setup_teardown_taskflow to 2024-05-01 00:00:00+00:00, run_after=2024-05-02 00:00:00+00:00
[2024-05-01T23:32:15.353-0500] {processor.py:183} INFO - Processing /Users/nestoralfaro/Desktop/pbi-scenario-two/py_env/lib/python3.9/site-packages/airflow/example_dags/example_setup_teardown_taskflow.py took 0.101 seconds
[2024-05-01T23:34:14.496-0500] {processor.py:161} INFO - Started process (PID=34918) to work on /Users/nestoralfaro/Desktop/pbi-scenario-two/py_env/lib/python3.9/site-packages/airflow/example_dags/example_setup_teardown_taskflow.py
[2024-05-01T23:34:14.498-0500] {processor.py:830} INFO - Processing file /Users/nestoralfaro/Desktop/pbi-scenario-two/py_env/lib/python3.9/site-packages/airflow/example_dags/example_setup_teardown_taskflow.py for tasks to queue
[2024-05-01T23:34:14.498-0500] {logging_mixin.py:188} INFO - [2024-05-01T23:34:14.498-0500] {dagbag.py:540} INFO - Filling up the DagBag from /Users/nestoralfaro/Desktop/pbi-scenario-two/py_env/lib/python3.9/site-packages/airflow/example_dags/example_setup_teardown_taskflow.py
[2024-05-01T23:34:14.516-0500] {processor.py:840} INFO - DAG(s) 'example_setup_teardown_taskflow' retrieved from /Users/nestoralfaro/Desktop/pbi-scenario-two/py_env/lib/python3.9/site-packages/airflow/example_dags/example_setup_teardown_taskflow.py
[2024-05-01T23:34:14.558-0500] {logging_mixin.py:188} INFO - [2024-05-01T23:34:14.558-0500] {dag.py:3096} INFO - Sync 1 DAGs
[2024-05-01T23:34:14.592-0500] {logging_mixin.py:188} INFO - [2024-05-01T23:34:14.592-0500] {dag.py:3954} INFO - Setting next_dagrun for example_setup_teardown_taskflow to 2024-05-01 00:00:00+00:00, run_after=2024-05-02 00:00:00+00:00
[2024-05-01T23:34:14.599-0500] {processor.py:183} INFO - Processing /Users/nestoralfaro/Desktop/pbi-scenario-two/py_env/lib/python3.9/site-packages/airflow/example_dags/example_setup_teardown_taskflow.py took 0.105 seconds
[2024-05-01T23:36:10.205-0500] {processor.py:161} INFO - Started process (PID=34988) to work on /Users/nestoralfaro/Desktop/pbi-scenario-two/py_env/lib/python3.9/site-packages/airflow/example_dags/example_setup_teardown_taskflow.py
[2024-05-01T23:36:10.206-0500] {processor.py:830} INFO - Processing file /Users/nestoralfaro/Desktop/pbi-scenario-two/py_env/lib/python3.9/site-packages/airflow/example_dags/example_setup_teardown_taskflow.py for tasks to queue
[2024-05-01T23:36:10.207-0500] {logging_mixin.py:188} INFO - [2024-05-01T23:36:10.206-0500] {dagbag.py:540} INFO - Filling up the DagBag from /Users/nestoralfaro/Desktop/pbi-scenario-two/py_env/lib/python3.9/site-packages/airflow/example_dags/example_setup_teardown_taskflow.py
[2024-05-01T23:36:10.223-0500] {processor.py:840} INFO - DAG(s) 'example_setup_teardown_taskflow' retrieved from /Users/nestoralfaro/Desktop/pbi-scenario-two/py_env/lib/python3.9/site-packages/airflow/example_dags/example_setup_teardown_taskflow.py
[2024-05-01T23:36:10.266-0500] {logging_mixin.py:188} INFO - [2024-05-01T23:36:10.266-0500] {dag.py:3096} INFO - Sync 1 DAGs
[2024-05-01T23:36:10.299-0500] {logging_mixin.py:188} INFO - [2024-05-01T23:36:10.299-0500] {dag.py:3954} INFO - Setting next_dagrun for example_setup_teardown_taskflow to 2024-05-01 00:00:00+00:00, run_after=2024-05-02 00:00:00+00:00
[2024-05-01T23:36:10.307-0500] {processor.py:183} INFO - Processing /Users/nestoralfaro/Desktop/pbi-scenario-two/py_env/lib/python3.9/site-packages/airflow/example_dags/example_setup_teardown_taskflow.py took 0.104 seconds
[2024-05-01T23:38:05.098-0500] {processor.py:161} INFO - Started process (PID=35057) to work on /Users/nestoralfaro/Desktop/pbi-scenario-two/py_env/lib/python3.9/site-packages/airflow/example_dags/example_setup_teardown_taskflow.py
[2024-05-01T23:38:05.100-0500] {processor.py:830} INFO - Processing file /Users/nestoralfaro/Desktop/pbi-scenario-two/py_env/lib/python3.9/site-packages/airflow/example_dags/example_setup_teardown_taskflow.py for tasks to queue
[2024-05-01T23:38:05.101-0500] {logging_mixin.py:188} INFO - [2024-05-01T23:38:05.101-0500] {dagbag.py:540} INFO - Filling up the DagBag from /Users/nestoralfaro/Desktop/pbi-scenario-two/py_env/lib/python3.9/site-packages/airflow/example_dags/example_setup_teardown_taskflow.py
[2024-05-01T23:38:05.119-0500] {processor.py:840} INFO - DAG(s) 'example_setup_teardown_taskflow' retrieved from /Users/nestoralfaro/Desktop/pbi-scenario-two/py_env/lib/python3.9/site-packages/airflow/example_dags/example_setup_teardown_taskflow.py
[2024-05-01T23:38:05.163-0500] {logging_mixin.py:188} INFO - [2024-05-01T23:38:05.163-0500] {dag.py:3096} INFO - Sync 1 DAGs
[2024-05-01T23:38:05.198-0500] {logging_mixin.py:188} INFO - [2024-05-01T23:38:05.198-0500] {dag.py:3954} INFO - Setting next_dagrun for example_setup_teardown_taskflow to 2024-05-01 00:00:00+00:00, run_after=2024-05-02 00:00:00+00:00
[2024-05-01T23:38:05.208-0500] {processor.py:183} INFO - Processing /Users/nestoralfaro/Desktop/pbi-scenario-two/py_env/lib/python3.9/site-packages/airflow/example_dags/example_setup_teardown_taskflow.py took 0.111 seconds
[2024-05-01T23:39:58.359-0500] {processor.py:161} INFO - Started process (PID=35137) to work on /Users/nestoralfaro/Desktop/pbi-scenario-two/py_env/lib/python3.9/site-packages/airflow/example_dags/example_setup_teardown_taskflow.py
[2024-05-01T23:39:58.361-0500] {processor.py:830} INFO - Processing file /Users/nestoralfaro/Desktop/pbi-scenario-two/py_env/lib/python3.9/site-packages/airflow/example_dags/example_setup_teardown_taskflow.py for tasks to queue
[2024-05-01T23:39:58.361-0500] {logging_mixin.py:188} INFO - [2024-05-01T23:39:58.361-0500] {dagbag.py:540} INFO - Filling up the DagBag from /Users/nestoralfaro/Desktop/pbi-scenario-two/py_env/lib/python3.9/site-packages/airflow/example_dags/example_setup_teardown_taskflow.py
[2024-05-01T23:39:58.377-0500] {processor.py:840} INFO - DAG(s) 'example_setup_teardown_taskflow' retrieved from /Users/nestoralfaro/Desktop/pbi-scenario-two/py_env/lib/python3.9/site-packages/airflow/example_dags/example_setup_teardown_taskflow.py
[2024-05-01T23:39:58.418-0500] {logging_mixin.py:188} INFO - [2024-05-01T23:39:58.418-0500] {dag.py:3096} INFO - Sync 1 DAGs
[2024-05-01T23:39:58.449-0500] {logging_mixin.py:188} INFO - [2024-05-01T23:39:58.449-0500] {dag.py:3954} INFO - Setting next_dagrun for example_setup_teardown_taskflow to 2024-05-01 00:00:00+00:00, run_after=2024-05-02 00:00:00+00:00
[2024-05-01T23:39:58.456-0500] {processor.py:183} INFO - Processing /Users/nestoralfaro/Desktop/pbi-scenario-two/py_env/lib/python3.9/site-packages/airflow/example_dags/example_setup_teardown_taskflow.py took 0.099 seconds
[2024-05-01T23:42:25.862-0500] {processor.py:161} INFO - Started process (PID=35267) to work on /Users/nestoralfaro/Desktop/pbi-scenario-two/py_env/lib/python3.9/site-packages/airflow/example_dags/example_setup_teardown_taskflow.py
[2024-05-01T23:42:25.863-0500] {processor.py:830} INFO - Processing file /Users/nestoralfaro/Desktop/pbi-scenario-two/py_env/lib/python3.9/site-packages/airflow/example_dags/example_setup_teardown_taskflow.py for tasks to queue
[2024-05-01T23:42:25.863-0500] {logging_mixin.py:188} INFO - [2024-05-01T23:42:25.863-0500] {dagbag.py:540} INFO - Filling up the DagBag from /Users/nestoralfaro/Desktop/pbi-scenario-two/py_env/lib/python3.9/site-packages/airflow/example_dags/example_setup_teardown_taskflow.py
[2024-05-01T23:42:25.881-0500] {processor.py:840} INFO - DAG(s) 'example_setup_teardown_taskflow' retrieved from /Users/nestoralfaro/Desktop/pbi-scenario-two/py_env/lib/python3.9/site-packages/airflow/example_dags/example_setup_teardown_taskflow.py
[2024-05-01T23:42:25.925-0500] {logging_mixin.py:188} INFO - [2024-05-01T23:42:25.925-0500] {dag.py:3096} INFO - Sync 1 DAGs
[2024-05-01T23:42:25.957-0500] {logging_mixin.py:188} INFO - [2024-05-01T23:42:25.957-0500] {dag.py:3954} INFO - Setting next_dagrun for example_setup_teardown_taskflow to 2024-05-01 00:00:00+00:00, run_after=2024-05-02 00:00:00+00:00
[2024-05-01T23:42:25.965-0500] {processor.py:183} INFO - Processing /Users/nestoralfaro/Desktop/pbi-scenario-two/py_env/lib/python3.9/site-packages/airflow/example_dags/example_setup_teardown_taskflow.py took 0.105 seconds
[2024-05-01T23:43:54.237-0500] {processor.py:161} INFO - Started process (PID=35321) to work on /Users/nestoralfaro/Desktop/pbi-scenario-two/py_env/lib/python3.9/site-packages/airflow/example_dags/example_setup_teardown_taskflow.py
[2024-05-01T23:43:54.239-0500] {processor.py:830} INFO - Processing file /Users/nestoralfaro/Desktop/pbi-scenario-two/py_env/lib/python3.9/site-packages/airflow/example_dags/example_setup_teardown_taskflow.py for tasks to queue
[2024-05-01T23:43:54.239-0500] {logging_mixin.py:188} INFO - [2024-05-01T23:43:54.239-0500] {dagbag.py:540} INFO - Filling up the DagBag from /Users/nestoralfaro/Desktop/pbi-scenario-two/py_env/lib/python3.9/site-packages/airflow/example_dags/example_setup_teardown_taskflow.py
[2024-05-01T23:43:54.255-0500] {processor.py:840} INFO - DAG(s) 'example_setup_teardown_taskflow' retrieved from /Users/nestoralfaro/Desktop/pbi-scenario-two/py_env/lib/python3.9/site-packages/airflow/example_dags/example_setup_teardown_taskflow.py
[2024-05-01T23:43:54.295-0500] {logging_mixin.py:188} INFO - [2024-05-01T23:43:54.294-0500] {dag.py:3096} INFO - Sync 1 DAGs
[2024-05-01T23:43:54.324-0500] {logging_mixin.py:188} INFO - [2024-05-01T23:43:54.324-0500] {dag.py:3954} INFO - Setting next_dagrun for example_setup_teardown_taskflow to 2024-05-01 00:00:00+00:00, run_after=2024-05-02 00:00:00+00:00
[2024-05-01T23:43:54.332-0500] {processor.py:183} INFO - Processing /Users/nestoralfaro/Desktop/pbi-scenario-two/py_env/lib/python3.9/site-packages/airflow/example_dags/example_setup_teardown_taskflow.py took 0.096 seconds
[2024-05-01T23:45:52.996-0500] {processor.py:161} INFO - Started process (PID=35404) to work on /Users/nestoralfaro/Desktop/pbi-scenario-two/py_env/lib/python3.9/site-packages/airflow/example_dags/example_setup_teardown_taskflow.py
[2024-05-01T23:45:52.997-0500] {processor.py:830} INFO - Processing file /Users/nestoralfaro/Desktop/pbi-scenario-two/py_env/lib/python3.9/site-packages/airflow/example_dags/example_setup_teardown_taskflow.py for tasks to queue
[2024-05-01T23:45:52.998-0500] {logging_mixin.py:188} INFO - [2024-05-01T23:45:52.997-0500] {dagbag.py:540} INFO - Filling up the DagBag from /Users/nestoralfaro/Desktop/pbi-scenario-two/py_env/lib/python3.9/site-packages/airflow/example_dags/example_setup_teardown_taskflow.py
[2024-05-01T23:45:53.014-0500] {processor.py:840} INFO - DAG(s) 'example_setup_teardown_taskflow' retrieved from /Users/nestoralfaro/Desktop/pbi-scenario-two/py_env/lib/python3.9/site-packages/airflow/example_dags/example_setup_teardown_taskflow.py
[2024-05-01T23:45:53.056-0500] {logging_mixin.py:188} INFO - [2024-05-01T23:45:53.055-0500] {dag.py:3096} INFO - Sync 1 DAGs
[2024-05-01T23:45:53.087-0500] {logging_mixin.py:188} INFO - [2024-05-01T23:45:53.086-0500] {dag.py:3954} INFO - Setting next_dagrun for example_setup_teardown_taskflow to 2024-05-01 00:00:00+00:00, run_after=2024-05-02 00:00:00+00:00
[2024-05-01T23:45:53.094-0500] {processor.py:183} INFO - Processing /Users/nestoralfaro/Desktop/pbi-scenario-two/py_env/lib/python3.9/site-packages/airflow/example_dags/example_setup_teardown_taskflow.py took 0.099 seconds
[2024-05-01T23:47:43.106-0500] {processor.py:161} INFO - Started process (PID=35481) to work on /Users/nestoralfaro/Desktop/pbi-scenario-two/py_env/lib/python3.9/site-packages/airflow/example_dags/example_setup_teardown_taskflow.py
[2024-05-01T23:47:43.109-0500] {processor.py:830} INFO - Processing file /Users/nestoralfaro/Desktop/pbi-scenario-two/py_env/lib/python3.9/site-packages/airflow/example_dags/example_setup_teardown_taskflow.py for tasks to queue
[2024-05-01T23:47:43.109-0500] {logging_mixin.py:188} INFO - [2024-05-01T23:47:43.109-0500] {dagbag.py:540} INFO - Filling up the DagBag from /Users/nestoralfaro/Desktop/pbi-scenario-two/py_env/lib/python3.9/site-packages/airflow/example_dags/example_setup_teardown_taskflow.py
[2024-05-01T23:47:43.127-0500] {processor.py:840} INFO - DAG(s) 'example_setup_teardown_taskflow' retrieved from /Users/nestoralfaro/Desktop/pbi-scenario-two/py_env/lib/python3.9/site-packages/airflow/example_dags/example_setup_teardown_taskflow.py
[2024-05-01T23:47:43.172-0500] {logging_mixin.py:188} INFO - [2024-05-01T23:47:43.172-0500] {dag.py:3096} INFO - Sync 1 DAGs
[2024-05-01T23:47:43.206-0500] {logging_mixin.py:188} INFO - [2024-05-01T23:47:43.206-0500] {dag.py:3954} INFO - Setting next_dagrun for example_setup_teardown_taskflow to 2024-05-01 00:00:00+00:00, run_after=2024-05-02 00:00:00+00:00
[2024-05-01T23:47:43.215-0500] {processor.py:183} INFO - Processing /Users/nestoralfaro/Desktop/pbi-scenario-two/py_env/lib/python3.9/site-packages/airflow/example_dags/example_setup_teardown_taskflow.py took 0.111 seconds
[2024-05-01T23:49:36.549-0500] {processor.py:161} INFO - Started process (PID=35561) to work on /Users/nestoralfaro/Desktop/pbi-scenario-two/py_env/lib/python3.9/site-packages/airflow/example_dags/example_setup_teardown_taskflow.py
[2024-05-01T23:49:36.551-0500] {processor.py:830} INFO - Processing file /Users/nestoralfaro/Desktop/pbi-scenario-two/py_env/lib/python3.9/site-packages/airflow/example_dags/example_setup_teardown_taskflow.py for tasks to queue
[2024-05-01T23:49:36.551-0500] {logging_mixin.py:188} INFO - [2024-05-01T23:49:36.551-0500] {dagbag.py:540} INFO - Filling up the DagBag from /Users/nestoralfaro/Desktop/pbi-scenario-two/py_env/lib/python3.9/site-packages/airflow/example_dags/example_setup_teardown_taskflow.py
[2024-05-01T23:49:36.568-0500] {processor.py:840} INFO - DAG(s) 'example_setup_teardown_taskflow' retrieved from /Users/nestoralfaro/Desktop/pbi-scenario-two/py_env/lib/python3.9/site-packages/airflow/example_dags/example_setup_teardown_taskflow.py
[2024-05-01T23:49:36.611-0500] {logging_mixin.py:188} INFO - [2024-05-01T23:49:36.610-0500] {dag.py:3096} INFO - Sync 1 DAGs
[2024-05-01T23:49:36.642-0500] {logging_mixin.py:188} INFO - [2024-05-01T23:49:36.642-0500] {dag.py:3954} INFO - Setting next_dagrun for example_setup_teardown_taskflow to 2024-05-01 00:00:00+00:00, run_after=2024-05-02 00:00:00+00:00
[2024-05-01T23:49:36.650-0500] {processor.py:183} INFO - Processing /Users/nestoralfaro/Desktop/pbi-scenario-two/py_env/lib/python3.9/site-packages/airflow/example_dags/example_setup_teardown_taskflow.py took 0.102 seconds
[2024-05-01T23:51:30.638-0500] {processor.py:161} INFO - Started process (PID=35630) to work on /Users/nestoralfaro/Desktop/pbi-scenario-two/py_env/lib/python3.9/site-packages/airflow/example_dags/example_setup_teardown_taskflow.py
[2024-05-01T23:51:30.639-0500] {processor.py:830} INFO - Processing file /Users/nestoralfaro/Desktop/pbi-scenario-two/py_env/lib/python3.9/site-packages/airflow/example_dags/example_setup_teardown_taskflow.py for tasks to queue
[2024-05-01T23:51:30.639-0500] {logging_mixin.py:188} INFO - [2024-05-01T23:51:30.639-0500] {dagbag.py:540} INFO - Filling up the DagBag from /Users/nestoralfaro/Desktop/pbi-scenario-two/py_env/lib/python3.9/site-packages/airflow/example_dags/example_setup_teardown_taskflow.py
[2024-05-01T23:51:30.657-0500] {processor.py:840} INFO - DAG(s) 'example_setup_teardown_taskflow' retrieved from /Users/nestoralfaro/Desktop/pbi-scenario-two/py_env/lib/python3.9/site-packages/airflow/example_dags/example_setup_teardown_taskflow.py
[2024-05-01T23:51:30.700-0500] {logging_mixin.py:188} INFO - [2024-05-01T23:51:30.699-0500] {dag.py:3096} INFO - Sync 1 DAGs
[2024-05-01T23:51:30.733-0500] {logging_mixin.py:188} INFO - [2024-05-01T23:51:30.733-0500] {dag.py:3954} INFO - Setting next_dagrun for example_setup_teardown_taskflow to 2024-05-01 00:00:00+00:00, run_after=2024-05-02 00:00:00+00:00
[2024-05-01T23:51:30.740-0500] {processor.py:183} INFO - Processing /Users/nestoralfaro/Desktop/pbi-scenario-two/py_env/lib/python3.9/site-packages/airflow/example_dags/example_setup_teardown_taskflow.py took 0.104 seconds
[2024-05-01T23:53:28.835-0500] {processor.py:161} INFO - Started process (PID=35716) to work on /Users/nestoralfaro/Desktop/pbi-scenario-two/py_env/lib/python3.9/site-packages/airflow/example_dags/example_setup_teardown_taskflow.py
[2024-05-01T23:53:28.837-0500] {processor.py:830} INFO - Processing file /Users/nestoralfaro/Desktop/pbi-scenario-two/py_env/lib/python3.9/site-packages/airflow/example_dags/example_setup_teardown_taskflow.py for tasks to queue
[2024-05-01T23:53:28.837-0500] {logging_mixin.py:188} INFO - [2024-05-01T23:53:28.837-0500] {dagbag.py:540} INFO - Filling up the DagBag from /Users/nestoralfaro/Desktop/pbi-scenario-two/py_env/lib/python3.9/site-packages/airflow/example_dags/example_setup_teardown_taskflow.py
[2024-05-01T23:53:28.853-0500] {processor.py:840} INFO - DAG(s) 'example_setup_teardown_taskflow' retrieved from /Users/nestoralfaro/Desktop/pbi-scenario-two/py_env/lib/python3.9/site-packages/airflow/example_dags/example_setup_teardown_taskflow.py
[2024-05-01T23:53:28.899-0500] {logging_mixin.py:188} INFO - [2024-05-01T23:53:28.898-0500] {dag.py:3096} INFO - Sync 1 DAGs
[2024-05-01T23:53:28.930-0500] {logging_mixin.py:188} INFO - [2024-05-01T23:53:28.930-0500] {dag.py:3954} INFO - Setting next_dagrun for example_setup_teardown_taskflow to 2024-05-01 00:00:00+00:00, run_after=2024-05-02 00:00:00+00:00
[2024-05-01T23:53:28.938-0500] {processor.py:183} INFO - Processing /Users/nestoralfaro/Desktop/pbi-scenario-two/py_env/lib/python3.9/site-packages/airflow/example_dags/example_setup_teardown_taskflow.py took 0.103 seconds
[2024-05-01T23:55:22.216-0500] {processor.py:161} INFO - Started process (PID=35785) to work on /Users/nestoralfaro/Desktop/pbi-scenario-two/py_env/lib/python3.9/site-packages/airflow/example_dags/example_setup_teardown_taskflow.py
[2024-05-01T23:55:22.218-0500] {processor.py:830} INFO - Processing file /Users/nestoralfaro/Desktop/pbi-scenario-two/py_env/lib/python3.9/site-packages/airflow/example_dags/example_setup_teardown_taskflow.py for tasks to queue
[2024-05-01T23:55:22.218-0500] {logging_mixin.py:188} INFO - [2024-05-01T23:55:22.218-0500] {dagbag.py:540} INFO - Filling up the DagBag from /Users/nestoralfaro/Desktop/pbi-scenario-two/py_env/lib/python3.9/site-packages/airflow/example_dags/example_setup_teardown_taskflow.py
[2024-05-01T23:55:22.233-0500] {processor.py:840} INFO - DAG(s) 'example_setup_teardown_taskflow' retrieved from /Users/nestoralfaro/Desktop/pbi-scenario-two/py_env/lib/python3.9/site-packages/airflow/example_dags/example_setup_teardown_taskflow.py
[2024-05-01T23:55:22.273-0500] {logging_mixin.py:188} INFO - [2024-05-01T23:55:22.273-0500] {dag.py:3096} INFO - Sync 1 DAGs
[2024-05-01T23:55:22.302-0500] {logging_mixin.py:188} INFO - [2024-05-01T23:55:22.302-0500] {dag.py:3954} INFO - Setting next_dagrun for example_setup_teardown_taskflow to 2024-05-01 00:00:00+00:00, run_after=2024-05-02 00:00:00+00:00
[2024-05-01T23:55:22.309-0500] {processor.py:183} INFO - Processing /Users/nestoralfaro/Desktop/pbi-scenario-two/py_env/lib/python3.9/site-packages/airflow/example_dags/example_setup_teardown_taskflow.py took 0.094 seconds
[2024-05-01T23:57:12.852-0500] {processor.py:161} INFO - Started process (PID=35853) to work on /Users/nestoralfaro/Desktop/pbi-scenario-two/py_env/lib/python3.9/site-packages/airflow/example_dags/example_setup_teardown_taskflow.py
[2024-05-01T23:57:12.853-0500] {processor.py:830} INFO - Processing file /Users/nestoralfaro/Desktop/pbi-scenario-two/py_env/lib/python3.9/site-packages/airflow/example_dags/example_setup_teardown_taskflow.py for tasks to queue
[2024-05-01T23:57:12.853-0500] {logging_mixin.py:188} INFO - [2024-05-01T23:57:12.853-0500] {dagbag.py:540} INFO - Filling up the DagBag from /Users/nestoralfaro/Desktop/pbi-scenario-two/py_env/lib/python3.9/site-packages/airflow/example_dags/example_setup_teardown_taskflow.py
[2024-05-01T23:57:12.870-0500] {processor.py:840} INFO - DAG(s) 'example_setup_teardown_taskflow' retrieved from /Users/nestoralfaro/Desktop/pbi-scenario-two/py_env/lib/python3.9/site-packages/airflow/example_dags/example_setup_teardown_taskflow.py
[2024-05-01T23:57:12.910-0500] {logging_mixin.py:188} INFO - [2024-05-01T23:57:12.910-0500] {dag.py:3096} INFO - Sync 1 DAGs
[2024-05-01T23:57:12.939-0500] {logging_mixin.py:188} INFO - [2024-05-01T23:57:12.939-0500] {dag.py:3954} INFO - Setting next_dagrun for example_setup_teardown_taskflow to 2024-05-01 00:00:00+00:00, run_after=2024-05-02 00:00:00+00:00
[2024-05-01T23:57:12.946-0500] {processor.py:183} INFO - Processing /Users/nestoralfaro/Desktop/pbi-scenario-two/py_env/lib/python3.9/site-packages/airflow/example_dags/example_setup_teardown_taskflow.py took 0.096 seconds
[2024-05-01T23:59:04.835-0500] {processor.py:161} INFO - Started process (PID=35923) to work on /Users/nestoralfaro/Desktop/pbi-scenario-two/py_env/lib/python3.9/site-packages/airflow/example_dags/example_setup_teardown_taskflow.py
[2024-05-01T23:59:04.836-0500] {processor.py:830} INFO - Processing file /Users/nestoralfaro/Desktop/pbi-scenario-two/py_env/lib/python3.9/site-packages/airflow/example_dags/example_setup_teardown_taskflow.py for tasks to queue
[2024-05-01T23:59:04.837-0500] {logging_mixin.py:188} INFO - [2024-05-01T23:59:04.837-0500] {dagbag.py:540} INFO - Filling up the DagBag from /Users/nestoralfaro/Desktop/pbi-scenario-two/py_env/lib/python3.9/site-packages/airflow/example_dags/example_setup_teardown_taskflow.py
[2024-05-01T23:59:04.853-0500] {processor.py:840} INFO - DAG(s) 'example_setup_teardown_taskflow' retrieved from /Users/nestoralfaro/Desktop/pbi-scenario-two/py_env/lib/python3.9/site-packages/airflow/example_dags/example_setup_teardown_taskflow.py
[2024-05-01T23:59:04.894-0500] {logging_mixin.py:188} INFO - [2024-05-01T23:59:04.894-0500] {dag.py:3096} INFO - Sync 1 DAGs
[2024-05-01T23:59:04.924-0500] {logging_mixin.py:188} INFO - [2024-05-01T23:59:04.924-0500] {dag.py:3954} INFO - Setting next_dagrun for example_setup_teardown_taskflow to 2024-05-01 00:00:00+00:00, run_after=2024-05-02 00:00:00+00:00
[2024-05-01T23:59:04.932-0500] {processor.py:183} INFO - Processing /Users/nestoralfaro/Desktop/pbi-scenario-two/py_env/lib/python3.9/site-packages/airflow/example_dags/example_setup_teardown_taskflow.py took 0.097 seconds
[2024-05-02T00:00:55.666-0500] {processor.py:161} INFO - Started process (PID=36016) to work on /Users/nestoralfaro/Desktop/pbi-scenario-two/py_env/lib/python3.9/site-packages/airflow/example_dags/example_setup_teardown_taskflow.py
[2024-05-02T00:00:55.668-0500] {processor.py:830} INFO - Processing file /Users/nestoralfaro/Desktop/pbi-scenario-two/py_env/lib/python3.9/site-packages/airflow/example_dags/example_setup_teardown_taskflow.py for tasks to queue
[2024-05-02T00:00:55.669-0500] {logging_mixin.py:188} INFO - [2024-05-02T00:00:55.669-0500] {dagbag.py:540} INFO - Filling up the DagBag from /Users/nestoralfaro/Desktop/pbi-scenario-two/py_env/lib/python3.9/site-packages/airflow/example_dags/example_setup_teardown_taskflow.py
[2024-05-02T00:00:55.685-0500] {processor.py:840} INFO - DAG(s) 'example_setup_teardown_taskflow' retrieved from /Users/nestoralfaro/Desktop/pbi-scenario-two/py_env/lib/python3.9/site-packages/airflow/example_dags/example_setup_teardown_taskflow.py
[2024-05-02T00:00:55.731-0500] {logging_mixin.py:188} INFO - [2024-05-02T00:00:55.731-0500] {dag.py:3096} INFO - Sync 1 DAGs
[2024-05-02T00:00:55.768-0500] {logging_mixin.py:188} INFO - [2024-05-02T00:00:55.768-0500] {dag.py:3954} INFO - Setting next_dagrun for example_setup_teardown_taskflow to 2024-05-01 00:00:00+00:00, run_after=2024-05-02 00:00:00+00:00
[2024-05-02T00:00:55.776-0500] {processor.py:183} INFO - Processing /Users/nestoralfaro/Desktop/pbi-scenario-two/py_env/lib/python3.9/site-packages/airflow/example_dags/example_setup_teardown_taskflow.py took 0.112 seconds
[2024-05-02T00:02:54.153-0500] {processor.py:161} INFO - Started process (PID=36099) to work on /Users/nestoralfaro/Desktop/pbi-scenario-two/py_env/lib/python3.9/site-packages/airflow/example_dags/example_setup_teardown_taskflow.py
[2024-05-02T00:02:54.155-0500] {processor.py:830} INFO - Processing file /Users/nestoralfaro/Desktop/pbi-scenario-two/py_env/lib/python3.9/site-packages/airflow/example_dags/example_setup_teardown_taskflow.py for tasks to queue
[2024-05-02T00:02:54.155-0500] {logging_mixin.py:188} INFO - [2024-05-02T00:02:54.155-0500] {dagbag.py:540} INFO - Filling up the DagBag from /Users/nestoralfaro/Desktop/pbi-scenario-two/py_env/lib/python3.9/site-packages/airflow/example_dags/example_setup_teardown_taskflow.py
[2024-05-02T00:02:54.171-0500] {processor.py:840} INFO - DAG(s) 'example_setup_teardown_taskflow' retrieved from /Users/nestoralfaro/Desktop/pbi-scenario-two/py_env/lib/python3.9/site-packages/airflow/example_dags/example_setup_teardown_taskflow.py
[2024-05-02T00:02:54.213-0500] {logging_mixin.py:188} INFO - [2024-05-02T00:02:54.213-0500] {dag.py:3096} INFO - Sync 1 DAGs
[2024-05-02T00:02:54.243-0500] {logging_mixin.py:188} INFO - [2024-05-02T00:02:54.243-0500] {dag.py:3954} INFO - Setting next_dagrun for example_setup_teardown_taskflow to 2024-05-01 00:00:00+00:00, run_after=2024-05-02 00:00:00+00:00
[2024-05-02T00:02:54.251-0500] {processor.py:183} INFO - Processing /Users/nestoralfaro/Desktop/pbi-scenario-two/py_env/lib/python3.9/site-packages/airflow/example_dags/example_setup_teardown_taskflow.py took 0.100 seconds
[2024-05-02T00:04:47.914-0500] {processor.py:161} INFO - Started process (PID=36174) to work on /Users/nestoralfaro/Desktop/pbi-scenario-two/py_env/lib/python3.9/site-packages/airflow/example_dags/example_setup_teardown_taskflow.py
[2024-05-02T00:04:47.916-0500] {processor.py:830} INFO - Processing file /Users/nestoralfaro/Desktop/pbi-scenario-two/py_env/lib/python3.9/site-packages/airflow/example_dags/example_setup_teardown_taskflow.py for tasks to queue
[2024-05-02T00:04:47.917-0500] {logging_mixin.py:188} INFO - [2024-05-02T00:04:47.917-0500] {dagbag.py:540} INFO - Filling up the DagBag from /Users/nestoralfaro/Desktop/pbi-scenario-two/py_env/lib/python3.9/site-packages/airflow/example_dags/example_setup_teardown_taskflow.py
[2024-05-02T00:04:47.934-0500] {processor.py:840} INFO - DAG(s) 'example_setup_teardown_taskflow' retrieved from /Users/nestoralfaro/Desktop/pbi-scenario-two/py_env/lib/python3.9/site-packages/airflow/example_dags/example_setup_teardown_taskflow.py
[2024-05-02T00:04:47.978-0500] {logging_mixin.py:188} INFO - [2024-05-02T00:04:47.978-0500] {dag.py:3096} INFO - Sync 1 DAGs
[2024-05-02T00:04:48.011-0500] {logging_mixin.py:188} INFO - [2024-05-02T00:04:48.011-0500] {dag.py:3954} INFO - Setting next_dagrun for example_setup_teardown_taskflow to 2024-05-01 00:00:00+00:00, run_after=2024-05-02 00:00:00+00:00
[2024-05-02T00:04:48.019-0500] {processor.py:183} INFO - Processing /Users/nestoralfaro/Desktop/pbi-scenario-two/py_env/lib/python3.9/site-packages/airflow/example_dags/example_setup_teardown_taskflow.py took 0.106 seconds
[2024-05-02T00:06:42.427-0500] {processor.py:161} INFO - Started process (PID=36265) to work on /Users/nestoralfaro/Desktop/pbi-scenario-two/py_env/lib/python3.9/site-packages/airflow/example_dags/example_setup_teardown_taskflow.py
[2024-05-02T00:06:42.429-0500] {processor.py:830} INFO - Processing file /Users/nestoralfaro/Desktop/pbi-scenario-two/py_env/lib/python3.9/site-packages/airflow/example_dags/example_setup_teardown_taskflow.py for tasks to queue
[2024-05-02T00:06:42.430-0500] {logging_mixin.py:188} INFO - [2024-05-02T00:06:42.430-0500] {dagbag.py:540} INFO - Filling up the DagBag from /Users/nestoralfaro/Desktop/pbi-scenario-two/py_env/lib/python3.9/site-packages/airflow/example_dags/example_setup_teardown_taskflow.py
[2024-05-02T00:06:42.446-0500] {processor.py:840} INFO - DAG(s) 'example_setup_teardown_taskflow' retrieved from /Users/nestoralfaro/Desktop/pbi-scenario-two/py_env/lib/python3.9/site-packages/airflow/example_dags/example_setup_teardown_taskflow.py
[2024-05-02T00:06:42.486-0500] {logging_mixin.py:188} INFO - [2024-05-02T00:06:42.486-0500] {dag.py:3096} INFO - Sync 1 DAGs
[2024-05-02T00:06:42.517-0500] {logging_mixin.py:188} INFO - [2024-05-02T00:06:42.517-0500] {dag.py:3954} INFO - Setting next_dagrun for example_setup_teardown_taskflow to 2024-05-01 00:00:00+00:00, run_after=2024-05-02 00:00:00+00:00
[2024-05-02T00:06:42.524-0500] {processor.py:183} INFO - Processing /Users/nestoralfaro/Desktop/pbi-scenario-two/py_env/lib/python3.9/site-packages/airflow/example_dags/example_setup_teardown_taskflow.py took 0.098 seconds
[2024-05-02T00:08:29.259-0500] {processor.py:161} INFO - Started process (PID=36332) to work on /Users/nestoralfaro/Desktop/pbi-scenario-two/py_env/lib/python3.9/site-packages/airflow/example_dags/example_setup_teardown_taskflow.py
[2024-05-02T00:08:29.261-0500] {processor.py:830} INFO - Processing file /Users/nestoralfaro/Desktop/pbi-scenario-two/py_env/lib/python3.9/site-packages/airflow/example_dags/example_setup_teardown_taskflow.py for tasks to queue
[2024-05-02T00:08:29.261-0500] {logging_mixin.py:188} INFO - [2024-05-02T00:08:29.261-0500] {dagbag.py:540} INFO - Filling up the DagBag from /Users/nestoralfaro/Desktop/pbi-scenario-two/py_env/lib/python3.9/site-packages/airflow/example_dags/example_setup_teardown_taskflow.py
[2024-05-02T00:08:29.277-0500] {processor.py:840} INFO - DAG(s) 'example_setup_teardown_taskflow' retrieved from /Users/nestoralfaro/Desktop/pbi-scenario-two/py_env/lib/python3.9/site-packages/airflow/example_dags/example_setup_teardown_taskflow.py
[2024-05-02T00:08:29.317-0500] {logging_mixin.py:188} INFO - [2024-05-02T00:08:29.317-0500] {dag.py:3096} INFO - Sync 1 DAGs
[2024-05-02T00:08:29.348-0500] {logging_mixin.py:188} INFO - [2024-05-02T00:08:29.348-0500] {dag.py:3954} INFO - Setting next_dagrun for example_setup_teardown_taskflow to 2024-05-01 00:00:00+00:00, run_after=2024-05-02 00:00:00+00:00
[2024-05-02T00:08:29.355-0500] {processor.py:183} INFO - Processing /Users/nestoralfaro/Desktop/pbi-scenario-two/py_env/lib/python3.9/site-packages/airflow/example_dags/example_setup_teardown_taskflow.py took 0.098 seconds
[2024-05-02T00:11:34.707-0500] {processor.py:161} INFO - Started process (PID=36449) to work on /Users/nestoralfaro/Desktop/pbi-scenario-two/py_env/lib/python3.9/site-packages/airflow/example_dags/example_setup_teardown_taskflow.py
[2024-05-02T00:11:34.708-0500] {processor.py:830} INFO - Processing file /Users/nestoralfaro/Desktop/pbi-scenario-two/py_env/lib/python3.9/site-packages/airflow/example_dags/example_setup_teardown_taskflow.py for tasks to queue
[2024-05-02T00:11:34.709-0500] {logging_mixin.py:188} INFO - [2024-05-02T00:11:34.708-0500] {dagbag.py:540} INFO - Filling up the DagBag from /Users/nestoralfaro/Desktop/pbi-scenario-two/py_env/lib/python3.9/site-packages/airflow/example_dags/example_setup_teardown_taskflow.py
[2024-05-02T00:11:34.725-0500] {processor.py:840} INFO - DAG(s) 'example_setup_teardown_taskflow' retrieved from /Users/nestoralfaro/Desktop/pbi-scenario-two/py_env/lib/python3.9/site-packages/airflow/example_dags/example_setup_teardown_taskflow.py
[2024-05-02T00:11:34.765-0500] {logging_mixin.py:188} INFO - [2024-05-02T00:11:34.764-0500] {dag.py:3096} INFO - Sync 1 DAGs
[2024-05-02T00:11:34.795-0500] {logging_mixin.py:188} INFO - [2024-05-02T00:11:34.795-0500] {dag.py:3954} INFO - Setting next_dagrun for example_setup_teardown_taskflow to 2024-05-01 00:00:00+00:00, run_after=2024-05-02 00:00:00+00:00
[2024-05-02T00:11:34.803-0500] {processor.py:183} INFO - Processing /Users/nestoralfaro/Desktop/pbi-scenario-two/py_env/lib/python3.9/site-packages/airflow/example_dags/example_setup_teardown_taskflow.py took 0.097 seconds
[2024-05-02T00:13:00.732-0500] {processor.py:161} INFO - Started process (PID=36527) to work on /Users/nestoralfaro/Desktop/pbi-scenario-two/py_env/lib/python3.9/site-packages/airflow/example_dags/example_setup_teardown_taskflow.py
[2024-05-02T00:13:00.734-0500] {processor.py:830} INFO - Processing file /Users/nestoralfaro/Desktop/pbi-scenario-two/py_env/lib/python3.9/site-packages/airflow/example_dags/example_setup_teardown_taskflow.py for tasks to queue
[2024-05-02T00:13:00.734-0500] {logging_mixin.py:188} INFO - [2024-05-02T00:13:00.734-0500] {dagbag.py:540} INFO - Filling up the DagBag from /Users/nestoralfaro/Desktop/pbi-scenario-two/py_env/lib/python3.9/site-packages/airflow/example_dags/example_setup_teardown_taskflow.py
[2024-05-02T00:13:00.751-0500] {processor.py:840} INFO - DAG(s) 'example_setup_teardown_taskflow' retrieved from /Users/nestoralfaro/Desktop/pbi-scenario-two/py_env/lib/python3.9/site-packages/airflow/example_dags/example_setup_teardown_taskflow.py
[2024-05-02T00:13:00.793-0500] {logging_mixin.py:188} INFO - [2024-05-02T00:13:00.793-0500] {dag.py:3096} INFO - Sync 1 DAGs
[2024-05-02T00:13:00.825-0500] {logging_mixin.py:188} INFO - [2024-05-02T00:13:00.825-0500] {dag.py:3954} INFO - Setting next_dagrun for example_setup_teardown_taskflow to 2024-05-01 00:00:00+00:00, run_after=2024-05-02 00:00:00+00:00
[2024-05-02T00:13:00.834-0500] {processor.py:183} INFO - Processing /Users/nestoralfaro/Desktop/pbi-scenario-two/py_env/lib/python3.9/site-packages/airflow/example_dags/example_setup_teardown_taskflow.py took 0.104 seconds
[2024-05-02T00:15:26.569-0500] {processor.py:161} INFO - Started process (PID=36622) to work on /Users/nestoralfaro/Desktop/pbi-scenario-two/py_env/lib/python3.9/site-packages/airflow/example_dags/example_setup_teardown_taskflow.py
[2024-05-02T00:15:26.571-0500] {processor.py:830} INFO - Processing file /Users/nestoralfaro/Desktop/pbi-scenario-two/py_env/lib/python3.9/site-packages/airflow/example_dags/example_setup_teardown_taskflow.py for tasks to queue
[2024-05-02T00:15:26.572-0500] {logging_mixin.py:188} INFO - [2024-05-02T00:15:26.571-0500] {dagbag.py:540} INFO - Filling up the DagBag from /Users/nestoralfaro/Desktop/pbi-scenario-two/py_env/lib/python3.9/site-packages/airflow/example_dags/example_setup_teardown_taskflow.py
[2024-05-02T00:15:26.589-0500] {processor.py:840} INFO - DAG(s) 'example_setup_teardown_taskflow' retrieved from /Users/nestoralfaro/Desktop/pbi-scenario-two/py_env/lib/python3.9/site-packages/airflow/example_dags/example_setup_teardown_taskflow.py
[2024-05-02T00:15:26.636-0500] {logging_mixin.py:188} INFO - [2024-05-02T00:15:26.636-0500] {dag.py:3096} INFO - Sync 1 DAGs
[2024-05-02T00:15:26.672-0500] {logging_mixin.py:188} INFO - [2024-05-02T00:15:26.672-0500] {dag.py:3954} INFO - Setting next_dagrun for example_setup_teardown_taskflow to 2024-05-01 00:00:00+00:00, run_after=2024-05-02 00:00:00+00:00
[2024-05-02T00:15:26.681-0500] {processor.py:183} INFO - Processing /Users/nestoralfaro/Desktop/pbi-scenario-two/py_env/lib/python3.9/site-packages/airflow/example_dags/example_setup_teardown_taskflow.py took 0.114 seconds
[2024-05-02T00:16:55.703-0500] {processor.py:161} INFO - Started process (PID=36679) to work on /Users/nestoralfaro/Desktop/pbi-scenario-two/py_env/lib/python3.9/site-packages/airflow/example_dags/example_setup_teardown_taskflow.py
[2024-05-02T00:16:55.704-0500] {processor.py:830} INFO - Processing file /Users/nestoralfaro/Desktop/pbi-scenario-two/py_env/lib/python3.9/site-packages/airflow/example_dags/example_setup_teardown_taskflow.py for tasks to queue
[2024-05-02T00:16:55.705-0500] {logging_mixin.py:188} INFO - [2024-05-02T00:16:55.705-0500] {dagbag.py:540} INFO - Filling up the DagBag from /Users/nestoralfaro/Desktop/pbi-scenario-two/py_env/lib/python3.9/site-packages/airflow/example_dags/example_setup_teardown_taskflow.py
[2024-05-02T00:16:55.721-0500] {processor.py:840} INFO - DAG(s) 'example_setup_teardown_taskflow' retrieved from /Users/nestoralfaro/Desktop/pbi-scenario-two/py_env/lib/python3.9/site-packages/airflow/example_dags/example_setup_teardown_taskflow.py
[2024-05-02T00:16:55.762-0500] {logging_mixin.py:188} INFO - [2024-05-02T00:16:55.761-0500] {dag.py:3096} INFO - Sync 1 DAGs
[2024-05-02T00:16:55.792-0500] {logging_mixin.py:188} INFO - [2024-05-02T00:16:55.792-0500] {dag.py:3954} INFO - Setting next_dagrun for example_setup_teardown_taskflow to 2024-05-01 00:00:00+00:00, run_after=2024-05-02 00:00:00+00:00
[2024-05-02T00:16:55.799-0500] {processor.py:183} INFO - Processing /Users/nestoralfaro/Desktop/pbi-scenario-two/py_env/lib/python3.9/site-packages/airflow/example_dags/example_setup_teardown_taskflow.py took 0.098 seconds
[2024-05-02T00:18:51.435-0500] {processor.py:161} INFO - Started process (PID=36764) to work on /Users/nestoralfaro/Desktop/pbi-scenario-two/py_env/lib/python3.9/site-packages/airflow/example_dags/example_setup_teardown_taskflow.py
[2024-05-02T00:18:51.436-0500] {processor.py:830} INFO - Processing file /Users/nestoralfaro/Desktop/pbi-scenario-two/py_env/lib/python3.9/site-packages/airflow/example_dags/example_setup_teardown_taskflow.py for tasks to queue
[2024-05-02T00:18:51.436-0500] {logging_mixin.py:188} INFO - [2024-05-02T00:18:51.436-0500] {dagbag.py:540} INFO - Filling up the DagBag from /Users/nestoralfaro/Desktop/pbi-scenario-two/py_env/lib/python3.9/site-packages/airflow/example_dags/example_setup_teardown_taskflow.py
[2024-05-02T00:18:51.454-0500] {processor.py:840} INFO - DAG(s) 'example_setup_teardown_taskflow' retrieved from /Users/nestoralfaro/Desktop/pbi-scenario-two/py_env/lib/python3.9/site-packages/airflow/example_dags/example_setup_teardown_taskflow.py
[2024-05-02T00:18:51.498-0500] {logging_mixin.py:188} INFO - [2024-05-02T00:18:51.498-0500] {dag.py:3096} INFO - Sync 1 DAGs
[2024-05-02T00:18:51.530-0500] {logging_mixin.py:188} INFO - [2024-05-02T00:18:51.530-0500] {dag.py:3954} INFO - Setting next_dagrun for example_setup_teardown_taskflow to 2024-05-01 00:00:00+00:00, run_after=2024-05-02 00:00:00+00:00
[2024-05-02T00:18:51.537-0500] {processor.py:183} INFO - Processing /Users/nestoralfaro/Desktop/pbi-scenario-two/py_env/lib/python3.9/site-packages/airflow/example_dags/example_setup_teardown_taskflow.py took 0.103 seconds
[2024-05-02T00:20:47.717-0500] {processor.py:161} INFO - Started process (PID=36864) to work on /Users/nestoralfaro/Desktop/pbi-scenario-two/py_env/lib/python3.9/site-packages/airflow/example_dags/example_setup_teardown_taskflow.py
[2024-05-02T00:20:47.718-0500] {processor.py:830} INFO - Processing file /Users/nestoralfaro/Desktop/pbi-scenario-two/py_env/lib/python3.9/site-packages/airflow/example_dags/example_setup_teardown_taskflow.py for tasks to queue
[2024-05-02T00:20:47.719-0500] {logging_mixin.py:188} INFO - [2024-05-02T00:20:47.718-0500] {dagbag.py:540} INFO - Filling up the DagBag from /Users/nestoralfaro/Desktop/pbi-scenario-two/py_env/lib/python3.9/site-packages/airflow/example_dags/example_setup_teardown_taskflow.py
[2024-05-02T00:20:47.735-0500] {processor.py:840} INFO - DAG(s) 'example_setup_teardown_taskflow' retrieved from /Users/nestoralfaro/Desktop/pbi-scenario-two/py_env/lib/python3.9/site-packages/airflow/example_dags/example_setup_teardown_taskflow.py
[2024-05-02T00:20:47.781-0500] {logging_mixin.py:188} INFO - [2024-05-02T00:20:47.781-0500] {dag.py:3096} INFO - Sync 1 DAGs
[2024-05-02T00:20:47.813-0500] {logging_mixin.py:188} INFO - [2024-05-02T00:20:47.812-0500] {dag.py:3954} INFO - Setting next_dagrun for example_setup_teardown_taskflow to 2024-05-01 00:00:00+00:00, run_after=2024-05-02 00:00:00+00:00
[2024-05-02T00:20:47.820-0500] {processor.py:183} INFO - Processing /Users/nestoralfaro/Desktop/pbi-scenario-two/py_env/lib/python3.9/site-packages/airflow/example_dags/example_setup_teardown_taskflow.py took 0.104 seconds
[2024-05-02T00:22:43.145-0500] {processor.py:161} INFO - Started process (PID=36966) to work on /Users/nestoralfaro/Desktop/pbi-scenario-two/py_env/lib/python3.9/site-packages/airflow/example_dags/example_setup_teardown_taskflow.py
[2024-05-02T00:22:43.147-0500] {processor.py:830} INFO - Processing file /Users/nestoralfaro/Desktop/pbi-scenario-two/py_env/lib/python3.9/site-packages/airflow/example_dags/example_setup_teardown_taskflow.py for tasks to queue
[2024-05-02T00:22:43.147-0500] {logging_mixin.py:188} INFO - [2024-05-02T00:22:43.147-0500] {dagbag.py:540} INFO - Filling up the DagBag from /Users/nestoralfaro/Desktop/pbi-scenario-two/py_env/lib/python3.9/site-packages/airflow/example_dags/example_setup_teardown_taskflow.py
[2024-05-02T00:22:43.165-0500] {processor.py:840} INFO - DAG(s) 'example_setup_teardown_taskflow' retrieved from /Users/nestoralfaro/Desktop/pbi-scenario-two/py_env/lib/python3.9/site-packages/airflow/example_dags/example_setup_teardown_taskflow.py
[2024-05-02T00:22:43.208-0500] {logging_mixin.py:188} INFO - [2024-05-02T00:22:43.208-0500] {dag.py:3096} INFO - Sync 1 DAGs
[2024-05-02T00:22:43.241-0500] {logging_mixin.py:188} INFO - [2024-05-02T00:22:43.241-0500] {dag.py:3954} INFO - Setting next_dagrun for example_setup_teardown_taskflow to 2024-05-01 00:00:00+00:00, run_after=2024-05-02 00:00:00+00:00
[2024-05-02T00:22:43.250-0500] {processor.py:183} INFO - Processing /Users/nestoralfaro/Desktop/pbi-scenario-two/py_env/lib/python3.9/site-packages/airflow/example_dags/example_setup_teardown_taskflow.py took 0.106 seconds
