[2024-05-01T23:31:02.008-0500] {processor.py:161} INFO - Started process (PID=34770) to work on /Users/nestoralfaro/Desktop/pbi-scenario-two/py_env/lib/python3.9/site-packages/airflow/example_dags/example_latest_only.py
[2024-05-01T23:31:02.009-0500] {processor.py:830} INFO - Processing file /Users/nestoralfaro/Desktop/pbi-scenario-two/py_env/lib/python3.9/site-packages/airflow/example_dags/example_latest_only.py for tasks to queue
[2024-05-01T23:31:02.009-0500] {logging_mixin.py:188} INFO - [2024-05-01T23:31:02.009-0500] {dagbag.py:540} INFO - Filling up the DagBag from /Users/nestoralfaro/Desktop/pbi-scenario-two/py_env/lib/python3.9/site-packages/airflow/example_dags/example_latest_only.py
[2024-05-01T23:31:02.013-0500] {processor.py:840} INFO - DAG(s) 'latest_only' retrieved from /Users/nestoralfaro/Desktop/pbi-scenario-two/py_env/lib/python3.9/site-packages/airflow/example_dags/example_latest_only.py
[2024-05-01T23:31:02.112-0500] {logging_mixin.py:188} INFO - [2024-05-01T23:31:02.111-0500] {dag.py:3096} INFO - Sync 1 DAGs
[2024-05-01T23:31:02.119-0500] {logging_mixin.py:188} INFO - [2024-05-01T23:31:02.119-0500] {dag.py:3954} INFO - Setting next_dagrun for latest_only to 2024-05-02 00:00:00+00:00, run_after=2024-05-02 04:00:00+00:00
[2024-05-01T23:31:02.127-0500] {processor.py:183} INFO - Processing /Users/nestoralfaro/Desktop/pbi-scenario-two/py_env/lib/python3.9/site-packages/airflow/example_dags/example_latest_only.py took 0.120 seconds
[2024-05-01T23:33:07.658-0500] {processor.py:161} INFO - Started process (PID=34874) to work on /Users/nestoralfaro/Desktop/pbi-scenario-two/py_env/lib/python3.9/site-packages/airflow/example_dags/example_latest_only.py
[2024-05-01T23:33:07.660-0500] {processor.py:830} INFO - Processing file /Users/nestoralfaro/Desktop/pbi-scenario-two/py_env/lib/python3.9/site-packages/airflow/example_dags/example_latest_only.py for tasks to queue
[2024-05-01T23:33:07.660-0500] {logging_mixin.py:188} INFO - [2024-05-01T23:33:07.660-0500] {dagbag.py:540} INFO - Filling up the DagBag from /Users/nestoralfaro/Desktop/pbi-scenario-two/py_env/lib/python3.9/site-packages/airflow/example_dags/example_latest_only.py
[2024-05-01T23:33:07.664-0500] {processor.py:840} INFO - DAG(s) 'latest_only' retrieved from /Users/nestoralfaro/Desktop/pbi-scenario-two/py_env/lib/python3.9/site-packages/airflow/example_dags/example_latest_only.py
[2024-05-01T23:33:07.707-0500] {logging_mixin.py:188} INFO - [2024-05-01T23:33:07.706-0500] {dag.py:3096} INFO - Sync 1 DAGs
[2024-05-01T23:33:07.715-0500] {logging_mixin.py:188} INFO - [2024-05-01T23:33:07.714-0500] {dag.py:3954} INFO - Setting next_dagrun for latest_only to 2024-05-02 00:00:00+00:00, run_after=2024-05-02 04:00:00+00:00
[2024-05-01T23:33:07.722-0500] {processor.py:183} INFO - Processing /Users/nestoralfaro/Desktop/pbi-scenario-two/py_env/lib/python3.9/site-packages/airflow/example_dags/example_latest_only.py took 0.065 seconds
[2024-05-01T23:35:04.593-0500] {processor.py:161} INFO - Started process (PID=34947) to work on /Users/nestoralfaro/Desktop/pbi-scenario-two/py_env/lib/python3.9/site-packages/airflow/example_dags/example_latest_only.py
[2024-05-01T23:35:04.595-0500] {processor.py:830} INFO - Processing file /Users/nestoralfaro/Desktop/pbi-scenario-two/py_env/lib/python3.9/site-packages/airflow/example_dags/example_latest_only.py for tasks to queue
[2024-05-01T23:35:04.596-0500] {logging_mixin.py:188} INFO - [2024-05-01T23:35:04.596-0500] {dagbag.py:540} INFO - Filling up the DagBag from /Users/nestoralfaro/Desktop/pbi-scenario-two/py_env/lib/python3.9/site-packages/airflow/example_dags/example_latest_only.py
[2024-05-01T23:35:04.599-0500] {processor.py:840} INFO - DAG(s) 'latest_only' retrieved from /Users/nestoralfaro/Desktop/pbi-scenario-two/py_env/lib/python3.9/site-packages/airflow/example_dags/example_latest_only.py
[2024-05-01T23:35:04.643-0500] {logging_mixin.py:188} INFO - [2024-05-01T23:35:04.643-0500] {dag.py:3096} INFO - Sync 1 DAGs
[2024-05-01T23:35:04.652-0500] {logging_mixin.py:188} INFO - [2024-05-01T23:35:04.652-0500] {dag.py:3954} INFO - Setting next_dagrun for latest_only to 2024-05-02 00:00:00+00:00, run_after=2024-05-02 04:00:00+00:00
[2024-05-01T23:35:04.660-0500] {processor.py:183} INFO - Processing /Users/nestoralfaro/Desktop/pbi-scenario-two/py_env/lib/python3.9/site-packages/airflow/example_dags/example_latest_only.py took 0.069 seconds
[2024-05-01T23:36:56.081-0500] {processor.py:161} INFO - Started process (PID=35015) to work on /Users/nestoralfaro/Desktop/pbi-scenario-two/py_env/lib/python3.9/site-packages/airflow/example_dags/example_latest_only.py
[2024-05-01T23:36:56.083-0500] {processor.py:830} INFO - Processing file /Users/nestoralfaro/Desktop/pbi-scenario-two/py_env/lib/python3.9/site-packages/airflow/example_dags/example_latest_only.py for tasks to queue
[2024-05-01T23:36:56.084-0500] {logging_mixin.py:188} INFO - [2024-05-01T23:36:56.084-0500] {dagbag.py:540} INFO - Filling up the DagBag from /Users/nestoralfaro/Desktop/pbi-scenario-two/py_env/lib/python3.9/site-packages/airflow/example_dags/example_latest_only.py
[2024-05-01T23:36:56.089-0500] {processor.py:840} INFO - DAG(s) 'latest_only' retrieved from /Users/nestoralfaro/Desktop/pbi-scenario-two/py_env/lib/python3.9/site-packages/airflow/example_dags/example_latest_only.py
[2024-05-01T23:36:56.133-0500] {logging_mixin.py:188} INFO - [2024-05-01T23:36:56.133-0500] {dag.py:3096} INFO - Sync 1 DAGs
[2024-05-01T23:36:56.142-0500] {logging_mixin.py:188} INFO - [2024-05-01T23:36:56.141-0500] {dag.py:3954} INFO - Setting next_dagrun for latest_only to 2024-05-02 00:00:00+00:00, run_after=2024-05-02 04:00:00+00:00
[2024-05-01T23:36:56.150-0500] {processor.py:183} INFO - Processing /Users/nestoralfaro/Desktop/pbi-scenario-two/py_env/lib/python3.9/site-packages/airflow/example_dags/example_latest_only.py took 0.070 seconds
[2024-05-01T23:38:52.464-0500] {processor.py:161} INFO - Started process (PID=35085) to work on /Users/nestoralfaro/Desktop/pbi-scenario-two/py_env/lib/python3.9/site-packages/airflow/example_dags/example_latest_only.py
[2024-05-01T23:38:52.465-0500] {processor.py:830} INFO - Processing file /Users/nestoralfaro/Desktop/pbi-scenario-two/py_env/lib/python3.9/site-packages/airflow/example_dags/example_latest_only.py for tasks to queue
[2024-05-01T23:38:52.466-0500] {logging_mixin.py:188} INFO - [2024-05-01T23:38:52.465-0500] {dagbag.py:540} INFO - Filling up the DagBag from /Users/nestoralfaro/Desktop/pbi-scenario-two/py_env/lib/python3.9/site-packages/airflow/example_dags/example_latest_only.py
[2024-05-01T23:38:52.469-0500] {processor.py:840} INFO - DAG(s) 'latest_only' retrieved from /Users/nestoralfaro/Desktop/pbi-scenario-two/py_env/lib/python3.9/site-packages/airflow/example_dags/example_latest_only.py
[2024-05-01T23:38:52.514-0500] {logging_mixin.py:188} INFO - [2024-05-01T23:38:52.514-0500] {dag.py:3096} INFO - Sync 1 DAGs
[2024-05-01T23:38:52.522-0500] {logging_mixin.py:188} INFO - [2024-05-01T23:38:52.522-0500] {dag.py:3954} INFO - Setting next_dagrun for latest_only to 2024-05-02 00:00:00+00:00, run_after=2024-05-02 04:00:00+00:00
[2024-05-01T23:38:52.530-0500] {processor.py:183} INFO - Processing /Users/nestoralfaro/Desktop/pbi-scenario-two/py_env/lib/python3.9/site-packages/airflow/example_dags/example_latest_only.py took 0.067 seconds
[2024-05-01T23:40:45.555-0500] {processor.py:161} INFO - Started process (PID=35175) to work on /Users/nestoralfaro/Desktop/pbi-scenario-two/py_env/lib/python3.9/site-packages/airflow/example_dags/example_latest_only.py
[2024-05-01T23:40:45.557-0500] {processor.py:830} INFO - Processing file /Users/nestoralfaro/Desktop/pbi-scenario-two/py_env/lib/python3.9/site-packages/airflow/example_dags/example_latest_only.py for tasks to queue
[2024-05-01T23:40:45.558-0500] {logging_mixin.py:188} INFO - [2024-05-01T23:40:45.558-0500] {dagbag.py:540} INFO - Filling up the DagBag from /Users/nestoralfaro/Desktop/pbi-scenario-two/py_env/lib/python3.9/site-packages/airflow/example_dags/example_latest_only.py
[2024-05-01T23:40:45.562-0500] {processor.py:840} INFO - DAG(s) 'latest_only' retrieved from /Users/nestoralfaro/Desktop/pbi-scenario-two/py_env/lib/python3.9/site-packages/airflow/example_dags/example_latest_only.py
[2024-05-01T23:40:45.606-0500] {logging_mixin.py:188} INFO - [2024-05-01T23:40:45.606-0500] {dag.py:3096} INFO - Sync 1 DAGs
[2024-05-01T23:40:45.614-0500] {logging_mixin.py:188} INFO - [2024-05-01T23:40:45.614-0500] {dag.py:3954} INFO - Setting next_dagrun for latest_only to 2024-05-02 00:00:00+00:00, run_after=2024-05-02 04:00:00+00:00
[2024-05-01T23:40:45.621-0500] {processor.py:183} INFO - Processing /Users/nestoralfaro/Desktop/pbi-scenario-two/py_env/lib/python3.9/site-packages/airflow/example_dags/example_latest_only.py took 0.067 seconds
[2024-05-01T23:42:46.787-0500] {processor.py:161} INFO - Started process (PID=35280) to work on /Users/nestoralfaro/Desktop/pbi-scenario-two/py_env/lib/python3.9/site-packages/airflow/example_dags/example_latest_only.py
[2024-05-01T23:42:46.789-0500] {processor.py:830} INFO - Processing file /Users/nestoralfaro/Desktop/pbi-scenario-two/py_env/lib/python3.9/site-packages/airflow/example_dags/example_latest_only.py for tasks to queue
[2024-05-01T23:42:46.790-0500] {logging_mixin.py:188} INFO - [2024-05-01T23:42:46.790-0500] {dagbag.py:540} INFO - Filling up the DagBag from /Users/nestoralfaro/Desktop/pbi-scenario-two/py_env/lib/python3.9/site-packages/airflow/example_dags/example_latest_only.py
[2024-05-01T23:42:46.794-0500] {processor.py:840} INFO - DAG(s) 'latest_only' retrieved from /Users/nestoralfaro/Desktop/pbi-scenario-two/py_env/lib/python3.9/site-packages/airflow/example_dags/example_latest_only.py
[2024-05-01T23:42:46.837-0500] {logging_mixin.py:188} INFO - [2024-05-01T23:42:46.837-0500] {dag.py:3096} INFO - Sync 1 DAGs
[2024-05-01T23:42:46.845-0500] {logging_mixin.py:188} INFO - [2024-05-01T23:42:46.845-0500] {dag.py:3954} INFO - Setting next_dagrun for latest_only to 2024-05-02 00:00:00+00:00, run_after=2024-05-02 04:00:00+00:00
[2024-05-01T23:42:46.854-0500] {processor.py:183} INFO - Processing /Users/nestoralfaro/Desktop/pbi-scenario-two/py_env/lib/python3.9/site-packages/airflow/example_dags/example_latest_only.py took 0.068 seconds
[2024-05-01T23:44:45.070-0500] {processor.py:161} INFO - Started process (PID=35362) to work on /Users/nestoralfaro/Desktop/pbi-scenario-two/py_env/lib/python3.9/site-packages/airflow/example_dags/example_latest_only.py
[2024-05-01T23:44:45.072-0500] {processor.py:830} INFO - Processing file /Users/nestoralfaro/Desktop/pbi-scenario-two/py_env/lib/python3.9/site-packages/airflow/example_dags/example_latest_only.py for tasks to queue
[2024-05-01T23:44:45.073-0500] {logging_mixin.py:188} INFO - [2024-05-01T23:44:45.073-0500] {dagbag.py:540} INFO - Filling up the DagBag from /Users/nestoralfaro/Desktop/pbi-scenario-two/py_env/lib/python3.9/site-packages/airflow/example_dags/example_latest_only.py
[2024-05-01T23:44:45.076-0500] {processor.py:840} INFO - DAG(s) 'latest_only' retrieved from /Users/nestoralfaro/Desktop/pbi-scenario-two/py_env/lib/python3.9/site-packages/airflow/example_dags/example_latest_only.py
[2024-05-01T23:44:45.121-0500] {logging_mixin.py:188} INFO - [2024-05-01T23:44:45.120-0500] {dag.py:3096} INFO - Sync 1 DAGs
[2024-05-01T23:44:45.130-0500] {logging_mixin.py:188} INFO - [2024-05-01T23:44:45.129-0500] {dag.py:3954} INFO - Setting next_dagrun for latest_only to 2024-05-02 00:00:00+00:00, run_after=2024-05-02 04:00:00+00:00
[2024-05-01T23:44:45.158-0500] {processor.py:183} INFO - Processing /Users/nestoralfaro/Desktop/pbi-scenario-two/py_env/lib/python3.9/site-packages/airflow/example_dags/example_latest_only.py took 0.089 seconds
[2024-05-01T23:46:39.387-0500] {processor.py:161} INFO - Started process (PID=35433) to work on /Users/nestoralfaro/Desktop/pbi-scenario-two/py_env/lib/python3.9/site-packages/airflow/example_dags/example_latest_only.py
[2024-05-01T23:46:39.389-0500] {processor.py:830} INFO - Processing file /Users/nestoralfaro/Desktop/pbi-scenario-two/py_env/lib/python3.9/site-packages/airflow/example_dags/example_latest_only.py for tasks to queue
[2024-05-01T23:46:39.390-0500] {logging_mixin.py:188} INFO - [2024-05-01T23:46:39.390-0500] {dagbag.py:540} INFO - Filling up the DagBag from /Users/nestoralfaro/Desktop/pbi-scenario-two/py_env/lib/python3.9/site-packages/airflow/example_dags/example_latest_only.py
[2024-05-01T23:46:39.393-0500] {processor.py:840} INFO - DAG(s) 'latest_only' retrieved from /Users/nestoralfaro/Desktop/pbi-scenario-two/py_env/lib/python3.9/site-packages/airflow/example_dags/example_latest_only.py
[2024-05-01T23:46:39.433-0500] {logging_mixin.py:188} INFO - [2024-05-01T23:46:39.433-0500] {dag.py:3096} INFO - Sync 1 DAGs
[2024-05-01T23:46:39.441-0500] {logging_mixin.py:188} INFO - [2024-05-01T23:46:39.441-0500] {dag.py:3954} INFO - Setting next_dagrun for latest_only to 2024-05-02 00:00:00+00:00, run_after=2024-05-02 04:00:00+00:00
[2024-05-01T23:46:39.448-0500] {processor.py:183} INFO - Processing /Users/nestoralfaro/Desktop/pbi-scenario-two/py_env/lib/python3.9/site-packages/airflow/example_dags/example_latest_only.py took 0.062 seconds
[2024-05-01T23:48:29.926-0500] {processor.py:161} INFO - Started process (PID=35511) to work on /Users/nestoralfaro/Desktop/pbi-scenario-two/py_env/lib/python3.9/site-packages/airflow/example_dags/example_latest_only.py
[2024-05-01T23:48:29.928-0500] {processor.py:830} INFO - Processing file /Users/nestoralfaro/Desktop/pbi-scenario-two/py_env/lib/python3.9/site-packages/airflow/example_dags/example_latest_only.py for tasks to queue
[2024-05-01T23:48:29.928-0500] {logging_mixin.py:188} INFO - [2024-05-01T23:48:29.928-0500] {dagbag.py:540} INFO - Filling up the DagBag from /Users/nestoralfaro/Desktop/pbi-scenario-two/py_env/lib/python3.9/site-packages/airflow/example_dags/example_latest_only.py
[2024-05-01T23:48:29.932-0500] {processor.py:840} INFO - DAG(s) 'latest_only' retrieved from /Users/nestoralfaro/Desktop/pbi-scenario-two/py_env/lib/python3.9/site-packages/airflow/example_dags/example_latest_only.py
[2024-05-01T23:48:29.973-0500] {logging_mixin.py:188} INFO - [2024-05-01T23:48:29.973-0500] {dag.py:3096} INFO - Sync 1 DAGs
[2024-05-01T23:48:29.981-0500] {logging_mixin.py:188} INFO - [2024-05-01T23:48:29.980-0500] {dag.py:3954} INFO - Setting next_dagrun for latest_only to 2024-05-02 00:00:00+00:00, run_after=2024-05-02 04:00:00+00:00
[2024-05-01T23:48:29.988-0500] {processor.py:183} INFO - Processing /Users/nestoralfaro/Desktop/pbi-scenario-two/py_env/lib/python3.9/site-packages/airflow/example_dags/example_latest_only.py took 0.063 seconds
[2024-05-01T23:50:27.104-0500] {processor.py:161} INFO - Started process (PID=35591) to work on /Users/nestoralfaro/Desktop/pbi-scenario-two/py_env/lib/python3.9/site-packages/airflow/example_dags/example_latest_only.py
[2024-05-01T23:50:27.106-0500] {processor.py:830} INFO - Processing file /Users/nestoralfaro/Desktop/pbi-scenario-two/py_env/lib/python3.9/site-packages/airflow/example_dags/example_latest_only.py for tasks to queue
[2024-05-01T23:50:27.107-0500] {logging_mixin.py:188} INFO - [2024-05-01T23:50:27.107-0500] {dagbag.py:540} INFO - Filling up the DagBag from /Users/nestoralfaro/Desktop/pbi-scenario-two/py_env/lib/python3.9/site-packages/airflow/example_dags/example_latest_only.py
[2024-05-01T23:50:27.111-0500] {processor.py:840} INFO - DAG(s) 'latest_only' retrieved from /Users/nestoralfaro/Desktop/pbi-scenario-two/py_env/lib/python3.9/site-packages/airflow/example_dags/example_latest_only.py
[2024-05-01T23:50:27.153-0500] {logging_mixin.py:188} INFO - [2024-05-01T23:50:27.153-0500] {dag.py:3096} INFO - Sync 1 DAGs
[2024-05-01T23:50:27.162-0500] {logging_mixin.py:188} INFO - [2024-05-01T23:50:27.161-0500] {dag.py:3954} INFO - Setting next_dagrun for latest_only to 2024-05-02 00:00:00+00:00, run_after=2024-05-02 04:00:00+00:00
[2024-05-01T23:50:27.170-0500] {processor.py:183} INFO - Processing /Users/nestoralfaro/Desktop/pbi-scenario-two/py_env/lib/python3.9/site-packages/airflow/example_dags/example_latest_only.py took 0.067 seconds
[2024-05-01T23:52:19.937-0500] {processor.py:161} INFO - Started process (PID=35677) to work on /Users/nestoralfaro/Desktop/pbi-scenario-two/py_env/lib/python3.9/site-packages/airflow/example_dags/example_latest_only.py
[2024-05-01T23:52:19.939-0500] {processor.py:830} INFO - Processing file /Users/nestoralfaro/Desktop/pbi-scenario-two/py_env/lib/python3.9/site-packages/airflow/example_dags/example_latest_only.py for tasks to queue
[2024-05-01T23:52:19.939-0500] {logging_mixin.py:188} INFO - [2024-05-01T23:52:19.939-0500] {dagbag.py:540} INFO - Filling up the DagBag from /Users/nestoralfaro/Desktop/pbi-scenario-two/py_env/lib/python3.9/site-packages/airflow/example_dags/example_latest_only.py
[2024-05-01T23:52:19.942-0500] {processor.py:840} INFO - DAG(s) 'latest_only' retrieved from /Users/nestoralfaro/Desktop/pbi-scenario-two/py_env/lib/python3.9/site-packages/airflow/example_dags/example_latest_only.py
[2024-05-01T23:52:19.985-0500] {logging_mixin.py:188} INFO - [2024-05-01T23:52:19.985-0500] {dag.py:3096} INFO - Sync 1 DAGs
[2024-05-01T23:52:19.993-0500] {logging_mixin.py:188} INFO - [2024-05-01T23:52:19.993-0500] {dag.py:3954} INFO - Setting next_dagrun for latest_only to 2024-05-02 00:00:00+00:00, run_after=2024-05-02 04:00:00+00:00
[2024-05-01T23:52:20.000-0500] {processor.py:183} INFO - Processing /Users/nestoralfaro/Desktop/pbi-scenario-two/py_env/lib/python3.9/site-packages/airflow/example_dags/example_latest_only.py took 0.064 seconds
[2024-05-01T23:54:17.988-0500] {processor.py:161} INFO - Started process (PID=35745) to work on /Users/nestoralfaro/Desktop/pbi-scenario-two/py_env/lib/python3.9/site-packages/airflow/example_dags/example_latest_only.py
[2024-05-01T23:54:17.989-0500] {processor.py:830} INFO - Processing file /Users/nestoralfaro/Desktop/pbi-scenario-two/py_env/lib/python3.9/site-packages/airflow/example_dags/example_latest_only.py for tasks to queue
[2024-05-01T23:54:17.989-0500] {logging_mixin.py:188} INFO - [2024-05-01T23:54:17.989-0500] {dagbag.py:540} INFO - Filling up the DagBag from /Users/nestoralfaro/Desktop/pbi-scenario-two/py_env/lib/python3.9/site-packages/airflow/example_dags/example_latest_only.py
[2024-05-01T23:54:17.992-0500] {processor.py:840} INFO - DAG(s) 'latest_only' retrieved from /Users/nestoralfaro/Desktop/pbi-scenario-two/py_env/lib/python3.9/site-packages/airflow/example_dags/example_latest_only.py
[2024-05-01T23:54:18.035-0500] {logging_mixin.py:188} INFO - [2024-05-01T23:54:18.035-0500] {dag.py:3096} INFO - Sync 1 DAGs
[2024-05-01T23:54:18.043-0500] {logging_mixin.py:188} INFO - [2024-05-01T23:54:18.043-0500] {dag.py:3954} INFO - Setting next_dagrun for latest_only to 2024-05-02 00:00:00+00:00, run_after=2024-05-02 04:00:00+00:00
[2024-05-01T23:54:18.050-0500] {processor.py:183} INFO - Processing /Users/nestoralfaro/Desktop/pbi-scenario-two/py_env/lib/python3.9/site-packages/airflow/example_dags/example_latest_only.py took 0.064 seconds
[2024-05-01T23:56:10.520-0500] {processor.py:161} INFO - Started process (PID=35814) to work on /Users/nestoralfaro/Desktop/pbi-scenario-two/py_env/lib/python3.9/site-packages/airflow/example_dags/example_latest_only.py
[2024-05-01T23:56:10.521-0500] {processor.py:830} INFO - Processing file /Users/nestoralfaro/Desktop/pbi-scenario-two/py_env/lib/python3.9/site-packages/airflow/example_dags/example_latest_only.py for tasks to queue
[2024-05-01T23:56:10.522-0500] {logging_mixin.py:188} INFO - [2024-05-01T23:56:10.522-0500] {dagbag.py:540} INFO - Filling up the DagBag from /Users/nestoralfaro/Desktop/pbi-scenario-two/py_env/lib/python3.9/site-packages/airflow/example_dags/example_latest_only.py
[2024-05-01T23:56:10.525-0500] {processor.py:840} INFO - DAG(s) 'latest_only' retrieved from /Users/nestoralfaro/Desktop/pbi-scenario-two/py_env/lib/python3.9/site-packages/airflow/example_dags/example_latest_only.py
[2024-05-01T23:56:10.565-0500] {logging_mixin.py:188} INFO - [2024-05-01T23:56:10.565-0500] {dag.py:3096} INFO - Sync 1 DAGs
[2024-05-01T23:56:10.573-0500] {logging_mixin.py:188} INFO - [2024-05-01T23:56:10.573-0500] {dag.py:3954} INFO - Setting next_dagrun for latest_only to 2024-05-02 00:00:00+00:00, run_after=2024-05-02 04:00:00+00:00
[2024-05-01T23:56:10.580-0500] {processor.py:183} INFO - Processing /Users/nestoralfaro/Desktop/pbi-scenario-two/py_env/lib/python3.9/site-packages/airflow/example_dags/example_latest_only.py took 0.061 seconds
[2024-05-01T23:58:01.465-0500] {processor.py:161} INFO - Started process (PID=35883) to work on /Users/nestoralfaro/Desktop/pbi-scenario-two/py_env/lib/python3.9/site-packages/airflow/example_dags/example_latest_only.py
[2024-05-01T23:58:01.466-0500] {processor.py:830} INFO - Processing file /Users/nestoralfaro/Desktop/pbi-scenario-two/py_env/lib/python3.9/site-packages/airflow/example_dags/example_latest_only.py for tasks to queue
[2024-05-01T23:58:01.467-0500] {logging_mixin.py:188} INFO - [2024-05-01T23:58:01.467-0500] {dagbag.py:540} INFO - Filling up the DagBag from /Users/nestoralfaro/Desktop/pbi-scenario-two/py_env/lib/python3.9/site-packages/airflow/example_dags/example_latest_only.py
[2024-05-01T23:58:01.470-0500] {processor.py:840} INFO - DAG(s) 'latest_only' retrieved from /Users/nestoralfaro/Desktop/pbi-scenario-two/py_env/lib/python3.9/site-packages/airflow/example_dags/example_latest_only.py
[2024-05-01T23:58:01.511-0500] {logging_mixin.py:188} INFO - [2024-05-01T23:58:01.511-0500] {dag.py:3096} INFO - Sync 1 DAGs
[2024-05-01T23:58:01.519-0500] {logging_mixin.py:188} INFO - [2024-05-01T23:58:01.519-0500] {dag.py:3954} INFO - Setting next_dagrun for latest_only to 2024-05-02 00:00:00+00:00, run_after=2024-05-02 04:00:00+00:00
[2024-05-01T23:58:01.526-0500] {processor.py:183} INFO - Processing /Users/nestoralfaro/Desktop/pbi-scenario-two/py_env/lib/python3.9/site-packages/airflow/example_dags/example_latest_only.py took 0.062 seconds
[2024-05-01T23:59:53.132-0500] {processor.py:161} INFO - Started process (PID=35953) to work on /Users/nestoralfaro/Desktop/pbi-scenario-two/py_env/lib/python3.9/site-packages/airflow/example_dags/example_latest_only.py
[2024-05-01T23:59:53.133-0500] {processor.py:830} INFO - Processing file /Users/nestoralfaro/Desktop/pbi-scenario-two/py_env/lib/python3.9/site-packages/airflow/example_dags/example_latest_only.py for tasks to queue
[2024-05-01T23:59:53.133-0500] {logging_mixin.py:188} INFO - [2024-05-01T23:59:53.133-0500] {dagbag.py:540} INFO - Filling up the DagBag from /Users/nestoralfaro/Desktop/pbi-scenario-two/py_env/lib/python3.9/site-packages/airflow/example_dags/example_latest_only.py
[2024-05-01T23:59:53.136-0500] {processor.py:840} INFO - DAG(s) 'latest_only' retrieved from /Users/nestoralfaro/Desktop/pbi-scenario-two/py_env/lib/python3.9/site-packages/airflow/example_dags/example_latest_only.py
[2024-05-01T23:59:53.176-0500] {logging_mixin.py:188} INFO - [2024-05-01T23:59:53.176-0500] {dag.py:3096} INFO - Sync 1 DAGs
[2024-05-01T23:59:53.184-0500] {logging_mixin.py:188} INFO - [2024-05-01T23:59:53.184-0500] {dag.py:3954} INFO - Setting next_dagrun for latest_only to 2024-05-02 00:00:00+00:00, run_after=2024-05-02 04:00:00+00:00
[2024-05-01T23:59:53.191-0500] {processor.py:183} INFO - Processing /Users/nestoralfaro/Desktop/pbi-scenario-two/py_env/lib/python3.9/site-packages/airflow/example_dags/example_latest_only.py took 0.060 seconds
[2024-05-02T00:01:46.175-0500] {processor.py:161} INFO - Started process (PID=36052) to work on /Users/nestoralfaro/Desktop/pbi-scenario-two/py_env/lib/python3.9/site-packages/airflow/example_dags/example_latest_only.py
[2024-05-02T00:01:46.177-0500] {processor.py:830} INFO - Processing file /Users/nestoralfaro/Desktop/pbi-scenario-two/py_env/lib/python3.9/site-packages/airflow/example_dags/example_latest_only.py for tasks to queue
[2024-05-02T00:01:46.177-0500] {logging_mixin.py:188} INFO - [2024-05-02T00:01:46.177-0500] {dagbag.py:540} INFO - Filling up the DagBag from /Users/nestoralfaro/Desktop/pbi-scenario-two/py_env/lib/python3.9/site-packages/airflow/example_dags/example_latest_only.py
[2024-05-02T00:01:46.181-0500] {processor.py:840} INFO - DAG(s) 'latest_only' retrieved from /Users/nestoralfaro/Desktop/pbi-scenario-two/py_env/lib/python3.9/site-packages/airflow/example_dags/example_latest_only.py
[2024-05-02T00:01:46.224-0500] {logging_mixin.py:188} INFO - [2024-05-02T00:01:46.224-0500] {dag.py:3096} INFO - Sync 1 DAGs
[2024-05-02T00:01:46.232-0500] {logging_mixin.py:188} INFO - [2024-05-02T00:01:46.232-0500] {dag.py:3954} INFO - Setting next_dagrun for latest_only to 2024-05-02 00:00:00+00:00, run_after=2024-05-02 04:00:00+00:00
[2024-05-02T00:01:46.241-0500] {processor.py:183} INFO - Processing /Users/nestoralfaro/Desktop/pbi-scenario-two/py_env/lib/python3.9/site-packages/airflow/example_dags/example_latest_only.py took 0.068 seconds
[2024-05-02T00:03:44.284-0500] {processor.py:161} INFO - Started process (PID=36133) to work on /Users/nestoralfaro/Desktop/pbi-scenario-two/py_env/lib/python3.9/site-packages/airflow/example_dags/example_latest_only.py
[2024-05-02T00:03:44.286-0500] {processor.py:830} INFO - Processing file /Users/nestoralfaro/Desktop/pbi-scenario-two/py_env/lib/python3.9/site-packages/airflow/example_dags/example_latest_only.py for tasks to queue
[2024-05-02T00:03:44.287-0500] {logging_mixin.py:188} INFO - [2024-05-02T00:03:44.286-0500] {dagbag.py:540} INFO - Filling up the DagBag from /Users/nestoralfaro/Desktop/pbi-scenario-two/py_env/lib/python3.9/site-packages/airflow/example_dags/example_latest_only.py
[2024-05-02T00:03:44.290-0500] {processor.py:840} INFO - DAG(s) 'latest_only' retrieved from /Users/nestoralfaro/Desktop/pbi-scenario-two/py_env/lib/python3.9/site-packages/airflow/example_dags/example_latest_only.py
[2024-05-02T00:03:44.330-0500] {logging_mixin.py:188} INFO - [2024-05-02T00:03:44.330-0500] {dag.py:3096} INFO - Sync 1 DAGs
[2024-05-02T00:03:44.337-0500] {logging_mixin.py:188} INFO - [2024-05-02T00:03:44.337-0500] {dag.py:3954} INFO - Setting next_dagrun for latest_only to 2024-05-02 00:00:00+00:00, run_after=2024-05-02 04:00:00+00:00
[2024-05-02T00:03:44.344-0500] {processor.py:183} INFO - Processing /Users/nestoralfaro/Desktop/pbi-scenario-two/py_env/lib/python3.9/site-packages/airflow/example_dags/example_latest_only.py took 0.061 seconds
[2024-05-02T00:05:37.378-0500] {processor.py:161} INFO - Started process (PID=36207) to work on /Users/nestoralfaro/Desktop/pbi-scenario-two/py_env/lib/python3.9/site-packages/airflow/example_dags/example_latest_only.py
[2024-05-02T00:05:37.380-0500] {processor.py:830} INFO - Processing file /Users/nestoralfaro/Desktop/pbi-scenario-two/py_env/lib/python3.9/site-packages/airflow/example_dags/example_latest_only.py for tasks to queue
[2024-05-02T00:05:37.380-0500] {logging_mixin.py:188} INFO - [2024-05-02T00:05:37.380-0500] {dagbag.py:540} INFO - Filling up the DagBag from /Users/nestoralfaro/Desktop/pbi-scenario-two/py_env/lib/python3.9/site-packages/airflow/example_dags/example_latest_only.py
[2024-05-02T00:05:37.383-0500] {processor.py:840} INFO - DAG(s) 'latest_only' retrieved from /Users/nestoralfaro/Desktop/pbi-scenario-two/py_env/lib/python3.9/site-packages/airflow/example_dags/example_latest_only.py
[2024-05-02T00:05:37.426-0500] {logging_mixin.py:188} INFO - [2024-05-02T00:05:37.426-0500] {dag.py:3096} INFO - Sync 1 DAGs
[2024-05-02T00:05:37.434-0500] {logging_mixin.py:188} INFO - [2024-05-02T00:05:37.434-0500] {dag.py:3954} INFO - Setting next_dagrun for latest_only to 2024-05-02 00:00:00+00:00, run_after=2024-05-02 04:00:00+00:00
[2024-05-02T00:05:37.442-0500] {processor.py:183} INFO - Processing /Users/nestoralfaro/Desktop/pbi-scenario-two/py_env/lib/python3.9/site-packages/airflow/example_dags/example_latest_only.py took 0.066 seconds
[2024-05-02T00:07:26.198-0500] {processor.py:161} INFO - Started process (PID=36292) to work on /Users/nestoralfaro/Desktop/pbi-scenario-two/py_env/lib/python3.9/site-packages/airflow/example_dags/example_latest_only.py
[2024-05-02T00:07:26.200-0500] {processor.py:830} INFO - Processing file /Users/nestoralfaro/Desktop/pbi-scenario-two/py_env/lib/python3.9/site-packages/airflow/example_dags/example_latest_only.py for tasks to queue
[2024-05-02T00:07:26.201-0500] {logging_mixin.py:188} INFO - [2024-05-02T00:07:26.200-0500] {dagbag.py:540} INFO - Filling up the DagBag from /Users/nestoralfaro/Desktop/pbi-scenario-two/py_env/lib/python3.9/site-packages/airflow/example_dags/example_latest_only.py
[2024-05-02T00:07:26.204-0500] {processor.py:840} INFO - DAG(s) 'latest_only' retrieved from /Users/nestoralfaro/Desktop/pbi-scenario-two/py_env/lib/python3.9/site-packages/airflow/example_dags/example_latest_only.py
[2024-05-02T00:07:26.245-0500] {logging_mixin.py:188} INFO - [2024-05-02T00:07:26.245-0500] {dag.py:3096} INFO - Sync 1 DAGs
[2024-05-02T00:07:26.252-0500] {logging_mixin.py:188} INFO - [2024-05-02T00:07:26.252-0500] {dag.py:3954} INFO - Setting next_dagrun for latest_only to 2024-05-02 00:00:00+00:00, run_after=2024-05-02 04:00:00+00:00
[2024-05-02T00:07:26.260-0500] {processor.py:183} INFO - Processing /Users/nestoralfaro/Desktop/pbi-scenario-two/py_env/lib/python3.9/site-packages/airflow/example_dags/example_latest_only.py took 0.063 seconds
[2024-05-02T00:09:19.258-0500] {processor.py:161} INFO - Started process (PID=36361) to work on /Users/nestoralfaro/Desktop/pbi-scenario-two/py_env/lib/python3.9/site-packages/airflow/example_dags/example_latest_only.py
[2024-05-02T00:09:19.260-0500] {processor.py:830} INFO - Processing file /Users/nestoralfaro/Desktop/pbi-scenario-two/py_env/lib/python3.9/site-packages/airflow/example_dags/example_latest_only.py for tasks to queue
[2024-05-02T00:09:19.260-0500] {logging_mixin.py:188} INFO - [2024-05-02T00:09:19.260-0500] {dagbag.py:540} INFO - Filling up the DagBag from /Users/nestoralfaro/Desktop/pbi-scenario-two/py_env/lib/python3.9/site-packages/airflow/example_dags/example_latest_only.py
[2024-05-02T00:09:19.264-0500] {processor.py:840} INFO - DAG(s) 'latest_only' retrieved from /Users/nestoralfaro/Desktop/pbi-scenario-two/py_env/lib/python3.9/site-packages/airflow/example_dags/example_latest_only.py
[2024-05-02T00:09:19.304-0500] {logging_mixin.py:188} INFO - [2024-05-02T00:09:19.304-0500] {dag.py:3096} INFO - Sync 1 DAGs
[2024-05-02T00:09:19.311-0500] {logging_mixin.py:188} INFO - [2024-05-02T00:09:19.311-0500] {dag.py:3954} INFO - Setting next_dagrun for latest_only to 2024-05-02 00:00:00+00:00, run_after=2024-05-02 04:00:00+00:00
[2024-05-02T00:09:19.318-0500] {processor.py:183} INFO - Processing /Users/nestoralfaro/Desktop/pbi-scenario-two/py_env/lib/python3.9/site-packages/airflow/example_dags/example_latest_only.py took 0.061 seconds
[2024-05-02T00:11:55.067-0500] {processor.py:161} INFO - Started process (PID=36472) to work on /Users/nestoralfaro/Desktop/pbi-scenario-two/py_env/lib/python3.9/site-packages/airflow/example_dags/example_latest_only.py
[2024-05-02T00:11:55.069-0500] {processor.py:830} INFO - Processing file /Users/nestoralfaro/Desktop/pbi-scenario-two/py_env/lib/python3.9/site-packages/airflow/example_dags/example_latest_only.py for tasks to queue
[2024-05-02T00:11:55.070-0500] {logging_mixin.py:188} INFO - [2024-05-02T00:11:55.070-0500] {dagbag.py:540} INFO - Filling up the DagBag from /Users/nestoralfaro/Desktop/pbi-scenario-two/py_env/lib/python3.9/site-packages/airflow/example_dags/example_latest_only.py
[2024-05-02T00:11:55.073-0500] {processor.py:840} INFO - DAG(s) 'latest_only' retrieved from /Users/nestoralfaro/Desktop/pbi-scenario-two/py_env/lib/python3.9/site-packages/airflow/example_dags/example_latest_only.py
[2024-05-02T00:11:55.113-0500] {logging_mixin.py:188} INFO - [2024-05-02T00:11:55.113-0500] {dag.py:3096} INFO - Sync 1 DAGs
[2024-05-02T00:11:55.120-0500] {logging_mixin.py:188} INFO - [2024-05-02T00:11:55.120-0500] {dag.py:3954} INFO - Setting next_dagrun for latest_only to 2024-05-02 00:00:00+00:00, run_after=2024-05-02 04:00:00+00:00
[2024-05-02T00:11:55.127-0500] {processor.py:183} INFO - Processing /Users/nestoralfaro/Desktop/pbi-scenario-two/py_env/lib/python3.9/site-packages/airflow/example_dags/example_latest_only.py took 0.061 seconds
[2024-05-02T00:13:48.267-0500] {processor.py:161} INFO - Started process (PID=36556) to work on /Users/nestoralfaro/Desktop/pbi-scenario-two/py_env/lib/python3.9/site-packages/airflow/example_dags/example_latest_only.py
[2024-05-02T00:13:48.269-0500] {processor.py:830} INFO - Processing file /Users/nestoralfaro/Desktop/pbi-scenario-two/py_env/lib/python3.9/site-packages/airflow/example_dags/example_latest_only.py for tasks to queue
[2024-05-02T00:13:48.269-0500] {logging_mixin.py:188} INFO - [2024-05-02T00:13:48.269-0500] {dagbag.py:540} INFO - Filling up the DagBag from /Users/nestoralfaro/Desktop/pbi-scenario-two/py_env/lib/python3.9/site-packages/airflow/example_dags/example_latest_only.py
[2024-05-02T00:13:48.273-0500] {processor.py:840} INFO - DAG(s) 'latest_only' retrieved from /Users/nestoralfaro/Desktop/pbi-scenario-two/py_env/lib/python3.9/site-packages/airflow/example_dags/example_latest_only.py
[2024-05-02T00:13:48.315-0500] {logging_mixin.py:188} INFO - [2024-05-02T00:13:48.315-0500] {dag.py:3096} INFO - Sync 1 DAGs
[2024-05-02T00:13:48.324-0500] {logging_mixin.py:188} INFO - [2024-05-02T00:13:48.324-0500] {dag.py:3954} INFO - Setting next_dagrun for latest_only to 2024-05-02 00:00:00+00:00, run_after=2024-05-02 04:00:00+00:00
[2024-05-02T00:13:48.333-0500] {processor.py:183} INFO - Processing /Users/nestoralfaro/Desktop/pbi-scenario-two/py_env/lib/python3.9/site-packages/airflow/example_dags/example_latest_only.py took 0.067 seconds
[2024-05-02T00:15:48.545-0500] {processor.py:161} INFO - Started process (PID=36637) to work on /Users/nestoralfaro/Desktop/pbi-scenario-two/py_env/lib/python3.9/site-packages/airflow/example_dags/example_latest_only.py
[2024-05-02T00:15:48.547-0500] {processor.py:830} INFO - Processing file /Users/nestoralfaro/Desktop/pbi-scenario-two/py_env/lib/python3.9/site-packages/airflow/example_dags/example_latest_only.py for tasks to queue
[2024-05-02T00:15:48.548-0500] {logging_mixin.py:188} INFO - [2024-05-02T00:15:48.548-0500] {dagbag.py:540} INFO - Filling up the DagBag from /Users/nestoralfaro/Desktop/pbi-scenario-two/py_env/lib/python3.9/site-packages/airflow/example_dags/example_latest_only.py
[2024-05-02T00:15:48.551-0500] {processor.py:840} INFO - DAG(s) 'latest_only' retrieved from /Users/nestoralfaro/Desktop/pbi-scenario-two/py_env/lib/python3.9/site-packages/airflow/example_dags/example_latest_only.py
[2024-05-02T00:15:48.594-0500] {logging_mixin.py:188} INFO - [2024-05-02T00:15:48.593-0500] {dag.py:3096} INFO - Sync 1 DAGs
[2024-05-02T00:15:48.601-0500] {logging_mixin.py:188} INFO - [2024-05-02T00:15:48.601-0500] {dag.py:3954} INFO - Setting next_dagrun for latest_only to 2024-05-02 00:00:00+00:00, run_after=2024-05-02 04:00:00+00:00
[2024-05-02T00:15:48.609-0500] {processor.py:183} INFO - Processing /Users/nestoralfaro/Desktop/pbi-scenario-two/py_env/lib/python3.9/site-packages/airflow/example_dags/example_latest_only.py took 0.065 seconds
[2024-05-02T00:17:44.627-0500] {processor.py:161} INFO - Started process (PID=36713) to work on /Users/nestoralfaro/Desktop/pbi-scenario-two/py_env/lib/python3.9/site-packages/airflow/example_dags/example_latest_only.py
[2024-05-02T00:17:44.628-0500] {processor.py:830} INFO - Processing file /Users/nestoralfaro/Desktop/pbi-scenario-two/py_env/lib/python3.9/site-packages/airflow/example_dags/example_latest_only.py for tasks to queue
[2024-05-02T00:17:44.628-0500] {logging_mixin.py:188} INFO - [2024-05-02T00:17:44.628-0500] {dagbag.py:540} INFO - Filling up the DagBag from /Users/nestoralfaro/Desktop/pbi-scenario-two/py_env/lib/python3.9/site-packages/airflow/example_dags/example_latest_only.py
[2024-05-02T00:17:44.633-0500] {processor.py:840} INFO - DAG(s) 'latest_only' retrieved from /Users/nestoralfaro/Desktop/pbi-scenario-two/py_env/lib/python3.9/site-packages/airflow/example_dags/example_latest_only.py
[2024-05-02T00:17:44.677-0500] {logging_mixin.py:188} INFO - [2024-05-02T00:17:44.677-0500] {dag.py:3096} INFO - Sync 1 DAGs
[2024-05-02T00:17:44.686-0500] {logging_mixin.py:188} INFO - [2024-05-02T00:17:44.686-0500] {dag.py:3954} INFO - Setting next_dagrun for latest_only to 2024-05-02 00:00:00+00:00, run_after=2024-05-02 04:00:00+00:00
[2024-05-02T00:17:44.694-0500] {processor.py:183} INFO - Processing /Users/nestoralfaro/Desktop/pbi-scenario-two/py_env/lib/python3.9/site-packages/airflow/example_dags/example_latest_only.py took 0.068 seconds
[2024-05-02T00:19:39.719-0500] {processor.py:161} INFO - Started process (PID=36822) to work on /Users/nestoralfaro/Desktop/pbi-scenario-two/py_env/lib/python3.9/site-packages/airflow/example_dags/example_latest_only.py
[2024-05-02T00:19:39.721-0500] {processor.py:830} INFO - Processing file /Users/nestoralfaro/Desktop/pbi-scenario-two/py_env/lib/python3.9/site-packages/airflow/example_dags/example_latest_only.py for tasks to queue
[2024-05-02T00:19:39.721-0500] {logging_mixin.py:188} INFO - [2024-05-02T00:19:39.721-0500] {dagbag.py:540} INFO - Filling up the DagBag from /Users/nestoralfaro/Desktop/pbi-scenario-two/py_env/lib/python3.9/site-packages/airflow/example_dags/example_latest_only.py
[2024-05-02T00:19:39.725-0500] {processor.py:840} INFO - DAG(s) 'latest_only' retrieved from /Users/nestoralfaro/Desktop/pbi-scenario-two/py_env/lib/python3.9/site-packages/airflow/example_dags/example_latest_only.py
[2024-05-02T00:19:39.765-0500] {logging_mixin.py:188} INFO - [2024-05-02T00:19:39.765-0500] {dag.py:3096} INFO - Sync 1 DAGs
[2024-05-02T00:19:39.773-0500] {logging_mixin.py:188} INFO - [2024-05-02T00:19:39.773-0500] {dag.py:3954} INFO - Setting next_dagrun for latest_only to 2024-05-02 00:00:00+00:00, run_after=2024-05-02 04:00:00+00:00
[2024-05-02T00:19:39.780-0500] {processor.py:183} INFO - Processing /Users/nestoralfaro/Desktop/pbi-scenario-two/py_env/lib/python3.9/site-packages/airflow/example_dags/example_latest_only.py took 0.062 seconds
[2024-05-02T00:21:36.568-0500] {processor.py:161} INFO - Started process (PID=36893) to work on /Users/nestoralfaro/Desktop/pbi-scenario-two/py_env/lib/python3.9/site-packages/airflow/example_dags/example_latest_only.py
[2024-05-02T00:21:36.569-0500] {processor.py:830} INFO - Processing file /Users/nestoralfaro/Desktop/pbi-scenario-two/py_env/lib/python3.9/site-packages/airflow/example_dags/example_latest_only.py for tasks to queue
[2024-05-02T00:21:36.569-0500] {logging_mixin.py:188} INFO - [2024-05-02T00:21:36.569-0500] {dagbag.py:540} INFO - Filling up the DagBag from /Users/nestoralfaro/Desktop/pbi-scenario-two/py_env/lib/python3.9/site-packages/airflow/example_dags/example_latest_only.py
[2024-05-02T00:21:36.573-0500] {processor.py:840} INFO - DAG(s) 'latest_only' retrieved from /Users/nestoralfaro/Desktop/pbi-scenario-two/py_env/lib/python3.9/site-packages/airflow/example_dags/example_latest_only.py
[2024-05-02T00:21:36.616-0500] {logging_mixin.py:188} INFO - [2024-05-02T00:21:36.616-0500] {dag.py:3096} INFO - Sync 1 DAGs
[2024-05-02T00:21:36.624-0500] {logging_mixin.py:188} INFO - [2024-05-02T00:21:36.624-0500] {dag.py:3954} INFO - Setting next_dagrun for latest_only to 2024-05-02 00:00:00+00:00, run_after=2024-05-02 04:00:00+00:00
[2024-05-02T00:21:36.632-0500] {processor.py:183} INFO - Processing /Users/nestoralfaro/Desktop/pbi-scenario-two/py_env/lib/python3.9/site-packages/airflow/example_dags/example_latest_only.py took 0.065 seconds
[2024-05-02T00:23:29.110-0500] {processor.py:161} INFO - Started process (PID=37005) to work on /Users/nestoralfaro/Desktop/pbi-scenario-two/py_env/lib/python3.9/site-packages/airflow/example_dags/example_latest_only.py
[2024-05-02T00:23:29.112-0500] {processor.py:830} INFO - Processing file /Users/nestoralfaro/Desktop/pbi-scenario-two/py_env/lib/python3.9/site-packages/airflow/example_dags/example_latest_only.py for tasks to queue
[2024-05-02T00:23:29.112-0500] {logging_mixin.py:188} INFO - [2024-05-02T00:23:29.112-0500] {dagbag.py:540} INFO - Filling up the DagBag from /Users/nestoralfaro/Desktop/pbi-scenario-two/py_env/lib/python3.9/site-packages/airflow/example_dags/example_latest_only.py
[2024-05-02T00:23:29.116-0500] {processor.py:840} INFO - DAG(s) 'latest_only' retrieved from /Users/nestoralfaro/Desktop/pbi-scenario-two/py_env/lib/python3.9/site-packages/airflow/example_dags/example_latest_only.py
[2024-05-02T00:23:29.156-0500] {logging_mixin.py:188} INFO - [2024-05-02T00:23:29.156-0500] {dag.py:3096} INFO - Sync 1 DAGs
[2024-05-02T00:23:29.165-0500] {logging_mixin.py:188} INFO - [2024-05-02T00:23:29.165-0500] {dag.py:3954} INFO - Setting next_dagrun for latest_only to 2024-05-02 00:00:00+00:00, run_after=2024-05-02 04:00:00+00:00
[2024-05-02T00:23:29.172-0500] {processor.py:183} INFO - Processing /Users/nestoralfaro/Desktop/pbi-scenario-two/py_env/lib/python3.9/site-packages/airflow/example_dags/example_latest_only.py took 0.064 seconds
