[2024-05-01T23:30:36.470-0500] {processor.py:161} INFO - Started process (PID=34756) to work on /Users/nestoralfaro/Desktop/pbi-scenario-two/py_env/lib/python3.9/site-packages/airflow/example_dags/example_short_circuit_operator.py
[2024-05-01T23:30:36.472-0500] {processor.py:830} INFO - Processing file /Users/nestoralfaro/Desktop/pbi-scenario-two/py_env/lib/python3.9/site-packages/airflow/example_dags/example_short_circuit_operator.py for tasks to queue
[2024-05-01T23:30:36.472-0500] {logging_mixin.py:188} INFO - [2024-05-01T23:30:36.472-0500] {dagbag.py:540} INFO - Filling up the DagBag from /Users/nestoralfaro/Desktop/pbi-scenario-two/py_env/lib/python3.9/site-packages/airflow/example_dags/example_short_circuit_operator.py
[2024-05-01T23:30:36.485-0500] {processor.py:840} INFO - DAG(s) 'example_short_circuit_operator' retrieved from /Users/nestoralfaro/Desktop/pbi-scenario-two/py_env/lib/python3.9/site-packages/airflow/example_dags/example_short_circuit_operator.py
[2024-05-01T23:30:36.589-0500] {logging_mixin.py:188} INFO - [2024-05-01T23:30:36.589-0500] {dag.py:3096} INFO - Sync 1 DAGs
[2024-05-01T23:30:36.597-0500] {logging_mixin.py:188} INFO - [2024-05-01T23:30:36.597-0500] {dag.py:3954} INFO - Setting next_dagrun for example_short_circuit_operator to 2024-05-01 00:00:00+00:00, run_after=2024-05-02 00:00:00+00:00
[2024-05-01T23:30:36.606-0500] {processor.py:183} INFO - Processing /Users/nestoralfaro/Desktop/pbi-scenario-two/py_env/lib/python3.9/site-packages/airflow/example_dags/example_short_circuit_operator.py took 0.138 seconds
[2024-05-01T23:32:12.026-0500] {processor.py:161} INFO - Started process (PID=34831) to work on /Users/nestoralfaro/Desktop/pbi-scenario-two/py_env/lib/python3.9/site-packages/airflow/example_dags/example_short_circuit_operator.py
[2024-05-01T23:32:12.028-0500] {processor.py:830} INFO - Processing file /Users/nestoralfaro/Desktop/pbi-scenario-two/py_env/lib/python3.9/site-packages/airflow/example_dags/example_short_circuit_operator.py for tasks to queue
[2024-05-01T23:32:12.028-0500] {logging_mixin.py:188} INFO - [2024-05-01T23:32:12.028-0500] {dagbag.py:540} INFO - Filling up the DagBag from /Users/nestoralfaro/Desktop/pbi-scenario-two/py_env/lib/python3.9/site-packages/airflow/example_dags/example_short_circuit_operator.py
[2024-05-01T23:32:12.040-0500] {processor.py:840} INFO - DAG(s) 'example_short_circuit_operator' retrieved from /Users/nestoralfaro/Desktop/pbi-scenario-two/py_env/lib/python3.9/site-packages/airflow/example_dags/example_short_circuit_operator.py
[2024-05-01T23:32:12.081-0500] {logging_mixin.py:188} INFO - [2024-05-01T23:32:12.081-0500] {dag.py:3096} INFO - Sync 1 DAGs
[2024-05-01T23:32:12.112-0500] {logging_mixin.py:188} INFO - [2024-05-01T23:32:12.112-0500] {dag.py:3954} INFO - Setting next_dagrun for example_short_circuit_operator to 2024-05-01 00:00:00+00:00, run_after=2024-05-02 00:00:00+00:00
[2024-05-01T23:32:12.119-0500] {processor.py:183} INFO - Processing /Users/nestoralfaro/Desktop/pbi-scenario-two/py_env/lib/python3.9/site-packages/airflow/example_dags/example_short_circuit_operator.py took 0.094 seconds
[2024-05-01T23:34:11.312-0500] {processor.py:161} INFO - Started process (PID=34916) to work on /Users/nestoralfaro/Desktop/pbi-scenario-two/py_env/lib/python3.9/site-packages/airflow/example_dags/example_short_circuit_operator.py
[2024-05-01T23:34:11.313-0500] {processor.py:830} INFO - Processing file /Users/nestoralfaro/Desktop/pbi-scenario-two/py_env/lib/python3.9/site-packages/airflow/example_dags/example_short_circuit_operator.py for tasks to queue
[2024-05-01T23:34:11.314-0500] {logging_mixin.py:188} INFO - [2024-05-01T23:34:11.314-0500] {dagbag.py:540} INFO - Filling up the DagBag from /Users/nestoralfaro/Desktop/pbi-scenario-two/py_env/lib/python3.9/site-packages/airflow/example_dags/example_short_circuit_operator.py
[2024-05-01T23:34:11.326-0500] {processor.py:840} INFO - DAG(s) 'example_short_circuit_operator' retrieved from /Users/nestoralfaro/Desktop/pbi-scenario-two/py_env/lib/python3.9/site-packages/airflow/example_dags/example_short_circuit_operator.py
[2024-05-01T23:34:11.371-0500] {logging_mixin.py:188} INFO - [2024-05-01T23:34:11.370-0500] {dag.py:3096} INFO - Sync 1 DAGs
[2024-05-01T23:34:11.404-0500] {logging_mixin.py:188} INFO - [2024-05-01T23:34:11.404-0500] {dag.py:3954} INFO - Setting next_dagrun for example_short_circuit_operator to 2024-05-01 00:00:00+00:00, run_after=2024-05-02 00:00:00+00:00
[2024-05-01T23:34:11.412-0500] {processor.py:183} INFO - Processing /Users/nestoralfaro/Desktop/pbi-scenario-two/py_env/lib/python3.9/site-packages/airflow/example_dags/example_short_circuit_operator.py took 0.102 seconds
[2024-05-01T23:36:06.641-0500] {processor.py:161} INFO - Started process (PID=34986) to work on /Users/nestoralfaro/Desktop/pbi-scenario-two/py_env/lib/python3.9/site-packages/airflow/example_dags/example_short_circuit_operator.py
[2024-05-01T23:36:06.642-0500] {processor.py:830} INFO - Processing file /Users/nestoralfaro/Desktop/pbi-scenario-two/py_env/lib/python3.9/site-packages/airflow/example_dags/example_short_circuit_operator.py for tasks to queue
[2024-05-01T23:36:06.642-0500] {logging_mixin.py:188} INFO - [2024-05-01T23:36:06.642-0500] {dagbag.py:540} INFO - Filling up the DagBag from /Users/nestoralfaro/Desktop/pbi-scenario-two/py_env/lib/python3.9/site-packages/airflow/example_dags/example_short_circuit_operator.py
[2024-05-01T23:36:06.654-0500] {processor.py:840} INFO - DAG(s) 'example_short_circuit_operator' retrieved from /Users/nestoralfaro/Desktop/pbi-scenario-two/py_env/lib/python3.9/site-packages/airflow/example_dags/example_short_circuit_operator.py
[2024-05-01T23:36:06.698-0500] {logging_mixin.py:188} INFO - [2024-05-01T23:36:06.698-0500] {dag.py:3096} INFO - Sync 1 DAGs
[2024-05-01T23:36:06.731-0500] {logging_mixin.py:188} INFO - [2024-05-01T23:36:06.731-0500] {dag.py:3954} INFO - Setting next_dagrun for example_short_circuit_operator to 2024-05-01 00:00:00+00:00, run_after=2024-05-02 00:00:00+00:00
[2024-05-01T23:36:06.739-0500] {processor.py:183} INFO - Processing /Users/nestoralfaro/Desktop/pbi-scenario-two/py_env/lib/python3.9/site-packages/airflow/example_dags/example_short_circuit_operator.py took 0.100 seconds
[2024-05-01T23:38:01.321-0500] {processor.py:161} INFO - Started process (PID=35055) to work on /Users/nestoralfaro/Desktop/pbi-scenario-two/py_env/lib/python3.9/site-packages/airflow/example_dags/example_short_circuit_operator.py
[2024-05-01T23:38:01.323-0500] {processor.py:830} INFO - Processing file /Users/nestoralfaro/Desktop/pbi-scenario-two/py_env/lib/python3.9/site-packages/airflow/example_dags/example_short_circuit_operator.py for tasks to queue
[2024-05-01T23:38:01.324-0500] {logging_mixin.py:188} INFO - [2024-05-01T23:38:01.324-0500] {dagbag.py:540} INFO - Filling up the DagBag from /Users/nestoralfaro/Desktop/pbi-scenario-two/py_env/lib/python3.9/site-packages/airflow/example_dags/example_short_circuit_operator.py
[2024-05-01T23:38:01.336-0500] {processor.py:840} INFO - DAG(s) 'example_short_circuit_operator' retrieved from /Users/nestoralfaro/Desktop/pbi-scenario-two/py_env/lib/python3.9/site-packages/airflow/example_dags/example_short_circuit_operator.py
[2024-05-01T23:38:01.380-0500] {logging_mixin.py:188} INFO - [2024-05-01T23:38:01.380-0500] {dag.py:3096} INFO - Sync 1 DAGs
[2024-05-01T23:38:01.413-0500] {logging_mixin.py:188} INFO - [2024-05-01T23:38:01.413-0500] {dag.py:3954} INFO - Setting next_dagrun for example_short_circuit_operator to 2024-05-01 00:00:00+00:00, run_after=2024-05-02 00:00:00+00:00
[2024-05-01T23:38:01.421-0500] {processor.py:183} INFO - Processing /Users/nestoralfaro/Desktop/pbi-scenario-two/py_env/lib/python3.9/site-packages/airflow/example_dags/example_short_circuit_operator.py took 0.101 seconds
[2024-05-01T23:39:55.019-0500] {processor.py:161} INFO - Started process (PID=35133) to work on /Users/nestoralfaro/Desktop/pbi-scenario-two/py_env/lib/python3.9/site-packages/airflow/example_dags/example_short_circuit_operator.py
[2024-05-01T23:39:55.020-0500] {processor.py:830} INFO - Processing file /Users/nestoralfaro/Desktop/pbi-scenario-two/py_env/lib/python3.9/site-packages/airflow/example_dags/example_short_circuit_operator.py for tasks to queue
[2024-05-01T23:39:55.021-0500] {logging_mixin.py:188} INFO - [2024-05-01T23:39:55.021-0500] {dagbag.py:540} INFO - Filling up the DagBag from /Users/nestoralfaro/Desktop/pbi-scenario-two/py_env/lib/python3.9/site-packages/airflow/example_dags/example_short_circuit_operator.py
[2024-05-01T23:39:55.034-0500] {processor.py:840} INFO - DAG(s) 'example_short_circuit_operator' retrieved from /Users/nestoralfaro/Desktop/pbi-scenario-two/py_env/lib/python3.9/site-packages/airflow/example_dags/example_short_circuit_operator.py
[2024-05-01T23:39:55.080-0500] {logging_mixin.py:188} INFO - [2024-05-01T23:39:55.080-0500] {dag.py:3096} INFO - Sync 1 DAGs
[2024-05-01T23:39:55.111-0500] {logging_mixin.py:188} INFO - [2024-05-01T23:39:55.111-0500] {dag.py:3954} INFO - Setting next_dagrun for example_short_circuit_operator to 2024-05-01 00:00:00+00:00, run_after=2024-05-02 00:00:00+00:00
[2024-05-01T23:39:55.119-0500] {processor.py:183} INFO - Processing /Users/nestoralfaro/Desktop/pbi-scenario-two/py_env/lib/python3.9/site-packages/airflow/example_dags/example_short_circuit_operator.py took 0.101 seconds
[2024-05-01T23:42:22.089-0500] {processor.py:161} INFO - Started process (PID=35265) to work on /Users/nestoralfaro/Desktop/pbi-scenario-two/py_env/lib/python3.9/site-packages/airflow/example_dags/example_short_circuit_operator.py
[2024-05-01T23:42:22.091-0500] {processor.py:830} INFO - Processing file /Users/nestoralfaro/Desktop/pbi-scenario-two/py_env/lib/python3.9/site-packages/airflow/example_dags/example_short_circuit_operator.py for tasks to queue
[2024-05-01T23:42:22.091-0500] {logging_mixin.py:188} INFO - [2024-05-01T23:42:22.091-0500] {dagbag.py:540} INFO - Filling up the DagBag from /Users/nestoralfaro/Desktop/pbi-scenario-two/py_env/lib/python3.9/site-packages/airflow/example_dags/example_short_circuit_operator.py
[2024-05-01T23:42:22.103-0500] {processor.py:840} INFO - DAG(s) 'example_short_circuit_operator' retrieved from /Users/nestoralfaro/Desktop/pbi-scenario-two/py_env/lib/python3.9/site-packages/airflow/example_dags/example_short_circuit_operator.py
[2024-05-01T23:42:22.149-0500] {logging_mixin.py:188} INFO - [2024-05-01T23:42:22.149-0500] {dag.py:3096} INFO - Sync 1 DAGs
[2024-05-01T23:42:22.183-0500] {logging_mixin.py:188} INFO - [2024-05-01T23:42:22.183-0500] {dag.py:3954} INFO - Setting next_dagrun for example_short_circuit_operator to 2024-05-01 00:00:00+00:00, run_after=2024-05-02 00:00:00+00:00
[2024-05-01T23:42:22.191-0500] {processor.py:183} INFO - Processing /Users/nestoralfaro/Desktop/pbi-scenario-two/py_env/lib/python3.9/site-packages/airflow/example_dags/example_short_circuit_operator.py took 0.103 seconds
[2024-05-01T23:43:50.744-0500] {processor.py:161} INFO - Started process (PID=35319) to work on /Users/nestoralfaro/Desktop/pbi-scenario-two/py_env/lib/python3.9/site-packages/airflow/example_dags/example_short_circuit_operator.py
[2024-05-01T23:43:50.746-0500] {processor.py:830} INFO - Processing file /Users/nestoralfaro/Desktop/pbi-scenario-two/py_env/lib/python3.9/site-packages/airflow/example_dags/example_short_circuit_operator.py for tasks to queue
[2024-05-01T23:43:50.747-0500] {logging_mixin.py:188} INFO - [2024-05-01T23:43:50.747-0500] {dagbag.py:540} INFO - Filling up the DagBag from /Users/nestoralfaro/Desktop/pbi-scenario-two/py_env/lib/python3.9/site-packages/airflow/example_dags/example_short_circuit_operator.py
[2024-05-01T23:43:50.758-0500] {processor.py:840} INFO - DAG(s) 'example_short_circuit_operator' retrieved from /Users/nestoralfaro/Desktop/pbi-scenario-two/py_env/lib/python3.9/site-packages/airflow/example_dags/example_short_circuit_operator.py
[2024-05-01T23:43:50.798-0500] {logging_mixin.py:188} INFO - [2024-05-01T23:43:50.798-0500] {dag.py:3096} INFO - Sync 1 DAGs
[2024-05-01T23:43:50.827-0500] {logging_mixin.py:188} INFO - [2024-05-01T23:43:50.827-0500] {dag.py:3954} INFO - Setting next_dagrun for example_short_circuit_operator to 2024-05-01 00:00:00+00:00, run_after=2024-05-02 00:00:00+00:00
[2024-05-01T23:43:50.834-0500] {processor.py:183} INFO - Processing /Users/nestoralfaro/Desktop/pbi-scenario-two/py_env/lib/python3.9/site-packages/airflow/example_dags/example_short_circuit_operator.py took 0.091 seconds
[2024-05-01T23:45:49.253-0500] {processor.py:161} INFO - Started process (PID=35402) to work on /Users/nestoralfaro/Desktop/pbi-scenario-two/py_env/lib/python3.9/site-packages/airflow/example_dags/example_short_circuit_operator.py
[2024-05-01T23:45:49.254-0500] {processor.py:830} INFO - Processing file /Users/nestoralfaro/Desktop/pbi-scenario-two/py_env/lib/python3.9/site-packages/airflow/example_dags/example_short_circuit_operator.py for tasks to queue
[2024-05-01T23:45:49.255-0500] {logging_mixin.py:188} INFO - [2024-05-01T23:45:49.255-0500] {dagbag.py:540} INFO - Filling up the DagBag from /Users/nestoralfaro/Desktop/pbi-scenario-two/py_env/lib/python3.9/site-packages/airflow/example_dags/example_short_circuit_operator.py
[2024-05-01T23:45:49.267-0500] {processor.py:840} INFO - DAG(s) 'example_short_circuit_operator' retrieved from /Users/nestoralfaro/Desktop/pbi-scenario-two/py_env/lib/python3.9/site-packages/airflow/example_dags/example_short_circuit_operator.py
[2024-05-01T23:45:49.312-0500] {logging_mixin.py:188} INFO - [2024-05-01T23:45:49.312-0500] {dag.py:3096} INFO - Sync 1 DAGs
[2024-05-01T23:45:49.347-0500] {logging_mixin.py:188} INFO - [2024-05-01T23:45:49.347-0500] {dag.py:3954} INFO - Setting next_dagrun for example_short_circuit_operator to 2024-05-01 00:00:00+00:00, run_after=2024-05-02 00:00:00+00:00
[2024-05-01T23:45:49.355-0500] {processor.py:183} INFO - Processing /Users/nestoralfaro/Desktop/pbi-scenario-two/py_env/lib/python3.9/site-packages/airflow/example_dags/example_short_circuit_operator.py took 0.104 seconds
[2024-05-01T23:47:39.923-0500] {processor.py:161} INFO - Started process (PID=35479) to work on /Users/nestoralfaro/Desktop/pbi-scenario-two/py_env/lib/python3.9/site-packages/airflow/example_dags/example_short_circuit_operator.py
[2024-05-01T23:47:39.925-0500] {processor.py:830} INFO - Processing file /Users/nestoralfaro/Desktop/pbi-scenario-two/py_env/lib/python3.9/site-packages/airflow/example_dags/example_short_circuit_operator.py for tasks to queue
[2024-05-01T23:47:39.925-0500] {logging_mixin.py:188} INFO - [2024-05-01T23:47:39.925-0500] {dagbag.py:540} INFO - Filling up the DagBag from /Users/nestoralfaro/Desktop/pbi-scenario-two/py_env/lib/python3.9/site-packages/airflow/example_dags/example_short_circuit_operator.py
[2024-05-01T23:47:39.936-0500] {processor.py:840} INFO - DAG(s) 'example_short_circuit_operator' retrieved from /Users/nestoralfaro/Desktop/pbi-scenario-two/py_env/lib/python3.9/site-packages/airflow/example_dags/example_short_circuit_operator.py
[2024-05-01T23:47:39.980-0500] {logging_mixin.py:188} INFO - [2024-05-01T23:47:39.980-0500] {dag.py:3096} INFO - Sync 1 DAGs
[2024-05-01T23:47:40.011-0500] {logging_mixin.py:188} INFO - [2024-05-01T23:47:40.011-0500] {dag.py:3954} INFO - Setting next_dagrun for example_short_circuit_operator to 2024-05-01 00:00:00+00:00, run_after=2024-05-02 00:00:00+00:00
[2024-05-01T23:47:40.019-0500] {processor.py:183} INFO - Processing /Users/nestoralfaro/Desktop/pbi-scenario-two/py_env/lib/python3.9/site-packages/airflow/example_dags/example_short_circuit_operator.py took 0.097 seconds
[2024-05-01T23:49:32.797-0500] {processor.py:161} INFO - Started process (PID=35559) to work on /Users/nestoralfaro/Desktop/pbi-scenario-two/py_env/lib/python3.9/site-packages/airflow/example_dags/example_short_circuit_operator.py
[2024-05-01T23:49:32.799-0500] {processor.py:830} INFO - Processing file /Users/nestoralfaro/Desktop/pbi-scenario-two/py_env/lib/python3.9/site-packages/airflow/example_dags/example_short_circuit_operator.py for tasks to queue
[2024-05-01T23:49:32.799-0500] {logging_mixin.py:188} INFO - [2024-05-01T23:49:32.799-0500] {dagbag.py:540} INFO - Filling up the DagBag from /Users/nestoralfaro/Desktop/pbi-scenario-two/py_env/lib/python3.9/site-packages/airflow/example_dags/example_short_circuit_operator.py
[2024-05-01T23:49:32.812-0500] {processor.py:840} INFO - DAG(s) 'example_short_circuit_operator' retrieved from /Users/nestoralfaro/Desktop/pbi-scenario-two/py_env/lib/python3.9/site-packages/airflow/example_dags/example_short_circuit_operator.py
[2024-05-01T23:49:32.857-0500] {logging_mixin.py:188} INFO - [2024-05-01T23:49:32.857-0500] {dag.py:3096} INFO - Sync 1 DAGs
[2024-05-01T23:49:32.891-0500] {logging_mixin.py:188} INFO - [2024-05-01T23:49:32.891-0500] {dag.py:3954} INFO - Setting next_dagrun for example_short_circuit_operator to 2024-05-01 00:00:00+00:00, run_after=2024-05-02 00:00:00+00:00
[2024-05-01T23:49:32.899-0500] {processor.py:183} INFO - Processing /Users/nestoralfaro/Desktop/pbi-scenario-two/py_env/lib/python3.9/site-packages/airflow/example_dags/example_short_circuit_operator.py took 0.104 seconds
[2024-05-01T23:51:26.882-0500] {processor.py:161} INFO - Started process (PID=35628) to work on /Users/nestoralfaro/Desktop/pbi-scenario-two/py_env/lib/python3.9/site-packages/airflow/example_dags/example_short_circuit_operator.py
[2024-05-01T23:51:26.884-0500] {processor.py:830} INFO - Processing file /Users/nestoralfaro/Desktop/pbi-scenario-two/py_env/lib/python3.9/site-packages/airflow/example_dags/example_short_circuit_operator.py for tasks to queue
[2024-05-01T23:51:26.884-0500] {logging_mixin.py:188} INFO - [2024-05-01T23:51:26.884-0500] {dagbag.py:540} INFO - Filling up the DagBag from /Users/nestoralfaro/Desktop/pbi-scenario-two/py_env/lib/python3.9/site-packages/airflow/example_dags/example_short_circuit_operator.py
[2024-05-01T23:51:26.895-0500] {processor.py:840} INFO - DAG(s) 'example_short_circuit_operator' retrieved from /Users/nestoralfaro/Desktop/pbi-scenario-two/py_env/lib/python3.9/site-packages/airflow/example_dags/example_short_circuit_operator.py
[2024-05-01T23:51:26.939-0500] {logging_mixin.py:188} INFO - [2024-05-01T23:51:26.939-0500] {dag.py:3096} INFO - Sync 1 DAGs
[2024-05-01T23:51:26.970-0500] {logging_mixin.py:188} INFO - [2024-05-01T23:51:26.970-0500] {dag.py:3954} INFO - Setting next_dagrun for example_short_circuit_operator to 2024-05-01 00:00:00+00:00, run_after=2024-05-02 00:00:00+00:00
[2024-05-01T23:51:26.977-0500] {processor.py:183} INFO - Processing /Users/nestoralfaro/Desktop/pbi-scenario-two/py_env/lib/python3.9/site-packages/airflow/example_dags/example_short_circuit_operator.py took 0.096 seconds
[2024-05-01T23:53:25.076-0500] {processor.py:161} INFO - Started process (PID=35714) to work on /Users/nestoralfaro/Desktop/pbi-scenario-two/py_env/lib/python3.9/site-packages/airflow/example_dags/example_short_circuit_operator.py
[2024-05-01T23:53:25.078-0500] {processor.py:830} INFO - Processing file /Users/nestoralfaro/Desktop/pbi-scenario-two/py_env/lib/python3.9/site-packages/airflow/example_dags/example_short_circuit_operator.py for tasks to queue
[2024-05-01T23:53:25.078-0500] {logging_mixin.py:188} INFO - [2024-05-01T23:53:25.078-0500] {dagbag.py:540} INFO - Filling up the DagBag from /Users/nestoralfaro/Desktop/pbi-scenario-two/py_env/lib/python3.9/site-packages/airflow/example_dags/example_short_circuit_operator.py
[2024-05-01T23:53:25.090-0500] {processor.py:840} INFO - DAG(s) 'example_short_circuit_operator' retrieved from /Users/nestoralfaro/Desktop/pbi-scenario-two/py_env/lib/python3.9/site-packages/airflow/example_dags/example_short_circuit_operator.py
[2024-05-01T23:53:25.132-0500] {logging_mixin.py:188} INFO - [2024-05-01T23:53:25.132-0500] {dag.py:3096} INFO - Sync 1 DAGs
[2024-05-01T23:53:25.166-0500] {logging_mixin.py:188} INFO - [2024-05-01T23:53:25.166-0500] {dag.py:3954} INFO - Setting next_dagrun for example_short_circuit_operator to 2024-05-01 00:00:00+00:00, run_after=2024-05-02 00:00:00+00:00
[2024-05-01T23:53:25.175-0500] {processor.py:183} INFO - Processing /Users/nestoralfaro/Desktop/pbi-scenario-two/py_env/lib/python3.9/site-packages/airflow/example_dags/example_short_circuit_operator.py took 0.100 seconds
[2024-05-01T23:55:19.515-0500] {processor.py:161} INFO - Started process (PID=35783) to work on /Users/nestoralfaro/Desktop/pbi-scenario-two/py_env/lib/python3.9/site-packages/airflow/example_dags/example_short_circuit_operator.py
[2024-05-01T23:55:19.516-0500] {processor.py:830} INFO - Processing file /Users/nestoralfaro/Desktop/pbi-scenario-two/py_env/lib/python3.9/site-packages/airflow/example_dags/example_short_circuit_operator.py for tasks to queue
[2024-05-01T23:55:19.517-0500] {logging_mixin.py:188} INFO - [2024-05-01T23:55:19.516-0500] {dagbag.py:540} INFO - Filling up the DagBag from /Users/nestoralfaro/Desktop/pbi-scenario-two/py_env/lib/python3.9/site-packages/airflow/example_dags/example_short_circuit_operator.py
[2024-05-01T23:55:19.528-0500] {processor.py:840} INFO - DAG(s) 'example_short_circuit_operator' retrieved from /Users/nestoralfaro/Desktop/pbi-scenario-two/py_env/lib/python3.9/site-packages/airflow/example_dags/example_short_circuit_operator.py
[2024-05-01T23:55:19.569-0500] {logging_mixin.py:188} INFO - [2024-05-01T23:55:19.569-0500] {dag.py:3096} INFO - Sync 1 DAGs
[2024-05-01T23:55:19.599-0500] {logging_mixin.py:188} INFO - [2024-05-01T23:55:19.599-0500] {dag.py:3954} INFO - Setting next_dagrun for example_short_circuit_operator to 2024-05-01 00:00:00+00:00, run_after=2024-05-02 00:00:00+00:00
[2024-05-01T23:55:19.606-0500] {processor.py:183} INFO - Processing /Users/nestoralfaro/Desktop/pbi-scenario-two/py_env/lib/python3.9/site-packages/airflow/example_dags/example_short_circuit_operator.py took 0.093 seconds
[2024-05-01T23:57:09.213-0500] {processor.py:161} INFO - Started process (PID=35851) to work on /Users/nestoralfaro/Desktop/pbi-scenario-two/py_env/lib/python3.9/site-packages/airflow/example_dags/example_short_circuit_operator.py
[2024-05-01T23:57:09.214-0500] {processor.py:830} INFO - Processing file /Users/nestoralfaro/Desktop/pbi-scenario-two/py_env/lib/python3.9/site-packages/airflow/example_dags/example_short_circuit_operator.py for tasks to queue
[2024-05-01T23:57:09.214-0500] {logging_mixin.py:188} INFO - [2024-05-01T23:57:09.214-0500] {dagbag.py:540} INFO - Filling up the DagBag from /Users/nestoralfaro/Desktop/pbi-scenario-two/py_env/lib/python3.9/site-packages/airflow/example_dags/example_short_circuit_operator.py
[2024-05-01T23:57:09.226-0500] {processor.py:840} INFO - DAG(s) 'example_short_circuit_operator' retrieved from /Users/nestoralfaro/Desktop/pbi-scenario-two/py_env/lib/python3.9/site-packages/airflow/example_dags/example_short_circuit_operator.py
[2024-05-01T23:57:09.266-0500] {logging_mixin.py:188} INFO - [2024-05-01T23:57:09.266-0500] {dag.py:3096} INFO - Sync 1 DAGs
[2024-05-01T23:57:09.297-0500] {logging_mixin.py:188} INFO - [2024-05-01T23:57:09.296-0500] {dag.py:3954} INFO - Setting next_dagrun for example_short_circuit_operator to 2024-05-01 00:00:00+00:00, run_after=2024-05-02 00:00:00+00:00
[2024-05-01T23:57:09.304-0500] {processor.py:183} INFO - Processing /Users/nestoralfaro/Desktop/pbi-scenario-two/py_env/lib/python3.9/site-packages/airflow/example_dags/example_short_circuit_operator.py took 0.093 seconds
[2024-05-01T23:59:01.774-0500] {processor.py:161} INFO - Started process (PID=35921) to work on /Users/nestoralfaro/Desktop/pbi-scenario-two/py_env/lib/python3.9/site-packages/airflow/example_dags/example_short_circuit_operator.py
[2024-05-01T23:59:01.775-0500] {processor.py:830} INFO - Processing file /Users/nestoralfaro/Desktop/pbi-scenario-two/py_env/lib/python3.9/site-packages/airflow/example_dags/example_short_circuit_operator.py for tasks to queue
[2024-05-01T23:59:01.775-0500] {logging_mixin.py:188} INFO - [2024-05-01T23:59:01.775-0500] {dagbag.py:540} INFO - Filling up the DagBag from /Users/nestoralfaro/Desktop/pbi-scenario-two/py_env/lib/python3.9/site-packages/airflow/example_dags/example_short_circuit_operator.py
[2024-05-01T23:59:01.786-0500] {processor.py:840} INFO - DAG(s) 'example_short_circuit_operator' retrieved from /Users/nestoralfaro/Desktop/pbi-scenario-two/py_env/lib/python3.9/site-packages/airflow/example_dags/example_short_circuit_operator.py
[2024-05-01T23:59:01.826-0500] {logging_mixin.py:188} INFO - [2024-05-01T23:59:01.826-0500] {dag.py:3096} INFO - Sync 1 DAGs
[2024-05-01T23:59:01.856-0500] {logging_mixin.py:188} INFO - [2024-05-01T23:59:01.856-0500] {dag.py:3954} INFO - Setting next_dagrun for example_short_circuit_operator to 2024-05-01 00:00:00+00:00, run_after=2024-05-02 00:00:00+00:00
[2024-05-01T23:59:01.863-0500] {processor.py:183} INFO - Processing /Users/nestoralfaro/Desktop/pbi-scenario-two/py_env/lib/python3.9/site-packages/airflow/example_dags/example_short_circuit_operator.py took 0.090 seconds
[2024-05-02T00:00:52.324-0500] {processor.py:161} INFO - Started process (PID=36014) to work on /Users/nestoralfaro/Desktop/pbi-scenario-two/py_env/lib/python3.9/site-packages/airflow/example_dags/example_short_circuit_operator.py
[2024-05-02T00:00:52.327-0500] {processor.py:830} INFO - Processing file /Users/nestoralfaro/Desktop/pbi-scenario-two/py_env/lib/python3.9/site-packages/airflow/example_dags/example_short_circuit_operator.py for tasks to queue
[2024-05-02T00:00:52.327-0500] {logging_mixin.py:188} INFO - [2024-05-02T00:00:52.327-0500] {dagbag.py:540} INFO - Filling up the DagBag from /Users/nestoralfaro/Desktop/pbi-scenario-two/py_env/lib/python3.9/site-packages/airflow/example_dags/example_short_circuit_operator.py
[2024-05-02T00:00:52.340-0500] {processor.py:840} INFO - DAG(s) 'example_short_circuit_operator' retrieved from /Users/nestoralfaro/Desktop/pbi-scenario-two/py_env/lib/python3.9/site-packages/airflow/example_dags/example_short_circuit_operator.py
[2024-05-02T00:00:52.385-0500] {logging_mixin.py:188} INFO - [2024-05-02T00:00:52.385-0500] {dag.py:3096} INFO - Sync 1 DAGs
[2024-05-02T00:00:52.419-0500] {logging_mixin.py:188} INFO - [2024-05-02T00:00:52.419-0500] {dag.py:3954} INFO - Setting next_dagrun for example_short_circuit_operator to 2024-05-01 00:00:00+00:00, run_after=2024-05-02 00:00:00+00:00
[2024-05-02T00:00:52.428-0500] {processor.py:183} INFO - Processing /Users/nestoralfaro/Desktop/pbi-scenario-two/py_env/lib/python3.9/site-packages/airflow/example_dags/example_short_circuit_operator.py took 0.105 seconds
[2024-05-02T00:02:50.472-0500] {processor.py:161} INFO - Started process (PID=36097) to work on /Users/nestoralfaro/Desktop/pbi-scenario-two/py_env/lib/python3.9/site-packages/airflow/example_dags/example_short_circuit_operator.py
[2024-05-02T00:02:50.474-0500] {processor.py:830} INFO - Processing file /Users/nestoralfaro/Desktop/pbi-scenario-two/py_env/lib/python3.9/site-packages/airflow/example_dags/example_short_circuit_operator.py for tasks to queue
[2024-05-02T00:02:50.474-0500] {logging_mixin.py:188} INFO - [2024-05-02T00:02:50.474-0500] {dagbag.py:540} INFO - Filling up the DagBag from /Users/nestoralfaro/Desktop/pbi-scenario-two/py_env/lib/python3.9/site-packages/airflow/example_dags/example_short_circuit_operator.py
[2024-05-02T00:02:50.486-0500] {processor.py:840} INFO - DAG(s) 'example_short_circuit_operator' retrieved from /Users/nestoralfaro/Desktop/pbi-scenario-two/py_env/lib/python3.9/site-packages/airflow/example_dags/example_short_circuit_operator.py
[2024-05-02T00:02:50.526-0500] {logging_mixin.py:188} INFO - [2024-05-02T00:02:50.526-0500] {dag.py:3096} INFO - Sync 1 DAGs
[2024-05-02T00:02:50.557-0500] {logging_mixin.py:188} INFO - [2024-05-02T00:02:50.557-0500] {dag.py:3954} INFO - Setting next_dagrun for example_short_circuit_operator to 2024-05-01 00:00:00+00:00, run_after=2024-05-02 00:00:00+00:00
[2024-05-02T00:02:50.564-0500] {processor.py:183} INFO - Processing /Users/nestoralfaro/Desktop/pbi-scenario-two/py_env/lib/python3.9/site-packages/airflow/example_dags/example_short_circuit_operator.py took 0.094 seconds
[2024-05-02T00:04:45.171-0500] {processor.py:161} INFO - Started process (PID=36172) to work on /Users/nestoralfaro/Desktop/pbi-scenario-two/py_env/lib/python3.9/site-packages/airflow/example_dags/example_short_circuit_operator.py
[2024-05-02T00:04:45.174-0500] {processor.py:830} INFO - Processing file /Users/nestoralfaro/Desktop/pbi-scenario-two/py_env/lib/python3.9/site-packages/airflow/example_dags/example_short_circuit_operator.py for tasks to queue
[2024-05-02T00:04:45.174-0500] {logging_mixin.py:188} INFO - [2024-05-02T00:04:45.174-0500] {dagbag.py:540} INFO - Filling up the DagBag from /Users/nestoralfaro/Desktop/pbi-scenario-two/py_env/lib/python3.9/site-packages/airflow/example_dags/example_short_circuit_operator.py
[2024-05-02T00:04:45.186-0500] {processor.py:840} INFO - DAG(s) 'example_short_circuit_operator' retrieved from /Users/nestoralfaro/Desktop/pbi-scenario-two/py_env/lib/python3.9/site-packages/airflow/example_dags/example_short_circuit_operator.py
[2024-05-02T00:04:45.232-0500] {logging_mixin.py:188} INFO - [2024-05-02T00:04:45.232-0500] {dag.py:3096} INFO - Sync 1 DAGs
[2024-05-02T00:04:45.266-0500] {logging_mixin.py:188} INFO - [2024-05-02T00:04:45.266-0500] {dag.py:3954} INFO - Setting next_dagrun for example_short_circuit_operator to 2024-05-01 00:00:00+00:00, run_after=2024-05-02 00:00:00+00:00
[2024-05-02T00:04:45.273-0500] {processor.py:183} INFO - Processing /Users/nestoralfaro/Desktop/pbi-scenario-two/py_env/lib/python3.9/site-packages/airflow/example_dags/example_short_circuit_operator.py took 0.103 seconds
[2024-05-02T00:06:38.842-0500] {processor.py:161} INFO - Started process (PID=36254) to work on /Users/nestoralfaro/Desktop/pbi-scenario-two/py_env/lib/python3.9/site-packages/airflow/example_dags/example_short_circuit_operator.py
[2024-05-02T00:06:38.844-0500] {processor.py:830} INFO - Processing file /Users/nestoralfaro/Desktop/pbi-scenario-two/py_env/lib/python3.9/site-packages/airflow/example_dags/example_short_circuit_operator.py for tasks to queue
[2024-05-02T00:06:38.844-0500] {logging_mixin.py:188} INFO - [2024-05-02T00:06:38.844-0500] {dagbag.py:540} INFO - Filling up the DagBag from /Users/nestoralfaro/Desktop/pbi-scenario-two/py_env/lib/python3.9/site-packages/airflow/example_dags/example_short_circuit_operator.py
[2024-05-02T00:06:38.855-0500] {processor.py:840} INFO - DAG(s) 'example_short_circuit_operator' retrieved from /Users/nestoralfaro/Desktop/pbi-scenario-two/py_env/lib/python3.9/site-packages/airflow/example_dags/example_short_circuit_operator.py
[2024-05-02T00:06:38.895-0500] {logging_mixin.py:188} INFO - [2024-05-02T00:06:38.894-0500] {dag.py:3096} INFO - Sync 1 DAGs
[2024-05-02T00:06:38.924-0500] {logging_mixin.py:188} INFO - [2024-05-02T00:06:38.924-0500] {dag.py:3954} INFO - Setting next_dagrun for example_short_circuit_operator to 2024-05-01 00:00:00+00:00, run_after=2024-05-02 00:00:00+00:00
[2024-05-02T00:06:38.931-0500] {processor.py:183} INFO - Processing /Users/nestoralfaro/Desktop/pbi-scenario-two/py_env/lib/python3.9/site-packages/airflow/example_dags/example_short_circuit_operator.py took 0.091 seconds
[2024-05-02T00:08:26.059-0500] {processor.py:161} INFO - Started process (PID=36330) to work on /Users/nestoralfaro/Desktop/pbi-scenario-two/py_env/lib/python3.9/site-packages/airflow/example_dags/example_short_circuit_operator.py
[2024-05-02T00:08:26.061-0500] {processor.py:830} INFO - Processing file /Users/nestoralfaro/Desktop/pbi-scenario-two/py_env/lib/python3.9/site-packages/airflow/example_dags/example_short_circuit_operator.py for tasks to queue
[2024-05-02T00:08:26.061-0500] {logging_mixin.py:188} INFO - [2024-05-02T00:08:26.061-0500] {dagbag.py:540} INFO - Filling up the DagBag from /Users/nestoralfaro/Desktop/pbi-scenario-two/py_env/lib/python3.9/site-packages/airflow/example_dags/example_short_circuit_operator.py
[2024-05-02T00:08:26.073-0500] {processor.py:840} INFO - DAG(s) 'example_short_circuit_operator' retrieved from /Users/nestoralfaro/Desktop/pbi-scenario-two/py_env/lib/python3.9/site-packages/airflow/example_dags/example_short_circuit_operator.py
[2024-05-02T00:08:26.113-0500] {logging_mixin.py:188} INFO - [2024-05-02T00:08:26.113-0500] {dag.py:3096} INFO - Sync 1 DAGs
[2024-05-02T00:08:26.144-0500] {logging_mixin.py:188} INFO - [2024-05-02T00:08:26.144-0500] {dag.py:3954} INFO - Setting next_dagrun for example_short_circuit_operator to 2024-05-01 00:00:00+00:00, run_after=2024-05-02 00:00:00+00:00
[2024-05-02T00:08:26.151-0500] {processor.py:183} INFO - Processing /Users/nestoralfaro/Desktop/pbi-scenario-two/py_env/lib/python3.9/site-packages/airflow/example_dags/example_short_circuit_operator.py took 0.093 seconds
[2024-05-02T00:11:31.005-0500] {processor.py:161} INFO - Started process (PID=36438) to work on /Users/nestoralfaro/Desktop/pbi-scenario-two/py_env/lib/python3.9/site-packages/airflow/example_dags/example_short_circuit_operator.py
[2024-05-02T00:11:31.007-0500] {processor.py:830} INFO - Processing file /Users/nestoralfaro/Desktop/pbi-scenario-two/py_env/lib/python3.9/site-packages/airflow/example_dags/example_short_circuit_operator.py for tasks to queue
[2024-05-02T00:11:31.007-0500] {logging_mixin.py:188} INFO - [2024-05-02T00:11:31.007-0500] {dagbag.py:540} INFO - Filling up the DagBag from /Users/nestoralfaro/Desktop/pbi-scenario-two/py_env/lib/python3.9/site-packages/airflow/example_dags/example_short_circuit_operator.py
[2024-05-02T00:11:31.020-0500] {processor.py:840} INFO - DAG(s) 'example_short_circuit_operator' retrieved from /Users/nestoralfaro/Desktop/pbi-scenario-two/py_env/lib/python3.9/site-packages/airflow/example_dags/example_short_circuit_operator.py
[2024-05-02T00:11:31.066-0500] {logging_mixin.py:188} INFO - [2024-05-02T00:11:31.066-0500] {dag.py:3096} INFO - Sync 1 DAGs
[2024-05-02T00:11:31.100-0500] {logging_mixin.py:188} INFO - [2024-05-02T00:11:31.100-0500] {dag.py:3954} INFO - Setting next_dagrun for example_short_circuit_operator to 2024-05-01 00:00:00+00:00, run_after=2024-05-02 00:00:00+00:00
[2024-05-02T00:11:31.107-0500] {processor.py:183} INFO - Processing /Users/nestoralfaro/Desktop/pbi-scenario-two/py_env/lib/python3.9/site-packages/airflow/example_dags/example_short_circuit_operator.py took 0.103 seconds
[2024-05-02T00:12:57.600-0500] {processor.py:161} INFO - Started process (PID=36525) to work on /Users/nestoralfaro/Desktop/pbi-scenario-two/py_env/lib/python3.9/site-packages/airflow/example_dags/example_short_circuit_operator.py
[2024-05-02T00:12:57.602-0500] {processor.py:830} INFO - Processing file /Users/nestoralfaro/Desktop/pbi-scenario-two/py_env/lib/python3.9/site-packages/airflow/example_dags/example_short_circuit_operator.py for tasks to queue
[2024-05-02T00:12:57.602-0500] {logging_mixin.py:188} INFO - [2024-05-02T00:12:57.602-0500] {dagbag.py:540} INFO - Filling up the DagBag from /Users/nestoralfaro/Desktop/pbi-scenario-two/py_env/lib/python3.9/site-packages/airflow/example_dags/example_short_circuit_operator.py
[2024-05-02T00:12:57.614-0500] {processor.py:840} INFO - DAG(s) 'example_short_circuit_operator' retrieved from /Users/nestoralfaro/Desktop/pbi-scenario-two/py_env/lib/python3.9/site-packages/airflow/example_dags/example_short_circuit_operator.py
[2024-05-02T00:12:57.658-0500] {logging_mixin.py:188} INFO - [2024-05-02T00:12:57.658-0500] {dag.py:3096} INFO - Sync 1 DAGs
[2024-05-02T00:12:57.690-0500] {logging_mixin.py:188} INFO - [2024-05-02T00:12:57.690-0500] {dag.py:3954} INFO - Setting next_dagrun for example_short_circuit_operator to 2024-05-01 00:00:00+00:00, run_after=2024-05-02 00:00:00+00:00
[2024-05-02T00:12:57.699-0500] {processor.py:183} INFO - Processing /Users/nestoralfaro/Desktop/pbi-scenario-two/py_env/lib/python3.9/site-packages/airflow/example_dags/example_short_circuit_operator.py took 0.101 seconds
[2024-05-02T00:15:22.835-0500] {processor.py:161} INFO - Started process (PID=36611) to work on /Users/nestoralfaro/Desktop/pbi-scenario-two/py_env/lib/python3.9/site-packages/airflow/example_dags/example_short_circuit_operator.py
[2024-05-02T00:15:22.837-0500] {processor.py:830} INFO - Processing file /Users/nestoralfaro/Desktop/pbi-scenario-two/py_env/lib/python3.9/site-packages/airflow/example_dags/example_short_circuit_operator.py for tasks to queue
[2024-05-02T00:15:22.837-0500] {logging_mixin.py:188} INFO - [2024-05-02T00:15:22.837-0500] {dagbag.py:540} INFO - Filling up the DagBag from /Users/nestoralfaro/Desktop/pbi-scenario-two/py_env/lib/python3.9/site-packages/airflow/example_dags/example_short_circuit_operator.py
[2024-05-02T00:15:22.849-0500] {processor.py:840} INFO - DAG(s) 'example_short_circuit_operator' retrieved from /Users/nestoralfaro/Desktop/pbi-scenario-two/py_env/lib/python3.9/site-packages/airflow/example_dags/example_short_circuit_operator.py
[2024-05-02T00:15:22.891-0500] {logging_mixin.py:188} INFO - [2024-05-02T00:15:22.891-0500] {dag.py:3096} INFO - Sync 1 DAGs
[2024-05-02T00:15:22.923-0500] {logging_mixin.py:188} INFO - [2024-05-02T00:15:22.923-0500] {dag.py:3954} INFO - Setting next_dagrun for example_short_circuit_operator to 2024-05-01 00:00:00+00:00, run_after=2024-05-02 00:00:00+00:00
[2024-05-02T00:15:22.931-0500] {processor.py:183} INFO - Processing /Users/nestoralfaro/Desktop/pbi-scenario-two/py_env/lib/python3.9/site-packages/airflow/example_dags/example_short_circuit_operator.py took 0.097 seconds
[2024-05-02T00:16:52.066-0500] {processor.py:161} INFO - Started process (PID=36677) to work on /Users/nestoralfaro/Desktop/pbi-scenario-two/py_env/lib/python3.9/site-packages/airflow/example_dags/example_short_circuit_operator.py
[2024-05-02T00:16:52.067-0500] {processor.py:830} INFO - Processing file /Users/nestoralfaro/Desktop/pbi-scenario-two/py_env/lib/python3.9/site-packages/airflow/example_dags/example_short_circuit_operator.py for tasks to queue
[2024-05-02T00:16:52.067-0500] {logging_mixin.py:188} INFO - [2024-05-02T00:16:52.067-0500] {dagbag.py:540} INFO - Filling up the DagBag from /Users/nestoralfaro/Desktop/pbi-scenario-two/py_env/lib/python3.9/site-packages/airflow/example_dags/example_short_circuit_operator.py
[2024-05-02T00:16:52.079-0500] {processor.py:840} INFO - DAG(s) 'example_short_circuit_operator' retrieved from /Users/nestoralfaro/Desktop/pbi-scenario-two/py_env/lib/python3.9/site-packages/airflow/example_dags/example_short_circuit_operator.py
[2024-05-02T00:16:52.120-0500] {logging_mixin.py:188} INFO - [2024-05-02T00:16:52.120-0500] {dag.py:3096} INFO - Sync 1 DAGs
[2024-05-02T00:16:52.151-0500] {logging_mixin.py:188} INFO - [2024-05-02T00:16:52.151-0500] {dag.py:3954} INFO - Setting next_dagrun for example_short_circuit_operator to 2024-05-01 00:00:00+00:00, run_after=2024-05-02 00:00:00+00:00
[2024-05-02T00:16:52.158-0500] {processor.py:183} INFO - Processing /Users/nestoralfaro/Desktop/pbi-scenario-two/py_env/lib/python3.9/site-packages/airflow/example_dags/example_short_circuit_operator.py took 0.094 seconds
[2024-05-02T00:18:47.726-0500] {processor.py:161} INFO - Started process (PID=36753) to work on /Users/nestoralfaro/Desktop/pbi-scenario-two/py_env/lib/python3.9/site-packages/airflow/example_dags/example_short_circuit_operator.py
[2024-05-02T00:18:47.728-0500] {processor.py:830} INFO - Processing file /Users/nestoralfaro/Desktop/pbi-scenario-two/py_env/lib/python3.9/site-packages/airflow/example_dags/example_short_circuit_operator.py for tasks to queue
[2024-05-02T00:18:47.728-0500] {logging_mixin.py:188} INFO - [2024-05-02T00:18:47.728-0500] {dagbag.py:540} INFO - Filling up the DagBag from /Users/nestoralfaro/Desktop/pbi-scenario-two/py_env/lib/python3.9/site-packages/airflow/example_dags/example_short_circuit_operator.py
[2024-05-02T00:18:47.740-0500] {processor.py:840} INFO - DAG(s) 'example_short_circuit_operator' retrieved from /Users/nestoralfaro/Desktop/pbi-scenario-two/py_env/lib/python3.9/site-packages/airflow/example_dags/example_short_circuit_operator.py
[2024-05-02T00:18:47.785-0500] {logging_mixin.py:188} INFO - [2024-05-02T00:18:47.785-0500] {dag.py:3096} INFO - Sync 1 DAGs
[2024-05-02T00:18:47.819-0500] {logging_mixin.py:188} INFO - [2024-05-02T00:18:47.819-0500] {dag.py:3954} INFO - Setting next_dagrun for example_short_circuit_operator to 2024-05-01 00:00:00+00:00, run_after=2024-05-02 00:00:00+00:00
[2024-05-02T00:18:47.828-0500] {processor.py:183} INFO - Processing /Users/nestoralfaro/Desktop/pbi-scenario-two/py_env/lib/python3.9/site-packages/airflow/example_dags/example_short_circuit_operator.py took 0.103 seconds
[2024-05-02T00:20:44.574-0500] {processor.py:161} INFO - Started process (PID=36862) to work on /Users/nestoralfaro/Desktop/pbi-scenario-two/py_env/lib/python3.9/site-packages/airflow/example_dags/example_short_circuit_operator.py
[2024-05-02T00:20:44.575-0500] {processor.py:830} INFO - Processing file /Users/nestoralfaro/Desktop/pbi-scenario-two/py_env/lib/python3.9/site-packages/airflow/example_dags/example_short_circuit_operator.py for tasks to queue
[2024-05-02T00:20:44.575-0500] {logging_mixin.py:188} INFO - [2024-05-02T00:20:44.575-0500] {dagbag.py:540} INFO - Filling up the DagBag from /Users/nestoralfaro/Desktop/pbi-scenario-two/py_env/lib/python3.9/site-packages/airflow/example_dags/example_short_circuit_operator.py
[2024-05-02T00:20:44.588-0500] {processor.py:840} INFO - DAG(s) 'example_short_circuit_operator' retrieved from /Users/nestoralfaro/Desktop/pbi-scenario-two/py_env/lib/python3.9/site-packages/airflow/example_dags/example_short_circuit_operator.py
[2024-05-02T00:20:44.631-0500] {logging_mixin.py:188} INFO - [2024-05-02T00:20:44.631-0500] {dag.py:3096} INFO - Sync 1 DAGs
[2024-05-02T00:20:44.664-0500] {logging_mixin.py:188} INFO - [2024-05-02T00:20:44.664-0500] {dag.py:3954} INFO - Setting next_dagrun for example_short_circuit_operator to 2024-05-01 00:00:00+00:00, run_after=2024-05-02 00:00:00+00:00
[2024-05-02T00:20:44.672-0500] {processor.py:183} INFO - Processing /Users/nestoralfaro/Desktop/pbi-scenario-two/py_env/lib/python3.9/site-packages/airflow/example_dags/example_short_circuit_operator.py took 0.100 seconds
[2024-05-02T00:22:40.392-0500] {processor.py:161} INFO - Started process (PID=36964) to work on /Users/nestoralfaro/Desktop/pbi-scenario-two/py_env/lib/python3.9/site-packages/airflow/example_dags/example_short_circuit_operator.py
[2024-05-02T00:22:40.394-0500] {processor.py:830} INFO - Processing file /Users/nestoralfaro/Desktop/pbi-scenario-two/py_env/lib/python3.9/site-packages/airflow/example_dags/example_short_circuit_operator.py for tasks to queue
[2024-05-02T00:22:40.394-0500] {logging_mixin.py:188} INFO - [2024-05-02T00:22:40.394-0500] {dagbag.py:540} INFO - Filling up the DagBag from /Users/nestoralfaro/Desktop/pbi-scenario-two/py_env/lib/python3.9/site-packages/airflow/example_dags/example_short_circuit_operator.py
[2024-05-02T00:22:40.406-0500] {processor.py:840} INFO - DAG(s) 'example_short_circuit_operator' retrieved from /Users/nestoralfaro/Desktop/pbi-scenario-two/py_env/lib/python3.9/site-packages/airflow/example_dags/example_short_circuit_operator.py
[2024-05-02T00:22:40.449-0500] {logging_mixin.py:188} INFO - [2024-05-02T00:22:40.449-0500] {dag.py:3096} INFO - Sync 1 DAGs
[2024-05-02T00:22:40.482-0500] {logging_mixin.py:188} INFO - [2024-05-02T00:22:40.482-0500] {dag.py:3954} INFO - Setting next_dagrun for example_short_circuit_operator to 2024-05-01 00:00:00+00:00, run_after=2024-05-02 00:00:00+00:00
[2024-05-02T00:22:40.489-0500] {processor.py:183} INFO - Processing /Users/nestoralfaro/Desktop/pbi-scenario-two/py_env/lib/python3.9/site-packages/airflow/example_dags/example_short_circuit_operator.py took 0.099 seconds
