[2024-05-01T23:30:25.488-0500] {processor.py:161} INFO - Started process (PID=34748) to work on /Users/nestoralfaro/Desktop/pbi-scenario-two/py_env/lib/python3.9/site-packages/airflow/example_dags/example_time_delta_sensor_async.py
[2024-05-01T23:30:25.489-0500] {processor.py:830} INFO - Processing file /Users/nestoralfaro/Desktop/pbi-scenario-two/py_env/lib/python3.9/site-packages/airflow/example_dags/example_time_delta_sensor_async.py for tasks to queue
[2024-05-01T23:30:25.489-0500] {logging_mixin.py:188} INFO - [2024-05-01T23:30:25.489-0500] {dagbag.py:540} INFO - Filling up the DagBag from /Users/nestoralfaro/Desktop/pbi-scenario-two/py_env/lib/python3.9/site-packages/airflow/example_dags/example_time_delta_sensor_async.py
[2024-05-01T23:30:25.494-0500] {processor.py:840} INFO - DAG(s) 'example_time_delta_sensor_async' retrieved from /Users/nestoralfaro/Desktop/pbi-scenario-two/py_env/lib/python3.9/site-packages/airflow/example_dags/example_time_delta_sensor_async.py
[2024-05-01T23:30:25.600-0500] {logging_mixin.py:188} INFO - [2024-05-01T23:30:25.600-0500] {dag.py:3096} INFO - Sync 1 DAGs
[2024-05-01T23:30:25.603-0500] {logging_mixin.py:188} INFO - [2024-05-01T23:30:25.603-0500] {dag.py:3954} INFO - Setting next_dagrun for example_time_delta_sensor_async to None, run_after=None
[2024-05-01T23:30:25.612-0500] {processor.py:183} INFO - Processing /Users/nestoralfaro/Desktop/pbi-scenario-two/py_env/lib/python3.9/site-packages/airflow/example_dags/example_time_delta_sensor_async.py took 0.125 seconds
[2024-05-01T23:31:53.351-0500] {processor.py:161} INFO - Started process (PID=34803) to work on /Users/nestoralfaro/Desktop/pbi-scenario-two/py_env/lib/python3.9/site-packages/airflow/example_dags/example_time_delta_sensor_async.py
[2024-05-01T23:31:53.353-0500] {processor.py:830} INFO - Processing file /Users/nestoralfaro/Desktop/pbi-scenario-two/py_env/lib/python3.9/site-packages/airflow/example_dags/example_time_delta_sensor_async.py for tasks to queue
[2024-05-01T23:31:53.353-0500] {logging_mixin.py:188} INFO - [2024-05-01T23:31:53.353-0500] {dagbag.py:540} INFO - Filling up the DagBag from /Users/nestoralfaro/Desktop/pbi-scenario-two/py_env/lib/python3.9/site-packages/airflow/example_dags/example_time_delta_sensor_async.py
[2024-05-01T23:31:53.357-0500] {processor.py:840} INFO - DAG(s) 'example_time_delta_sensor_async' retrieved from /Users/nestoralfaro/Desktop/pbi-scenario-two/py_env/lib/python3.9/site-packages/airflow/example_dags/example_time_delta_sensor_async.py
[2024-05-01T23:31:53.402-0500] {logging_mixin.py:188} INFO - [2024-05-01T23:31:53.402-0500] {dag.py:3096} INFO - Sync 1 DAGs
[2024-05-01T23:31:53.406-0500] {logging_mixin.py:188} INFO - [2024-05-01T23:31:53.406-0500] {dag.py:3954} INFO - Setting next_dagrun for example_time_delta_sensor_async to None, run_after=None
[2024-05-01T23:31:53.413-0500] {processor.py:183} INFO - Processing /Users/nestoralfaro/Desktop/pbi-scenario-two/py_env/lib/python3.9/site-packages/airflow/example_dags/example_time_delta_sensor_async.py took 0.064 seconds
[2024-05-01T23:32:58.508-0500] {processor.py:161} INFO - Started process (PID=34861) to work on /Users/nestoralfaro/Desktop/pbi-scenario-two/py_env/lib/python3.9/site-packages/airflow/example_dags/example_time_delta_sensor_async.py
[2024-05-01T23:32:58.510-0500] {processor.py:830} INFO - Processing file /Users/nestoralfaro/Desktop/pbi-scenario-two/py_env/lib/python3.9/site-packages/airflow/example_dags/example_time_delta_sensor_async.py for tasks to queue
[2024-05-01T23:32:58.511-0500] {logging_mixin.py:188} INFO - [2024-05-01T23:32:58.511-0500] {dagbag.py:540} INFO - Filling up the DagBag from /Users/nestoralfaro/Desktop/pbi-scenario-two/py_env/lib/python3.9/site-packages/airflow/example_dags/example_time_delta_sensor_async.py
[2024-05-01T23:32:58.515-0500] {processor.py:840} INFO - DAG(s) 'example_time_delta_sensor_async' retrieved from /Users/nestoralfaro/Desktop/pbi-scenario-two/py_env/lib/python3.9/site-packages/airflow/example_dags/example_time_delta_sensor_async.py
[2024-05-01T23:32:58.562-0500] {logging_mixin.py:188} INFO - [2024-05-01T23:32:58.562-0500] {dag.py:3096} INFO - Sync 1 DAGs
[2024-05-01T23:32:58.566-0500] {logging_mixin.py:188} INFO - [2024-05-01T23:32:58.566-0500] {dag.py:3954} INFO - Setting next_dagrun for example_time_delta_sensor_async to None, run_after=None
[2024-05-01T23:32:58.574-0500] {processor.py:183} INFO - Processing /Users/nestoralfaro/Desktop/pbi-scenario-two/py_env/lib/python3.9/site-packages/airflow/example_dags/example_time_delta_sensor_async.py took 0.067 seconds
[2024-05-01T23:34:01.814-0500] {processor.py:161} INFO - Started process (PID=34909) to work on /Users/nestoralfaro/Desktop/pbi-scenario-two/py_env/lib/python3.9/site-packages/airflow/example_dags/example_time_delta_sensor_async.py
[2024-05-01T23:34:01.816-0500] {processor.py:830} INFO - Processing file /Users/nestoralfaro/Desktop/pbi-scenario-two/py_env/lib/python3.9/site-packages/airflow/example_dags/example_time_delta_sensor_async.py for tasks to queue
[2024-05-01T23:34:01.816-0500] {logging_mixin.py:188} INFO - [2024-05-01T23:34:01.816-0500] {dagbag.py:540} INFO - Filling up the DagBag from /Users/nestoralfaro/Desktop/pbi-scenario-two/py_env/lib/python3.9/site-packages/airflow/example_dags/example_time_delta_sensor_async.py
[2024-05-01T23:34:01.821-0500] {processor.py:840} INFO - DAG(s) 'example_time_delta_sensor_async' retrieved from /Users/nestoralfaro/Desktop/pbi-scenario-two/py_env/lib/python3.9/site-packages/airflow/example_dags/example_time_delta_sensor_async.py
[2024-05-01T23:34:01.867-0500] {logging_mixin.py:188} INFO - [2024-05-01T23:34:01.867-0500] {dag.py:3096} INFO - Sync 1 DAGs
[2024-05-01T23:34:01.871-0500] {logging_mixin.py:188} INFO - [2024-05-01T23:34:01.871-0500] {dag.py:3954} INFO - Setting next_dagrun for example_time_delta_sensor_async to None, run_after=None
[2024-05-01T23:34:01.879-0500] {processor.py:183} INFO - Processing /Users/nestoralfaro/Desktop/pbi-scenario-two/py_env/lib/python3.9/site-packages/airflow/example_dags/example_time_delta_sensor_async.py took 0.067 seconds
[2024-05-01T23:35:00.791-0500] {processor.py:161} INFO - Started process (PID=34945) to work on /Users/nestoralfaro/Desktop/pbi-scenario-two/py_env/lib/python3.9/site-packages/airflow/example_dags/example_time_delta_sensor_async.py
[2024-05-01T23:35:00.793-0500] {processor.py:830} INFO - Processing file /Users/nestoralfaro/Desktop/pbi-scenario-two/py_env/lib/python3.9/site-packages/airflow/example_dags/example_time_delta_sensor_async.py for tasks to queue
[2024-05-01T23:35:00.793-0500] {logging_mixin.py:188} INFO - [2024-05-01T23:35:00.793-0500] {dagbag.py:540} INFO - Filling up the DagBag from /Users/nestoralfaro/Desktop/pbi-scenario-two/py_env/lib/python3.9/site-packages/airflow/example_dags/example_time_delta_sensor_async.py
[2024-05-01T23:35:00.796-0500] {processor.py:840} INFO - DAG(s) 'example_time_delta_sensor_async' retrieved from /Users/nestoralfaro/Desktop/pbi-scenario-two/py_env/lib/python3.9/site-packages/airflow/example_dags/example_time_delta_sensor_async.py
[2024-05-01T23:35:00.843-0500] {logging_mixin.py:188} INFO - [2024-05-01T23:35:00.843-0500] {dag.py:3096} INFO - Sync 1 DAGs
[2024-05-01T23:35:00.847-0500] {logging_mixin.py:188} INFO - [2024-05-01T23:35:00.847-0500] {dag.py:3954} INFO - Setting next_dagrun for example_time_delta_sensor_async to None, run_after=None
[2024-05-01T23:35:00.855-0500] {processor.py:183} INFO - Processing /Users/nestoralfaro/Desktop/pbi-scenario-two/py_env/lib/python3.9/site-packages/airflow/example_dags/example_time_delta_sensor_async.py took 0.065 seconds
[2024-05-01T23:35:58.936-0500] {processor.py:161} INFO - Started process (PID=34980) to work on /Users/nestoralfaro/Desktop/pbi-scenario-two/py_env/lib/python3.9/site-packages/airflow/example_dags/example_time_delta_sensor_async.py
[2024-05-01T23:35:58.937-0500] {processor.py:830} INFO - Processing file /Users/nestoralfaro/Desktop/pbi-scenario-two/py_env/lib/python3.9/site-packages/airflow/example_dags/example_time_delta_sensor_async.py for tasks to queue
[2024-05-01T23:35:58.937-0500] {logging_mixin.py:188} INFO - [2024-05-01T23:35:58.937-0500] {dagbag.py:540} INFO - Filling up the DagBag from /Users/nestoralfaro/Desktop/pbi-scenario-two/py_env/lib/python3.9/site-packages/airflow/example_dags/example_time_delta_sensor_async.py
[2024-05-01T23:35:58.941-0500] {processor.py:840} INFO - DAG(s) 'example_time_delta_sensor_async' retrieved from /Users/nestoralfaro/Desktop/pbi-scenario-two/py_env/lib/python3.9/site-packages/airflow/example_dags/example_time_delta_sensor_async.py
[2024-05-01T23:35:58.990-0500] {logging_mixin.py:188} INFO - [2024-05-01T23:35:58.990-0500] {dag.py:3096} INFO - Sync 1 DAGs
[2024-05-01T23:35:58.994-0500] {logging_mixin.py:188} INFO - [2024-05-01T23:35:58.994-0500] {dag.py:3954} INFO - Setting next_dagrun for example_time_delta_sensor_async to None, run_after=None
[2024-05-01T23:35:59.002-0500] {processor.py:183} INFO - Processing /Users/nestoralfaro/Desktop/pbi-scenario-two/py_env/lib/python3.9/site-packages/airflow/example_dags/example_time_delta_sensor_async.py took 0.068 seconds
[2024-05-01T23:37:50.466-0500] {processor.py:161} INFO - Started process (PID=35049) to work on /Users/nestoralfaro/Desktop/pbi-scenario-two/py_env/lib/python3.9/site-packages/airflow/example_dags/example_time_delta_sensor_async.py
[2024-05-01T23:37:50.468-0500] {processor.py:830} INFO - Processing file /Users/nestoralfaro/Desktop/pbi-scenario-two/py_env/lib/python3.9/site-packages/airflow/example_dags/example_time_delta_sensor_async.py for tasks to queue
[2024-05-01T23:37:50.468-0500] {logging_mixin.py:188} INFO - [2024-05-01T23:37:50.468-0500] {dagbag.py:540} INFO - Filling up the DagBag from /Users/nestoralfaro/Desktop/pbi-scenario-two/py_env/lib/python3.9/site-packages/airflow/example_dags/example_time_delta_sensor_async.py
[2024-05-01T23:37:50.472-0500] {processor.py:840} INFO - DAG(s) 'example_time_delta_sensor_async' retrieved from /Users/nestoralfaro/Desktop/pbi-scenario-two/py_env/lib/python3.9/site-packages/airflow/example_dags/example_time_delta_sensor_async.py
[2024-05-01T23:37:50.519-0500] {logging_mixin.py:188} INFO - [2024-05-01T23:37:50.519-0500] {dag.py:3096} INFO - Sync 1 DAGs
[2024-05-01T23:37:50.523-0500] {logging_mixin.py:188} INFO - [2024-05-01T23:37:50.523-0500] {dag.py:3954} INFO - Setting next_dagrun for example_time_delta_sensor_async to None, run_after=None
[2024-05-01T23:37:50.530-0500] {processor.py:183} INFO - Processing /Users/nestoralfaro/Desktop/pbi-scenario-two/py_env/lib/python3.9/site-packages/airflow/example_dags/example_time_delta_sensor_async.py took 0.066 seconds
[2024-05-01T23:38:49.217-0500] {processor.py:161} INFO - Started process (PID=35083) to work on /Users/nestoralfaro/Desktop/pbi-scenario-two/py_env/lib/python3.9/site-packages/airflow/example_dags/example_time_delta_sensor_async.py
[2024-05-01T23:38:49.219-0500] {processor.py:830} INFO - Processing file /Users/nestoralfaro/Desktop/pbi-scenario-two/py_env/lib/python3.9/site-packages/airflow/example_dags/example_time_delta_sensor_async.py for tasks to queue
[2024-05-01T23:38:49.219-0500] {logging_mixin.py:188} INFO - [2024-05-01T23:38:49.219-0500] {dagbag.py:540} INFO - Filling up the DagBag from /Users/nestoralfaro/Desktop/pbi-scenario-two/py_env/lib/python3.9/site-packages/airflow/example_dags/example_time_delta_sensor_async.py
[2024-05-01T23:38:49.223-0500] {processor.py:840} INFO - DAG(s) 'example_time_delta_sensor_async' retrieved from /Users/nestoralfaro/Desktop/pbi-scenario-two/py_env/lib/python3.9/site-packages/airflow/example_dags/example_time_delta_sensor_async.py
[2024-05-01T23:38:49.271-0500] {logging_mixin.py:188} INFO - [2024-05-01T23:38:49.270-0500] {dag.py:3096} INFO - Sync 1 DAGs
[2024-05-01T23:38:49.275-0500] {logging_mixin.py:188} INFO - [2024-05-01T23:38:49.275-0500] {dag.py:3954} INFO - Setting next_dagrun for example_time_delta_sensor_async to None, run_after=None
[2024-05-01T23:38:49.283-0500] {processor.py:183} INFO - Processing /Users/nestoralfaro/Desktop/pbi-scenario-two/py_env/lib/python3.9/site-packages/airflow/example_dags/example_time_delta_sensor_async.py took 0.067 seconds
[2024-05-01T23:39:46.221-0500] {processor.py:161} INFO - Started process (PID=35121) to work on /Users/nestoralfaro/Desktop/pbi-scenario-two/py_env/lib/python3.9/site-packages/airflow/example_dags/example_time_delta_sensor_async.py
[2024-05-01T23:39:46.223-0500] {processor.py:830} INFO - Processing file /Users/nestoralfaro/Desktop/pbi-scenario-two/py_env/lib/python3.9/site-packages/airflow/example_dags/example_time_delta_sensor_async.py for tasks to queue
[2024-05-01T23:39:46.224-0500] {logging_mixin.py:188} INFO - [2024-05-01T23:39:46.224-0500] {dagbag.py:540} INFO - Filling up the DagBag from /Users/nestoralfaro/Desktop/pbi-scenario-two/py_env/lib/python3.9/site-packages/airflow/example_dags/example_time_delta_sensor_async.py
[2024-05-01T23:39:46.228-0500] {processor.py:840} INFO - DAG(s) 'example_time_delta_sensor_async' retrieved from /Users/nestoralfaro/Desktop/pbi-scenario-two/py_env/lib/python3.9/site-packages/airflow/example_dags/example_time_delta_sensor_async.py
[2024-05-01T23:39:46.275-0500] {logging_mixin.py:188} INFO - [2024-05-01T23:39:46.274-0500] {dag.py:3096} INFO - Sync 1 DAGs
[2024-05-01T23:39:46.278-0500] {logging_mixin.py:188} INFO - [2024-05-01T23:39:46.278-0500] {dag.py:3954} INFO - Setting next_dagrun for example_time_delta_sensor_async to None, run_after=None
[2024-05-01T23:39:46.287-0500] {processor.py:183} INFO - Processing /Users/nestoralfaro/Desktop/pbi-scenario-two/py_env/lib/python3.9/site-packages/airflow/example_dags/example_time_delta_sensor_async.py took 0.067 seconds
[2024-05-01T23:40:42.719-0500] {processor.py:161} INFO - Started process (PID=35173) to work on /Users/nestoralfaro/Desktop/pbi-scenario-two/py_env/lib/python3.9/site-packages/airflow/example_dags/example_time_delta_sensor_async.py
[2024-05-01T23:40:42.721-0500] {processor.py:830} INFO - Processing file /Users/nestoralfaro/Desktop/pbi-scenario-two/py_env/lib/python3.9/site-packages/airflow/example_dags/example_time_delta_sensor_async.py for tasks to queue
[2024-05-01T23:40:42.721-0500] {logging_mixin.py:188} INFO - [2024-05-01T23:40:42.721-0500] {dagbag.py:540} INFO - Filling up the DagBag from /Users/nestoralfaro/Desktop/pbi-scenario-two/py_env/lib/python3.9/site-packages/airflow/example_dags/example_time_delta_sensor_async.py
[2024-05-01T23:40:42.726-0500] {processor.py:840} INFO - DAG(s) 'example_time_delta_sensor_async' retrieved from /Users/nestoralfaro/Desktop/pbi-scenario-two/py_env/lib/python3.9/site-packages/airflow/example_dags/example_time_delta_sensor_async.py
[2024-05-01T23:40:42.776-0500] {logging_mixin.py:188} INFO - [2024-05-01T23:40:42.776-0500] {dag.py:3096} INFO - Sync 1 DAGs
[2024-05-01T23:40:42.781-0500] {logging_mixin.py:188} INFO - [2024-05-01T23:40:42.781-0500] {dag.py:3954} INFO - Setting next_dagrun for example_time_delta_sensor_async to None, run_after=None
[2024-05-01T23:40:42.789-0500] {processor.py:183} INFO - Processing /Users/nestoralfaro/Desktop/pbi-scenario-two/py_env/lib/python3.9/site-packages/airflow/example_dags/example_time_delta_sensor_async.py took 0.071 seconds
[2024-05-01T23:41:38.445-0500] {processor.py:161} INFO - Started process (PID=35211) to work on /Users/nestoralfaro/Desktop/pbi-scenario-two/py_env/lib/python3.9/site-packages/airflow/example_dags/example_time_delta_sensor_async.py
[2024-05-01T23:41:38.447-0500] {processor.py:830} INFO - Processing file /Users/nestoralfaro/Desktop/pbi-scenario-two/py_env/lib/python3.9/site-packages/airflow/example_dags/example_time_delta_sensor_async.py for tasks to queue
[2024-05-01T23:41:38.447-0500] {logging_mixin.py:188} INFO - [2024-05-01T23:41:38.447-0500] {dagbag.py:540} INFO - Filling up the DagBag from /Users/nestoralfaro/Desktop/pbi-scenario-two/py_env/lib/python3.9/site-packages/airflow/example_dags/example_time_delta_sensor_async.py
[2024-05-01T23:41:38.452-0500] {processor.py:840} INFO - DAG(s) 'example_time_delta_sensor_async' retrieved from /Users/nestoralfaro/Desktop/pbi-scenario-two/py_env/lib/python3.9/site-packages/airflow/example_dags/example_time_delta_sensor_async.py
[2024-05-01T23:41:38.501-0500] {logging_mixin.py:188} INFO - [2024-05-01T23:41:38.501-0500] {dag.py:3096} INFO - Sync 1 DAGs
[2024-05-01T23:41:38.505-0500] {logging_mixin.py:188} INFO - [2024-05-01T23:41:38.505-0500] {dag.py:3954} INFO - Setting next_dagrun for example_time_delta_sensor_async to None, run_after=None
[2024-05-01T23:41:38.513-0500] {processor.py:183} INFO - Processing /Users/nestoralfaro/Desktop/pbi-scenario-two/py_env/lib/python3.9/site-packages/airflow/example_dags/example_time_delta_sensor_async.py took 0.069 seconds
[2024-05-01T23:42:11.281-0500] {processor.py:161} INFO - Started process (PID=35259) to work on /Users/nestoralfaro/Desktop/pbi-scenario-two/py_env/lib/python3.9/site-packages/airflow/example_dags/example_time_delta_sensor_async.py
[2024-05-01T23:42:11.283-0500] {processor.py:830} INFO - Processing file /Users/nestoralfaro/Desktop/pbi-scenario-two/py_env/lib/python3.9/site-packages/airflow/example_dags/example_time_delta_sensor_async.py for tasks to queue
[2024-05-01T23:42:11.283-0500] {logging_mixin.py:188} INFO - [2024-05-01T23:42:11.283-0500] {dagbag.py:540} INFO - Filling up the DagBag from /Users/nestoralfaro/Desktop/pbi-scenario-two/py_env/lib/python3.9/site-packages/airflow/example_dags/example_time_delta_sensor_async.py
[2024-05-01T23:42:11.287-0500] {processor.py:840} INFO - DAG(s) 'example_time_delta_sensor_async' retrieved from /Users/nestoralfaro/Desktop/pbi-scenario-two/py_env/lib/python3.9/site-packages/airflow/example_dags/example_time_delta_sensor_async.py
[2024-05-01T23:42:11.335-0500] {logging_mixin.py:188} INFO - [2024-05-01T23:42:11.334-0500] {dag.py:3096} INFO - Sync 1 DAGs
[2024-05-01T23:42:11.339-0500] {logging_mixin.py:188} INFO - [2024-05-01T23:42:11.339-0500] {dag.py:3954} INFO - Setting next_dagrun for example_time_delta_sensor_async to None, run_after=None
[2024-05-01T23:42:11.347-0500] {processor.py:183} INFO - Processing /Users/nestoralfaro/Desktop/pbi-scenario-two/py_env/lib/python3.9/site-packages/airflow/example_dags/example_time_delta_sensor_async.py took 0.068 seconds
[2024-05-01T23:43:41.612-0500] {processor.py:161} INFO - Started process (PID=35312) to work on /Users/nestoralfaro/Desktop/pbi-scenario-two/py_env/lib/python3.9/site-packages/airflow/example_dags/example_time_delta_sensor_async.py
[2024-05-01T23:43:41.614-0500] {processor.py:830} INFO - Processing file /Users/nestoralfaro/Desktop/pbi-scenario-two/py_env/lib/python3.9/site-packages/airflow/example_dags/example_time_delta_sensor_async.py for tasks to queue
[2024-05-01T23:43:41.614-0500] {logging_mixin.py:188} INFO - [2024-05-01T23:43:41.614-0500] {dagbag.py:540} INFO - Filling up the DagBag from /Users/nestoralfaro/Desktop/pbi-scenario-two/py_env/lib/python3.9/site-packages/airflow/example_dags/example_time_delta_sensor_async.py
[2024-05-01T23:43:41.618-0500] {processor.py:840} INFO - DAG(s) 'example_time_delta_sensor_async' retrieved from /Users/nestoralfaro/Desktop/pbi-scenario-two/py_env/lib/python3.9/site-packages/airflow/example_dags/example_time_delta_sensor_async.py
[2024-05-01T23:43:41.662-0500] {logging_mixin.py:188} INFO - [2024-05-01T23:43:41.662-0500] {dag.py:3096} INFO - Sync 1 DAGs
[2024-05-01T23:43:41.665-0500] {logging_mixin.py:188} INFO - [2024-05-01T23:43:41.665-0500] {dag.py:3954} INFO - Setting next_dagrun for example_time_delta_sensor_async to None, run_after=None
[2024-05-01T23:43:41.672-0500] {processor.py:183} INFO - Processing /Users/nestoralfaro/Desktop/pbi-scenario-two/py_env/lib/python3.9/site-packages/airflow/example_dags/example_time_delta_sensor_async.py took 0.061 seconds
[2024-05-01T23:44:39.586-0500] {processor.py:161} INFO - Started process (PID=35359) to work on /Users/nestoralfaro/Desktop/pbi-scenario-two/py_env/lib/python3.9/site-packages/airflow/example_dags/example_time_delta_sensor_async.py
[2024-05-01T23:44:39.587-0500] {processor.py:830} INFO - Processing file /Users/nestoralfaro/Desktop/pbi-scenario-two/py_env/lib/python3.9/site-packages/airflow/example_dags/example_time_delta_sensor_async.py for tasks to queue
[2024-05-01T23:44:39.588-0500] {logging_mixin.py:188} INFO - [2024-05-01T23:44:39.588-0500] {dagbag.py:540} INFO - Filling up the DagBag from /Users/nestoralfaro/Desktop/pbi-scenario-two/py_env/lib/python3.9/site-packages/airflow/example_dags/example_time_delta_sensor_async.py
[2024-05-01T23:44:39.592-0500] {processor.py:840} INFO - DAG(s) 'example_time_delta_sensor_async' retrieved from /Users/nestoralfaro/Desktop/pbi-scenario-two/py_env/lib/python3.9/site-packages/airflow/example_dags/example_time_delta_sensor_async.py
[2024-05-01T23:44:39.640-0500] {logging_mixin.py:188} INFO - [2024-05-01T23:44:39.639-0500] {dag.py:3096} INFO - Sync 1 DAGs
[2024-05-01T23:44:39.643-0500] {logging_mixin.py:188} INFO - [2024-05-01T23:44:39.643-0500] {dag.py:3954} INFO - Setting next_dagrun for example_time_delta_sensor_async to None, run_after=None
[2024-05-01T23:44:39.650-0500] {processor.py:183} INFO - Processing /Users/nestoralfaro/Desktop/pbi-scenario-two/py_env/lib/python3.9/site-packages/airflow/example_dags/example_time_delta_sensor_async.py took 0.065 seconds
[2024-05-01T23:45:38.343-0500] {processor.py:161} INFO - Started process (PID=35396) to work on /Users/nestoralfaro/Desktop/pbi-scenario-two/py_env/lib/python3.9/site-packages/airflow/example_dags/example_time_delta_sensor_async.py
[2024-05-01T23:45:38.345-0500] {processor.py:830} INFO - Processing file /Users/nestoralfaro/Desktop/pbi-scenario-two/py_env/lib/python3.9/site-packages/airflow/example_dags/example_time_delta_sensor_async.py for tasks to queue
[2024-05-01T23:45:38.346-0500] {logging_mixin.py:188} INFO - [2024-05-01T23:45:38.346-0500] {dagbag.py:540} INFO - Filling up the DagBag from /Users/nestoralfaro/Desktop/pbi-scenario-two/py_env/lib/python3.9/site-packages/airflow/example_dags/example_time_delta_sensor_async.py
[2024-05-01T23:45:38.350-0500] {processor.py:840} INFO - DAG(s) 'example_time_delta_sensor_async' retrieved from /Users/nestoralfaro/Desktop/pbi-scenario-two/py_env/lib/python3.9/site-packages/airflow/example_dags/example_time_delta_sensor_async.py
[2024-05-01T23:45:38.398-0500] {logging_mixin.py:188} INFO - [2024-05-01T23:45:38.398-0500] {dag.py:3096} INFO - Sync 1 DAGs
[2024-05-01T23:45:38.402-0500] {logging_mixin.py:188} INFO - [2024-05-01T23:45:38.402-0500] {dag.py:3954} INFO - Setting next_dagrun for example_time_delta_sensor_async to None, run_after=None
[2024-05-01T23:45:38.410-0500] {processor.py:183} INFO - Processing /Users/nestoralfaro/Desktop/pbi-scenario-two/py_env/lib/python3.9/site-packages/airflow/example_dags/example_time_delta_sensor_async.py took 0.068 seconds
[2024-05-01T23:46:35.774-0500] {processor.py:161} INFO - Started process (PID=35431) to work on /Users/nestoralfaro/Desktop/pbi-scenario-two/py_env/lib/python3.9/site-packages/airflow/example_dags/example_time_delta_sensor_async.py
[2024-05-01T23:46:35.776-0500] {processor.py:830} INFO - Processing file /Users/nestoralfaro/Desktop/pbi-scenario-two/py_env/lib/python3.9/site-packages/airflow/example_dags/example_time_delta_sensor_async.py for tasks to queue
[2024-05-01T23:46:35.776-0500] {logging_mixin.py:188} INFO - [2024-05-01T23:46:35.776-0500] {dagbag.py:540} INFO - Filling up the DagBag from /Users/nestoralfaro/Desktop/pbi-scenario-two/py_env/lib/python3.9/site-packages/airflow/example_dags/example_time_delta_sensor_async.py
[2024-05-01T23:46:35.779-0500] {processor.py:840} INFO - DAG(s) 'example_time_delta_sensor_async' retrieved from /Users/nestoralfaro/Desktop/pbi-scenario-two/py_env/lib/python3.9/site-packages/airflow/example_dags/example_time_delta_sensor_async.py
[2024-05-01T23:46:35.824-0500] {logging_mixin.py:188} INFO - [2024-05-01T23:46:35.824-0500] {dag.py:3096} INFO - Sync 1 DAGs
[2024-05-01T23:46:35.828-0500] {logging_mixin.py:188} INFO - [2024-05-01T23:46:35.828-0500] {dag.py:3954} INFO - Setting next_dagrun for example_time_delta_sensor_async to None, run_after=None
[2024-05-01T23:46:35.835-0500] {processor.py:183} INFO - Processing /Users/nestoralfaro/Desktop/pbi-scenario-two/py_env/lib/python3.9/site-packages/airflow/example_dags/example_time_delta_sensor_async.py took 0.062 seconds
[2024-05-01T23:47:30.938-0500] {processor.py:161} INFO - Started process (PID=35474) to work on /Users/nestoralfaro/Desktop/pbi-scenario-two/py_env/lib/python3.9/site-packages/airflow/example_dags/example_time_delta_sensor_async.py
[2024-05-01T23:47:30.940-0500] {processor.py:830} INFO - Processing file /Users/nestoralfaro/Desktop/pbi-scenario-two/py_env/lib/python3.9/site-packages/airflow/example_dags/example_time_delta_sensor_async.py for tasks to queue
[2024-05-01T23:47:30.940-0500] {logging_mixin.py:188} INFO - [2024-05-01T23:47:30.940-0500] {dagbag.py:540} INFO - Filling up the DagBag from /Users/nestoralfaro/Desktop/pbi-scenario-two/py_env/lib/python3.9/site-packages/airflow/example_dags/example_time_delta_sensor_async.py
[2024-05-01T23:47:30.944-0500] {processor.py:840} INFO - DAG(s) 'example_time_delta_sensor_async' retrieved from /Users/nestoralfaro/Desktop/pbi-scenario-two/py_env/lib/python3.9/site-packages/airflow/example_dags/example_time_delta_sensor_async.py
[2024-05-01T23:47:30.990-0500] {logging_mixin.py:188} INFO - [2024-05-01T23:47:30.990-0500] {dag.py:3096} INFO - Sync 1 DAGs
[2024-05-01T23:47:30.994-0500] {logging_mixin.py:188} INFO - [2024-05-01T23:47:30.994-0500] {dag.py:3954} INFO - Setting next_dagrun for example_time_delta_sensor_async to None, run_after=None
[2024-05-01T23:47:31.001-0500] {processor.py:183} INFO - Processing /Users/nestoralfaro/Desktop/pbi-scenario-two/py_env/lib/python3.9/site-packages/airflow/example_dags/example_time_delta_sensor_async.py took 0.064 seconds
[2024-05-01T23:48:26.294-0500] {processor.py:161} INFO - Started process (PID=35509) to work on /Users/nestoralfaro/Desktop/pbi-scenario-two/py_env/lib/python3.9/site-packages/airflow/example_dags/example_time_delta_sensor_async.py
[2024-05-01T23:48:26.296-0500] {processor.py:830} INFO - Processing file /Users/nestoralfaro/Desktop/pbi-scenario-two/py_env/lib/python3.9/site-packages/airflow/example_dags/example_time_delta_sensor_async.py for tasks to queue
[2024-05-01T23:48:26.296-0500] {logging_mixin.py:188} INFO - [2024-05-01T23:48:26.296-0500] {dagbag.py:540} INFO - Filling up the DagBag from /Users/nestoralfaro/Desktop/pbi-scenario-two/py_env/lib/python3.9/site-packages/airflow/example_dags/example_time_delta_sensor_async.py
[2024-05-01T23:48:26.300-0500] {processor.py:840} INFO - DAG(s) 'example_time_delta_sensor_async' retrieved from /Users/nestoralfaro/Desktop/pbi-scenario-two/py_env/lib/python3.9/site-packages/airflow/example_dags/example_time_delta_sensor_async.py
[2024-05-01T23:48:26.343-0500] {logging_mixin.py:188} INFO - [2024-05-01T23:48:26.343-0500] {dag.py:3096} INFO - Sync 1 DAGs
[2024-05-01T23:48:26.347-0500] {logging_mixin.py:188} INFO - [2024-05-01T23:48:26.347-0500] {dag.py:3954} INFO - Setting next_dagrun for example_time_delta_sensor_async to None, run_after=None
[2024-05-01T23:48:26.353-0500] {processor.py:183} INFO - Processing /Users/nestoralfaro/Desktop/pbi-scenario-two/py_env/lib/python3.9/site-packages/airflow/example_dags/example_time_delta_sensor_async.py took 0.060 seconds
[2024-05-01T23:49:22.535-0500] {processor.py:161} INFO - Started process (PID=35553) to work on /Users/nestoralfaro/Desktop/pbi-scenario-two/py_env/lib/python3.9/site-packages/airflow/example_dags/example_time_delta_sensor_async.py
[2024-05-01T23:49:22.537-0500] {processor.py:830} INFO - Processing file /Users/nestoralfaro/Desktop/pbi-scenario-two/py_env/lib/python3.9/site-packages/airflow/example_dags/example_time_delta_sensor_async.py for tasks to queue
[2024-05-01T23:49:22.537-0500] {logging_mixin.py:188} INFO - [2024-05-01T23:49:22.537-0500] {dagbag.py:540} INFO - Filling up the DagBag from /Users/nestoralfaro/Desktop/pbi-scenario-two/py_env/lib/python3.9/site-packages/airflow/example_dags/example_time_delta_sensor_async.py
[2024-05-01T23:49:22.542-0500] {processor.py:840} INFO - DAG(s) 'example_time_delta_sensor_async' retrieved from /Users/nestoralfaro/Desktop/pbi-scenario-two/py_env/lib/python3.9/site-packages/airflow/example_dags/example_time_delta_sensor_async.py
[2024-05-01T23:49:22.588-0500] {logging_mixin.py:188} INFO - [2024-05-01T23:49:22.588-0500] {dag.py:3096} INFO - Sync 1 DAGs
[2024-05-01T23:49:22.592-0500] {logging_mixin.py:188} INFO - [2024-05-01T23:49:22.592-0500] {dag.py:3954} INFO - Setting next_dagrun for example_time_delta_sensor_async to None, run_after=None
[2024-05-01T23:49:22.599-0500] {processor.py:183} INFO - Processing /Users/nestoralfaro/Desktop/pbi-scenario-two/py_env/lib/python3.9/site-packages/airflow/example_dags/example_time_delta_sensor_async.py took 0.065 seconds
[2024-05-01T23:50:21.557-0500] {processor.py:161} INFO - Started process (PID=35588) to work on /Users/nestoralfaro/Desktop/pbi-scenario-two/py_env/lib/python3.9/site-packages/airflow/example_dags/example_time_delta_sensor_async.py
[2024-05-01T23:50:21.558-0500] {processor.py:830} INFO - Processing file /Users/nestoralfaro/Desktop/pbi-scenario-two/py_env/lib/python3.9/site-packages/airflow/example_dags/example_time_delta_sensor_async.py for tasks to queue
[2024-05-01T23:50:21.558-0500] {logging_mixin.py:188} INFO - [2024-05-01T23:50:21.558-0500] {dagbag.py:540} INFO - Filling up the DagBag from /Users/nestoralfaro/Desktop/pbi-scenario-two/py_env/lib/python3.9/site-packages/airflow/example_dags/example_time_delta_sensor_async.py
[2024-05-01T23:50:21.562-0500] {processor.py:840} INFO - DAG(s) 'example_time_delta_sensor_async' retrieved from /Users/nestoralfaro/Desktop/pbi-scenario-two/py_env/lib/python3.9/site-packages/airflow/example_dags/example_time_delta_sensor_async.py
[2024-05-01T23:50:21.612-0500] {logging_mixin.py:188} INFO - [2024-05-01T23:50:21.612-0500] {dag.py:3096} INFO - Sync 1 DAGs
[2024-05-01T23:50:21.616-0500] {logging_mixin.py:188} INFO - [2024-05-01T23:50:21.616-0500] {dag.py:3954} INFO - Setting next_dagrun for example_time_delta_sensor_async to None, run_after=None
[2024-05-01T23:50:21.624-0500] {processor.py:183} INFO - Processing /Users/nestoralfaro/Desktop/pbi-scenario-two/py_env/lib/python3.9/site-packages/airflow/example_dags/example_time_delta_sensor_async.py took 0.069 seconds
[2024-05-01T23:51:17.517-0500] {processor.py:161} INFO - Started process (PID=35623) to work on /Users/nestoralfaro/Desktop/pbi-scenario-two/py_env/lib/python3.9/site-packages/airflow/example_dags/example_time_delta_sensor_async.py
[2024-05-01T23:51:17.518-0500] {processor.py:830} INFO - Processing file /Users/nestoralfaro/Desktop/pbi-scenario-two/py_env/lib/python3.9/site-packages/airflow/example_dags/example_time_delta_sensor_async.py for tasks to queue
[2024-05-01T23:51:17.518-0500] {logging_mixin.py:188} INFO - [2024-05-01T23:51:17.518-0500] {dagbag.py:540} INFO - Filling up the DagBag from /Users/nestoralfaro/Desktop/pbi-scenario-two/py_env/lib/python3.9/site-packages/airflow/example_dags/example_time_delta_sensor_async.py
[2024-05-01T23:51:17.522-0500] {processor.py:840} INFO - DAG(s) 'example_time_delta_sensor_async' retrieved from /Users/nestoralfaro/Desktop/pbi-scenario-two/py_env/lib/python3.9/site-packages/airflow/example_dags/example_time_delta_sensor_async.py
[2024-05-01T23:51:17.568-0500] {logging_mixin.py:188} INFO - [2024-05-01T23:51:17.567-0500] {dag.py:3096} INFO - Sync 1 DAGs
[2024-05-01T23:51:17.571-0500] {logging_mixin.py:188} INFO - [2024-05-01T23:51:17.571-0500] {dag.py:3954} INFO - Setting next_dagrun for example_time_delta_sensor_async to None, run_after=None
[2024-05-01T23:51:17.578-0500] {processor.py:183} INFO - Processing /Users/nestoralfaro/Desktop/pbi-scenario-two/py_env/lib/python3.9/site-packages/airflow/example_dags/example_time_delta_sensor_async.py took 0.063 seconds
[2024-05-01T23:52:14.410-0500] {processor.py:161} INFO - Started process (PID=35673) to work on /Users/nestoralfaro/Desktop/pbi-scenario-two/py_env/lib/python3.9/site-packages/airflow/example_dags/example_time_delta_sensor_async.py
[2024-05-01T23:52:14.412-0500] {processor.py:830} INFO - Processing file /Users/nestoralfaro/Desktop/pbi-scenario-two/py_env/lib/python3.9/site-packages/airflow/example_dags/example_time_delta_sensor_async.py for tasks to queue
[2024-05-01T23:52:14.412-0500] {logging_mixin.py:188} INFO - [2024-05-01T23:52:14.412-0500] {dagbag.py:540} INFO - Filling up the DagBag from /Users/nestoralfaro/Desktop/pbi-scenario-two/py_env/lib/python3.9/site-packages/airflow/example_dags/example_time_delta_sensor_async.py
[2024-05-01T23:52:14.415-0500] {processor.py:840} INFO - DAG(s) 'example_time_delta_sensor_async' retrieved from /Users/nestoralfaro/Desktop/pbi-scenario-two/py_env/lib/python3.9/site-packages/airflow/example_dags/example_time_delta_sensor_async.py
[2024-05-01T23:52:14.462-0500] {logging_mixin.py:188} INFO - [2024-05-01T23:52:14.462-0500] {dag.py:3096} INFO - Sync 1 DAGs
[2024-05-01T23:52:14.466-0500] {logging_mixin.py:188} INFO - [2024-05-01T23:52:14.466-0500] {dag.py:3954} INFO - Setting next_dagrun for example_time_delta_sensor_async to None, run_after=None
[2024-05-01T23:52:14.474-0500] {processor.py:183} INFO - Processing /Users/nestoralfaro/Desktop/pbi-scenario-two/py_env/lib/python3.9/site-packages/airflow/example_dags/example_time_delta_sensor_async.py took 0.065 seconds
[2024-05-01T23:53:14.180-0500] {processor.py:161} INFO - Started process (PID=35708) to work on /Users/nestoralfaro/Desktop/pbi-scenario-two/py_env/lib/python3.9/site-packages/airflow/example_dags/example_time_delta_sensor_async.py
[2024-05-01T23:53:14.181-0500] {processor.py:830} INFO - Processing file /Users/nestoralfaro/Desktop/pbi-scenario-two/py_env/lib/python3.9/site-packages/airflow/example_dags/example_time_delta_sensor_async.py for tasks to queue
[2024-05-01T23:53:14.182-0500] {logging_mixin.py:188} INFO - [2024-05-01T23:53:14.182-0500] {dagbag.py:540} INFO - Filling up the DagBag from /Users/nestoralfaro/Desktop/pbi-scenario-two/py_env/lib/python3.9/site-packages/airflow/example_dags/example_time_delta_sensor_async.py
[2024-05-01T23:53:14.185-0500] {processor.py:840} INFO - DAG(s) 'example_time_delta_sensor_async' retrieved from /Users/nestoralfaro/Desktop/pbi-scenario-two/py_env/lib/python3.9/site-packages/airflow/example_dags/example_time_delta_sensor_async.py
[2024-05-01T23:53:14.235-0500] {logging_mixin.py:188} INFO - [2024-05-01T23:53:14.235-0500] {dag.py:3096} INFO - Sync 1 DAGs
[2024-05-01T23:53:14.239-0500] {logging_mixin.py:188} INFO - [2024-05-01T23:53:14.239-0500] {dag.py:3954} INFO - Setting next_dagrun for example_time_delta_sensor_async to None, run_after=None
[2024-05-01T23:53:14.248-0500] {processor.py:183} INFO - Processing /Users/nestoralfaro/Desktop/pbi-scenario-two/py_env/lib/python3.9/site-packages/airflow/example_dags/example_time_delta_sensor_async.py took 0.069 seconds
[2024-05-01T23:54:12.386-0500] {processor.py:161} INFO - Started process (PID=35742) to work on /Users/nestoralfaro/Desktop/pbi-scenario-two/py_env/lib/python3.9/site-packages/airflow/example_dags/example_time_delta_sensor_async.py
[2024-05-01T23:54:12.388-0500] {processor.py:830} INFO - Processing file /Users/nestoralfaro/Desktop/pbi-scenario-two/py_env/lib/python3.9/site-packages/airflow/example_dags/example_time_delta_sensor_async.py for tasks to queue
[2024-05-01T23:54:12.388-0500] {logging_mixin.py:188} INFO - [2024-05-01T23:54:12.388-0500] {dagbag.py:540} INFO - Filling up the DagBag from /Users/nestoralfaro/Desktop/pbi-scenario-two/py_env/lib/python3.9/site-packages/airflow/example_dags/example_time_delta_sensor_async.py
[2024-05-01T23:54:12.391-0500] {processor.py:840} INFO - DAG(s) 'example_time_delta_sensor_async' retrieved from /Users/nestoralfaro/Desktop/pbi-scenario-two/py_env/lib/python3.9/site-packages/airflow/example_dags/example_time_delta_sensor_async.py
[2024-05-01T23:54:12.440-0500] {logging_mixin.py:188} INFO - [2024-05-01T23:54:12.440-0500] {dag.py:3096} INFO - Sync 1 DAGs
[2024-05-01T23:54:12.444-0500] {logging_mixin.py:188} INFO - [2024-05-01T23:54:12.444-0500] {dag.py:3954} INFO - Setting next_dagrun for example_time_delta_sensor_async to None, run_after=None
[2024-05-01T23:54:12.452-0500] {processor.py:183} INFO - Processing /Users/nestoralfaro/Desktop/pbi-scenario-two/py_env/lib/python3.9/site-packages/airflow/example_dags/example_time_delta_sensor_async.py took 0.067 seconds
[2024-05-01T23:55:09.259-0500] {processor.py:161} INFO - Started process (PID=35777) to work on /Users/nestoralfaro/Desktop/pbi-scenario-two/py_env/lib/python3.9/site-packages/airflow/example_dags/example_time_delta_sensor_async.py
[2024-05-01T23:55:09.261-0500] {processor.py:830} INFO - Processing file /Users/nestoralfaro/Desktop/pbi-scenario-two/py_env/lib/python3.9/site-packages/airflow/example_dags/example_time_delta_sensor_async.py for tasks to queue
[2024-05-01T23:55:09.261-0500] {logging_mixin.py:188} INFO - [2024-05-01T23:55:09.261-0500] {dagbag.py:540} INFO - Filling up the DagBag from /Users/nestoralfaro/Desktop/pbi-scenario-two/py_env/lib/python3.9/site-packages/airflow/example_dags/example_time_delta_sensor_async.py
[2024-05-01T23:55:09.265-0500] {processor.py:840} INFO - DAG(s) 'example_time_delta_sensor_async' retrieved from /Users/nestoralfaro/Desktop/pbi-scenario-two/py_env/lib/python3.9/site-packages/airflow/example_dags/example_time_delta_sensor_async.py
[2024-05-01T23:55:09.312-0500] {logging_mixin.py:188} INFO - [2024-05-01T23:55:09.311-0500] {dag.py:3096} INFO - Sync 1 DAGs
[2024-05-01T23:55:09.315-0500] {logging_mixin.py:188} INFO - [2024-05-01T23:55:09.315-0500] {dag.py:3954} INFO - Setting next_dagrun for example_time_delta_sensor_async to None, run_after=None
[2024-05-01T23:55:09.322-0500] {processor.py:183} INFO - Processing /Users/nestoralfaro/Desktop/pbi-scenario-two/py_env/lib/python3.9/site-packages/airflow/example_dags/example_time_delta_sensor_async.py took 0.065 seconds
[2024-05-01T23:56:07.849-0500] {processor.py:161} INFO - Started process (PID=35812) to work on /Users/nestoralfaro/Desktop/pbi-scenario-two/py_env/lib/python3.9/site-packages/airflow/example_dags/example_time_delta_sensor_async.py
[2024-05-01T23:56:07.850-0500] {processor.py:830} INFO - Processing file /Users/nestoralfaro/Desktop/pbi-scenario-two/py_env/lib/python3.9/site-packages/airflow/example_dags/example_time_delta_sensor_async.py for tasks to queue
[2024-05-01T23:56:07.850-0500] {logging_mixin.py:188} INFO - [2024-05-01T23:56:07.850-0500] {dagbag.py:540} INFO - Filling up the DagBag from /Users/nestoralfaro/Desktop/pbi-scenario-two/py_env/lib/python3.9/site-packages/airflow/example_dags/example_time_delta_sensor_async.py
[2024-05-01T23:56:07.854-0500] {processor.py:840} INFO - DAG(s) 'example_time_delta_sensor_async' retrieved from /Users/nestoralfaro/Desktop/pbi-scenario-two/py_env/lib/python3.9/site-packages/airflow/example_dags/example_time_delta_sensor_async.py
[2024-05-01T23:56:07.898-0500] {logging_mixin.py:188} INFO - [2024-05-01T23:56:07.897-0500] {dag.py:3096} INFO - Sync 1 DAGs
[2024-05-01T23:56:07.901-0500] {logging_mixin.py:188} INFO - [2024-05-01T23:56:07.901-0500] {dag.py:3954} INFO - Setting next_dagrun for example_time_delta_sensor_async to None, run_after=None
[2024-05-01T23:56:07.908-0500] {processor.py:183} INFO - Processing /Users/nestoralfaro/Desktop/pbi-scenario-two/py_env/lib/python3.9/site-packages/airflow/example_dags/example_time_delta_sensor_async.py took 0.061 seconds
[2024-05-01T23:57:01.724-0500] {processor.py:161} INFO - Started process (PID=35846) to work on /Users/nestoralfaro/Desktop/pbi-scenario-two/py_env/lib/python3.9/site-packages/airflow/example_dags/example_time_delta_sensor_async.py
[2024-05-01T23:57:01.725-0500] {processor.py:830} INFO - Processing file /Users/nestoralfaro/Desktop/pbi-scenario-two/py_env/lib/python3.9/site-packages/airflow/example_dags/example_time_delta_sensor_async.py for tasks to queue
[2024-05-01T23:57:01.725-0500] {logging_mixin.py:188} INFO - [2024-05-01T23:57:01.725-0500] {dagbag.py:540} INFO - Filling up the DagBag from /Users/nestoralfaro/Desktop/pbi-scenario-two/py_env/lib/python3.9/site-packages/airflow/example_dags/example_time_delta_sensor_async.py
[2024-05-01T23:57:01.729-0500] {processor.py:840} INFO - DAG(s) 'example_time_delta_sensor_async' retrieved from /Users/nestoralfaro/Desktop/pbi-scenario-two/py_env/lib/python3.9/site-packages/airflow/example_dags/example_time_delta_sensor_async.py
[2024-05-01T23:57:01.772-0500] {logging_mixin.py:188} INFO - [2024-05-01T23:57:01.772-0500] {dag.py:3096} INFO - Sync 1 DAGs
[2024-05-01T23:57:01.775-0500] {logging_mixin.py:188} INFO - [2024-05-01T23:57:01.775-0500] {dag.py:3954} INFO - Setting next_dagrun for example_time_delta_sensor_async to None, run_after=None
[2024-05-01T23:57:01.783-0500] {processor.py:183} INFO - Processing /Users/nestoralfaro/Desktop/pbi-scenario-two/py_env/lib/python3.9/site-packages/airflow/example_dags/example_time_delta_sensor_async.py took 0.060 seconds
[2024-05-01T23:57:56.601-0500] {processor.py:161} INFO - Started process (PID=35880) to work on /Users/nestoralfaro/Desktop/pbi-scenario-two/py_env/lib/python3.9/site-packages/airflow/example_dags/example_time_delta_sensor_async.py
[2024-05-01T23:57:56.602-0500] {processor.py:830} INFO - Processing file /Users/nestoralfaro/Desktop/pbi-scenario-two/py_env/lib/python3.9/site-packages/airflow/example_dags/example_time_delta_sensor_async.py for tasks to queue
[2024-05-01T23:57:56.603-0500] {logging_mixin.py:188} INFO - [2024-05-01T23:57:56.603-0500] {dagbag.py:540} INFO - Filling up the DagBag from /Users/nestoralfaro/Desktop/pbi-scenario-two/py_env/lib/python3.9/site-packages/airflow/example_dags/example_time_delta_sensor_async.py
[2024-05-01T23:57:56.606-0500] {processor.py:840} INFO - DAG(s) 'example_time_delta_sensor_async' retrieved from /Users/nestoralfaro/Desktop/pbi-scenario-two/py_env/lib/python3.9/site-packages/airflow/example_dags/example_time_delta_sensor_async.py
[2024-05-01T23:57:56.650-0500] {logging_mixin.py:188} INFO - [2024-05-01T23:57:56.650-0500] {dag.py:3096} INFO - Sync 1 DAGs
[2024-05-01T23:57:56.653-0500] {logging_mixin.py:188} INFO - [2024-05-01T23:57:56.653-0500] {dag.py:3954} INFO - Setting next_dagrun for example_time_delta_sensor_async to None, run_after=None
[2024-05-01T23:57:56.660-0500] {processor.py:183} INFO - Processing /Users/nestoralfaro/Desktop/pbi-scenario-two/py_env/lib/python3.9/site-packages/airflow/example_dags/example_time_delta_sensor_async.py took 0.061 seconds
[2024-05-01T23:58:55.015-0500] {processor.py:161} INFO - Started process (PID=35914) to work on /Users/nestoralfaro/Desktop/pbi-scenario-two/py_env/lib/python3.9/site-packages/airflow/example_dags/example_time_delta_sensor_async.py
[2024-05-01T23:58:55.016-0500] {processor.py:830} INFO - Processing file /Users/nestoralfaro/Desktop/pbi-scenario-two/py_env/lib/python3.9/site-packages/airflow/example_dags/example_time_delta_sensor_async.py for tasks to queue
[2024-05-01T23:58:55.016-0500] {logging_mixin.py:188} INFO - [2024-05-01T23:58:55.016-0500] {dagbag.py:540} INFO - Filling up the DagBag from /Users/nestoralfaro/Desktop/pbi-scenario-two/py_env/lib/python3.9/site-packages/airflow/example_dags/example_time_delta_sensor_async.py
[2024-05-01T23:58:55.019-0500] {processor.py:840} INFO - DAG(s) 'example_time_delta_sensor_async' retrieved from /Users/nestoralfaro/Desktop/pbi-scenario-two/py_env/lib/python3.9/site-packages/airflow/example_dags/example_time_delta_sensor_async.py
[2024-05-01T23:58:55.063-0500] {logging_mixin.py:188} INFO - [2024-05-01T23:58:55.063-0500] {dag.py:3096} INFO - Sync 1 DAGs
[2024-05-01T23:58:55.067-0500] {logging_mixin.py:188} INFO - [2024-05-01T23:58:55.067-0500] {dag.py:3954} INFO - Setting next_dagrun for example_time_delta_sensor_async to None, run_after=None
[2024-05-01T23:58:55.074-0500] {processor.py:183} INFO - Processing /Users/nestoralfaro/Desktop/pbi-scenario-two/py_env/lib/python3.9/site-packages/airflow/example_dags/example_time_delta_sensor_async.py took 0.060 seconds
[2024-05-01T23:59:49.872-0500] {processor.py:161} INFO - Started process (PID=35951) to work on /Users/nestoralfaro/Desktop/pbi-scenario-two/py_env/lib/python3.9/site-packages/airflow/example_dags/example_time_delta_sensor_async.py
[2024-05-01T23:59:49.873-0500] {processor.py:830} INFO - Processing file /Users/nestoralfaro/Desktop/pbi-scenario-two/py_env/lib/python3.9/site-packages/airflow/example_dags/example_time_delta_sensor_async.py for tasks to queue
[2024-05-01T23:59:49.874-0500] {logging_mixin.py:188} INFO - [2024-05-01T23:59:49.874-0500] {dagbag.py:540} INFO - Filling up the DagBag from /Users/nestoralfaro/Desktop/pbi-scenario-two/py_env/lib/python3.9/site-packages/airflow/example_dags/example_time_delta_sensor_async.py
[2024-05-01T23:59:49.877-0500] {processor.py:840} INFO - DAG(s) 'example_time_delta_sensor_async' retrieved from /Users/nestoralfaro/Desktop/pbi-scenario-two/py_env/lib/python3.9/site-packages/airflow/example_dags/example_time_delta_sensor_async.py
[2024-05-01T23:59:49.920-0500] {logging_mixin.py:188} INFO - [2024-05-01T23:59:49.920-0500] {dag.py:3096} INFO - Sync 1 DAGs
[2024-05-01T23:59:49.923-0500] {logging_mixin.py:188} INFO - [2024-05-01T23:59:49.923-0500] {dag.py:3954} INFO - Setting next_dagrun for example_time_delta_sensor_async to None, run_after=None
[2024-05-01T23:59:49.930-0500] {processor.py:183} INFO - Processing /Users/nestoralfaro/Desktop/pbi-scenario-two/py_env/lib/python3.9/site-packages/airflow/example_dags/example_time_delta_sensor_async.py took 0.060 seconds
[2024-05-02T00:00:43.551-0500] {processor.py:161} INFO - Started process (PID=36009) to work on /Users/nestoralfaro/Desktop/pbi-scenario-two/py_env/lib/python3.9/site-packages/airflow/example_dags/example_time_delta_sensor_async.py
[2024-05-02T00:00:43.553-0500] {processor.py:830} INFO - Processing file /Users/nestoralfaro/Desktop/pbi-scenario-two/py_env/lib/python3.9/site-packages/airflow/example_dags/example_time_delta_sensor_async.py for tasks to queue
[2024-05-02T00:00:43.553-0500] {logging_mixin.py:188} INFO - [2024-05-02T00:00:43.553-0500] {dagbag.py:540} INFO - Filling up the DagBag from /Users/nestoralfaro/Desktop/pbi-scenario-two/py_env/lib/python3.9/site-packages/airflow/example_dags/example_time_delta_sensor_async.py
[2024-05-02T00:00:43.557-0500] {processor.py:840} INFO - DAG(s) 'example_time_delta_sensor_async' retrieved from /Users/nestoralfaro/Desktop/pbi-scenario-two/py_env/lib/python3.9/site-packages/airflow/example_dags/example_time_delta_sensor_async.py
[2024-05-02T00:00:43.606-0500] {logging_mixin.py:188} INFO - [2024-05-02T00:00:43.605-0500] {dag.py:3096} INFO - Sync 1 DAGs
[2024-05-02T00:00:43.609-0500] {logging_mixin.py:188} INFO - [2024-05-02T00:00:43.609-0500] {dag.py:3954} INFO - Setting next_dagrun for example_time_delta_sensor_async to None, run_after=None
[2024-05-02T00:00:43.617-0500] {processor.py:183} INFO - Processing /Users/nestoralfaro/Desktop/pbi-scenario-two/py_env/lib/python3.9/site-packages/airflow/example_dags/example_time_delta_sensor_async.py took 0.067 seconds
[2024-05-02T00:01:40.682-0500] {processor.py:161} INFO - Started process (PID=36049) to work on /Users/nestoralfaro/Desktop/pbi-scenario-two/py_env/lib/python3.9/site-packages/airflow/example_dags/example_time_delta_sensor_async.py
[2024-05-02T00:01:40.683-0500] {processor.py:830} INFO - Processing file /Users/nestoralfaro/Desktop/pbi-scenario-two/py_env/lib/python3.9/site-packages/airflow/example_dags/example_time_delta_sensor_async.py for tasks to queue
[2024-05-02T00:01:40.683-0500] {logging_mixin.py:188} INFO - [2024-05-02T00:01:40.683-0500] {dagbag.py:540} INFO - Filling up the DagBag from /Users/nestoralfaro/Desktop/pbi-scenario-two/py_env/lib/python3.9/site-packages/airflow/example_dags/example_time_delta_sensor_async.py
[2024-05-02T00:01:40.687-0500] {processor.py:840} INFO - DAG(s) 'example_time_delta_sensor_async' retrieved from /Users/nestoralfaro/Desktop/pbi-scenario-two/py_env/lib/python3.9/site-packages/airflow/example_dags/example_time_delta_sensor_async.py
[2024-05-02T00:01:40.731-0500] {logging_mixin.py:188} INFO - [2024-05-02T00:01:40.731-0500] {dag.py:3096} INFO - Sync 1 DAGs
[2024-05-02T00:01:40.735-0500] {logging_mixin.py:188} INFO - [2024-05-02T00:01:40.735-0500] {dag.py:3954} INFO - Setting next_dagrun for example_time_delta_sensor_async to None, run_after=None
[2024-05-02T00:01:40.742-0500] {processor.py:183} INFO - Processing /Users/nestoralfaro/Desktop/pbi-scenario-two/py_env/lib/python3.9/site-packages/airflow/example_dags/example_time_delta_sensor_async.py took 0.062 seconds
[2024-05-02T00:02:40.377-0500] {processor.py:161} INFO - Started process (PID=36090) to work on /Users/nestoralfaro/Desktop/pbi-scenario-two/py_env/lib/python3.9/site-packages/airflow/example_dags/example_time_delta_sensor_async.py
[2024-05-02T00:02:40.379-0500] {processor.py:830} INFO - Processing file /Users/nestoralfaro/Desktop/pbi-scenario-two/py_env/lib/python3.9/site-packages/airflow/example_dags/example_time_delta_sensor_async.py for tasks to queue
[2024-05-02T00:02:40.380-0500] {logging_mixin.py:188} INFO - [2024-05-02T00:02:40.380-0500] {dagbag.py:540} INFO - Filling up the DagBag from /Users/nestoralfaro/Desktop/pbi-scenario-two/py_env/lib/python3.9/site-packages/airflow/example_dags/example_time_delta_sensor_async.py
[2024-05-02T00:02:40.384-0500] {processor.py:840} INFO - DAG(s) 'example_time_delta_sensor_async' retrieved from /Users/nestoralfaro/Desktop/pbi-scenario-two/py_env/lib/python3.9/site-packages/airflow/example_dags/example_time_delta_sensor_async.py
[2024-05-02T00:02:40.429-0500] {logging_mixin.py:188} INFO - [2024-05-02T00:02:40.429-0500] {dag.py:3096} INFO - Sync 1 DAGs
[2024-05-02T00:02:40.432-0500] {logging_mixin.py:188} INFO - [2024-05-02T00:02:40.432-0500] {dag.py:3954} INFO - Setting next_dagrun for example_time_delta_sensor_async to None, run_after=None
[2024-05-02T00:02:40.439-0500] {processor.py:183} INFO - Processing /Users/nestoralfaro/Desktop/pbi-scenario-two/py_env/lib/python3.9/site-packages/airflow/example_dags/example_time_delta_sensor_async.py took 0.063 seconds
[2024-05-02T00:03:40.336-0500] {processor.py:161} INFO - Started process (PID=36129) to work on /Users/nestoralfaro/Desktop/pbi-scenario-two/py_env/lib/python3.9/site-packages/airflow/example_dags/example_time_delta_sensor_async.py
[2024-05-02T00:03:40.338-0500] {processor.py:830} INFO - Processing file /Users/nestoralfaro/Desktop/pbi-scenario-two/py_env/lib/python3.9/site-packages/airflow/example_dags/example_time_delta_sensor_async.py for tasks to queue
[2024-05-02T00:03:40.339-0500] {logging_mixin.py:188} INFO - [2024-05-02T00:03:40.339-0500] {dagbag.py:540} INFO - Filling up the DagBag from /Users/nestoralfaro/Desktop/pbi-scenario-two/py_env/lib/python3.9/site-packages/airflow/example_dags/example_time_delta_sensor_async.py
[2024-05-02T00:03:40.342-0500] {processor.py:840} INFO - DAG(s) 'example_time_delta_sensor_async' retrieved from /Users/nestoralfaro/Desktop/pbi-scenario-two/py_env/lib/python3.9/site-packages/airflow/example_dags/example_time_delta_sensor_async.py
[2024-05-02T00:03:40.386-0500] {logging_mixin.py:188} INFO - [2024-05-02T00:03:40.386-0500] {dag.py:3096} INFO - Sync 1 DAGs
[2024-05-02T00:03:40.390-0500] {logging_mixin.py:188} INFO - [2024-05-02T00:03:40.390-0500] {dag.py:3954} INFO - Setting next_dagrun for example_time_delta_sensor_async to None, run_after=None
[2024-05-02T00:03:40.398-0500] {processor.py:183} INFO - Processing /Users/nestoralfaro/Desktop/pbi-scenario-two/py_env/lib/python3.9/site-packages/airflow/example_dags/example_time_delta_sensor_async.py took 0.063 seconds
[2024-05-02T00:04:37.775-0500] {processor.py:161} INFO - Started process (PID=36168) to work on /Users/nestoralfaro/Desktop/pbi-scenario-two/py_env/lib/python3.9/site-packages/airflow/example_dags/example_time_delta_sensor_async.py
[2024-05-02T00:04:37.777-0500] {processor.py:830} INFO - Processing file /Users/nestoralfaro/Desktop/pbi-scenario-two/py_env/lib/python3.9/site-packages/airflow/example_dags/example_time_delta_sensor_async.py for tasks to queue
[2024-05-02T00:04:37.777-0500] {logging_mixin.py:188} INFO - [2024-05-02T00:04:37.777-0500] {dagbag.py:540} INFO - Filling up the DagBag from /Users/nestoralfaro/Desktop/pbi-scenario-two/py_env/lib/python3.9/site-packages/airflow/example_dags/example_time_delta_sensor_async.py
[2024-05-02T00:04:37.781-0500] {processor.py:840} INFO - DAG(s) 'example_time_delta_sensor_async' retrieved from /Users/nestoralfaro/Desktop/pbi-scenario-two/py_env/lib/python3.9/site-packages/airflow/example_dags/example_time_delta_sensor_async.py
[2024-05-02T00:04:37.828-0500] {logging_mixin.py:188} INFO - [2024-05-02T00:04:37.827-0500] {dag.py:3096} INFO - Sync 1 DAGs
[2024-05-02T00:04:37.831-0500] {logging_mixin.py:188} INFO - [2024-05-02T00:04:37.831-0500] {dag.py:3954} INFO - Setting next_dagrun for example_time_delta_sensor_async to None, run_after=None
[2024-05-02T00:04:37.838-0500] {processor.py:183} INFO - Processing /Users/nestoralfaro/Desktop/pbi-scenario-two/py_env/lib/python3.9/site-packages/airflow/example_dags/example_time_delta_sensor_async.py took 0.065 seconds
[2024-05-02T00:05:32.176-0500] {processor.py:161} INFO - Started process (PID=36204) to work on /Users/nestoralfaro/Desktop/pbi-scenario-two/py_env/lib/python3.9/site-packages/airflow/example_dags/example_time_delta_sensor_async.py
[2024-05-02T00:05:32.178-0500] {processor.py:830} INFO - Processing file /Users/nestoralfaro/Desktop/pbi-scenario-two/py_env/lib/python3.9/site-packages/airflow/example_dags/example_time_delta_sensor_async.py for tasks to queue
[2024-05-02T00:05:32.178-0500] {logging_mixin.py:188} INFO - [2024-05-02T00:05:32.178-0500] {dagbag.py:540} INFO - Filling up the DagBag from /Users/nestoralfaro/Desktop/pbi-scenario-two/py_env/lib/python3.9/site-packages/airflow/example_dags/example_time_delta_sensor_async.py
[2024-05-02T00:05:32.183-0500] {processor.py:840} INFO - DAG(s) 'example_time_delta_sensor_async' retrieved from /Users/nestoralfaro/Desktop/pbi-scenario-two/py_env/lib/python3.9/site-packages/airflow/example_dags/example_time_delta_sensor_async.py
[2024-05-02T00:05:32.229-0500] {logging_mixin.py:188} INFO - [2024-05-02T00:05:32.229-0500] {dag.py:3096} INFO - Sync 1 DAGs
[2024-05-02T00:05:32.233-0500] {logging_mixin.py:188} INFO - [2024-05-02T00:05:32.233-0500] {dag.py:3954} INFO - Setting next_dagrun for example_time_delta_sensor_async to None, run_after=None
[2024-05-02T00:05:32.240-0500] {processor.py:183} INFO - Processing /Users/nestoralfaro/Desktop/pbi-scenario-two/py_env/lib/python3.9/site-packages/airflow/example_dags/example_time_delta_sensor_async.py took 0.066 seconds
[2024-05-02T00:06:29.854-0500] {processor.py:161} INFO - Started process (PID=36249) to work on /Users/nestoralfaro/Desktop/pbi-scenario-two/py_env/lib/python3.9/site-packages/airflow/example_dags/example_time_delta_sensor_async.py
[2024-05-02T00:06:29.855-0500] {processor.py:830} INFO - Processing file /Users/nestoralfaro/Desktop/pbi-scenario-two/py_env/lib/python3.9/site-packages/airflow/example_dags/example_time_delta_sensor_async.py for tasks to queue
[2024-05-02T00:06:29.856-0500] {logging_mixin.py:188} INFO - [2024-05-02T00:06:29.855-0500] {dagbag.py:540} INFO - Filling up the DagBag from /Users/nestoralfaro/Desktop/pbi-scenario-two/py_env/lib/python3.9/site-packages/airflow/example_dags/example_time_delta_sensor_async.py
[2024-05-02T00:06:29.860-0500] {processor.py:840} INFO - DAG(s) 'example_time_delta_sensor_async' retrieved from /Users/nestoralfaro/Desktop/pbi-scenario-two/py_env/lib/python3.9/site-packages/airflow/example_dags/example_time_delta_sensor_async.py
[2024-05-02T00:06:29.904-0500] {logging_mixin.py:188} INFO - [2024-05-02T00:06:29.904-0500] {dag.py:3096} INFO - Sync 1 DAGs
[2024-05-02T00:06:29.907-0500] {logging_mixin.py:188} INFO - [2024-05-02T00:06:29.907-0500] {dag.py:3954} INFO - Setting next_dagrun for example_time_delta_sensor_async to None, run_after=None
[2024-05-02T00:06:29.914-0500] {processor.py:183} INFO - Processing /Users/nestoralfaro/Desktop/pbi-scenario-two/py_env/lib/python3.9/site-packages/airflow/example_dags/example_time_delta_sensor_async.py took 0.062 seconds
[2024-05-02T00:08:17.003-0500] {processor.py:161} INFO - Started process (PID=36325) to work on /Users/nestoralfaro/Desktop/pbi-scenario-two/py_env/lib/python3.9/site-packages/airflow/example_dags/example_time_delta_sensor_async.py
[2024-05-02T00:08:17.004-0500] {processor.py:830} INFO - Processing file /Users/nestoralfaro/Desktop/pbi-scenario-two/py_env/lib/python3.9/site-packages/airflow/example_dags/example_time_delta_sensor_async.py for tasks to queue
[2024-05-02T00:08:17.004-0500] {logging_mixin.py:188} INFO - [2024-05-02T00:08:17.004-0500] {dagbag.py:540} INFO - Filling up the DagBag from /Users/nestoralfaro/Desktop/pbi-scenario-two/py_env/lib/python3.9/site-packages/airflow/example_dags/example_time_delta_sensor_async.py
[2024-05-02T00:08:17.008-0500] {processor.py:840} INFO - DAG(s) 'example_time_delta_sensor_async' retrieved from /Users/nestoralfaro/Desktop/pbi-scenario-two/py_env/lib/python3.9/site-packages/airflow/example_dags/example_time_delta_sensor_async.py
[2024-05-02T00:08:17.051-0500] {logging_mixin.py:188} INFO - [2024-05-02T00:08:17.051-0500] {dag.py:3096} INFO - Sync 1 DAGs
[2024-05-02T00:08:17.055-0500] {logging_mixin.py:188} INFO - [2024-05-02T00:08:17.055-0500] {dag.py:3954} INFO - Setting next_dagrun for example_time_delta_sensor_async to None, run_after=None
[2024-05-02T00:08:17.062-0500] {processor.py:183} INFO - Processing /Users/nestoralfaro/Desktop/pbi-scenario-two/py_env/lib/python3.9/site-packages/airflow/example_dags/example_time_delta_sensor_async.py took 0.060 seconds
[2024-05-02T00:09:14.900-0500] {processor.py:161} INFO - Started process (PID=36358) to work on /Users/nestoralfaro/Desktop/pbi-scenario-two/py_env/lib/python3.9/site-packages/airflow/example_dags/example_time_delta_sensor_async.py
[2024-05-02T00:09:14.902-0500] {processor.py:830} INFO - Processing file /Users/nestoralfaro/Desktop/pbi-scenario-two/py_env/lib/python3.9/site-packages/airflow/example_dags/example_time_delta_sensor_async.py for tasks to queue
[2024-05-02T00:09:14.902-0500] {logging_mixin.py:188} INFO - [2024-05-02T00:09:14.902-0500] {dagbag.py:540} INFO - Filling up the DagBag from /Users/nestoralfaro/Desktop/pbi-scenario-two/py_env/lib/python3.9/site-packages/airflow/example_dags/example_time_delta_sensor_async.py
[2024-05-02T00:09:14.906-0500] {processor.py:840} INFO - DAG(s) 'example_time_delta_sensor_async' retrieved from /Users/nestoralfaro/Desktop/pbi-scenario-two/py_env/lib/python3.9/site-packages/airflow/example_dags/example_time_delta_sensor_async.py
[2024-05-02T00:09:14.949-0500] {logging_mixin.py:188} INFO - [2024-05-02T00:09:14.949-0500] {dag.py:3096} INFO - Sync 1 DAGs
[2024-05-02T00:09:14.953-0500] {logging_mixin.py:188} INFO - [2024-05-02T00:09:14.953-0500] {dag.py:3954} INFO - Setting next_dagrun for example_time_delta_sensor_async to None, run_after=None
[2024-05-02T00:09:14.959-0500] {processor.py:183} INFO - Processing /Users/nestoralfaro/Desktop/pbi-scenario-two/py_env/lib/python3.9/site-packages/airflow/example_dags/example_time_delta_sensor_async.py took 0.061 seconds
[2024-05-02T00:11:21.620-0500] {processor.py:161} INFO - Started process (PID=36419) to work on /Users/nestoralfaro/Desktop/pbi-scenario-two/py_env/lib/python3.9/site-packages/airflow/example_dags/example_time_delta_sensor_async.py
[2024-05-02T00:11:21.621-0500] {processor.py:830} INFO - Processing file /Users/nestoralfaro/Desktop/pbi-scenario-two/py_env/lib/python3.9/site-packages/airflow/example_dags/example_time_delta_sensor_async.py for tasks to queue
[2024-05-02T00:11:21.622-0500] {logging_mixin.py:188} INFO - [2024-05-02T00:11:21.622-0500] {dagbag.py:540} INFO - Filling up the DagBag from /Users/nestoralfaro/Desktop/pbi-scenario-two/py_env/lib/python3.9/site-packages/airflow/example_dags/example_time_delta_sensor_async.py
[2024-05-02T00:11:21.626-0500] {processor.py:840} INFO - DAG(s) 'example_time_delta_sensor_async' retrieved from /Users/nestoralfaro/Desktop/pbi-scenario-two/py_env/lib/python3.9/site-packages/airflow/example_dags/example_time_delta_sensor_async.py
[2024-05-02T00:11:21.676-0500] {logging_mixin.py:188} INFO - [2024-05-02T00:11:21.676-0500] {dag.py:3096} INFO - Sync 1 DAGs
[2024-05-02T00:11:21.680-0500] {logging_mixin.py:188} INFO - [2024-05-02T00:11:21.680-0500] {dag.py:3954} INFO - Setting next_dagrun for example_time_delta_sensor_async to None, run_after=None
[2024-05-02T00:11:21.689-0500] {processor.py:183} INFO - Processing /Users/nestoralfaro/Desktop/pbi-scenario-two/py_env/lib/python3.9/site-packages/airflow/example_dags/example_time_delta_sensor_async.py took 0.071 seconds
[2024-05-02T00:12:46.747-0500] {processor.py:161} INFO - Started process (PID=36516) to work on /Users/nestoralfaro/Desktop/pbi-scenario-two/py_env/lib/python3.9/site-packages/airflow/example_dags/example_time_delta_sensor_async.py
[2024-05-02T00:12:46.748-0500] {processor.py:830} INFO - Processing file /Users/nestoralfaro/Desktop/pbi-scenario-two/py_env/lib/python3.9/site-packages/airflow/example_dags/example_time_delta_sensor_async.py for tasks to queue
[2024-05-02T00:12:46.749-0500] {logging_mixin.py:188} INFO - [2024-05-02T00:12:46.748-0500] {dagbag.py:540} INFO - Filling up the DagBag from /Users/nestoralfaro/Desktop/pbi-scenario-two/py_env/lib/python3.9/site-packages/airflow/example_dags/example_time_delta_sensor_async.py
[2024-05-02T00:12:46.752-0500] {processor.py:840} INFO - DAG(s) 'example_time_delta_sensor_async' retrieved from /Users/nestoralfaro/Desktop/pbi-scenario-two/py_env/lib/python3.9/site-packages/airflow/example_dags/example_time_delta_sensor_async.py
[2024-05-02T00:12:46.796-0500] {logging_mixin.py:188} INFO - [2024-05-02T00:12:46.796-0500] {dag.py:3096} INFO - Sync 1 DAGs
[2024-05-02T00:12:46.800-0500] {logging_mixin.py:188} INFO - [2024-05-02T00:12:46.800-0500] {dag.py:3954} INFO - Setting next_dagrun for example_time_delta_sensor_async to None, run_after=None
[2024-05-02T00:12:46.807-0500] {processor.py:183} INFO - Processing /Users/nestoralfaro/Desktop/pbi-scenario-two/py_env/lib/python3.9/site-packages/airflow/example_dags/example_time_delta_sensor_async.py took 0.061 seconds
[2024-05-02T00:13:44.693-0500] {processor.py:161} INFO - Started process (PID=36554) to work on /Users/nestoralfaro/Desktop/pbi-scenario-two/py_env/lib/python3.9/site-packages/airflow/example_dags/example_time_delta_sensor_async.py
[2024-05-02T00:13:44.696-0500] {processor.py:830} INFO - Processing file /Users/nestoralfaro/Desktop/pbi-scenario-two/py_env/lib/python3.9/site-packages/airflow/example_dags/example_time_delta_sensor_async.py for tasks to queue
[2024-05-02T00:13:44.696-0500] {logging_mixin.py:188} INFO - [2024-05-02T00:13:44.696-0500] {dagbag.py:540} INFO - Filling up the DagBag from /Users/nestoralfaro/Desktop/pbi-scenario-two/py_env/lib/python3.9/site-packages/airflow/example_dags/example_time_delta_sensor_async.py
[2024-05-02T00:13:44.700-0500] {processor.py:840} INFO - DAG(s) 'example_time_delta_sensor_async' retrieved from /Users/nestoralfaro/Desktop/pbi-scenario-two/py_env/lib/python3.9/site-packages/airflow/example_dags/example_time_delta_sensor_async.py
[2024-05-02T00:13:44.746-0500] {logging_mixin.py:188} INFO - [2024-05-02T00:13:44.746-0500] {dag.py:3096} INFO - Sync 1 DAGs
[2024-05-02T00:13:44.750-0500] {logging_mixin.py:188} INFO - [2024-05-02T00:13:44.750-0500] {dag.py:3954} INFO - Setting next_dagrun for example_time_delta_sensor_async to None, run_after=None
[2024-05-02T00:13:44.757-0500] {processor.py:183} INFO - Processing /Users/nestoralfaro/Desktop/pbi-scenario-two/py_env/lib/python3.9/site-packages/airflow/example_dags/example_time_delta_sensor_async.py took 0.065 seconds
[2024-05-02T00:15:13.174-0500] {processor.py:161} INFO - Started process (PID=36604) to work on /Users/nestoralfaro/Desktop/pbi-scenario-two/py_env/lib/python3.9/site-packages/airflow/example_dags/example_time_delta_sensor_async.py
[2024-05-02T00:15:13.176-0500] {processor.py:830} INFO - Processing file /Users/nestoralfaro/Desktop/pbi-scenario-two/py_env/lib/python3.9/site-packages/airflow/example_dags/example_time_delta_sensor_async.py for tasks to queue
[2024-05-02T00:15:13.177-0500] {logging_mixin.py:188} INFO - [2024-05-02T00:15:13.176-0500] {dagbag.py:540} INFO - Filling up the DagBag from /Users/nestoralfaro/Desktop/pbi-scenario-two/py_env/lib/python3.9/site-packages/airflow/example_dags/example_time_delta_sensor_async.py
[2024-05-02T00:15:13.180-0500] {processor.py:840} INFO - DAG(s) 'example_time_delta_sensor_async' retrieved from /Users/nestoralfaro/Desktop/pbi-scenario-two/py_env/lib/python3.9/site-packages/airflow/example_dags/example_time_delta_sensor_async.py
[2024-05-02T00:15:13.226-0500] {logging_mixin.py:188} INFO - [2024-05-02T00:15:13.226-0500] {dag.py:3096} INFO - Sync 1 DAGs
[2024-05-02T00:15:13.230-0500] {logging_mixin.py:188} INFO - [2024-05-02T00:15:13.230-0500] {dag.py:3954} INFO - Setting next_dagrun for example_time_delta_sensor_async to None, run_after=None
[2024-05-02T00:15:13.237-0500] {processor.py:183} INFO - Processing /Users/nestoralfaro/Desktop/pbi-scenario-two/py_env/lib/python3.9/site-packages/airflow/example_dags/example_time_delta_sensor_async.py took 0.064 seconds
[2024-05-02T00:16:41.658-0500] {processor.py:161} INFO - Started process (PID=36671) to work on /Users/nestoralfaro/Desktop/pbi-scenario-two/py_env/lib/python3.9/site-packages/airflow/example_dags/example_time_delta_sensor_async.py
[2024-05-02T00:16:41.660-0500] {processor.py:830} INFO - Processing file /Users/nestoralfaro/Desktop/pbi-scenario-two/py_env/lib/python3.9/site-packages/airflow/example_dags/example_time_delta_sensor_async.py for tasks to queue
[2024-05-02T00:16:41.660-0500] {logging_mixin.py:188} INFO - [2024-05-02T00:16:41.660-0500] {dagbag.py:540} INFO - Filling up the DagBag from /Users/nestoralfaro/Desktop/pbi-scenario-two/py_env/lib/python3.9/site-packages/airflow/example_dags/example_time_delta_sensor_async.py
[2024-05-02T00:16:41.663-0500] {processor.py:840} INFO - DAG(s) 'example_time_delta_sensor_async' retrieved from /Users/nestoralfaro/Desktop/pbi-scenario-two/py_env/lib/python3.9/site-packages/airflow/example_dags/example_time_delta_sensor_async.py
[2024-05-02T00:16:41.708-0500] {logging_mixin.py:188} INFO - [2024-05-02T00:16:41.708-0500] {dag.py:3096} INFO - Sync 1 DAGs
[2024-05-02T00:16:41.712-0500] {logging_mixin.py:188} INFO - [2024-05-02T00:16:41.712-0500] {dag.py:3954} INFO - Setting next_dagrun for example_time_delta_sensor_async to None, run_after=None
[2024-05-02T00:16:41.719-0500] {processor.py:183} INFO - Processing /Users/nestoralfaro/Desktop/pbi-scenario-two/py_env/lib/python3.9/site-packages/airflow/example_dags/example_time_delta_sensor_async.py took 0.062 seconds
[2024-05-02T00:17:39.065-0500] {processor.py:161} INFO - Started process (PID=36709) to work on /Users/nestoralfaro/Desktop/pbi-scenario-two/py_env/lib/python3.9/site-packages/airflow/example_dags/example_time_delta_sensor_async.py
[2024-05-02T00:17:39.066-0500] {processor.py:830} INFO - Processing file /Users/nestoralfaro/Desktop/pbi-scenario-two/py_env/lib/python3.9/site-packages/airflow/example_dags/example_time_delta_sensor_async.py for tasks to queue
[2024-05-02T00:17:39.066-0500] {logging_mixin.py:188} INFO - [2024-05-02T00:17:39.066-0500] {dagbag.py:540} INFO - Filling up the DagBag from /Users/nestoralfaro/Desktop/pbi-scenario-two/py_env/lib/python3.9/site-packages/airflow/example_dags/example_time_delta_sensor_async.py
[2024-05-02T00:17:39.070-0500] {processor.py:840} INFO - DAG(s) 'example_time_delta_sensor_async' retrieved from /Users/nestoralfaro/Desktop/pbi-scenario-two/py_env/lib/python3.9/site-packages/airflow/example_dags/example_time_delta_sensor_async.py
[2024-05-02T00:17:39.118-0500] {logging_mixin.py:188} INFO - [2024-05-02T00:17:39.117-0500] {dag.py:3096} INFO - Sync 1 DAGs
[2024-05-02T00:17:39.121-0500] {logging_mixin.py:188} INFO - [2024-05-02T00:17:39.121-0500] {dag.py:3954} INFO - Setting next_dagrun for example_time_delta_sensor_async to None, run_after=None
[2024-05-02T00:17:39.130-0500] {processor.py:183} INFO - Processing /Users/nestoralfaro/Desktop/pbi-scenario-two/py_env/lib/python3.9/site-packages/airflow/example_dags/example_time_delta_sensor_async.py took 0.067 seconds
[2024-05-02T00:18:37.749-0500] {processor.py:161} INFO - Started process (PID=36745) to work on /Users/nestoralfaro/Desktop/pbi-scenario-two/py_env/lib/python3.9/site-packages/airflow/example_dags/example_time_delta_sensor_async.py
[2024-05-02T00:18:37.751-0500] {processor.py:830} INFO - Processing file /Users/nestoralfaro/Desktop/pbi-scenario-two/py_env/lib/python3.9/site-packages/airflow/example_dags/example_time_delta_sensor_async.py for tasks to queue
[2024-05-02T00:18:37.751-0500] {logging_mixin.py:188} INFO - [2024-05-02T00:18:37.751-0500] {dagbag.py:540} INFO - Filling up the DagBag from /Users/nestoralfaro/Desktop/pbi-scenario-two/py_env/lib/python3.9/site-packages/airflow/example_dags/example_time_delta_sensor_async.py
[2024-05-02T00:18:37.755-0500] {processor.py:840} INFO - DAG(s) 'example_time_delta_sensor_async' retrieved from /Users/nestoralfaro/Desktop/pbi-scenario-two/py_env/lib/python3.9/site-packages/airflow/example_dags/example_time_delta_sensor_async.py
[2024-05-02T00:18:37.799-0500] {logging_mixin.py:188} INFO - [2024-05-02T00:18:37.799-0500] {dag.py:3096} INFO - Sync 1 DAGs
[2024-05-02T00:18:37.803-0500] {logging_mixin.py:188} INFO - [2024-05-02T00:18:37.803-0500] {dag.py:3954} INFO - Setting next_dagrun for example_time_delta_sensor_async to None, run_after=None
[2024-05-02T00:18:37.811-0500] {processor.py:183} INFO - Processing /Users/nestoralfaro/Desktop/pbi-scenario-two/py_env/lib/python3.9/site-packages/airflow/example_dags/example_time_delta_sensor_async.py took 0.063 seconds
[2024-05-02T00:19:34.317-0500] {processor.py:161} INFO - Started process (PID=36818) to work on /Users/nestoralfaro/Desktop/pbi-scenario-two/py_env/lib/python3.9/site-packages/airflow/example_dags/example_time_delta_sensor_async.py
[2024-05-02T00:19:34.319-0500] {processor.py:830} INFO - Processing file /Users/nestoralfaro/Desktop/pbi-scenario-two/py_env/lib/python3.9/site-packages/airflow/example_dags/example_time_delta_sensor_async.py for tasks to queue
[2024-05-02T00:19:34.319-0500] {logging_mixin.py:188} INFO - [2024-05-02T00:19:34.319-0500] {dagbag.py:540} INFO - Filling up the DagBag from /Users/nestoralfaro/Desktop/pbi-scenario-two/py_env/lib/python3.9/site-packages/airflow/example_dags/example_time_delta_sensor_async.py
[2024-05-02T00:19:34.323-0500] {processor.py:840} INFO - DAG(s) 'example_time_delta_sensor_async' retrieved from /Users/nestoralfaro/Desktop/pbi-scenario-two/py_env/lib/python3.9/site-packages/airflow/example_dags/example_time_delta_sensor_async.py
[2024-05-02T00:19:34.367-0500] {logging_mixin.py:188} INFO - [2024-05-02T00:19:34.366-0500] {dag.py:3096} INFO - Sync 1 DAGs
[2024-05-02T00:19:34.370-0500] {logging_mixin.py:188} INFO - [2024-05-02T00:19:34.370-0500] {dag.py:3954} INFO - Setting next_dagrun for example_time_delta_sensor_async to None, run_after=None
[2024-05-02T00:19:34.378-0500] {processor.py:183} INFO - Processing /Users/nestoralfaro/Desktop/pbi-scenario-two/py_env/lib/python3.9/site-packages/airflow/example_dags/example_time_delta_sensor_async.py took 0.062 seconds
[2024-05-02T00:20:33.667-0500] {processor.py:161} INFO - Started process (PID=36855) to work on /Users/nestoralfaro/Desktop/pbi-scenario-two/py_env/lib/python3.9/site-packages/airflow/example_dags/example_time_delta_sensor_async.py
[2024-05-02T00:20:33.669-0500] {processor.py:830} INFO - Processing file /Users/nestoralfaro/Desktop/pbi-scenario-two/py_env/lib/python3.9/site-packages/airflow/example_dags/example_time_delta_sensor_async.py for tasks to queue
[2024-05-02T00:20:33.669-0500] {logging_mixin.py:188} INFO - [2024-05-02T00:20:33.669-0500] {dagbag.py:540} INFO - Filling up the DagBag from /Users/nestoralfaro/Desktop/pbi-scenario-two/py_env/lib/python3.9/site-packages/airflow/example_dags/example_time_delta_sensor_async.py
[2024-05-02T00:20:33.672-0500] {processor.py:840} INFO - DAG(s) 'example_time_delta_sensor_async' retrieved from /Users/nestoralfaro/Desktop/pbi-scenario-two/py_env/lib/python3.9/site-packages/airflow/example_dags/example_time_delta_sensor_async.py
[2024-05-02T00:20:33.717-0500] {logging_mixin.py:188} INFO - [2024-05-02T00:20:33.717-0500] {dag.py:3096} INFO - Sync 1 DAGs
[2024-05-02T00:20:33.721-0500] {logging_mixin.py:188} INFO - [2024-05-02T00:20:33.721-0500] {dag.py:3954} INFO - Setting next_dagrun for example_time_delta_sensor_async to None, run_after=None
[2024-05-02T00:20:33.728-0500] {processor.py:183} INFO - Processing /Users/nestoralfaro/Desktop/pbi-scenario-two/py_env/lib/python3.9/site-packages/airflow/example_dags/example_time_delta_sensor_async.py took 0.062 seconds
[2024-05-02T00:21:33.944-0500] {processor.py:161} INFO - Started process (PID=36891) to work on /Users/nestoralfaro/Desktop/pbi-scenario-two/py_env/lib/python3.9/site-packages/airflow/example_dags/example_time_delta_sensor_async.py
[2024-05-02T00:21:33.945-0500] {processor.py:830} INFO - Processing file /Users/nestoralfaro/Desktop/pbi-scenario-two/py_env/lib/python3.9/site-packages/airflow/example_dags/example_time_delta_sensor_async.py for tasks to queue
[2024-05-02T00:21:33.946-0500] {logging_mixin.py:188} INFO - [2024-05-02T00:21:33.945-0500] {dagbag.py:540} INFO - Filling up the DagBag from /Users/nestoralfaro/Desktop/pbi-scenario-two/py_env/lib/python3.9/site-packages/airflow/example_dags/example_time_delta_sensor_async.py
[2024-05-02T00:21:33.949-0500] {processor.py:840} INFO - DAG(s) 'example_time_delta_sensor_async' retrieved from /Users/nestoralfaro/Desktop/pbi-scenario-two/py_env/lib/python3.9/site-packages/airflow/example_dags/example_time_delta_sensor_async.py
[2024-05-02T00:21:33.996-0500] {logging_mixin.py:188} INFO - [2024-05-02T00:21:33.996-0500] {dag.py:3096} INFO - Sync 1 DAGs
[2024-05-02T00:21:34.000-0500] {logging_mixin.py:188} INFO - [2024-05-02T00:21:34.000-0500] {dag.py:3954} INFO - Setting next_dagrun for example_time_delta_sensor_async to None, run_after=None
[2024-05-02T00:21:34.007-0500] {processor.py:183} INFO - Processing /Users/nestoralfaro/Desktop/pbi-scenario-two/py_env/lib/python3.9/site-packages/airflow/example_dags/example_time_delta_sensor_async.py took 0.064 seconds
[2024-05-02T00:22:32.005-0500] {processor.py:161} INFO - Started process (PID=36959) to work on /Users/nestoralfaro/Desktop/pbi-scenario-two/py_env/lib/python3.9/site-packages/airflow/example_dags/example_time_delta_sensor_async.py
[2024-05-02T00:22:32.006-0500] {processor.py:830} INFO - Processing file /Users/nestoralfaro/Desktop/pbi-scenario-two/py_env/lib/python3.9/site-packages/airflow/example_dags/example_time_delta_sensor_async.py for tasks to queue
[2024-05-02T00:22:32.007-0500] {logging_mixin.py:188} INFO - [2024-05-02T00:22:32.006-0500] {dagbag.py:540} INFO - Filling up the DagBag from /Users/nestoralfaro/Desktop/pbi-scenario-two/py_env/lib/python3.9/site-packages/airflow/example_dags/example_time_delta_sensor_async.py
[2024-05-02T00:22:32.010-0500] {processor.py:840} INFO - DAG(s) 'example_time_delta_sensor_async' retrieved from /Users/nestoralfaro/Desktop/pbi-scenario-two/py_env/lib/python3.9/site-packages/airflow/example_dags/example_time_delta_sensor_async.py
[2024-05-02T00:22:32.057-0500] {logging_mixin.py:188} INFO - [2024-05-02T00:22:32.057-0500] {dag.py:3096} INFO - Sync 1 DAGs
[2024-05-02T00:22:32.060-0500] {logging_mixin.py:188} INFO - [2024-05-02T00:22:32.060-0500] {dag.py:3954} INFO - Setting next_dagrun for example_time_delta_sensor_async to None, run_after=None
[2024-05-02T00:22:32.068-0500] {processor.py:183} INFO - Processing /Users/nestoralfaro/Desktop/pbi-scenario-two/py_env/lib/python3.9/site-packages/airflow/example_dags/example_time_delta_sensor_async.py took 0.064 seconds
