[2024-05-01T23:30:32.590-0500] {processor.py:161} INFO - Started process (PID=34754) to work on /Users/nestoralfaro/Desktop/pbi-scenario-two/py_env/lib/python3.9/site-packages/airflow/example_dags/example_sla_dag.py
[2024-05-01T23:30:32.591-0500] {processor.py:830} INFO - Processing file /Users/nestoralfaro/Desktop/pbi-scenario-two/py_env/lib/python3.9/site-packages/airflow/example_dags/example_sla_dag.py for tasks to queue
[2024-05-01T23:30:32.592-0500] {logging_mixin.py:188} INFO - [2024-05-01T23:30:32.592-0500] {dagbag.py:540} INFO - Filling up the DagBag from /Users/nestoralfaro/Desktop/pbi-scenario-two/py_env/lib/python3.9/site-packages/airflow/example_dags/example_sla_dag.py
[2024-05-01T23:30:32.609-0500] {processor.py:840} INFO - DAG(s) 'example_sla_dag' retrieved from /Users/nestoralfaro/Desktop/pbi-scenario-two/py_env/lib/python3.9/site-packages/airflow/example_dags/example_sla_dag.py
[2024-05-01T23:30:32.718-0500] {logging_mixin.py:188} INFO - [2024-05-01T23:30:32.717-0500] {dag.py:3096} INFO - Sync 1 DAGs
[2024-05-01T23:30:32.728-0500] {logging_mixin.py:188} INFO - [2024-05-01T23:30:32.728-0500] {dag.py:3954} INFO - Setting next_dagrun for example_sla_dag to 2024-05-02 04:28:00+00:00, run_after=2024-05-02 04:30:00+00:00
[2024-05-01T23:30:32.738-0500] {processor.py:183} INFO - Processing /Users/nestoralfaro/Desktop/pbi-scenario-two/py_env/lib/python3.9/site-packages/airflow/example_dags/example_sla_dag.py took 0.151 seconds
[2024-05-01T23:32:08.373-0500] {processor.py:161} INFO - Started process (PID=34825) to work on /Users/nestoralfaro/Desktop/pbi-scenario-two/py_env/lib/python3.9/site-packages/airflow/example_dags/example_sla_dag.py
[2024-05-01T23:32:08.375-0500] {processor.py:830} INFO - Processing file /Users/nestoralfaro/Desktop/pbi-scenario-two/py_env/lib/python3.9/site-packages/airflow/example_dags/example_sla_dag.py for tasks to queue
[2024-05-01T23:32:08.375-0500] {logging_mixin.py:188} INFO - [2024-05-01T23:32:08.375-0500] {dagbag.py:540} INFO - Filling up the DagBag from /Users/nestoralfaro/Desktop/pbi-scenario-two/py_env/lib/python3.9/site-packages/airflow/example_dags/example_sla_dag.py
[2024-05-01T23:32:08.391-0500] {processor.py:840} INFO - DAG(s) 'example_sla_dag' retrieved from /Users/nestoralfaro/Desktop/pbi-scenario-two/py_env/lib/python3.9/site-packages/airflow/example_dags/example_sla_dag.py
[2024-05-01T23:32:08.430-0500] {logging_mixin.py:188} INFO - [2024-05-01T23:32:08.430-0500] {dag.py:3096} INFO - Sync 1 DAGs
[2024-05-01T23:32:08.462-0500] {logging_mixin.py:188} INFO - [2024-05-01T23:32:08.462-0500] {dag.py:3954} INFO - Setting next_dagrun for example_sla_dag to 2024-05-02 04:30:00+00:00, run_after=2024-05-02 04:32:00+00:00
[2024-05-01T23:32:08.469-0500] {processor.py:183} INFO - Processing /Users/nestoralfaro/Desktop/pbi-scenario-two/py_env/lib/python3.9/site-packages/airflow/example_dags/example_sla_dag.py took 0.097 seconds
[2024-05-01T23:34:08.477-0500] {processor.py:161} INFO - Started process (PID=34913) to work on /Users/nestoralfaro/Desktop/pbi-scenario-two/py_env/lib/python3.9/site-packages/airflow/example_dags/example_sla_dag.py
[2024-05-01T23:34:08.479-0500] {processor.py:830} INFO - Processing file /Users/nestoralfaro/Desktop/pbi-scenario-two/py_env/lib/python3.9/site-packages/airflow/example_dags/example_sla_dag.py for tasks to queue
[2024-05-01T23:34:08.479-0500] {logging_mixin.py:188} INFO - [2024-05-01T23:34:08.479-0500] {dagbag.py:540} INFO - Filling up the DagBag from /Users/nestoralfaro/Desktop/pbi-scenario-two/py_env/lib/python3.9/site-packages/airflow/example_dags/example_sla_dag.py
[2024-05-01T23:34:08.496-0500] {processor.py:840} INFO - DAG(s) 'example_sla_dag' retrieved from /Users/nestoralfaro/Desktop/pbi-scenario-two/py_env/lib/python3.9/site-packages/airflow/example_dags/example_sla_dag.py
[2024-05-01T23:34:08.539-0500] {logging_mixin.py:188} INFO - [2024-05-01T23:34:08.539-0500] {dag.py:3096} INFO - Sync 1 DAGs
[2024-05-01T23:34:08.574-0500] {logging_mixin.py:188} INFO - [2024-05-01T23:34:08.574-0500] {dag.py:3954} INFO - Setting next_dagrun for example_sla_dag to 2024-05-02 04:32:00+00:00, run_after=2024-05-02 04:34:00+00:00
[2024-05-01T23:34:08.581-0500] {processor.py:183} INFO - Processing /Users/nestoralfaro/Desktop/pbi-scenario-two/py_env/lib/python3.9/site-packages/airflow/example_dags/example_sla_dag.py took 0.105 seconds
[2024-05-01T23:36:03.433-0500] {processor.py:161} INFO - Started process (PID=34983) to work on /Users/nestoralfaro/Desktop/pbi-scenario-two/py_env/lib/python3.9/site-packages/airflow/example_dags/example_sla_dag.py
[2024-05-01T23:36:03.434-0500] {processor.py:830} INFO - Processing file /Users/nestoralfaro/Desktop/pbi-scenario-two/py_env/lib/python3.9/site-packages/airflow/example_dags/example_sla_dag.py for tasks to queue
[2024-05-01T23:36:03.434-0500] {logging_mixin.py:188} INFO - [2024-05-01T23:36:03.434-0500] {dagbag.py:540} INFO - Filling up the DagBag from /Users/nestoralfaro/Desktop/pbi-scenario-two/py_env/lib/python3.9/site-packages/airflow/example_dags/example_sla_dag.py
[2024-05-01T23:36:03.451-0500] {processor.py:840} INFO - DAG(s) 'example_sla_dag' retrieved from /Users/nestoralfaro/Desktop/pbi-scenario-two/py_env/lib/python3.9/site-packages/airflow/example_dags/example_sla_dag.py
[2024-05-01T23:36:03.496-0500] {logging_mixin.py:188} INFO - [2024-05-01T23:36:03.495-0500] {dag.py:3096} INFO - Sync 1 DAGs
[2024-05-01T23:36:03.532-0500] {logging_mixin.py:188} INFO - [2024-05-01T23:36:03.532-0500] {dag.py:3954} INFO - Setting next_dagrun for example_sla_dag to 2024-05-02 04:34:00+00:00, run_after=2024-05-02 04:36:00+00:00
[2024-05-01T23:36:03.541-0500] {processor.py:183} INFO - Processing /Users/nestoralfaro/Desktop/pbi-scenario-two/py_env/lib/python3.9/site-packages/airflow/example_dags/example_sla_dag.py took 0.109 seconds
[2024-05-01T23:37:57.965-0500] {processor.py:161} INFO - Started process (PID=35053) to work on /Users/nestoralfaro/Desktop/pbi-scenario-two/py_env/lib/python3.9/site-packages/airflow/example_dags/example_sla_dag.py
[2024-05-01T23:37:57.968-0500] {processor.py:830} INFO - Processing file /Users/nestoralfaro/Desktop/pbi-scenario-two/py_env/lib/python3.9/site-packages/airflow/example_dags/example_sla_dag.py for tasks to queue
[2024-05-01T23:37:57.968-0500] {logging_mixin.py:188} INFO - [2024-05-01T23:37:57.968-0500] {dagbag.py:540} INFO - Filling up the DagBag from /Users/nestoralfaro/Desktop/pbi-scenario-two/py_env/lib/python3.9/site-packages/airflow/example_dags/example_sla_dag.py
[2024-05-01T23:37:57.986-0500] {processor.py:840} INFO - DAG(s) 'example_sla_dag' retrieved from /Users/nestoralfaro/Desktop/pbi-scenario-two/py_env/lib/python3.9/site-packages/airflow/example_dags/example_sla_dag.py
[2024-05-01T23:37:58.028-0500] {logging_mixin.py:188} INFO - [2024-05-01T23:37:58.028-0500] {dag.py:3096} INFO - Sync 1 DAGs
[2024-05-01T23:37:58.063-0500] {logging_mixin.py:188} INFO - [2024-05-01T23:37:58.063-0500] {dag.py:3954} INFO - Setting next_dagrun for example_sla_dag to 2024-05-02 04:34:00+00:00, run_after=2024-05-02 04:36:00+00:00
[2024-05-01T23:37:58.070-0500] {processor.py:183} INFO - Processing /Users/nestoralfaro/Desktop/pbi-scenario-two/py_env/lib/python3.9/site-packages/airflow/example_dags/example_sla_dag.py took 0.106 seconds
[2024-05-01T23:39:51.284-0500] {processor.py:161} INFO - Started process (PID=35126) to work on /Users/nestoralfaro/Desktop/pbi-scenario-two/py_env/lib/python3.9/site-packages/airflow/example_dags/example_sla_dag.py
[2024-05-01T23:39:51.285-0500] {processor.py:830} INFO - Processing file /Users/nestoralfaro/Desktop/pbi-scenario-two/py_env/lib/python3.9/site-packages/airflow/example_dags/example_sla_dag.py for tasks to queue
[2024-05-01T23:39:51.286-0500] {logging_mixin.py:188} INFO - [2024-05-01T23:39:51.285-0500] {dagbag.py:540} INFO - Filling up the DagBag from /Users/nestoralfaro/Desktop/pbi-scenario-two/py_env/lib/python3.9/site-packages/airflow/example_dags/example_sla_dag.py
[2024-05-01T23:39:51.304-0500] {processor.py:840} INFO - DAG(s) 'example_sla_dag' retrieved from /Users/nestoralfaro/Desktop/pbi-scenario-two/py_env/lib/python3.9/site-packages/airflow/example_dags/example_sla_dag.py
[2024-05-01T23:39:51.348-0500] {logging_mixin.py:188} INFO - [2024-05-01T23:39:51.348-0500] {dag.py:3096} INFO - Sync 1 DAGs
[2024-05-01T23:39:51.384-0500] {logging_mixin.py:188} INFO - [2024-05-01T23:39:51.384-0500] {dag.py:3954} INFO - Setting next_dagrun for example_sla_dag to 2024-05-02 04:36:00+00:00, run_after=2024-05-02 04:38:00+00:00
[2024-05-01T23:39:51.391-0500] {processor.py:183} INFO - Processing /Users/nestoralfaro/Desktop/pbi-scenario-two/py_env/lib/python3.9/site-packages/airflow/example_dags/example_sla_dag.py took 0.109 seconds
[2024-05-01T23:42:18.372-0500] {processor.py:161} INFO - Started process (PID=35263) to work on /Users/nestoralfaro/Desktop/pbi-scenario-two/py_env/lib/python3.9/site-packages/airflow/example_dags/example_sla_dag.py
[2024-05-01T23:42:18.374-0500] {processor.py:830} INFO - Processing file /Users/nestoralfaro/Desktop/pbi-scenario-two/py_env/lib/python3.9/site-packages/airflow/example_dags/example_sla_dag.py for tasks to queue
[2024-05-01T23:42:18.374-0500] {logging_mixin.py:188} INFO - [2024-05-01T23:42:18.374-0500] {dagbag.py:540} INFO - Filling up the DagBag from /Users/nestoralfaro/Desktop/pbi-scenario-two/py_env/lib/python3.9/site-packages/airflow/example_dags/example_sla_dag.py
[2024-05-01T23:42:18.392-0500] {processor.py:840} INFO - DAG(s) 'example_sla_dag' retrieved from /Users/nestoralfaro/Desktop/pbi-scenario-two/py_env/lib/python3.9/site-packages/airflow/example_dags/example_sla_dag.py
[2024-05-01T23:42:18.436-0500] {logging_mixin.py:188} INFO - [2024-05-01T23:42:18.435-0500] {dag.py:3096} INFO - Sync 1 DAGs
[2024-05-01T23:42:18.473-0500] {logging_mixin.py:188} INFO - [2024-05-01T23:42:18.472-0500] {dag.py:3954} INFO - Setting next_dagrun for example_sla_dag to 2024-05-02 04:40:00+00:00, run_after=2024-05-02 04:42:00+00:00
[2024-05-01T23:42:18.480-0500] {processor.py:183} INFO - Processing /Users/nestoralfaro/Desktop/pbi-scenario-two/py_env/lib/python3.9/site-packages/airflow/example_dags/example_sla_dag.py took 0.109 seconds
[2024-05-01T23:43:47.583-0500] {processor.py:161} INFO - Started process (PID=35316) to work on /Users/nestoralfaro/Desktop/pbi-scenario-two/py_env/lib/python3.9/site-packages/airflow/example_dags/example_sla_dag.py
[2024-05-01T23:43:47.586-0500] {processor.py:830} INFO - Processing file /Users/nestoralfaro/Desktop/pbi-scenario-two/py_env/lib/python3.9/site-packages/airflow/example_dags/example_sla_dag.py for tasks to queue
[2024-05-01T23:43:47.586-0500] {logging_mixin.py:188} INFO - [2024-05-01T23:43:47.586-0500] {dagbag.py:540} INFO - Filling up the DagBag from /Users/nestoralfaro/Desktop/pbi-scenario-two/py_env/lib/python3.9/site-packages/airflow/example_dags/example_sla_dag.py
[2024-05-01T23:43:47.601-0500] {processor.py:840} INFO - DAG(s) 'example_sla_dag' retrieved from /Users/nestoralfaro/Desktop/pbi-scenario-two/py_env/lib/python3.9/site-packages/airflow/example_dags/example_sla_dag.py
[2024-05-01T23:43:47.641-0500] {logging_mixin.py:188} INFO - [2024-05-01T23:43:47.641-0500] {dag.py:3096} INFO - Sync 1 DAGs
[2024-05-01T23:43:47.673-0500] {logging_mixin.py:188} INFO - [2024-05-01T23:43:47.673-0500] {dag.py:3954} INFO - Setting next_dagrun for example_sla_dag to 2024-05-02 04:40:00+00:00, run_after=2024-05-02 04:42:00+00:00
[2024-05-01T23:43:47.680-0500] {processor.py:183} INFO - Processing /Users/nestoralfaro/Desktop/pbi-scenario-two/py_env/lib/python3.9/site-packages/airflow/example_dags/example_sla_dag.py took 0.098 seconds
[2024-05-01T23:45:45.807-0500] {processor.py:161} INFO - Started process (PID=35400) to work on /Users/nestoralfaro/Desktop/pbi-scenario-two/py_env/lib/python3.9/site-packages/airflow/example_dags/example_sla_dag.py
[2024-05-01T23:45:45.809-0500] {processor.py:830} INFO - Processing file /Users/nestoralfaro/Desktop/pbi-scenario-two/py_env/lib/python3.9/site-packages/airflow/example_dags/example_sla_dag.py for tasks to queue
[2024-05-01T23:45:45.809-0500] {logging_mixin.py:188} INFO - [2024-05-01T23:45:45.809-0500] {dagbag.py:540} INFO - Filling up the DagBag from /Users/nestoralfaro/Desktop/pbi-scenario-two/py_env/lib/python3.9/site-packages/airflow/example_dags/example_sla_dag.py
[2024-05-01T23:45:45.826-0500] {processor.py:840} INFO - DAG(s) 'example_sla_dag' retrieved from /Users/nestoralfaro/Desktop/pbi-scenario-two/py_env/lib/python3.9/site-packages/airflow/example_dags/example_sla_dag.py
[2024-05-01T23:45:45.868-0500] {logging_mixin.py:188} INFO - [2024-05-01T23:45:45.868-0500] {dag.py:3096} INFO - Sync 1 DAGs
[2024-05-01T23:45:45.905-0500] {logging_mixin.py:188} INFO - [2024-05-01T23:45:45.905-0500] {dag.py:3954} INFO - Setting next_dagrun for example_sla_dag to 2024-05-02 04:42:00+00:00, run_after=2024-05-02 04:44:00+00:00
[2024-05-01T23:45:45.913-0500] {processor.py:183} INFO - Processing /Users/nestoralfaro/Desktop/pbi-scenario-two/py_env/lib/python3.9/site-packages/airflow/example_dags/example_sla_dag.py took 0.109 seconds
[2024-05-01T23:47:36.396-0500] {processor.py:161} INFO - Started process (PID=35477) to work on /Users/nestoralfaro/Desktop/pbi-scenario-two/py_env/lib/python3.9/site-packages/airflow/example_dags/example_sla_dag.py
[2024-05-01T23:47:36.398-0500] {processor.py:830} INFO - Processing file /Users/nestoralfaro/Desktop/pbi-scenario-two/py_env/lib/python3.9/site-packages/airflow/example_dags/example_sla_dag.py for tasks to queue
[2024-05-01T23:47:36.399-0500] {logging_mixin.py:188} INFO - [2024-05-01T23:47:36.398-0500] {dagbag.py:540} INFO - Filling up the DagBag from /Users/nestoralfaro/Desktop/pbi-scenario-two/py_env/lib/python3.9/site-packages/airflow/example_dags/example_sla_dag.py
[2024-05-01T23:47:36.415-0500] {processor.py:840} INFO - DAG(s) 'example_sla_dag' retrieved from /Users/nestoralfaro/Desktop/pbi-scenario-two/py_env/lib/python3.9/site-packages/airflow/example_dags/example_sla_dag.py
[2024-05-01T23:47:36.453-0500] {logging_mixin.py:188} INFO - [2024-05-01T23:47:36.453-0500] {dag.py:3096} INFO - Sync 1 DAGs
[2024-05-01T23:47:36.486-0500] {logging_mixin.py:188} INFO - [2024-05-01T23:47:36.486-0500] {dag.py:3954} INFO - Setting next_dagrun for example_sla_dag to 2024-05-02 04:44:00+00:00, run_after=2024-05-02 04:46:00+00:00
[2024-05-01T23:47:36.492-0500] {processor.py:183} INFO - Processing /Users/nestoralfaro/Desktop/pbi-scenario-two/py_env/lib/python3.9/site-packages/airflow/example_dags/example_sla_dag.py took 0.097 seconds
[2024-05-01T23:49:29.697-0500] {processor.py:161} INFO - Started process (PID=35557) to work on /Users/nestoralfaro/Desktop/pbi-scenario-two/py_env/lib/python3.9/site-packages/airflow/example_dags/example_sla_dag.py
[2024-05-01T23:49:29.699-0500] {processor.py:830} INFO - Processing file /Users/nestoralfaro/Desktop/pbi-scenario-two/py_env/lib/python3.9/site-packages/airflow/example_dags/example_sla_dag.py for tasks to queue
[2024-05-01T23:49:29.699-0500] {logging_mixin.py:188} INFO - [2024-05-01T23:49:29.699-0500] {dagbag.py:540} INFO - Filling up the DagBag from /Users/nestoralfaro/Desktop/pbi-scenario-two/py_env/lib/python3.9/site-packages/airflow/example_dags/example_sla_dag.py
[2024-05-01T23:49:29.717-0500] {processor.py:840} INFO - DAG(s) 'example_sla_dag' retrieved from /Users/nestoralfaro/Desktop/pbi-scenario-two/py_env/lib/python3.9/site-packages/airflow/example_dags/example_sla_dag.py
[2024-05-01T23:49:29.761-0500] {logging_mixin.py:188} INFO - [2024-05-01T23:49:29.761-0500] {dag.py:3096} INFO - Sync 1 DAGs
[2024-05-01T23:49:29.795-0500] {logging_mixin.py:188} INFO - [2024-05-01T23:49:29.795-0500] {dag.py:3954} INFO - Setting next_dagrun for example_sla_dag to 2024-05-02 04:46:00+00:00, run_after=2024-05-02 04:48:00+00:00
[2024-05-01T23:49:29.802-0500] {processor.py:183} INFO - Processing /Users/nestoralfaro/Desktop/pbi-scenario-two/py_env/lib/python3.9/site-packages/airflow/example_dags/example_sla_dag.py took 0.106 seconds
[2024-05-01T23:51:23.171-0500] {processor.py:161} INFO - Started process (PID=35626) to work on /Users/nestoralfaro/Desktop/pbi-scenario-two/py_env/lib/python3.9/site-packages/airflow/example_dags/example_sla_dag.py
[2024-05-01T23:51:23.172-0500] {processor.py:830} INFO - Processing file /Users/nestoralfaro/Desktop/pbi-scenario-two/py_env/lib/python3.9/site-packages/airflow/example_dags/example_sla_dag.py for tasks to queue
[2024-05-01T23:51:23.172-0500] {logging_mixin.py:188} INFO - [2024-05-01T23:51:23.172-0500] {dagbag.py:540} INFO - Filling up the DagBag from /Users/nestoralfaro/Desktop/pbi-scenario-two/py_env/lib/python3.9/site-packages/airflow/example_dags/example_sla_dag.py
[2024-05-01T23:51:23.190-0500] {processor.py:840} INFO - DAG(s) 'example_sla_dag' retrieved from /Users/nestoralfaro/Desktop/pbi-scenario-two/py_env/lib/python3.9/site-packages/airflow/example_dags/example_sla_dag.py
[2024-05-01T23:51:23.232-0500] {logging_mixin.py:188} INFO - [2024-05-01T23:51:23.232-0500] {dag.py:3096} INFO - Sync 1 DAGs
[2024-05-01T23:51:23.266-0500] {logging_mixin.py:188} INFO - [2024-05-01T23:51:23.266-0500] {dag.py:3954} INFO - Setting next_dagrun for example_sla_dag to 2024-05-02 04:48:00+00:00, run_after=2024-05-02 04:50:00+00:00
[2024-05-01T23:51:23.273-0500] {processor.py:183} INFO - Processing /Users/nestoralfaro/Desktop/pbi-scenario-two/py_env/lib/python3.9/site-packages/airflow/example_dags/example_sla_dag.py took 0.104 seconds
[2024-05-01T23:53:21.378-0500] {processor.py:161} INFO - Started process (PID=35712) to work on /Users/nestoralfaro/Desktop/pbi-scenario-two/py_env/lib/python3.9/site-packages/airflow/example_dags/example_sla_dag.py
[2024-05-01T23:53:21.379-0500] {processor.py:830} INFO - Processing file /Users/nestoralfaro/Desktop/pbi-scenario-two/py_env/lib/python3.9/site-packages/airflow/example_dags/example_sla_dag.py for tasks to queue
[2024-05-01T23:53:21.379-0500] {logging_mixin.py:188} INFO - [2024-05-01T23:53:21.379-0500] {dagbag.py:540} INFO - Filling up the DagBag from /Users/nestoralfaro/Desktop/pbi-scenario-two/py_env/lib/python3.9/site-packages/airflow/example_dags/example_sla_dag.py
[2024-05-01T23:53:21.396-0500] {processor.py:840} INFO - DAG(s) 'example_sla_dag' retrieved from /Users/nestoralfaro/Desktop/pbi-scenario-two/py_env/lib/python3.9/site-packages/airflow/example_dags/example_sla_dag.py
[2024-05-01T23:53:21.438-0500] {logging_mixin.py:188} INFO - [2024-05-01T23:53:21.438-0500] {dag.py:3096} INFO - Sync 1 DAGs
[2024-05-01T23:53:21.472-0500] {logging_mixin.py:188} INFO - [2024-05-01T23:53:21.472-0500] {dag.py:3954} INFO - Setting next_dagrun for example_sla_dag to 2024-05-02 04:50:00+00:00, run_after=2024-05-02 04:52:00+00:00
[2024-05-01T23:53:21.479-0500] {processor.py:183} INFO - Processing /Users/nestoralfaro/Desktop/pbi-scenario-two/py_env/lib/python3.9/site-packages/airflow/example_dags/example_sla_dag.py took 0.103 seconds
[2024-05-01T23:55:16.426-0500] {processor.py:161} INFO - Started process (PID=35781) to work on /Users/nestoralfaro/Desktop/pbi-scenario-two/py_env/lib/python3.9/site-packages/airflow/example_dags/example_sla_dag.py
[2024-05-01T23:55:16.427-0500] {processor.py:830} INFO - Processing file /Users/nestoralfaro/Desktop/pbi-scenario-two/py_env/lib/python3.9/site-packages/airflow/example_dags/example_sla_dag.py for tasks to queue
[2024-05-01T23:55:16.427-0500] {logging_mixin.py:188} INFO - [2024-05-01T23:55:16.427-0500] {dagbag.py:540} INFO - Filling up the DagBag from /Users/nestoralfaro/Desktop/pbi-scenario-two/py_env/lib/python3.9/site-packages/airflow/example_dags/example_sla_dag.py
[2024-05-01T23:55:16.443-0500] {processor.py:840} INFO - DAG(s) 'example_sla_dag' retrieved from /Users/nestoralfaro/Desktop/pbi-scenario-two/py_env/lib/python3.9/site-packages/airflow/example_dags/example_sla_dag.py
[2024-05-01T23:55:16.482-0500] {logging_mixin.py:188} INFO - [2024-05-01T23:55:16.482-0500] {dag.py:3096} INFO - Sync 1 DAGs
[2024-05-01T23:55:16.513-0500] {logging_mixin.py:188} INFO - [2024-05-01T23:55:16.513-0500] {dag.py:3954} INFO - Setting next_dagrun for example_sla_dag to 2024-05-02 04:52:00+00:00, run_after=2024-05-02 04:54:00+00:00
[2024-05-01T23:55:16.520-0500] {processor.py:183} INFO - Processing /Users/nestoralfaro/Desktop/pbi-scenario-two/py_env/lib/python3.9/site-packages/airflow/example_dags/example_sla_dag.py took 0.096 seconds
[2024-05-01T23:57:05.715-0500] {processor.py:161} INFO - Started process (PID=35849) to work on /Users/nestoralfaro/Desktop/pbi-scenario-two/py_env/lib/python3.9/site-packages/airflow/example_dags/example_sla_dag.py
[2024-05-01T23:57:05.717-0500] {processor.py:830} INFO - Processing file /Users/nestoralfaro/Desktop/pbi-scenario-two/py_env/lib/python3.9/site-packages/airflow/example_dags/example_sla_dag.py for tasks to queue
[2024-05-01T23:57:05.717-0500] {logging_mixin.py:188} INFO - [2024-05-01T23:57:05.717-0500] {dagbag.py:540} INFO - Filling up the DagBag from /Users/nestoralfaro/Desktop/pbi-scenario-two/py_env/lib/python3.9/site-packages/airflow/example_dags/example_sla_dag.py
[2024-05-01T23:57:05.732-0500] {processor.py:840} INFO - DAG(s) 'example_sla_dag' retrieved from /Users/nestoralfaro/Desktop/pbi-scenario-two/py_env/lib/python3.9/site-packages/airflow/example_dags/example_sla_dag.py
[2024-05-01T23:57:05.771-0500] {logging_mixin.py:188} INFO - [2024-05-01T23:57:05.771-0500] {dag.py:3096} INFO - Sync 1 DAGs
[2024-05-01T23:57:05.802-0500] {logging_mixin.py:188} INFO - [2024-05-01T23:57:05.802-0500] {dag.py:3954} INFO - Setting next_dagrun for example_sla_dag to 2024-05-02 04:54:00+00:00, run_after=2024-05-02 04:56:00+00:00
[2024-05-01T23:57:05.809-0500] {processor.py:183} INFO - Processing /Users/nestoralfaro/Desktop/pbi-scenario-two/py_env/lib/python3.9/site-packages/airflow/example_dags/example_sla_dag.py took 0.094 seconds
[2024-05-01T23:58:59.021-0500] {processor.py:161} INFO - Started process (PID=35919) to work on /Users/nestoralfaro/Desktop/pbi-scenario-two/py_env/lib/python3.9/site-packages/airflow/example_dags/example_sla_dag.py
[2024-05-01T23:58:59.023-0500] {processor.py:830} INFO - Processing file /Users/nestoralfaro/Desktop/pbi-scenario-two/py_env/lib/python3.9/site-packages/airflow/example_dags/example_sla_dag.py for tasks to queue
[2024-05-01T23:58:59.023-0500] {logging_mixin.py:188} INFO - [2024-05-01T23:58:59.023-0500] {dagbag.py:540} INFO - Filling up the DagBag from /Users/nestoralfaro/Desktop/pbi-scenario-two/py_env/lib/python3.9/site-packages/airflow/example_dags/example_sla_dag.py
[2024-05-01T23:58:59.037-0500] {processor.py:840} INFO - DAG(s) 'example_sla_dag' retrieved from /Users/nestoralfaro/Desktop/pbi-scenario-two/py_env/lib/python3.9/site-packages/airflow/example_dags/example_sla_dag.py
[2024-05-01T23:58:59.076-0500] {logging_mixin.py:188} INFO - [2024-05-01T23:58:59.076-0500] {dag.py:3096} INFO - Sync 1 DAGs
[2024-05-01T23:58:59.107-0500] {logging_mixin.py:188} INFO - [2024-05-01T23:58:59.107-0500] {dag.py:3954} INFO - Setting next_dagrun for example_sla_dag to 2024-05-02 04:56:00+00:00, run_after=2024-05-02 04:58:00+00:00
[2024-05-01T23:58:59.114-0500] {processor.py:183} INFO - Processing /Users/nestoralfaro/Desktop/pbi-scenario-two/py_env/lib/python3.9/site-packages/airflow/example_dags/example_sla_dag.py took 0.094 seconds
[2024-05-02T00:00:48.545-0500] {processor.py:161} INFO - Started process (PID=36012) to work on /Users/nestoralfaro/Desktop/pbi-scenario-two/py_env/lib/python3.9/site-packages/airflow/example_dags/example_sla_dag.py
[2024-05-02T00:00:48.547-0500] {processor.py:830} INFO - Processing file /Users/nestoralfaro/Desktop/pbi-scenario-two/py_env/lib/python3.9/site-packages/airflow/example_dags/example_sla_dag.py for tasks to queue
[2024-05-02T00:00:48.548-0500] {logging_mixin.py:188} INFO - [2024-05-02T00:00:48.548-0500] {dagbag.py:540} INFO - Filling up the DagBag from /Users/nestoralfaro/Desktop/pbi-scenario-two/py_env/lib/python3.9/site-packages/airflow/example_dags/example_sla_dag.py
[2024-05-02T00:00:48.565-0500] {processor.py:840} INFO - DAG(s) 'example_sla_dag' retrieved from /Users/nestoralfaro/Desktop/pbi-scenario-two/py_env/lib/python3.9/site-packages/airflow/example_dags/example_sla_dag.py
[2024-05-02T00:00:48.608-0500] {logging_mixin.py:188} INFO - [2024-05-02T00:00:48.608-0500] {dag.py:3096} INFO - Sync 1 DAGs
[2024-05-02T00:00:48.648-0500] {logging_mixin.py:188} INFO - [2024-05-02T00:00:48.648-0500] {dag.py:3954} INFO - Setting next_dagrun for example_sla_dag to 2024-05-02 04:58:00+00:00, run_after=2024-05-02 05:00:00+00:00
[2024-05-02T00:00:48.656-0500] {processor.py:183} INFO - Processing /Users/nestoralfaro/Desktop/pbi-scenario-two/py_env/lib/python3.9/site-packages/airflow/example_dags/example_sla_dag.py took 0.113 seconds
[2024-05-02T00:02:46.852-0500] {processor.py:161} INFO - Started process (PID=36095) to work on /Users/nestoralfaro/Desktop/pbi-scenario-two/py_env/lib/python3.9/site-packages/airflow/example_dags/example_sla_dag.py
[2024-05-02T00:02:46.853-0500] {processor.py:830} INFO - Processing file /Users/nestoralfaro/Desktop/pbi-scenario-two/py_env/lib/python3.9/site-packages/airflow/example_dags/example_sla_dag.py for tasks to queue
[2024-05-02T00:02:46.854-0500] {logging_mixin.py:188} INFO - [2024-05-02T00:02:46.854-0500] {dagbag.py:540} INFO - Filling up the DagBag from /Users/nestoralfaro/Desktop/pbi-scenario-two/py_env/lib/python3.9/site-packages/airflow/example_dags/example_sla_dag.py
[2024-05-02T00:02:46.869-0500] {processor.py:840} INFO - DAG(s) 'example_sla_dag' retrieved from /Users/nestoralfaro/Desktop/pbi-scenario-two/py_env/lib/python3.9/site-packages/airflow/example_dags/example_sla_dag.py
[2024-05-02T00:02:46.909-0500] {logging_mixin.py:188} INFO - [2024-05-02T00:02:46.909-0500] {dag.py:3096} INFO - Sync 1 DAGs
[2024-05-02T00:02:46.942-0500] {logging_mixin.py:188} INFO - [2024-05-02T00:02:46.942-0500] {dag.py:3954} INFO - Setting next_dagrun for example_sla_dag to 2024-05-02 05:00:00+00:00, run_after=2024-05-02 05:02:00+00:00
[2024-05-02T00:02:46.948-0500] {processor.py:183} INFO - Processing /Users/nestoralfaro/Desktop/pbi-scenario-two/py_env/lib/python3.9/site-packages/airflow/example_dags/example_sla_dag.py took 0.098 seconds
[2024-05-02T00:04:41.474-0500] {processor.py:161} INFO - Started process (PID=36170) to work on /Users/nestoralfaro/Desktop/pbi-scenario-two/py_env/lib/python3.9/site-packages/airflow/example_dags/example_sla_dag.py
[2024-05-02T00:04:41.476-0500] {processor.py:830} INFO - Processing file /Users/nestoralfaro/Desktop/pbi-scenario-two/py_env/lib/python3.9/site-packages/airflow/example_dags/example_sla_dag.py for tasks to queue
[2024-05-02T00:04:41.477-0500] {logging_mixin.py:188} INFO - [2024-05-02T00:04:41.477-0500] {dagbag.py:540} INFO - Filling up the DagBag from /Users/nestoralfaro/Desktop/pbi-scenario-two/py_env/lib/python3.9/site-packages/airflow/example_dags/example_sla_dag.py
[2024-05-02T00:04:41.493-0500] {processor.py:840} INFO - DAG(s) 'example_sla_dag' retrieved from /Users/nestoralfaro/Desktop/pbi-scenario-two/py_env/lib/python3.9/site-packages/airflow/example_dags/example_sla_dag.py
[2024-05-02T00:04:41.537-0500] {logging_mixin.py:188} INFO - [2024-05-02T00:04:41.537-0500] {dag.py:3096} INFO - Sync 1 DAGs
[2024-05-02T00:04:41.572-0500] {logging_mixin.py:188} INFO - [2024-05-02T00:04:41.572-0500] {dag.py:3954} INFO - Setting next_dagrun for example_sla_dag to 2024-05-02 05:02:00+00:00, run_after=2024-05-02 05:04:00+00:00
[2024-05-02T00:04:41.581-0500] {processor.py:183} INFO - Processing /Users/nestoralfaro/Desktop/pbi-scenario-two/py_env/lib/python3.9/site-packages/airflow/example_dags/example_sla_dag.py took 0.108 seconds
[2024-05-02T00:06:35.257-0500] {processor.py:161} INFO - Started process (PID=36252) to work on /Users/nestoralfaro/Desktop/pbi-scenario-two/py_env/lib/python3.9/site-packages/airflow/example_dags/example_sla_dag.py
[2024-05-02T00:06:35.259-0500] {processor.py:830} INFO - Processing file /Users/nestoralfaro/Desktop/pbi-scenario-two/py_env/lib/python3.9/site-packages/airflow/example_dags/example_sla_dag.py for tasks to queue
[2024-05-02T00:06:35.260-0500] {logging_mixin.py:188} INFO - [2024-05-02T00:06:35.260-0500] {dagbag.py:540} INFO - Filling up the DagBag from /Users/nestoralfaro/Desktop/pbi-scenario-two/py_env/lib/python3.9/site-packages/airflow/example_dags/example_sla_dag.py
[2024-05-02T00:06:35.275-0500] {processor.py:840} INFO - DAG(s) 'example_sla_dag' retrieved from /Users/nestoralfaro/Desktop/pbi-scenario-two/py_env/lib/python3.9/site-packages/airflow/example_dags/example_sla_dag.py
[2024-05-02T00:06:35.313-0500] {logging_mixin.py:188} INFO - [2024-05-02T00:06:35.313-0500] {dag.py:3096} INFO - Sync 1 DAGs
[2024-05-02T00:06:35.345-0500] {logging_mixin.py:188} INFO - [2024-05-02T00:06:35.345-0500] {dag.py:3954} INFO - Setting next_dagrun for example_sla_dag to 2024-05-02 05:04:00+00:00, run_after=2024-05-02 05:06:00+00:00
[2024-05-02T00:06:35.352-0500] {processor.py:183} INFO - Processing /Users/nestoralfaro/Desktop/pbi-scenario-two/py_env/lib/python3.9/site-packages/airflow/example_dags/example_sla_dag.py took 0.095 seconds
[2024-05-02T00:08:22.429-0500] {processor.py:161} INFO - Started process (PID=36328) to work on /Users/nestoralfaro/Desktop/pbi-scenario-two/py_env/lib/python3.9/site-packages/airflow/example_dags/example_sla_dag.py
[2024-05-02T00:08:22.430-0500] {processor.py:830} INFO - Processing file /Users/nestoralfaro/Desktop/pbi-scenario-two/py_env/lib/python3.9/site-packages/airflow/example_dags/example_sla_dag.py for tasks to queue
[2024-05-02T00:08:22.430-0500] {logging_mixin.py:188} INFO - [2024-05-02T00:08:22.430-0500] {dagbag.py:540} INFO - Filling up the DagBag from /Users/nestoralfaro/Desktop/pbi-scenario-two/py_env/lib/python3.9/site-packages/airflow/example_dags/example_sla_dag.py
[2024-05-02T00:08:22.447-0500] {processor.py:840} INFO - DAG(s) 'example_sla_dag' retrieved from /Users/nestoralfaro/Desktop/pbi-scenario-two/py_env/lib/python3.9/site-packages/airflow/example_dags/example_sla_dag.py
[2024-05-02T00:08:22.485-0500] {logging_mixin.py:188} INFO - [2024-05-02T00:08:22.485-0500] {dag.py:3096} INFO - Sync 1 DAGs
[2024-05-02T00:08:22.517-0500] {logging_mixin.py:188} INFO - [2024-05-02T00:08:22.517-0500] {dag.py:3954} INFO - Setting next_dagrun for example_sla_dag to 2024-05-02 05:06:00+00:00, run_after=2024-05-02 05:08:00+00:00
[2024-05-02T00:08:22.523-0500] {processor.py:183} INFO - Processing /Users/nestoralfaro/Desktop/pbi-scenario-two/py_env/lib/python3.9/site-packages/airflow/example_dags/example_sla_dag.py took 0.096 seconds
[2024-05-02T00:11:27.381-0500] {processor.py:161} INFO - Started process (PID=36427) to work on /Users/nestoralfaro/Desktop/pbi-scenario-two/py_env/lib/python3.9/site-packages/airflow/example_dags/example_sla_dag.py
[2024-05-02T00:11:27.383-0500] {processor.py:830} INFO - Processing file /Users/nestoralfaro/Desktop/pbi-scenario-two/py_env/lib/python3.9/site-packages/airflow/example_dags/example_sla_dag.py for tasks to queue
[2024-05-02T00:11:27.383-0500] {logging_mixin.py:188} INFO - [2024-05-02T00:11:27.383-0500] {dagbag.py:540} INFO - Filling up the DagBag from /Users/nestoralfaro/Desktop/pbi-scenario-two/py_env/lib/python3.9/site-packages/airflow/example_dags/example_sla_dag.py
[2024-05-02T00:11:27.400-0500] {processor.py:840} INFO - DAG(s) 'example_sla_dag' retrieved from /Users/nestoralfaro/Desktop/pbi-scenario-two/py_env/lib/python3.9/site-packages/airflow/example_dags/example_sla_dag.py
[2024-05-02T00:11:27.439-0500] {logging_mixin.py:188} INFO - [2024-05-02T00:11:27.439-0500] {dag.py:3096} INFO - Sync 1 DAGs
[2024-05-02T00:11:27.472-0500] {logging_mixin.py:188} INFO - [2024-05-02T00:11:27.472-0500] {dag.py:3954} INFO - Setting next_dagrun for example_sla_dag to 2024-05-02 05:08:00+00:00, run_after=2024-05-02 05:10:00+00:00
[2024-05-02T00:11:27.478-0500] {processor.py:183} INFO - Processing /Users/nestoralfaro/Desktop/pbi-scenario-two/py_env/lib/python3.9/site-packages/airflow/example_dags/example_sla_dag.py took 0.099 seconds
[2024-05-02T00:12:53.942-0500] {processor.py:161} INFO - Started process (PID=36522) to work on /Users/nestoralfaro/Desktop/pbi-scenario-two/py_env/lib/python3.9/site-packages/airflow/example_dags/example_sla_dag.py
[2024-05-02T00:12:53.943-0500] {processor.py:830} INFO - Processing file /Users/nestoralfaro/Desktop/pbi-scenario-two/py_env/lib/python3.9/site-packages/airflow/example_dags/example_sla_dag.py for tasks to queue
[2024-05-02T00:12:53.944-0500] {logging_mixin.py:188} INFO - [2024-05-02T00:12:53.943-0500] {dagbag.py:540} INFO - Filling up the DagBag from /Users/nestoralfaro/Desktop/pbi-scenario-two/py_env/lib/python3.9/site-packages/airflow/example_dags/example_sla_dag.py
[2024-05-02T00:12:53.960-0500] {processor.py:840} INFO - DAG(s) 'example_sla_dag' retrieved from /Users/nestoralfaro/Desktop/pbi-scenario-two/py_env/lib/python3.9/site-packages/airflow/example_dags/example_sla_dag.py
[2024-05-02T00:12:53.999-0500] {logging_mixin.py:188} INFO - [2024-05-02T00:12:53.999-0500] {dag.py:3096} INFO - Sync 1 DAGs
[2024-05-02T00:12:54.030-0500] {logging_mixin.py:188} INFO - [2024-05-02T00:12:54.030-0500] {dag.py:3954} INFO - Setting next_dagrun for example_sla_dag to 2024-05-02 05:10:00+00:00, run_after=2024-05-02 05:12:00+00:00
[2024-05-02T00:12:54.037-0500] {processor.py:183} INFO - Processing /Users/nestoralfaro/Desktop/pbi-scenario-two/py_env/lib/python3.9/site-packages/airflow/example_dags/example_sla_dag.py took 0.097 seconds
[2024-05-02T00:15:19.010-0500] {processor.py:161} INFO - Started process (PID=36608) to work on /Users/nestoralfaro/Desktop/pbi-scenario-two/py_env/lib/python3.9/site-packages/airflow/example_dags/example_sla_dag.py
[2024-05-02T00:15:19.012-0500] {processor.py:830} INFO - Processing file /Users/nestoralfaro/Desktop/pbi-scenario-two/py_env/lib/python3.9/site-packages/airflow/example_dags/example_sla_dag.py for tasks to queue
[2024-05-02T00:15:19.012-0500] {logging_mixin.py:188} INFO - [2024-05-02T00:15:19.012-0500] {dagbag.py:540} INFO - Filling up the DagBag from /Users/nestoralfaro/Desktop/pbi-scenario-two/py_env/lib/python3.9/site-packages/airflow/example_dags/example_sla_dag.py
[2024-05-02T00:15:19.029-0500] {processor.py:840} INFO - DAG(s) 'example_sla_dag' retrieved from /Users/nestoralfaro/Desktop/pbi-scenario-two/py_env/lib/python3.9/site-packages/airflow/example_dags/example_sla_dag.py
[2024-05-02T00:15:19.073-0500] {logging_mixin.py:188} INFO - [2024-05-02T00:15:19.073-0500] {dag.py:3096} INFO - Sync 1 DAGs
[2024-05-02T00:15:19.108-0500] {logging_mixin.py:188} INFO - [2024-05-02T00:15:19.108-0500] {dag.py:3954} INFO - Setting next_dagrun for example_sla_dag to 2024-05-02 05:12:00+00:00, run_after=2024-05-02 05:14:00+00:00
[2024-05-02T00:15:19.116-0500] {processor.py:183} INFO - Processing /Users/nestoralfaro/Desktop/pbi-scenario-two/py_env/lib/python3.9/site-packages/airflow/example_dags/example_sla_dag.py took 0.107 seconds
[2024-05-02T00:16:48.693-0500] {processor.py:161} INFO - Started process (PID=36675) to work on /Users/nestoralfaro/Desktop/pbi-scenario-two/py_env/lib/python3.9/site-packages/airflow/example_dags/example_sla_dag.py
[2024-05-02T00:16:48.694-0500] {processor.py:830} INFO - Processing file /Users/nestoralfaro/Desktop/pbi-scenario-two/py_env/lib/python3.9/site-packages/airflow/example_dags/example_sla_dag.py for tasks to queue
[2024-05-02T00:16:48.695-0500] {logging_mixin.py:188} INFO - [2024-05-02T00:16:48.695-0500] {dagbag.py:540} INFO - Filling up the DagBag from /Users/nestoralfaro/Desktop/pbi-scenario-two/py_env/lib/python3.9/site-packages/airflow/example_dags/example_sla_dag.py
[2024-05-02T00:16:48.711-0500] {processor.py:840} INFO - DAG(s) 'example_sla_dag' retrieved from /Users/nestoralfaro/Desktop/pbi-scenario-two/py_env/lib/python3.9/site-packages/airflow/example_dags/example_sla_dag.py
[2024-05-02T00:16:48.751-0500] {logging_mixin.py:188} INFO - [2024-05-02T00:16:48.751-0500] {dag.py:3096} INFO - Sync 1 DAGs
[2024-05-02T00:16:48.784-0500] {logging_mixin.py:188} INFO - [2024-05-02T00:16:48.784-0500] {dag.py:3954} INFO - Setting next_dagrun for example_sla_dag to 2024-05-02 05:14:00+00:00, run_after=2024-05-02 05:16:00+00:00
[2024-05-02T00:16:48.792-0500] {processor.py:183} INFO - Processing /Users/nestoralfaro/Desktop/pbi-scenario-two/py_env/lib/python3.9/site-packages/airflow/example_dags/example_sla_dag.py took 0.100 seconds
[2024-05-02T00:18:44.339-0500] {processor.py:161} INFO - Started process (PID=36750) to work on /Users/nestoralfaro/Desktop/pbi-scenario-two/py_env/lib/python3.9/site-packages/airflow/example_dags/example_sla_dag.py
[2024-05-02T00:18:44.341-0500] {processor.py:830} INFO - Processing file /Users/nestoralfaro/Desktop/pbi-scenario-two/py_env/lib/python3.9/site-packages/airflow/example_dags/example_sla_dag.py for tasks to queue
[2024-05-02T00:18:44.342-0500] {logging_mixin.py:188} INFO - [2024-05-02T00:18:44.342-0500] {dagbag.py:540} INFO - Filling up the DagBag from /Users/nestoralfaro/Desktop/pbi-scenario-two/py_env/lib/python3.9/site-packages/airflow/example_dags/example_sla_dag.py
[2024-05-02T00:18:44.358-0500] {processor.py:840} INFO - DAG(s) 'example_sla_dag' retrieved from /Users/nestoralfaro/Desktop/pbi-scenario-two/py_env/lib/python3.9/site-packages/airflow/example_dags/example_sla_dag.py
[2024-05-02T00:18:44.398-0500] {logging_mixin.py:188} INFO - [2024-05-02T00:18:44.398-0500] {dag.py:3096} INFO - Sync 1 DAGs
[2024-05-02T00:18:44.431-0500] {logging_mixin.py:188} INFO - [2024-05-02T00:18:44.431-0500] {dag.py:3954} INFO - Setting next_dagrun for example_sla_dag to 2024-05-02 05:16:00+00:00, run_after=2024-05-02 05:18:00+00:00
[2024-05-02T00:18:44.438-0500] {processor.py:183} INFO - Processing /Users/nestoralfaro/Desktop/pbi-scenario-two/py_env/lib/python3.9/site-packages/airflow/example_dags/example_sla_dag.py took 0.100 seconds
[2024-05-02T00:20:40.880-0500] {processor.py:161} INFO - Started process (PID=36860) to work on /Users/nestoralfaro/Desktop/pbi-scenario-two/py_env/lib/python3.9/site-packages/airflow/example_dags/example_sla_dag.py
[2024-05-02T00:20:40.881-0500] {processor.py:830} INFO - Processing file /Users/nestoralfaro/Desktop/pbi-scenario-two/py_env/lib/python3.9/site-packages/airflow/example_dags/example_sla_dag.py for tasks to queue
[2024-05-02T00:20:40.881-0500] {logging_mixin.py:188} INFO - [2024-05-02T00:20:40.881-0500] {dagbag.py:540} INFO - Filling up the DagBag from /Users/nestoralfaro/Desktop/pbi-scenario-two/py_env/lib/python3.9/site-packages/airflow/example_dags/example_sla_dag.py
[2024-05-02T00:20:40.898-0500] {processor.py:840} INFO - DAG(s) 'example_sla_dag' retrieved from /Users/nestoralfaro/Desktop/pbi-scenario-two/py_env/lib/python3.9/site-packages/airflow/example_dags/example_sla_dag.py
[2024-05-02T00:20:40.941-0500] {logging_mixin.py:188} INFO - [2024-05-02T00:20:40.941-0500] {dag.py:3096} INFO - Sync 1 DAGs
[2024-05-02T00:20:40.975-0500] {logging_mixin.py:188} INFO - [2024-05-02T00:20:40.975-0500] {dag.py:3954} INFO - Setting next_dagrun for example_sla_dag to 2024-05-02 05:18:00+00:00, run_after=2024-05-02 05:20:00+00:00
[2024-05-02T00:20:40.982-0500] {processor.py:183} INFO - Processing /Users/nestoralfaro/Desktop/pbi-scenario-two/py_env/lib/python3.9/site-packages/airflow/example_dags/example_sla_dag.py took 0.103 seconds
[2024-05-02T00:22:37.322-0500] {processor.py:161} INFO - Started process (PID=36962) to work on /Users/nestoralfaro/Desktop/pbi-scenario-two/py_env/lib/python3.9/site-packages/airflow/example_dags/example_sla_dag.py
[2024-05-02T00:22:37.324-0500] {processor.py:830} INFO - Processing file /Users/nestoralfaro/Desktop/pbi-scenario-two/py_env/lib/python3.9/site-packages/airflow/example_dags/example_sla_dag.py for tasks to queue
[2024-05-02T00:22:37.325-0500] {logging_mixin.py:188} INFO - [2024-05-02T00:22:37.325-0500] {dagbag.py:540} INFO - Filling up the DagBag from /Users/nestoralfaro/Desktop/pbi-scenario-two/py_env/lib/python3.9/site-packages/airflow/example_dags/example_sla_dag.py
[2024-05-02T00:22:37.341-0500] {processor.py:840} INFO - DAG(s) 'example_sla_dag' retrieved from /Users/nestoralfaro/Desktop/pbi-scenario-two/py_env/lib/python3.9/site-packages/airflow/example_dags/example_sla_dag.py
[2024-05-02T00:22:37.381-0500] {logging_mixin.py:188} INFO - [2024-05-02T00:22:37.381-0500] {dag.py:3096} INFO - Sync 1 DAGs
[2024-05-02T00:22:37.413-0500] {logging_mixin.py:188} INFO - [2024-05-02T00:22:37.413-0500] {dag.py:3954} INFO - Setting next_dagrun for example_sla_dag to 2024-05-02 05:20:00+00:00, run_after=2024-05-02 05:22:00+00:00
[2024-05-02T00:22:37.421-0500] {processor.py:183} INFO - Processing /Users/nestoralfaro/Desktop/pbi-scenario-two/py_env/lib/python3.9/site-packages/airflow/example_dags/example_sla_dag.py took 0.100 seconds
