[2024-05-01T23:30:38.399-0500] {processor.py:161} INFO - Started process (PID=34757) to work on /Users/nestoralfaro/Desktop/pbi-scenario-two/py_env/lib/python3.9/site-packages/airflow/example_dags/example_short_circuit_decorator.py
[2024-05-01T23:30:38.400-0500] {processor.py:830} INFO - Processing file /Users/nestoralfaro/Desktop/pbi-scenario-two/py_env/lib/python3.9/site-packages/airflow/example_dags/example_short_circuit_decorator.py for tasks to queue
[2024-05-01T23:30:38.400-0500] {logging_mixin.py:188} INFO - [2024-05-01T23:30:38.400-0500] {dagbag.py:540} INFO - Filling up the DagBag from /Users/nestoralfaro/Desktop/pbi-scenario-two/py_env/lib/python3.9/site-packages/airflow/example_dags/example_short_circuit_decorator.py
[2024-05-01T23:30:38.418-0500] {processor.py:840} INFO - DAG(s) 'example_short_circuit_decorator' retrieved from /Users/nestoralfaro/Desktop/pbi-scenario-two/py_env/lib/python3.9/site-packages/airflow/example_dags/example_short_circuit_decorator.py
[2024-05-01T23:30:38.530-0500] {logging_mixin.py:188} INFO - [2024-05-01T23:30:38.530-0500] {dag.py:3096} INFO - Sync 1 DAGs
[2024-05-01T23:30:38.539-0500] {logging_mixin.py:188} INFO - [2024-05-01T23:30:38.539-0500] {dag.py:3954} INFO - Setting next_dagrun for example_short_circuit_decorator to 2024-05-01 00:00:00+00:00, run_after=2024-05-02 00:00:00+00:00
[2024-05-01T23:30:38.548-0500] {processor.py:183} INFO - Processing /Users/nestoralfaro/Desktop/pbi-scenario-two/py_env/lib/python3.9/site-packages/airflow/example_dags/example_short_circuit_decorator.py took 0.151 seconds
[2024-05-01T23:32:13.421-0500] {processor.py:161} INFO - Started process (PID=34832) to work on /Users/nestoralfaro/Desktop/pbi-scenario-two/py_env/lib/python3.9/site-packages/airflow/example_dags/example_short_circuit_decorator.py
[2024-05-01T23:32:13.423-0500] {processor.py:830} INFO - Processing file /Users/nestoralfaro/Desktop/pbi-scenario-two/py_env/lib/python3.9/site-packages/airflow/example_dags/example_short_circuit_decorator.py for tasks to queue
[2024-05-01T23:32:13.424-0500] {logging_mixin.py:188} INFO - [2024-05-01T23:32:13.424-0500] {dagbag.py:540} INFO - Filling up the DagBag from /Users/nestoralfaro/Desktop/pbi-scenario-two/py_env/lib/python3.9/site-packages/airflow/example_dags/example_short_circuit_decorator.py
[2024-05-01T23:32:13.440-0500] {processor.py:840} INFO - DAG(s) 'example_short_circuit_decorator' retrieved from /Users/nestoralfaro/Desktop/pbi-scenario-two/py_env/lib/python3.9/site-packages/airflow/example_dags/example_short_circuit_decorator.py
[2024-05-01T23:32:13.481-0500] {logging_mixin.py:188} INFO - [2024-05-01T23:32:13.481-0500] {dag.py:3096} INFO - Sync 1 DAGs
[2024-05-01T23:32:13.512-0500] {logging_mixin.py:188} INFO - [2024-05-01T23:32:13.512-0500] {dag.py:3954} INFO - Setting next_dagrun for example_short_circuit_decorator to 2024-05-01 00:00:00+00:00, run_after=2024-05-02 00:00:00+00:00
[2024-05-01T23:32:13.520-0500] {processor.py:183} INFO - Processing /Users/nestoralfaro/Desktop/pbi-scenario-two/py_env/lib/python3.9/site-packages/airflow/example_dags/example_short_circuit_decorator.py took 0.099 seconds
[2024-05-01T23:34:13.213-0500] {processor.py:161} INFO - Started process (PID=34917) to work on /Users/nestoralfaro/Desktop/pbi-scenario-two/py_env/lib/python3.9/site-packages/airflow/example_dags/example_short_circuit_decorator.py
[2024-05-01T23:34:13.216-0500] {processor.py:830} INFO - Processing file /Users/nestoralfaro/Desktop/pbi-scenario-two/py_env/lib/python3.9/site-packages/airflow/example_dags/example_short_circuit_decorator.py for tasks to queue
[2024-05-01T23:34:13.216-0500] {logging_mixin.py:188} INFO - [2024-05-01T23:34:13.216-0500] {dagbag.py:540} INFO - Filling up the DagBag from /Users/nestoralfaro/Desktop/pbi-scenario-two/py_env/lib/python3.9/site-packages/airflow/example_dags/example_short_circuit_decorator.py
[2024-05-01T23:34:13.234-0500] {processor.py:840} INFO - DAG(s) 'example_short_circuit_decorator' retrieved from /Users/nestoralfaro/Desktop/pbi-scenario-two/py_env/lib/python3.9/site-packages/airflow/example_dags/example_short_circuit_decorator.py
[2024-05-01T23:34:13.279-0500] {logging_mixin.py:188} INFO - [2024-05-01T23:34:13.279-0500] {dag.py:3096} INFO - Sync 1 DAGs
[2024-05-01T23:34:13.313-0500] {logging_mixin.py:188} INFO - [2024-05-01T23:34:13.313-0500] {dag.py:3954} INFO - Setting next_dagrun for example_short_circuit_decorator to 2024-05-01 00:00:00+00:00, run_after=2024-05-02 00:00:00+00:00
[2024-05-01T23:34:13.320-0500] {processor.py:183} INFO - Processing /Users/nestoralfaro/Desktop/pbi-scenario-two/py_env/lib/python3.9/site-packages/airflow/example_dags/example_short_circuit_decorator.py took 0.108 seconds
[2024-05-01T23:36:08.538-0500] {processor.py:161} INFO - Started process (PID=34987) to work on /Users/nestoralfaro/Desktop/pbi-scenario-two/py_env/lib/python3.9/site-packages/airflow/example_dags/example_short_circuit_decorator.py
[2024-05-01T23:36:08.540-0500] {processor.py:830} INFO - Processing file /Users/nestoralfaro/Desktop/pbi-scenario-two/py_env/lib/python3.9/site-packages/airflow/example_dags/example_short_circuit_decorator.py for tasks to queue
[2024-05-01T23:36:08.540-0500] {logging_mixin.py:188} INFO - [2024-05-01T23:36:08.540-0500] {dagbag.py:540} INFO - Filling up the DagBag from /Users/nestoralfaro/Desktop/pbi-scenario-two/py_env/lib/python3.9/site-packages/airflow/example_dags/example_short_circuit_decorator.py
[2024-05-01T23:36:08.557-0500] {processor.py:840} INFO - DAG(s) 'example_short_circuit_decorator' retrieved from /Users/nestoralfaro/Desktop/pbi-scenario-two/py_env/lib/python3.9/site-packages/airflow/example_dags/example_short_circuit_decorator.py
[2024-05-01T23:36:08.602-0500] {logging_mixin.py:188} INFO - [2024-05-01T23:36:08.602-0500] {dag.py:3096} INFO - Sync 1 DAGs
[2024-05-01T23:36:08.636-0500] {logging_mixin.py:188} INFO - [2024-05-01T23:36:08.636-0500] {dag.py:3954} INFO - Setting next_dagrun for example_short_circuit_decorator to 2024-05-01 00:00:00+00:00, run_after=2024-05-02 00:00:00+00:00
[2024-05-01T23:36:08.645-0500] {processor.py:183} INFO - Processing /Users/nestoralfaro/Desktop/pbi-scenario-two/py_env/lib/python3.9/site-packages/airflow/example_dags/example_short_circuit_decorator.py took 0.108 seconds
[2024-05-01T23:38:03.199-0500] {processor.py:161} INFO - Started process (PID=35056) to work on /Users/nestoralfaro/Desktop/pbi-scenario-two/py_env/lib/python3.9/site-packages/airflow/example_dags/example_short_circuit_decorator.py
[2024-05-01T23:38:03.201-0500] {processor.py:830} INFO - Processing file /Users/nestoralfaro/Desktop/pbi-scenario-two/py_env/lib/python3.9/site-packages/airflow/example_dags/example_short_circuit_decorator.py for tasks to queue
[2024-05-01T23:38:03.201-0500] {logging_mixin.py:188} INFO - [2024-05-01T23:38:03.201-0500] {dagbag.py:540} INFO - Filling up the DagBag from /Users/nestoralfaro/Desktop/pbi-scenario-two/py_env/lib/python3.9/site-packages/airflow/example_dags/example_short_circuit_decorator.py
[2024-05-01T23:38:03.218-0500] {processor.py:840} INFO - DAG(s) 'example_short_circuit_decorator' retrieved from /Users/nestoralfaro/Desktop/pbi-scenario-two/py_env/lib/python3.9/site-packages/airflow/example_dags/example_short_circuit_decorator.py
[2024-05-01T23:38:03.264-0500] {logging_mixin.py:188} INFO - [2024-05-01T23:38:03.263-0500] {dag.py:3096} INFO - Sync 1 DAGs
[2024-05-01T23:38:03.299-0500] {logging_mixin.py:188} INFO - [2024-05-01T23:38:03.299-0500] {dag.py:3954} INFO - Setting next_dagrun for example_short_circuit_decorator to 2024-05-01 00:00:00+00:00, run_after=2024-05-02 00:00:00+00:00
[2024-05-01T23:38:03.306-0500] {processor.py:183} INFO - Processing /Users/nestoralfaro/Desktop/pbi-scenario-two/py_env/lib/python3.9/site-packages/airflow/example_dags/example_short_circuit_decorator.py took 0.109 seconds
[2024-05-01T23:39:56.839-0500] {processor.py:161} INFO - Started process (PID=35135) to work on /Users/nestoralfaro/Desktop/pbi-scenario-two/py_env/lib/python3.9/site-packages/airflow/example_dags/example_short_circuit_decorator.py
[2024-05-01T23:39:56.841-0500] {processor.py:830} INFO - Processing file /Users/nestoralfaro/Desktop/pbi-scenario-two/py_env/lib/python3.9/site-packages/airflow/example_dags/example_short_circuit_decorator.py for tasks to queue
[2024-05-01T23:39:56.842-0500] {logging_mixin.py:188} INFO - [2024-05-01T23:39:56.842-0500] {dagbag.py:540} INFO - Filling up the DagBag from /Users/nestoralfaro/Desktop/pbi-scenario-two/py_env/lib/python3.9/site-packages/airflow/example_dags/example_short_circuit_decorator.py
[2024-05-01T23:39:56.858-0500] {processor.py:840} INFO - DAG(s) 'example_short_circuit_decorator' retrieved from /Users/nestoralfaro/Desktop/pbi-scenario-two/py_env/lib/python3.9/site-packages/airflow/example_dags/example_short_circuit_decorator.py
[2024-05-01T23:39:56.898-0500] {logging_mixin.py:188} INFO - [2024-05-01T23:39:56.898-0500] {dag.py:3096} INFO - Sync 1 DAGs
[2024-05-01T23:39:56.929-0500] {logging_mixin.py:188} INFO - [2024-05-01T23:39:56.929-0500] {dag.py:3954} INFO - Setting next_dagrun for example_short_circuit_decorator to 2024-05-01 00:00:00+00:00, run_after=2024-05-02 00:00:00+00:00
[2024-05-01T23:39:56.936-0500] {processor.py:183} INFO - Processing /Users/nestoralfaro/Desktop/pbi-scenario-two/py_env/lib/python3.9/site-packages/airflow/example_dags/example_short_circuit_decorator.py took 0.099 seconds
[2024-05-01T23:42:23.990-0500] {processor.py:161} INFO - Started process (PID=35266) to work on /Users/nestoralfaro/Desktop/pbi-scenario-two/py_env/lib/python3.9/site-packages/airflow/example_dags/example_short_circuit_decorator.py
[2024-05-01T23:42:23.993-0500] {processor.py:830} INFO - Processing file /Users/nestoralfaro/Desktop/pbi-scenario-two/py_env/lib/python3.9/site-packages/airflow/example_dags/example_short_circuit_decorator.py for tasks to queue
[2024-05-01T23:42:23.993-0500] {logging_mixin.py:188} INFO - [2024-05-01T23:42:23.993-0500] {dagbag.py:540} INFO - Filling up the DagBag from /Users/nestoralfaro/Desktop/pbi-scenario-two/py_env/lib/python3.9/site-packages/airflow/example_dags/example_short_circuit_decorator.py
[2024-05-01T23:42:24.010-0500] {processor.py:840} INFO - DAG(s) 'example_short_circuit_decorator' retrieved from /Users/nestoralfaro/Desktop/pbi-scenario-two/py_env/lib/python3.9/site-packages/airflow/example_dags/example_short_circuit_decorator.py
[2024-05-01T23:42:24.053-0500] {logging_mixin.py:188} INFO - [2024-05-01T23:42:24.053-0500] {dag.py:3096} INFO - Sync 1 DAGs
[2024-05-01T23:42:24.087-0500] {logging_mixin.py:188} INFO - [2024-05-01T23:42:24.087-0500] {dag.py:3954} INFO - Setting next_dagrun for example_short_circuit_decorator to 2024-05-01 00:00:00+00:00, run_after=2024-05-02 00:00:00+00:00
[2024-05-01T23:42:24.095-0500] {processor.py:183} INFO - Processing /Users/nestoralfaro/Desktop/pbi-scenario-two/py_env/lib/python3.9/site-packages/airflow/example_dags/example_short_circuit_decorator.py took 0.106 seconds
[2024-05-01T23:43:52.394-0500] {processor.py:161} INFO - Started process (PID=35320) to work on /Users/nestoralfaro/Desktop/pbi-scenario-two/py_env/lib/python3.9/site-packages/airflow/example_dags/example_short_circuit_decorator.py
[2024-05-01T23:43:52.397-0500] {processor.py:830} INFO - Processing file /Users/nestoralfaro/Desktop/pbi-scenario-two/py_env/lib/python3.9/site-packages/airflow/example_dags/example_short_circuit_decorator.py for tasks to queue
[2024-05-01T23:43:52.397-0500] {logging_mixin.py:188} INFO - [2024-05-01T23:43:52.397-0500] {dagbag.py:540} INFO - Filling up the DagBag from /Users/nestoralfaro/Desktop/pbi-scenario-two/py_env/lib/python3.9/site-packages/airflow/example_dags/example_short_circuit_decorator.py
[2024-05-01T23:43:52.414-0500] {processor.py:840} INFO - DAG(s) 'example_short_circuit_decorator' retrieved from /Users/nestoralfaro/Desktop/pbi-scenario-two/py_env/lib/python3.9/site-packages/airflow/example_dags/example_short_circuit_decorator.py
[2024-05-01T23:43:52.455-0500] {logging_mixin.py:188} INFO - [2024-05-01T23:43:52.455-0500] {dag.py:3096} INFO - Sync 1 DAGs
[2024-05-01T23:43:52.486-0500] {logging_mixin.py:188} INFO - [2024-05-01T23:43:52.486-0500] {dag.py:3954} INFO - Setting next_dagrun for example_short_circuit_decorator to 2024-05-01 00:00:00+00:00, run_after=2024-05-02 00:00:00+00:00
[2024-05-01T23:43:52.493-0500] {processor.py:183} INFO - Processing /Users/nestoralfaro/Desktop/pbi-scenario-two/py_env/lib/python3.9/site-packages/airflow/example_dags/example_short_circuit_decorator.py took 0.100 seconds
[2024-05-01T23:45:51.124-0500] {processor.py:161} INFO - Started process (PID=35403) to work on /Users/nestoralfaro/Desktop/pbi-scenario-two/py_env/lib/python3.9/site-packages/airflow/example_dags/example_short_circuit_decorator.py
[2024-05-01T23:45:51.127-0500] {processor.py:830} INFO - Processing file /Users/nestoralfaro/Desktop/pbi-scenario-two/py_env/lib/python3.9/site-packages/airflow/example_dags/example_short_circuit_decorator.py for tasks to queue
[2024-05-01T23:45:51.127-0500] {logging_mixin.py:188} INFO - [2024-05-01T23:45:51.127-0500] {dagbag.py:540} INFO - Filling up the DagBag from /Users/nestoralfaro/Desktop/pbi-scenario-two/py_env/lib/python3.9/site-packages/airflow/example_dags/example_short_circuit_decorator.py
[2024-05-01T23:45:51.144-0500] {processor.py:840} INFO - DAG(s) 'example_short_circuit_decorator' retrieved from /Users/nestoralfaro/Desktop/pbi-scenario-two/py_env/lib/python3.9/site-packages/airflow/example_dags/example_short_circuit_decorator.py
[2024-05-01T23:45:51.188-0500] {logging_mixin.py:188} INFO - [2024-05-01T23:45:51.188-0500] {dag.py:3096} INFO - Sync 1 DAGs
[2024-05-01T23:45:51.222-0500] {logging_mixin.py:188} INFO - [2024-05-01T23:45:51.222-0500] {dag.py:3954} INFO - Setting next_dagrun for example_short_circuit_decorator to 2024-05-01 00:00:00+00:00, run_after=2024-05-02 00:00:00+00:00
[2024-05-01T23:45:51.231-0500] {processor.py:183} INFO - Processing /Users/nestoralfaro/Desktop/pbi-scenario-two/py_env/lib/python3.9/site-packages/airflow/example_dags/example_short_circuit_decorator.py took 0.108 seconds
[2024-05-01T23:47:41.716-0500] {processor.py:161} INFO - Started process (PID=35480) to work on /Users/nestoralfaro/Desktop/pbi-scenario-two/py_env/lib/python3.9/site-packages/airflow/example_dags/example_short_circuit_decorator.py
[2024-05-01T23:47:41.718-0500] {processor.py:830} INFO - Processing file /Users/nestoralfaro/Desktop/pbi-scenario-two/py_env/lib/python3.9/site-packages/airflow/example_dags/example_short_circuit_decorator.py for tasks to queue
[2024-05-01T23:47:41.719-0500] {logging_mixin.py:188} INFO - [2024-05-01T23:47:41.718-0500] {dagbag.py:540} INFO - Filling up the DagBag from /Users/nestoralfaro/Desktop/pbi-scenario-two/py_env/lib/python3.9/site-packages/airflow/example_dags/example_short_circuit_decorator.py
[2024-05-01T23:47:41.736-0500] {processor.py:840} INFO - DAG(s) 'example_short_circuit_decorator' retrieved from /Users/nestoralfaro/Desktop/pbi-scenario-two/py_env/lib/python3.9/site-packages/airflow/example_dags/example_short_circuit_decorator.py
[2024-05-01T23:47:41.778-0500] {logging_mixin.py:188} INFO - [2024-05-01T23:47:41.778-0500] {dag.py:3096} INFO - Sync 1 DAGs
[2024-05-01T23:47:41.811-0500] {logging_mixin.py:188} INFO - [2024-05-01T23:47:41.811-0500] {dag.py:3954} INFO - Setting next_dagrun for example_short_circuit_decorator to 2024-05-01 00:00:00+00:00, run_after=2024-05-02 00:00:00+00:00
[2024-05-01T23:47:41.818-0500] {processor.py:183} INFO - Processing /Users/nestoralfaro/Desktop/pbi-scenario-two/py_env/lib/python3.9/site-packages/airflow/example_dags/example_short_circuit_decorator.py took 0.104 seconds
[2024-05-01T23:49:34.682-0500] {processor.py:161} INFO - Started process (PID=35560) to work on /Users/nestoralfaro/Desktop/pbi-scenario-two/py_env/lib/python3.9/site-packages/airflow/example_dags/example_short_circuit_decorator.py
[2024-05-01T23:49:34.684-0500] {processor.py:830} INFO - Processing file /Users/nestoralfaro/Desktop/pbi-scenario-two/py_env/lib/python3.9/site-packages/airflow/example_dags/example_short_circuit_decorator.py for tasks to queue
[2024-05-01T23:49:34.684-0500] {logging_mixin.py:188} INFO - [2024-05-01T23:49:34.684-0500] {dagbag.py:540} INFO - Filling up the DagBag from /Users/nestoralfaro/Desktop/pbi-scenario-two/py_env/lib/python3.9/site-packages/airflow/example_dags/example_short_circuit_decorator.py
[2024-05-01T23:49:34.702-0500] {processor.py:840} INFO - DAG(s) 'example_short_circuit_decorator' retrieved from /Users/nestoralfaro/Desktop/pbi-scenario-two/py_env/lib/python3.9/site-packages/airflow/example_dags/example_short_circuit_decorator.py
[2024-05-01T23:49:34.747-0500] {logging_mixin.py:188} INFO - [2024-05-01T23:49:34.747-0500] {dag.py:3096} INFO - Sync 1 DAGs
[2024-05-01T23:49:34.780-0500] {logging_mixin.py:188} INFO - [2024-05-01T23:49:34.780-0500] {dag.py:3954} INFO - Setting next_dagrun for example_short_circuit_decorator to 2024-05-01 00:00:00+00:00, run_after=2024-05-02 00:00:00+00:00
[2024-05-01T23:49:34.788-0500] {processor.py:183} INFO - Processing /Users/nestoralfaro/Desktop/pbi-scenario-two/py_env/lib/python3.9/site-packages/airflow/example_dags/example_short_circuit_decorator.py took 0.107 seconds
[2024-05-01T23:51:28.738-0500] {processor.py:161} INFO - Started process (PID=35629) to work on /Users/nestoralfaro/Desktop/pbi-scenario-two/py_env/lib/python3.9/site-packages/airflow/example_dags/example_short_circuit_decorator.py
[2024-05-01T23:51:28.739-0500] {processor.py:830} INFO - Processing file /Users/nestoralfaro/Desktop/pbi-scenario-two/py_env/lib/python3.9/site-packages/airflow/example_dags/example_short_circuit_decorator.py for tasks to queue
[2024-05-01T23:51:28.740-0500] {logging_mixin.py:188} INFO - [2024-05-01T23:51:28.740-0500] {dagbag.py:540} INFO - Filling up the DagBag from /Users/nestoralfaro/Desktop/pbi-scenario-two/py_env/lib/python3.9/site-packages/airflow/example_dags/example_short_circuit_decorator.py
[2024-05-01T23:51:28.756-0500] {processor.py:840} INFO - DAG(s) 'example_short_circuit_decorator' retrieved from /Users/nestoralfaro/Desktop/pbi-scenario-two/py_env/lib/python3.9/site-packages/airflow/example_dags/example_short_circuit_decorator.py
[2024-05-01T23:51:28.803-0500] {logging_mixin.py:188} INFO - [2024-05-01T23:51:28.803-0500] {dag.py:3096} INFO - Sync 1 DAGs
[2024-05-01T23:51:28.838-0500] {logging_mixin.py:188} INFO - [2024-05-01T23:51:28.838-0500] {dag.py:3954} INFO - Setting next_dagrun for example_short_circuit_decorator to 2024-05-01 00:00:00+00:00, run_after=2024-05-02 00:00:00+00:00
[2024-05-01T23:51:28.846-0500] {processor.py:183} INFO - Processing /Users/nestoralfaro/Desktop/pbi-scenario-two/py_env/lib/python3.9/site-packages/airflow/example_dags/example_short_circuit_decorator.py took 0.109 seconds
[2024-05-01T23:53:26.956-0500] {processor.py:161} INFO - Started process (PID=35715) to work on /Users/nestoralfaro/Desktop/pbi-scenario-two/py_env/lib/python3.9/site-packages/airflow/example_dags/example_short_circuit_decorator.py
[2024-05-01T23:53:26.957-0500] {processor.py:830} INFO - Processing file /Users/nestoralfaro/Desktop/pbi-scenario-two/py_env/lib/python3.9/site-packages/airflow/example_dags/example_short_circuit_decorator.py for tasks to queue
[2024-05-01T23:53:26.958-0500] {logging_mixin.py:188} INFO - [2024-05-01T23:53:26.958-0500] {dagbag.py:540} INFO - Filling up the DagBag from /Users/nestoralfaro/Desktop/pbi-scenario-two/py_env/lib/python3.9/site-packages/airflow/example_dags/example_short_circuit_decorator.py
[2024-05-01T23:53:26.974-0500] {processor.py:840} INFO - DAG(s) 'example_short_circuit_decorator' retrieved from /Users/nestoralfaro/Desktop/pbi-scenario-two/py_env/lib/python3.9/site-packages/airflow/example_dags/example_short_circuit_decorator.py
[2024-05-01T23:53:27.017-0500] {logging_mixin.py:188} INFO - [2024-05-01T23:53:27.017-0500] {dag.py:3096} INFO - Sync 1 DAGs
[2024-05-01T23:53:27.050-0500] {logging_mixin.py:188} INFO - [2024-05-01T23:53:27.050-0500] {dag.py:3954} INFO - Setting next_dagrun for example_short_circuit_decorator to 2024-05-01 00:00:00+00:00, run_after=2024-05-02 00:00:00+00:00
[2024-05-01T23:53:27.057-0500] {processor.py:183} INFO - Processing /Users/nestoralfaro/Desktop/pbi-scenario-two/py_env/lib/python3.9/site-packages/airflow/example_dags/example_short_circuit_decorator.py took 0.103 seconds
[2024-05-01T23:55:21.335-0500] {processor.py:161} INFO - Started process (PID=35784) to work on /Users/nestoralfaro/Desktop/pbi-scenario-two/py_env/lib/python3.9/site-packages/airflow/example_dags/example_short_circuit_decorator.py
[2024-05-01T23:55:21.337-0500] {processor.py:830} INFO - Processing file /Users/nestoralfaro/Desktop/pbi-scenario-two/py_env/lib/python3.9/site-packages/airflow/example_dags/example_short_circuit_decorator.py for tasks to queue
[2024-05-01T23:55:21.337-0500] {logging_mixin.py:188} INFO - [2024-05-01T23:55:21.337-0500] {dagbag.py:540} INFO - Filling up the DagBag from /Users/nestoralfaro/Desktop/pbi-scenario-two/py_env/lib/python3.9/site-packages/airflow/example_dags/example_short_circuit_decorator.py
[2024-05-01T23:55:21.352-0500] {processor.py:840} INFO - DAG(s) 'example_short_circuit_decorator' retrieved from /Users/nestoralfaro/Desktop/pbi-scenario-two/py_env/lib/python3.9/site-packages/airflow/example_dags/example_short_circuit_decorator.py
[2024-05-01T23:55:21.392-0500] {logging_mixin.py:188} INFO - [2024-05-01T23:55:21.392-0500] {dag.py:3096} INFO - Sync 1 DAGs
[2024-05-01T23:55:21.422-0500] {logging_mixin.py:188} INFO - [2024-05-01T23:55:21.422-0500] {dag.py:3954} INFO - Setting next_dagrun for example_short_circuit_decorator to 2024-05-01 00:00:00+00:00, run_after=2024-05-02 00:00:00+00:00
[2024-05-01T23:55:21.429-0500] {processor.py:183} INFO - Processing /Users/nestoralfaro/Desktop/pbi-scenario-two/py_env/lib/python3.9/site-packages/airflow/example_dags/example_short_circuit_decorator.py took 0.095 seconds
[2024-05-01T23:57:11.010-0500] {processor.py:161} INFO - Started process (PID=35852) to work on /Users/nestoralfaro/Desktop/pbi-scenario-two/py_env/lib/python3.9/site-packages/airflow/example_dags/example_short_circuit_decorator.py
[2024-05-01T23:57:11.011-0500] {processor.py:830} INFO - Processing file /Users/nestoralfaro/Desktop/pbi-scenario-two/py_env/lib/python3.9/site-packages/airflow/example_dags/example_short_circuit_decorator.py for tasks to queue
[2024-05-01T23:57:11.012-0500] {logging_mixin.py:188} INFO - [2024-05-01T23:57:11.012-0500] {dagbag.py:540} INFO - Filling up the DagBag from /Users/nestoralfaro/Desktop/pbi-scenario-two/py_env/lib/python3.9/site-packages/airflow/example_dags/example_short_circuit_decorator.py
[2024-05-01T23:57:11.028-0500] {processor.py:840} INFO - DAG(s) 'example_short_circuit_decorator' retrieved from /Users/nestoralfaro/Desktop/pbi-scenario-two/py_env/lib/python3.9/site-packages/airflow/example_dags/example_short_circuit_decorator.py
[2024-05-01T23:57:11.069-0500] {logging_mixin.py:188} INFO - [2024-05-01T23:57:11.069-0500] {dag.py:3096} INFO - Sync 1 DAGs
[2024-05-01T23:57:11.100-0500] {logging_mixin.py:188} INFO - [2024-05-01T23:57:11.100-0500] {dag.py:3954} INFO - Setting next_dagrun for example_short_circuit_decorator to 2024-05-01 00:00:00+00:00, run_after=2024-05-02 00:00:00+00:00
[2024-05-01T23:57:11.107-0500] {processor.py:183} INFO - Processing /Users/nestoralfaro/Desktop/pbi-scenario-two/py_env/lib/python3.9/site-packages/airflow/example_dags/example_short_circuit_decorator.py took 0.098 seconds
[2024-05-01T23:59:03.605-0500] {processor.py:161} INFO - Started process (PID=35922) to work on /Users/nestoralfaro/Desktop/pbi-scenario-two/py_env/lib/python3.9/site-packages/airflow/example_dags/example_short_circuit_decorator.py
[2024-05-01T23:59:03.606-0500] {processor.py:830} INFO - Processing file /Users/nestoralfaro/Desktop/pbi-scenario-two/py_env/lib/python3.9/site-packages/airflow/example_dags/example_short_circuit_decorator.py for tasks to queue
[2024-05-01T23:59:03.606-0500] {logging_mixin.py:188} INFO - [2024-05-01T23:59:03.606-0500] {dagbag.py:540} INFO - Filling up the DagBag from /Users/nestoralfaro/Desktop/pbi-scenario-two/py_env/lib/python3.9/site-packages/airflow/example_dags/example_short_circuit_decorator.py
[2024-05-01T23:59:03.623-0500] {processor.py:840} INFO - DAG(s) 'example_short_circuit_decorator' retrieved from /Users/nestoralfaro/Desktop/pbi-scenario-two/py_env/lib/python3.9/site-packages/airflow/example_dags/example_short_circuit_decorator.py
[2024-05-01T23:59:03.665-0500] {logging_mixin.py:188} INFO - [2024-05-01T23:59:03.665-0500] {dag.py:3096} INFO - Sync 1 DAGs
[2024-05-01T23:59:03.696-0500] {logging_mixin.py:188} INFO - [2024-05-01T23:59:03.696-0500] {dag.py:3954} INFO - Setting next_dagrun for example_short_circuit_decorator to 2024-05-01 00:00:00+00:00, run_after=2024-05-02 00:00:00+00:00
[2024-05-01T23:59:03.703-0500] {processor.py:183} INFO - Processing /Users/nestoralfaro/Desktop/pbi-scenario-two/py_env/lib/python3.9/site-packages/airflow/example_dags/example_short_circuit_decorator.py took 0.100 seconds
[2024-05-02T00:00:54.240-0500] {processor.py:161} INFO - Started process (PID=36015) to work on /Users/nestoralfaro/Desktop/pbi-scenario-two/py_env/lib/python3.9/site-packages/airflow/example_dags/example_short_circuit_decorator.py
[2024-05-02T00:00:54.243-0500] {processor.py:830} INFO - Processing file /Users/nestoralfaro/Desktop/pbi-scenario-two/py_env/lib/python3.9/site-packages/airflow/example_dags/example_short_circuit_decorator.py for tasks to queue
[2024-05-02T00:00:54.243-0500] {logging_mixin.py:188} INFO - [2024-05-02T00:00:54.243-0500] {dagbag.py:540} INFO - Filling up the DagBag from /Users/nestoralfaro/Desktop/pbi-scenario-two/py_env/lib/python3.9/site-packages/airflow/example_dags/example_short_circuit_decorator.py
[2024-05-02T00:00:54.261-0500] {processor.py:840} INFO - DAG(s) 'example_short_circuit_decorator' retrieved from /Users/nestoralfaro/Desktop/pbi-scenario-two/py_env/lib/python3.9/site-packages/airflow/example_dags/example_short_circuit_decorator.py
[2024-05-02T00:00:54.306-0500] {logging_mixin.py:188} INFO - [2024-05-02T00:00:54.306-0500] {dag.py:3096} INFO - Sync 1 DAGs
[2024-05-02T00:00:54.340-0500] {logging_mixin.py:188} INFO - [2024-05-02T00:00:54.340-0500] {dag.py:3954} INFO - Setting next_dagrun for example_short_circuit_decorator to 2024-05-01 00:00:00+00:00, run_after=2024-05-02 00:00:00+00:00
[2024-05-02T00:00:54.348-0500] {processor.py:183} INFO - Processing /Users/nestoralfaro/Desktop/pbi-scenario-two/py_env/lib/python3.9/site-packages/airflow/example_dags/example_short_circuit_decorator.py took 0.109 seconds
[2024-05-02T00:02:52.318-0500] {processor.py:161} INFO - Started process (PID=36098) to work on /Users/nestoralfaro/Desktop/pbi-scenario-two/py_env/lib/python3.9/site-packages/airflow/example_dags/example_short_circuit_decorator.py
[2024-05-02T00:02:52.320-0500] {processor.py:830} INFO - Processing file /Users/nestoralfaro/Desktop/pbi-scenario-two/py_env/lib/python3.9/site-packages/airflow/example_dags/example_short_circuit_decorator.py for tasks to queue
[2024-05-02T00:02:52.320-0500] {logging_mixin.py:188} INFO - [2024-05-02T00:02:52.320-0500] {dagbag.py:540} INFO - Filling up the DagBag from /Users/nestoralfaro/Desktop/pbi-scenario-two/py_env/lib/python3.9/site-packages/airflow/example_dags/example_short_circuit_decorator.py
[2024-05-02T00:02:52.337-0500] {processor.py:840} INFO - DAG(s) 'example_short_circuit_decorator' retrieved from /Users/nestoralfaro/Desktop/pbi-scenario-two/py_env/lib/python3.9/site-packages/airflow/example_dags/example_short_circuit_decorator.py
[2024-05-02T00:02:52.378-0500] {logging_mixin.py:188} INFO - [2024-05-02T00:02:52.378-0500] {dag.py:3096} INFO - Sync 1 DAGs
[2024-05-02T00:02:52.413-0500] {logging_mixin.py:188} INFO - [2024-05-02T00:02:52.412-0500] {dag.py:3954} INFO - Setting next_dagrun for example_short_circuit_decorator to 2024-05-01 00:00:00+00:00, run_after=2024-05-02 00:00:00+00:00
[2024-05-02T00:02:52.421-0500] {processor.py:183} INFO - Processing /Users/nestoralfaro/Desktop/pbi-scenario-two/py_env/lib/python3.9/site-packages/airflow/example_dags/example_short_circuit_decorator.py took 0.105 seconds
[2024-05-02T00:04:46.038-0500] {processor.py:161} INFO - Started process (PID=36173) to work on /Users/nestoralfaro/Desktop/pbi-scenario-two/py_env/lib/python3.9/site-packages/airflow/example_dags/example_short_circuit_decorator.py
[2024-05-02T00:04:46.040-0500] {processor.py:830} INFO - Processing file /Users/nestoralfaro/Desktop/pbi-scenario-two/py_env/lib/python3.9/site-packages/airflow/example_dags/example_short_circuit_decorator.py for tasks to queue
[2024-05-02T00:04:46.040-0500] {logging_mixin.py:188} INFO - [2024-05-02T00:04:46.040-0500] {dagbag.py:540} INFO - Filling up the DagBag from /Users/nestoralfaro/Desktop/pbi-scenario-two/py_env/lib/python3.9/site-packages/airflow/example_dags/example_short_circuit_decorator.py
[2024-05-02T00:04:46.057-0500] {processor.py:840} INFO - DAG(s) 'example_short_circuit_decorator' retrieved from /Users/nestoralfaro/Desktop/pbi-scenario-two/py_env/lib/python3.9/site-packages/airflow/example_dags/example_short_circuit_decorator.py
[2024-05-02T00:04:46.101-0500] {logging_mixin.py:188} INFO - [2024-05-02T00:04:46.101-0500] {dag.py:3096} INFO - Sync 1 DAGs
[2024-05-02T00:04:46.133-0500] {logging_mixin.py:188} INFO - [2024-05-02T00:04:46.133-0500] {dag.py:3954} INFO - Setting next_dagrun for example_short_circuit_decorator to 2024-05-01 00:00:00+00:00, run_after=2024-05-02 00:00:00+00:00
[2024-05-02T00:04:46.140-0500] {processor.py:183} INFO - Processing /Users/nestoralfaro/Desktop/pbi-scenario-two/py_env/lib/python3.9/site-packages/airflow/example_dags/example_short_circuit_decorator.py took 0.104 seconds
[2024-05-02T00:06:40.611-0500] {processor.py:161} INFO - Started process (PID=36264) to work on /Users/nestoralfaro/Desktop/pbi-scenario-two/py_env/lib/python3.9/site-packages/airflow/example_dags/example_short_circuit_decorator.py
[2024-05-02T00:06:40.613-0500] {processor.py:830} INFO - Processing file /Users/nestoralfaro/Desktop/pbi-scenario-two/py_env/lib/python3.9/site-packages/airflow/example_dags/example_short_circuit_decorator.py for tasks to queue
[2024-05-02T00:06:40.614-0500] {logging_mixin.py:188} INFO - [2024-05-02T00:06:40.614-0500] {dagbag.py:540} INFO - Filling up the DagBag from /Users/nestoralfaro/Desktop/pbi-scenario-two/py_env/lib/python3.9/site-packages/airflow/example_dags/example_short_circuit_decorator.py
[2024-05-02T00:06:40.629-0500] {processor.py:840} INFO - DAG(s) 'example_short_circuit_decorator' retrieved from /Users/nestoralfaro/Desktop/pbi-scenario-two/py_env/lib/python3.9/site-packages/airflow/example_dags/example_short_circuit_decorator.py
[2024-05-02T00:06:40.670-0500] {logging_mixin.py:188} INFO - [2024-05-02T00:06:40.670-0500] {dag.py:3096} INFO - Sync 1 DAGs
[2024-05-02T00:06:40.700-0500] {logging_mixin.py:188} INFO - [2024-05-02T00:06:40.700-0500] {dag.py:3954} INFO - Setting next_dagrun for example_short_circuit_decorator to 2024-05-01 00:00:00+00:00, run_after=2024-05-02 00:00:00+00:00
[2024-05-02T00:06:40.708-0500] {processor.py:183} INFO - Processing /Users/nestoralfaro/Desktop/pbi-scenario-two/py_env/lib/python3.9/site-packages/airflow/example_dags/example_short_circuit_decorator.py took 0.098 seconds
[2024-05-02T00:08:27.418-0500] {processor.py:161} INFO - Started process (PID=36331) to work on /Users/nestoralfaro/Desktop/pbi-scenario-two/py_env/lib/python3.9/site-packages/airflow/example_dags/example_short_circuit_decorator.py
[2024-05-02T00:08:27.419-0500] {processor.py:830} INFO - Processing file /Users/nestoralfaro/Desktop/pbi-scenario-two/py_env/lib/python3.9/site-packages/airflow/example_dags/example_short_circuit_decorator.py for tasks to queue
[2024-05-02T00:08:27.420-0500] {logging_mixin.py:188} INFO - [2024-05-02T00:08:27.420-0500] {dagbag.py:540} INFO - Filling up the DagBag from /Users/nestoralfaro/Desktop/pbi-scenario-two/py_env/lib/python3.9/site-packages/airflow/example_dags/example_short_circuit_decorator.py
[2024-05-02T00:08:27.437-0500] {processor.py:840} INFO - DAG(s) 'example_short_circuit_decorator' retrieved from /Users/nestoralfaro/Desktop/pbi-scenario-two/py_env/lib/python3.9/site-packages/airflow/example_dags/example_short_circuit_decorator.py
[2024-05-02T00:08:27.481-0500] {logging_mixin.py:188} INFO - [2024-05-02T00:08:27.481-0500] {dag.py:3096} INFO - Sync 1 DAGs
[2024-05-02T00:08:27.515-0500] {logging_mixin.py:188} INFO - [2024-05-02T00:08:27.515-0500] {dag.py:3954} INFO - Setting next_dagrun for example_short_circuit_decorator to 2024-05-01 00:00:00+00:00, run_after=2024-05-02 00:00:00+00:00
[2024-05-02T00:08:27.523-0500] {processor.py:183} INFO - Processing /Users/nestoralfaro/Desktop/pbi-scenario-two/py_env/lib/python3.9/site-packages/airflow/example_dags/example_short_circuit_decorator.py took 0.106 seconds
[2024-05-02T00:11:32.871-0500] {processor.py:161} INFO - Started process (PID=36439) to work on /Users/nestoralfaro/Desktop/pbi-scenario-two/py_env/lib/python3.9/site-packages/airflow/example_dags/example_short_circuit_decorator.py
[2024-05-02T00:11:32.873-0500] {processor.py:830} INFO - Processing file /Users/nestoralfaro/Desktop/pbi-scenario-two/py_env/lib/python3.9/site-packages/airflow/example_dags/example_short_circuit_decorator.py for tasks to queue
[2024-05-02T00:11:32.873-0500] {logging_mixin.py:188} INFO - [2024-05-02T00:11:32.873-0500] {dagbag.py:540} INFO - Filling up the DagBag from /Users/nestoralfaro/Desktop/pbi-scenario-two/py_env/lib/python3.9/site-packages/airflow/example_dags/example_short_circuit_decorator.py
[2024-05-02T00:11:32.891-0500] {processor.py:840} INFO - DAG(s) 'example_short_circuit_decorator' retrieved from /Users/nestoralfaro/Desktop/pbi-scenario-two/py_env/lib/python3.9/site-packages/airflow/example_dags/example_short_circuit_decorator.py
[2024-05-02T00:11:32.934-0500] {logging_mixin.py:188} INFO - [2024-05-02T00:11:32.934-0500] {dag.py:3096} INFO - Sync 1 DAGs
[2024-05-02T00:11:32.965-0500] {logging_mixin.py:188} INFO - [2024-05-02T00:11:32.964-0500] {dag.py:3954} INFO - Setting next_dagrun for example_short_circuit_decorator to 2024-05-01 00:00:00+00:00, run_after=2024-05-02 00:00:00+00:00
[2024-05-02T00:11:32.972-0500] {processor.py:183} INFO - Processing /Users/nestoralfaro/Desktop/pbi-scenario-two/py_env/lib/python3.9/site-packages/airflow/example_dags/example_short_circuit_decorator.py took 0.103 seconds
[2024-05-02T00:12:59.469-0500] {processor.py:161} INFO - Started process (PID=36526) to work on /Users/nestoralfaro/Desktop/pbi-scenario-two/py_env/lib/python3.9/site-packages/airflow/example_dags/example_short_circuit_decorator.py
[2024-05-02T00:12:59.470-0500] {processor.py:830} INFO - Processing file /Users/nestoralfaro/Desktop/pbi-scenario-two/py_env/lib/python3.9/site-packages/airflow/example_dags/example_short_circuit_decorator.py for tasks to queue
[2024-05-02T00:12:59.470-0500] {logging_mixin.py:188} INFO - [2024-05-02T00:12:59.470-0500] {dagbag.py:540} INFO - Filling up the DagBag from /Users/nestoralfaro/Desktop/pbi-scenario-two/py_env/lib/python3.9/site-packages/airflow/example_dags/example_short_circuit_decorator.py
[2024-05-02T00:12:59.487-0500] {processor.py:840} INFO - DAG(s) 'example_short_circuit_decorator' retrieved from /Users/nestoralfaro/Desktop/pbi-scenario-two/py_env/lib/python3.9/site-packages/airflow/example_dags/example_short_circuit_decorator.py
[2024-05-02T00:12:59.528-0500] {logging_mixin.py:188} INFO - [2024-05-02T00:12:59.528-0500] {dag.py:3096} INFO - Sync 1 DAGs
[2024-05-02T00:12:59.559-0500] {logging_mixin.py:188} INFO - [2024-05-02T00:12:59.559-0500] {dag.py:3954} INFO - Setting next_dagrun for example_short_circuit_decorator to 2024-05-01 00:00:00+00:00, run_after=2024-05-02 00:00:00+00:00
[2024-05-02T00:12:59.566-0500] {processor.py:183} INFO - Processing /Users/nestoralfaro/Desktop/pbi-scenario-two/py_env/lib/python3.9/site-packages/airflow/example_dags/example_short_circuit_decorator.py took 0.098 seconds
[2024-05-02T00:15:24.660-0500] {processor.py:161} INFO - Started process (PID=36621) to work on /Users/nestoralfaro/Desktop/pbi-scenario-two/py_env/lib/python3.9/site-packages/airflow/example_dags/example_short_circuit_decorator.py
[2024-05-02T00:15:24.662-0500] {processor.py:830} INFO - Processing file /Users/nestoralfaro/Desktop/pbi-scenario-two/py_env/lib/python3.9/site-packages/airflow/example_dags/example_short_circuit_decorator.py for tasks to queue
[2024-05-02T00:15:24.662-0500] {logging_mixin.py:188} INFO - [2024-05-02T00:15:24.662-0500] {dagbag.py:540} INFO - Filling up the DagBag from /Users/nestoralfaro/Desktop/pbi-scenario-two/py_env/lib/python3.9/site-packages/airflow/example_dags/example_short_circuit_decorator.py
[2024-05-02T00:15:24.679-0500] {processor.py:840} INFO - DAG(s) 'example_short_circuit_decorator' retrieved from /Users/nestoralfaro/Desktop/pbi-scenario-two/py_env/lib/python3.9/site-packages/airflow/example_dags/example_short_circuit_decorator.py
[2024-05-02T00:15:24.723-0500] {logging_mixin.py:188} INFO - [2024-05-02T00:15:24.723-0500] {dag.py:3096} INFO - Sync 1 DAGs
[2024-05-02T00:15:24.759-0500] {logging_mixin.py:188} INFO - [2024-05-02T00:15:24.759-0500] {dag.py:3954} INFO - Setting next_dagrun for example_short_circuit_decorator to 2024-05-01 00:00:00+00:00, run_after=2024-05-02 00:00:00+00:00
[2024-05-02T00:15:24.767-0500] {processor.py:183} INFO - Processing /Users/nestoralfaro/Desktop/pbi-scenario-two/py_env/lib/python3.9/site-packages/airflow/example_dags/example_short_circuit_decorator.py took 0.109 seconds
[2024-05-02T00:16:53.882-0500] {processor.py:161} INFO - Started process (PID=36678) to work on /Users/nestoralfaro/Desktop/pbi-scenario-two/py_env/lib/python3.9/site-packages/airflow/example_dags/example_short_circuit_decorator.py
[2024-05-02T00:16:53.883-0500] {processor.py:830} INFO - Processing file /Users/nestoralfaro/Desktop/pbi-scenario-two/py_env/lib/python3.9/site-packages/airflow/example_dags/example_short_circuit_decorator.py for tasks to queue
[2024-05-02T00:16:53.884-0500] {logging_mixin.py:188} INFO - [2024-05-02T00:16:53.884-0500] {dagbag.py:540} INFO - Filling up the DagBag from /Users/nestoralfaro/Desktop/pbi-scenario-two/py_env/lib/python3.9/site-packages/airflow/example_dags/example_short_circuit_decorator.py
[2024-05-02T00:16:53.901-0500] {processor.py:840} INFO - DAG(s) 'example_short_circuit_decorator' retrieved from /Users/nestoralfaro/Desktop/pbi-scenario-two/py_env/lib/python3.9/site-packages/airflow/example_dags/example_short_circuit_decorator.py
[2024-05-02T00:16:53.942-0500] {logging_mixin.py:188} INFO - [2024-05-02T00:16:53.942-0500] {dag.py:3096} INFO - Sync 1 DAGs
[2024-05-02T00:16:53.972-0500] {logging_mixin.py:188} INFO - [2024-05-02T00:16:53.972-0500] {dag.py:3954} INFO - Setting next_dagrun for example_short_circuit_decorator to 2024-05-01 00:00:00+00:00, run_after=2024-05-02 00:00:00+00:00
[2024-05-02T00:16:53.980-0500] {processor.py:183} INFO - Processing /Users/nestoralfaro/Desktop/pbi-scenario-two/py_env/lib/python3.9/site-packages/airflow/example_dags/example_short_circuit_decorator.py took 0.099 seconds
[2024-05-02T00:18:49.593-0500] {processor.py:161} INFO - Started process (PID=36763) to work on /Users/nestoralfaro/Desktop/pbi-scenario-two/py_env/lib/python3.9/site-packages/airflow/example_dags/example_short_circuit_decorator.py
[2024-05-02T00:18:49.596-0500] {processor.py:830} INFO - Processing file /Users/nestoralfaro/Desktop/pbi-scenario-two/py_env/lib/python3.9/site-packages/airflow/example_dags/example_short_circuit_decorator.py for tasks to queue
[2024-05-02T00:18:49.596-0500] {logging_mixin.py:188} INFO - [2024-05-02T00:18:49.596-0500] {dagbag.py:540} INFO - Filling up the DagBag from /Users/nestoralfaro/Desktop/pbi-scenario-two/py_env/lib/python3.9/site-packages/airflow/example_dags/example_short_circuit_decorator.py
[2024-05-02T00:18:49.612-0500] {processor.py:840} INFO - DAG(s) 'example_short_circuit_decorator' retrieved from /Users/nestoralfaro/Desktop/pbi-scenario-two/py_env/lib/python3.9/site-packages/airflow/example_dags/example_short_circuit_decorator.py
[2024-05-02T00:18:49.653-0500] {logging_mixin.py:188} INFO - [2024-05-02T00:18:49.653-0500] {dag.py:3096} INFO - Sync 1 DAGs
[2024-05-02T00:18:49.685-0500] {logging_mixin.py:188} INFO - [2024-05-02T00:18:49.685-0500] {dag.py:3954} INFO - Setting next_dagrun for example_short_circuit_decorator to 2024-05-01 00:00:00+00:00, run_after=2024-05-02 00:00:00+00:00
[2024-05-02T00:18:49.693-0500] {processor.py:183} INFO - Processing /Users/nestoralfaro/Desktop/pbi-scenario-two/py_env/lib/python3.9/site-packages/airflow/example_dags/example_short_circuit_decorator.py took 0.101 seconds
[2024-05-02T00:20:46.425-0500] {processor.py:161} INFO - Started process (PID=36863) to work on /Users/nestoralfaro/Desktop/pbi-scenario-two/py_env/lib/python3.9/site-packages/airflow/example_dags/example_short_circuit_decorator.py
[2024-05-02T00:20:46.426-0500] {processor.py:830} INFO - Processing file /Users/nestoralfaro/Desktop/pbi-scenario-two/py_env/lib/python3.9/site-packages/airflow/example_dags/example_short_circuit_decorator.py for tasks to queue
[2024-05-02T00:20:46.426-0500] {logging_mixin.py:188} INFO - [2024-05-02T00:20:46.426-0500] {dagbag.py:540} INFO - Filling up the DagBag from /Users/nestoralfaro/Desktop/pbi-scenario-two/py_env/lib/python3.9/site-packages/airflow/example_dags/example_short_circuit_decorator.py
[2024-05-02T00:20:46.443-0500] {processor.py:840} INFO - DAG(s) 'example_short_circuit_decorator' retrieved from /Users/nestoralfaro/Desktop/pbi-scenario-two/py_env/lib/python3.9/site-packages/airflow/example_dags/example_short_circuit_decorator.py
[2024-05-02T00:20:46.488-0500] {logging_mixin.py:188} INFO - [2024-05-02T00:20:46.487-0500] {dag.py:3096} INFO - Sync 1 DAGs
[2024-05-02T00:20:46.522-0500] {logging_mixin.py:188} INFO - [2024-05-02T00:20:46.522-0500] {dag.py:3954} INFO - Setting next_dagrun for example_short_circuit_decorator to 2024-05-01 00:00:00+00:00, run_after=2024-05-02 00:00:00+00:00
[2024-05-02T00:20:46.529-0500] {processor.py:183} INFO - Processing /Users/nestoralfaro/Desktop/pbi-scenario-two/py_env/lib/python3.9/site-packages/airflow/example_dags/example_short_circuit_decorator.py took 0.106 seconds
[2024-05-02T00:22:42.271-0500] {processor.py:161} INFO - Started process (PID=36965) to work on /Users/nestoralfaro/Desktop/pbi-scenario-two/py_env/lib/python3.9/site-packages/airflow/example_dags/example_short_circuit_decorator.py
[2024-05-02T00:22:42.273-0500] {processor.py:830} INFO - Processing file /Users/nestoralfaro/Desktop/pbi-scenario-two/py_env/lib/python3.9/site-packages/airflow/example_dags/example_short_circuit_decorator.py for tasks to queue
[2024-05-02T00:22:42.274-0500] {logging_mixin.py:188} INFO - [2024-05-02T00:22:42.273-0500] {dagbag.py:540} INFO - Filling up the DagBag from /Users/nestoralfaro/Desktop/pbi-scenario-two/py_env/lib/python3.9/site-packages/airflow/example_dags/example_short_circuit_decorator.py
[2024-05-02T00:22:42.291-0500] {processor.py:840} INFO - DAG(s) 'example_short_circuit_decorator' retrieved from /Users/nestoralfaro/Desktop/pbi-scenario-two/py_env/lib/python3.9/site-packages/airflow/example_dags/example_short_circuit_decorator.py
[2024-05-02T00:22:42.335-0500] {logging_mixin.py:188} INFO - [2024-05-02T00:22:42.335-0500] {dag.py:3096} INFO - Sync 1 DAGs
[2024-05-02T00:22:42.367-0500] {logging_mixin.py:188} INFO - [2024-05-02T00:22:42.367-0500] {dag.py:3954} INFO - Setting next_dagrun for example_short_circuit_decorator to 2024-05-01 00:00:00+00:00, run_after=2024-05-02 00:00:00+00:00
[2024-05-02T00:22:42.375-0500] {processor.py:183} INFO - Processing /Users/nestoralfaro/Desktop/pbi-scenario-two/py_env/lib/python3.9/site-packages/airflow/example_dags/example_short_circuit_decorator.py took 0.105 seconds
