[2024-05-01T23:31:23.208-0500] {processor.py:161} INFO - Started process (PID=34783) to work on /Users/nestoralfaro/Desktop/pbi-scenario-two/py_env/lib/python3.9/site-packages/airflow/example_dags/example_branch_day_of_week_operator.py
[2024-05-01T23:31:23.209-0500] {processor.py:830} INFO - Processing file /Users/nestoralfaro/Desktop/pbi-scenario-two/py_env/lib/python3.9/site-packages/airflow/example_dags/example_branch_day_of_week_operator.py for tasks to queue
[2024-05-01T23:31:23.209-0500] {logging_mixin.py:188} INFO - [2024-05-01T23:31:23.209-0500] {dagbag.py:540} INFO - Filling up the DagBag from /Users/nestoralfaro/Desktop/pbi-scenario-two/py_env/lib/python3.9/site-packages/airflow/example_dags/example_branch_day_of_week_operator.py
[2024-05-01T23:31:23.215-0500] {processor.py:840} INFO - DAG(s) 'example_weekday_branch_operator' retrieved from /Users/nestoralfaro/Desktop/pbi-scenario-two/py_env/lib/python3.9/site-packages/airflow/example_dags/example_branch_day_of_week_operator.py
[2024-05-01T23:31:23.321-0500] {logging_mixin.py:188} INFO - [2024-05-01T23:31:23.321-0500] {dag.py:3096} INFO - Sync 1 DAGs
[2024-05-01T23:31:23.329-0500] {logging_mixin.py:188} INFO - [2024-05-01T23:31:23.329-0500] {dag.py:3954} INFO - Setting next_dagrun for example_weekday_branch_operator to 2024-05-01 00:00:00+00:00, run_after=2024-05-02 00:00:00+00:00
[2024-05-01T23:31:23.337-0500] {processor.py:183} INFO - Processing /Users/nestoralfaro/Desktop/pbi-scenario-two/py_env/lib/python3.9/site-packages/airflow/example_dags/example_branch_day_of_week_operator.py took 0.131 seconds
[2024-05-01T23:33:30.134-0500] {processor.py:161} INFO - Started process (PID=34891) to work on /Users/nestoralfaro/Desktop/pbi-scenario-two/py_env/lib/python3.9/site-packages/airflow/example_dags/example_branch_day_of_week_operator.py
[2024-05-01T23:33:30.136-0500] {processor.py:830} INFO - Processing file /Users/nestoralfaro/Desktop/pbi-scenario-two/py_env/lib/python3.9/site-packages/airflow/example_dags/example_branch_day_of_week_operator.py for tasks to queue
[2024-05-01T23:33:30.137-0500] {logging_mixin.py:188} INFO - [2024-05-01T23:33:30.137-0500] {dagbag.py:540} INFO - Filling up the DagBag from /Users/nestoralfaro/Desktop/pbi-scenario-two/py_env/lib/python3.9/site-packages/airflow/example_dags/example_branch_day_of_week_operator.py
[2024-05-01T23:33:30.142-0500] {processor.py:840} INFO - DAG(s) 'example_weekday_branch_operator' retrieved from /Users/nestoralfaro/Desktop/pbi-scenario-two/py_env/lib/python3.9/site-packages/airflow/example_dags/example_branch_day_of_week_operator.py
[2024-05-01T23:33:30.188-0500] {logging_mixin.py:188} INFO - [2024-05-01T23:33:30.188-0500] {dag.py:3096} INFO - Sync 1 DAGs
[2024-05-01T23:33:30.195-0500] {logging_mixin.py:188} INFO - [2024-05-01T23:33:30.195-0500] {dag.py:3954} INFO - Setting next_dagrun for example_weekday_branch_operator to 2024-05-01 00:00:00+00:00, run_after=2024-05-02 00:00:00+00:00
[2024-05-01T23:33:30.203-0500] {processor.py:183} INFO - Processing /Users/nestoralfaro/Desktop/pbi-scenario-two/py_env/lib/python3.9/site-packages/airflow/example_dags/example_branch_day_of_week_operator.py took 0.070 seconds
[2024-05-01T23:35:26.023-0500] {processor.py:161} INFO - Started process (PID=34961) to work on /Users/nestoralfaro/Desktop/pbi-scenario-two/py_env/lib/python3.9/site-packages/airflow/example_dags/example_branch_day_of_week_operator.py
[2024-05-01T23:35:26.024-0500] {processor.py:830} INFO - Processing file /Users/nestoralfaro/Desktop/pbi-scenario-two/py_env/lib/python3.9/site-packages/airflow/example_dags/example_branch_day_of_week_operator.py for tasks to queue
[2024-05-01T23:35:26.025-0500] {logging_mixin.py:188} INFO - [2024-05-01T23:35:26.025-0500] {dagbag.py:540} INFO - Filling up the DagBag from /Users/nestoralfaro/Desktop/pbi-scenario-two/py_env/lib/python3.9/site-packages/airflow/example_dags/example_branch_day_of_week_operator.py
[2024-05-01T23:35:26.030-0500] {processor.py:840} INFO - DAG(s) 'example_weekday_branch_operator' retrieved from /Users/nestoralfaro/Desktop/pbi-scenario-two/py_env/lib/python3.9/site-packages/airflow/example_dags/example_branch_day_of_week_operator.py
[2024-05-01T23:35:26.072-0500] {logging_mixin.py:188} INFO - [2024-05-01T23:35:26.072-0500] {dag.py:3096} INFO - Sync 1 DAGs
[2024-05-01T23:35:26.079-0500] {logging_mixin.py:188} INFO - [2024-05-01T23:35:26.079-0500] {dag.py:3954} INFO - Setting next_dagrun for example_weekday_branch_operator to 2024-05-01 00:00:00+00:00, run_after=2024-05-02 00:00:00+00:00
[2024-05-01T23:35:26.086-0500] {processor.py:183} INFO - Processing /Users/nestoralfaro/Desktop/pbi-scenario-two/py_env/lib/python3.9/site-packages/airflow/example_dags/example_branch_day_of_week_operator.py took 0.064 seconds
[2024-05-01T23:37:18.757-0500] {processor.py:161} INFO - Started process (PID=35030) to work on /Users/nestoralfaro/Desktop/pbi-scenario-two/py_env/lib/python3.9/site-packages/airflow/example_dags/example_branch_day_of_week_operator.py
[2024-05-01T23:37:18.759-0500] {processor.py:830} INFO - Processing file /Users/nestoralfaro/Desktop/pbi-scenario-two/py_env/lib/python3.9/site-packages/airflow/example_dags/example_branch_day_of_week_operator.py for tasks to queue
[2024-05-01T23:37:18.760-0500] {logging_mixin.py:188} INFO - [2024-05-01T23:37:18.760-0500] {dagbag.py:540} INFO - Filling up the DagBag from /Users/nestoralfaro/Desktop/pbi-scenario-two/py_env/lib/python3.9/site-packages/airflow/example_dags/example_branch_day_of_week_operator.py
[2024-05-01T23:37:18.765-0500] {processor.py:840} INFO - DAG(s) 'example_weekday_branch_operator' retrieved from /Users/nestoralfaro/Desktop/pbi-scenario-two/py_env/lib/python3.9/site-packages/airflow/example_dags/example_branch_day_of_week_operator.py
[2024-05-01T23:37:18.809-0500] {logging_mixin.py:188} INFO - [2024-05-01T23:37:18.809-0500] {dag.py:3096} INFO - Sync 1 DAGs
[2024-05-01T23:37:18.816-0500] {logging_mixin.py:188} INFO - [2024-05-01T23:37:18.816-0500] {dag.py:3954} INFO - Setting next_dagrun for example_weekday_branch_operator to 2024-05-01 00:00:00+00:00, run_after=2024-05-02 00:00:00+00:00
[2024-05-01T23:37:18.824-0500] {processor.py:183} INFO - Processing /Users/nestoralfaro/Desktop/pbi-scenario-two/py_env/lib/python3.9/site-packages/airflow/example_dags/example_branch_day_of_week_operator.py took 0.068 seconds
[2024-05-01T23:39:14.342-0500] {processor.py:161} INFO - Started process (PID=35100) to work on /Users/nestoralfaro/Desktop/pbi-scenario-two/py_env/lib/python3.9/site-packages/airflow/example_dags/example_branch_day_of_week_operator.py
[2024-05-01T23:39:14.344-0500] {processor.py:830} INFO - Processing file /Users/nestoralfaro/Desktop/pbi-scenario-two/py_env/lib/python3.9/site-packages/airflow/example_dags/example_branch_day_of_week_operator.py for tasks to queue
[2024-05-01T23:39:14.344-0500] {logging_mixin.py:188} INFO - [2024-05-01T23:39:14.344-0500] {dagbag.py:540} INFO - Filling up the DagBag from /Users/nestoralfaro/Desktop/pbi-scenario-two/py_env/lib/python3.9/site-packages/airflow/example_dags/example_branch_day_of_week_operator.py
[2024-05-01T23:39:14.349-0500] {processor.py:840} INFO - DAG(s) 'example_weekday_branch_operator' retrieved from /Users/nestoralfaro/Desktop/pbi-scenario-two/py_env/lib/python3.9/site-packages/airflow/example_dags/example_branch_day_of_week_operator.py
[2024-05-01T23:39:14.395-0500] {logging_mixin.py:188} INFO - [2024-05-01T23:39:14.395-0500] {dag.py:3096} INFO - Sync 1 DAGs
[2024-05-01T23:39:14.402-0500] {logging_mixin.py:188} INFO - [2024-05-01T23:39:14.402-0500] {dag.py:3954} INFO - Setting next_dagrun for example_weekday_branch_operator to 2024-05-01 00:00:00+00:00, run_after=2024-05-02 00:00:00+00:00
[2024-05-01T23:39:14.410-0500] {processor.py:183} INFO - Processing /Users/nestoralfaro/Desktop/pbi-scenario-two/py_env/lib/python3.9/site-packages/airflow/example_dags/example_branch_day_of_week_operator.py took 0.070 seconds
[2024-05-01T23:41:07.886-0500] {processor.py:161} INFO - Started process (PID=35190) to work on /Users/nestoralfaro/Desktop/pbi-scenario-two/py_env/lib/python3.9/site-packages/airflow/example_dags/example_branch_day_of_week_operator.py
[2024-05-01T23:41:07.889-0500] {processor.py:830} INFO - Processing file /Users/nestoralfaro/Desktop/pbi-scenario-two/py_env/lib/python3.9/site-packages/airflow/example_dags/example_branch_day_of_week_operator.py for tasks to queue
[2024-05-01T23:41:07.889-0500] {logging_mixin.py:188} INFO - [2024-05-01T23:41:07.889-0500] {dagbag.py:540} INFO - Filling up the DagBag from /Users/nestoralfaro/Desktop/pbi-scenario-two/py_env/lib/python3.9/site-packages/airflow/example_dags/example_branch_day_of_week_operator.py
[2024-05-01T23:41:07.894-0500] {processor.py:840} INFO - DAG(s) 'example_weekday_branch_operator' retrieved from /Users/nestoralfaro/Desktop/pbi-scenario-two/py_env/lib/python3.9/site-packages/airflow/example_dags/example_branch_day_of_week_operator.py
[2024-05-01T23:41:07.938-0500] {logging_mixin.py:188} INFO - [2024-05-01T23:41:07.938-0500] {dag.py:3096} INFO - Sync 1 DAGs
[2024-05-01T23:41:07.946-0500] {logging_mixin.py:188} INFO - [2024-05-01T23:41:07.946-0500] {dag.py:3954} INFO - Setting next_dagrun for example_weekday_branch_operator to 2024-05-01 00:00:00+00:00, run_after=2024-05-02 00:00:00+00:00
[2024-05-01T23:41:07.954-0500] {processor.py:183} INFO - Processing /Users/nestoralfaro/Desktop/pbi-scenario-two/py_env/lib/python3.9/site-packages/airflow/example_dags/example_branch_day_of_week_operator.py took 0.070 seconds
[2024-05-01T23:43:10.020-0500] {processor.py:161} INFO - Started process (PID=35294) to work on /Users/nestoralfaro/Desktop/pbi-scenario-two/py_env/lib/python3.9/site-packages/airflow/example_dags/example_branch_day_of_week_operator.py
[2024-05-01T23:43:10.022-0500] {processor.py:830} INFO - Processing file /Users/nestoralfaro/Desktop/pbi-scenario-two/py_env/lib/python3.9/site-packages/airflow/example_dags/example_branch_day_of_week_operator.py for tasks to queue
[2024-05-01T23:43:10.023-0500] {logging_mixin.py:188} INFO - [2024-05-01T23:43:10.023-0500] {dagbag.py:540} INFO - Filling up the DagBag from /Users/nestoralfaro/Desktop/pbi-scenario-two/py_env/lib/python3.9/site-packages/airflow/example_dags/example_branch_day_of_week_operator.py
[2024-05-01T23:43:10.028-0500] {processor.py:840} INFO - DAG(s) 'example_weekday_branch_operator' retrieved from /Users/nestoralfaro/Desktop/pbi-scenario-two/py_env/lib/python3.9/site-packages/airflow/example_dags/example_branch_day_of_week_operator.py
[2024-05-01T23:43:10.072-0500] {logging_mixin.py:188} INFO - [2024-05-01T23:43:10.072-0500] {dag.py:3096} INFO - Sync 1 DAGs
[2024-05-01T23:43:10.079-0500] {logging_mixin.py:188} INFO - [2024-05-01T23:43:10.079-0500] {dag.py:3954} INFO - Setting next_dagrun for example_weekday_branch_operator to 2024-05-01 00:00:00+00:00, run_after=2024-05-02 00:00:00+00:00
[2024-05-01T23:43:10.087-0500] {processor.py:183} INFO - Processing /Users/nestoralfaro/Desktop/pbi-scenario-two/py_env/lib/python3.9/site-packages/airflow/example_dags/example_branch_day_of_week_operator.py took 0.068 seconds
[2024-05-01T23:45:08.280-0500] {processor.py:161} INFO - Started process (PID=35378) to work on /Users/nestoralfaro/Desktop/pbi-scenario-two/py_env/lib/python3.9/site-packages/airflow/example_dags/example_branch_day_of_week_operator.py
[2024-05-01T23:45:08.282-0500] {processor.py:830} INFO - Processing file /Users/nestoralfaro/Desktop/pbi-scenario-two/py_env/lib/python3.9/site-packages/airflow/example_dags/example_branch_day_of_week_operator.py for tasks to queue
[2024-05-01T23:45:08.283-0500] {logging_mixin.py:188} INFO - [2024-05-01T23:45:08.283-0500] {dagbag.py:540} INFO - Filling up the DagBag from /Users/nestoralfaro/Desktop/pbi-scenario-two/py_env/lib/python3.9/site-packages/airflow/example_dags/example_branch_day_of_week_operator.py
[2024-05-01T23:45:08.288-0500] {processor.py:840} INFO - DAG(s) 'example_weekday_branch_operator' retrieved from /Users/nestoralfaro/Desktop/pbi-scenario-two/py_env/lib/python3.9/site-packages/airflow/example_dags/example_branch_day_of_week_operator.py
[2024-05-01T23:45:08.333-0500] {logging_mixin.py:188} INFO - [2024-05-01T23:45:08.333-0500] {dag.py:3096} INFO - Sync 1 DAGs
[2024-05-01T23:45:08.341-0500] {logging_mixin.py:188} INFO - [2024-05-01T23:45:08.341-0500] {dag.py:3954} INFO - Setting next_dagrun for example_weekday_branch_operator to 2024-05-01 00:00:00+00:00, run_after=2024-05-02 00:00:00+00:00
[2024-05-01T23:45:08.349-0500] {processor.py:183} INFO - Processing /Users/nestoralfaro/Desktop/pbi-scenario-two/py_env/lib/python3.9/site-packages/airflow/example_dags/example_branch_day_of_week_operator.py took 0.070 seconds
[2024-05-01T23:47:01.175-0500] {processor.py:161} INFO - Started process (PID=35446) to work on /Users/nestoralfaro/Desktop/pbi-scenario-two/py_env/lib/python3.9/site-packages/airflow/example_dags/example_branch_day_of_week_operator.py
[2024-05-01T23:47:01.177-0500] {processor.py:830} INFO - Processing file /Users/nestoralfaro/Desktop/pbi-scenario-two/py_env/lib/python3.9/site-packages/airflow/example_dags/example_branch_day_of_week_operator.py for tasks to queue
[2024-05-01T23:47:01.177-0500] {logging_mixin.py:188} INFO - [2024-05-01T23:47:01.177-0500] {dagbag.py:540} INFO - Filling up the DagBag from /Users/nestoralfaro/Desktop/pbi-scenario-two/py_env/lib/python3.9/site-packages/airflow/example_dags/example_branch_day_of_week_operator.py
[2024-05-01T23:47:01.182-0500] {processor.py:840} INFO - DAG(s) 'example_weekday_branch_operator' retrieved from /Users/nestoralfaro/Desktop/pbi-scenario-two/py_env/lib/python3.9/site-packages/airflow/example_dags/example_branch_day_of_week_operator.py
[2024-05-01T23:47:01.223-0500] {logging_mixin.py:188} INFO - [2024-05-01T23:47:01.223-0500] {dag.py:3096} INFO - Sync 1 DAGs
[2024-05-01T23:47:01.229-0500] {logging_mixin.py:188} INFO - [2024-05-01T23:47:01.229-0500] {dag.py:3954} INFO - Setting next_dagrun for example_weekday_branch_operator to 2024-05-01 00:00:00+00:00, run_after=2024-05-02 00:00:00+00:00
[2024-05-01T23:47:01.236-0500] {processor.py:183} INFO - Processing /Users/nestoralfaro/Desktop/pbi-scenario-two/py_env/lib/python3.9/site-packages/airflow/example_dags/example_branch_day_of_week_operator.py took 0.063 seconds
[2024-05-01T23:48:51.513-0500] {processor.py:161} INFO - Started process (PID=35533) to work on /Users/nestoralfaro/Desktop/pbi-scenario-two/py_env/lib/python3.9/site-packages/airflow/example_dags/example_branch_day_of_week_operator.py
[2024-05-01T23:48:51.516-0500] {processor.py:830} INFO - Processing file /Users/nestoralfaro/Desktop/pbi-scenario-two/py_env/lib/python3.9/site-packages/airflow/example_dags/example_branch_day_of_week_operator.py for tasks to queue
[2024-05-01T23:48:51.516-0500] {logging_mixin.py:188} INFO - [2024-05-01T23:48:51.516-0500] {dagbag.py:540} INFO - Filling up the DagBag from /Users/nestoralfaro/Desktop/pbi-scenario-two/py_env/lib/python3.9/site-packages/airflow/example_dags/example_branch_day_of_week_operator.py
[2024-05-01T23:48:51.522-0500] {processor.py:840} INFO - DAG(s) 'example_weekday_branch_operator' retrieved from /Users/nestoralfaro/Desktop/pbi-scenario-two/py_env/lib/python3.9/site-packages/airflow/example_dags/example_branch_day_of_week_operator.py
[2024-05-01T23:48:51.567-0500] {logging_mixin.py:188} INFO - [2024-05-01T23:48:51.567-0500] {dag.py:3096} INFO - Sync 1 DAGs
[2024-05-01T23:48:51.575-0500] {logging_mixin.py:188} INFO - [2024-05-01T23:48:51.575-0500] {dag.py:3954} INFO - Setting next_dagrun for example_weekday_branch_operator to 2024-05-01 00:00:00+00:00, run_after=2024-05-02 00:00:00+00:00
[2024-05-01T23:48:51.583-0500] {processor.py:183} INFO - Processing /Users/nestoralfaro/Desktop/pbi-scenario-two/py_env/lib/python3.9/site-packages/airflow/example_dags/example_branch_day_of_week_operator.py took 0.071 seconds
[2024-05-01T23:50:49.381-0500] {processor.py:161} INFO - Started process (PID=35605) to work on /Users/nestoralfaro/Desktop/pbi-scenario-two/py_env/lib/python3.9/site-packages/airflow/example_dags/example_branch_day_of_week_operator.py
[2024-05-01T23:50:49.384-0500] {processor.py:830} INFO - Processing file /Users/nestoralfaro/Desktop/pbi-scenario-two/py_env/lib/python3.9/site-packages/airflow/example_dags/example_branch_day_of_week_operator.py for tasks to queue
[2024-05-01T23:50:49.384-0500] {logging_mixin.py:188} INFO - [2024-05-01T23:50:49.384-0500] {dagbag.py:540} INFO - Filling up the DagBag from /Users/nestoralfaro/Desktop/pbi-scenario-two/py_env/lib/python3.9/site-packages/airflow/example_dags/example_branch_day_of_week_operator.py
[2024-05-01T23:50:49.389-0500] {processor.py:840} INFO - DAG(s) 'example_weekday_branch_operator' retrieved from /Users/nestoralfaro/Desktop/pbi-scenario-two/py_env/lib/python3.9/site-packages/airflow/example_dags/example_branch_day_of_week_operator.py
[2024-05-01T23:50:49.434-0500] {logging_mixin.py:188} INFO - [2024-05-01T23:50:49.433-0500] {dag.py:3096} INFO - Sync 1 DAGs
[2024-05-01T23:50:49.441-0500] {logging_mixin.py:188} INFO - [2024-05-01T23:50:49.440-0500] {dag.py:3954} INFO - Setting next_dagrun for example_weekday_branch_operator to 2024-05-01 00:00:00+00:00, run_after=2024-05-02 00:00:00+00:00
[2024-05-01T23:50:49.448-0500] {processor.py:183} INFO - Processing /Users/nestoralfaro/Desktop/pbi-scenario-two/py_env/lib/python3.9/site-packages/airflow/example_dags/example_branch_day_of_week_operator.py took 0.067 seconds
[2024-05-01T23:52:42.516-0500] {processor.py:161} INFO - Started process (PID=35690) to work on /Users/nestoralfaro/Desktop/pbi-scenario-two/py_env/lib/python3.9/site-packages/airflow/example_dags/example_branch_day_of_week_operator.py
[2024-05-01T23:52:42.517-0500] {processor.py:830} INFO - Processing file /Users/nestoralfaro/Desktop/pbi-scenario-two/py_env/lib/python3.9/site-packages/airflow/example_dags/example_branch_day_of_week_operator.py for tasks to queue
[2024-05-01T23:52:42.518-0500] {logging_mixin.py:188} INFO - [2024-05-01T23:52:42.518-0500] {dagbag.py:540} INFO - Filling up the DagBag from /Users/nestoralfaro/Desktop/pbi-scenario-two/py_env/lib/python3.9/site-packages/airflow/example_dags/example_branch_day_of_week_operator.py
[2024-05-01T23:52:42.522-0500] {processor.py:840} INFO - DAG(s) 'example_weekday_branch_operator' retrieved from /Users/nestoralfaro/Desktop/pbi-scenario-two/py_env/lib/python3.9/site-packages/airflow/example_dags/example_branch_day_of_week_operator.py
[2024-05-01T23:52:42.563-0500] {logging_mixin.py:188} INFO - [2024-05-01T23:52:42.563-0500] {dag.py:3096} INFO - Sync 1 DAGs
[2024-05-01T23:52:42.570-0500] {logging_mixin.py:188} INFO - [2024-05-01T23:52:42.569-0500] {dag.py:3954} INFO - Setting next_dagrun for example_weekday_branch_operator to 2024-05-01 00:00:00+00:00, run_after=2024-05-02 00:00:00+00:00
[2024-05-01T23:52:42.577-0500] {processor.py:183} INFO - Processing /Users/nestoralfaro/Desktop/pbi-scenario-two/py_env/lib/python3.9/site-packages/airflow/example_dags/example_branch_day_of_week_operator.py took 0.062 seconds
[2024-05-01T23:54:41.177-0500] {processor.py:161} INFO - Started process (PID=35758) to work on /Users/nestoralfaro/Desktop/pbi-scenario-two/py_env/lib/python3.9/site-packages/airflow/example_dags/example_branch_day_of_week_operator.py
[2024-05-01T23:54:41.178-0500] {processor.py:830} INFO - Processing file /Users/nestoralfaro/Desktop/pbi-scenario-two/py_env/lib/python3.9/site-packages/airflow/example_dags/example_branch_day_of_week_operator.py for tasks to queue
[2024-05-01T23:54:41.179-0500] {logging_mixin.py:188} INFO - [2024-05-01T23:54:41.179-0500] {dagbag.py:540} INFO - Filling up the DagBag from /Users/nestoralfaro/Desktop/pbi-scenario-two/py_env/lib/python3.9/site-packages/airflow/example_dags/example_branch_day_of_week_operator.py
[2024-05-01T23:54:41.183-0500] {processor.py:840} INFO - DAG(s) 'example_weekday_branch_operator' retrieved from /Users/nestoralfaro/Desktop/pbi-scenario-two/py_env/lib/python3.9/site-packages/airflow/example_dags/example_branch_day_of_week_operator.py
[2024-05-01T23:54:41.224-0500] {logging_mixin.py:188} INFO - [2024-05-01T23:54:41.224-0500] {dag.py:3096} INFO - Sync 1 DAGs
[2024-05-01T23:54:41.231-0500] {logging_mixin.py:188} INFO - [2024-05-01T23:54:41.231-0500] {dag.py:3954} INFO - Setting next_dagrun for example_weekday_branch_operator to 2024-05-01 00:00:00+00:00, run_after=2024-05-02 00:00:00+00:00
[2024-05-01T23:54:41.238-0500] {processor.py:183} INFO - Processing /Users/nestoralfaro/Desktop/pbi-scenario-two/py_env/lib/python3.9/site-packages/airflow/example_dags/example_branch_day_of_week_operator.py took 0.062 seconds
[2024-05-01T23:56:32.474-0500] {processor.py:161} INFO - Started process (PID=35828) to work on /Users/nestoralfaro/Desktop/pbi-scenario-two/py_env/lib/python3.9/site-packages/airflow/example_dags/example_branch_day_of_week_operator.py
[2024-05-01T23:56:32.475-0500] {processor.py:830} INFO - Processing file /Users/nestoralfaro/Desktop/pbi-scenario-two/py_env/lib/python3.9/site-packages/airflow/example_dags/example_branch_day_of_week_operator.py for tasks to queue
[2024-05-01T23:56:32.476-0500] {logging_mixin.py:188} INFO - [2024-05-01T23:56:32.476-0500] {dagbag.py:540} INFO - Filling up the DagBag from /Users/nestoralfaro/Desktop/pbi-scenario-two/py_env/lib/python3.9/site-packages/airflow/example_dags/example_branch_day_of_week_operator.py
[2024-05-01T23:56:32.480-0500] {processor.py:840} INFO - DAG(s) 'example_weekday_branch_operator' retrieved from /Users/nestoralfaro/Desktop/pbi-scenario-two/py_env/lib/python3.9/site-packages/airflow/example_dags/example_branch_day_of_week_operator.py
[2024-05-01T23:56:32.522-0500] {logging_mixin.py:188} INFO - [2024-05-01T23:56:32.522-0500] {dag.py:3096} INFO - Sync 1 DAGs
[2024-05-01T23:56:32.529-0500] {logging_mixin.py:188} INFO - [2024-05-01T23:56:32.529-0500] {dag.py:3954} INFO - Setting next_dagrun for example_weekday_branch_operator to 2024-05-01 00:00:00+00:00, run_after=2024-05-02 00:00:00+00:00
[2024-05-01T23:56:32.536-0500] {processor.py:183} INFO - Processing /Users/nestoralfaro/Desktop/pbi-scenario-two/py_env/lib/python3.9/site-packages/airflow/example_dags/example_branch_day_of_week_operator.py took 0.063 seconds
[2024-05-01T23:58:23.311-0500] {processor.py:161} INFO - Started process (PID=35896) to work on /Users/nestoralfaro/Desktop/pbi-scenario-two/py_env/lib/python3.9/site-packages/airflow/example_dags/example_branch_day_of_week_operator.py
[2024-05-01T23:58:23.312-0500] {processor.py:830} INFO - Processing file /Users/nestoralfaro/Desktop/pbi-scenario-two/py_env/lib/python3.9/site-packages/airflow/example_dags/example_branch_day_of_week_operator.py for tasks to queue
[2024-05-01T23:58:23.312-0500] {logging_mixin.py:188} INFO - [2024-05-01T23:58:23.312-0500] {dagbag.py:540} INFO - Filling up the DagBag from /Users/nestoralfaro/Desktop/pbi-scenario-two/py_env/lib/python3.9/site-packages/airflow/example_dags/example_branch_day_of_week_operator.py
[2024-05-01T23:58:23.316-0500] {processor.py:840} INFO - DAG(s) 'example_weekday_branch_operator' retrieved from /Users/nestoralfaro/Desktop/pbi-scenario-two/py_env/lib/python3.9/site-packages/airflow/example_dags/example_branch_day_of_week_operator.py
[2024-05-01T23:58:23.357-0500] {logging_mixin.py:188} INFO - [2024-05-01T23:58:23.357-0500] {dag.py:3096} INFO - Sync 1 DAGs
[2024-05-01T23:58:23.365-0500] {logging_mixin.py:188} INFO - [2024-05-01T23:58:23.365-0500] {dag.py:3954} INFO - Setting next_dagrun for example_weekday_branch_operator to 2024-05-01 00:00:00+00:00, run_after=2024-05-02 00:00:00+00:00
[2024-05-01T23:58:23.371-0500] {processor.py:183} INFO - Processing /Users/nestoralfaro/Desktop/pbi-scenario-two/py_env/lib/python3.9/site-packages/airflow/example_dags/example_branch_day_of_week_operator.py took 0.063 seconds
[2024-05-02T00:00:14.817-0500] {processor.py:161} INFO - Started process (PID=35991) to work on /Users/nestoralfaro/Desktop/pbi-scenario-two/py_env/lib/python3.9/site-packages/airflow/example_dags/example_branch_day_of_week_operator.py
[2024-05-02T00:00:14.819-0500] {processor.py:830} INFO - Processing file /Users/nestoralfaro/Desktop/pbi-scenario-two/py_env/lib/python3.9/site-packages/airflow/example_dags/example_branch_day_of_week_operator.py for tasks to queue
[2024-05-02T00:00:14.819-0500] {logging_mixin.py:188} INFO - [2024-05-02T00:00:14.819-0500] {dagbag.py:540} INFO - Filling up the DagBag from /Users/nestoralfaro/Desktop/pbi-scenario-two/py_env/lib/python3.9/site-packages/airflow/example_dags/example_branch_day_of_week_operator.py
[2024-05-02T00:00:14.824-0500] {processor.py:840} INFO - DAG(s) 'example_weekday_branch_operator' retrieved from /Users/nestoralfaro/Desktop/pbi-scenario-two/py_env/lib/python3.9/site-packages/airflow/example_dags/example_branch_day_of_week_operator.py
[2024-05-02T00:00:14.865-0500] {logging_mixin.py:188} INFO - [2024-05-02T00:00:14.864-0500] {dag.py:3096} INFO - Sync 1 DAGs
[2024-05-02T00:00:14.871-0500] {logging_mixin.py:188} INFO - [2024-05-02T00:00:14.871-0500] {dag.py:3954} INFO - Setting next_dagrun for example_weekday_branch_operator to 2024-05-01 00:00:00+00:00, run_after=2024-05-02 00:00:00+00:00
[2024-05-02T00:00:14.878-0500] {processor.py:183} INFO - Processing /Users/nestoralfaro/Desktop/pbi-scenario-two/py_env/lib/python3.9/site-packages/airflow/example_dags/example_branch_day_of_week_operator.py took 0.062 seconds
[2024-05-02T00:02:08.788-0500] {processor.py:161} INFO - Started process (PID=36065) to work on /Users/nestoralfaro/Desktop/pbi-scenario-two/py_env/lib/python3.9/site-packages/airflow/example_dags/example_branch_day_of_week_operator.py
[2024-05-02T00:02:08.789-0500] {processor.py:830} INFO - Processing file /Users/nestoralfaro/Desktop/pbi-scenario-two/py_env/lib/python3.9/site-packages/airflow/example_dags/example_branch_day_of_week_operator.py for tasks to queue
[2024-05-02T00:02:08.789-0500] {logging_mixin.py:188} INFO - [2024-05-02T00:02:08.789-0500] {dagbag.py:540} INFO - Filling up the DagBag from /Users/nestoralfaro/Desktop/pbi-scenario-two/py_env/lib/python3.9/site-packages/airflow/example_dags/example_branch_day_of_week_operator.py
[2024-05-02T00:02:08.794-0500] {processor.py:840} INFO - DAG(s) 'example_weekday_branch_operator' retrieved from /Users/nestoralfaro/Desktop/pbi-scenario-two/py_env/lib/python3.9/site-packages/airflow/example_dags/example_branch_day_of_week_operator.py
[2024-05-02T00:02:08.839-0500] {logging_mixin.py:188} INFO - [2024-05-02T00:02:08.838-0500] {dag.py:3096} INFO - Sync 1 DAGs
[2024-05-02T00:02:08.846-0500] {logging_mixin.py:188} INFO - [2024-05-02T00:02:08.845-0500] {dag.py:3954} INFO - Setting next_dagrun for example_weekday_branch_operator to 2024-05-01 00:00:00+00:00, run_after=2024-05-02 00:00:00+00:00
[2024-05-02T00:02:08.853-0500] {processor.py:183} INFO - Processing /Users/nestoralfaro/Desktop/pbi-scenario-two/py_env/lib/python3.9/site-packages/airflow/example_dags/example_branch_day_of_week_operator.py took 0.068 seconds
[2024-05-02T00:04:05.238-0500] {processor.py:161} INFO - Started process (PID=36150) to work on /Users/nestoralfaro/Desktop/pbi-scenario-two/py_env/lib/python3.9/site-packages/airflow/example_dags/example_branch_day_of_week_operator.py
[2024-05-02T00:04:05.240-0500] {processor.py:830} INFO - Processing file /Users/nestoralfaro/Desktop/pbi-scenario-two/py_env/lib/python3.9/site-packages/airflow/example_dags/example_branch_day_of_week_operator.py for tasks to queue
[2024-05-02T00:04:05.240-0500] {logging_mixin.py:188} INFO - [2024-05-02T00:04:05.240-0500] {dagbag.py:540} INFO - Filling up the DagBag from /Users/nestoralfaro/Desktop/pbi-scenario-two/py_env/lib/python3.9/site-packages/airflow/example_dags/example_branch_day_of_week_operator.py
[2024-05-02T00:04:05.245-0500] {processor.py:840} INFO - DAG(s) 'example_weekday_branch_operator' retrieved from /Users/nestoralfaro/Desktop/pbi-scenario-two/py_env/lib/python3.9/site-packages/airflow/example_dags/example_branch_day_of_week_operator.py
[2024-05-02T00:04:05.291-0500] {logging_mixin.py:188} INFO - [2024-05-02T00:04:05.290-0500] {dag.py:3096} INFO - Sync 1 DAGs
[2024-05-02T00:04:05.297-0500] {logging_mixin.py:188} INFO - [2024-05-02T00:04:05.297-0500] {dag.py:3954} INFO - Setting next_dagrun for example_weekday_branch_operator to 2024-05-01 00:00:00+00:00, run_after=2024-05-02 00:00:00+00:00
[2024-05-02T00:04:05.305-0500] {processor.py:183} INFO - Processing /Users/nestoralfaro/Desktop/pbi-scenario-two/py_env/lib/python3.9/site-packages/airflow/example_dags/example_branch_day_of_week_operator.py took 0.068 seconds
[2024-05-02T00:05:59.831-0500] {processor.py:161} INFO - Started process (PID=36222) to work on /Users/nestoralfaro/Desktop/pbi-scenario-two/py_env/lib/python3.9/site-packages/airflow/example_dags/example_branch_day_of_week_operator.py
[2024-05-02T00:05:59.833-0500] {processor.py:830} INFO - Processing file /Users/nestoralfaro/Desktop/pbi-scenario-two/py_env/lib/python3.9/site-packages/airflow/example_dags/example_branch_day_of_week_operator.py for tasks to queue
[2024-05-02T00:05:59.833-0500] {logging_mixin.py:188} INFO - [2024-05-02T00:05:59.833-0500] {dagbag.py:540} INFO - Filling up the DagBag from /Users/nestoralfaro/Desktop/pbi-scenario-two/py_env/lib/python3.9/site-packages/airflow/example_dags/example_branch_day_of_week_operator.py
[2024-05-02T00:05:59.839-0500] {processor.py:840} INFO - DAG(s) 'example_weekday_branch_operator' retrieved from /Users/nestoralfaro/Desktop/pbi-scenario-two/py_env/lib/python3.9/site-packages/airflow/example_dags/example_branch_day_of_week_operator.py
[2024-05-02T00:05:59.884-0500] {logging_mixin.py:188} INFO - [2024-05-02T00:05:59.884-0500] {dag.py:3096} INFO - Sync 1 DAGs
[2024-05-02T00:05:59.891-0500] {logging_mixin.py:188} INFO - [2024-05-02T00:05:59.891-0500] {dag.py:3954} INFO - Setting next_dagrun for example_weekday_branch_operator to 2024-05-01 00:00:00+00:00, run_after=2024-05-02 00:00:00+00:00
[2024-05-02T00:05:59.899-0500] {processor.py:183} INFO - Processing /Users/nestoralfaro/Desktop/pbi-scenario-two/py_env/lib/python3.9/site-packages/airflow/example_dags/example_branch_day_of_week_operator.py took 0.069 seconds
[2024-05-02T00:07:47.171-0500] {processor.py:161} INFO - Started process (PID=36306) to work on /Users/nestoralfaro/Desktop/pbi-scenario-two/py_env/lib/python3.9/site-packages/airflow/example_dags/example_branch_day_of_week_operator.py
[2024-05-02T00:07:47.174-0500] {processor.py:830} INFO - Processing file /Users/nestoralfaro/Desktop/pbi-scenario-two/py_env/lib/python3.9/site-packages/airflow/example_dags/example_branch_day_of_week_operator.py for tasks to queue
[2024-05-02T00:07:47.174-0500] {logging_mixin.py:188} INFO - [2024-05-02T00:07:47.174-0500] {dagbag.py:540} INFO - Filling up the DagBag from /Users/nestoralfaro/Desktop/pbi-scenario-two/py_env/lib/python3.9/site-packages/airflow/example_dags/example_branch_day_of_week_operator.py
[2024-05-02T00:07:47.179-0500] {processor.py:840} INFO - DAG(s) 'example_weekday_branch_operator' retrieved from /Users/nestoralfaro/Desktop/pbi-scenario-two/py_env/lib/python3.9/site-packages/airflow/example_dags/example_branch_day_of_week_operator.py
[2024-05-02T00:07:47.220-0500] {logging_mixin.py:188} INFO - [2024-05-02T00:07:47.220-0500] {dag.py:3096} INFO - Sync 1 DAGs
[2024-05-02T00:07:47.226-0500] {logging_mixin.py:188} INFO - [2024-05-02T00:07:47.226-0500] {dag.py:3954} INFO - Setting next_dagrun for example_weekday_branch_operator to 2024-05-01 00:00:00+00:00, run_after=2024-05-02 00:00:00+00:00
[2024-05-02T00:07:47.234-0500] {processor.py:183} INFO - Processing /Users/nestoralfaro/Desktop/pbi-scenario-two/py_env/lib/python3.9/site-packages/airflow/example_dags/example_branch_day_of_week_operator.py took 0.063 seconds
[2024-05-02T00:09:40.956-0500] {processor.py:161} INFO - Started process (PID=36375) to work on /Users/nestoralfaro/Desktop/pbi-scenario-two/py_env/lib/python3.9/site-packages/airflow/example_dags/example_branch_day_of_week_operator.py
[2024-05-02T00:09:40.958-0500] {processor.py:830} INFO - Processing file /Users/nestoralfaro/Desktop/pbi-scenario-two/py_env/lib/python3.9/site-packages/airflow/example_dags/example_branch_day_of_week_operator.py for tasks to queue
[2024-05-02T00:09:40.959-0500] {logging_mixin.py:188} INFO - [2024-05-02T00:09:40.959-0500] {dagbag.py:540} INFO - Filling up the DagBag from /Users/nestoralfaro/Desktop/pbi-scenario-two/py_env/lib/python3.9/site-packages/airflow/example_dags/example_branch_day_of_week_operator.py
[2024-05-02T00:09:40.964-0500] {processor.py:840} INFO - DAG(s) 'example_weekday_branch_operator' retrieved from /Users/nestoralfaro/Desktop/pbi-scenario-two/py_env/lib/python3.9/site-packages/airflow/example_dags/example_branch_day_of_week_operator.py
[2024-05-02T00:09:41.004-0500] {logging_mixin.py:188} INFO - [2024-05-02T00:09:41.004-0500] {dag.py:3096} INFO - Sync 1 DAGs
[2024-05-02T00:09:41.011-0500] {logging_mixin.py:188} INFO - [2024-05-02T00:09:41.011-0500] {dag.py:3954} INFO - Setting next_dagrun for example_weekday_branch_operator to 2024-05-01 00:00:00+00:00, run_after=2024-05-02 00:00:00+00:00
[2024-05-02T00:09:41.017-0500] {processor.py:183} INFO - Processing /Users/nestoralfaro/Desktop/pbi-scenario-two/py_env/lib/python3.9/site-packages/airflow/example_dags/example_branch_day_of_week_operator.py took 0.063 seconds
[2024-05-02T00:12:17.168-0500] {processor.py:161} INFO - Started process (PID=36487) to work on /Users/nestoralfaro/Desktop/pbi-scenario-two/py_env/lib/python3.9/site-packages/airflow/example_dags/example_branch_day_of_week_operator.py
[2024-05-02T00:12:17.170-0500] {processor.py:830} INFO - Processing file /Users/nestoralfaro/Desktop/pbi-scenario-two/py_env/lib/python3.9/site-packages/airflow/example_dags/example_branch_day_of_week_operator.py for tasks to queue
[2024-05-02T00:12:17.170-0500] {logging_mixin.py:188} INFO - [2024-05-02T00:12:17.170-0500] {dagbag.py:540} INFO - Filling up the DagBag from /Users/nestoralfaro/Desktop/pbi-scenario-two/py_env/lib/python3.9/site-packages/airflow/example_dags/example_branch_day_of_week_operator.py
[2024-05-02T00:12:17.175-0500] {processor.py:840} INFO - DAG(s) 'example_weekday_branch_operator' retrieved from /Users/nestoralfaro/Desktop/pbi-scenario-two/py_env/lib/python3.9/site-packages/airflow/example_dags/example_branch_day_of_week_operator.py
[2024-05-02T00:12:17.217-0500] {logging_mixin.py:188} INFO - [2024-05-02T00:12:17.217-0500] {dag.py:3096} INFO - Sync 1 DAGs
[2024-05-02T00:12:17.223-0500] {logging_mixin.py:188} INFO - [2024-05-02T00:12:17.223-0500] {dag.py:3954} INFO - Setting next_dagrun for example_weekday_branch_operator to 2024-05-01 00:00:00+00:00, run_after=2024-05-02 00:00:00+00:00
[2024-05-02T00:12:17.230-0500] {processor.py:183} INFO - Processing /Users/nestoralfaro/Desktop/pbi-scenario-two/py_env/lib/python3.9/site-packages/airflow/example_dags/example_branch_day_of_week_operator.py took 0.064 seconds
[2024-05-02T00:14:11.362-0500] {processor.py:161} INFO - Started process (PID=36570) to work on /Users/nestoralfaro/Desktop/pbi-scenario-two/py_env/lib/python3.9/site-packages/airflow/example_dags/example_branch_day_of_week_operator.py
[2024-05-02T00:14:11.364-0500] {processor.py:830} INFO - Processing file /Users/nestoralfaro/Desktop/pbi-scenario-two/py_env/lib/python3.9/site-packages/airflow/example_dags/example_branch_day_of_week_operator.py for tasks to queue
[2024-05-02T00:14:11.364-0500] {logging_mixin.py:188} INFO - [2024-05-02T00:14:11.364-0500] {dagbag.py:540} INFO - Filling up the DagBag from /Users/nestoralfaro/Desktop/pbi-scenario-two/py_env/lib/python3.9/site-packages/airflow/example_dags/example_branch_day_of_week_operator.py
[2024-05-02T00:14:11.370-0500] {processor.py:840} INFO - DAG(s) 'example_weekday_branch_operator' retrieved from /Users/nestoralfaro/Desktop/pbi-scenario-two/py_env/lib/python3.9/site-packages/airflow/example_dags/example_branch_day_of_week_operator.py
[2024-05-02T00:14:11.410-0500] {logging_mixin.py:188} INFO - [2024-05-02T00:14:11.410-0500] {dag.py:3096} INFO - Sync 1 DAGs
[2024-05-02T00:14:11.416-0500] {logging_mixin.py:188} INFO - [2024-05-02T00:14:11.416-0500] {dag.py:3954} INFO - Setting next_dagrun for example_weekday_branch_operator to 2024-05-01 00:00:00+00:00, run_after=2024-05-02 00:00:00+00:00
[2024-05-02T00:14:11.423-0500] {processor.py:183} INFO - Processing /Users/nestoralfaro/Desktop/pbi-scenario-two/py_env/lib/python3.9/site-packages/airflow/example_dags/example_branch_day_of_week_operator.py took 0.062 seconds
[2024-05-02T00:16:09.788-0500] {processor.py:161} INFO - Started process (PID=36652) to work on /Users/nestoralfaro/Desktop/pbi-scenario-two/py_env/lib/python3.9/site-packages/airflow/example_dags/example_branch_day_of_week_operator.py
[2024-05-02T00:16:09.790-0500] {processor.py:830} INFO - Processing file /Users/nestoralfaro/Desktop/pbi-scenario-two/py_env/lib/python3.9/site-packages/airflow/example_dags/example_branch_day_of_week_operator.py for tasks to queue
[2024-05-02T00:16:09.790-0500] {logging_mixin.py:188} INFO - [2024-05-02T00:16:09.790-0500] {dagbag.py:540} INFO - Filling up the DagBag from /Users/nestoralfaro/Desktop/pbi-scenario-two/py_env/lib/python3.9/site-packages/airflow/example_dags/example_branch_day_of_week_operator.py
[2024-05-02T00:16:09.795-0500] {processor.py:840} INFO - DAG(s) 'example_weekday_branch_operator' retrieved from /Users/nestoralfaro/Desktop/pbi-scenario-two/py_env/lib/python3.9/site-packages/airflow/example_dags/example_branch_day_of_week_operator.py
[2024-05-02T00:16:09.838-0500] {logging_mixin.py:188} INFO - [2024-05-02T00:16:09.838-0500] {dag.py:3096} INFO - Sync 1 DAGs
[2024-05-02T00:16:09.846-0500] {logging_mixin.py:188} INFO - [2024-05-02T00:16:09.846-0500] {dag.py:3954} INFO - Setting next_dagrun for example_weekday_branch_operator to 2024-05-01 00:00:00+00:00, run_after=2024-05-02 00:00:00+00:00
[2024-05-02T00:16:09.854-0500] {processor.py:183} INFO - Processing /Users/nestoralfaro/Desktop/pbi-scenario-two/py_env/lib/python3.9/site-packages/airflow/example_dags/example_branch_day_of_week_operator.py took 0.067 seconds
[2024-05-02T00:18:07.802-0500] {processor.py:161} INFO - Started process (PID=36726) to work on /Users/nestoralfaro/Desktop/pbi-scenario-two/py_env/lib/python3.9/site-packages/airflow/example_dags/example_branch_day_of_week_operator.py
[2024-05-02T00:18:07.804-0500] {processor.py:830} INFO - Processing file /Users/nestoralfaro/Desktop/pbi-scenario-two/py_env/lib/python3.9/site-packages/airflow/example_dags/example_branch_day_of_week_operator.py for tasks to queue
[2024-05-02T00:18:07.804-0500] {logging_mixin.py:188} INFO - [2024-05-02T00:18:07.804-0500] {dagbag.py:540} INFO - Filling up the DagBag from /Users/nestoralfaro/Desktop/pbi-scenario-two/py_env/lib/python3.9/site-packages/airflow/example_dags/example_branch_day_of_week_operator.py
[2024-05-02T00:18:07.810-0500] {processor.py:840} INFO - DAG(s) 'example_weekday_branch_operator' retrieved from /Users/nestoralfaro/Desktop/pbi-scenario-two/py_env/lib/python3.9/site-packages/airflow/example_dags/example_branch_day_of_week_operator.py
[2024-05-02T00:18:07.855-0500] {logging_mixin.py:188} INFO - [2024-05-02T00:18:07.855-0500] {dag.py:3096} INFO - Sync 1 DAGs
[2024-05-02T00:18:07.862-0500] {logging_mixin.py:188} INFO - [2024-05-02T00:18:07.862-0500] {dag.py:3954} INFO - Setting next_dagrun for example_weekday_branch_operator to 2024-05-01 00:00:00+00:00, run_after=2024-05-02 00:00:00+00:00
[2024-05-02T00:18:07.870-0500] {processor.py:183} INFO - Processing /Users/nestoralfaro/Desktop/pbi-scenario-two/py_env/lib/python3.9/site-packages/airflow/example_dags/example_branch_day_of_week_operator.py took 0.070 seconds
[2024-05-02T00:20:03.593-0500] {processor.py:161} INFO - Started process (PID=36836) to work on /Users/nestoralfaro/Desktop/pbi-scenario-two/py_env/lib/python3.9/site-packages/airflow/example_dags/example_branch_day_of_week_operator.py
[2024-05-02T00:20:03.595-0500] {processor.py:830} INFO - Processing file /Users/nestoralfaro/Desktop/pbi-scenario-two/py_env/lib/python3.9/site-packages/airflow/example_dags/example_branch_day_of_week_operator.py for tasks to queue
[2024-05-02T00:20:03.596-0500] {logging_mixin.py:188} INFO - [2024-05-02T00:20:03.596-0500] {dagbag.py:540} INFO - Filling up the DagBag from /Users/nestoralfaro/Desktop/pbi-scenario-two/py_env/lib/python3.9/site-packages/airflow/example_dags/example_branch_day_of_week_operator.py
[2024-05-02T00:20:03.604-0500] {processor.py:840} INFO - DAG(s) 'example_weekday_branch_operator' retrieved from /Users/nestoralfaro/Desktop/pbi-scenario-two/py_env/lib/python3.9/site-packages/airflow/example_dags/example_branch_day_of_week_operator.py
[2024-05-02T00:20:03.659-0500] {logging_mixin.py:188} INFO - [2024-05-02T00:20:03.659-0500] {dag.py:3096} INFO - Sync 1 DAGs
[2024-05-02T00:20:03.669-0500] {logging_mixin.py:188} INFO - [2024-05-02T00:20:03.669-0500] {dag.py:3954} INFO - Setting next_dagrun for example_weekday_branch_operator to 2024-05-01 00:00:00+00:00, run_after=2024-05-02 00:00:00+00:00
[2024-05-02T00:20:03.678-0500] {processor.py:183} INFO - Processing /Users/nestoralfaro/Desktop/pbi-scenario-two/py_env/lib/python3.9/site-packages/airflow/example_dags/example_branch_day_of_week_operator.py took 0.087 seconds
[2024-05-02T00:21:57.465-0500] {processor.py:161} INFO - Started process (PID=36917) to work on /Users/nestoralfaro/Desktop/pbi-scenario-two/py_env/lib/python3.9/site-packages/airflow/example_dags/example_branch_day_of_week_operator.py
[2024-05-02T00:21:57.466-0500] {processor.py:830} INFO - Processing file /Users/nestoralfaro/Desktop/pbi-scenario-two/py_env/lib/python3.9/site-packages/airflow/example_dags/example_branch_day_of_week_operator.py for tasks to queue
[2024-05-02T00:21:57.466-0500] {logging_mixin.py:188} INFO - [2024-05-02T00:21:57.466-0500] {dagbag.py:540} INFO - Filling up the DagBag from /Users/nestoralfaro/Desktop/pbi-scenario-two/py_env/lib/python3.9/site-packages/airflow/example_dags/example_branch_day_of_week_operator.py
[2024-05-02T00:21:57.471-0500] {processor.py:840} INFO - DAG(s) 'example_weekday_branch_operator' retrieved from /Users/nestoralfaro/Desktop/pbi-scenario-two/py_env/lib/python3.9/site-packages/airflow/example_dags/example_branch_day_of_week_operator.py
[2024-05-02T00:21:57.513-0500] {logging_mixin.py:188} INFO - [2024-05-02T00:21:57.513-0500] {dag.py:3096} INFO - Sync 1 DAGs
[2024-05-02T00:21:57.520-0500] {logging_mixin.py:188} INFO - [2024-05-02T00:21:57.520-0500] {dag.py:3954} INFO - Setting next_dagrun for example_weekday_branch_operator to 2024-05-01 00:00:00+00:00, run_after=2024-05-02 00:00:00+00:00
[2024-05-02T00:21:57.527-0500] {processor.py:183} INFO - Processing /Users/nestoralfaro/Desktop/pbi-scenario-two/py_env/lib/python3.9/site-packages/airflow/example_dags/example_branch_day_of_week_operator.py took 0.063 seconds
[2024-05-02T00:23:51.540-0500] {processor.py:161} INFO - Started process (PID=37031) to work on /Users/nestoralfaro/Desktop/pbi-scenario-two/py_env/lib/python3.9/site-packages/airflow/example_dags/example_branch_day_of_week_operator.py
[2024-05-02T00:23:51.542-0500] {processor.py:830} INFO - Processing file /Users/nestoralfaro/Desktop/pbi-scenario-two/py_env/lib/python3.9/site-packages/airflow/example_dags/example_branch_day_of_week_operator.py for tasks to queue
[2024-05-02T00:23:51.542-0500] {logging_mixin.py:188} INFO - [2024-05-02T00:23:51.542-0500] {dagbag.py:540} INFO - Filling up the DagBag from /Users/nestoralfaro/Desktop/pbi-scenario-two/py_env/lib/python3.9/site-packages/airflow/example_dags/example_branch_day_of_week_operator.py
[2024-05-02T00:23:51.547-0500] {processor.py:840} INFO - DAG(s) 'example_weekday_branch_operator' retrieved from /Users/nestoralfaro/Desktop/pbi-scenario-two/py_env/lib/python3.9/site-packages/airflow/example_dags/example_branch_day_of_week_operator.py
[2024-05-02T00:23:51.586-0500] {logging_mixin.py:188} INFO - [2024-05-02T00:23:51.586-0500] {dag.py:3096} INFO - Sync 1 DAGs
[2024-05-02T00:23:51.593-0500] {logging_mixin.py:188} INFO - [2024-05-02T00:23:51.593-0500] {dag.py:3954} INFO - Setting next_dagrun for example_weekday_branch_operator to 2024-05-01 00:00:00+00:00, run_after=2024-05-02 00:00:00+00:00
[2024-05-02T00:23:51.599-0500] {processor.py:183} INFO - Processing /Users/nestoralfaro/Desktop/pbi-scenario-two/py_env/lib/python3.9/site-packages/airflow/example_dags/example_branch_day_of_week_operator.py took 0.061 seconds
