[2024-05-01T23:31:09.715-0500] {processor.py:161} INFO - Started process (PID=34775) to work on /Users/nestoralfaro/Desktop/pbi-scenario-two/py_env/lib/python3.9/site-packages/airflow/example_dags/example_display_name.py
[2024-05-01T23:31:09.717-0500] {processor.py:830} INFO - Processing file /Users/nestoralfaro/Desktop/pbi-scenario-two/py_env/lib/python3.9/site-packages/airflow/example_dags/example_display_name.py for tasks to queue
[2024-05-01T23:31:09.717-0500] {logging_mixin.py:188} INFO - [2024-05-01T23:31:09.717-0500] {dagbag.py:540} INFO - Filling up the DagBag from /Users/nestoralfaro/Desktop/pbi-scenario-two/py_env/lib/python3.9/site-packages/airflow/example_dags/example_display_name.py
[2024-05-01T23:31:09.732-0500] {processor.py:840} INFO - DAG(s) 'example_display_name' retrieved from /Users/nestoralfaro/Desktop/pbi-scenario-two/py_env/lib/python3.9/site-packages/airflow/example_dags/example_display_name.py
[2024-05-01T23:31:09.826-0500] {logging_mixin.py:188} INFO - [2024-05-01T23:31:09.826-0500] {dag.py:3096} INFO - Sync 1 DAGs
[2024-05-01T23:31:09.830-0500] {logging_mixin.py:188} INFO - [2024-05-01T23:31:09.830-0500] {dag.py:3954} INFO - Setting next_dagrun for example_display_name to None, run_after=None
[2024-05-01T23:31:09.838-0500] {processor.py:183} INFO - Processing /Users/nestoralfaro/Desktop/pbi-scenario-two/py_env/lib/python3.9/site-packages/airflow/example_dags/example_display_name.py took 0.124 seconds
[2024-05-01T23:33:15.310-0500] {processor.py:161} INFO - Started process (PID=34880) to work on /Users/nestoralfaro/Desktop/pbi-scenario-two/py_env/lib/python3.9/site-packages/airflow/example_dags/example_display_name.py
[2024-05-01T23:33:15.311-0500] {processor.py:830} INFO - Processing file /Users/nestoralfaro/Desktop/pbi-scenario-two/py_env/lib/python3.9/site-packages/airflow/example_dags/example_display_name.py for tasks to queue
[2024-05-01T23:33:15.311-0500] {logging_mixin.py:188} INFO - [2024-05-01T23:33:15.311-0500] {dagbag.py:540} INFO - Filling up the DagBag from /Users/nestoralfaro/Desktop/pbi-scenario-two/py_env/lib/python3.9/site-packages/airflow/example_dags/example_display_name.py
[2024-05-01T23:33:15.328-0500] {processor.py:840} INFO - DAG(s) 'example_display_name' retrieved from /Users/nestoralfaro/Desktop/pbi-scenario-two/py_env/lib/python3.9/site-packages/airflow/example_dags/example_display_name.py
[2024-05-01T23:33:15.367-0500] {logging_mixin.py:188} INFO - [2024-05-01T23:33:15.367-0500] {dag.py:3096} INFO - Sync 1 DAGs
[2024-05-01T23:33:15.394-0500] {logging_mixin.py:188} INFO - [2024-05-01T23:33:15.394-0500] {dag.py:3954} INFO - Setting next_dagrun for example_display_name to None, run_after=None
[2024-05-01T23:33:15.400-0500] {processor.py:183} INFO - Processing /Users/nestoralfaro/Desktop/pbi-scenario-two/py_env/lib/python3.9/site-packages/airflow/example_dags/example_display_name.py took 0.092 seconds
[2024-05-01T23:35:12.464-0500] {processor.py:161} INFO - Started process (PID=34953) to work on /Users/nestoralfaro/Desktop/pbi-scenario-two/py_env/lib/python3.9/site-packages/airflow/example_dags/example_display_name.py
[2024-05-01T23:35:12.467-0500] {processor.py:830} INFO - Processing file /Users/nestoralfaro/Desktop/pbi-scenario-two/py_env/lib/python3.9/site-packages/airflow/example_dags/example_display_name.py for tasks to queue
[2024-05-01T23:35:12.467-0500] {logging_mixin.py:188} INFO - [2024-05-01T23:35:12.467-0500] {dagbag.py:540} INFO - Filling up the DagBag from /Users/nestoralfaro/Desktop/pbi-scenario-two/py_env/lib/python3.9/site-packages/airflow/example_dags/example_display_name.py
[2024-05-01T23:35:12.484-0500] {processor.py:840} INFO - DAG(s) 'example_display_name' retrieved from /Users/nestoralfaro/Desktop/pbi-scenario-two/py_env/lib/python3.9/site-packages/airflow/example_dags/example_display_name.py
[2024-05-01T23:35:12.529-0500] {logging_mixin.py:188} INFO - [2024-05-01T23:35:12.529-0500] {dag.py:3096} INFO - Sync 1 DAGs
[2024-05-01T23:35:12.559-0500] {logging_mixin.py:188} INFO - [2024-05-01T23:35:12.559-0500] {dag.py:3954} INFO - Setting next_dagrun for example_display_name to None, run_after=None
[2024-05-01T23:35:12.567-0500] {processor.py:183} INFO - Processing /Users/nestoralfaro/Desktop/pbi-scenario-two/py_env/lib/python3.9/site-packages/airflow/example_dags/example_display_name.py took 0.104 seconds
[2024-05-01T23:37:05.533-0500] {processor.py:161} INFO - Started process (PID=35020) to work on /Users/nestoralfaro/Desktop/pbi-scenario-two/py_env/lib/python3.9/site-packages/airflow/example_dags/example_display_name.py
[2024-05-01T23:37:05.534-0500] {processor.py:830} INFO - Processing file /Users/nestoralfaro/Desktop/pbi-scenario-two/py_env/lib/python3.9/site-packages/airflow/example_dags/example_display_name.py for tasks to queue
[2024-05-01T23:37:05.535-0500] {logging_mixin.py:188} INFO - [2024-05-01T23:37:05.535-0500] {dagbag.py:540} INFO - Filling up the DagBag from /Users/nestoralfaro/Desktop/pbi-scenario-two/py_env/lib/python3.9/site-packages/airflow/example_dags/example_display_name.py
[2024-05-01T23:37:05.551-0500] {processor.py:840} INFO - DAG(s) 'example_display_name' retrieved from /Users/nestoralfaro/Desktop/pbi-scenario-two/py_env/lib/python3.9/site-packages/airflow/example_dags/example_display_name.py
[2024-05-01T23:37:05.596-0500] {logging_mixin.py:188} INFO - [2024-05-01T23:37:05.595-0500] {dag.py:3096} INFO - Sync 1 DAGs
[2024-05-01T23:37:05.623-0500] {logging_mixin.py:188} INFO - [2024-05-01T23:37:05.623-0500] {dag.py:3954} INFO - Setting next_dagrun for example_display_name to None, run_after=None
[2024-05-01T23:37:05.632-0500] {processor.py:183} INFO - Processing /Users/nestoralfaro/Desktop/pbi-scenario-two/py_env/lib/python3.9/site-packages/airflow/example_dags/example_display_name.py took 0.102 seconds
[2024-05-01T23:39:00.155-0500] {processor.py:161} INFO - Started process (PID=35090) to work on /Users/nestoralfaro/Desktop/pbi-scenario-two/py_env/lib/python3.9/site-packages/airflow/example_dags/example_display_name.py
[2024-05-01T23:39:00.157-0500] {processor.py:830} INFO - Processing file /Users/nestoralfaro/Desktop/pbi-scenario-two/py_env/lib/python3.9/site-packages/airflow/example_dags/example_display_name.py for tasks to queue
[2024-05-01T23:39:00.158-0500] {logging_mixin.py:188} INFO - [2024-05-01T23:39:00.158-0500] {dagbag.py:540} INFO - Filling up the DagBag from /Users/nestoralfaro/Desktop/pbi-scenario-two/py_env/lib/python3.9/site-packages/airflow/example_dags/example_display_name.py
[2024-05-01T23:39:00.174-0500] {processor.py:840} INFO - DAG(s) 'example_display_name' retrieved from /Users/nestoralfaro/Desktop/pbi-scenario-two/py_env/lib/python3.9/site-packages/airflow/example_dags/example_display_name.py
[2024-05-01T23:39:00.216-0500] {logging_mixin.py:188} INFO - [2024-05-01T23:39:00.216-0500] {dag.py:3096} INFO - Sync 1 DAGs
[2024-05-01T23:39:00.244-0500] {logging_mixin.py:188} INFO - [2024-05-01T23:39:00.244-0500] {dag.py:3954} INFO - Setting next_dagrun for example_display_name to None, run_after=None
[2024-05-01T23:39:00.251-0500] {processor.py:183} INFO - Processing /Users/nestoralfaro/Desktop/pbi-scenario-two/py_env/lib/python3.9/site-packages/airflow/example_dags/example_display_name.py took 0.097 seconds
[2024-05-01T23:40:54.998-0500] {processor.py:161} INFO - Started process (PID=35182) to work on /Users/nestoralfaro/Desktop/pbi-scenario-two/py_env/lib/python3.9/site-packages/airflow/example_dags/example_display_name.py
[2024-05-01T23:40:55.001-0500] {processor.py:830} INFO - Processing file /Users/nestoralfaro/Desktop/pbi-scenario-two/py_env/lib/python3.9/site-packages/airflow/example_dags/example_display_name.py for tasks to queue
[2024-05-01T23:40:55.001-0500] {logging_mixin.py:188} INFO - [2024-05-01T23:40:55.001-0500] {dagbag.py:540} INFO - Filling up the DagBag from /Users/nestoralfaro/Desktop/pbi-scenario-two/py_env/lib/python3.9/site-packages/airflow/example_dags/example_display_name.py
[2024-05-01T23:40:55.018-0500] {processor.py:840} INFO - DAG(s) 'example_display_name' retrieved from /Users/nestoralfaro/Desktop/pbi-scenario-two/py_env/lib/python3.9/site-packages/airflow/example_dags/example_display_name.py
[2024-05-01T23:40:55.059-0500] {logging_mixin.py:188} INFO - [2024-05-01T23:40:55.058-0500] {dag.py:3096} INFO - Sync 1 DAGs
[2024-05-01T23:40:55.088-0500] {logging_mixin.py:188} INFO - [2024-05-01T23:40:55.088-0500] {dag.py:3954} INFO - Setting next_dagrun for example_display_name to None, run_after=None
[2024-05-01T23:40:55.097-0500] {processor.py:183} INFO - Processing /Users/nestoralfaro/Desktop/pbi-scenario-two/py_env/lib/python3.9/site-packages/airflow/example_dags/example_display_name.py took 0.099 seconds
[2024-05-01T23:42:55.389-0500] {processor.py:161} INFO - Started process (PID=35286) to work on /Users/nestoralfaro/Desktop/pbi-scenario-two/py_env/lib/python3.9/site-packages/airflow/example_dags/example_display_name.py
[2024-05-01T23:42:55.391-0500] {processor.py:830} INFO - Processing file /Users/nestoralfaro/Desktop/pbi-scenario-two/py_env/lib/python3.9/site-packages/airflow/example_dags/example_display_name.py for tasks to queue
[2024-05-01T23:42:55.392-0500] {logging_mixin.py:188} INFO - [2024-05-01T23:42:55.392-0500] {dagbag.py:540} INFO - Filling up the DagBag from /Users/nestoralfaro/Desktop/pbi-scenario-two/py_env/lib/python3.9/site-packages/airflow/example_dags/example_display_name.py
[2024-05-01T23:42:55.408-0500] {processor.py:840} INFO - DAG(s) 'example_display_name' retrieved from /Users/nestoralfaro/Desktop/pbi-scenario-two/py_env/lib/python3.9/site-packages/airflow/example_dags/example_display_name.py
[2024-05-01T23:42:55.451-0500] {logging_mixin.py:188} INFO - [2024-05-01T23:42:55.451-0500] {dag.py:3096} INFO - Sync 1 DAGs
[2024-05-01T23:42:55.479-0500] {logging_mixin.py:188} INFO - [2024-05-01T23:42:55.479-0500] {dag.py:3954} INFO - Setting next_dagrun for example_display_name to None, run_after=None
[2024-05-01T23:42:55.487-0500] {processor.py:183} INFO - Processing /Users/nestoralfaro/Desktop/pbi-scenario-two/py_env/lib/python3.9/site-packages/airflow/example_dags/example_display_name.py took 0.100 seconds
[2024-05-01T23:44:53.520-0500] {processor.py:161} INFO - Started process (PID=35370) to work on /Users/nestoralfaro/Desktop/pbi-scenario-two/py_env/lib/python3.9/site-packages/airflow/example_dags/example_display_name.py
[2024-05-01T23:44:53.521-0500] {processor.py:830} INFO - Processing file /Users/nestoralfaro/Desktop/pbi-scenario-two/py_env/lib/python3.9/site-packages/airflow/example_dags/example_display_name.py for tasks to queue
[2024-05-01T23:44:53.521-0500] {logging_mixin.py:188} INFO - [2024-05-01T23:44:53.521-0500] {dagbag.py:540} INFO - Filling up the DagBag from /Users/nestoralfaro/Desktop/pbi-scenario-two/py_env/lib/python3.9/site-packages/airflow/example_dags/example_display_name.py
[2024-05-01T23:44:53.537-0500] {processor.py:840} INFO - DAG(s) 'example_display_name' retrieved from /Users/nestoralfaro/Desktop/pbi-scenario-two/py_env/lib/python3.9/site-packages/airflow/example_dags/example_display_name.py
[2024-05-01T23:44:53.580-0500] {logging_mixin.py:188} INFO - [2024-05-01T23:44:53.579-0500] {dag.py:3096} INFO - Sync 1 DAGs
[2024-05-01T23:44:53.611-0500] {logging_mixin.py:188} INFO - [2024-05-01T23:44:53.611-0500] {dag.py:3954} INFO - Setting next_dagrun for example_display_name to None, run_after=None
[2024-05-01T23:44:53.620-0500] {processor.py:183} INFO - Processing /Users/nestoralfaro/Desktop/pbi-scenario-two/py_env/lib/python3.9/site-packages/airflow/example_dags/example_display_name.py took 0.102 seconds
[2024-05-01T23:46:47.972-0500] {processor.py:161} INFO - Started process (PID=35438) to work on /Users/nestoralfaro/Desktop/pbi-scenario-two/py_env/lib/python3.9/site-packages/airflow/example_dags/example_display_name.py
[2024-05-01T23:46:47.974-0500] {processor.py:830} INFO - Processing file /Users/nestoralfaro/Desktop/pbi-scenario-two/py_env/lib/python3.9/site-packages/airflow/example_dags/example_display_name.py for tasks to queue
[2024-05-01T23:46:47.974-0500] {logging_mixin.py:188} INFO - [2024-05-01T23:46:47.974-0500] {dagbag.py:540} INFO - Filling up the DagBag from /Users/nestoralfaro/Desktop/pbi-scenario-two/py_env/lib/python3.9/site-packages/airflow/example_dags/example_display_name.py
[2024-05-01T23:46:47.988-0500] {processor.py:840} INFO - DAG(s) 'example_display_name' retrieved from /Users/nestoralfaro/Desktop/pbi-scenario-two/py_env/lib/python3.9/site-packages/airflow/example_dags/example_display_name.py
[2024-05-01T23:46:48.027-0500] {logging_mixin.py:188} INFO - [2024-05-01T23:46:48.027-0500] {dag.py:3096} INFO - Sync 1 DAGs
[2024-05-01T23:46:48.052-0500] {logging_mixin.py:188} INFO - [2024-05-01T23:46:48.052-0500] {dag.py:3954} INFO - Setting next_dagrun for example_display_name to None, run_after=None
[2024-05-01T23:46:48.059-0500] {processor.py:183} INFO - Processing /Users/nestoralfaro/Desktop/pbi-scenario-two/py_env/lib/python3.9/site-packages/airflow/example_dags/example_display_name.py took 0.089 seconds
[2024-05-01T23:48:38.915-0500] {processor.py:161} INFO - Started process (PID=35525) to work on /Users/nestoralfaro/Desktop/pbi-scenario-two/py_env/lib/python3.9/site-packages/airflow/example_dags/example_display_name.py
[2024-05-01T23:48:38.916-0500] {processor.py:830} INFO - Processing file /Users/nestoralfaro/Desktop/pbi-scenario-two/py_env/lib/python3.9/site-packages/airflow/example_dags/example_display_name.py for tasks to queue
[2024-05-01T23:48:38.916-0500] {logging_mixin.py:188} INFO - [2024-05-01T23:48:38.916-0500] {dagbag.py:540} INFO - Filling up the DagBag from /Users/nestoralfaro/Desktop/pbi-scenario-two/py_env/lib/python3.9/site-packages/airflow/example_dags/example_display_name.py
[2024-05-01T23:48:38.932-0500] {processor.py:840} INFO - DAG(s) 'example_display_name' retrieved from /Users/nestoralfaro/Desktop/pbi-scenario-two/py_env/lib/python3.9/site-packages/airflow/example_dags/example_display_name.py
[2024-05-01T23:48:38.972-0500] {logging_mixin.py:188} INFO - [2024-05-01T23:48:38.972-0500] {dag.py:3096} INFO - Sync 1 DAGs
[2024-05-01T23:48:38.999-0500] {logging_mixin.py:188} INFO - [2024-05-01T23:48:38.998-0500] {dag.py:3954} INFO - Setting next_dagrun for example_display_name to None, run_after=None
[2024-05-01T23:48:39.006-0500] {processor.py:183} INFO - Processing /Users/nestoralfaro/Desktop/pbi-scenario-two/py_env/lib/python3.9/site-packages/airflow/example_dags/example_display_name.py took 0.093 seconds
[2024-05-01T23:50:34.813-0500] {processor.py:161} INFO - Started process (PID=35597) to work on /Users/nestoralfaro/Desktop/pbi-scenario-two/py_env/lib/python3.9/site-packages/airflow/example_dags/example_display_name.py
[2024-05-01T23:50:34.816-0500] {processor.py:830} INFO - Processing file /Users/nestoralfaro/Desktop/pbi-scenario-two/py_env/lib/python3.9/site-packages/airflow/example_dags/example_display_name.py for tasks to queue
[2024-05-01T23:50:34.816-0500] {logging_mixin.py:188} INFO - [2024-05-01T23:50:34.816-0500] {dagbag.py:540} INFO - Filling up the DagBag from /Users/nestoralfaro/Desktop/pbi-scenario-two/py_env/lib/python3.9/site-packages/airflow/example_dags/example_display_name.py
[2024-05-01T23:50:34.832-0500] {processor.py:840} INFO - DAG(s) 'example_display_name' retrieved from /Users/nestoralfaro/Desktop/pbi-scenario-two/py_env/lib/python3.9/site-packages/airflow/example_dags/example_display_name.py
[2024-05-01T23:50:34.873-0500] {logging_mixin.py:188} INFO - [2024-05-01T23:50:34.873-0500] {dag.py:3096} INFO - Sync 1 DAGs
[2024-05-01T23:50:34.901-0500] {logging_mixin.py:188} INFO - [2024-05-01T23:50:34.901-0500] {dag.py:3954} INFO - Setting next_dagrun for example_display_name to None, run_after=None
[2024-05-01T23:50:34.909-0500] {processor.py:183} INFO - Processing /Users/nestoralfaro/Desktop/pbi-scenario-two/py_env/lib/python3.9/site-packages/airflow/example_dags/example_display_name.py took 0.096 seconds
[2024-05-01T23:52:28.554-0500] {processor.py:161} INFO - Started process (PID=35682) to work on /Users/nestoralfaro/Desktop/pbi-scenario-two/py_env/lib/python3.9/site-packages/airflow/example_dags/example_display_name.py
[2024-05-01T23:52:28.555-0500] {processor.py:830} INFO - Processing file /Users/nestoralfaro/Desktop/pbi-scenario-two/py_env/lib/python3.9/site-packages/airflow/example_dags/example_display_name.py for tasks to queue
[2024-05-01T23:52:28.556-0500] {logging_mixin.py:188} INFO - [2024-05-01T23:52:28.556-0500] {dagbag.py:540} INFO - Filling up the DagBag from /Users/nestoralfaro/Desktop/pbi-scenario-two/py_env/lib/python3.9/site-packages/airflow/example_dags/example_display_name.py
[2024-05-01T23:52:28.573-0500] {processor.py:840} INFO - DAG(s) 'example_display_name' retrieved from /Users/nestoralfaro/Desktop/pbi-scenario-two/py_env/lib/python3.9/site-packages/airflow/example_dags/example_display_name.py
[2024-05-01T23:52:28.615-0500] {logging_mixin.py:188} INFO - [2024-05-01T23:52:28.615-0500] {dag.py:3096} INFO - Sync 1 DAGs
[2024-05-01T23:52:28.646-0500] {logging_mixin.py:188} INFO - [2024-05-01T23:52:28.646-0500] {dag.py:3954} INFO - Setting next_dagrun for example_display_name to None, run_after=None
[2024-05-01T23:52:28.655-0500] {processor.py:183} INFO - Processing /Users/nestoralfaro/Desktop/pbi-scenario-two/py_env/lib/python3.9/site-packages/airflow/example_dags/example_display_name.py took 0.103 seconds
[2024-05-01T23:54:26.923-0500] {processor.py:161} INFO - Started process (PID=35750) to work on /Users/nestoralfaro/Desktop/pbi-scenario-two/py_env/lib/python3.9/site-packages/airflow/example_dags/example_display_name.py
[2024-05-01T23:54:26.924-0500] {processor.py:830} INFO - Processing file /Users/nestoralfaro/Desktop/pbi-scenario-two/py_env/lib/python3.9/site-packages/airflow/example_dags/example_display_name.py for tasks to queue
[2024-05-01T23:54:26.924-0500] {logging_mixin.py:188} INFO - [2024-05-01T23:54:26.924-0500] {dagbag.py:540} INFO - Filling up the DagBag from /Users/nestoralfaro/Desktop/pbi-scenario-two/py_env/lib/python3.9/site-packages/airflow/example_dags/example_display_name.py
[2024-05-01T23:54:26.940-0500] {processor.py:840} INFO - DAG(s) 'example_display_name' retrieved from /Users/nestoralfaro/Desktop/pbi-scenario-two/py_env/lib/python3.9/site-packages/airflow/example_dags/example_display_name.py
[2024-05-01T23:54:26.982-0500] {logging_mixin.py:188} INFO - [2024-05-01T23:54:26.982-0500] {dag.py:3096} INFO - Sync 1 DAGs
[2024-05-01T23:54:27.011-0500] {logging_mixin.py:188} INFO - [2024-05-01T23:54:27.011-0500] {dag.py:3954} INFO - Setting next_dagrun for example_display_name to None, run_after=None
[2024-05-01T23:54:27.019-0500] {processor.py:183} INFO - Processing /Users/nestoralfaro/Desktop/pbi-scenario-two/py_env/lib/python3.9/site-packages/airflow/example_dags/example_display_name.py took 0.098 seconds
[2024-05-01T23:56:19.441-0500] {processor.py:161} INFO - Started process (PID=35819) to work on /Users/nestoralfaro/Desktop/pbi-scenario-two/py_env/lib/python3.9/site-packages/airflow/example_dags/example_display_name.py
[2024-05-01T23:56:19.443-0500] {processor.py:830} INFO - Processing file /Users/nestoralfaro/Desktop/pbi-scenario-two/py_env/lib/python3.9/site-packages/airflow/example_dags/example_display_name.py for tasks to queue
[2024-05-01T23:56:19.443-0500] {logging_mixin.py:188} INFO - [2024-05-01T23:56:19.443-0500] {dagbag.py:540} INFO - Filling up the DagBag from /Users/nestoralfaro/Desktop/pbi-scenario-two/py_env/lib/python3.9/site-packages/airflow/example_dags/example_display_name.py
[2024-05-01T23:56:19.459-0500] {processor.py:840} INFO - DAG(s) 'example_display_name' retrieved from /Users/nestoralfaro/Desktop/pbi-scenario-two/py_env/lib/python3.9/site-packages/airflow/example_dags/example_display_name.py
[2024-05-01T23:56:19.498-0500] {logging_mixin.py:188} INFO - [2024-05-01T23:56:19.498-0500] {dag.py:3096} INFO - Sync 1 DAGs
[2024-05-01T23:56:19.524-0500] {logging_mixin.py:188} INFO - [2024-05-01T23:56:19.524-0500] {dag.py:3954} INFO - Setting next_dagrun for example_display_name to None, run_after=None
[2024-05-01T23:56:19.532-0500] {processor.py:183} INFO - Processing /Users/nestoralfaro/Desktop/pbi-scenario-two/py_env/lib/python3.9/site-packages/airflow/example_dags/example_display_name.py took 0.092 seconds
[2024-05-01T23:58:09.583-0500] {processor.py:161} INFO - Started process (PID=35888) to work on /Users/nestoralfaro/Desktop/pbi-scenario-two/py_env/lib/python3.9/site-packages/airflow/example_dags/example_display_name.py
[2024-05-01T23:58:09.584-0500] {processor.py:830} INFO - Processing file /Users/nestoralfaro/Desktop/pbi-scenario-two/py_env/lib/python3.9/site-packages/airflow/example_dags/example_display_name.py for tasks to queue
[2024-05-01T23:58:09.585-0500] {logging_mixin.py:188} INFO - [2024-05-01T23:58:09.585-0500] {dagbag.py:540} INFO - Filling up the DagBag from /Users/nestoralfaro/Desktop/pbi-scenario-two/py_env/lib/python3.9/site-packages/airflow/example_dags/example_display_name.py
[2024-05-01T23:58:09.601-0500] {processor.py:840} INFO - DAG(s) 'example_display_name' retrieved from /Users/nestoralfaro/Desktop/pbi-scenario-two/py_env/lib/python3.9/site-packages/airflow/example_dags/example_display_name.py
[2024-05-01T23:58:09.641-0500] {logging_mixin.py:188} INFO - [2024-05-01T23:58:09.640-0500] {dag.py:3096} INFO - Sync 1 DAGs
[2024-05-01T23:58:09.668-0500] {logging_mixin.py:188} INFO - [2024-05-01T23:58:09.668-0500] {dag.py:3954} INFO - Setting next_dagrun for example_display_name to None, run_after=None
[2024-05-01T23:58:09.675-0500] {processor.py:183} INFO - Processing /Users/nestoralfaro/Desktop/pbi-scenario-two/py_env/lib/python3.9/site-packages/airflow/example_dags/example_display_name.py took 0.093 seconds
[2024-05-02T00:00:02.148-0500] {processor.py:161} INFO - Started process (PID=35975) to work on /Users/nestoralfaro/Desktop/pbi-scenario-two/py_env/lib/python3.9/site-packages/airflow/example_dags/example_display_name.py
[2024-05-02T00:00:02.149-0500] {processor.py:830} INFO - Processing file /Users/nestoralfaro/Desktop/pbi-scenario-two/py_env/lib/python3.9/site-packages/airflow/example_dags/example_display_name.py for tasks to queue
[2024-05-02T00:00:02.150-0500] {logging_mixin.py:188} INFO - [2024-05-02T00:00:02.150-0500] {dagbag.py:540} INFO - Filling up the DagBag from /Users/nestoralfaro/Desktop/pbi-scenario-two/py_env/lib/python3.9/site-packages/airflow/example_dags/example_display_name.py
[2024-05-02T00:00:02.166-0500] {processor.py:840} INFO - DAG(s) 'example_display_name' retrieved from /Users/nestoralfaro/Desktop/pbi-scenario-two/py_env/lib/python3.9/site-packages/airflow/example_dags/example_display_name.py
[2024-05-02T00:00:02.208-0500] {logging_mixin.py:188} INFO - [2024-05-02T00:00:02.208-0500] {dag.py:3096} INFO - Sync 1 DAGs
[2024-05-02T00:00:02.236-0500] {logging_mixin.py:188} INFO - [2024-05-02T00:00:02.235-0500] {dag.py:3954} INFO - Setting next_dagrun for example_display_name to None, run_after=None
[2024-05-02T00:00:02.243-0500] {processor.py:183} INFO - Processing /Users/nestoralfaro/Desktop/pbi-scenario-two/py_env/lib/python3.9/site-packages/airflow/example_dags/example_display_name.py took 0.096 seconds
[2024-05-02T00:01:55.536-0500] {processor.py:161} INFO - Started process (PID=36057) to work on /Users/nestoralfaro/Desktop/pbi-scenario-two/py_env/lib/python3.9/site-packages/airflow/example_dags/example_display_name.py
[2024-05-02T00:01:55.537-0500] {processor.py:830} INFO - Processing file /Users/nestoralfaro/Desktop/pbi-scenario-two/py_env/lib/python3.9/site-packages/airflow/example_dags/example_display_name.py for tasks to queue
[2024-05-02T00:01:55.538-0500] {logging_mixin.py:188} INFO - [2024-05-02T00:01:55.537-0500] {dagbag.py:540} INFO - Filling up the DagBag from /Users/nestoralfaro/Desktop/pbi-scenario-two/py_env/lib/python3.9/site-packages/airflow/example_dags/example_display_name.py
[2024-05-02T00:01:55.554-0500] {processor.py:840} INFO - DAG(s) 'example_display_name' retrieved from /Users/nestoralfaro/Desktop/pbi-scenario-two/py_env/lib/python3.9/site-packages/airflow/example_dags/example_display_name.py
[2024-05-02T00:01:55.597-0500] {logging_mixin.py:188} INFO - [2024-05-02T00:01:55.597-0500] {dag.py:3096} INFO - Sync 1 DAGs
[2024-05-02T00:01:55.625-0500] {logging_mixin.py:188} INFO - [2024-05-02T00:01:55.625-0500] {dag.py:3954} INFO - Setting next_dagrun for example_display_name to None, run_after=None
[2024-05-02T00:01:55.633-0500] {processor.py:183} INFO - Processing /Users/nestoralfaro/Desktop/pbi-scenario-two/py_env/lib/python3.9/site-packages/airflow/example_dags/example_display_name.py took 0.098 seconds
[2024-05-02T00:03:52.807-0500] {processor.py:161} INFO - Started process (PID=36140) to work on /Users/nestoralfaro/Desktop/pbi-scenario-two/py_env/lib/python3.9/site-packages/airflow/example_dags/example_display_name.py
[2024-05-02T00:03:52.809-0500] {processor.py:830} INFO - Processing file /Users/nestoralfaro/Desktop/pbi-scenario-two/py_env/lib/python3.9/site-packages/airflow/example_dags/example_display_name.py for tasks to queue
[2024-05-02T00:03:52.810-0500] {logging_mixin.py:188} INFO - [2024-05-02T00:03:52.810-0500] {dagbag.py:540} INFO - Filling up the DagBag from /Users/nestoralfaro/Desktop/pbi-scenario-two/py_env/lib/python3.9/site-packages/airflow/example_dags/example_display_name.py
[2024-05-02T00:03:52.828-0500] {processor.py:840} INFO - DAG(s) 'example_display_name' retrieved from /Users/nestoralfaro/Desktop/pbi-scenario-two/py_env/lib/python3.9/site-packages/airflow/example_dags/example_display_name.py
[2024-05-02T00:03:52.871-0500] {logging_mixin.py:188} INFO - [2024-05-02T00:03:52.871-0500] {dag.py:3096} INFO - Sync 1 DAGs
[2024-05-02T00:03:52.902-0500] {logging_mixin.py:188} INFO - [2024-05-02T00:03:52.901-0500] {dag.py:3954} INFO - Setting next_dagrun for example_display_name to None, run_after=None
[2024-05-02T00:03:52.910-0500] {processor.py:183} INFO - Processing /Users/nestoralfaro/Desktop/pbi-scenario-two/py_env/lib/python3.9/site-packages/airflow/example_dags/example_display_name.py took 0.104 seconds
[2024-05-02T00:05:46.635-0500] {processor.py:161} INFO - Started process (PID=36212) to work on /Users/nestoralfaro/Desktop/pbi-scenario-two/py_env/lib/python3.9/site-packages/airflow/example_dags/example_display_name.py
[2024-05-02T00:05:46.637-0500] {processor.py:830} INFO - Processing file /Users/nestoralfaro/Desktop/pbi-scenario-two/py_env/lib/python3.9/site-packages/airflow/example_dags/example_display_name.py for tasks to queue
[2024-05-02T00:05:46.638-0500] {logging_mixin.py:188} INFO - [2024-05-02T00:05:46.638-0500] {dagbag.py:540} INFO - Filling up the DagBag from /Users/nestoralfaro/Desktop/pbi-scenario-two/py_env/lib/python3.9/site-packages/airflow/example_dags/example_display_name.py
[2024-05-02T00:05:46.653-0500] {processor.py:840} INFO - DAG(s) 'example_display_name' retrieved from /Users/nestoralfaro/Desktop/pbi-scenario-two/py_env/lib/python3.9/site-packages/airflow/example_dags/example_display_name.py
[2024-05-02T00:05:46.695-0500] {logging_mixin.py:188} INFO - [2024-05-02T00:05:46.695-0500] {dag.py:3096} INFO - Sync 1 DAGs
[2024-05-02T00:05:46.723-0500] {logging_mixin.py:188} INFO - [2024-05-02T00:05:46.722-0500] {dag.py:3954} INFO - Setting next_dagrun for example_display_name to None, run_after=None
[2024-05-02T00:05:46.730-0500] {processor.py:183} INFO - Processing /Users/nestoralfaro/Desktop/pbi-scenario-two/py_env/lib/python3.9/site-packages/airflow/example_dags/example_display_name.py took 0.096 seconds
[2024-05-02T00:07:34.217-0500] {processor.py:161} INFO - Started process (PID=36298) to work on /Users/nestoralfaro/Desktop/pbi-scenario-two/py_env/lib/python3.9/site-packages/airflow/example_dags/example_display_name.py
[2024-05-02T00:07:34.219-0500] {processor.py:830} INFO - Processing file /Users/nestoralfaro/Desktop/pbi-scenario-two/py_env/lib/python3.9/site-packages/airflow/example_dags/example_display_name.py for tasks to queue
[2024-05-02T00:07:34.219-0500] {logging_mixin.py:188} INFO - [2024-05-02T00:07:34.219-0500] {dagbag.py:540} INFO - Filling up the DagBag from /Users/nestoralfaro/Desktop/pbi-scenario-two/py_env/lib/python3.9/site-packages/airflow/example_dags/example_display_name.py
[2024-05-02T00:07:34.234-0500] {processor.py:840} INFO - DAG(s) 'example_display_name' retrieved from /Users/nestoralfaro/Desktop/pbi-scenario-two/py_env/lib/python3.9/site-packages/airflow/example_dags/example_display_name.py
[2024-05-02T00:07:34.274-0500] {logging_mixin.py:188} INFO - [2024-05-02T00:07:34.274-0500] {dag.py:3096} INFO - Sync 1 DAGs
[2024-05-02T00:07:34.301-0500] {logging_mixin.py:188} INFO - [2024-05-02T00:07:34.301-0500] {dag.py:3954} INFO - Setting next_dagrun for example_display_name to None, run_after=None
[2024-05-02T00:07:34.308-0500] {processor.py:183} INFO - Processing /Users/nestoralfaro/Desktop/pbi-scenario-two/py_env/lib/python3.9/site-packages/airflow/example_dags/example_display_name.py took 0.093 seconds
[2024-05-02T00:09:27.930-0500] {processor.py:161} INFO - Started process (PID=36366) to work on /Users/nestoralfaro/Desktop/pbi-scenario-two/py_env/lib/python3.9/site-packages/airflow/example_dags/example_display_name.py
[2024-05-02T00:09:27.932-0500] {processor.py:830} INFO - Processing file /Users/nestoralfaro/Desktop/pbi-scenario-two/py_env/lib/python3.9/site-packages/airflow/example_dags/example_display_name.py for tasks to queue
[2024-05-02T00:09:27.932-0500] {logging_mixin.py:188} INFO - [2024-05-02T00:09:27.932-0500] {dagbag.py:540} INFO - Filling up the DagBag from /Users/nestoralfaro/Desktop/pbi-scenario-two/py_env/lib/python3.9/site-packages/airflow/example_dags/example_display_name.py
[2024-05-02T00:09:27.948-0500] {processor.py:840} INFO - DAG(s) 'example_display_name' retrieved from /Users/nestoralfaro/Desktop/pbi-scenario-two/py_env/lib/python3.9/site-packages/airflow/example_dags/example_display_name.py
[2024-05-02T00:09:27.988-0500] {logging_mixin.py:188} INFO - [2024-05-02T00:09:27.988-0500] {dag.py:3096} INFO - Sync 1 DAGs
[2024-05-02T00:09:28.015-0500] {logging_mixin.py:188} INFO - [2024-05-02T00:09:28.015-0500] {dag.py:3954} INFO - Setting next_dagrun for example_display_name to None, run_after=None
[2024-05-02T00:09:28.022-0500] {processor.py:183} INFO - Processing /Users/nestoralfaro/Desktop/pbi-scenario-two/py_env/lib/python3.9/site-packages/airflow/example_dags/example_display_name.py took 0.093 seconds
[2024-05-02T00:12:02.648-0500] {processor.py:161} INFO - Started process (PID=36478) to work on /Users/nestoralfaro/Desktop/pbi-scenario-two/py_env/lib/python3.9/site-packages/airflow/example_dags/example_display_name.py
[2024-05-02T00:12:02.651-0500] {processor.py:830} INFO - Processing file /Users/nestoralfaro/Desktop/pbi-scenario-two/py_env/lib/python3.9/site-packages/airflow/example_dags/example_display_name.py for tasks to queue
[2024-05-02T00:12:02.651-0500] {logging_mixin.py:188} INFO - [2024-05-02T00:12:02.651-0500] {dagbag.py:540} INFO - Filling up the DagBag from /Users/nestoralfaro/Desktop/pbi-scenario-two/py_env/lib/python3.9/site-packages/airflow/example_dags/example_display_name.py
[2024-05-02T00:12:02.666-0500] {processor.py:840} INFO - DAG(s) 'example_display_name' retrieved from /Users/nestoralfaro/Desktop/pbi-scenario-two/py_env/lib/python3.9/site-packages/airflow/example_dags/example_display_name.py
[2024-05-02T00:12:02.706-0500] {logging_mixin.py:188} INFO - [2024-05-02T00:12:02.706-0500] {dag.py:3096} INFO - Sync 1 DAGs
[2024-05-02T00:12:02.733-0500] {logging_mixin.py:188} INFO - [2024-05-02T00:12:02.733-0500] {dag.py:3954} INFO - Setting next_dagrun for example_display_name to None, run_after=None
[2024-05-02T00:12:02.740-0500] {processor.py:183} INFO - Processing /Users/nestoralfaro/Desktop/pbi-scenario-two/py_env/lib/python3.9/site-packages/airflow/example_dags/example_display_name.py took 0.093 seconds
[2024-05-02T00:13:56.557-0500] {processor.py:161} INFO - Started process (PID=36562) to work on /Users/nestoralfaro/Desktop/pbi-scenario-two/py_env/lib/python3.9/site-packages/airflow/example_dags/example_display_name.py
[2024-05-02T00:13:56.560-0500] {processor.py:830} INFO - Processing file /Users/nestoralfaro/Desktop/pbi-scenario-two/py_env/lib/python3.9/site-packages/airflow/example_dags/example_display_name.py for tasks to queue
[2024-05-02T00:13:56.560-0500] {logging_mixin.py:188} INFO - [2024-05-02T00:13:56.560-0500] {dagbag.py:540} INFO - Filling up the DagBag from /Users/nestoralfaro/Desktop/pbi-scenario-two/py_env/lib/python3.9/site-packages/airflow/example_dags/example_display_name.py
[2024-05-02T00:13:56.576-0500] {processor.py:840} INFO - DAG(s) 'example_display_name' retrieved from /Users/nestoralfaro/Desktop/pbi-scenario-two/py_env/lib/python3.9/site-packages/airflow/example_dags/example_display_name.py
[2024-05-02T00:13:56.617-0500] {logging_mixin.py:188} INFO - [2024-05-02T00:13:56.617-0500] {dag.py:3096} INFO - Sync 1 DAGs
[2024-05-02T00:13:56.643-0500] {logging_mixin.py:188} INFO - [2024-05-02T00:13:56.643-0500] {dag.py:3954} INFO - Setting next_dagrun for example_display_name to None, run_after=None
[2024-05-02T00:13:56.651-0500] {processor.py:183} INFO - Processing /Users/nestoralfaro/Desktop/pbi-scenario-two/py_env/lib/python3.9/site-packages/airflow/example_dags/example_display_name.py took 0.095 seconds
[2024-05-02T00:15:56.229-0500] {processor.py:161} INFO - Started process (PID=36642) to work on /Users/nestoralfaro/Desktop/pbi-scenario-two/py_env/lib/python3.9/site-packages/airflow/example_dags/example_display_name.py
[2024-05-02T00:15:56.231-0500] {processor.py:830} INFO - Processing file /Users/nestoralfaro/Desktop/pbi-scenario-two/py_env/lib/python3.9/site-packages/airflow/example_dags/example_display_name.py for tasks to queue
[2024-05-02T00:15:56.232-0500] {logging_mixin.py:188} INFO - [2024-05-02T00:15:56.232-0500] {dagbag.py:540} INFO - Filling up the DagBag from /Users/nestoralfaro/Desktop/pbi-scenario-two/py_env/lib/python3.9/site-packages/airflow/example_dags/example_display_name.py
[2024-05-02T00:15:56.248-0500] {processor.py:840} INFO - DAG(s) 'example_display_name' retrieved from /Users/nestoralfaro/Desktop/pbi-scenario-two/py_env/lib/python3.9/site-packages/airflow/example_dags/example_display_name.py
[2024-05-02T00:15:56.290-0500] {logging_mixin.py:188} INFO - [2024-05-02T00:15:56.289-0500] {dag.py:3096} INFO - Sync 1 DAGs
[2024-05-02T00:15:56.319-0500] {logging_mixin.py:188} INFO - [2024-05-02T00:15:56.318-0500] {dag.py:3954} INFO - Setting next_dagrun for example_display_name to None, run_after=None
[2024-05-02T00:15:56.327-0500] {processor.py:183} INFO - Processing /Users/nestoralfaro/Desktop/pbi-scenario-two/py_env/lib/python3.9/site-packages/airflow/example_dags/example_display_name.py took 0.099 seconds
[2024-05-02T00:17:53.442-0500] {processor.py:161} INFO - Started process (PID=36718) to work on /Users/nestoralfaro/Desktop/pbi-scenario-two/py_env/lib/python3.9/site-packages/airflow/example_dags/example_display_name.py
[2024-05-02T00:17:53.443-0500] {processor.py:830} INFO - Processing file /Users/nestoralfaro/Desktop/pbi-scenario-two/py_env/lib/python3.9/site-packages/airflow/example_dags/example_display_name.py for tasks to queue
[2024-05-02T00:17:53.444-0500] {logging_mixin.py:188} INFO - [2024-05-02T00:17:53.444-0500] {dagbag.py:540} INFO - Filling up the DagBag from /Users/nestoralfaro/Desktop/pbi-scenario-two/py_env/lib/python3.9/site-packages/airflow/example_dags/example_display_name.py
[2024-05-02T00:17:53.460-0500] {processor.py:840} INFO - DAG(s) 'example_display_name' retrieved from /Users/nestoralfaro/Desktop/pbi-scenario-two/py_env/lib/python3.9/site-packages/airflow/example_dags/example_display_name.py
[2024-05-02T00:17:53.502-0500] {logging_mixin.py:188} INFO - [2024-05-02T00:17:53.502-0500] {dag.py:3096} INFO - Sync 1 DAGs
[2024-05-02T00:17:53.532-0500] {logging_mixin.py:188} INFO - [2024-05-02T00:17:53.532-0500] {dag.py:3954} INFO - Setting next_dagrun for example_display_name to None, run_after=None
[2024-05-02T00:17:53.541-0500] {processor.py:183} INFO - Processing /Users/nestoralfaro/Desktop/pbi-scenario-two/py_env/lib/python3.9/site-packages/airflow/example_dags/example_display_name.py took 0.101 seconds
[2024-05-02T00:19:50.399-0500] {processor.py:161} INFO - Started process (PID=36828) to work on /Users/nestoralfaro/Desktop/pbi-scenario-two/py_env/lib/python3.9/site-packages/airflow/example_dags/example_display_name.py
[2024-05-02T00:19:50.401-0500] {processor.py:830} INFO - Processing file /Users/nestoralfaro/Desktop/pbi-scenario-two/py_env/lib/python3.9/site-packages/airflow/example_dags/example_display_name.py for tasks to queue
[2024-05-02T00:19:50.402-0500] {logging_mixin.py:188} INFO - [2024-05-02T00:19:50.402-0500] {dagbag.py:540} INFO - Filling up the DagBag from /Users/nestoralfaro/Desktop/pbi-scenario-two/py_env/lib/python3.9/site-packages/airflow/example_dags/example_display_name.py
[2024-05-02T00:19:50.418-0500] {processor.py:840} INFO - DAG(s) 'example_display_name' retrieved from /Users/nestoralfaro/Desktop/pbi-scenario-two/py_env/lib/python3.9/site-packages/airflow/example_dags/example_display_name.py
[2024-05-02T00:19:50.461-0500] {logging_mixin.py:188} INFO - [2024-05-02T00:19:50.461-0500] {dag.py:3096} INFO - Sync 1 DAGs
[2024-05-02T00:19:50.490-0500] {logging_mixin.py:188} INFO - [2024-05-02T00:19:50.490-0500] {dag.py:3954} INFO - Setting next_dagrun for example_display_name to None, run_after=None
[2024-05-02T00:19:50.498-0500] {processor.py:183} INFO - Processing /Users/nestoralfaro/Desktop/pbi-scenario-two/py_env/lib/python3.9/site-packages/airflow/example_dags/example_display_name.py took 0.101 seconds
[2024-05-02T00:21:44.766-0500] {processor.py:161} INFO - Started process (PID=36909) to work on /Users/nestoralfaro/Desktop/pbi-scenario-two/py_env/lib/python3.9/site-packages/airflow/example_dags/example_display_name.py
[2024-05-02T00:21:44.768-0500] {processor.py:830} INFO - Processing file /Users/nestoralfaro/Desktop/pbi-scenario-two/py_env/lib/python3.9/site-packages/airflow/example_dags/example_display_name.py for tasks to queue
[2024-05-02T00:21:44.768-0500] {logging_mixin.py:188} INFO - [2024-05-02T00:21:44.768-0500] {dagbag.py:540} INFO - Filling up the DagBag from /Users/nestoralfaro/Desktop/pbi-scenario-two/py_env/lib/python3.9/site-packages/airflow/example_dags/example_display_name.py
[2024-05-02T00:21:44.784-0500] {processor.py:840} INFO - DAG(s) 'example_display_name' retrieved from /Users/nestoralfaro/Desktop/pbi-scenario-two/py_env/lib/python3.9/site-packages/airflow/example_dags/example_display_name.py
[2024-05-02T00:21:44.825-0500] {logging_mixin.py:188} INFO - [2024-05-02T00:21:44.825-0500] {dag.py:3096} INFO - Sync 1 DAGs
[2024-05-02T00:21:44.853-0500] {logging_mixin.py:188} INFO - [2024-05-02T00:21:44.853-0500] {dag.py:3954} INFO - Setting next_dagrun for example_display_name to None, run_after=None
[2024-05-02T00:21:44.861-0500] {processor.py:183} INFO - Processing /Users/nestoralfaro/Desktop/pbi-scenario-two/py_env/lib/python3.9/site-packages/airflow/example_dags/example_display_name.py took 0.096 seconds
[2024-05-02T00:23:38.184-0500] {processor.py:161} INFO - Started process (PID=37021) to work on /Users/nestoralfaro/Desktop/pbi-scenario-two/py_env/lib/python3.9/site-packages/airflow/example_dags/example_display_name.py
[2024-05-02T00:23:38.187-0500] {processor.py:830} INFO - Processing file /Users/nestoralfaro/Desktop/pbi-scenario-two/py_env/lib/python3.9/site-packages/airflow/example_dags/example_display_name.py for tasks to queue
[2024-05-02T00:23:38.187-0500] {logging_mixin.py:188} INFO - [2024-05-02T00:23:38.187-0500] {dagbag.py:540} INFO - Filling up the DagBag from /Users/nestoralfaro/Desktop/pbi-scenario-two/py_env/lib/python3.9/site-packages/airflow/example_dags/example_display_name.py
[2024-05-02T00:23:38.203-0500] {processor.py:840} INFO - DAG(s) 'example_display_name' retrieved from /Users/nestoralfaro/Desktop/pbi-scenario-two/py_env/lib/python3.9/site-packages/airflow/example_dags/example_display_name.py
[2024-05-02T00:23:38.245-0500] {logging_mixin.py:188} INFO - [2024-05-02T00:23:38.245-0500] {dag.py:3096} INFO - Sync 1 DAGs
[2024-05-02T00:23:38.273-0500] {logging_mixin.py:188} INFO - [2024-05-02T00:23:38.273-0500] {dag.py:3954} INFO - Setting next_dagrun for example_display_name to None, run_after=None
[2024-05-02T00:23:38.281-0500] {processor.py:183} INFO - Processing /Users/nestoralfaro/Desktop/pbi-scenario-two/py_env/lib/python3.9/site-packages/airflow/example_dags/example_display_name.py took 0.099 seconds
