[2024-05-01T23:30:54.452-0500] {processor.py:161} INFO - Started process (PID=34766) to work on /Users/nestoralfaro/Desktop/pbi-scenario-two/py_env/lib/python3.9/site-packages/airflow/example_dags/example_params_trigger_ui.py
[2024-05-01T23:30:54.454-0500] {processor.py:830} INFO - Processing file /Users/nestoralfaro/Desktop/pbi-scenario-two/py_env/lib/python3.9/site-packages/airflow/example_dags/example_params_trigger_ui.py for tasks to queue
[2024-05-01T23:30:54.454-0500] {logging_mixin.py:188} INFO - [2024-05-01T23:30:54.454-0500] {dagbag.py:540} INFO - Filling up the DagBag from /Users/nestoralfaro/Desktop/pbi-scenario-two/py_env/lib/python3.9/site-packages/airflow/example_dags/example_params_trigger_ui.py
[2024-05-01T23:30:54.473-0500] {processor.py:840} INFO - DAG(s) 'example_params_trigger_ui' retrieved from /Users/nestoralfaro/Desktop/pbi-scenario-two/py_env/lib/python3.9/site-packages/airflow/example_dags/example_params_trigger_ui.py
[2024-05-01T23:30:54.581-0500] {logging_mixin.py:188} INFO - [2024-05-01T23:30:54.581-0500] {dag.py:3096} INFO - Sync 1 DAGs
[2024-05-01T23:30:54.585-0500] {logging_mixin.py:188} INFO - [2024-05-01T23:30:54.585-0500] {dag.py:3954} INFO - Setting next_dagrun for example_params_trigger_ui to None, run_after=None
[2024-05-01T23:30:54.594-0500] {processor.py:183} INFO - Processing /Users/nestoralfaro/Desktop/pbi-scenario-two/py_env/lib/python3.9/site-packages/airflow/example_dags/example_params_trigger_ui.py took 0.143 seconds
[2024-05-01T23:32:28.815-0500] {processor.py:161} INFO - Started process (PID=34841) to work on /Users/nestoralfaro/Desktop/pbi-scenario-two/py_env/lib/python3.9/site-packages/airflow/example_dags/example_params_trigger_ui.py
[2024-05-01T23:32:28.817-0500] {processor.py:830} INFO - Processing file /Users/nestoralfaro/Desktop/pbi-scenario-two/py_env/lib/python3.9/site-packages/airflow/example_dags/example_params_trigger_ui.py for tasks to queue
[2024-05-01T23:32:28.817-0500] {logging_mixin.py:188} INFO - [2024-05-01T23:32:28.817-0500] {dagbag.py:540} INFO - Filling up the DagBag from /Users/nestoralfaro/Desktop/pbi-scenario-two/py_env/lib/python3.9/site-packages/airflow/example_dags/example_params_trigger_ui.py
[2024-05-01T23:32:28.835-0500] {processor.py:840} INFO - DAG(s) 'example_params_trigger_ui' retrieved from /Users/nestoralfaro/Desktop/pbi-scenario-two/py_env/lib/python3.9/site-packages/airflow/example_dags/example_params_trigger_ui.py
[2024-05-01T23:32:28.887-0500] {logging_mixin.py:188} INFO - [2024-05-01T23:32:28.887-0500] {dag.py:3096} INFO - Sync 1 DAGs
[2024-05-01T23:32:28.915-0500] {logging_mixin.py:188} INFO - [2024-05-01T23:32:28.914-0500] {dag.py:3954} INFO - Setting next_dagrun for example_params_trigger_ui to None, run_after=None
[2024-05-01T23:32:28.922-0500] {processor.py:183} INFO - Processing /Users/nestoralfaro/Desktop/pbi-scenario-two/py_env/lib/python3.9/site-packages/airflow/example_dags/example_params_trigger_ui.py took 0.109 seconds
[2024-05-01T23:34:29.100-0500] {processor.py:161} INFO - Started process (PID=34927) to work on /Users/nestoralfaro/Desktop/pbi-scenario-two/py_env/lib/python3.9/site-packages/airflow/example_dags/example_params_trigger_ui.py
[2024-05-01T23:34:29.102-0500] {processor.py:830} INFO - Processing file /Users/nestoralfaro/Desktop/pbi-scenario-two/py_env/lib/python3.9/site-packages/airflow/example_dags/example_params_trigger_ui.py for tasks to queue
[2024-05-01T23:34:29.103-0500] {logging_mixin.py:188} INFO - [2024-05-01T23:34:29.103-0500] {dagbag.py:540} INFO - Filling up the DagBag from /Users/nestoralfaro/Desktop/pbi-scenario-two/py_env/lib/python3.9/site-packages/airflow/example_dags/example_params_trigger_ui.py
[2024-05-01T23:34:29.122-0500] {processor.py:840} INFO - DAG(s) 'example_params_trigger_ui' retrieved from /Users/nestoralfaro/Desktop/pbi-scenario-two/py_env/lib/python3.9/site-packages/airflow/example_dags/example_params_trigger_ui.py
[2024-05-01T23:34:29.177-0500] {logging_mixin.py:188} INFO - [2024-05-01T23:34:29.177-0500] {dag.py:3096} INFO - Sync 1 DAGs
[2024-05-01T23:34:29.206-0500] {logging_mixin.py:188} INFO - [2024-05-01T23:34:29.206-0500] {dag.py:3954} INFO - Setting next_dagrun for example_params_trigger_ui to None, run_after=None
[2024-05-01T23:34:29.214-0500] {processor.py:183} INFO - Processing /Users/nestoralfaro/Desktop/pbi-scenario-two/py_env/lib/python3.9/site-packages/airflow/example_dags/example_params_trigger_ui.py took 0.115 seconds
[2024-05-01T23:36:23.101-0500] {processor.py:161} INFO - Started process (PID=34996) to work on /Users/nestoralfaro/Desktop/pbi-scenario-two/py_env/lib/python3.9/site-packages/airflow/example_dags/example_params_trigger_ui.py
[2024-05-01T23:36:23.102-0500] {processor.py:830} INFO - Processing file /Users/nestoralfaro/Desktop/pbi-scenario-two/py_env/lib/python3.9/site-packages/airflow/example_dags/example_params_trigger_ui.py for tasks to queue
[2024-05-01T23:36:23.103-0500] {logging_mixin.py:188} INFO - [2024-05-01T23:36:23.103-0500] {dagbag.py:540} INFO - Filling up the DagBag from /Users/nestoralfaro/Desktop/pbi-scenario-two/py_env/lib/python3.9/site-packages/airflow/example_dags/example_params_trigger_ui.py
[2024-05-01T23:36:23.121-0500] {processor.py:840} INFO - DAG(s) 'example_params_trigger_ui' retrieved from /Users/nestoralfaro/Desktop/pbi-scenario-two/py_env/lib/python3.9/site-packages/airflow/example_dags/example_params_trigger_ui.py
[2024-05-01T23:36:23.174-0500] {logging_mixin.py:188} INFO - [2024-05-01T23:36:23.174-0500] {dag.py:3096} INFO - Sync 1 DAGs
[2024-05-01T23:36:23.203-0500] {logging_mixin.py:188} INFO - [2024-05-01T23:36:23.203-0500] {dag.py:3954} INFO - Setting next_dagrun for example_params_trigger_ui to None, run_after=None
[2024-05-01T23:36:23.211-0500] {processor.py:183} INFO - Processing /Users/nestoralfaro/Desktop/pbi-scenario-two/py_env/lib/python3.9/site-packages/airflow/example_dags/example_params_trigger_ui.py took 0.111 seconds
[2024-05-01T23:38:16.668-0500] {processor.py:161} INFO - Started process (PID=35065) to work on /Users/nestoralfaro/Desktop/pbi-scenario-two/py_env/lib/python3.9/site-packages/airflow/example_dags/example_params_trigger_ui.py
[2024-05-01T23:38:16.669-0500] {processor.py:830} INFO - Processing file /Users/nestoralfaro/Desktop/pbi-scenario-two/py_env/lib/python3.9/site-packages/airflow/example_dags/example_params_trigger_ui.py for tasks to queue
[2024-05-01T23:38:16.670-0500] {logging_mixin.py:188} INFO - [2024-05-01T23:38:16.670-0500] {dagbag.py:540} INFO - Filling up the DagBag from /Users/nestoralfaro/Desktop/pbi-scenario-two/py_env/lib/python3.9/site-packages/airflow/example_dags/example_params_trigger_ui.py
[2024-05-01T23:38:16.688-0500] {processor.py:840} INFO - DAG(s) 'example_params_trigger_ui' retrieved from /Users/nestoralfaro/Desktop/pbi-scenario-two/py_env/lib/python3.9/site-packages/airflow/example_dags/example_params_trigger_ui.py
[2024-05-01T23:38:16.740-0500] {logging_mixin.py:188} INFO - [2024-05-01T23:38:16.740-0500] {dag.py:3096} INFO - Sync 1 DAGs
[2024-05-01T23:38:16.766-0500] {logging_mixin.py:188} INFO - [2024-05-01T23:38:16.766-0500] {dag.py:3954} INFO - Setting next_dagrun for example_params_trigger_ui to None, run_after=None
[2024-05-01T23:38:16.773-0500] {processor.py:183} INFO - Processing /Users/nestoralfaro/Desktop/pbi-scenario-two/py_env/lib/python3.9/site-packages/airflow/example_dags/example_params_trigger_ui.py took 0.106 seconds
[2024-05-01T23:40:12.981-0500] {processor.py:161} INFO - Started process (PID=35152) to work on /Users/nestoralfaro/Desktop/pbi-scenario-two/py_env/lib/python3.9/site-packages/airflow/example_dags/example_params_trigger_ui.py
[2024-05-01T23:40:12.982-0500] {processor.py:830} INFO - Processing file /Users/nestoralfaro/Desktop/pbi-scenario-two/py_env/lib/python3.9/site-packages/airflow/example_dags/example_params_trigger_ui.py for tasks to queue
[2024-05-01T23:40:12.983-0500] {logging_mixin.py:188} INFO - [2024-05-01T23:40:12.983-0500] {dagbag.py:540} INFO - Filling up the DagBag from /Users/nestoralfaro/Desktop/pbi-scenario-two/py_env/lib/python3.9/site-packages/airflow/example_dags/example_params_trigger_ui.py
[2024-05-01T23:40:13.001-0500] {processor.py:840} INFO - DAG(s) 'example_params_trigger_ui' retrieved from /Users/nestoralfaro/Desktop/pbi-scenario-two/py_env/lib/python3.9/site-packages/airflow/example_dags/example_params_trigger_ui.py
[2024-05-01T23:40:13.055-0500] {logging_mixin.py:188} INFO - [2024-05-01T23:40:13.054-0500] {dag.py:3096} INFO - Sync 1 DAGs
[2024-05-01T23:40:13.086-0500] {logging_mixin.py:188} INFO - [2024-05-01T23:40:13.085-0500] {dag.py:3954} INFO - Setting next_dagrun for example_params_trigger_ui to None, run_after=None
[2024-05-01T23:40:13.093-0500] {processor.py:183} INFO - Processing /Users/nestoralfaro/Desktop/pbi-scenario-two/py_env/lib/python3.9/site-packages/airflow/example_dags/example_params_trigger_ui.py took 0.114 seconds
[2024-05-01T23:42:40.125-0500] {processor.py:161} INFO - Started process (PID=35276) to work on /Users/nestoralfaro/Desktop/pbi-scenario-two/py_env/lib/python3.9/site-packages/airflow/example_dags/example_params_trigger_ui.py
[2024-05-01T23:42:40.127-0500] {processor.py:830} INFO - Processing file /Users/nestoralfaro/Desktop/pbi-scenario-two/py_env/lib/python3.9/site-packages/airflow/example_dags/example_params_trigger_ui.py for tasks to queue
[2024-05-01T23:42:40.128-0500] {logging_mixin.py:188} INFO - [2024-05-01T23:42:40.128-0500] {dagbag.py:540} INFO - Filling up the DagBag from /Users/nestoralfaro/Desktop/pbi-scenario-two/py_env/lib/python3.9/site-packages/airflow/example_dags/example_params_trigger_ui.py
[2024-05-01T23:42:40.146-0500] {processor.py:840} INFO - DAG(s) 'example_params_trigger_ui' retrieved from /Users/nestoralfaro/Desktop/pbi-scenario-two/py_env/lib/python3.9/site-packages/airflow/example_dags/example_params_trigger_ui.py
[2024-05-01T23:42:40.199-0500] {logging_mixin.py:188} INFO - [2024-05-01T23:42:40.199-0500] {dag.py:3096} INFO - Sync 1 DAGs
[2024-05-01T23:42:40.228-0500] {logging_mixin.py:188} INFO - [2024-05-01T23:42:40.228-0500] {dag.py:3954} INFO - Setting next_dagrun for example_params_trigger_ui to None, run_after=None
[2024-05-01T23:42:40.236-0500] {processor.py:183} INFO - Processing /Users/nestoralfaro/Desktop/pbi-scenario-two/py_env/lib/python3.9/site-packages/airflow/example_dags/example_params_trigger_ui.py took 0.113 seconds
[2024-05-01T23:44:08.669-0500] {processor.py:161} INFO - Started process (PID=35329) to work on /Users/nestoralfaro/Desktop/pbi-scenario-two/py_env/lib/python3.9/site-packages/airflow/example_dags/example_params_trigger_ui.py
[2024-05-01T23:44:08.671-0500] {processor.py:830} INFO - Processing file /Users/nestoralfaro/Desktop/pbi-scenario-two/py_env/lib/python3.9/site-packages/airflow/example_dags/example_params_trigger_ui.py for tasks to queue
[2024-05-01T23:44:08.672-0500] {logging_mixin.py:188} INFO - [2024-05-01T23:44:08.671-0500] {dagbag.py:540} INFO - Filling up the DagBag from /Users/nestoralfaro/Desktop/pbi-scenario-two/py_env/lib/python3.9/site-packages/airflow/example_dags/example_params_trigger_ui.py
[2024-05-01T23:44:08.690-0500] {processor.py:840} INFO - DAG(s) 'example_params_trigger_ui' retrieved from /Users/nestoralfaro/Desktop/pbi-scenario-two/py_env/lib/python3.9/site-packages/airflow/example_dags/example_params_trigger_ui.py
[2024-05-01T23:44:08.740-0500] {logging_mixin.py:188} INFO - [2024-05-01T23:44:08.740-0500] {dag.py:3096} INFO - Sync 1 DAGs
[2024-05-01T23:44:08.766-0500] {logging_mixin.py:188} INFO - [2024-05-01T23:44:08.766-0500] {dag.py:3954} INFO - Setting next_dagrun for example_params_trigger_ui to None, run_after=None
[2024-05-01T23:44:08.774-0500] {processor.py:183} INFO - Processing /Users/nestoralfaro/Desktop/pbi-scenario-two/py_env/lib/python3.9/site-packages/airflow/example_dags/example_params_trigger_ui.py took 0.106 seconds
[2024-05-01T23:46:04.645-0500] {processor.py:161} INFO - Started process (PID=35413) to work on /Users/nestoralfaro/Desktop/pbi-scenario-two/py_env/lib/python3.9/site-packages/airflow/example_dags/example_params_trigger_ui.py
[2024-05-01T23:46:04.648-0500] {processor.py:830} INFO - Processing file /Users/nestoralfaro/Desktop/pbi-scenario-two/py_env/lib/python3.9/site-packages/airflow/example_dags/example_params_trigger_ui.py for tasks to queue
[2024-05-01T23:46:04.648-0500] {logging_mixin.py:188} INFO - [2024-05-01T23:46:04.648-0500] {dagbag.py:540} INFO - Filling up the DagBag from /Users/nestoralfaro/Desktop/pbi-scenario-two/py_env/lib/python3.9/site-packages/airflow/example_dags/example_params_trigger_ui.py
[2024-05-01T23:46:04.666-0500] {processor.py:840} INFO - DAG(s) 'example_params_trigger_ui' retrieved from /Users/nestoralfaro/Desktop/pbi-scenario-two/py_env/lib/python3.9/site-packages/airflow/example_dags/example_params_trigger_ui.py
[2024-05-01T23:46:04.717-0500] {logging_mixin.py:188} INFO - [2024-05-01T23:46:04.716-0500] {dag.py:3096} INFO - Sync 1 DAGs
[2024-05-01T23:46:04.744-0500] {logging_mixin.py:188} INFO - [2024-05-01T23:46:04.744-0500] {dag.py:3954} INFO - Setting next_dagrun for example_params_trigger_ui to None, run_after=None
[2024-05-01T23:46:04.752-0500] {processor.py:183} INFO - Processing /Users/nestoralfaro/Desktop/pbi-scenario-two/py_env/lib/python3.9/site-packages/airflow/example_dags/example_params_trigger_ui.py took 0.107 seconds
[2024-05-01T23:47:56.631-0500] {processor.py:161} INFO - Started process (PID=35491) to work on /Users/nestoralfaro/Desktop/pbi-scenario-two/py_env/lib/python3.9/site-packages/airflow/example_dags/example_params_trigger_ui.py
[2024-05-01T23:47:56.633-0500] {processor.py:830} INFO - Processing file /Users/nestoralfaro/Desktop/pbi-scenario-two/py_env/lib/python3.9/site-packages/airflow/example_dags/example_params_trigger_ui.py for tasks to queue
[2024-05-01T23:47:56.634-0500] {logging_mixin.py:188} INFO - [2024-05-01T23:47:56.634-0500] {dagbag.py:540} INFO - Filling up the DagBag from /Users/nestoralfaro/Desktop/pbi-scenario-two/py_env/lib/python3.9/site-packages/airflow/example_dags/example_params_trigger_ui.py
[2024-05-01T23:47:56.653-0500] {processor.py:840} INFO - DAG(s) 'example_params_trigger_ui' retrieved from /Users/nestoralfaro/Desktop/pbi-scenario-two/py_env/lib/python3.9/site-packages/airflow/example_dags/example_params_trigger_ui.py
[2024-05-01T23:47:56.708-0500] {logging_mixin.py:188} INFO - [2024-05-01T23:47:56.708-0500] {dag.py:3096} INFO - Sync 1 DAGs
[2024-05-01T23:47:56.738-0500] {logging_mixin.py:188} INFO - [2024-05-01T23:47:56.738-0500] {dag.py:3954} INFO - Setting next_dagrun for example_params_trigger_ui to None, run_after=None
[2024-05-01T23:47:56.747-0500] {processor.py:183} INFO - Processing /Users/nestoralfaro/Desktop/pbi-scenario-two/py_env/lib/python3.9/site-packages/airflow/example_dags/example_params_trigger_ui.py took 0.117 seconds
[2024-05-01T23:49:50.576-0500] {processor.py:161} INFO - Started process (PID=35569) to work on /Users/nestoralfaro/Desktop/pbi-scenario-two/py_env/lib/python3.9/site-packages/airflow/example_dags/example_params_trigger_ui.py
[2024-05-01T23:49:50.578-0500] {processor.py:830} INFO - Processing file /Users/nestoralfaro/Desktop/pbi-scenario-two/py_env/lib/python3.9/site-packages/airflow/example_dags/example_params_trigger_ui.py for tasks to queue
[2024-05-01T23:49:50.579-0500] {logging_mixin.py:188} INFO - [2024-05-01T23:49:50.579-0500] {dagbag.py:540} INFO - Filling up the DagBag from /Users/nestoralfaro/Desktop/pbi-scenario-two/py_env/lib/python3.9/site-packages/airflow/example_dags/example_params_trigger_ui.py
[2024-05-01T23:49:50.598-0500] {processor.py:840} INFO - DAG(s) 'example_params_trigger_ui' retrieved from /Users/nestoralfaro/Desktop/pbi-scenario-two/py_env/lib/python3.9/site-packages/airflow/example_dags/example_params_trigger_ui.py
[2024-05-01T23:49:50.654-0500] {logging_mixin.py:188} INFO - [2024-05-01T23:49:50.654-0500] {dag.py:3096} INFO - Sync 1 DAGs
[2024-05-01T23:49:50.684-0500] {logging_mixin.py:188} INFO - [2024-05-01T23:49:50.683-0500] {dag.py:3954} INFO - Setting next_dagrun for example_params_trigger_ui to None, run_after=None
[2024-05-01T23:49:50.692-0500] {processor.py:183} INFO - Processing /Users/nestoralfaro/Desktop/pbi-scenario-two/py_env/lib/python3.9/site-packages/airflow/example_dags/example_params_trigger_ui.py took 0.118 seconds
[2024-05-01T23:51:44.727-0500] {processor.py:161} INFO - Started process (PID=35638) to work on /Users/nestoralfaro/Desktop/pbi-scenario-two/py_env/lib/python3.9/site-packages/airflow/example_dags/example_params_trigger_ui.py
[2024-05-01T23:51:44.728-0500] {processor.py:830} INFO - Processing file /Users/nestoralfaro/Desktop/pbi-scenario-two/py_env/lib/python3.9/site-packages/airflow/example_dags/example_params_trigger_ui.py for tasks to queue
[2024-05-01T23:51:44.728-0500] {logging_mixin.py:188} INFO - [2024-05-01T23:51:44.728-0500] {dagbag.py:540} INFO - Filling up the DagBag from /Users/nestoralfaro/Desktop/pbi-scenario-two/py_env/lib/python3.9/site-packages/airflow/example_dags/example_params_trigger_ui.py
[2024-05-01T23:51:44.747-0500] {processor.py:840} INFO - DAG(s) 'example_params_trigger_ui' retrieved from /Users/nestoralfaro/Desktop/pbi-scenario-two/py_env/lib/python3.9/site-packages/airflow/example_dags/example_params_trigger_ui.py
[2024-05-01T23:51:44.799-0500] {logging_mixin.py:188} INFO - [2024-05-01T23:51:44.799-0500] {dag.py:3096} INFO - Sync 1 DAGs
[2024-05-01T23:51:44.826-0500] {logging_mixin.py:188} INFO - [2024-05-01T23:51:44.826-0500] {dag.py:3954} INFO - Setting next_dagrun for example_params_trigger_ui to None, run_after=None
[2024-05-01T23:51:44.834-0500] {processor.py:183} INFO - Processing /Users/nestoralfaro/Desktop/pbi-scenario-two/py_env/lib/python3.9/site-packages/airflow/example_dags/example_params_trigger_ui.py took 0.108 seconds
[2024-05-01T23:53:42.131-0500] {processor.py:161} INFO - Started process (PID=35724) to work on /Users/nestoralfaro/Desktop/pbi-scenario-two/py_env/lib/python3.9/site-packages/airflow/example_dags/example_params_trigger_ui.py
[2024-05-01T23:53:42.132-0500] {processor.py:830} INFO - Processing file /Users/nestoralfaro/Desktop/pbi-scenario-two/py_env/lib/python3.9/site-packages/airflow/example_dags/example_params_trigger_ui.py for tasks to queue
[2024-05-01T23:53:42.133-0500] {logging_mixin.py:188} INFO - [2024-05-01T23:53:42.133-0500] {dagbag.py:540} INFO - Filling up the DagBag from /Users/nestoralfaro/Desktop/pbi-scenario-two/py_env/lib/python3.9/site-packages/airflow/example_dags/example_params_trigger_ui.py
[2024-05-01T23:53:42.151-0500] {processor.py:840} INFO - DAG(s) 'example_params_trigger_ui' retrieved from /Users/nestoralfaro/Desktop/pbi-scenario-two/py_env/lib/python3.9/site-packages/airflow/example_dags/example_params_trigger_ui.py
[2024-05-01T23:53:42.204-0500] {logging_mixin.py:188} INFO - [2024-05-01T23:53:42.204-0500] {dag.py:3096} INFO - Sync 1 DAGs
[2024-05-01T23:53:42.234-0500] {logging_mixin.py:188} INFO - [2024-05-01T23:53:42.234-0500] {dag.py:3954} INFO - Setting next_dagrun for example_params_trigger_ui to None, run_after=None
[2024-05-01T23:53:42.243-0500] {processor.py:183} INFO - Processing /Users/nestoralfaro/Desktop/pbi-scenario-two/py_env/lib/python3.9/site-packages/airflow/example_dags/example_params_trigger_ui.py took 0.113 seconds
[2024-05-01T23:55:36.379-0500] {processor.py:161} INFO - Started process (PID=35793) to work on /Users/nestoralfaro/Desktop/pbi-scenario-two/py_env/lib/python3.9/site-packages/airflow/example_dags/example_params_trigger_ui.py
[2024-05-01T23:55:36.380-0500] {processor.py:830} INFO - Processing file /Users/nestoralfaro/Desktop/pbi-scenario-two/py_env/lib/python3.9/site-packages/airflow/example_dags/example_params_trigger_ui.py for tasks to queue
[2024-05-01T23:55:36.381-0500] {logging_mixin.py:188} INFO - [2024-05-01T23:55:36.381-0500] {dagbag.py:540} INFO - Filling up the DagBag from /Users/nestoralfaro/Desktop/pbi-scenario-two/py_env/lib/python3.9/site-packages/airflow/example_dags/example_params_trigger_ui.py
[2024-05-01T23:55:36.398-0500] {processor.py:840} INFO - DAG(s) 'example_params_trigger_ui' retrieved from /Users/nestoralfaro/Desktop/pbi-scenario-two/py_env/lib/python3.9/site-packages/airflow/example_dags/example_params_trigger_ui.py
[2024-05-01T23:55:36.448-0500] {logging_mixin.py:188} INFO - [2024-05-01T23:55:36.448-0500] {dag.py:3096} INFO - Sync 1 DAGs
[2024-05-01T23:55:36.474-0500] {logging_mixin.py:188} INFO - [2024-05-01T23:55:36.474-0500] {dag.py:3954} INFO - Setting next_dagrun for example_params_trigger_ui to None, run_after=None
[2024-05-01T23:55:36.481-0500] {processor.py:183} INFO - Processing /Users/nestoralfaro/Desktop/pbi-scenario-two/py_env/lib/python3.9/site-packages/airflow/example_dags/example_params_trigger_ui.py took 0.103 seconds
[2024-05-01T23:57:26.845-0500] {processor.py:161} INFO - Started process (PID=35861) to work on /Users/nestoralfaro/Desktop/pbi-scenario-two/py_env/lib/python3.9/site-packages/airflow/example_dags/example_params_trigger_ui.py
[2024-05-01T23:57:26.846-0500] {processor.py:830} INFO - Processing file /Users/nestoralfaro/Desktop/pbi-scenario-two/py_env/lib/python3.9/site-packages/airflow/example_dags/example_params_trigger_ui.py for tasks to queue
[2024-05-01T23:57:26.846-0500] {logging_mixin.py:188} INFO - [2024-05-01T23:57:26.846-0500] {dagbag.py:540} INFO - Filling up the DagBag from /Users/nestoralfaro/Desktop/pbi-scenario-two/py_env/lib/python3.9/site-packages/airflow/example_dags/example_params_trigger_ui.py
[2024-05-01T23:57:26.865-0500] {processor.py:840} INFO - DAG(s) 'example_params_trigger_ui' retrieved from /Users/nestoralfaro/Desktop/pbi-scenario-two/py_env/lib/python3.9/site-packages/airflow/example_dags/example_params_trigger_ui.py
[2024-05-01T23:57:26.916-0500] {logging_mixin.py:188} INFO - [2024-05-01T23:57:26.916-0500] {dag.py:3096} INFO - Sync 1 DAGs
[2024-05-01T23:57:26.944-0500] {logging_mixin.py:188} INFO - [2024-05-01T23:57:26.944-0500] {dag.py:3954} INFO - Setting next_dagrun for example_params_trigger_ui to None, run_after=None
[2024-05-01T23:57:26.951-0500] {processor.py:183} INFO - Processing /Users/nestoralfaro/Desktop/pbi-scenario-two/py_env/lib/python3.9/site-packages/airflow/example_dags/example_params_trigger_ui.py took 0.107 seconds
[2024-05-01T23:59:19.228-0500] {processor.py:161} INFO - Started process (PID=35931) to work on /Users/nestoralfaro/Desktop/pbi-scenario-two/py_env/lib/python3.9/site-packages/airflow/example_dags/example_params_trigger_ui.py
[2024-05-01T23:59:19.229-0500] {processor.py:830} INFO - Processing file /Users/nestoralfaro/Desktop/pbi-scenario-two/py_env/lib/python3.9/site-packages/airflow/example_dags/example_params_trigger_ui.py for tasks to queue
[2024-05-01T23:59:19.229-0500] {logging_mixin.py:188} INFO - [2024-05-01T23:59:19.229-0500] {dagbag.py:540} INFO - Filling up the DagBag from /Users/nestoralfaro/Desktop/pbi-scenario-two/py_env/lib/python3.9/site-packages/airflow/example_dags/example_params_trigger_ui.py
[2024-05-01T23:59:19.247-0500] {processor.py:840} INFO - DAG(s) 'example_params_trigger_ui' retrieved from /Users/nestoralfaro/Desktop/pbi-scenario-two/py_env/lib/python3.9/site-packages/airflow/example_dags/example_params_trigger_ui.py
[2024-05-01T23:59:19.298-0500] {logging_mixin.py:188} INFO - [2024-05-01T23:59:19.298-0500] {dag.py:3096} INFO - Sync 1 DAGs
[2024-05-01T23:59:19.325-0500] {logging_mixin.py:188} INFO - [2024-05-01T23:59:19.324-0500] {dag.py:3954} INFO - Setting next_dagrun for example_params_trigger_ui to None, run_after=None
[2024-05-01T23:59:19.332-0500] {processor.py:183} INFO - Processing /Users/nestoralfaro/Desktop/pbi-scenario-two/py_env/lib/python3.9/site-packages/airflow/example_dags/example_params_trigger_ui.py took 0.105 seconds
[2024-05-02T00:01:10.047-0500] {processor.py:161} INFO - Started process (PID=36025) to work on /Users/nestoralfaro/Desktop/pbi-scenario-two/py_env/lib/python3.9/site-packages/airflow/example_dags/example_params_trigger_ui.py
[2024-05-02T00:01:10.049-0500] {processor.py:830} INFO - Processing file /Users/nestoralfaro/Desktop/pbi-scenario-two/py_env/lib/python3.9/site-packages/airflow/example_dags/example_params_trigger_ui.py for tasks to queue
[2024-05-02T00:01:10.049-0500] {logging_mixin.py:188} INFO - [2024-05-02T00:01:10.049-0500] {dagbag.py:540} INFO - Filling up the DagBag from /Users/nestoralfaro/Desktop/pbi-scenario-two/py_env/lib/python3.9/site-packages/airflow/example_dags/example_params_trigger_ui.py
[2024-05-02T00:01:10.069-0500] {processor.py:840} INFO - DAG(s) 'example_params_trigger_ui' retrieved from /Users/nestoralfaro/Desktop/pbi-scenario-two/py_env/lib/python3.9/site-packages/airflow/example_dags/example_params_trigger_ui.py
[2024-05-02T00:01:10.124-0500] {logging_mixin.py:188} INFO - [2024-05-02T00:01:10.124-0500] {dag.py:3096} INFO - Sync 1 DAGs
[2024-05-02T00:01:10.155-0500] {logging_mixin.py:188} INFO - [2024-05-02T00:01:10.155-0500] {dag.py:3954} INFO - Setting next_dagrun for example_params_trigger_ui to None, run_after=None
[2024-05-02T00:01:10.164-0500] {processor.py:183} INFO - Processing /Users/nestoralfaro/Desktop/pbi-scenario-two/py_env/lib/python3.9/site-packages/airflow/example_dags/example_params_trigger_ui.py took 0.119 seconds
[2024-05-02T00:03:08.503-0500] {processor.py:161} INFO - Started process (PID=36108) to work on /Users/nestoralfaro/Desktop/pbi-scenario-two/py_env/lib/python3.9/site-packages/airflow/example_dags/example_params_trigger_ui.py
[2024-05-02T00:03:08.505-0500] {processor.py:830} INFO - Processing file /Users/nestoralfaro/Desktop/pbi-scenario-two/py_env/lib/python3.9/site-packages/airflow/example_dags/example_params_trigger_ui.py for tasks to queue
[2024-05-02T00:03:08.505-0500] {logging_mixin.py:188} INFO - [2024-05-02T00:03:08.505-0500] {dagbag.py:540} INFO - Filling up the DagBag from /Users/nestoralfaro/Desktop/pbi-scenario-two/py_env/lib/python3.9/site-packages/airflow/example_dags/example_params_trigger_ui.py
[2024-05-02T00:03:08.523-0500] {processor.py:840} INFO - DAG(s) 'example_params_trigger_ui' retrieved from /Users/nestoralfaro/Desktop/pbi-scenario-two/py_env/lib/python3.9/site-packages/airflow/example_dags/example_params_trigger_ui.py
[2024-05-02T00:03:08.574-0500] {logging_mixin.py:188} INFO - [2024-05-02T00:03:08.574-0500] {dag.py:3096} INFO - Sync 1 DAGs
[2024-05-02T00:03:08.606-0500] {logging_mixin.py:188} INFO - [2024-05-02T00:03:08.606-0500] {dag.py:3954} INFO - Setting next_dagrun for example_params_trigger_ui to None, run_after=None
[2024-05-02T00:03:08.614-0500] {processor.py:183} INFO - Processing /Users/nestoralfaro/Desktop/pbi-scenario-two/py_env/lib/python3.9/site-packages/airflow/example_dags/example_params_trigger_ui.py took 0.112 seconds
[2024-05-02T00:05:01.923-0500] {processor.py:161} INFO - Started process (PID=36185) to work on /Users/nestoralfaro/Desktop/pbi-scenario-two/py_env/lib/python3.9/site-packages/airflow/example_dags/example_params_trigger_ui.py
[2024-05-02T00:05:01.925-0500] {processor.py:830} INFO - Processing file /Users/nestoralfaro/Desktop/pbi-scenario-two/py_env/lib/python3.9/site-packages/airflow/example_dags/example_params_trigger_ui.py for tasks to queue
[2024-05-02T00:05:01.926-0500] {logging_mixin.py:188} INFO - [2024-05-02T00:05:01.926-0500] {dagbag.py:540} INFO - Filling up the DagBag from /Users/nestoralfaro/Desktop/pbi-scenario-two/py_env/lib/python3.9/site-packages/airflow/example_dags/example_params_trigger_ui.py
[2024-05-02T00:05:01.944-0500] {processor.py:840} INFO - DAG(s) 'example_params_trigger_ui' retrieved from /Users/nestoralfaro/Desktop/pbi-scenario-two/py_env/lib/python3.9/site-packages/airflow/example_dags/example_params_trigger_ui.py
[2024-05-02T00:05:01.995-0500] {logging_mixin.py:188} INFO - [2024-05-02T00:05:01.995-0500] {dag.py:3096} INFO - Sync 1 DAGs
[2024-05-02T00:05:02.024-0500] {logging_mixin.py:188} INFO - [2024-05-02T00:05:02.024-0500] {dag.py:3954} INFO - Setting next_dagrun for example_params_trigger_ui to None, run_after=None
[2024-05-02T00:05:02.031-0500] {processor.py:183} INFO - Processing /Users/nestoralfaro/Desktop/pbi-scenario-two/py_env/lib/python3.9/site-packages/airflow/example_dags/example_params_trigger_ui.py took 0.109 seconds
[2024-05-02T00:06:54.077-0500] {processor.py:161} INFO - Started process (PID=36273) to work on /Users/nestoralfaro/Desktop/pbi-scenario-two/py_env/lib/python3.9/site-packages/airflow/example_dags/example_params_trigger_ui.py
[2024-05-02T00:06:54.079-0500] {processor.py:830} INFO - Processing file /Users/nestoralfaro/Desktop/pbi-scenario-two/py_env/lib/python3.9/site-packages/airflow/example_dags/example_params_trigger_ui.py for tasks to queue
[2024-05-02T00:06:54.080-0500] {logging_mixin.py:188} INFO - [2024-05-02T00:06:54.080-0500] {dagbag.py:540} INFO - Filling up the DagBag from /Users/nestoralfaro/Desktop/pbi-scenario-two/py_env/lib/python3.9/site-packages/airflow/example_dags/example_params_trigger_ui.py
[2024-05-02T00:06:54.098-0500] {processor.py:840} INFO - DAG(s) 'example_params_trigger_ui' retrieved from /Users/nestoralfaro/Desktop/pbi-scenario-two/py_env/lib/python3.9/site-packages/airflow/example_dags/example_params_trigger_ui.py
[2024-05-02T00:06:54.148-0500] {logging_mixin.py:188} INFO - [2024-05-02T00:06:54.148-0500] {dag.py:3096} INFO - Sync 1 DAGs
[2024-05-02T00:06:54.174-0500] {logging_mixin.py:188} INFO - [2024-05-02T00:06:54.174-0500] {dag.py:3954} INFO - Setting next_dagrun for example_params_trigger_ui to None, run_after=None
[2024-05-02T00:06:54.181-0500] {processor.py:183} INFO - Processing /Users/nestoralfaro/Desktop/pbi-scenario-two/py_env/lib/python3.9/site-packages/airflow/example_dags/example_params_trigger_ui.py took 0.105 seconds
[2024-05-02T00:08:43.269-0500] {processor.py:161} INFO - Started process (PID=36340) to work on /Users/nestoralfaro/Desktop/pbi-scenario-two/py_env/lib/python3.9/site-packages/airflow/example_dags/example_params_trigger_ui.py
[2024-05-02T00:08:43.271-0500] {processor.py:830} INFO - Processing file /Users/nestoralfaro/Desktop/pbi-scenario-two/py_env/lib/python3.9/site-packages/airflow/example_dags/example_params_trigger_ui.py for tasks to queue
[2024-05-02T00:08:43.271-0500] {logging_mixin.py:188} INFO - [2024-05-02T00:08:43.271-0500] {dagbag.py:540} INFO - Filling up the DagBag from /Users/nestoralfaro/Desktop/pbi-scenario-two/py_env/lib/python3.9/site-packages/airflow/example_dags/example_params_trigger_ui.py
[2024-05-02T00:08:43.289-0500] {processor.py:840} INFO - DAG(s) 'example_params_trigger_ui' retrieved from /Users/nestoralfaro/Desktop/pbi-scenario-two/py_env/lib/python3.9/site-packages/airflow/example_dags/example_params_trigger_ui.py
[2024-05-02T00:08:43.343-0500] {logging_mixin.py:188} INFO - [2024-05-02T00:08:43.342-0500] {dag.py:3096} INFO - Sync 1 DAGs
[2024-05-02T00:08:43.371-0500] {logging_mixin.py:188} INFO - [2024-05-02T00:08:43.371-0500] {dag.py:3954} INFO - Setting next_dagrun for example_params_trigger_ui to None, run_after=None
[2024-05-02T00:08:43.378-0500] {processor.py:183} INFO - Processing /Users/nestoralfaro/Desktop/pbi-scenario-two/py_env/lib/python3.9/site-packages/airflow/example_dags/example_params_trigger_ui.py took 0.110 seconds
[2024-05-02T00:11:47.850-0500] {processor.py:161} INFO - Started process (PID=36468) to work on /Users/nestoralfaro/Desktop/pbi-scenario-two/py_env/lib/python3.9/site-packages/airflow/example_dags/example_params_trigger_ui.py
[2024-05-02T00:11:47.852-0500] {processor.py:830} INFO - Processing file /Users/nestoralfaro/Desktop/pbi-scenario-two/py_env/lib/python3.9/site-packages/airflow/example_dags/example_params_trigger_ui.py for tasks to queue
[2024-05-02T00:11:47.852-0500] {logging_mixin.py:188} INFO - [2024-05-02T00:11:47.852-0500] {dagbag.py:540} INFO - Filling up the DagBag from /Users/nestoralfaro/Desktop/pbi-scenario-two/py_env/lib/python3.9/site-packages/airflow/example_dags/example_params_trigger_ui.py
[2024-05-02T00:11:47.870-0500] {processor.py:840} INFO - DAG(s) 'example_params_trigger_ui' retrieved from /Users/nestoralfaro/Desktop/pbi-scenario-two/py_env/lib/python3.9/site-packages/airflow/example_dags/example_params_trigger_ui.py
[2024-05-02T00:11:47.920-0500] {logging_mixin.py:188} INFO - [2024-05-02T00:11:47.920-0500] {dag.py:3096} INFO - Sync 1 DAGs
[2024-05-02T00:11:47.947-0500] {logging_mixin.py:188} INFO - [2024-05-02T00:11:47.947-0500] {dag.py:3954} INFO - Setting next_dagrun for example_params_trigger_ui to None, run_after=None
[2024-05-02T00:11:47.954-0500] {processor.py:183} INFO - Processing /Users/nestoralfaro/Desktop/pbi-scenario-two/py_env/lib/python3.9/site-packages/airflow/example_dags/example_params_trigger_ui.py took 0.105 seconds
[2024-05-02T00:13:15.288-0500] {processor.py:161} INFO - Started process (PID=36535) to work on /Users/nestoralfaro/Desktop/pbi-scenario-two/py_env/lib/python3.9/site-packages/airflow/example_dags/example_params_trigger_ui.py
[2024-05-02T00:13:15.290-0500] {processor.py:830} INFO - Processing file /Users/nestoralfaro/Desktop/pbi-scenario-two/py_env/lib/python3.9/site-packages/airflow/example_dags/example_params_trigger_ui.py for tasks to queue
[2024-05-02T00:13:15.291-0500] {logging_mixin.py:188} INFO - [2024-05-02T00:13:15.290-0500] {dagbag.py:540} INFO - Filling up the DagBag from /Users/nestoralfaro/Desktop/pbi-scenario-two/py_env/lib/python3.9/site-packages/airflow/example_dags/example_params_trigger_ui.py
[2024-05-02T00:13:15.309-0500] {processor.py:840} INFO - DAG(s) 'example_params_trigger_ui' retrieved from /Users/nestoralfaro/Desktop/pbi-scenario-two/py_env/lib/python3.9/site-packages/airflow/example_dags/example_params_trigger_ui.py
[2024-05-02T00:13:15.359-0500] {logging_mixin.py:188} INFO - [2024-05-02T00:13:15.359-0500] {dag.py:3096} INFO - Sync 1 DAGs
[2024-05-02T00:13:15.386-0500] {logging_mixin.py:188} INFO - [2024-05-02T00:13:15.385-0500] {dag.py:3954} INFO - Setting next_dagrun for example_params_trigger_ui to None, run_after=None
[2024-05-02T00:13:15.393-0500] {processor.py:183} INFO - Processing /Users/nestoralfaro/Desktop/pbi-scenario-two/py_env/lib/python3.9/site-packages/airflow/example_dags/example_params_trigger_ui.py took 0.106 seconds
[2024-05-02T00:15:41.104-0500] {processor.py:161} INFO - Started process (PID=36632) to work on /Users/nestoralfaro/Desktop/pbi-scenario-two/py_env/lib/python3.9/site-packages/airflow/example_dags/example_params_trigger_ui.py
[2024-05-02T00:15:41.105-0500] {processor.py:830} INFO - Processing file /Users/nestoralfaro/Desktop/pbi-scenario-two/py_env/lib/python3.9/site-packages/airflow/example_dags/example_params_trigger_ui.py for tasks to queue
[2024-05-02T00:15:41.106-0500] {logging_mixin.py:188} INFO - [2024-05-02T00:15:41.106-0500] {dagbag.py:540} INFO - Filling up the DagBag from /Users/nestoralfaro/Desktop/pbi-scenario-two/py_env/lib/python3.9/site-packages/airflow/example_dags/example_params_trigger_ui.py
[2024-05-02T00:15:41.125-0500] {processor.py:840} INFO - DAG(s) 'example_params_trigger_ui' retrieved from /Users/nestoralfaro/Desktop/pbi-scenario-two/py_env/lib/python3.9/site-packages/airflow/example_dags/example_params_trigger_ui.py
[2024-05-02T00:15:41.179-0500] {logging_mixin.py:188} INFO - [2024-05-02T00:15:41.179-0500] {dag.py:3096} INFO - Sync 1 DAGs
[2024-05-02T00:15:41.208-0500] {logging_mixin.py:188} INFO - [2024-05-02T00:15:41.208-0500] {dag.py:3954} INFO - Setting next_dagrun for example_params_trigger_ui to None, run_after=None
[2024-05-02T00:15:41.217-0500] {processor.py:183} INFO - Processing /Users/nestoralfaro/Desktop/pbi-scenario-two/py_env/lib/python3.9/site-packages/airflow/example_dags/example_params_trigger_ui.py took 0.114 seconds
[2024-05-02T00:17:09.788-0500] {processor.py:161} INFO - Started process (PID=36691) to work on /Users/nestoralfaro/Desktop/pbi-scenario-two/py_env/lib/python3.9/site-packages/airflow/example_dags/example_params_trigger_ui.py
[2024-05-02T00:17:09.790-0500] {processor.py:830} INFO - Processing file /Users/nestoralfaro/Desktop/pbi-scenario-two/py_env/lib/python3.9/site-packages/airflow/example_dags/example_params_trigger_ui.py for tasks to queue
[2024-05-02T00:17:09.790-0500] {logging_mixin.py:188} INFO - [2024-05-02T00:17:09.790-0500] {dagbag.py:540} INFO - Filling up the DagBag from /Users/nestoralfaro/Desktop/pbi-scenario-two/py_env/lib/python3.9/site-packages/airflow/example_dags/example_params_trigger_ui.py
[2024-05-02T00:17:09.809-0500] {processor.py:840} INFO - DAG(s) 'example_params_trigger_ui' retrieved from /Users/nestoralfaro/Desktop/pbi-scenario-two/py_env/lib/python3.9/site-packages/airflow/example_dags/example_params_trigger_ui.py
[2024-05-02T00:17:09.865-0500] {logging_mixin.py:188} INFO - [2024-05-02T00:17:09.864-0500] {dag.py:3096} INFO - Sync 1 DAGs
[2024-05-02T00:17:09.896-0500] {logging_mixin.py:188} INFO - [2024-05-02T00:17:09.896-0500] {dag.py:3954} INFO - Setting next_dagrun for example_params_trigger_ui to None, run_after=None
[2024-05-02T00:17:09.904-0500] {processor.py:183} INFO - Processing /Users/nestoralfaro/Desktop/pbi-scenario-two/py_env/lib/python3.9/site-packages/airflow/example_dags/example_params_trigger_ui.py took 0.118 seconds
[2024-05-02T00:19:05.590-0500] {processor.py:161} INFO - Started process (PID=36784) to work on /Users/nestoralfaro/Desktop/pbi-scenario-two/py_env/lib/python3.9/site-packages/airflow/example_dags/example_params_trigger_ui.py
[2024-05-02T00:19:05.593-0500] {processor.py:830} INFO - Processing file /Users/nestoralfaro/Desktop/pbi-scenario-two/py_env/lib/python3.9/site-packages/airflow/example_dags/example_params_trigger_ui.py for tasks to queue
[2024-05-02T00:19:05.593-0500] {logging_mixin.py:188} INFO - [2024-05-02T00:19:05.593-0500] {dagbag.py:540} INFO - Filling up the DagBag from /Users/nestoralfaro/Desktop/pbi-scenario-two/py_env/lib/python3.9/site-packages/airflow/example_dags/example_params_trigger_ui.py
[2024-05-02T00:19:05.610-0500] {processor.py:840} INFO - DAG(s) 'example_params_trigger_ui' retrieved from /Users/nestoralfaro/Desktop/pbi-scenario-two/py_env/lib/python3.9/site-packages/airflow/example_dags/example_params_trigger_ui.py
[2024-05-02T00:19:05.659-0500] {logging_mixin.py:188} INFO - [2024-05-02T00:19:05.659-0500] {dag.py:3096} INFO - Sync 1 DAGs
[2024-05-02T00:19:05.687-0500] {logging_mixin.py:188} INFO - [2024-05-02T00:19:05.686-0500] {dag.py:3954} INFO - Setting next_dagrun for example_params_trigger_ui to None, run_after=None
[2024-05-02T00:19:05.694-0500] {processor.py:183} INFO - Processing /Users/nestoralfaro/Desktop/pbi-scenario-two/py_env/lib/python3.9/site-packages/airflow/example_dags/example_params_trigger_ui.py took 0.105 seconds
[2024-05-02T00:20:59.806-0500] {processor.py:161} INFO - Started process (PID=36872) to work on /Users/nestoralfaro/Desktop/pbi-scenario-two/py_env/lib/python3.9/site-packages/airflow/example_dags/example_params_trigger_ui.py
[2024-05-02T00:20:59.807-0500] {processor.py:830} INFO - Processing file /Users/nestoralfaro/Desktop/pbi-scenario-two/py_env/lib/python3.9/site-packages/airflow/example_dags/example_params_trigger_ui.py for tasks to queue
[2024-05-02T00:20:59.808-0500] {logging_mixin.py:188} INFO - [2024-05-02T00:20:59.808-0500] {dagbag.py:540} INFO - Filling up the DagBag from /Users/nestoralfaro/Desktop/pbi-scenario-two/py_env/lib/python3.9/site-packages/airflow/example_dags/example_params_trigger_ui.py
[2024-05-02T00:20:59.826-0500] {processor.py:840} INFO - DAG(s) 'example_params_trigger_ui' retrieved from /Users/nestoralfaro/Desktop/pbi-scenario-two/py_env/lib/python3.9/site-packages/airflow/example_dags/example_params_trigger_ui.py
[2024-05-02T00:20:59.879-0500] {logging_mixin.py:188} INFO - [2024-05-02T00:20:59.879-0500] {dag.py:3096} INFO - Sync 1 DAGs
[2024-05-02T00:20:59.907-0500] {logging_mixin.py:188} INFO - [2024-05-02T00:20:59.907-0500] {dag.py:3954} INFO - Setting next_dagrun for example_params_trigger_ui to None, run_after=None
[2024-05-02T00:20:59.915-0500] {processor.py:183} INFO - Processing /Users/nestoralfaro/Desktop/pbi-scenario-two/py_env/lib/python3.9/site-packages/airflow/example_dags/example_params_trigger_ui.py took 0.110 seconds
[2024-05-02T00:22:55.939-0500] {processor.py:161} INFO - Started process (PID=36984) to work on /Users/nestoralfaro/Desktop/pbi-scenario-two/py_env/lib/python3.9/site-packages/airflow/example_dags/example_params_trigger_ui.py
[2024-05-02T00:22:55.941-0500] {processor.py:830} INFO - Processing file /Users/nestoralfaro/Desktop/pbi-scenario-two/py_env/lib/python3.9/site-packages/airflow/example_dags/example_params_trigger_ui.py for tasks to queue
[2024-05-02T00:22:55.941-0500] {logging_mixin.py:188} INFO - [2024-05-02T00:22:55.941-0500] {dagbag.py:540} INFO - Filling up the DagBag from /Users/nestoralfaro/Desktop/pbi-scenario-two/py_env/lib/python3.9/site-packages/airflow/example_dags/example_params_trigger_ui.py
[2024-05-02T00:22:55.960-0500] {processor.py:840} INFO - DAG(s) 'example_params_trigger_ui' retrieved from /Users/nestoralfaro/Desktop/pbi-scenario-two/py_env/lib/python3.9/site-packages/airflow/example_dags/example_params_trigger_ui.py
[2024-05-02T00:22:56.013-0500] {logging_mixin.py:188} INFO - [2024-05-02T00:22:56.013-0500] {dag.py:3096} INFO - Sync 1 DAGs
[2024-05-02T00:22:56.043-0500] {logging_mixin.py:188} INFO - [2024-05-02T00:22:56.043-0500] {dag.py:3954} INFO - Setting next_dagrun for example_params_trigger_ui to None, run_after=None
[2024-05-02T00:22:56.052-0500] {processor.py:183} INFO - Processing /Users/nestoralfaro/Desktop/pbi-scenario-two/py_env/lib/python3.9/site-packages/airflow/example_dags/example_params_trigger_ui.py took 0.115 seconds
