[2024-05-01T23:30:17.819-0500] {processor.py:161} INFO - Started process (PID=34742) to work on /Users/nestoralfaro/Desktop/pbi-scenario-two/py_env/lib/python3.9/site-packages/airflow/example_dags/example_xcomargs.py
[2024-05-01T23:30:17.821-0500] {processor.py:830} INFO - Processing file /Users/nestoralfaro/Desktop/pbi-scenario-two/py_env/lib/python3.9/site-packages/airflow/example_dags/example_xcomargs.py for tasks to queue
[2024-05-01T23:30:17.821-0500] {logging_mixin.py:188} INFO - [2024-05-01T23:30:17.821-0500] {dagbag.py:540} INFO - Filling up the DagBag from /Users/nestoralfaro/Desktop/pbi-scenario-two/py_env/lib/python3.9/site-packages/airflow/example_dags/example_xcomargs.py
[2024-05-01T23:30:17.841-0500] {processor.py:840} INFO - DAG(s) 'example_xcom_args', 'example_xcom_args_with_operators' retrieved from /Users/nestoralfaro/Desktop/pbi-scenario-two/py_env/lib/python3.9/site-packages/airflow/example_dags/example_xcomargs.py
[2024-05-01T23:30:17.964-0500] {logging_mixin.py:188} INFO - [2024-05-01T23:30:17.964-0500] {dag.py:3096} INFO - Sync 2 DAGs
[2024-05-01T23:30:17.968-0500] {logging_mixin.py:188} INFO - [2024-05-01T23:30:17.968-0500] {dag.py:3954} INFO - Setting next_dagrun for example_xcom_args to None, run_after=None
[2024-05-01T23:30:17.969-0500] {logging_mixin.py:188} INFO - [2024-05-01T23:30:17.969-0500] {dag.py:3954} INFO - Setting next_dagrun for example_xcom_args_with_operators to None, run_after=None
[2024-05-01T23:30:17.982-0500] {processor.py:183} INFO - Processing /Users/nestoralfaro/Desktop/pbi-scenario-two/py_env/lib/python3.9/site-packages/airflow/example_dags/example_xcomargs.py took 0.168 seconds
[2024-05-01T23:31:45.990-0500] {processor.py:161} INFO - Started process (PID=34798) to work on /Users/nestoralfaro/Desktop/pbi-scenario-two/py_env/lib/python3.9/site-packages/airflow/example_dags/example_xcomargs.py
[2024-05-01T23:31:45.992-0500] {processor.py:830} INFO - Processing file /Users/nestoralfaro/Desktop/pbi-scenario-two/py_env/lib/python3.9/site-packages/airflow/example_dags/example_xcomargs.py for tasks to queue
[2024-05-01T23:31:45.992-0500] {logging_mixin.py:188} INFO - [2024-05-01T23:31:45.992-0500] {dagbag.py:540} INFO - Filling up the DagBag from /Users/nestoralfaro/Desktop/pbi-scenario-two/py_env/lib/python3.9/site-packages/airflow/example_dags/example_xcomargs.py
[2024-05-01T23:31:46.009-0500] {processor.py:840} INFO - DAG(s) 'example_xcom_args_with_operators', 'example_xcom_args' retrieved from /Users/nestoralfaro/Desktop/pbi-scenario-two/py_env/lib/python3.9/site-packages/airflow/example_dags/example_xcomargs.py
[2024-05-01T23:31:46.051-0500] {logging_mixin.py:188} INFO - [2024-05-01T23:31:46.051-0500] {dag.py:3096} INFO - Sync 2 DAGs
[2024-05-01T23:31:46.079-0500] {logging_mixin.py:188} INFO - [2024-05-01T23:31:46.078-0500] {dag.py:3954} INFO - Setting next_dagrun for example_xcom_args to None, run_after=None
[2024-05-01T23:31:46.080-0500] {logging_mixin.py:188} INFO - [2024-05-01T23:31:46.080-0500] {dag.py:3954} INFO - Setting next_dagrun for example_xcom_args_with_operators to None, run_after=None
[2024-05-01T23:31:46.086-0500] {processor.py:183} INFO - Processing /Users/nestoralfaro/Desktop/pbi-scenario-two/py_env/lib/python3.9/site-packages/airflow/example_dags/example_xcomargs.py took 0.098 seconds
[2024-05-01T23:32:51.273-0500] {processor.py:161} INFO - Started process (PID=34855) to work on /Users/nestoralfaro/Desktop/pbi-scenario-two/py_env/lib/python3.9/site-packages/airflow/example_dags/example_xcomargs.py
[2024-05-01T23:32:51.274-0500] {processor.py:830} INFO - Processing file /Users/nestoralfaro/Desktop/pbi-scenario-two/py_env/lib/python3.9/site-packages/airflow/example_dags/example_xcomargs.py for tasks to queue
[2024-05-01T23:32:51.274-0500] {logging_mixin.py:188} INFO - [2024-05-01T23:32:51.274-0500] {dagbag.py:540} INFO - Filling up the DagBag from /Users/nestoralfaro/Desktop/pbi-scenario-two/py_env/lib/python3.9/site-packages/airflow/example_dags/example_xcomargs.py
[2024-05-01T23:32:51.292-0500] {processor.py:840} INFO - DAG(s) 'example_xcom_args', 'example_xcom_args_with_operators' retrieved from /Users/nestoralfaro/Desktop/pbi-scenario-two/py_env/lib/python3.9/site-packages/airflow/example_dags/example_xcomargs.py
[2024-05-01T23:32:51.334-0500] {logging_mixin.py:188} INFO - [2024-05-01T23:32:51.334-0500] {dag.py:3096} INFO - Sync 2 DAGs
[2024-05-01T23:32:51.362-0500] {logging_mixin.py:188} INFO - [2024-05-01T23:32:51.362-0500] {dag.py:3954} INFO - Setting next_dagrun for example_xcom_args to None, run_after=None
[2024-05-01T23:32:51.364-0500] {logging_mixin.py:188} INFO - [2024-05-01T23:32:51.364-0500] {dag.py:3954} INFO - Setting next_dagrun for example_xcom_args_with_operators to None, run_after=None
[2024-05-01T23:32:51.370-0500] {processor.py:183} INFO - Processing /Users/nestoralfaro/Desktop/pbi-scenario-two/py_env/lib/python3.9/site-packages/airflow/example_dags/example_xcomargs.py took 0.098 seconds
[2024-05-01T23:33:54.627-0500] {processor.py:161} INFO - Started process (PID=34905) to work on /Users/nestoralfaro/Desktop/pbi-scenario-two/py_env/lib/python3.9/site-packages/airflow/example_dags/example_xcomargs.py
[2024-05-01T23:33:54.629-0500] {processor.py:830} INFO - Processing file /Users/nestoralfaro/Desktop/pbi-scenario-two/py_env/lib/python3.9/site-packages/airflow/example_dags/example_xcomargs.py for tasks to queue
[2024-05-01T23:33:54.630-0500] {logging_mixin.py:188} INFO - [2024-05-01T23:33:54.630-0500] {dagbag.py:540} INFO - Filling up the DagBag from /Users/nestoralfaro/Desktop/pbi-scenario-two/py_env/lib/python3.9/site-packages/airflow/example_dags/example_xcomargs.py
[2024-05-01T23:33:54.647-0500] {processor.py:840} INFO - DAG(s) 'example_xcom_args', 'example_xcom_args_with_operators' retrieved from /Users/nestoralfaro/Desktop/pbi-scenario-two/py_env/lib/python3.9/site-packages/airflow/example_dags/example_xcomargs.py
[2024-05-01T23:33:54.691-0500] {logging_mixin.py:188} INFO - [2024-05-01T23:33:54.691-0500] {dag.py:3096} INFO - Sync 2 DAGs
[2024-05-01T23:33:54.720-0500] {logging_mixin.py:188} INFO - [2024-05-01T23:33:54.720-0500] {dag.py:3954} INFO - Setting next_dagrun for example_xcom_args to None, run_after=None
[2024-05-01T23:33:54.721-0500] {logging_mixin.py:188} INFO - [2024-05-01T23:33:54.721-0500] {dag.py:3954} INFO - Setting next_dagrun for example_xcom_args_with_operators to None, run_after=None
[2024-05-01T23:33:54.728-0500] {processor.py:183} INFO - Processing /Users/nestoralfaro/Desktop/pbi-scenario-two/py_env/lib/python3.9/site-packages/airflow/example_dags/example_xcomargs.py took 0.102 seconds
[2024-05-01T23:34:54.420-0500] {processor.py:161} INFO - Started process (PID=34941) to work on /Users/nestoralfaro/Desktop/pbi-scenario-two/py_env/lib/python3.9/site-packages/airflow/example_dags/example_xcomargs.py
[2024-05-01T23:34:54.422-0500] {processor.py:830} INFO - Processing file /Users/nestoralfaro/Desktop/pbi-scenario-two/py_env/lib/python3.9/site-packages/airflow/example_dags/example_xcomargs.py for tasks to queue
[2024-05-01T23:34:54.422-0500] {logging_mixin.py:188} INFO - [2024-05-01T23:34:54.422-0500] {dagbag.py:540} INFO - Filling up the DagBag from /Users/nestoralfaro/Desktop/pbi-scenario-two/py_env/lib/python3.9/site-packages/airflow/example_dags/example_xcomargs.py
[2024-05-01T23:34:54.439-0500] {processor.py:840} INFO - DAG(s) 'example_xcom_args_with_operators', 'example_xcom_args' retrieved from /Users/nestoralfaro/Desktop/pbi-scenario-two/py_env/lib/python3.9/site-packages/airflow/example_dags/example_xcomargs.py
[2024-05-01T23:34:54.487-0500] {logging_mixin.py:188} INFO - [2024-05-01T23:34:54.486-0500] {dag.py:3096} INFO - Sync 2 DAGs
[2024-05-01T23:34:54.517-0500] {logging_mixin.py:188} INFO - [2024-05-01T23:34:54.517-0500] {dag.py:3954} INFO - Setting next_dagrun for example_xcom_args to None, run_after=None
[2024-05-01T23:34:54.518-0500] {logging_mixin.py:188} INFO - [2024-05-01T23:34:54.518-0500] {dag.py:3954} INFO - Setting next_dagrun for example_xcom_args_with_operators to None, run_after=None
[2024-05-01T23:34:54.526-0500] {processor.py:183} INFO - Processing /Users/nestoralfaro/Desktop/pbi-scenario-two/py_env/lib/python3.9/site-packages/airflow/example_dags/example_xcomargs.py took 0.107 seconds
[2024-05-01T23:35:51.358-0500] {processor.py:161} INFO - Started process (PID=34975) to work on /Users/nestoralfaro/Desktop/pbi-scenario-two/py_env/lib/python3.9/site-packages/airflow/example_dags/example_xcomargs.py
[2024-05-01T23:35:51.360-0500] {processor.py:830} INFO - Processing file /Users/nestoralfaro/Desktop/pbi-scenario-two/py_env/lib/python3.9/site-packages/airflow/example_dags/example_xcomargs.py for tasks to queue
[2024-05-01T23:35:51.360-0500] {logging_mixin.py:188} INFO - [2024-05-01T23:35:51.360-0500] {dagbag.py:540} INFO - Filling up the DagBag from /Users/nestoralfaro/Desktop/pbi-scenario-two/py_env/lib/python3.9/site-packages/airflow/example_dags/example_xcomargs.py
[2024-05-01T23:35:51.376-0500] {processor.py:840} INFO - DAG(s) 'example_xcom_args_with_operators', 'example_xcom_args' retrieved from /Users/nestoralfaro/Desktop/pbi-scenario-two/py_env/lib/python3.9/site-packages/airflow/example_dags/example_xcomargs.py
[2024-05-01T23:35:51.419-0500] {logging_mixin.py:188} INFO - [2024-05-01T23:35:51.419-0500] {dag.py:3096} INFO - Sync 2 DAGs
[2024-05-01T23:35:51.448-0500] {logging_mixin.py:188} INFO - [2024-05-01T23:35:51.447-0500] {dag.py:3954} INFO - Setting next_dagrun for example_xcom_args to None, run_after=None
[2024-05-01T23:35:51.449-0500] {logging_mixin.py:188} INFO - [2024-05-01T23:35:51.449-0500] {dag.py:3954} INFO - Setting next_dagrun for example_xcom_args_with_operators to None, run_after=None
[2024-05-01T23:35:51.455-0500] {processor.py:183} INFO - Processing /Users/nestoralfaro/Desktop/pbi-scenario-two/py_env/lib/python3.9/site-packages/airflow/example_dags/example_xcomargs.py took 0.099 seconds
[2024-05-01T23:36:47.182-0500] {processor.py:161} INFO - Started process (PID=35010) to work on /Users/nestoralfaro/Desktop/pbi-scenario-two/py_env/lib/python3.9/site-packages/airflow/example_dags/example_xcomargs.py
[2024-05-01T23:36:47.185-0500] {processor.py:830} INFO - Processing file /Users/nestoralfaro/Desktop/pbi-scenario-two/py_env/lib/python3.9/site-packages/airflow/example_dags/example_xcomargs.py for tasks to queue
[2024-05-01T23:36:47.185-0500] {logging_mixin.py:188} INFO - [2024-05-01T23:36:47.185-0500] {dagbag.py:540} INFO - Filling up the DagBag from /Users/nestoralfaro/Desktop/pbi-scenario-two/py_env/lib/python3.9/site-packages/airflow/example_dags/example_xcomargs.py
[2024-05-01T23:36:47.202-0500] {processor.py:840} INFO - DAG(s) 'example_xcom_args', 'example_xcom_args_with_operators' retrieved from /Users/nestoralfaro/Desktop/pbi-scenario-two/py_env/lib/python3.9/site-packages/airflow/example_dags/example_xcomargs.py
[2024-05-01T23:36:47.248-0500] {logging_mixin.py:188} INFO - [2024-05-01T23:36:47.248-0500] {dag.py:3096} INFO - Sync 2 DAGs
[2024-05-01T23:36:47.278-0500] {logging_mixin.py:188} INFO - [2024-05-01T23:36:47.277-0500] {dag.py:3954} INFO - Setting next_dagrun for example_xcom_args to None, run_after=None
[2024-05-01T23:36:47.279-0500] {logging_mixin.py:188} INFO - [2024-05-01T23:36:47.279-0500] {dag.py:3954} INFO - Setting next_dagrun for example_xcom_args_with_operators to None, run_after=None
[2024-05-01T23:36:47.286-0500] {processor.py:183} INFO - Processing /Users/nestoralfaro/Desktop/pbi-scenario-two/py_env/lib/python3.9/site-packages/airflow/example_dags/example_xcomargs.py took 0.105 seconds
[2024-05-01T23:37:42.958-0500] {processor.py:161} INFO - Started process (PID=35045) to work on /Users/nestoralfaro/Desktop/pbi-scenario-two/py_env/lib/python3.9/site-packages/airflow/example_dags/example_xcomargs.py
[2024-05-01T23:37:42.961-0500] {processor.py:830} INFO - Processing file /Users/nestoralfaro/Desktop/pbi-scenario-two/py_env/lib/python3.9/site-packages/airflow/example_dags/example_xcomargs.py for tasks to queue
[2024-05-01T23:37:42.961-0500] {logging_mixin.py:188} INFO - [2024-05-01T23:37:42.961-0500] {dagbag.py:540} INFO - Filling up the DagBag from /Users/nestoralfaro/Desktop/pbi-scenario-two/py_env/lib/python3.9/site-packages/airflow/example_dags/example_xcomargs.py
[2024-05-01T23:37:42.978-0500] {processor.py:840} INFO - DAG(s) 'example_xcom_args_with_operators', 'example_xcom_args' retrieved from /Users/nestoralfaro/Desktop/pbi-scenario-two/py_env/lib/python3.9/site-packages/airflow/example_dags/example_xcomargs.py
[2024-05-01T23:37:43.022-0500] {logging_mixin.py:188} INFO - [2024-05-01T23:37:43.022-0500] {dag.py:3096} INFO - Sync 2 DAGs
[2024-05-01T23:37:43.051-0500] {logging_mixin.py:188} INFO - [2024-05-01T23:37:43.051-0500] {dag.py:3954} INFO - Setting next_dagrun for example_xcom_args to None, run_after=None
[2024-05-01T23:37:43.052-0500] {logging_mixin.py:188} INFO - [2024-05-01T23:37:43.052-0500] {dag.py:3954} INFO - Setting next_dagrun for example_xcom_args_with_operators to None, run_after=None
[2024-05-01T23:37:43.059-0500] {processor.py:183} INFO - Processing /Users/nestoralfaro/Desktop/pbi-scenario-two/py_env/lib/python3.9/site-packages/airflow/example_dags/example_xcomargs.py took 0.103 seconds
[2024-05-01T23:38:41.555-0500] {processor.py:161} INFO - Started process (PID=35079) to work on /Users/nestoralfaro/Desktop/pbi-scenario-two/py_env/lib/python3.9/site-packages/airflow/example_dags/example_xcomargs.py
[2024-05-01T23:38:41.557-0500] {processor.py:830} INFO - Processing file /Users/nestoralfaro/Desktop/pbi-scenario-two/py_env/lib/python3.9/site-packages/airflow/example_dags/example_xcomargs.py for tasks to queue
[2024-05-01T23:38:41.557-0500] {logging_mixin.py:188} INFO - [2024-05-01T23:38:41.557-0500] {dagbag.py:540} INFO - Filling up the DagBag from /Users/nestoralfaro/Desktop/pbi-scenario-two/py_env/lib/python3.9/site-packages/airflow/example_dags/example_xcomargs.py
[2024-05-01T23:38:41.575-0500] {processor.py:840} INFO - DAG(s) 'example_xcom_args', 'example_xcom_args_with_operators' retrieved from /Users/nestoralfaro/Desktop/pbi-scenario-two/py_env/lib/python3.9/site-packages/airflow/example_dags/example_xcomargs.py
[2024-05-01T23:38:41.622-0500] {logging_mixin.py:188} INFO - [2024-05-01T23:38:41.622-0500] {dag.py:3096} INFO - Sync 2 DAGs
[2024-05-01T23:38:41.651-0500] {logging_mixin.py:188} INFO - [2024-05-01T23:38:41.651-0500] {dag.py:3954} INFO - Setting next_dagrun for example_xcom_args to None, run_after=None
[2024-05-01T23:38:41.652-0500] {logging_mixin.py:188} INFO - [2024-05-01T23:38:41.652-0500] {dag.py:3954} INFO - Setting next_dagrun for example_xcom_args_with_operators to None, run_after=None
[2024-05-01T23:38:41.660-0500] {processor.py:183} INFO - Processing /Users/nestoralfaro/Desktop/pbi-scenario-two/py_env/lib/python3.9/site-packages/airflow/example_dags/example_xcomargs.py took 0.107 seconds
[2024-05-01T23:39:39.738-0500] {processor.py:161} INFO - Started process (PID=35117) to work on /Users/nestoralfaro/Desktop/pbi-scenario-two/py_env/lib/python3.9/site-packages/airflow/example_dags/example_xcomargs.py
[2024-05-01T23:39:39.740-0500] {processor.py:830} INFO - Processing file /Users/nestoralfaro/Desktop/pbi-scenario-two/py_env/lib/python3.9/site-packages/airflow/example_dags/example_xcomargs.py for tasks to queue
[2024-05-01T23:39:39.740-0500] {logging_mixin.py:188} INFO - [2024-05-01T23:39:39.740-0500] {dagbag.py:540} INFO - Filling up the DagBag from /Users/nestoralfaro/Desktop/pbi-scenario-two/py_env/lib/python3.9/site-packages/airflow/example_dags/example_xcomargs.py
[2024-05-01T23:39:39.757-0500] {processor.py:840} INFO - DAG(s) 'example_xcom_args', 'example_xcom_args_with_operators' retrieved from /Users/nestoralfaro/Desktop/pbi-scenario-two/py_env/lib/python3.9/site-packages/airflow/example_dags/example_xcomargs.py
[2024-05-01T23:39:39.803-0500] {logging_mixin.py:188} INFO - [2024-05-01T23:39:39.803-0500] {dag.py:3096} INFO - Sync 2 DAGs
[2024-05-01T23:39:39.832-0500] {logging_mixin.py:188} INFO - [2024-05-01T23:39:39.831-0500] {dag.py:3954} INFO - Setting next_dagrun for example_xcom_args to None, run_after=None
[2024-05-01T23:39:39.833-0500] {logging_mixin.py:188} INFO - [2024-05-01T23:39:39.833-0500] {dag.py:3954} INFO - Setting next_dagrun for example_xcom_args_with_operators to None, run_after=None
[2024-05-01T23:39:39.840-0500] {processor.py:183} INFO - Processing /Users/nestoralfaro/Desktop/pbi-scenario-two/py_env/lib/python3.9/site-packages/airflow/example_dags/example_xcomargs.py took 0.103 seconds
[2024-05-01T23:40:35.818-0500] {processor.py:161} INFO - Started process (PID=35169) to work on /Users/nestoralfaro/Desktop/pbi-scenario-two/py_env/lib/python3.9/site-packages/airflow/example_dags/example_xcomargs.py
[2024-05-01T23:40:35.820-0500] {processor.py:830} INFO - Processing file /Users/nestoralfaro/Desktop/pbi-scenario-two/py_env/lib/python3.9/site-packages/airflow/example_dags/example_xcomargs.py for tasks to queue
[2024-05-01T23:40:35.821-0500] {logging_mixin.py:188} INFO - [2024-05-01T23:40:35.820-0500] {dagbag.py:540} INFO - Filling up the DagBag from /Users/nestoralfaro/Desktop/pbi-scenario-two/py_env/lib/python3.9/site-packages/airflow/example_dags/example_xcomargs.py
[2024-05-01T23:40:35.838-0500] {processor.py:840} INFO - DAG(s) 'example_xcom_args', 'example_xcom_args_with_operators' retrieved from /Users/nestoralfaro/Desktop/pbi-scenario-two/py_env/lib/python3.9/site-packages/airflow/example_dags/example_xcomargs.py
[2024-05-01T23:40:35.887-0500] {logging_mixin.py:188} INFO - [2024-05-01T23:40:35.886-0500] {dag.py:3096} INFO - Sync 2 DAGs
[2024-05-01T23:40:35.918-0500] {logging_mixin.py:188} INFO - [2024-05-01T23:40:35.918-0500] {dag.py:3954} INFO - Setting next_dagrun for example_xcom_args to None, run_after=None
[2024-05-01T23:40:35.919-0500] {logging_mixin.py:188} INFO - [2024-05-01T23:40:35.919-0500] {dag.py:3954} INFO - Setting next_dagrun for example_xcom_args_with_operators to None, run_after=None
[2024-05-01T23:40:35.927-0500] {processor.py:183} INFO - Processing /Users/nestoralfaro/Desktop/pbi-scenario-two/py_env/lib/python3.9/site-packages/airflow/example_dags/example_xcomargs.py took 0.110 seconds
[2024-05-01T23:41:31.463-0500] {processor.py:161} INFO - Started process (PID=35205) to work on /Users/nestoralfaro/Desktop/pbi-scenario-two/py_env/lib/python3.9/site-packages/airflow/example_dags/example_xcomargs.py
[2024-05-01T23:41:31.465-0500] {processor.py:830} INFO - Processing file /Users/nestoralfaro/Desktop/pbi-scenario-two/py_env/lib/python3.9/site-packages/airflow/example_dags/example_xcomargs.py for tasks to queue
[2024-05-01T23:41:31.465-0500] {logging_mixin.py:188} INFO - [2024-05-01T23:41:31.465-0500] {dagbag.py:540} INFO - Filling up the DagBag from /Users/nestoralfaro/Desktop/pbi-scenario-two/py_env/lib/python3.9/site-packages/airflow/example_dags/example_xcomargs.py
[2024-05-01T23:41:31.482-0500] {processor.py:840} INFO - DAG(s) 'example_xcom_args', 'example_xcom_args_with_operators' retrieved from /Users/nestoralfaro/Desktop/pbi-scenario-two/py_env/lib/python3.9/site-packages/airflow/example_dags/example_xcomargs.py
[2024-05-01T23:41:31.526-0500] {logging_mixin.py:188} INFO - [2024-05-01T23:41:31.526-0500] {dag.py:3096} INFO - Sync 2 DAGs
[2024-05-01T23:41:31.556-0500] {logging_mixin.py:188} INFO - [2024-05-01T23:41:31.555-0500] {dag.py:3954} INFO - Setting next_dagrun for example_xcom_args to None, run_after=None
[2024-05-01T23:41:31.557-0500] {logging_mixin.py:188} INFO - [2024-05-01T23:41:31.557-0500] {dag.py:3954} INFO - Setting next_dagrun for example_xcom_args_with_operators to None, run_after=None
[2024-05-01T23:41:31.564-0500] {processor.py:183} INFO - Processing /Users/nestoralfaro/Desktop/pbi-scenario-two/py_env/lib/python3.9/site-packages/airflow/example_dags/example_xcomargs.py took 0.102 seconds
[2024-05-01T23:42:03.732-0500] {processor.py:161} INFO - Started process (PID=35255) to work on /Users/nestoralfaro/Desktop/pbi-scenario-two/py_env/lib/python3.9/site-packages/airflow/example_dags/example_xcomargs.py
[2024-05-01T23:42:03.735-0500] {processor.py:830} INFO - Processing file /Users/nestoralfaro/Desktop/pbi-scenario-two/py_env/lib/python3.9/site-packages/airflow/example_dags/example_xcomargs.py for tasks to queue
[2024-05-01T23:42:03.735-0500] {logging_mixin.py:188} INFO - [2024-05-01T23:42:03.735-0500] {dagbag.py:540} INFO - Filling up the DagBag from /Users/nestoralfaro/Desktop/pbi-scenario-two/py_env/lib/python3.9/site-packages/airflow/example_dags/example_xcomargs.py
[2024-05-01T23:42:03.752-0500] {processor.py:840} INFO - DAG(s) 'example_xcom_args_with_operators', 'example_xcom_args' retrieved from /Users/nestoralfaro/Desktop/pbi-scenario-two/py_env/lib/python3.9/site-packages/airflow/example_dags/example_xcomargs.py
[2024-05-01T23:42:03.795-0500] {logging_mixin.py:188} INFO - [2024-05-01T23:42:03.795-0500] {dag.py:3096} INFO - Sync 2 DAGs
[2024-05-01T23:42:03.825-0500] {logging_mixin.py:188} INFO - [2024-05-01T23:42:03.825-0500] {dag.py:3954} INFO - Setting next_dagrun for example_xcom_args to None, run_after=None
[2024-05-01T23:42:03.826-0500] {logging_mixin.py:188} INFO - [2024-05-01T23:42:03.826-0500] {dag.py:3954} INFO - Setting next_dagrun for example_xcom_args_with_operators to None, run_after=None
[2024-05-01T23:42:03.833-0500] {processor.py:183} INFO - Processing /Users/nestoralfaro/Desktop/pbi-scenario-two/py_env/lib/python3.9/site-packages/airflow/example_dags/example_xcomargs.py took 0.102 seconds
[2024-05-01T23:43:34.321-0500] {processor.py:161} INFO - Started process (PID=35308) to work on /Users/nestoralfaro/Desktop/pbi-scenario-two/py_env/lib/python3.9/site-packages/airflow/example_dags/example_xcomargs.py
[2024-05-01T23:43:34.323-0500] {processor.py:830} INFO - Processing file /Users/nestoralfaro/Desktop/pbi-scenario-two/py_env/lib/python3.9/site-packages/airflow/example_dags/example_xcomargs.py for tasks to queue
[2024-05-01T23:43:34.323-0500] {logging_mixin.py:188} INFO - [2024-05-01T23:43:34.323-0500] {dagbag.py:540} INFO - Filling up the DagBag from /Users/nestoralfaro/Desktop/pbi-scenario-two/py_env/lib/python3.9/site-packages/airflow/example_dags/example_xcomargs.py
[2024-05-01T23:43:34.340-0500] {processor.py:840} INFO - DAG(s) 'example_xcom_args_with_operators', 'example_xcom_args' retrieved from /Users/nestoralfaro/Desktop/pbi-scenario-two/py_env/lib/python3.9/site-packages/airflow/example_dags/example_xcomargs.py
[2024-05-01T23:43:34.382-0500] {logging_mixin.py:188} INFO - [2024-05-01T23:43:34.382-0500] {dag.py:3096} INFO - Sync 2 DAGs
[2024-05-01T23:43:34.409-0500] {logging_mixin.py:188} INFO - [2024-05-01T23:43:34.409-0500] {dag.py:3954} INFO - Setting next_dagrun for example_xcom_args to None, run_after=None
[2024-05-01T23:43:34.411-0500] {logging_mixin.py:188} INFO - [2024-05-01T23:43:34.411-0500] {dag.py:3954} INFO - Setting next_dagrun for example_xcom_args_with_operators to None, run_after=None
[2024-05-01T23:43:34.417-0500] {processor.py:183} INFO - Processing /Users/nestoralfaro/Desktop/pbi-scenario-two/py_env/lib/python3.9/site-packages/airflow/example_dags/example_xcomargs.py took 0.098 seconds
[2024-05-01T23:44:32.156-0500] {processor.py:161} INFO - Started process (PID=35353) to work on /Users/nestoralfaro/Desktop/pbi-scenario-two/py_env/lib/python3.9/site-packages/airflow/example_dags/example_xcomargs.py
[2024-05-01T23:44:32.158-0500] {processor.py:830} INFO - Processing file /Users/nestoralfaro/Desktop/pbi-scenario-two/py_env/lib/python3.9/site-packages/airflow/example_dags/example_xcomargs.py for tasks to queue
[2024-05-01T23:44:32.159-0500] {logging_mixin.py:188} INFO - [2024-05-01T23:44:32.159-0500] {dagbag.py:540} INFO - Filling up the DagBag from /Users/nestoralfaro/Desktop/pbi-scenario-two/py_env/lib/python3.9/site-packages/airflow/example_dags/example_xcomargs.py
[2024-05-01T23:44:32.175-0500] {processor.py:840} INFO - DAG(s) 'example_xcom_args', 'example_xcom_args_with_operators' retrieved from /Users/nestoralfaro/Desktop/pbi-scenario-two/py_env/lib/python3.9/site-packages/airflow/example_dags/example_xcomargs.py
[2024-05-01T23:44:32.217-0500] {logging_mixin.py:188} INFO - [2024-05-01T23:44:32.216-0500] {dag.py:3096} INFO - Sync 2 DAGs
[2024-05-01T23:44:32.243-0500] {logging_mixin.py:188} INFO - [2024-05-01T23:44:32.243-0500] {dag.py:3954} INFO - Setting next_dagrun for example_xcom_args to None, run_after=None
[2024-05-01T23:44:32.245-0500] {logging_mixin.py:188} INFO - [2024-05-01T23:44:32.245-0500] {dag.py:3954} INFO - Setting next_dagrun for example_xcom_args_with_operators to None, run_after=None
[2024-05-01T23:44:32.251-0500] {processor.py:183} INFO - Processing /Users/nestoralfaro/Desktop/pbi-scenario-two/py_env/lib/python3.9/site-packages/airflow/example_dags/example_xcomargs.py took 0.097 seconds
[2024-05-01T23:45:31.812-0500] {processor.py:161} INFO - Started process (PID=35392) to work on /Users/nestoralfaro/Desktop/pbi-scenario-two/py_env/lib/python3.9/site-packages/airflow/example_dags/example_xcomargs.py
[2024-05-01T23:45:31.814-0500] {processor.py:830} INFO - Processing file /Users/nestoralfaro/Desktop/pbi-scenario-two/py_env/lib/python3.9/site-packages/airflow/example_dags/example_xcomargs.py for tasks to queue
[2024-05-01T23:45:31.815-0500] {logging_mixin.py:188} INFO - [2024-05-01T23:45:31.815-0500] {dagbag.py:540} INFO - Filling up the DagBag from /Users/nestoralfaro/Desktop/pbi-scenario-two/py_env/lib/python3.9/site-packages/airflow/example_dags/example_xcomargs.py
[2024-05-01T23:45:31.832-0500] {processor.py:840} INFO - DAG(s) 'example_xcom_args', 'example_xcom_args_with_operators' retrieved from /Users/nestoralfaro/Desktop/pbi-scenario-two/py_env/lib/python3.9/site-packages/airflow/example_dags/example_xcomargs.py
[2024-05-01T23:45:31.882-0500] {logging_mixin.py:188} INFO - [2024-05-01T23:45:31.881-0500] {dag.py:3096} INFO - Sync 2 DAGs
[2024-05-01T23:45:31.912-0500] {logging_mixin.py:188} INFO - [2024-05-01T23:45:31.911-0500] {dag.py:3954} INFO - Setting next_dagrun for example_xcom_args to None, run_after=None
[2024-05-01T23:45:31.913-0500] {logging_mixin.py:188} INFO - [2024-05-01T23:45:31.913-0500] {dag.py:3954} INFO - Setting next_dagrun for example_xcom_args_with_operators to None, run_after=None
[2024-05-01T23:45:31.921-0500] {processor.py:183} INFO - Processing /Users/nestoralfaro/Desktop/pbi-scenario-two/py_env/lib/python3.9/site-packages/airflow/example_dags/example_xcomargs.py took 0.110 seconds
[2024-05-01T23:46:28.594-0500] {processor.py:161} INFO - Started process (PID=35427) to work on /Users/nestoralfaro/Desktop/pbi-scenario-two/py_env/lib/python3.9/site-packages/airflow/example_dags/example_xcomargs.py
[2024-05-01T23:46:28.595-0500] {processor.py:830} INFO - Processing file /Users/nestoralfaro/Desktop/pbi-scenario-two/py_env/lib/python3.9/site-packages/airflow/example_dags/example_xcomargs.py for tasks to queue
[2024-05-01T23:46:28.596-0500] {logging_mixin.py:188} INFO - [2024-05-01T23:46:28.596-0500] {dagbag.py:540} INFO - Filling up the DagBag from /Users/nestoralfaro/Desktop/pbi-scenario-two/py_env/lib/python3.9/site-packages/airflow/example_dags/example_xcomargs.py
[2024-05-01T23:46:28.612-0500] {processor.py:840} INFO - DAG(s) 'example_xcom_args_with_operators', 'example_xcom_args' retrieved from /Users/nestoralfaro/Desktop/pbi-scenario-two/py_env/lib/python3.9/site-packages/airflow/example_dags/example_xcomargs.py
[2024-05-01T23:46:28.656-0500] {logging_mixin.py:188} INFO - [2024-05-01T23:46:28.656-0500] {dag.py:3096} INFO - Sync 2 DAGs
[2024-05-01T23:46:28.684-0500] {logging_mixin.py:188} INFO - [2024-05-01T23:46:28.684-0500] {dag.py:3954} INFO - Setting next_dagrun for example_xcom_args to None, run_after=None
[2024-05-01T23:46:28.686-0500] {logging_mixin.py:188} INFO - [2024-05-01T23:46:28.686-0500] {dag.py:3954} INFO - Setting next_dagrun for example_xcom_args_with_operators to None, run_after=None
[2024-05-01T23:46:28.692-0500] {processor.py:183} INFO - Processing /Users/nestoralfaro/Desktop/pbi-scenario-two/py_env/lib/python3.9/site-packages/airflow/example_dags/example_xcomargs.py took 0.099 seconds
[2024-05-01T23:47:23.539-0500] {processor.py:161} INFO - Started process (PID=35470) to work on /Users/nestoralfaro/Desktop/pbi-scenario-two/py_env/lib/python3.9/site-packages/airflow/example_dags/example_xcomargs.py
[2024-05-01T23:47:23.540-0500] {processor.py:830} INFO - Processing file /Users/nestoralfaro/Desktop/pbi-scenario-two/py_env/lib/python3.9/site-packages/airflow/example_dags/example_xcomargs.py for tasks to queue
[2024-05-01T23:47:23.541-0500] {logging_mixin.py:188} INFO - [2024-05-01T23:47:23.541-0500] {dagbag.py:540} INFO - Filling up the DagBag from /Users/nestoralfaro/Desktop/pbi-scenario-two/py_env/lib/python3.9/site-packages/airflow/example_dags/example_xcomargs.py
[2024-05-01T23:47:23.558-0500] {processor.py:840} INFO - DAG(s) 'example_xcom_args', 'example_xcom_args_with_operators' retrieved from /Users/nestoralfaro/Desktop/pbi-scenario-two/py_env/lib/python3.9/site-packages/airflow/example_dags/example_xcomargs.py
[2024-05-01T23:47:23.601-0500] {logging_mixin.py:188} INFO - [2024-05-01T23:47:23.601-0500] {dag.py:3096} INFO - Sync 2 DAGs
[2024-05-01T23:47:23.630-0500] {logging_mixin.py:188} INFO - [2024-05-01T23:47:23.630-0500] {dag.py:3954} INFO - Setting next_dagrun for example_xcom_args to None, run_after=None
[2024-05-01T23:47:23.631-0500] {logging_mixin.py:188} INFO - [2024-05-01T23:47:23.631-0500] {dag.py:3954} INFO - Setting next_dagrun for example_xcom_args_with_operators to None, run_after=None
[2024-05-01T23:47:23.638-0500] {processor.py:183} INFO - Processing /Users/nestoralfaro/Desktop/pbi-scenario-two/py_env/lib/python3.9/site-packages/airflow/example_dags/example_xcomargs.py took 0.101 seconds
[2024-05-01T23:48:19.045-0500] {processor.py:161} INFO - Started process (PID=35505) to work on /Users/nestoralfaro/Desktop/pbi-scenario-two/py_env/lib/python3.9/site-packages/airflow/example_dags/example_xcomargs.py
[2024-05-01T23:48:19.047-0500] {processor.py:830} INFO - Processing file /Users/nestoralfaro/Desktop/pbi-scenario-two/py_env/lib/python3.9/site-packages/airflow/example_dags/example_xcomargs.py for tasks to queue
[2024-05-01T23:48:19.047-0500] {logging_mixin.py:188} INFO - [2024-05-01T23:48:19.047-0500] {dagbag.py:540} INFO - Filling up the DagBag from /Users/nestoralfaro/Desktop/pbi-scenario-two/py_env/lib/python3.9/site-packages/airflow/example_dags/example_xcomargs.py
[2024-05-01T23:48:19.063-0500] {processor.py:840} INFO - DAG(s) 'example_xcom_args', 'example_xcom_args_with_operators' retrieved from /Users/nestoralfaro/Desktop/pbi-scenario-two/py_env/lib/python3.9/site-packages/airflow/example_dags/example_xcomargs.py
[2024-05-01T23:48:19.108-0500] {logging_mixin.py:188} INFO - [2024-05-01T23:48:19.108-0500] {dag.py:3096} INFO - Sync 2 DAGs
[2024-05-01T23:48:19.136-0500] {logging_mixin.py:188} INFO - [2024-05-01T23:48:19.136-0500] {dag.py:3954} INFO - Setting next_dagrun for example_xcom_args to None, run_after=None
[2024-05-01T23:48:19.137-0500] {logging_mixin.py:188} INFO - [2024-05-01T23:48:19.137-0500] {dag.py:3954} INFO - Setting next_dagrun for example_xcom_args_with_operators to None, run_after=None
[2024-05-01T23:48:19.145-0500] {processor.py:183} INFO - Processing /Users/nestoralfaro/Desktop/pbi-scenario-two/py_env/lib/python3.9/site-packages/airflow/example_dags/example_xcomargs.py took 0.100 seconds
[2024-05-01T23:49:15.061-0500] {processor.py:161} INFO - Started process (PID=35548) to work on /Users/nestoralfaro/Desktop/pbi-scenario-two/py_env/lib/python3.9/site-packages/airflow/example_dags/example_xcomargs.py
[2024-05-01T23:49:15.063-0500] {processor.py:830} INFO - Processing file /Users/nestoralfaro/Desktop/pbi-scenario-two/py_env/lib/python3.9/site-packages/airflow/example_dags/example_xcomargs.py for tasks to queue
[2024-05-01T23:49:15.063-0500] {logging_mixin.py:188} INFO - [2024-05-01T23:49:15.063-0500] {dagbag.py:540} INFO - Filling up the DagBag from /Users/nestoralfaro/Desktop/pbi-scenario-two/py_env/lib/python3.9/site-packages/airflow/example_dags/example_xcomargs.py
[2024-05-01T23:49:15.080-0500] {processor.py:840} INFO - DAG(s) 'example_xcom_args_with_operators', 'example_xcom_args' retrieved from /Users/nestoralfaro/Desktop/pbi-scenario-two/py_env/lib/python3.9/site-packages/airflow/example_dags/example_xcomargs.py
[2024-05-01T23:49:15.124-0500] {logging_mixin.py:188} INFO - [2024-05-01T23:49:15.124-0500] {dag.py:3096} INFO - Sync 2 DAGs
[2024-05-01T23:49:15.152-0500] {logging_mixin.py:188} INFO - [2024-05-01T23:49:15.152-0500] {dag.py:3954} INFO - Setting next_dagrun for example_xcom_args to None, run_after=None
[2024-05-01T23:49:15.153-0500] {logging_mixin.py:188} INFO - [2024-05-01T23:49:15.153-0500] {dag.py:3954} INFO - Setting next_dagrun for example_xcom_args_with_operators to None, run_after=None
[2024-05-01T23:49:15.160-0500] {processor.py:183} INFO - Processing /Users/nestoralfaro/Desktop/pbi-scenario-two/py_env/lib/python3.9/site-packages/airflow/example_dags/example_xcomargs.py took 0.101 seconds
[2024-05-01T23:50:15.683-0500] {processor.py:161} INFO - Started process (PID=35584) to work on /Users/nestoralfaro/Desktop/pbi-scenario-two/py_env/lib/python3.9/site-packages/airflow/example_dags/example_xcomargs.py
[2024-05-01T23:50:15.685-0500] {processor.py:830} INFO - Processing file /Users/nestoralfaro/Desktop/pbi-scenario-two/py_env/lib/python3.9/site-packages/airflow/example_dags/example_xcomargs.py for tasks to queue
[2024-05-01T23:50:15.685-0500] {logging_mixin.py:188} INFO - [2024-05-01T23:50:15.685-0500] {dagbag.py:540} INFO - Filling up the DagBag from /Users/nestoralfaro/Desktop/pbi-scenario-two/py_env/lib/python3.9/site-packages/airflow/example_dags/example_xcomargs.py
[2024-05-01T23:50:15.702-0500] {processor.py:840} INFO - DAG(s) 'example_xcom_args', 'example_xcom_args_with_operators' retrieved from /Users/nestoralfaro/Desktop/pbi-scenario-two/py_env/lib/python3.9/site-packages/airflow/example_dags/example_xcomargs.py
[2024-05-01T23:50:15.746-0500] {logging_mixin.py:188} INFO - [2024-05-01T23:50:15.746-0500] {dag.py:3096} INFO - Sync 2 DAGs
[2024-05-01T23:50:15.774-0500] {logging_mixin.py:188} INFO - [2024-05-01T23:50:15.774-0500] {dag.py:3954} INFO - Setting next_dagrun for example_xcom_args to None, run_after=None
[2024-05-01T23:50:15.776-0500] {logging_mixin.py:188} INFO - [2024-05-01T23:50:15.776-0500] {dag.py:3954} INFO - Setting next_dagrun for example_xcom_args_with_operators to None, run_after=None
[2024-05-01T23:50:15.782-0500] {processor.py:183} INFO - Processing /Users/nestoralfaro/Desktop/pbi-scenario-two/py_env/lib/python3.9/site-packages/airflow/example_dags/example_xcomargs.py took 0.101 seconds
[2024-05-01T23:51:11.636-0500] {processor.py:161} INFO - Started process (PID=35619) to work on /Users/nestoralfaro/Desktop/pbi-scenario-two/py_env/lib/python3.9/site-packages/airflow/example_dags/example_xcomargs.py
[2024-05-01T23:51:11.637-0500] {processor.py:830} INFO - Processing file /Users/nestoralfaro/Desktop/pbi-scenario-two/py_env/lib/python3.9/site-packages/airflow/example_dags/example_xcomargs.py for tasks to queue
[2024-05-01T23:51:11.638-0500] {logging_mixin.py:188} INFO - [2024-05-01T23:51:11.637-0500] {dagbag.py:540} INFO - Filling up the DagBag from /Users/nestoralfaro/Desktop/pbi-scenario-two/py_env/lib/python3.9/site-packages/airflow/example_dags/example_xcomargs.py
[2024-05-01T23:51:11.653-0500] {processor.py:840} INFO - DAG(s) 'example_xcom_args', 'example_xcom_args_with_operators' retrieved from /Users/nestoralfaro/Desktop/pbi-scenario-two/py_env/lib/python3.9/site-packages/airflow/example_dags/example_xcomargs.py
[2024-05-01T23:51:11.696-0500] {logging_mixin.py:188} INFO - [2024-05-01T23:51:11.696-0500] {dag.py:3096} INFO - Sync 2 DAGs
[2024-05-01T23:51:11.726-0500] {logging_mixin.py:188} INFO - [2024-05-01T23:51:11.726-0500] {dag.py:3954} INFO - Setting next_dagrun for example_xcom_args to None, run_after=None
[2024-05-01T23:51:11.727-0500] {logging_mixin.py:188} INFO - [2024-05-01T23:51:11.727-0500] {dag.py:3954} INFO - Setting next_dagrun for example_xcom_args_with_operators to None, run_after=None
[2024-05-01T23:51:11.735-0500] {processor.py:183} INFO - Processing /Users/nestoralfaro/Desktop/pbi-scenario-two/py_env/lib/python3.9/site-packages/airflow/example_dags/example_xcomargs.py took 0.100 seconds
[2024-05-01T23:52:07.466-0500] {processor.py:161} INFO - Started process (PID=35669) to work on /Users/nestoralfaro/Desktop/pbi-scenario-two/py_env/lib/python3.9/site-packages/airflow/example_dags/example_xcomargs.py
[2024-05-01T23:52:07.467-0500] {processor.py:830} INFO - Processing file /Users/nestoralfaro/Desktop/pbi-scenario-two/py_env/lib/python3.9/site-packages/airflow/example_dags/example_xcomargs.py for tasks to queue
[2024-05-01T23:52:07.468-0500] {logging_mixin.py:188} INFO - [2024-05-01T23:52:07.468-0500] {dagbag.py:540} INFO - Filling up the DagBag from /Users/nestoralfaro/Desktop/pbi-scenario-two/py_env/lib/python3.9/site-packages/airflow/example_dags/example_xcomargs.py
[2024-05-01T23:52:07.484-0500] {processor.py:840} INFO - DAG(s) 'example_xcom_args', 'example_xcom_args_with_operators' retrieved from /Users/nestoralfaro/Desktop/pbi-scenario-two/py_env/lib/python3.9/site-packages/airflow/example_dags/example_xcomargs.py
[2024-05-01T23:52:07.526-0500] {logging_mixin.py:188} INFO - [2024-05-01T23:52:07.526-0500] {dag.py:3096} INFO - Sync 2 DAGs
[2024-05-01T23:52:07.553-0500] {logging_mixin.py:188} INFO - [2024-05-01T23:52:07.553-0500] {dag.py:3954} INFO - Setting next_dagrun for example_xcom_args to None, run_after=None
[2024-05-01T23:52:07.554-0500] {logging_mixin.py:188} INFO - [2024-05-01T23:52:07.554-0500] {dag.py:3954} INFO - Setting next_dagrun for example_xcom_args_with_operators to None, run_after=None
[2024-05-01T23:52:07.561-0500] {processor.py:183} INFO - Processing /Users/nestoralfaro/Desktop/pbi-scenario-two/py_env/lib/python3.9/site-packages/airflow/example_dags/example_xcomargs.py took 0.096 seconds
[2024-05-01T23:53:06.778-0500] {processor.py:161} INFO - Started process (PID=35704) to work on /Users/nestoralfaro/Desktop/pbi-scenario-two/py_env/lib/python3.9/site-packages/airflow/example_dags/example_xcomargs.py
[2024-05-01T23:53:06.780-0500] {processor.py:830} INFO - Processing file /Users/nestoralfaro/Desktop/pbi-scenario-two/py_env/lib/python3.9/site-packages/airflow/example_dags/example_xcomargs.py for tasks to queue
[2024-05-01T23:53:06.780-0500] {logging_mixin.py:188} INFO - [2024-05-01T23:53:06.780-0500] {dagbag.py:540} INFO - Filling up the DagBag from /Users/nestoralfaro/Desktop/pbi-scenario-two/py_env/lib/python3.9/site-packages/airflow/example_dags/example_xcomargs.py
[2024-05-01T23:53:06.797-0500] {processor.py:840} INFO - DAG(s) 'example_xcom_args_with_operators', 'example_xcom_args' retrieved from /Users/nestoralfaro/Desktop/pbi-scenario-two/py_env/lib/python3.9/site-packages/airflow/example_dags/example_xcomargs.py
[2024-05-01T23:53:06.839-0500] {logging_mixin.py:188} INFO - [2024-05-01T23:53:06.839-0500] {dag.py:3096} INFO - Sync 2 DAGs
[2024-05-01T23:53:06.870-0500] {logging_mixin.py:188} INFO - [2024-05-01T23:53:06.870-0500] {dag.py:3954} INFO - Setting next_dagrun for example_xcom_args to None, run_after=None
[2024-05-01T23:53:06.871-0500] {logging_mixin.py:188} INFO - [2024-05-01T23:53:06.871-0500] {dag.py:3954} INFO - Setting next_dagrun for example_xcom_args_with_operators to None, run_after=None
[2024-05-01T23:53:06.879-0500] {processor.py:183} INFO - Processing /Users/nestoralfaro/Desktop/pbi-scenario-two/py_env/lib/python3.9/site-packages/airflow/example_dags/example_xcomargs.py took 0.102 seconds
[2024-05-01T23:54:04.958-0500] {processor.py:161} INFO - Started process (PID=35738) to work on /Users/nestoralfaro/Desktop/pbi-scenario-two/py_env/lib/python3.9/site-packages/airflow/example_dags/example_xcomargs.py
[2024-05-01T23:54:04.960-0500] {processor.py:830} INFO - Processing file /Users/nestoralfaro/Desktop/pbi-scenario-two/py_env/lib/python3.9/site-packages/airflow/example_dags/example_xcomargs.py for tasks to queue
[2024-05-01T23:54:04.960-0500] {logging_mixin.py:188} INFO - [2024-05-01T23:54:04.960-0500] {dagbag.py:540} INFO - Filling up the DagBag from /Users/nestoralfaro/Desktop/pbi-scenario-two/py_env/lib/python3.9/site-packages/airflow/example_dags/example_xcomargs.py
[2024-05-01T23:54:04.977-0500] {processor.py:840} INFO - DAG(s) 'example_xcom_args_with_operators', 'example_xcom_args' retrieved from /Users/nestoralfaro/Desktop/pbi-scenario-two/py_env/lib/python3.9/site-packages/airflow/example_dags/example_xcomargs.py
[2024-05-01T23:54:05.021-0500] {logging_mixin.py:188} INFO - [2024-05-01T23:54:05.021-0500] {dag.py:3096} INFO - Sync 2 DAGs
[2024-05-01T23:54:05.049-0500] {logging_mixin.py:188} INFO - [2024-05-01T23:54:05.049-0500] {dag.py:3954} INFO - Setting next_dagrun for example_xcom_args to None, run_after=None
[2024-05-01T23:54:05.051-0500] {logging_mixin.py:188} INFO - [2024-05-01T23:54:05.051-0500] {dag.py:3954} INFO - Setting next_dagrun for example_xcom_args_with_operators to None, run_after=None
[2024-05-01T23:54:05.057-0500] {processor.py:183} INFO - Processing /Users/nestoralfaro/Desktop/pbi-scenario-two/py_env/lib/python3.9/site-packages/airflow/example_dags/example_xcomargs.py took 0.100 seconds
[2024-05-01T23:55:02.403-0500] {processor.py:161} INFO - Started process (PID=35773) to work on /Users/nestoralfaro/Desktop/pbi-scenario-two/py_env/lib/python3.9/site-packages/airflow/example_dags/example_xcomargs.py
[2024-05-01T23:55:02.404-0500] {processor.py:830} INFO - Processing file /Users/nestoralfaro/Desktop/pbi-scenario-two/py_env/lib/python3.9/site-packages/airflow/example_dags/example_xcomargs.py for tasks to queue
[2024-05-01T23:55:02.404-0500] {logging_mixin.py:188} INFO - [2024-05-01T23:55:02.404-0500] {dagbag.py:540} INFO - Filling up the DagBag from /Users/nestoralfaro/Desktop/pbi-scenario-two/py_env/lib/python3.9/site-packages/airflow/example_dags/example_xcomargs.py
[2024-05-01T23:55:02.421-0500] {processor.py:840} INFO - DAG(s) 'example_xcom_args_with_operators', 'example_xcom_args' retrieved from /Users/nestoralfaro/Desktop/pbi-scenario-two/py_env/lib/python3.9/site-packages/airflow/example_dags/example_xcomargs.py
[2024-05-01T23:55:02.464-0500] {logging_mixin.py:188} INFO - [2024-05-01T23:55:02.464-0500] {dag.py:3096} INFO - Sync 2 DAGs
[2024-05-01T23:55:02.494-0500] {logging_mixin.py:188} INFO - [2024-05-01T23:55:02.494-0500] {dag.py:3954} INFO - Setting next_dagrun for example_xcom_args to None, run_after=None
[2024-05-01T23:55:02.495-0500] {logging_mixin.py:188} INFO - [2024-05-01T23:55:02.495-0500] {dag.py:3954} INFO - Setting next_dagrun for example_xcom_args_with_operators to None, run_after=None
[2024-05-01T23:55:02.504-0500] {processor.py:183} INFO - Processing /Users/nestoralfaro/Desktop/pbi-scenario-two/py_env/lib/python3.9/site-packages/airflow/example_dags/example_xcomargs.py took 0.102 seconds
[2024-05-01T23:56:01.080-0500] {processor.py:161} INFO - Started process (PID=35808) to work on /Users/nestoralfaro/Desktop/pbi-scenario-two/py_env/lib/python3.9/site-packages/airflow/example_dags/example_xcomargs.py
[2024-05-01T23:56:01.081-0500] {processor.py:830} INFO - Processing file /Users/nestoralfaro/Desktop/pbi-scenario-two/py_env/lib/python3.9/site-packages/airflow/example_dags/example_xcomargs.py for tasks to queue
[2024-05-01T23:56:01.081-0500] {logging_mixin.py:188} INFO - [2024-05-01T23:56:01.081-0500] {dagbag.py:540} INFO - Filling up the DagBag from /Users/nestoralfaro/Desktop/pbi-scenario-two/py_env/lib/python3.9/site-packages/airflow/example_dags/example_xcomargs.py
[2024-05-01T23:56:01.098-0500] {processor.py:840} INFO - DAG(s) 'example_xcom_args_with_operators', 'example_xcom_args' retrieved from /Users/nestoralfaro/Desktop/pbi-scenario-two/py_env/lib/python3.9/site-packages/airflow/example_dags/example_xcomargs.py
[2024-05-01T23:56:01.142-0500] {logging_mixin.py:188} INFO - [2024-05-01T23:56:01.142-0500] {dag.py:3096} INFO - Sync 2 DAGs
[2024-05-01T23:56:01.168-0500] {logging_mixin.py:188} INFO - [2024-05-01T23:56:01.168-0500] {dag.py:3954} INFO - Setting next_dagrun for example_xcom_args to None, run_after=None
[2024-05-01T23:56:01.170-0500] {logging_mixin.py:188} INFO - [2024-05-01T23:56:01.170-0500] {dag.py:3954} INFO - Setting next_dagrun for example_xcom_args_with_operators to None, run_after=None
[2024-05-01T23:56:01.176-0500] {processor.py:183} INFO - Processing /Users/nestoralfaro/Desktop/pbi-scenario-two/py_env/lib/python3.9/site-packages/airflow/example_dags/example_xcomargs.py took 0.098 seconds
[2024-05-01T23:56:54.476-0500] {processor.py:161} INFO - Started process (PID=35842) to work on /Users/nestoralfaro/Desktop/pbi-scenario-two/py_env/lib/python3.9/site-packages/airflow/example_dags/example_xcomargs.py
[2024-05-01T23:56:54.477-0500] {processor.py:830} INFO - Processing file /Users/nestoralfaro/Desktop/pbi-scenario-two/py_env/lib/python3.9/site-packages/airflow/example_dags/example_xcomargs.py for tasks to queue
[2024-05-01T23:56:54.477-0500] {logging_mixin.py:188} INFO - [2024-05-01T23:56:54.477-0500] {dagbag.py:540} INFO - Filling up the DagBag from /Users/nestoralfaro/Desktop/pbi-scenario-two/py_env/lib/python3.9/site-packages/airflow/example_dags/example_xcomargs.py
[2024-05-01T23:56:54.492-0500] {processor.py:840} INFO - DAG(s) 'example_xcom_args_with_operators', 'example_xcom_args' retrieved from /Users/nestoralfaro/Desktop/pbi-scenario-two/py_env/lib/python3.9/site-packages/airflow/example_dags/example_xcomargs.py
[2024-05-01T23:56:54.533-0500] {logging_mixin.py:188} INFO - [2024-05-01T23:56:54.533-0500] {dag.py:3096} INFO - Sync 2 DAGs
[2024-05-01T23:56:54.558-0500] {logging_mixin.py:188} INFO - [2024-05-01T23:56:54.558-0500] {dag.py:3954} INFO - Setting next_dagrun for example_xcom_args to None, run_after=None
[2024-05-01T23:56:54.560-0500] {logging_mixin.py:188} INFO - [2024-05-01T23:56:54.559-0500] {dag.py:3954} INFO - Setting next_dagrun for example_xcom_args_with_operators to None, run_after=None
[2024-05-01T23:56:54.566-0500] {processor.py:183} INFO - Processing /Users/nestoralfaro/Desktop/pbi-scenario-two/py_env/lib/python3.9/site-packages/airflow/example_dags/example_xcomargs.py took 0.091 seconds
[2024-05-01T23:57:51.084-0500] {processor.py:161} INFO - Started process (PID=35875) to work on /Users/nestoralfaro/Desktop/pbi-scenario-two/py_env/lib/python3.9/site-packages/airflow/example_dags/example_xcomargs.py
[2024-05-01T23:57:51.085-0500] {processor.py:830} INFO - Processing file /Users/nestoralfaro/Desktop/pbi-scenario-two/py_env/lib/python3.9/site-packages/airflow/example_dags/example_xcomargs.py for tasks to queue
[2024-05-01T23:57:51.086-0500] {logging_mixin.py:188} INFO - [2024-05-01T23:57:51.085-0500] {dagbag.py:540} INFO - Filling up the DagBag from /Users/nestoralfaro/Desktop/pbi-scenario-two/py_env/lib/python3.9/site-packages/airflow/example_dags/example_xcomargs.py
[2024-05-01T23:57:51.102-0500] {processor.py:840} INFO - DAG(s) 'example_xcom_args', 'example_xcom_args_with_operators' retrieved from /Users/nestoralfaro/Desktop/pbi-scenario-two/py_env/lib/python3.9/site-packages/airflow/example_dags/example_xcomargs.py
[2024-05-01T23:57:51.143-0500] {logging_mixin.py:188} INFO - [2024-05-01T23:57:51.143-0500] {dag.py:3096} INFO - Sync 2 DAGs
[2024-05-01T23:57:51.170-0500] {logging_mixin.py:188} INFO - [2024-05-01T23:57:51.170-0500] {dag.py:3954} INFO - Setting next_dagrun for example_xcom_args to None, run_after=None
[2024-05-01T23:57:51.171-0500] {logging_mixin.py:188} INFO - [2024-05-01T23:57:51.171-0500] {dag.py:3954} INFO - Setting next_dagrun for example_xcom_args_with_operators to None, run_after=None
[2024-05-01T23:57:51.178-0500] {processor.py:183} INFO - Processing /Users/nestoralfaro/Desktop/pbi-scenario-two/py_env/lib/python3.9/site-packages/airflow/example_dags/example_xcomargs.py took 0.095 seconds
[2024-05-01T23:58:47.767-0500] {processor.py:161} INFO - Started process (PID=35910) to work on /Users/nestoralfaro/Desktop/pbi-scenario-two/py_env/lib/python3.9/site-packages/airflow/example_dags/example_xcomargs.py
[2024-05-01T23:58:47.769-0500] {processor.py:830} INFO - Processing file /Users/nestoralfaro/Desktop/pbi-scenario-two/py_env/lib/python3.9/site-packages/airflow/example_dags/example_xcomargs.py for tasks to queue
[2024-05-01T23:58:47.769-0500] {logging_mixin.py:188} INFO - [2024-05-01T23:58:47.769-0500] {dagbag.py:540} INFO - Filling up the DagBag from /Users/nestoralfaro/Desktop/pbi-scenario-two/py_env/lib/python3.9/site-packages/airflow/example_dags/example_xcomargs.py
[2024-05-01T23:58:47.784-0500] {processor.py:840} INFO - DAG(s) 'example_xcom_args_with_operators', 'example_xcom_args' retrieved from /Users/nestoralfaro/Desktop/pbi-scenario-two/py_env/lib/python3.9/site-packages/airflow/example_dags/example_xcomargs.py
[2024-05-01T23:58:47.825-0500] {logging_mixin.py:188} INFO - [2024-05-01T23:58:47.824-0500] {dag.py:3096} INFO - Sync 2 DAGs
[2024-05-01T23:58:47.850-0500] {logging_mixin.py:188} INFO - [2024-05-01T23:58:47.850-0500] {dag.py:3954} INFO - Setting next_dagrun for example_xcom_args to None, run_after=None
[2024-05-01T23:58:47.851-0500] {logging_mixin.py:188} INFO - [2024-05-01T23:58:47.851-0500] {dag.py:3954} INFO - Setting next_dagrun for example_xcom_args_with_operators to None, run_after=None
[2024-05-01T23:58:47.858-0500] {processor.py:183} INFO - Processing /Users/nestoralfaro/Desktop/pbi-scenario-two/py_env/lib/python3.9/site-packages/airflow/example_dags/example_xcomargs.py took 0.092 seconds
[2024-05-01T23:59:44.139-0500] {processor.py:161} INFO - Started process (PID=35947) to work on /Users/nestoralfaro/Desktop/pbi-scenario-two/py_env/lib/python3.9/site-packages/airflow/example_dags/example_xcomargs.py
[2024-05-01T23:59:44.141-0500] {processor.py:830} INFO - Processing file /Users/nestoralfaro/Desktop/pbi-scenario-two/py_env/lib/python3.9/site-packages/airflow/example_dags/example_xcomargs.py for tasks to queue
[2024-05-01T23:59:44.141-0500] {logging_mixin.py:188} INFO - [2024-05-01T23:59:44.141-0500] {dagbag.py:540} INFO - Filling up the DagBag from /Users/nestoralfaro/Desktop/pbi-scenario-two/py_env/lib/python3.9/site-packages/airflow/example_dags/example_xcomargs.py
[2024-05-01T23:59:44.158-0500] {processor.py:840} INFO - DAG(s) 'example_xcom_args_with_operators', 'example_xcom_args' retrieved from /Users/nestoralfaro/Desktop/pbi-scenario-two/py_env/lib/python3.9/site-packages/airflow/example_dags/example_xcomargs.py
[2024-05-01T23:59:44.199-0500] {logging_mixin.py:188} INFO - [2024-05-01T23:59:44.199-0500] {dag.py:3096} INFO - Sync 2 DAGs
[2024-05-01T23:59:44.226-0500] {logging_mixin.py:188} INFO - [2024-05-01T23:59:44.226-0500] {dag.py:3954} INFO - Setting next_dagrun for example_xcom_args to None, run_after=None
[2024-05-01T23:59:44.227-0500] {logging_mixin.py:188} INFO - [2024-05-01T23:59:44.227-0500] {dag.py:3954} INFO - Setting next_dagrun for example_xcom_args_with_operators to None, run_after=None
[2024-05-01T23:59:44.233-0500] {processor.py:183} INFO - Processing /Users/nestoralfaro/Desktop/pbi-scenario-two/py_env/lib/python3.9/site-packages/airflow/example_dags/example_xcomargs.py took 0.095 seconds
[2024-05-02T00:00:36.697-0500] {processor.py:161} INFO - Started process (PID=36005) to work on /Users/nestoralfaro/Desktop/pbi-scenario-two/py_env/lib/python3.9/site-packages/airflow/example_dags/example_xcomargs.py
[2024-05-02T00:00:36.699-0500] {processor.py:830} INFO - Processing file /Users/nestoralfaro/Desktop/pbi-scenario-two/py_env/lib/python3.9/site-packages/airflow/example_dags/example_xcomargs.py for tasks to queue
[2024-05-02T00:00:36.699-0500] {logging_mixin.py:188} INFO - [2024-05-02T00:00:36.699-0500] {dagbag.py:540} INFO - Filling up the DagBag from /Users/nestoralfaro/Desktop/pbi-scenario-two/py_env/lib/python3.9/site-packages/airflow/example_dags/example_xcomargs.py
[2024-05-02T00:00:36.715-0500] {processor.py:840} INFO - DAG(s) 'example_xcom_args_with_operators', 'example_xcom_args' retrieved from /Users/nestoralfaro/Desktop/pbi-scenario-two/py_env/lib/python3.9/site-packages/airflow/example_dags/example_xcomargs.py
[2024-05-02T00:00:36.757-0500] {logging_mixin.py:188} INFO - [2024-05-02T00:00:36.757-0500] {dag.py:3096} INFO - Sync 2 DAGs
[2024-05-02T00:00:36.783-0500] {logging_mixin.py:188} INFO - [2024-05-02T00:00:36.783-0500] {dag.py:3954} INFO - Setting next_dagrun for example_xcom_args to None, run_after=None
[2024-05-02T00:00:36.784-0500] {logging_mixin.py:188} INFO - [2024-05-02T00:00:36.784-0500] {dag.py:3954} INFO - Setting next_dagrun for example_xcom_args_with_operators to None, run_after=None
[2024-05-02T00:00:36.791-0500] {processor.py:183} INFO - Processing /Users/nestoralfaro/Desktop/pbi-scenario-two/py_env/lib/python3.9/site-packages/airflow/example_dags/example_xcomargs.py took 0.095 seconds
[2024-05-02T00:01:34.940-0500] {processor.py:161} INFO - Started process (PID=36044) to work on /Users/nestoralfaro/Desktop/pbi-scenario-two/py_env/lib/python3.9/site-packages/airflow/example_dags/example_xcomargs.py
[2024-05-02T00:01:34.942-0500] {processor.py:830} INFO - Processing file /Users/nestoralfaro/Desktop/pbi-scenario-two/py_env/lib/python3.9/site-packages/airflow/example_dags/example_xcomargs.py for tasks to queue
[2024-05-02T00:01:34.942-0500] {logging_mixin.py:188} INFO - [2024-05-02T00:01:34.942-0500] {dagbag.py:540} INFO - Filling up the DagBag from /Users/nestoralfaro/Desktop/pbi-scenario-two/py_env/lib/python3.9/site-packages/airflow/example_dags/example_xcomargs.py
[2024-05-02T00:01:34.959-0500] {processor.py:840} INFO - DAG(s) 'example_xcom_args_with_operators', 'example_xcom_args' retrieved from /Users/nestoralfaro/Desktop/pbi-scenario-two/py_env/lib/python3.9/site-packages/airflow/example_dags/example_xcomargs.py
[2024-05-02T00:01:35.002-0500] {logging_mixin.py:188} INFO - [2024-05-02T00:01:35.002-0500] {dag.py:3096} INFO - Sync 2 DAGs
[2024-05-02T00:01:35.031-0500] {logging_mixin.py:188} INFO - [2024-05-02T00:01:35.031-0500] {dag.py:3954} INFO - Setting next_dagrun for example_xcom_args to None, run_after=None
[2024-05-02T00:01:35.033-0500] {logging_mixin.py:188} INFO - [2024-05-02T00:01:35.032-0500] {dag.py:3954} INFO - Setting next_dagrun for example_xcom_args_with_operators to None, run_after=None
[2024-05-02T00:01:35.039-0500] {processor.py:183} INFO - Processing /Users/nestoralfaro/Desktop/pbi-scenario-two/py_env/lib/python3.9/site-packages/airflow/example_dags/example_xcomargs.py took 0.100 seconds
[2024-05-02T00:02:33.736-0500] {processor.py:161} INFO - Started process (PID=36086) to work on /Users/nestoralfaro/Desktop/pbi-scenario-two/py_env/lib/python3.9/site-packages/airflow/example_dags/example_xcomargs.py
[2024-05-02T00:02:33.738-0500] {processor.py:830} INFO - Processing file /Users/nestoralfaro/Desktop/pbi-scenario-two/py_env/lib/python3.9/site-packages/airflow/example_dags/example_xcomargs.py for tasks to queue
[2024-05-02T00:02:33.738-0500] {logging_mixin.py:188} INFO - [2024-05-02T00:02:33.738-0500] {dagbag.py:540} INFO - Filling up the DagBag from /Users/nestoralfaro/Desktop/pbi-scenario-two/py_env/lib/python3.9/site-packages/airflow/example_dags/example_xcomargs.py
[2024-05-02T00:02:33.754-0500] {processor.py:840} INFO - DAG(s) 'example_xcom_args', 'example_xcom_args_with_operators' retrieved from /Users/nestoralfaro/Desktop/pbi-scenario-two/py_env/lib/python3.9/site-packages/airflow/example_dags/example_xcomargs.py
[2024-05-02T00:02:33.796-0500] {logging_mixin.py:188} INFO - [2024-05-02T00:02:33.796-0500] {dag.py:3096} INFO - Sync 2 DAGs
[2024-05-02T00:02:33.823-0500] {logging_mixin.py:188} INFO - [2024-05-02T00:02:33.823-0500] {dag.py:3954} INFO - Setting next_dagrun for example_xcom_args to None, run_after=None
[2024-05-02T00:02:33.824-0500] {logging_mixin.py:188} INFO - [2024-05-02T00:02:33.824-0500] {dag.py:3954} INFO - Setting next_dagrun for example_xcom_args_with_operators to None, run_after=None
[2024-05-02T00:02:33.831-0500] {processor.py:183} INFO - Processing /Users/nestoralfaro/Desktop/pbi-scenario-two/py_env/lib/python3.9/site-packages/airflow/example_dags/example_xcomargs.py took 0.096 seconds
[2024-05-02T00:03:33.062-0500] {processor.py:161} INFO - Started process (PID=36125) to work on /Users/nestoralfaro/Desktop/pbi-scenario-two/py_env/lib/python3.9/site-packages/airflow/example_dags/example_xcomargs.py
[2024-05-02T00:03:33.064-0500] {processor.py:830} INFO - Processing file /Users/nestoralfaro/Desktop/pbi-scenario-two/py_env/lib/python3.9/site-packages/airflow/example_dags/example_xcomargs.py for tasks to queue
[2024-05-02T00:03:33.064-0500] {logging_mixin.py:188} INFO - [2024-05-02T00:03:33.064-0500] {dagbag.py:540} INFO - Filling up the DagBag from /Users/nestoralfaro/Desktop/pbi-scenario-two/py_env/lib/python3.9/site-packages/airflow/example_dags/example_xcomargs.py
[2024-05-02T00:03:33.081-0500] {processor.py:840} INFO - DAG(s) 'example_xcom_args_with_operators', 'example_xcom_args' retrieved from /Users/nestoralfaro/Desktop/pbi-scenario-two/py_env/lib/python3.9/site-packages/airflow/example_dags/example_xcomargs.py
[2024-05-02T00:03:33.122-0500] {logging_mixin.py:188} INFO - [2024-05-02T00:03:33.122-0500] {dag.py:3096} INFO - Sync 2 DAGs
[2024-05-02T00:03:33.149-0500] {logging_mixin.py:188} INFO - [2024-05-02T00:03:33.149-0500] {dag.py:3954} INFO - Setting next_dagrun for example_xcom_args to None, run_after=None
[2024-05-02T00:03:33.150-0500] {logging_mixin.py:188} INFO - [2024-05-02T00:03:33.150-0500] {dag.py:3954} INFO - Setting next_dagrun for example_xcom_args_with_operators to None, run_after=None
[2024-05-02T00:03:33.157-0500] {processor.py:183} INFO - Processing /Users/nestoralfaro/Desktop/pbi-scenario-two/py_env/lib/python3.9/site-packages/airflow/example_dags/example_xcomargs.py took 0.097 seconds
[2024-05-02T00:04:30.230-0500] {processor.py:161} INFO - Started process (PID=36164) to work on /Users/nestoralfaro/Desktop/pbi-scenario-two/py_env/lib/python3.9/site-packages/airflow/example_dags/example_xcomargs.py
[2024-05-02T00:04:30.234-0500] {processor.py:830} INFO - Processing file /Users/nestoralfaro/Desktop/pbi-scenario-two/py_env/lib/python3.9/site-packages/airflow/example_dags/example_xcomargs.py for tasks to queue
[2024-05-02T00:04:30.234-0500] {logging_mixin.py:188} INFO - [2024-05-02T00:04:30.234-0500] {dagbag.py:540} INFO - Filling up the DagBag from /Users/nestoralfaro/Desktop/pbi-scenario-two/py_env/lib/python3.9/site-packages/airflow/example_dags/example_xcomargs.py
[2024-05-02T00:04:30.250-0500] {processor.py:840} INFO - DAG(s) 'example_xcom_args', 'example_xcom_args_with_operators' retrieved from /Users/nestoralfaro/Desktop/pbi-scenario-two/py_env/lib/python3.9/site-packages/airflow/example_dags/example_xcomargs.py
[2024-05-02T00:04:30.290-0500] {logging_mixin.py:188} INFO - [2024-05-02T00:04:30.290-0500] {dag.py:3096} INFO - Sync 2 DAGs
[2024-05-02T00:04:30.316-0500] {logging_mixin.py:188} INFO - [2024-05-02T00:04:30.316-0500] {dag.py:3954} INFO - Setting next_dagrun for example_xcom_args to None, run_after=None
[2024-05-02T00:04:30.317-0500] {logging_mixin.py:188} INFO - [2024-05-02T00:04:30.317-0500] {dag.py:3954} INFO - Setting next_dagrun for example_xcom_args_with_operators to None, run_after=None
[2024-05-02T00:04:30.324-0500] {processor.py:183} INFO - Processing /Users/nestoralfaro/Desktop/pbi-scenario-two/py_env/lib/python3.9/site-packages/airflow/example_dags/example_xcomargs.py took 0.095 seconds
[2024-05-02T00:05:24.652-0500] {processor.py:161} INFO - Started process (PID=36200) to work on /Users/nestoralfaro/Desktop/pbi-scenario-two/py_env/lib/python3.9/site-packages/airflow/example_dags/example_xcomargs.py
[2024-05-02T00:05:24.653-0500] {processor.py:830} INFO - Processing file /Users/nestoralfaro/Desktop/pbi-scenario-two/py_env/lib/python3.9/site-packages/airflow/example_dags/example_xcomargs.py for tasks to queue
[2024-05-02T00:05:24.654-0500] {logging_mixin.py:188} INFO - [2024-05-02T00:05:24.654-0500] {dagbag.py:540} INFO - Filling up the DagBag from /Users/nestoralfaro/Desktop/pbi-scenario-two/py_env/lib/python3.9/site-packages/airflow/example_dags/example_xcomargs.py
[2024-05-02T00:05:24.671-0500] {processor.py:840} INFO - DAG(s) 'example_xcom_args', 'example_xcom_args_with_operators' retrieved from /Users/nestoralfaro/Desktop/pbi-scenario-two/py_env/lib/python3.9/site-packages/airflow/example_dags/example_xcomargs.py
[2024-05-02T00:05:24.720-0500] {logging_mixin.py:188} INFO - [2024-05-02T00:05:24.720-0500] {dag.py:3096} INFO - Sync 2 DAGs
[2024-05-02T00:05:24.750-0500] {logging_mixin.py:188} INFO - [2024-05-02T00:05:24.749-0500] {dag.py:3954} INFO - Setting next_dagrun for example_xcom_args to None, run_after=None
[2024-05-02T00:05:24.751-0500] {logging_mixin.py:188} INFO - [2024-05-02T00:05:24.751-0500] {dag.py:3954} INFO - Setting next_dagrun for example_xcom_args_with_operators to None, run_after=None
[2024-05-02T00:05:24.759-0500] {processor.py:183} INFO - Processing /Users/nestoralfaro/Desktop/pbi-scenario-two/py_env/lib/python3.9/site-packages/airflow/example_dags/example_xcomargs.py took 0.108 seconds
[2024-05-02T00:06:23.088-0500] {processor.py:161} INFO - Started process (PID=36243) to work on /Users/nestoralfaro/Desktop/pbi-scenario-two/py_env/lib/python3.9/site-packages/airflow/example_dags/example_xcomargs.py
[2024-05-02T00:06:23.090-0500] {processor.py:830} INFO - Processing file /Users/nestoralfaro/Desktop/pbi-scenario-two/py_env/lib/python3.9/site-packages/airflow/example_dags/example_xcomargs.py for tasks to queue
[2024-05-02T00:06:23.090-0500] {logging_mixin.py:188} INFO - [2024-05-02T00:06:23.090-0500] {dagbag.py:540} INFO - Filling up the DagBag from /Users/nestoralfaro/Desktop/pbi-scenario-two/py_env/lib/python3.9/site-packages/airflow/example_dags/example_xcomargs.py
[2024-05-02T00:06:23.106-0500] {processor.py:840} INFO - DAG(s) 'example_xcom_args_with_operators', 'example_xcom_args' retrieved from /Users/nestoralfaro/Desktop/pbi-scenario-two/py_env/lib/python3.9/site-packages/airflow/example_dags/example_xcomargs.py
[2024-05-02T00:06:23.147-0500] {logging_mixin.py:188} INFO - [2024-05-02T00:06:23.147-0500] {dag.py:3096} INFO - Sync 2 DAGs
[2024-05-02T00:06:23.176-0500] {logging_mixin.py:188} INFO - [2024-05-02T00:06:23.176-0500] {dag.py:3954} INFO - Setting next_dagrun for example_xcom_args to None, run_after=None
[2024-05-02T00:06:23.177-0500] {logging_mixin.py:188} INFO - [2024-05-02T00:06:23.177-0500] {dag.py:3954} INFO - Setting next_dagrun for example_xcom_args_with_operators to None, run_after=None
[2024-05-02T00:06:23.184-0500] {processor.py:183} INFO - Processing /Users/nestoralfaro/Desktop/pbi-scenario-two/py_env/lib/python3.9/site-packages/airflow/example_dags/example_xcomargs.py took 0.098 seconds
[2024-05-02T00:07:17.651-0500] {processor.py:161} INFO - Started process (PID=36287) to work on /Users/nestoralfaro/Desktop/pbi-scenario-two/py_env/lib/python3.9/site-packages/airflow/example_dags/example_xcomargs.py
[2024-05-02T00:07:17.652-0500] {processor.py:830} INFO - Processing file /Users/nestoralfaro/Desktop/pbi-scenario-two/py_env/lib/python3.9/site-packages/airflow/example_dags/example_xcomargs.py for tasks to queue
[2024-05-02T00:07:17.653-0500] {logging_mixin.py:188} INFO - [2024-05-02T00:07:17.653-0500] {dagbag.py:540} INFO - Filling up the DagBag from /Users/nestoralfaro/Desktop/pbi-scenario-two/py_env/lib/python3.9/site-packages/airflow/example_dags/example_xcomargs.py
[2024-05-02T00:07:17.669-0500] {processor.py:840} INFO - DAG(s) 'example_xcom_args_with_operators', 'example_xcom_args' retrieved from /Users/nestoralfaro/Desktop/pbi-scenario-two/py_env/lib/python3.9/site-packages/airflow/example_dags/example_xcomargs.py
[2024-05-02T00:07:17.710-0500] {logging_mixin.py:188} INFO - [2024-05-02T00:07:17.710-0500] {dag.py:3096} INFO - Sync 2 DAGs
[2024-05-02T00:07:17.737-0500] {logging_mixin.py:188} INFO - [2024-05-02T00:07:17.737-0500] {dag.py:3954} INFO - Setting next_dagrun for example_xcom_args to None, run_after=None
[2024-05-02T00:07:17.738-0500] {logging_mixin.py:188} INFO - [2024-05-02T00:07:17.738-0500] {dag.py:3954} INFO - Setting next_dagrun for example_xcom_args_with_operators to None, run_after=None
[2024-05-02T00:07:17.744-0500] {processor.py:183} INFO - Processing /Users/nestoralfaro/Desktop/pbi-scenario-two/py_env/lib/python3.9/site-packages/airflow/example_dags/example_xcomargs.py took 0.095 seconds
[2024-05-02T00:08:10.129-0500] {processor.py:161} INFO - Started process (PID=36321) to work on /Users/nestoralfaro/Desktop/pbi-scenario-two/py_env/lib/python3.9/site-packages/airflow/example_dags/example_xcomargs.py
[2024-05-02T00:08:10.130-0500] {processor.py:830} INFO - Processing file /Users/nestoralfaro/Desktop/pbi-scenario-two/py_env/lib/python3.9/site-packages/airflow/example_dags/example_xcomargs.py for tasks to queue
[2024-05-02T00:08:10.131-0500] {logging_mixin.py:188} INFO - [2024-05-02T00:08:10.131-0500] {dagbag.py:540} INFO - Filling up the DagBag from /Users/nestoralfaro/Desktop/pbi-scenario-two/py_env/lib/python3.9/site-packages/airflow/example_dags/example_xcomargs.py
[2024-05-02T00:08:10.147-0500] {processor.py:840} INFO - DAG(s) 'example_xcom_args', 'example_xcom_args_with_operators' retrieved from /Users/nestoralfaro/Desktop/pbi-scenario-two/py_env/lib/python3.9/site-packages/airflow/example_dags/example_xcomargs.py
[2024-05-02T00:08:10.188-0500] {logging_mixin.py:188} INFO - [2024-05-02T00:08:10.188-0500] {dag.py:3096} INFO - Sync 2 DAGs
[2024-05-02T00:08:10.215-0500] {logging_mixin.py:188} INFO - [2024-05-02T00:08:10.215-0500] {dag.py:3954} INFO - Setting next_dagrun for example_xcom_args to None, run_after=None
[2024-05-02T00:08:10.216-0500] {logging_mixin.py:188} INFO - [2024-05-02T00:08:10.216-0500] {dag.py:3954} INFO - Setting next_dagrun for example_xcom_args_with_operators to None, run_after=None
[2024-05-02T00:08:10.223-0500] {processor.py:183} INFO - Processing /Users/nestoralfaro/Desktop/pbi-scenario-two/py_env/lib/python3.9/site-packages/airflow/example_dags/example_xcomargs.py took 0.095 seconds
[2024-05-02T00:09:08.140-0500] {processor.py:161} INFO - Started process (PID=36354) to work on /Users/nestoralfaro/Desktop/pbi-scenario-two/py_env/lib/python3.9/site-packages/airflow/example_dags/example_xcomargs.py
[2024-05-02T00:09:08.143-0500] {processor.py:830} INFO - Processing file /Users/nestoralfaro/Desktop/pbi-scenario-two/py_env/lib/python3.9/site-packages/airflow/example_dags/example_xcomargs.py for tasks to queue
[2024-05-02T00:09:08.143-0500] {logging_mixin.py:188} INFO - [2024-05-02T00:09:08.143-0500] {dagbag.py:540} INFO - Filling up the DagBag from /Users/nestoralfaro/Desktop/pbi-scenario-two/py_env/lib/python3.9/site-packages/airflow/example_dags/example_xcomargs.py
[2024-05-02T00:09:08.159-0500] {processor.py:840} INFO - DAG(s) 'example_xcom_args', 'example_xcom_args_with_operators' retrieved from /Users/nestoralfaro/Desktop/pbi-scenario-two/py_env/lib/python3.9/site-packages/airflow/example_dags/example_xcomargs.py
[2024-05-02T00:09:08.201-0500] {logging_mixin.py:188} INFO - [2024-05-02T00:09:08.200-0500] {dag.py:3096} INFO - Sync 2 DAGs
[2024-05-02T00:09:08.227-0500] {logging_mixin.py:188} INFO - [2024-05-02T00:09:08.227-0500] {dag.py:3954} INFO - Setting next_dagrun for example_xcom_args to None, run_after=None
[2024-05-02T00:09:08.228-0500] {logging_mixin.py:188} INFO - [2024-05-02T00:09:08.228-0500] {dag.py:3954} INFO - Setting next_dagrun for example_xcom_args_with_operators to None, run_after=None
[2024-05-02T00:09:08.235-0500] {processor.py:183} INFO - Processing /Users/nestoralfaro/Desktop/pbi-scenario-two/py_env/lib/python3.9/site-packages/airflow/example_dags/example_xcomargs.py took 0.096 seconds
[2024-05-02T00:10:05.324-0500] {processor.py:161} INFO - Started process (PID=36389) to work on /Users/nestoralfaro/Desktop/pbi-scenario-two/py_env/lib/python3.9/site-packages/airflow/example_dags/example_xcomargs.py
[2024-05-02T00:10:05.326-0500] {processor.py:830} INFO - Processing file /Users/nestoralfaro/Desktop/pbi-scenario-two/py_env/lib/python3.9/site-packages/airflow/example_dags/example_xcomargs.py for tasks to queue
[2024-05-02T00:10:05.327-0500] {logging_mixin.py:188} INFO - [2024-05-02T00:10:05.327-0500] {dagbag.py:540} INFO - Filling up the DagBag from /Users/nestoralfaro/Desktop/pbi-scenario-two/py_env/lib/python3.9/site-packages/airflow/example_dags/example_xcomargs.py
[2024-05-02T00:10:05.342-0500] {processor.py:840} INFO - DAG(s) 'example_xcom_args_with_operators', 'example_xcom_args' retrieved from /Users/nestoralfaro/Desktop/pbi-scenario-two/py_env/lib/python3.9/site-packages/airflow/example_dags/example_xcomargs.py
[2024-05-02T00:10:05.383-0500] {logging_mixin.py:188} INFO - [2024-05-02T00:10:05.383-0500] {dag.py:3096} INFO - Sync 2 DAGs
[2024-05-02T00:10:05.409-0500] {logging_mixin.py:188} INFO - [2024-05-02T00:10:05.409-0500] {dag.py:3954} INFO - Setting next_dagrun for example_xcom_args to None, run_after=None
[2024-05-02T00:10:05.410-0500] {logging_mixin.py:188} INFO - [2024-05-02T00:10:05.410-0500] {dag.py:3954} INFO - Setting next_dagrun for example_xcom_args_with_operators to None, run_after=None
[2024-05-02T00:10:05.417-0500] {processor.py:183} INFO - Processing /Users/nestoralfaro/Desktop/pbi-scenario-two/py_env/lib/python3.9/site-packages/airflow/example_dags/example_xcomargs.py took 0.094 seconds
[2024-05-02T00:11:14.351-0500] {processor.py:161} INFO - Started process (PID=36411) to work on /Users/nestoralfaro/Desktop/pbi-scenario-two/py_env/lib/python3.9/site-packages/airflow/example_dags/example_xcomargs.py
[2024-05-02T00:11:14.353-0500] {processor.py:830} INFO - Processing file /Users/nestoralfaro/Desktop/pbi-scenario-two/py_env/lib/python3.9/site-packages/airflow/example_dags/example_xcomargs.py for tasks to queue
[2024-05-02T00:11:14.353-0500] {logging_mixin.py:188} INFO - [2024-05-02T00:11:14.353-0500] {dagbag.py:540} INFO - Filling up the DagBag from /Users/nestoralfaro/Desktop/pbi-scenario-two/py_env/lib/python3.9/site-packages/airflow/example_dags/example_xcomargs.py
[2024-05-02T00:11:14.369-0500] {processor.py:840} INFO - DAG(s) 'example_xcom_args', 'example_xcom_args_with_operators' retrieved from /Users/nestoralfaro/Desktop/pbi-scenario-two/py_env/lib/python3.9/site-packages/airflow/example_dags/example_xcomargs.py
[2024-05-02T00:11:14.410-0500] {logging_mixin.py:188} INFO - [2024-05-02T00:11:14.410-0500] {dag.py:3096} INFO - Sync 2 DAGs
[2024-05-02T00:11:14.436-0500] {logging_mixin.py:188} INFO - [2024-05-02T00:11:14.436-0500] {dag.py:3954} INFO - Setting next_dagrun for example_xcom_args to None, run_after=None
[2024-05-02T00:11:14.438-0500] {logging_mixin.py:188} INFO - [2024-05-02T00:11:14.438-0500] {dag.py:3954} INFO - Setting next_dagrun for example_xcom_args_with_operators to None, run_after=None
[2024-05-02T00:11:14.444-0500] {processor.py:183} INFO - Processing /Users/nestoralfaro/Desktop/pbi-scenario-two/py_env/lib/python3.9/site-packages/airflow/example_dags/example_xcomargs.py took 0.094 seconds
[2024-05-02T00:12:40.152-0500] {processor.py:161} INFO - Started process (PID=36503) to work on /Users/nestoralfaro/Desktop/pbi-scenario-two/py_env/lib/python3.9/site-packages/airflow/example_dags/example_xcomargs.py
[2024-05-02T00:12:40.155-0500] {processor.py:830} INFO - Processing file /Users/nestoralfaro/Desktop/pbi-scenario-two/py_env/lib/python3.9/site-packages/airflow/example_dags/example_xcomargs.py for tasks to queue
[2024-05-02T00:12:40.155-0500] {logging_mixin.py:188} INFO - [2024-05-02T00:12:40.155-0500] {dagbag.py:540} INFO - Filling up the DagBag from /Users/nestoralfaro/Desktop/pbi-scenario-two/py_env/lib/python3.9/site-packages/airflow/example_dags/example_xcomargs.py
[2024-05-02T00:12:40.170-0500] {processor.py:840} INFO - DAG(s) 'example_xcom_args_with_operators', 'example_xcom_args' retrieved from /Users/nestoralfaro/Desktop/pbi-scenario-two/py_env/lib/python3.9/site-packages/airflow/example_dags/example_xcomargs.py
[2024-05-02T00:12:40.214-0500] {logging_mixin.py:188} INFO - [2024-05-02T00:12:40.213-0500] {dag.py:3096} INFO - Sync 2 DAGs
[2024-05-02T00:12:40.241-0500] {logging_mixin.py:188} INFO - [2024-05-02T00:12:40.240-0500] {dag.py:3954} INFO - Setting next_dagrun for example_xcom_args to None, run_after=None
[2024-05-02T00:12:40.242-0500] {logging_mixin.py:188} INFO - [2024-05-02T00:12:40.242-0500] {dag.py:3954} INFO - Setting next_dagrun for example_xcom_args_with_operators to None, run_after=None
[2024-05-02T00:12:40.248-0500] {processor.py:183} INFO - Processing /Users/nestoralfaro/Desktop/pbi-scenario-two/py_env/lib/python3.9/site-packages/airflow/example_dags/example_xcomargs.py took 0.097 seconds
[2024-05-02T00:13:37.409-0500] {processor.py:161} INFO - Started process (PID=36550) to work on /Users/nestoralfaro/Desktop/pbi-scenario-two/py_env/lib/python3.9/site-packages/airflow/example_dags/example_xcomargs.py
[2024-05-02T00:13:37.411-0500] {processor.py:830} INFO - Processing file /Users/nestoralfaro/Desktop/pbi-scenario-two/py_env/lib/python3.9/site-packages/airflow/example_dags/example_xcomargs.py for tasks to queue
[2024-05-02T00:13:37.411-0500] {logging_mixin.py:188} INFO - [2024-05-02T00:13:37.411-0500] {dagbag.py:540} INFO - Filling up the DagBag from /Users/nestoralfaro/Desktop/pbi-scenario-two/py_env/lib/python3.9/site-packages/airflow/example_dags/example_xcomargs.py
[2024-05-02T00:13:37.428-0500] {processor.py:840} INFO - DAG(s) 'example_xcom_args', 'example_xcom_args_with_operators' retrieved from /Users/nestoralfaro/Desktop/pbi-scenario-two/py_env/lib/python3.9/site-packages/airflow/example_dags/example_xcomargs.py
[2024-05-02T00:13:37.473-0500] {logging_mixin.py:188} INFO - [2024-05-02T00:13:37.473-0500] {dag.py:3096} INFO - Sync 2 DAGs
[2024-05-02T00:13:37.503-0500] {logging_mixin.py:188} INFO - [2024-05-02T00:13:37.503-0500] {dag.py:3954} INFO - Setting next_dagrun for example_xcom_args to None, run_after=None
[2024-05-02T00:13:37.505-0500] {logging_mixin.py:188} INFO - [2024-05-02T00:13:37.505-0500] {dag.py:3954} INFO - Setting next_dagrun for example_xcom_args_with_operators to None, run_after=None
[2024-05-02T00:13:37.511-0500] {processor.py:183} INFO - Processing /Users/nestoralfaro/Desktop/pbi-scenario-two/py_env/lib/python3.9/site-packages/airflow/example_dags/example_xcomargs.py took 0.104 seconds
[2024-05-02T00:15:05.633-0500] {processor.py:161} INFO - Started process (PID=36600) to work on /Users/nestoralfaro/Desktop/pbi-scenario-two/py_env/lib/python3.9/site-packages/airflow/example_dags/example_xcomargs.py
[2024-05-02T00:15:05.635-0500] {processor.py:830} INFO - Processing file /Users/nestoralfaro/Desktop/pbi-scenario-two/py_env/lib/python3.9/site-packages/airflow/example_dags/example_xcomargs.py for tasks to queue
[2024-05-02T00:15:05.636-0500] {logging_mixin.py:188} INFO - [2024-05-02T00:15:05.635-0500] {dagbag.py:540} INFO - Filling up the DagBag from /Users/nestoralfaro/Desktop/pbi-scenario-two/py_env/lib/python3.9/site-packages/airflow/example_dags/example_xcomargs.py
[2024-05-02T00:15:05.653-0500] {processor.py:840} INFO - DAG(s) 'example_xcom_args', 'example_xcom_args_with_operators' retrieved from /Users/nestoralfaro/Desktop/pbi-scenario-two/py_env/lib/python3.9/site-packages/airflow/example_dags/example_xcomargs.py
[2024-05-02T00:15:05.698-0500] {logging_mixin.py:188} INFO - [2024-05-02T00:15:05.698-0500] {dag.py:3096} INFO - Sync 2 DAGs
[2024-05-02T00:15:05.728-0500] {logging_mixin.py:188} INFO - [2024-05-02T00:15:05.728-0500] {dag.py:3954} INFO - Setting next_dagrun for example_xcom_args to None, run_after=None
[2024-05-02T00:15:05.730-0500] {logging_mixin.py:188} INFO - [2024-05-02T00:15:05.730-0500] {dag.py:3954} INFO - Setting next_dagrun for example_xcom_args_with_operators to None, run_after=None
[2024-05-02T00:15:05.737-0500] {processor.py:183} INFO - Processing /Users/nestoralfaro/Desktop/pbi-scenario-two/py_env/lib/python3.9/site-packages/airflow/example_dags/example_xcomargs.py took 0.105 seconds
[2024-05-02T00:16:34.508-0500] {processor.py:161} INFO - Started process (PID=36667) to work on /Users/nestoralfaro/Desktop/pbi-scenario-two/py_env/lib/python3.9/site-packages/airflow/example_dags/example_xcomargs.py
[2024-05-02T00:16:34.509-0500] {processor.py:830} INFO - Processing file /Users/nestoralfaro/Desktop/pbi-scenario-two/py_env/lib/python3.9/site-packages/airflow/example_dags/example_xcomargs.py for tasks to queue
[2024-05-02T00:16:34.509-0500] {logging_mixin.py:188} INFO - [2024-05-02T00:16:34.509-0500] {dagbag.py:540} INFO - Filling up the DagBag from /Users/nestoralfaro/Desktop/pbi-scenario-two/py_env/lib/python3.9/site-packages/airflow/example_dags/example_xcomargs.py
[2024-05-02T00:16:34.526-0500] {processor.py:840} INFO - DAG(s) 'example_xcom_args_with_operators', 'example_xcom_args' retrieved from /Users/nestoralfaro/Desktop/pbi-scenario-two/py_env/lib/python3.9/site-packages/airflow/example_dags/example_xcomargs.py
[2024-05-02T00:16:34.567-0500] {logging_mixin.py:188} INFO - [2024-05-02T00:16:34.567-0500] {dag.py:3096} INFO - Sync 2 DAGs
[2024-05-02T00:16:34.593-0500] {logging_mixin.py:188} INFO - [2024-05-02T00:16:34.593-0500] {dag.py:3954} INFO - Setting next_dagrun for example_xcom_args to None, run_after=None
[2024-05-02T00:16:34.595-0500] {logging_mixin.py:188} INFO - [2024-05-02T00:16:34.595-0500] {dag.py:3954} INFO - Setting next_dagrun for example_xcom_args_with_operators to None, run_after=None
[2024-05-02T00:16:34.601-0500] {processor.py:183} INFO - Processing /Users/nestoralfaro/Desktop/pbi-scenario-two/py_env/lib/python3.9/site-packages/airflow/example_dags/example_xcomargs.py took 0.095 seconds
[2024-05-02T00:17:31.919-0500] {processor.py:161} INFO - Started process (PID=36705) to work on /Users/nestoralfaro/Desktop/pbi-scenario-two/py_env/lib/python3.9/site-packages/airflow/example_dags/example_xcomargs.py
[2024-05-02T00:17:31.921-0500] {processor.py:830} INFO - Processing file /Users/nestoralfaro/Desktop/pbi-scenario-two/py_env/lib/python3.9/site-packages/airflow/example_dags/example_xcomargs.py for tasks to queue
[2024-05-02T00:17:31.921-0500] {logging_mixin.py:188} INFO - [2024-05-02T00:17:31.921-0500] {dagbag.py:540} INFO - Filling up the DagBag from /Users/nestoralfaro/Desktop/pbi-scenario-two/py_env/lib/python3.9/site-packages/airflow/example_dags/example_xcomargs.py
[2024-05-02T00:17:31.937-0500] {processor.py:840} INFO - DAG(s) 'example_xcom_args', 'example_xcom_args_with_operators' retrieved from /Users/nestoralfaro/Desktop/pbi-scenario-two/py_env/lib/python3.9/site-packages/airflow/example_dags/example_xcomargs.py
[2024-05-02T00:17:31.983-0500] {logging_mixin.py:188} INFO - [2024-05-02T00:17:31.983-0500] {dag.py:3096} INFO - Sync 2 DAGs
[2024-05-02T00:17:32.011-0500] {logging_mixin.py:188} INFO - [2024-05-02T00:17:32.011-0500] {dag.py:3954} INFO - Setting next_dagrun for example_xcom_args to None, run_after=None
[2024-05-02T00:17:32.013-0500] {logging_mixin.py:188} INFO - [2024-05-02T00:17:32.013-0500] {dag.py:3954} INFO - Setting next_dagrun for example_xcom_args_with_operators to None, run_after=None
[2024-05-02T00:17:32.020-0500] {processor.py:183} INFO - Processing /Users/nestoralfaro/Desktop/pbi-scenario-two/py_env/lib/python3.9/site-packages/airflow/example_dags/example_xcomargs.py took 0.102 seconds
[2024-05-02T00:18:30.309-0500] {processor.py:161} INFO - Started process (PID=36741) to work on /Users/nestoralfaro/Desktop/pbi-scenario-two/py_env/lib/python3.9/site-packages/airflow/example_dags/example_xcomargs.py
[2024-05-02T00:18:30.311-0500] {processor.py:830} INFO - Processing file /Users/nestoralfaro/Desktop/pbi-scenario-two/py_env/lib/python3.9/site-packages/airflow/example_dags/example_xcomargs.py for tasks to queue
[2024-05-02T00:18:30.312-0500] {logging_mixin.py:188} INFO - [2024-05-02T00:18:30.312-0500] {dagbag.py:540} INFO - Filling up the DagBag from /Users/nestoralfaro/Desktop/pbi-scenario-two/py_env/lib/python3.9/site-packages/airflow/example_dags/example_xcomargs.py
[2024-05-02T00:18:30.328-0500] {processor.py:840} INFO - DAG(s) 'example_xcom_args_with_operators', 'example_xcom_args' retrieved from /Users/nestoralfaro/Desktop/pbi-scenario-two/py_env/lib/python3.9/site-packages/airflow/example_dags/example_xcomargs.py
[2024-05-02T00:18:30.370-0500] {logging_mixin.py:188} INFO - [2024-05-02T00:18:30.370-0500] {dag.py:3096} INFO - Sync 2 DAGs
[2024-05-02T00:18:30.399-0500] {logging_mixin.py:188} INFO - [2024-05-02T00:18:30.399-0500] {dag.py:3954} INFO - Setting next_dagrun for example_xcom_args to None, run_after=None
[2024-05-02T00:18:30.400-0500] {logging_mixin.py:188} INFO - [2024-05-02T00:18:30.400-0500] {dag.py:3954} INFO - Setting next_dagrun for example_xcom_args_with_operators to None, run_after=None
[2024-05-02T00:18:30.406-0500] {processor.py:183} INFO - Processing /Users/nestoralfaro/Desktop/pbi-scenario-two/py_env/lib/python3.9/site-packages/airflow/example_dags/example_xcomargs.py took 0.098 seconds
[2024-05-02T00:19:28.927-0500] {processor.py:161} INFO - Started process (PID=36813) to work on /Users/nestoralfaro/Desktop/pbi-scenario-two/py_env/lib/python3.9/site-packages/airflow/example_dags/example_xcomargs.py
[2024-05-02T00:19:28.929-0500] {processor.py:830} INFO - Processing file /Users/nestoralfaro/Desktop/pbi-scenario-two/py_env/lib/python3.9/site-packages/airflow/example_dags/example_xcomargs.py for tasks to queue
[2024-05-02T00:19:28.929-0500] {logging_mixin.py:188} INFO - [2024-05-02T00:19:28.929-0500] {dagbag.py:540} INFO - Filling up the DagBag from /Users/nestoralfaro/Desktop/pbi-scenario-two/py_env/lib/python3.9/site-packages/airflow/example_dags/example_xcomargs.py
[2024-05-02T00:19:28.945-0500] {processor.py:840} INFO - DAG(s) 'example_xcom_args_with_operators', 'example_xcom_args' retrieved from /Users/nestoralfaro/Desktop/pbi-scenario-two/py_env/lib/python3.9/site-packages/airflow/example_dags/example_xcomargs.py
[2024-05-02T00:19:28.985-0500] {logging_mixin.py:188} INFO - [2024-05-02T00:19:28.985-0500] {dag.py:3096} INFO - Sync 2 DAGs
[2024-05-02T00:19:29.012-0500] {logging_mixin.py:188} INFO - [2024-05-02T00:19:29.012-0500] {dag.py:3954} INFO - Setting next_dagrun for example_xcom_args to None, run_after=None
[2024-05-02T00:19:29.013-0500] {logging_mixin.py:188} INFO - [2024-05-02T00:19:29.013-0500] {dag.py:3954} INFO - Setting next_dagrun for example_xcom_args_with_operators to None, run_after=None
[2024-05-02T00:19:29.019-0500] {processor.py:183} INFO - Processing /Users/nestoralfaro/Desktop/pbi-scenario-two/py_env/lib/python3.9/site-packages/airflow/example_dags/example_xcomargs.py took 0.094 seconds
[2024-05-02T00:20:26.310-0500] {processor.py:161} INFO - Started process (PID=36851) to work on /Users/nestoralfaro/Desktop/pbi-scenario-two/py_env/lib/python3.9/site-packages/airflow/example_dags/example_xcomargs.py
[2024-05-02T00:20:26.311-0500] {processor.py:830} INFO - Processing file /Users/nestoralfaro/Desktop/pbi-scenario-two/py_env/lib/python3.9/site-packages/airflow/example_dags/example_xcomargs.py for tasks to queue
[2024-05-02T00:20:26.311-0500] {logging_mixin.py:188} INFO - [2024-05-02T00:20:26.311-0500] {dagbag.py:540} INFO - Filling up the DagBag from /Users/nestoralfaro/Desktop/pbi-scenario-two/py_env/lib/python3.9/site-packages/airflow/example_dags/example_xcomargs.py
[2024-05-02T00:20:26.328-0500] {processor.py:840} INFO - DAG(s) 'example_xcom_args_with_operators', 'example_xcom_args' retrieved from /Users/nestoralfaro/Desktop/pbi-scenario-two/py_env/lib/python3.9/site-packages/airflow/example_dags/example_xcomargs.py
[2024-05-02T00:20:26.371-0500] {logging_mixin.py:188} INFO - [2024-05-02T00:20:26.371-0500] {dag.py:3096} INFO - Sync 2 DAGs
[2024-05-02T00:20:26.401-0500] {logging_mixin.py:188} INFO - [2024-05-02T00:20:26.400-0500] {dag.py:3954} INFO - Setting next_dagrun for example_xcom_args to None, run_after=None
[2024-05-02T00:20:26.402-0500] {logging_mixin.py:188} INFO - [2024-05-02T00:20:26.402-0500] {dag.py:3954} INFO - Setting next_dagrun for example_xcom_args_with_operators to None, run_after=None
[2024-05-02T00:20:26.409-0500] {processor.py:183} INFO - Processing /Users/nestoralfaro/Desktop/pbi-scenario-two/py_env/lib/python3.9/site-packages/airflow/example_dags/example_xcomargs.py took 0.101 seconds
[2024-05-02T00:21:26.851-0500] {processor.py:161} INFO - Started process (PID=36887) to work on /Users/nestoralfaro/Desktop/pbi-scenario-two/py_env/lib/python3.9/site-packages/airflow/example_dags/example_xcomargs.py
[2024-05-02T00:21:26.852-0500] {processor.py:830} INFO - Processing file /Users/nestoralfaro/Desktop/pbi-scenario-two/py_env/lib/python3.9/site-packages/airflow/example_dags/example_xcomargs.py for tasks to queue
[2024-05-02T00:21:26.852-0500] {logging_mixin.py:188} INFO - [2024-05-02T00:21:26.852-0500] {dagbag.py:540} INFO - Filling up the DagBag from /Users/nestoralfaro/Desktop/pbi-scenario-two/py_env/lib/python3.9/site-packages/airflow/example_dags/example_xcomargs.py
[2024-05-02T00:21:26.869-0500] {processor.py:840} INFO - DAG(s) 'example_xcom_args', 'example_xcom_args_with_operators' retrieved from /Users/nestoralfaro/Desktop/pbi-scenario-two/py_env/lib/python3.9/site-packages/airflow/example_dags/example_xcomargs.py
[2024-05-02T00:21:26.915-0500] {logging_mixin.py:188} INFO - [2024-05-02T00:21:26.915-0500] {dag.py:3096} INFO - Sync 2 DAGs
[2024-05-02T00:21:26.943-0500] {logging_mixin.py:188} INFO - [2024-05-02T00:21:26.943-0500] {dag.py:3954} INFO - Setting next_dagrun for example_xcom_args to None, run_after=None
[2024-05-02T00:21:26.944-0500] {logging_mixin.py:188} INFO - [2024-05-02T00:21:26.944-0500] {dag.py:3954} INFO - Setting next_dagrun for example_xcom_args_with_operators to None, run_after=None
[2024-05-02T00:21:26.951-0500] {processor.py:183} INFO - Processing /Users/nestoralfaro/Desktop/pbi-scenario-two/py_env/lib/python3.9/site-packages/airflow/example_dags/example_xcomargs.py took 0.102 seconds
[2024-05-02T00:22:24.575-0500] {processor.py:161} INFO - Started process (PID=36945) to work on /Users/nestoralfaro/Desktop/pbi-scenario-two/py_env/lib/python3.9/site-packages/airflow/example_dags/example_xcomargs.py
[2024-05-02T00:22:24.576-0500] {processor.py:830} INFO - Processing file /Users/nestoralfaro/Desktop/pbi-scenario-two/py_env/lib/python3.9/site-packages/airflow/example_dags/example_xcomargs.py for tasks to queue
[2024-05-02T00:22:24.576-0500] {logging_mixin.py:188} INFO - [2024-05-02T00:22:24.576-0500] {dagbag.py:540} INFO - Filling up the DagBag from /Users/nestoralfaro/Desktop/pbi-scenario-two/py_env/lib/python3.9/site-packages/airflow/example_dags/example_xcomargs.py
[2024-05-02T00:22:24.593-0500] {processor.py:840} INFO - DAG(s) 'example_xcom_args_with_operators', 'example_xcom_args' retrieved from /Users/nestoralfaro/Desktop/pbi-scenario-two/py_env/lib/python3.9/site-packages/airflow/example_dags/example_xcomargs.py
[2024-05-02T00:22:24.637-0500] {logging_mixin.py:188} INFO - [2024-05-02T00:22:24.636-0500] {dag.py:3096} INFO - Sync 2 DAGs
[2024-05-02T00:22:24.666-0500] {logging_mixin.py:188} INFO - [2024-05-02T00:22:24.665-0500] {dag.py:3954} INFO - Setting next_dagrun for example_xcom_args to None, run_after=None
[2024-05-02T00:22:24.667-0500] {logging_mixin.py:188} INFO - [2024-05-02T00:22:24.667-0500] {dag.py:3954} INFO - Setting next_dagrun for example_xcom_args_with_operators to None, run_after=None
[2024-05-02T00:22:24.673-0500] {processor.py:183} INFO - Processing /Users/nestoralfaro/Desktop/pbi-scenario-two/py_env/lib/python3.9/site-packages/airflow/example_dags/example_xcomargs.py took 0.100 seconds
[2024-05-02T00:23:20.404-0500] {processor.py:161} INFO - Started process (PID=37000) to work on /Users/nestoralfaro/Desktop/pbi-scenario-two/py_env/lib/python3.9/site-packages/airflow/example_dags/example_xcomargs.py
[2024-05-02T00:23:20.406-0500] {processor.py:830} INFO - Processing file /Users/nestoralfaro/Desktop/pbi-scenario-two/py_env/lib/python3.9/site-packages/airflow/example_dags/example_xcomargs.py for tasks to queue
[2024-05-02T00:23:20.407-0500] {logging_mixin.py:188} INFO - [2024-05-02T00:23:20.407-0500] {dagbag.py:540} INFO - Filling up the DagBag from /Users/nestoralfaro/Desktop/pbi-scenario-two/py_env/lib/python3.9/site-packages/airflow/example_dags/example_xcomargs.py
[2024-05-02T00:23:20.424-0500] {processor.py:840} INFO - DAG(s) 'example_xcom_args_with_operators', 'example_xcom_args' retrieved from /Users/nestoralfaro/Desktop/pbi-scenario-two/py_env/lib/python3.9/site-packages/airflow/example_dags/example_xcomargs.py
[2024-05-02T00:23:20.475-0500] {logging_mixin.py:188} INFO - [2024-05-02T00:23:20.474-0500] {dag.py:3096} INFO - Sync 2 DAGs
[2024-05-02T00:23:20.506-0500] {logging_mixin.py:188} INFO - [2024-05-02T00:23:20.506-0500] {dag.py:3954} INFO - Setting next_dagrun for example_xcom_args to None, run_after=None
[2024-05-02T00:23:20.508-0500] {logging_mixin.py:188} INFO - [2024-05-02T00:23:20.508-0500] {dag.py:3954} INFO - Setting next_dagrun for example_xcom_args_with_operators to None, run_after=None
[2024-05-02T00:23:20.516-0500] {processor.py:183} INFO - Processing /Users/nestoralfaro/Desktop/pbi-scenario-two/py_env/lib/python3.9/site-packages/airflow/example_dags/example_xcomargs.py took 0.113 seconds
[2024-05-02T00:24:14.850-0500] {processor.py:161} INFO - Started process (PID=37056) to work on /Users/nestoralfaro/Desktop/pbi-scenario-two/py_env/lib/python3.9/site-packages/airflow/example_dags/example_xcomargs.py
[2024-05-02T00:24:14.853-0500] {processor.py:830} INFO - Processing file /Users/nestoralfaro/Desktop/pbi-scenario-two/py_env/lib/python3.9/site-packages/airflow/example_dags/example_xcomargs.py for tasks to queue
[2024-05-02T00:24:14.853-0500] {logging_mixin.py:188} INFO - [2024-05-02T00:24:14.853-0500] {dagbag.py:540} INFO - Filling up the DagBag from /Users/nestoralfaro/Desktop/pbi-scenario-two/py_env/lib/python3.9/site-packages/airflow/example_dags/example_xcomargs.py
[2024-05-02T00:24:14.869-0500] {processor.py:840} INFO - DAG(s) 'example_xcom_args', 'example_xcom_args_with_operators' retrieved from /Users/nestoralfaro/Desktop/pbi-scenario-two/py_env/lib/python3.9/site-packages/airflow/example_dags/example_xcomargs.py
[2024-05-02T00:24:14.912-0500] {logging_mixin.py:188} INFO - [2024-05-02T00:24:14.912-0500] {dag.py:3096} INFO - Sync 2 DAGs
[2024-05-02T00:24:14.946-0500] {logging_mixin.py:188} INFO - [2024-05-02T00:24:14.945-0500] {dag.py:3954} INFO - Setting next_dagrun for example_xcom_args to None, run_after=None
[2024-05-02T00:24:14.947-0500] {logging_mixin.py:188} INFO - [2024-05-02T00:24:14.947-0500] {dag.py:3954} INFO - Setting next_dagrun for example_xcom_args_with_operators to None, run_after=None
[2024-05-02T00:24:14.954-0500] {processor.py:183} INFO - Processing /Users/nestoralfaro/Desktop/pbi-scenario-two/py_env/lib/python3.9/site-packages/airflow/example_dags/example_xcomargs.py took 0.105 seconds
