[2024-05-01T23:31:02.935-0500] {processor.py:161} INFO - Started process (PID=34771) to work on /Users/nestoralfaro/Desktop/pbi-scenario-two/py_env/lib/python3.9/site-packages/airflow/example_dags/example_kubernetes_executor.py
[2024-05-01T23:31:02.936-0500] {processor.py:830} INFO - Processing file /Users/nestoralfaro/Desktop/pbi-scenario-two/py_env/lib/python3.9/site-packages/airflow/example_dags/example_kubernetes_executor.py for tasks to queue
[2024-05-01T23:31:02.936-0500] {logging_mixin.py:188} INFO - [2024-05-01T23:31:02.936-0500] {dagbag.py:540} INFO - Filling up the DagBag from /Users/nestoralfaro/Desktop/pbi-scenario-two/py_env/lib/python3.9/site-packages/airflow/example_dags/example_kubernetes_executor.py
[2024-05-01T23:31:02.952-0500] {logging_mixin.py:188} INFO - [2024-05-01T23:31:02.952-0500] {example_kubernetes_executor.py:39} WARNING - The example_kubernetes_executor example DAG requires the kubernetes provider. Please install it with: pip install apache-airflow[cncf.kubernetes]
[2024-05-01T23:31:02.952-0500] {processor.py:842} WARNING - No viable dags retrieved from /Users/nestoralfaro/Desktop/pbi-scenario-two/py_env/lib/python3.9/site-packages/airflow/example_dags/example_kubernetes_executor.py
[2024-05-01T23:31:02.986-0500] {processor.py:183} INFO - Processing /Users/nestoralfaro/Desktop/pbi-scenario-two/py_env/lib/python3.9/site-packages/airflow/example_dags/example_kubernetes_executor.py took 0.053 seconds
[2024-05-01T23:33:09.518-0500] {processor.py:161} INFO - Started process (PID=34875) to work on /Users/nestoralfaro/Desktop/pbi-scenario-two/py_env/lib/python3.9/site-packages/airflow/example_dags/example_kubernetes_executor.py
[2024-05-01T23:33:09.520-0500] {processor.py:830} INFO - Processing file /Users/nestoralfaro/Desktop/pbi-scenario-two/py_env/lib/python3.9/site-packages/airflow/example_dags/example_kubernetes_executor.py for tasks to queue
[2024-05-01T23:33:09.521-0500] {logging_mixin.py:188} INFO - [2024-05-01T23:33:09.521-0500] {dagbag.py:540} INFO - Filling up the DagBag from /Users/nestoralfaro/Desktop/pbi-scenario-two/py_env/lib/python3.9/site-packages/airflow/example_dags/example_kubernetes_executor.py
[2024-05-01T23:33:09.537-0500] {logging_mixin.py:188} INFO - [2024-05-01T23:33:09.537-0500] {example_kubernetes_executor.py:39} WARNING - The example_kubernetes_executor example DAG requires the kubernetes provider. Please install it with: pip install apache-airflow[cncf.kubernetes]
[2024-05-01T23:33:09.537-0500] {processor.py:842} WARNING - No viable dags retrieved from /Users/nestoralfaro/Desktop/pbi-scenario-two/py_env/lib/python3.9/site-packages/airflow/example_dags/example_kubernetes_executor.py
[2024-05-01T23:33:09.571-0500] {processor.py:183} INFO - Processing /Users/nestoralfaro/Desktop/pbi-scenario-two/py_env/lib/python3.9/site-packages/airflow/example_dags/example_kubernetes_executor.py took 0.054 seconds
[2024-05-01T23:35:06.567-0500] {processor.py:161} INFO - Started process (PID=34948) to work on /Users/nestoralfaro/Desktop/pbi-scenario-two/py_env/lib/python3.9/site-packages/airflow/example_dags/example_kubernetes_executor.py
[2024-05-01T23:35:06.569-0500] {processor.py:830} INFO - Processing file /Users/nestoralfaro/Desktop/pbi-scenario-two/py_env/lib/python3.9/site-packages/airflow/example_dags/example_kubernetes_executor.py for tasks to queue
[2024-05-01T23:35:06.569-0500] {logging_mixin.py:188} INFO - [2024-05-01T23:35:06.569-0500] {dagbag.py:540} INFO - Filling up the DagBag from /Users/nestoralfaro/Desktop/pbi-scenario-two/py_env/lib/python3.9/site-packages/airflow/example_dags/example_kubernetes_executor.py
[2024-05-01T23:35:06.585-0500] {logging_mixin.py:188} INFO - [2024-05-01T23:35:06.585-0500] {example_kubernetes_executor.py:39} WARNING - The example_kubernetes_executor example DAG requires the kubernetes provider. Please install it with: pip install apache-airflow[cncf.kubernetes]
[2024-05-01T23:35:06.585-0500] {processor.py:842} WARNING - No viable dags retrieved from /Users/nestoralfaro/Desktop/pbi-scenario-two/py_env/lib/python3.9/site-packages/airflow/example_dags/example_kubernetes_executor.py
[2024-05-01T23:35:06.623-0500] {processor.py:183} INFO - Processing /Users/nestoralfaro/Desktop/pbi-scenario-two/py_env/lib/python3.9/site-packages/airflow/example_dags/example_kubernetes_executor.py took 0.058 seconds
[2024-05-01T23:36:57.962-0500] {processor.py:161} INFO - Started process (PID=35016) to work on /Users/nestoralfaro/Desktop/pbi-scenario-two/py_env/lib/python3.9/site-packages/airflow/example_dags/example_kubernetes_executor.py
[2024-05-01T23:36:57.966-0500] {processor.py:830} INFO - Processing file /Users/nestoralfaro/Desktop/pbi-scenario-two/py_env/lib/python3.9/site-packages/airflow/example_dags/example_kubernetes_executor.py for tasks to queue
[2024-05-01T23:36:57.968-0500] {logging_mixin.py:188} INFO - [2024-05-01T23:36:57.967-0500] {dagbag.py:540} INFO - Filling up the DagBag from /Users/nestoralfaro/Desktop/pbi-scenario-two/py_env/lib/python3.9/site-packages/airflow/example_dags/example_kubernetes_executor.py
[2024-05-01T23:36:57.984-0500] {logging_mixin.py:188} INFO - [2024-05-01T23:36:57.984-0500] {example_kubernetes_executor.py:39} WARNING - The example_kubernetes_executor example DAG requires the kubernetes provider. Please install it with: pip install apache-airflow[cncf.kubernetes]
[2024-05-01T23:36:57.984-0500] {processor.py:842} WARNING - No viable dags retrieved from /Users/nestoralfaro/Desktop/pbi-scenario-two/py_env/lib/python3.9/site-packages/airflow/example_dags/example_kubernetes_executor.py
[2024-05-01T23:36:58.022-0500] {processor.py:183} INFO - Processing /Users/nestoralfaro/Desktop/pbi-scenario-two/py_env/lib/python3.9/site-packages/airflow/example_dags/example_kubernetes_executor.py took 0.068 seconds
[2024-05-01T23:38:54.317-0500] {processor.py:161} INFO - Started process (PID=35086) to work on /Users/nestoralfaro/Desktop/pbi-scenario-two/py_env/lib/python3.9/site-packages/airflow/example_dags/example_kubernetes_executor.py
[2024-05-01T23:38:54.318-0500] {processor.py:830} INFO - Processing file /Users/nestoralfaro/Desktop/pbi-scenario-two/py_env/lib/python3.9/site-packages/airflow/example_dags/example_kubernetes_executor.py for tasks to queue
[2024-05-01T23:38:54.319-0500] {logging_mixin.py:188} INFO - [2024-05-01T23:38:54.318-0500] {dagbag.py:540} INFO - Filling up the DagBag from /Users/nestoralfaro/Desktop/pbi-scenario-two/py_env/lib/python3.9/site-packages/airflow/example_dags/example_kubernetes_executor.py
[2024-05-01T23:38:54.334-0500] {logging_mixin.py:188} INFO - [2024-05-01T23:38:54.334-0500] {example_kubernetes_executor.py:39} WARNING - The example_kubernetes_executor example DAG requires the kubernetes provider. Please install it with: pip install apache-airflow[cncf.kubernetes]
[2024-05-01T23:38:54.335-0500] {processor.py:842} WARNING - No viable dags retrieved from /Users/nestoralfaro/Desktop/pbi-scenario-two/py_env/lib/python3.9/site-packages/airflow/example_dags/example_kubernetes_executor.py
[2024-05-01T23:38:54.371-0500] {processor.py:183} INFO - Processing /Users/nestoralfaro/Desktop/pbi-scenario-two/py_env/lib/python3.9/site-packages/airflow/example_dags/example_kubernetes_executor.py took 0.057 seconds
[2024-05-01T23:40:47.419-0500] {processor.py:161} INFO - Started process (PID=35177) to work on /Users/nestoralfaro/Desktop/pbi-scenario-two/py_env/lib/python3.9/site-packages/airflow/example_dags/example_kubernetes_executor.py
[2024-05-01T23:40:47.421-0500] {processor.py:830} INFO - Processing file /Users/nestoralfaro/Desktop/pbi-scenario-two/py_env/lib/python3.9/site-packages/airflow/example_dags/example_kubernetes_executor.py for tasks to queue
[2024-05-01T23:40:47.422-0500] {logging_mixin.py:188} INFO - [2024-05-01T23:40:47.422-0500] {dagbag.py:540} INFO - Filling up the DagBag from /Users/nestoralfaro/Desktop/pbi-scenario-two/py_env/lib/python3.9/site-packages/airflow/example_dags/example_kubernetes_executor.py
[2024-05-01T23:40:47.439-0500] {logging_mixin.py:188} INFO - [2024-05-01T23:40:47.438-0500] {example_kubernetes_executor.py:39} WARNING - The example_kubernetes_executor example DAG requires the kubernetes provider. Please install it with: pip install apache-airflow[cncf.kubernetes]
[2024-05-01T23:40:47.439-0500] {processor.py:842} WARNING - No viable dags retrieved from /Users/nestoralfaro/Desktop/pbi-scenario-two/py_env/lib/python3.9/site-packages/airflow/example_dags/example_kubernetes_executor.py
[2024-05-01T23:40:47.476-0500] {processor.py:183} INFO - Processing /Users/nestoralfaro/Desktop/pbi-scenario-two/py_env/lib/python3.9/site-packages/airflow/example_dags/example_kubernetes_executor.py took 0.060 seconds
[2024-05-01T23:42:48.660-0500] {processor.py:161} INFO - Started process (PID=35282) to work on /Users/nestoralfaro/Desktop/pbi-scenario-two/py_env/lib/python3.9/site-packages/airflow/example_dags/example_kubernetes_executor.py
[2024-05-01T23:42:48.661-0500] {processor.py:830} INFO - Processing file /Users/nestoralfaro/Desktop/pbi-scenario-two/py_env/lib/python3.9/site-packages/airflow/example_dags/example_kubernetes_executor.py for tasks to queue
[2024-05-01T23:42:48.661-0500] {logging_mixin.py:188} INFO - [2024-05-01T23:42:48.661-0500] {dagbag.py:540} INFO - Filling up the DagBag from /Users/nestoralfaro/Desktop/pbi-scenario-two/py_env/lib/python3.9/site-packages/airflow/example_dags/example_kubernetes_executor.py
[2024-05-01T23:42:48.678-0500] {logging_mixin.py:188} INFO - [2024-05-01T23:42:48.678-0500] {example_kubernetes_executor.py:39} WARNING - The example_kubernetes_executor example DAG requires the kubernetes provider. Please install it with: pip install apache-airflow[cncf.kubernetes]
[2024-05-01T23:42:48.678-0500] {processor.py:842} WARNING - No viable dags retrieved from /Users/nestoralfaro/Desktop/pbi-scenario-two/py_env/lib/python3.9/site-packages/airflow/example_dags/example_kubernetes_executor.py
[2024-05-01T23:42:48.713-0500] {processor.py:183} INFO - Processing /Users/nestoralfaro/Desktop/pbi-scenario-two/py_env/lib/python3.9/site-packages/airflow/example_dags/example_kubernetes_executor.py took 0.055 seconds
[2024-05-01T23:44:46.592-0500] {processor.py:161} INFO - Started process (PID=35363) to work on /Users/nestoralfaro/Desktop/pbi-scenario-two/py_env/lib/python3.9/site-packages/airflow/example_dags/example_kubernetes_executor.py
[2024-05-01T23:44:46.594-0500] {processor.py:830} INFO - Processing file /Users/nestoralfaro/Desktop/pbi-scenario-two/py_env/lib/python3.9/site-packages/airflow/example_dags/example_kubernetes_executor.py for tasks to queue
[2024-05-01T23:44:46.595-0500] {logging_mixin.py:188} INFO - [2024-05-01T23:44:46.594-0500] {dagbag.py:540} INFO - Filling up the DagBag from /Users/nestoralfaro/Desktop/pbi-scenario-two/py_env/lib/python3.9/site-packages/airflow/example_dags/example_kubernetes_executor.py
[2024-05-01T23:44:46.608-0500] {logging_mixin.py:188} INFO - [2024-05-01T23:44:46.608-0500] {example_kubernetes_executor.py:39} WARNING - The example_kubernetes_executor example DAG requires the kubernetes provider. Please install it with: pip install apache-airflow[cncf.kubernetes]
[2024-05-01T23:44:46.609-0500] {processor.py:842} WARNING - No viable dags retrieved from /Users/nestoralfaro/Desktop/pbi-scenario-two/py_env/lib/python3.9/site-packages/airflow/example_dags/example_kubernetes_executor.py
[2024-05-01T23:44:46.642-0500] {processor.py:183} INFO - Processing /Users/nestoralfaro/Desktop/pbi-scenario-two/py_env/lib/python3.9/site-packages/airflow/example_dags/example_kubernetes_executor.py took 0.051 seconds
[2024-05-01T23:46:40.805-0500] {processor.py:161} INFO - Started process (PID=35434) to work on /Users/nestoralfaro/Desktop/pbi-scenario-two/py_env/lib/python3.9/site-packages/airflow/example_dags/example_kubernetes_executor.py
[2024-05-01T23:46:40.807-0500] {processor.py:830} INFO - Processing file /Users/nestoralfaro/Desktop/pbi-scenario-two/py_env/lib/python3.9/site-packages/airflow/example_dags/example_kubernetes_executor.py for tasks to queue
[2024-05-01T23:46:40.808-0500] {logging_mixin.py:188} INFO - [2024-05-01T23:46:40.808-0500] {dagbag.py:540} INFO - Filling up the DagBag from /Users/nestoralfaro/Desktop/pbi-scenario-two/py_env/lib/python3.9/site-packages/airflow/example_dags/example_kubernetes_executor.py
[2024-05-01T23:46:40.821-0500] {logging_mixin.py:188} INFO - [2024-05-01T23:46:40.821-0500] {example_kubernetes_executor.py:39} WARNING - The example_kubernetes_executor example DAG requires the kubernetes provider. Please install it with: pip install apache-airflow[cncf.kubernetes]
[2024-05-01T23:46:40.821-0500] {processor.py:842} WARNING - No viable dags retrieved from /Users/nestoralfaro/Desktop/pbi-scenario-two/py_env/lib/python3.9/site-packages/airflow/example_dags/example_kubernetes_executor.py
[2024-05-01T23:46:40.855-0500] {processor.py:183} INFO - Processing /Users/nestoralfaro/Desktop/pbi-scenario-two/py_env/lib/python3.9/site-packages/airflow/example_dags/example_kubernetes_executor.py took 0.051 seconds
[2024-05-01T23:48:31.699-0500] {processor.py:161} INFO - Started process (PID=35512) to work on /Users/nestoralfaro/Desktop/pbi-scenario-two/py_env/lib/python3.9/site-packages/airflow/example_dags/example_kubernetes_executor.py
[2024-05-01T23:48:31.701-0500] {processor.py:830} INFO - Processing file /Users/nestoralfaro/Desktop/pbi-scenario-two/py_env/lib/python3.9/site-packages/airflow/example_dags/example_kubernetes_executor.py for tasks to queue
[2024-05-01T23:48:31.701-0500] {logging_mixin.py:188} INFO - [2024-05-01T23:48:31.701-0500] {dagbag.py:540} INFO - Filling up the DagBag from /Users/nestoralfaro/Desktop/pbi-scenario-two/py_env/lib/python3.9/site-packages/airflow/example_dags/example_kubernetes_executor.py
[2024-05-01T23:48:31.715-0500] {logging_mixin.py:188} INFO - [2024-05-01T23:48:31.715-0500] {example_kubernetes_executor.py:39} WARNING - The example_kubernetes_executor example DAG requires the kubernetes provider. Please install it with: pip install apache-airflow[cncf.kubernetes]
[2024-05-01T23:48:31.715-0500] {processor.py:842} WARNING - No viable dags retrieved from /Users/nestoralfaro/Desktop/pbi-scenario-two/py_env/lib/python3.9/site-packages/airflow/example_dags/example_kubernetes_executor.py
[2024-05-01T23:48:31.748-0500] {processor.py:183} INFO - Processing /Users/nestoralfaro/Desktop/pbi-scenario-two/py_env/lib/python3.9/site-packages/airflow/example_dags/example_kubernetes_executor.py took 0.051 seconds
[2024-05-01T23:50:28.911-0500] {processor.py:161} INFO - Started process (PID=35592) to work on /Users/nestoralfaro/Desktop/pbi-scenario-two/py_env/lib/python3.9/site-packages/airflow/example_dags/example_kubernetes_executor.py
[2024-05-01T23:50:28.913-0500] {processor.py:830} INFO - Processing file /Users/nestoralfaro/Desktop/pbi-scenario-two/py_env/lib/python3.9/site-packages/airflow/example_dags/example_kubernetes_executor.py for tasks to queue
[2024-05-01T23:50:28.914-0500] {logging_mixin.py:188} INFO - [2024-05-01T23:50:28.913-0500] {dagbag.py:540} INFO - Filling up the DagBag from /Users/nestoralfaro/Desktop/pbi-scenario-two/py_env/lib/python3.9/site-packages/airflow/example_dags/example_kubernetes_executor.py
[2024-05-01T23:50:28.929-0500] {logging_mixin.py:188} INFO - [2024-05-01T23:50:28.929-0500] {example_kubernetes_executor.py:39} WARNING - The example_kubernetes_executor example DAG requires the kubernetes provider. Please install it with: pip install apache-airflow[cncf.kubernetes]
[2024-05-01T23:50:28.929-0500] {processor.py:842} WARNING - No viable dags retrieved from /Users/nestoralfaro/Desktop/pbi-scenario-two/py_env/lib/python3.9/site-packages/airflow/example_dags/example_kubernetes_executor.py
[2024-05-01T23:50:28.965-0500] {processor.py:183} INFO - Processing /Users/nestoralfaro/Desktop/pbi-scenario-two/py_env/lib/python3.9/site-packages/airflow/example_dags/example_kubernetes_executor.py took 0.056 seconds
[2024-05-01T23:52:21.787-0500] {processor.py:161} INFO - Started process (PID=35678) to work on /Users/nestoralfaro/Desktop/pbi-scenario-two/py_env/lib/python3.9/site-packages/airflow/example_dags/example_kubernetes_executor.py
[2024-05-01T23:52:21.789-0500] {processor.py:830} INFO - Processing file /Users/nestoralfaro/Desktop/pbi-scenario-two/py_env/lib/python3.9/site-packages/airflow/example_dags/example_kubernetes_executor.py for tasks to queue
[2024-05-01T23:52:21.789-0500] {logging_mixin.py:188} INFO - [2024-05-01T23:52:21.789-0500] {dagbag.py:540} INFO - Filling up the DagBag from /Users/nestoralfaro/Desktop/pbi-scenario-two/py_env/lib/python3.9/site-packages/airflow/example_dags/example_kubernetes_executor.py
[2024-05-01T23:52:21.803-0500] {logging_mixin.py:188} INFO - [2024-05-01T23:52:21.803-0500] {example_kubernetes_executor.py:39} WARNING - The example_kubernetes_executor example DAG requires the kubernetes provider. Please install it with: pip install apache-airflow[cncf.kubernetes]
[2024-05-01T23:52:21.804-0500] {processor.py:842} WARNING - No viable dags retrieved from /Users/nestoralfaro/Desktop/pbi-scenario-two/py_env/lib/python3.9/site-packages/airflow/example_dags/example_kubernetes_executor.py
[2024-05-01T23:52:21.839-0500] {processor.py:183} INFO - Processing /Users/nestoralfaro/Desktop/pbi-scenario-two/py_env/lib/python3.9/site-packages/airflow/example_dags/example_kubernetes_executor.py took 0.053 seconds
[2024-05-01T23:54:19.802-0500] {processor.py:161} INFO - Started process (PID=35746) to work on /Users/nestoralfaro/Desktop/pbi-scenario-two/py_env/lib/python3.9/site-packages/airflow/example_dags/example_kubernetes_executor.py
[2024-05-01T23:54:19.803-0500] {processor.py:830} INFO - Processing file /Users/nestoralfaro/Desktop/pbi-scenario-two/py_env/lib/python3.9/site-packages/airflow/example_dags/example_kubernetes_executor.py for tasks to queue
[2024-05-01T23:54:19.804-0500] {logging_mixin.py:188} INFO - [2024-05-01T23:54:19.804-0500] {dagbag.py:540} INFO - Filling up the DagBag from /Users/nestoralfaro/Desktop/pbi-scenario-two/py_env/lib/python3.9/site-packages/airflow/example_dags/example_kubernetes_executor.py
[2024-05-01T23:54:19.818-0500] {logging_mixin.py:188} INFO - [2024-05-01T23:54:19.818-0500] {example_kubernetes_executor.py:39} WARNING - The example_kubernetes_executor example DAG requires the kubernetes provider. Please install it with: pip install apache-airflow[cncf.kubernetes]
[2024-05-01T23:54:19.819-0500] {processor.py:842} WARNING - No viable dags retrieved from /Users/nestoralfaro/Desktop/pbi-scenario-two/py_env/lib/python3.9/site-packages/airflow/example_dags/example_kubernetes_executor.py
[2024-05-01T23:54:19.854-0500] {processor.py:183} INFO - Processing /Users/nestoralfaro/Desktop/pbi-scenario-two/py_env/lib/python3.9/site-packages/airflow/example_dags/example_kubernetes_executor.py took 0.054 seconds
[2024-05-01T23:56:12.310-0500] {processor.py:161} INFO - Started process (PID=35815) to work on /Users/nestoralfaro/Desktop/pbi-scenario-two/py_env/lib/python3.9/site-packages/airflow/example_dags/example_kubernetes_executor.py
[2024-05-01T23:56:12.311-0500] {processor.py:830} INFO - Processing file /Users/nestoralfaro/Desktop/pbi-scenario-two/py_env/lib/python3.9/site-packages/airflow/example_dags/example_kubernetes_executor.py for tasks to queue
[2024-05-01T23:56:12.312-0500] {logging_mixin.py:188} INFO - [2024-05-01T23:56:12.312-0500] {dagbag.py:540} INFO - Filling up the DagBag from /Users/nestoralfaro/Desktop/pbi-scenario-two/py_env/lib/python3.9/site-packages/airflow/example_dags/example_kubernetes_executor.py
[2024-05-01T23:56:12.326-0500] {logging_mixin.py:188} INFO - [2024-05-01T23:56:12.326-0500] {example_kubernetes_executor.py:39} WARNING - The example_kubernetes_executor example DAG requires the kubernetes provider. Please install it with: pip install apache-airflow[cncf.kubernetes]
[2024-05-01T23:56:12.326-0500] {processor.py:842} WARNING - No viable dags retrieved from /Users/nestoralfaro/Desktop/pbi-scenario-two/py_env/lib/python3.9/site-packages/airflow/example_dags/example_kubernetes_executor.py
[2024-05-01T23:56:12.359-0500] {processor.py:183} INFO - Processing /Users/nestoralfaro/Desktop/pbi-scenario-two/py_env/lib/python3.9/site-packages/airflow/example_dags/example_kubernetes_executor.py took 0.051 seconds
[2024-05-01T23:58:03.343-0500] {processor.py:161} INFO - Started process (PID=35884) to work on /Users/nestoralfaro/Desktop/pbi-scenario-two/py_env/lib/python3.9/site-packages/airflow/example_dags/example_kubernetes_executor.py
[2024-05-01T23:58:03.345-0500] {processor.py:830} INFO - Processing file /Users/nestoralfaro/Desktop/pbi-scenario-two/py_env/lib/python3.9/site-packages/airflow/example_dags/example_kubernetes_executor.py for tasks to queue
[2024-05-01T23:58:03.345-0500] {logging_mixin.py:188} INFO - [2024-05-01T23:58:03.345-0500] {dagbag.py:540} INFO - Filling up the DagBag from /Users/nestoralfaro/Desktop/pbi-scenario-two/py_env/lib/python3.9/site-packages/airflow/example_dags/example_kubernetes_executor.py
[2024-05-01T23:58:03.358-0500] {logging_mixin.py:188} INFO - [2024-05-01T23:58:03.358-0500] {example_kubernetes_executor.py:39} WARNING - The example_kubernetes_executor example DAG requires the kubernetes provider. Please install it with: pip install apache-airflow[cncf.kubernetes]
[2024-05-01T23:58:03.358-0500] {processor.py:842} WARNING - No viable dags retrieved from /Users/nestoralfaro/Desktop/pbi-scenario-two/py_env/lib/python3.9/site-packages/airflow/example_dags/example_kubernetes_executor.py
[2024-05-01T23:58:03.392-0500] {processor.py:183} INFO - Processing /Users/nestoralfaro/Desktop/pbi-scenario-two/py_env/lib/python3.9/site-packages/airflow/example_dags/example_kubernetes_executor.py took 0.049 seconds
[2024-05-01T23:59:54.916-0500] {processor.py:161} INFO - Started process (PID=35954) to work on /Users/nestoralfaro/Desktop/pbi-scenario-two/py_env/lib/python3.9/site-packages/airflow/example_dags/example_kubernetes_executor.py
[2024-05-01T23:59:54.917-0500] {processor.py:830} INFO - Processing file /Users/nestoralfaro/Desktop/pbi-scenario-two/py_env/lib/python3.9/site-packages/airflow/example_dags/example_kubernetes_executor.py for tasks to queue
[2024-05-01T23:59:54.917-0500] {logging_mixin.py:188} INFO - [2024-05-01T23:59:54.917-0500] {dagbag.py:540} INFO - Filling up the DagBag from /Users/nestoralfaro/Desktop/pbi-scenario-two/py_env/lib/python3.9/site-packages/airflow/example_dags/example_kubernetes_executor.py
[2024-05-01T23:59:54.931-0500] {logging_mixin.py:188} INFO - [2024-05-01T23:59:54.931-0500] {example_kubernetes_executor.py:39} WARNING - The example_kubernetes_executor example DAG requires the kubernetes provider. Please install it with: pip install apache-airflow[cncf.kubernetes]
[2024-05-01T23:59:54.931-0500] {processor.py:842} WARNING - No viable dags retrieved from /Users/nestoralfaro/Desktop/pbi-scenario-two/py_env/lib/python3.9/site-packages/airflow/example_dags/example_kubernetes_executor.py
[2024-05-01T23:59:54.964-0500] {processor.py:183} INFO - Processing /Users/nestoralfaro/Desktop/pbi-scenario-two/py_env/lib/python3.9/site-packages/airflow/example_dags/example_kubernetes_executor.py took 0.050 seconds
[2024-05-02T00:01:48.070-0500] {processor.py:161} INFO - Started process (PID=36053) to work on /Users/nestoralfaro/Desktop/pbi-scenario-two/py_env/lib/python3.9/site-packages/airflow/example_dags/example_kubernetes_executor.py
[2024-05-02T00:01:48.072-0500] {processor.py:830} INFO - Processing file /Users/nestoralfaro/Desktop/pbi-scenario-two/py_env/lib/python3.9/site-packages/airflow/example_dags/example_kubernetes_executor.py for tasks to queue
[2024-05-02T00:01:48.072-0500] {logging_mixin.py:188} INFO - [2024-05-02T00:01:48.072-0500] {dagbag.py:540} INFO - Filling up the DagBag from /Users/nestoralfaro/Desktop/pbi-scenario-two/py_env/lib/python3.9/site-packages/airflow/example_dags/example_kubernetes_executor.py
[2024-05-02T00:01:48.088-0500] {logging_mixin.py:188} INFO - [2024-05-02T00:01:48.087-0500] {example_kubernetes_executor.py:39} WARNING - The example_kubernetes_executor example DAG requires the kubernetes provider. Please install it with: pip install apache-airflow[cncf.kubernetes]
[2024-05-02T00:01:48.088-0500] {processor.py:842} WARNING - No viable dags retrieved from /Users/nestoralfaro/Desktop/pbi-scenario-two/py_env/lib/python3.9/site-packages/airflow/example_dags/example_kubernetes_executor.py
[2024-05-02T00:01:48.125-0500] {processor.py:183} INFO - Processing /Users/nestoralfaro/Desktop/pbi-scenario-two/py_env/lib/python3.9/site-packages/airflow/example_dags/example_kubernetes_executor.py took 0.056 seconds
[2024-05-02T00:03:46.075-0500] {processor.py:161} INFO - Started process (PID=36135) to work on /Users/nestoralfaro/Desktop/pbi-scenario-two/py_env/lib/python3.9/site-packages/airflow/example_dags/example_kubernetes_executor.py
[2024-05-02T00:03:46.077-0500] {processor.py:830} INFO - Processing file /Users/nestoralfaro/Desktop/pbi-scenario-two/py_env/lib/python3.9/site-packages/airflow/example_dags/example_kubernetes_executor.py for tasks to queue
[2024-05-02T00:03:46.077-0500] {logging_mixin.py:188} INFO - [2024-05-02T00:03:46.077-0500] {dagbag.py:540} INFO - Filling up the DagBag from /Users/nestoralfaro/Desktop/pbi-scenario-two/py_env/lib/python3.9/site-packages/airflow/example_dags/example_kubernetes_executor.py
[2024-05-02T00:03:46.091-0500] {logging_mixin.py:188} INFO - [2024-05-02T00:03:46.091-0500] {example_kubernetes_executor.py:39} WARNING - The example_kubernetes_executor example DAG requires the kubernetes provider. Please install it with: pip install apache-airflow[cncf.kubernetes]
[2024-05-02T00:03:46.091-0500] {processor.py:842} WARNING - No viable dags retrieved from /Users/nestoralfaro/Desktop/pbi-scenario-two/py_env/lib/python3.9/site-packages/airflow/example_dags/example_kubernetes_executor.py
[2024-05-02T00:03:46.125-0500] {processor.py:183} INFO - Processing /Users/nestoralfaro/Desktop/pbi-scenario-two/py_env/lib/python3.9/site-packages/airflow/example_dags/example_kubernetes_executor.py took 0.051 seconds
[2024-05-02T00:05:39.249-0500] {processor.py:161} INFO - Started process (PID=36208) to work on /Users/nestoralfaro/Desktop/pbi-scenario-two/py_env/lib/python3.9/site-packages/airflow/example_dags/example_kubernetes_executor.py
[2024-05-02T00:05:39.251-0500] {processor.py:830} INFO - Processing file /Users/nestoralfaro/Desktop/pbi-scenario-two/py_env/lib/python3.9/site-packages/airflow/example_dags/example_kubernetes_executor.py for tasks to queue
[2024-05-02T00:05:39.251-0500] {logging_mixin.py:188} INFO - [2024-05-02T00:05:39.251-0500] {dagbag.py:540} INFO - Filling up the DagBag from /Users/nestoralfaro/Desktop/pbi-scenario-two/py_env/lib/python3.9/site-packages/airflow/example_dags/example_kubernetes_executor.py
[2024-05-02T00:05:39.266-0500] {logging_mixin.py:188} INFO - [2024-05-02T00:05:39.266-0500] {example_kubernetes_executor.py:39} WARNING - The example_kubernetes_executor example DAG requires the kubernetes provider. Please install it with: pip install apache-airflow[cncf.kubernetes]
[2024-05-02T00:05:39.266-0500] {processor.py:842} WARNING - No viable dags retrieved from /Users/nestoralfaro/Desktop/pbi-scenario-two/py_env/lib/python3.9/site-packages/airflow/example_dags/example_kubernetes_executor.py
[2024-05-02T00:05:39.302-0500] {processor.py:183} INFO - Processing /Users/nestoralfaro/Desktop/pbi-scenario-two/py_env/lib/python3.9/site-packages/airflow/example_dags/example_kubernetes_executor.py took 0.055 seconds
[2024-05-02T00:07:27.066-0500] {processor.py:161} INFO - Started process (PID=36293) to work on /Users/nestoralfaro/Desktop/pbi-scenario-two/py_env/lib/python3.9/site-packages/airflow/example_dags/example_kubernetes_executor.py
[2024-05-02T00:07:27.068-0500] {processor.py:830} INFO - Processing file /Users/nestoralfaro/Desktop/pbi-scenario-two/py_env/lib/python3.9/site-packages/airflow/example_dags/example_kubernetes_executor.py for tasks to queue
[2024-05-02T00:07:27.068-0500] {logging_mixin.py:188} INFO - [2024-05-02T00:07:27.068-0500] {dagbag.py:540} INFO - Filling up the DagBag from /Users/nestoralfaro/Desktop/pbi-scenario-two/py_env/lib/python3.9/site-packages/airflow/example_dags/example_kubernetes_executor.py
[2024-05-02T00:07:27.081-0500] {logging_mixin.py:188} INFO - [2024-05-02T00:07:27.081-0500] {example_kubernetes_executor.py:39} WARNING - The example_kubernetes_executor example DAG requires the kubernetes provider. Please install it with: pip install apache-airflow[cncf.kubernetes]
[2024-05-02T00:07:27.082-0500] {processor.py:842} WARNING - No viable dags retrieved from /Users/nestoralfaro/Desktop/pbi-scenario-two/py_env/lib/python3.9/site-packages/airflow/example_dags/example_kubernetes_executor.py
[2024-05-02T00:07:27.115-0500] {processor.py:183} INFO - Processing /Users/nestoralfaro/Desktop/pbi-scenario-two/py_env/lib/python3.9/site-packages/airflow/example_dags/example_kubernetes_executor.py took 0.050 seconds
[2024-05-02T00:09:21.044-0500] {processor.py:161} INFO - Started process (PID=36362) to work on /Users/nestoralfaro/Desktop/pbi-scenario-two/py_env/lib/python3.9/site-packages/airflow/example_dags/example_kubernetes_executor.py
[2024-05-02T00:09:21.046-0500] {processor.py:830} INFO - Processing file /Users/nestoralfaro/Desktop/pbi-scenario-two/py_env/lib/python3.9/site-packages/airflow/example_dags/example_kubernetes_executor.py for tasks to queue
[2024-05-02T00:09:21.047-0500] {logging_mixin.py:188} INFO - [2024-05-02T00:09:21.047-0500] {dagbag.py:540} INFO - Filling up the DagBag from /Users/nestoralfaro/Desktop/pbi-scenario-two/py_env/lib/python3.9/site-packages/airflow/example_dags/example_kubernetes_executor.py
[2024-05-02T00:09:21.061-0500] {logging_mixin.py:188} INFO - [2024-05-02T00:09:21.061-0500] {example_kubernetes_executor.py:39} WARNING - The example_kubernetes_executor example DAG requires the kubernetes provider. Please install it with: pip install apache-airflow[cncf.kubernetes]
[2024-05-02T00:09:21.061-0500] {processor.py:842} WARNING - No viable dags retrieved from /Users/nestoralfaro/Desktop/pbi-scenario-two/py_env/lib/python3.9/site-packages/airflow/example_dags/example_kubernetes_executor.py
[2024-05-02T00:09:21.095-0500] {processor.py:183} INFO - Processing /Users/nestoralfaro/Desktop/pbi-scenario-two/py_env/lib/python3.9/site-packages/airflow/example_dags/example_kubernetes_executor.py took 0.052 seconds
[2024-05-02T00:11:56.876-0500] {processor.py:161} INFO - Started process (PID=36473) to work on /Users/nestoralfaro/Desktop/pbi-scenario-two/py_env/lib/python3.9/site-packages/airflow/example_dags/example_kubernetes_executor.py
[2024-05-02T00:11:56.878-0500] {processor.py:830} INFO - Processing file /Users/nestoralfaro/Desktop/pbi-scenario-two/py_env/lib/python3.9/site-packages/airflow/example_dags/example_kubernetes_executor.py for tasks to queue
[2024-05-02T00:11:56.878-0500] {logging_mixin.py:188} INFO - [2024-05-02T00:11:56.878-0500] {dagbag.py:540} INFO - Filling up the DagBag from /Users/nestoralfaro/Desktop/pbi-scenario-two/py_env/lib/python3.9/site-packages/airflow/example_dags/example_kubernetes_executor.py
[2024-05-02T00:11:56.893-0500] {logging_mixin.py:188} INFO - [2024-05-02T00:11:56.893-0500] {example_kubernetes_executor.py:39} WARNING - The example_kubernetes_executor example DAG requires the kubernetes provider. Please install it with: pip install apache-airflow[cncf.kubernetes]
[2024-05-02T00:11:56.893-0500] {processor.py:842} WARNING - No viable dags retrieved from /Users/nestoralfaro/Desktop/pbi-scenario-two/py_env/lib/python3.9/site-packages/airflow/example_dags/example_kubernetes_executor.py
[2024-05-02T00:11:56.926-0500] {processor.py:183} INFO - Processing /Users/nestoralfaro/Desktop/pbi-scenario-two/py_env/lib/python3.9/site-packages/airflow/example_dags/example_kubernetes_executor.py took 0.052 seconds
[2024-05-02T00:13:50.059-0500] {processor.py:161} INFO - Started process (PID=36558) to work on /Users/nestoralfaro/Desktop/pbi-scenario-two/py_env/lib/python3.9/site-packages/airflow/example_dags/example_kubernetes_executor.py
[2024-05-02T00:13:50.061-0500] {processor.py:830} INFO - Processing file /Users/nestoralfaro/Desktop/pbi-scenario-two/py_env/lib/python3.9/site-packages/airflow/example_dags/example_kubernetes_executor.py for tasks to queue
[2024-05-02T00:13:50.061-0500] {logging_mixin.py:188} INFO - [2024-05-02T00:13:50.061-0500] {dagbag.py:540} INFO - Filling up the DagBag from /Users/nestoralfaro/Desktop/pbi-scenario-two/py_env/lib/python3.9/site-packages/airflow/example_dags/example_kubernetes_executor.py
[2024-05-02T00:13:50.077-0500] {logging_mixin.py:188} INFO - [2024-05-02T00:13:50.076-0500] {example_kubernetes_executor.py:39} WARNING - The example_kubernetes_executor example DAG requires the kubernetes provider. Please install it with: pip install apache-airflow[cncf.kubernetes]
[2024-05-02T00:13:50.077-0500] {processor.py:842} WARNING - No viable dags retrieved from /Users/nestoralfaro/Desktop/pbi-scenario-two/py_env/lib/python3.9/site-packages/airflow/example_dags/example_kubernetes_executor.py
[2024-05-02T00:13:50.110-0500] {processor.py:183} INFO - Processing /Users/nestoralfaro/Desktop/pbi-scenario-two/py_env/lib/python3.9/site-packages/airflow/example_dags/example_kubernetes_executor.py took 0.052 seconds
[2024-05-02T00:15:49.427-0500] {processor.py:161} INFO - Started process (PID=36638) to work on /Users/nestoralfaro/Desktop/pbi-scenario-two/py_env/lib/python3.9/site-packages/airflow/example_dags/example_kubernetes_executor.py
[2024-05-02T00:15:49.429-0500] {processor.py:830} INFO - Processing file /Users/nestoralfaro/Desktop/pbi-scenario-two/py_env/lib/python3.9/site-packages/airflow/example_dags/example_kubernetes_executor.py for tasks to queue
[2024-05-02T00:15:49.430-0500] {logging_mixin.py:188} INFO - [2024-05-02T00:15:49.430-0500] {dagbag.py:540} INFO - Filling up the DagBag from /Users/nestoralfaro/Desktop/pbi-scenario-two/py_env/lib/python3.9/site-packages/airflow/example_dags/example_kubernetes_executor.py
[2024-05-02T00:15:49.444-0500] {logging_mixin.py:188} INFO - [2024-05-02T00:15:49.444-0500] {example_kubernetes_executor.py:39} WARNING - The example_kubernetes_executor example DAG requires the kubernetes provider. Please install it with: pip install apache-airflow[cncf.kubernetes]
[2024-05-02T00:15:49.445-0500] {processor.py:842} WARNING - No viable dags retrieved from /Users/nestoralfaro/Desktop/pbi-scenario-two/py_env/lib/python3.9/site-packages/airflow/example_dags/example_kubernetes_executor.py
[2024-05-02T00:15:49.480-0500] {processor.py:183} INFO - Processing /Users/nestoralfaro/Desktop/pbi-scenario-two/py_env/lib/python3.9/site-packages/airflow/example_dags/example_kubernetes_executor.py took 0.054 seconds
[2024-05-02T00:17:46.454-0500] {processor.py:161} INFO - Started process (PID=36714) to work on /Users/nestoralfaro/Desktop/pbi-scenario-two/py_env/lib/python3.9/site-packages/airflow/example_dags/example_kubernetes_executor.py
[2024-05-02T00:17:46.455-0500] {processor.py:830} INFO - Processing file /Users/nestoralfaro/Desktop/pbi-scenario-two/py_env/lib/python3.9/site-packages/airflow/example_dags/example_kubernetes_executor.py for tasks to queue
[2024-05-02T00:17:46.455-0500] {logging_mixin.py:188} INFO - [2024-05-02T00:17:46.455-0500] {dagbag.py:540} INFO - Filling up the DagBag from /Users/nestoralfaro/Desktop/pbi-scenario-two/py_env/lib/python3.9/site-packages/airflow/example_dags/example_kubernetes_executor.py
[2024-05-02T00:17:46.471-0500] {logging_mixin.py:188} INFO - [2024-05-02T00:17:46.471-0500] {example_kubernetes_executor.py:39} WARNING - The example_kubernetes_executor example DAG requires the kubernetes provider. Please install it with: pip install apache-airflow[cncf.kubernetes]
[2024-05-02T00:17:46.471-0500] {processor.py:842} WARNING - No viable dags retrieved from /Users/nestoralfaro/Desktop/pbi-scenario-two/py_env/lib/python3.9/site-packages/airflow/example_dags/example_kubernetes_executor.py
[2024-05-02T00:17:46.506-0500] {processor.py:183} INFO - Processing /Users/nestoralfaro/Desktop/pbi-scenario-two/py_env/lib/python3.9/site-packages/airflow/example_dags/example_kubernetes_executor.py took 0.053 seconds
[2024-05-02T00:19:41.536-0500] {processor.py:161} INFO - Started process (PID=36823) to work on /Users/nestoralfaro/Desktop/pbi-scenario-two/py_env/lib/python3.9/site-packages/airflow/example_dags/example_kubernetes_executor.py
[2024-05-02T00:19:41.538-0500] {processor.py:830} INFO - Processing file /Users/nestoralfaro/Desktop/pbi-scenario-two/py_env/lib/python3.9/site-packages/airflow/example_dags/example_kubernetes_executor.py for tasks to queue
[2024-05-02T00:19:41.539-0500] {logging_mixin.py:188} INFO - [2024-05-02T00:19:41.538-0500] {dagbag.py:540} INFO - Filling up the DagBag from /Users/nestoralfaro/Desktop/pbi-scenario-two/py_env/lib/python3.9/site-packages/airflow/example_dags/example_kubernetes_executor.py
[2024-05-02T00:19:41.553-0500] {logging_mixin.py:188} INFO - [2024-05-02T00:19:41.553-0500] {example_kubernetes_executor.py:39} WARNING - The example_kubernetes_executor example DAG requires the kubernetes provider. Please install it with: pip install apache-airflow[cncf.kubernetes]
[2024-05-02T00:19:41.553-0500] {processor.py:842} WARNING - No viable dags retrieved from /Users/nestoralfaro/Desktop/pbi-scenario-two/py_env/lib/python3.9/site-packages/airflow/example_dags/example_kubernetes_executor.py
[2024-05-02T00:19:41.591-0500] {processor.py:183} INFO - Processing /Users/nestoralfaro/Desktop/pbi-scenario-two/py_env/lib/python3.9/site-packages/airflow/example_dags/example_kubernetes_executor.py took 0.056 seconds
[2024-05-02T00:21:38.409-0500] {processor.py:161} INFO - Started process (PID=36895) to work on /Users/nestoralfaro/Desktop/pbi-scenario-two/py_env/lib/python3.9/site-packages/airflow/example_dags/example_kubernetes_executor.py
[2024-05-02T00:21:38.410-0500] {processor.py:830} INFO - Processing file /Users/nestoralfaro/Desktop/pbi-scenario-two/py_env/lib/python3.9/site-packages/airflow/example_dags/example_kubernetes_executor.py for tasks to queue
[2024-05-02T00:21:38.410-0500] {logging_mixin.py:188} INFO - [2024-05-02T00:21:38.410-0500] {dagbag.py:540} INFO - Filling up the DagBag from /Users/nestoralfaro/Desktop/pbi-scenario-two/py_env/lib/python3.9/site-packages/airflow/example_dags/example_kubernetes_executor.py
[2024-05-02T00:21:38.425-0500] {logging_mixin.py:188} INFO - [2024-05-02T00:21:38.425-0500] {example_kubernetes_executor.py:39} WARNING - The example_kubernetes_executor example DAG requires the kubernetes provider. Please install it with: pip install apache-airflow[cncf.kubernetes]
[2024-05-02T00:21:38.425-0500] {processor.py:842} WARNING - No viable dags retrieved from /Users/nestoralfaro/Desktop/pbi-scenario-two/py_env/lib/python3.9/site-packages/airflow/example_dags/example_kubernetes_executor.py
[2024-05-02T00:21:38.461-0500] {processor.py:183} INFO - Processing /Users/nestoralfaro/Desktop/pbi-scenario-two/py_env/lib/python3.9/site-packages/airflow/example_dags/example_kubernetes_executor.py took 0.053 seconds
[2024-05-02T00:23:30.910-0500] {processor.py:161} INFO - Started process (PID=37006) to work on /Users/nestoralfaro/Desktop/pbi-scenario-two/py_env/lib/python3.9/site-packages/airflow/example_dags/example_kubernetes_executor.py
[2024-05-02T00:23:30.912-0500] {processor.py:830} INFO - Processing file /Users/nestoralfaro/Desktop/pbi-scenario-two/py_env/lib/python3.9/site-packages/airflow/example_dags/example_kubernetes_executor.py for tasks to queue
[2024-05-02T00:23:30.912-0500] {logging_mixin.py:188} INFO - [2024-05-02T00:23:30.912-0500] {dagbag.py:540} INFO - Filling up the DagBag from /Users/nestoralfaro/Desktop/pbi-scenario-two/py_env/lib/python3.9/site-packages/airflow/example_dags/example_kubernetes_executor.py
[2024-05-02T00:23:30.926-0500] {logging_mixin.py:188} INFO - [2024-05-02T00:23:30.926-0500] {example_kubernetes_executor.py:39} WARNING - The example_kubernetes_executor example DAG requires the kubernetes provider. Please install it with: pip install apache-airflow[cncf.kubernetes]
[2024-05-02T00:23:30.926-0500] {processor.py:842} WARNING - No viable dags retrieved from /Users/nestoralfaro/Desktop/pbi-scenario-two/py_env/lib/python3.9/site-packages/airflow/example_dags/example_kubernetes_executor.py
[2024-05-02T00:23:30.959-0500] {processor.py:183} INFO - Processing /Users/nestoralfaro/Desktop/pbi-scenario-two/py_env/lib/python3.9/site-packages/airflow/example_dags/example_kubernetes_executor.py took 0.051 seconds
