[2024-05-01T23:31:07.841-0500] {processor.py:161} INFO - Started process (PID=34774) to work on /Users/nestoralfaro/Desktop/pbi-scenario-two/py_env/lib/python3.9/site-packages/airflow/example_dags/example_dynamic_task_mapping.py
[2024-05-01T23:31:07.842-0500] {processor.py:830} INFO - Processing file /Users/nestoralfaro/Desktop/pbi-scenario-two/py_env/lib/python3.9/site-packages/airflow/example_dags/example_dynamic_task_mapping.py for tasks to queue
[2024-05-01T23:31:07.843-0500] {logging_mixin.py:188} INFO - [2024-05-01T23:31:07.843-0500] {dagbag.py:540} INFO - Filling up the DagBag from /Users/nestoralfaro/Desktop/pbi-scenario-two/py_env/lib/python3.9/site-packages/airflow/example_dags/example_dynamic_task_mapping.py
[2024-05-01T23:31:07.858-0500] {processor.py:840} INFO - DAG(s) 'example_dynamic_task_mapping' retrieved from /Users/nestoralfaro/Desktop/pbi-scenario-two/py_env/lib/python3.9/site-packages/airflow/example_dags/example_dynamic_task_mapping.py
[2024-05-01T23:31:07.955-0500] {logging_mixin.py:188} INFO - [2024-05-01T23:31:07.955-0500] {dag.py:3096} INFO - Sync 1 DAGs
[2024-05-01T23:31:07.963-0500] {logging_mixin.py:188} INFO - [2024-05-01T23:31:07.963-0500] {dag.py:3954} INFO - Setting next_dagrun for example_dynamic_task_mapping to 2022-03-04 00:00:00+00:00, run_after=2022-03-05 00:00:00+00:00
[2024-05-01T23:31:07.970-0500] {processor.py:183} INFO - Processing /Users/nestoralfaro/Desktop/pbi-scenario-two/py_env/lib/python3.9/site-packages/airflow/example_dags/example_dynamic_task_mapping.py took 0.131 seconds
[2024-05-01T23:33:14.383-0500] {processor.py:161} INFO - Started process (PID=34879) to work on /Users/nestoralfaro/Desktop/pbi-scenario-two/py_env/lib/python3.9/site-packages/airflow/example_dags/example_dynamic_task_mapping.py
[2024-05-01T23:33:14.385-0500] {processor.py:830} INFO - Processing file /Users/nestoralfaro/Desktop/pbi-scenario-two/py_env/lib/python3.9/site-packages/airflow/example_dags/example_dynamic_task_mapping.py for tasks to queue
[2024-05-01T23:33:14.385-0500] {logging_mixin.py:188} INFO - [2024-05-01T23:33:14.385-0500] {dagbag.py:540} INFO - Filling up the DagBag from /Users/nestoralfaro/Desktop/pbi-scenario-two/py_env/lib/python3.9/site-packages/airflow/example_dags/example_dynamic_task_mapping.py
[2024-05-01T23:33:14.402-0500] {processor.py:840} INFO - DAG(s) 'example_dynamic_task_mapping' retrieved from /Users/nestoralfaro/Desktop/pbi-scenario-two/py_env/lib/python3.9/site-packages/airflow/example_dags/example_dynamic_task_mapping.py
[2024-05-01T23:33:14.445-0500] {logging_mixin.py:188} INFO - [2024-05-01T23:33:14.445-0500] {dag.py:3096} INFO - Sync 1 DAGs
[2024-05-01T23:33:14.478-0500] {logging_mixin.py:188} INFO - [2024-05-01T23:33:14.478-0500] {dag.py:3954} INFO - Setting next_dagrun for example_dynamic_task_mapping to 2022-03-04 00:00:00+00:00, run_after=2022-03-05 00:00:00+00:00
[2024-05-01T23:33:14.486-0500] {processor.py:183} INFO - Processing /Users/nestoralfaro/Desktop/pbi-scenario-two/py_env/lib/python3.9/site-packages/airflow/example_dags/example_dynamic_task_mapping.py took 0.105 seconds
[2024-05-01T23:35:10.543-0500] {processor.py:161} INFO - Started process (PID=34951) to work on /Users/nestoralfaro/Desktop/pbi-scenario-two/py_env/lib/python3.9/site-packages/airflow/example_dags/example_dynamic_task_mapping.py
[2024-05-01T23:35:10.545-0500] {processor.py:830} INFO - Processing file /Users/nestoralfaro/Desktop/pbi-scenario-two/py_env/lib/python3.9/site-packages/airflow/example_dags/example_dynamic_task_mapping.py for tasks to queue
[2024-05-01T23:35:10.546-0500] {logging_mixin.py:188} INFO - [2024-05-01T23:35:10.546-0500] {dagbag.py:540} INFO - Filling up the DagBag from /Users/nestoralfaro/Desktop/pbi-scenario-two/py_env/lib/python3.9/site-packages/airflow/example_dags/example_dynamic_task_mapping.py
[2024-05-01T23:35:10.563-0500] {processor.py:840} INFO - DAG(s) 'example_dynamic_task_mapping' retrieved from /Users/nestoralfaro/Desktop/pbi-scenario-two/py_env/lib/python3.9/site-packages/airflow/example_dags/example_dynamic_task_mapping.py
[2024-05-01T23:35:10.606-0500] {logging_mixin.py:188} INFO - [2024-05-01T23:35:10.605-0500] {dag.py:3096} INFO - Sync 1 DAGs
[2024-05-01T23:35:10.639-0500] {logging_mixin.py:188} INFO - [2024-05-01T23:35:10.639-0500] {dag.py:3954} INFO - Setting next_dagrun for example_dynamic_task_mapping to 2022-03-04 00:00:00+00:00, run_after=2022-03-05 00:00:00+00:00
[2024-05-01T23:35:10.647-0500] {processor.py:183} INFO - Processing /Users/nestoralfaro/Desktop/pbi-scenario-two/py_env/lib/python3.9/site-packages/airflow/example_dags/example_dynamic_task_mapping.py took 0.105 seconds
[2024-05-01T23:37:03.628-0500] {processor.py:161} INFO - Started process (PID=35019) to work on /Users/nestoralfaro/Desktop/pbi-scenario-two/py_env/lib/python3.9/site-packages/airflow/example_dags/example_dynamic_task_mapping.py
[2024-05-01T23:37:03.630-0500] {processor.py:830} INFO - Processing file /Users/nestoralfaro/Desktop/pbi-scenario-two/py_env/lib/python3.9/site-packages/airflow/example_dags/example_dynamic_task_mapping.py for tasks to queue
[2024-05-01T23:37:03.630-0500] {logging_mixin.py:188} INFO - [2024-05-01T23:37:03.630-0500] {dagbag.py:540} INFO - Filling up the DagBag from /Users/nestoralfaro/Desktop/pbi-scenario-two/py_env/lib/python3.9/site-packages/airflow/example_dags/example_dynamic_task_mapping.py
[2024-05-01T23:37:03.647-0500] {processor.py:840} INFO - DAG(s) 'example_dynamic_task_mapping' retrieved from /Users/nestoralfaro/Desktop/pbi-scenario-two/py_env/lib/python3.9/site-packages/airflow/example_dags/example_dynamic_task_mapping.py
[2024-05-01T23:37:03.691-0500] {logging_mixin.py:188} INFO - [2024-05-01T23:37:03.690-0500] {dag.py:3096} INFO - Sync 1 DAGs
[2024-05-01T23:37:03.724-0500] {logging_mixin.py:188} INFO - [2024-05-01T23:37:03.724-0500] {dag.py:3954} INFO - Setting next_dagrun for example_dynamic_task_mapping to 2022-03-04 00:00:00+00:00, run_after=2022-03-05 00:00:00+00:00
[2024-05-01T23:37:03.731-0500] {processor.py:183} INFO - Processing /Users/nestoralfaro/Desktop/pbi-scenario-two/py_env/lib/python3.9/site-packages/airflow/example_dags/example_dynamic_task_mapping.py took 0.105 seconds
[2024-05-01T23:38:58.282-0500] {processor.py:161} INFO - Started process (PID=35089) to work on /Users/nestoralfaro/Desktop/pbi-scenario-two/py_env/lib/python3.9/site-packages/airflow/example_dags/example_dynamic_task_mapping.py
[2024-05-01T23:38:58.285-0500] {processor.py:830} INFO - Processing file /Users/nestoralfaro/Desktop/pbi-scenario-two/py_env/lib/python3.9/site-packages/airflow/example_dags/example_dynamic_task_mapping.py for tasks to queue
[2024-05-01T23:38:58.285-0500] {logging_mixin.py:188} INFO - [2024-05-01T23:38:58.285-0500] {dagbag.py:540} INFO - Filling up the DagBag from /Users/nestoralfaro/Desktop/pbi-scenario-two/py_env/lib/python3.9/site-packages/airflow/example_dags/example_dynamic_task_mapping.py
[2024-05-01T23:38:58.302-0500] {processor.py:840} INFO - DAG(s) 'example_dynamic_task_mapping' retrieved from /Users/nestoralfaro/Desktop/pbi-scenario-two/py_env/lib/python3.9/site-packages/airflow/example_dags/example_dynamic_task_mapping.py
[2024-05-01T23:38:58.344-0500] {logging_mixin.py:188} INFO - [2024-05-01T23:38:58.344-0500] {dag.py:3096} INFO - Sync 1 DAGs
[2024-05-01T23:38:58.376-0500] {logging_mixin.py:188} INFO - [2024-05-01T23:38:58.376-0500] {dag.py:3954} INFO - Setting next_dagrun for example_dynamic_task_mapping to 2022-03-04 00:00:00+00:00, run_after=2022-03-05 00:00:00+00:00
[2024-05-01T23:38:58.383-0500] {processor.py:183} INFO - Processing /Users/nestoralfaro/Desktop/pbi-scenario-two/py_env/lib/python3.9/site-packages/airflow/example_dags/example_dynamic_task_mapping.py took 0.102 seconds
[2024-05-01T23:40:53.071-0500] {processor.py:161} INFO - Started process (PID=35181) to work on /Users/nestoralfaro/Desktop/pbi-scenario-two/py_env/lib/python3.9/site-packages/airflow/example_dags/example_dynamic_task_mapping.py
[2024-05-01T23:40:53.074-0500] {processor.py:830} INFO - Processing file /Users/nestoralfaro/Desktop/pbi-scenario-two/py_env/lib/python3.9/site-packages/airflow/example_dags/example_dynamic_task_mapping.py for tasks to queue
[2024-05-01T23:40:53.074-0500] {logging_mixin.py:188} INFO - [2024-05-01T23:40:53.074-0500] {dagbag.py:540} INFO - Filling up the DagBag from /Users/nestoralfaro/Desktop/pbi-scenario-two/py_env/lib/python3.9/site-packages/airflow/example_dags/example_dynamic_task_mapping.py
[2024-05-01T23:40:53.091-0500] {processor.py:840} INFO - DAG(s) 'example_dynamic_task_mapping' retrieved from /Users/nestoralfaro/Desktop/pbi-scenario-two/py_env/lib/python3.9/site-packages/airflow/example_dags/example_dynamic_task_mapping.py
[2024-05-01T23:40:53.137-0500] {logging_mixin.py:188} INFO - [2024-05-01T23:40:53.137-0500] {dag.py:3096} INFO - Sync 1 DAGs
[2024-05-01T23:40:53.175-0500] {logging_mixin.py:188} INFO - [2024-05-01T23:40:53.175-0500] {dag.py:3954} INFO - Setting next_dagrun for example_dynamic_task_mapping to 2022-03-04 00:00:00+00:00, run_after=2022-03-05 00:00:00+00:00
[2024-05-01T23:40:53.184-0500] {processor.py:183} INFO - Processing /Users/nestoralfaro/Desktop/pbi-scenario-two/py_env/lib/python3.9/site-packages/airflow/example_dags/example_dynamic_task_mapping.py took 0.114 seconds
[2024-05-01T23:42:53.477-0500] {processor.py:161} INFO - Started process (PID=35285) to work on /Users/nestoralfaro/Desktop/pbi-scenario-two/py_env/lib/python3.9/site-packages/airflow/example_dags/example_dynamic_task_mapping.py
[2024-05-01T23:42:53.479-0500] {processor.py:830} INFO - Processing file /Users/nestoralfaro/Desktop/pbi-scenario-two/py_env/lib/python3.9/site-packages/airflow/example_dags/example_dynamic_task_mapping.py for tasks to queue
[2024-05-01T23:42:53.479-0500] {logging_mixin.py:188} INFO - [2024-05-01T23:42:53.479-0500] {dagbag.py:540} INFO - Filling up the DagBag from /Users/nestoralfaro/Desktop/pbi-scenario-two/py_env/lib/python3.9/site-packages/airflow/example_dags/example_dynamic_task_mapping.py
[2024-05-01T23:42:53.496-0500] {processor.py:840} INFO - DAG(s) 'example_dynamic_task_mapping' retrieved from /Users/nestoralfaro/Desktop/pbi-scenario-two/py_env/lib/python3.9/site-packages/airflow/example_dags/example_dynamic_task_mapping.py
[2024-05-01T23:42:53.539-0500] {logging_mixin.py:188} INFO - [2024-05-01T23:42:53.539-0500] {dag.py:3096} INFO - Sync 1 DAGs
[2024-05-01T23:42:53.571-0500] {logging_mixin.py:188} INFO - [2024-05-01T23:42:53.571-0500] {dag.py:3954} INFO - Setting next_dagrun for example_dynamic_task_mapping to 2022-03-04 00:00:00+00:00, run_after=2022-03-05 00:00:00+00:00
[2024-05-01T23:42:53.579-0500] {processor.py:183} INFO - Processing /Users/nestoralfaro/Desktop/pbi-scenario-two/py_env/lib/python3.9/site-packages/airflow/example_dags/example_dynamic_task_mapping.py took 0.103 seconds
[2024-05-01T23:44:51.624-0500] {processor.py:161} INFO - Started process (PID=35369) to work on /Users/nestoralfaro/Desktop/pbi-scenario-two/py_env/lib/python3.9/site-packages/airflow/example_dags/example_dynamic_task_mapping.py
[2024-05-01T23:44:51.626-0500] {processor.py:830} INFO - Processing file /Users/nestoralfaro/Desktop/pbi-scenario-two/py_env/lib/python3.9/site-packages/airflow/example_dags/example_dynamic_task_mapping.py for tasks to queue
[2024-05-01T23:44:51.626-0500] {logging_mixin.py:188} INFO - [2024-05-01T23:44:51.626-0500] {dagbag.py:540} INFO - Filling up the DagBag from /Users/nestoralfaro/Desktop/pbi-scenario-two/py_env/lib/python3.9/site-packages/airflow/example_dags/example_dynamic_task_mapping.py
[2024-05-01T23:44:51.641-0500] {processor.py:840} INFO - DAG(s) 'example_dynamic_task_mapping' retrieved from /Users/nestoralfaro/Desktop/pbi-scenario-two/py_env/lib/python3.9/site-packages/airflow/example_dags/example_dynamic_task_mapping.py
[2024-05-01T23:44:51.681-0500] {logging_mixin.py:188} INFO - [2024-05-01T23:44:51.681-0500] {dag.py:3096} INFO - Sync 1 DAGs
[2024-05-01T23:44:51.712-0500] {logging_mixin.py:188} INFO - [2024-05-01T23:44:51.712-0500] {dag.py:3954} INFO - Setting next_dagrun for example_dynamic_task_mapping to 2022-03-04 00:00:00+00:00, run_after=2022-03-05 00:00:00+00:00
[2024-05-01T23:44:51.718-0500] {processor.py:183} INFO - Processing /Users/nestoralfaro/Desktop/pbi-scenario-two/py_env/lib/python3.9/site-packages/airflow/example_dags/example_dynamic_task_mapping.py took 0.096 seconds
[2024-05-01T23:46:46.154-0500] {processor.py:161} INFO - Started process (PID=35437) to work on /Users/nestoralfaro/Desktop/pbi-scenario-two/py_env/lib/python3.9/site-packages/airflow/example_dags/example_dynamic_task_mapping.py
[2024-05-01T23:46:46.156-0500] {processor.py:830} INFO - Processing file /Users/nestoralfaro/Desktop/pbi-scenario-two/py_env/lib/python3.9/site-packages/airflow/example_dags/example_dynamic_task_mapping.py for tasks to queue
[2024-05-01T23:46:46.156-0500] {logging_mixin.py:188} INFO - [2024-05-01T23:46:46.156-0500] {dagbag.py:540} INFO - Filling up the DagBag from /Users/nestoralfaro/Desktop/pbi-scenario-two/py_env/lib/python3.9/site-packages/airflow/example_dags/example_dynamic_task_mapping.py
[2024-05-01T23:46:46.171-0500] {processor.py:840} INFO - DAG(s) 'example_dynamic_task_mapping' retrieved from /Users/nestoralfaro/Desktop/pbi-scenario-two/py_env/lib/python3.9/site-packages/airflow/example_dags/example_dynamic_task_mapping.py
[2024-05-01T23:46:46.212-0500] {logging_mixin.py:188} INFO - [2024-05-01T23:46:46.211-0500] {dag.py:3096} INFO - Sync 1 DAGs
[2024-05-01T23:46:46.242-0500] {logging_mixin.py:188} INFO - [2024-05-01T23:46:46.242-0500] {dag.py:3954} INFO - Setting next_dagrun for example_dynamic_task_mapping to 2022-03-04 00:00:00+00:00, run_after=2022-03-05 00:00:00+00:00
[2024-05-01T23:46:46.249-0500] {processor.py:183} INFO - Processing /Users/nestoralfaro/Desktop/pbi-scenario-two/py_env/lib/python3.9/site-packages/airflow/example_dags/example_dynamic_task_mapping.py took 0.096 seconds
[2024-05-01T23:48:37.092-0500] {processor.py:161} INFO - Started process (PID=35524) to work on /Users/nestoralfaro/Desktop/pbi-scenario-two/py_env/lib/python3.9/site-packages/airflow/example_dags/example_dynamic_task_mapping.py
[2024-05-01T23:48:37.094-0500] {processor.py:830} INFO - Processing file /Users/nestoralfaro/Desktop/pbi-scenario-two/py_env/lib/python3.9/site-packages/airflow/example_dags/example_dynamic_task_mapping.py for tasks to queue
[2024-05-01T23:48:37.094-0500] {logging_mixin.py:188} INFO - [2024-05-01T23:48:37.094-0500] {dagbag.py:540} INFO - Filling up the DagBag from /Users/nestoralfaro/Desktop/pbi-scenario-two/py_env/lib/python3.9/site-packages/airflow/example_dags/example_dynamic_task_mapping.py
[2024-05-01T23:48:37.110-0500] {processor.py:840} INFO - DAG(s) 'example_dynamic_task_mapping' retrieved from /Users/nestoralfaro/Desktop/pbi-scenario-two/py_env/lib/python3.9/site-packages/airflow/example_dags/example_dynamic_task_mapping.py
[2024-05-01T23:48:37.149-0500] {logging_mixin.py:188} INFO - [2024-05-01T23:48:37.149-0500] {dag.py:3096} INFO - Sync 1 DAGs
[2024-05-01T23:48:37.180-0500] {logging_mixin.py:188} INFO - [2024-05-01T23:48:37.180-0500] {dag.py:3954} INFO - Setting next_dagrun for example_dynamic_task_mapping to 2022-03-04 00:00:00+00:00, run_after=2022-03-05 00:00:00+00:00
[2024-05-01T23:48:37.187-0500] {processor.py:183} INFO - Processing /Users/nestoralfaro/Desktop/pbi-scenario-two/py_env/lib/python3.9/site-packages/airflow/example_dags/example_dynamic_task_mapping.py took 0.096 seconds
[2024-05-01T23:50:32.922-0500] {processor.py:161} INFO - Started process (PID=35596) to work on /Users/nestoralfaro/Desktop/pbi-scenario-two/py_env/lib/python3.9/site-packages/airflow/example_dags/example_dynamic_task_mapping.py
[2024-05-01T23:50:32.924-0500] {processor.py:830} INFO - Processing file /Users/nestoralfaro/Desktop/pbi-scenario-two/py_env/lib/python3.9/site-packages/airflow/example_dags/example_dynamic_task_mapping.py for tasks to queue
[2024-05-01T23:50:32.925-0500] {logging_mixin.py:188} INFO - [2024-05-01T23:50:32.925-0500] {dagbag.py:540} INFO - Filling up the DagBag from /Users/nestoralfaro/Desktop/pbi-scenario-two/py_env/lib/python3.9/site-packages/airflow/example_dags/example_dynamic_task_mapping.py
[2024-05-01T23:50:32.940-0500] {processor.py:840} INFO - DAG(s) 'example_dynamic_task_mapping' retrieved from /Users/nestoralfaro/Desktop/pbi-scenario-two/py_env/lib/python3.9/site-packages/airflow/example_dags/example_dynamic_task_mapping.py
[2024-05-01T23:50:32.984-0500] {logging_mixin.py:188} INFO - [2024-05-01T23:50:32.984-0500] {dag.py:3096} INFO - Sync 1 DAGs
[2024-05-01T23:50:33.017-0500] {logging_mixin.py:188} INFO - [2024-05-01T23:50:33.017-0500] {dag.py:3954} INFO - Setting next_dagrun for example_dynamic_task_mapping to 2022-03-04 00:00:00+00:00, run_after=2022-03-05 00:00:00+00:00
[2024-05-01T23:50:33.024-0500] {processor.py:183} INFO - Processing /Users/nestoralfaro/Desktop/pbi-scenario-two/py_env/lib/python3.9/site-packages/airflow/example_dags/example_dynamic_task_mapping.py took 0.104 seconds
[2024-05-01T23:52:26.580-0500] {processor.py:161} INFO - Started process (PID=35681) to work on /Users/nestoralfaro/Desktop/pbi-scenario-two/py_env/lib/python3.9/site-packages/airflow/example_dags/example_dynamic_task_mapping.py
[2024-05-01T23:52:26.581-0500] {processor.py:830} INFO - Processing file /Users/nestoralfaro/Desktop/pbi-scenario-two/py_env/lib/python3.9/site-packages/airflow/example_dags/example_dynamic_task_mapping.py for tasks to queue
[2024-05-01T23:52:26.581-0500] {logging_mixin.py:188} INFO - [2024-05-01T23:52:26.581-0500] {dagbag.py:540} INFO - Filling up the DagBag from /Users/nestoralfaro/Desktop/pbi-scenario-two/py_env/lib/python3.9/site-packages/airflow/example_dags/example_dynamic_task_mapping.py
[2024-05-01T23:52:26.652-0500] {processor.py:840} INFO - DAG(s) 'example_dynamic_task_mapping' retrieved from /Users/nestoralfaro/Desktop/pbi-scenario-two/py_env/lib/python3.9/site-packages/airflow/example_dags/example_dynamic_task_mapping.py
[2024-05-01T23:52:26.725-0500] {logging_mixin.py:188} INFO - [2024-05-01T23:52:26.725-0500] {dag.py:3096} INFO - Sync 1 DAGs
[2024-05-01T23:52:26.758-0500] {logging_mixin.py:188} INFO - [2024-05-01T23:52:26.758-0500] {dag.py:3954} INFO - Setting next_dagrun for example_dynamic_task_mapping to 2022-03-04 00:00:00+00:00, run_after=2022-03-05 00:00:00+00:00
[2024-05-01T23:52:26.766-0500] {processor.py:183} INFO - Processing /Users/nestoralfaro/Desktop/pbi-scenario-two/py_env/lib/python3.9/site-packages/airflow/example_dags/example_dynamic_task_mapping.py took 0.187 seconds
[2024-05-01T23:54:25.057-0500] {processor.py:161} INFO - Started process (PID=35749) to work on /Users/nestoralfaro/Desktop/pbi-scenario-two/py_env/lib/python3.9/site-packages/airflow/example_dags/example_dynamic_task_mapping.py
[2024-05-01T23:54:25.058-0500] {processor.py:830} INFO - Processing file /Users/nestoralfaro/Desktop/pbi-scenario-two/py_env/lib/python3.9/site-packages/airflow/example_dags/example_dynamic_task_mapping.py for tasks to queue
[2024-05-01T23:54:25.059-0500] {logging_mixin.py:188} INFO - [2024-05-01T23:54:25.059-0500] {dagbag.py:540} INFO - Filling up the DagBag from /Users/nestoralfaro/Desktop/pbi-scenario-two/py_env/lib/python3.9/site-packages/airflow/example_dags/example_dynamic_task_mapping.py
[2024-05-01T23:54:25.074-0500] {processor.py:840} INFO - DAG(s) 'example_dynamic_task_mapping' retrieved from /Users/nestoralfaro/Desktop/pbi-scenario-two/py_env/lib/python3.9/site-packages/airflow/example_dags/example_dynamic_task_mapping.py
[2024-05-01T23:54:25.116-0500] {logging_mixin.py:188} INFO - [2024-05-01T23:54:25.115-0500] {dag.py:3096} INFO - Sync 1 DAGs
[2024-05-01T23:54:25.147-0500] {logging_mixin.py:188} INFO - [2024-05-01T23:54:25.147-0500] {dag.py:3954} INFO - Setting next_dagrun for example_dynamic_task_mapping to 2022-03-04 00:00:00+00:00, run_after=2022-03-05 00:00:00+00:00
[2024-05-01T23:54:25.155-0500] {processor.py:183} INFO - Processing /Users/nestoralfaro/Desktop/pbi-scenario-two/py_env/lib/python3.9/site-packages/airflow/example_dags/example_dynamic_task_mapping.py took 0.099 seconds
[2024-05-01T23:56:17.627-0500] {processor.py:161} INFO - Started process (PID=35818) to work on /Users/nestoralfaro/Desktop/pbi-scenario-two/py_env/lib/python3.9/site-packages/airflow/example_dags/example_dynamic_task_mapping.py
[2024-05-01T23:56:17.628-0500] {processor.py:830} INFO - Processing file /Users/nestoralfaro/Desktop/pbi-scenario-two/py_env/lib/python3.9/site-packages/airflow/example_dags/example_dynamic_task_mapping.py for tasks to queue
[2024-05-01T23:56:17.629-0500] {logging_mixin.py:188} INFO - [2024-05-01T23:56:17.628-0500] {dagbag.py:540} INFO - Filling up the DagBag from /Users/nestoralfaro/Desktop/pbi-scenario-two/py_env/lib/python3.9/site-packages/airflow/example_dags/example_dynamic_task_mapping.py
[2024-05-01T23:56:17.643-0500] {processor.py:840} INFO - DAG(s) 'example_dynamic_task_mapping' retrieved from /Users/nestoralfaro/Desktop/pbi-scenario-two/py_env/lib/python3.9/site-packages/airflow/example_dags/example_dynamic_task_mapping.py
[2024-05-01T23:56:17.683-0500] {logging_mixin.py:188} INFO - [2024-05-01T23:56:17.683-0500] {dag.py:3096} INFO - Sync 1 DAGs
[2024-05-01T23:56:17.713-0500] {logging_mixin.py:188} INFO - [2024-05-01T23:56:17.713-0500] {dag.py:3954} INFO - Setting next_dagrun for example_dynamic_task_mapping to 2022-03-04 00:00:00+00:00, run_after=2022-03-05 00:00:00+00:00
[2024-05-01T23:56:17.720-0500] {processor.py:183} INFO - Processing /Users/nestoralfaro/Desktop/pbi-scenario-two/py_env/lib/python3.9/site-packages/airflow/example_dags/example_dynamic_task_mapping.py took 0.094 seconds
[2024-05-01T23:58:07.761-0500] {processor.py:161} INFO - Started process (PID=35887) to work on /Users/nestoralfaro/Desktop/pbi-scenario-two/py_env/lib/python3.9/site-packages/airflow/example_dags/example_dynamic_task_mapping.py
[2024-05-01T23:58:07.762-0500] {processor.py:830} INFO - Processing file /Users/nestoralfaro/Desktop/pbi-scenario-two/py_env/lib/python3.9/site-packages/airflow/example_dags/example_dynamic_task_mapping.py for tasks to queue
[2024-05-01T23:58:07.762-0500] {logging_mixin.py:188} INFO - [2024-05-01T23:58:07.762-0500] {dagbag.py:540} INFO - Filling up the DagBag from /Users/nestoralfaro/Desktop/pbi-scenario-two/py_env/lib/python3.9/site-packages/airflow/example_dags/example_dynamic_task_mapping.py
[2024-05-01T23:58:07.777-0500] {processor.py:840} INFO - DAG(s) 'example_dynamic_task_mapping' retrieved from /Users/nestoralfaro/Desktop/pbi-scenario-two/py_env/lib/python3.9/site-packages/airflow/example_dags/example_dynamic_task_mapping.py
[2024-05-01T23:58:07.816-0500] {logging_mixin.py:188} INFO - [2024-05-01T23:58:07.816-0500] {dag.py:3096} INFO - Sync 1 DAGs
[2024-05-01T23:58:07.846-0500] {logging_mixin.py:188} INFO - [2024-05-01T23:58:07.846-0500] {dag.py:3954} INFO - Setting next_dagrun for example_dynamic_task_mapping to 2022-03-04 00:00:00+00:00, run_after=2022-03-05 00:00:00+00:00
[2024-05-01T23:58:07.853-0500] {processor.py:183} INFO - Processing /Users/nestoralfaro/Desktop/pbi-scenario-two/py_env/lib/python3.9/site-packages/airflow/example_dags/example_dynamic_task_mapping.py took 0.094 seconds
[2024-05-02T00:00:00.291-0500] {processor.py:161} INFO - Started process (PID=35958) to work on /Users/nestoralfaro/Desktop/pbi-scenario-two/py_env/lib/python3.9/site-packages/airflow/example_dags/example_dynamic_task_mapping.py
[2024-05-02T00:00:00.292-0500] {processor.py:830} INFO - Processing file /Users/nestoralfaro/Desktop/pbi-scenario-two/py_env/lib/python3.9/site-packages/airflow/example_dags/example_dynamic_task_mapping.py for tasks to queue
[2024-05-02T00:00:00.293-0500] {logging_mixin.py:188} INFO - [2024-05-02T00:00:00.292-0500] {dagbag.py:540} INFO - Filling up the DagBag from /Users/nestoralfaro/Desktop/pbi-scenario-two/py_env/lib/python3.9/site-packages/airflow/example_dags/example_dynamic_task_mapping.py
[2024-05-02T00:00:00.308-0500] {processor.py:840} INFO - DAG(s) 'example_dynamic_task_mapping' retrieved from /Users/nestoralfaro/Desktop/pbi-scenario-two/py_env/lib/python3.9/site-packages/airflow/example_dags/example_dynamic_task_mapping.py
[2024-05-02T00:00:00.351-0500] {logging_mixin.py:188} INFO - [2024-05-02T00:00:00.351-0500] {dag.py:3096} INFO - Sync 1 DAGs
[2024-05-02T00:00:00.389-0500] {logging_mixin.py:188} INFO - [2024-05-02T00:00:00.388-0500] {dag.py:3954} INFO - Setting next_dagrun for example_dynamic_task_mapping to 2022-03-04 00:00:00+00:00, run_after=2022-03-05 00:00:00+00:00
[2024-05-02T00:00:00.396-0500] {processor.py:183} INFO - Processing /Users/nestoralfaro/Desktop/pbi-scenario-two/py_env/lib/python3.9/site-packages/airflow/example_dags/example_dynamic_task_mapping.py took 0.106 seconds
[2024-05-02T00:01:53.655-0500] {processor.py:161} INFO - Started process (PID=36056) to work on /Users/nestoralfaro/Desktop/pbi-scenario-two/py_env/lib/python3.9/site-packages/airflow/example_dags/example_dynamic_task_mapping.py
[2024-05-02T00:01:53.657-0500] {processor.py:830} INFO - Processing file /Users/nestoralfaro/Desktop/pbi-scenario-two/py_env/lib/python3.9/site-packages/airflow/example_dags/example_dynamic_task_mapping.py for tasks to queue
[2024-05-02T00:01:53.657-0500] {logging_mixin.py:188} INFO - [2024-05-02T00:01:53.657-0500] {dagbag.py:540} INFO - Filling up the DagBag from /Users/nestoralfaro/Desktop/pbi-scenario-two/py_env/lib/python3.9/site-packages/airflow/example_dags/example_dynamic_task_mapping.py
[2024-05-02T00:01:53.673-0500] {processor.py:840} INFO - DAG(s) 'example_dynamic_task_mapping' retrieved from /Users/nestoralfaro/Desktop/pbi-scenario-two/py_env/lib/python3.9/site-packages/airflow/example_dags/example_dynamic_task_mapping.py
[2024-05-02T00:01:53.714-0500] {logging_mixin.py:188} INFO - [2024-05-02T00:01:53.714-0500] {dag.py:3096} INFO - Sync 1 DAGs
[2024-05-02T00:01:53.746-0500] {logging_mixin.py:188} INFO - [2024-05-02T00:01:53.746-0500] {dag.py:3954} INFO - Setting next_dagrun for example_dynamic_task_mapping to 2022-03-04 00:00:00+00:00, run_after=2022-03-05 00:00:00+00:00
[2024-05-02T00:01:53.754-0500] {processor.py:183} INFO - Processing /Users/nestoralfaro/Desktop/pbi-scenario-two/py_env/lib/python3.9/site-packages/airflow/example_dags/example_dynamic_task_mapping.py took 0.101 seconds
[2024-05-02T00:03:50.775-0500] {processor.py:161} INFO - Started process (PID=36139) to work on /Users/nestoralfaro/Desktop/pbi-scenario-two/py_env/lib/python3.9/site-packages/airflow/example_dags/example_dynamic_task_mapping.py
[2024-05-02T00:03:50.777-0500] {processor.py:830} INFO - Processing file /Users/nestoralfaro/Desktop/pbi-scenario-two/py_env/lib/python3.9/site-packages/airflow/example_dags/example_dynamic_task_mapping.py for tasks to queue
[2024-05-02T00:03:50.777-0500] {logging_mixin.py:188} INFO - [2024-05-02T00:03:50.777-0500] {dagbag.py:540} INFO - Filling up the DagBag from /Users/nestoralfaro/Desktop/pbi-scenario-two/py_env/lib/python3.9/site-packages/airflow/example_dags/example_dynamic_task_mapping.py
[2024-05-02T00:03:50.794-0500] {processor.py:840} INFO - DAG(s) 'example_dynamic_task_mapping' retrieved from /Users/nestoralfaro/Desktop/pbi-scenario-two/py_env/lib/python3.9/site-packages/airflow/example_dags/example_dynamic_task_mapping.py
[2024-05-02T00:03:50.841-0500] {logging_mixin.py:188} INFO - [2024-05-02T00:03:50.841-0500] {dag.py:3096} INFO - Sync 1 DAGs
[2024-05-02T00:03:50.876-0500] {logging_mixin.py:188} INFO - [2024-05-02T00:03:50.876-0500] {dag.py:3954} INFO - Setting next_dagrun for example_dynamic_task_mapping to 2022-03-04 00:00:00+00:00, run_after=2022-03-05 00:00:00+00:00
[2024-05-02T00:03:50.884-0500] {processor.py:183} INFO - Processing /Users/nestoralfaro/Desktop/pbi-scenario-two/py_env/lib/python3.9/site-packages/airflow/example_dags/example_dynamic_task_mapping.py took 0.112 seconds
[2024-05-02T00:05:44.756-0500] {processor.py:161} INFO - Started process (PID=36211) to work on /Users/nestoralfaro/Desktop/pbi-scenario-two/py_env/lib/python3.9/site-packages/airflow/example_dags/example_dynamic_task_mapping.py
[2024-05-02T00:05:44.759-0500] {processor.py:830} INFO - Processing file /Users/nestoralfaro/Desktop/pbi-scenario-two/py_env/lib/python3.9/site-packages/airflow/example_dags/example_dynamic_task_mapping.py for tasks to queue
[2024-05-02T00:05:44.759-0500] {logging_mixin.py:188} INFO - [2024-05-02T00:05:44.759-0500] {dagbag.py:540} INFO - Filling up the DagBag from /Users/nestoralfaro/Desktop/pbi-scenario-two/py_env/lib/python3.9/site-packages/airflow/example_dags/example_dynamic_task_mapping.py
[2024-05-02T00:05:44.775-0500] {processor.py:840} INFO - DAG(s) 'example_dynamic_task_mapping' retrieved from /Users/nestoralfaro/Desktop/pbi-scenario-two/py_env/lib/python3.9/site-packages/airflow/example_dags/example_dynamic_task_mapping.py
[2024-05-02T00:05:44.816-0500] {logging_mixin.py:188} INFO - [2024-05-02T00:05:44.816-0500] {dag.py:3096} INFO - Sync 1 DAGs
[2024-05-02T00:05:44.847-0500] {logging_mixin.py:188} INFO - [2024-05-02T00:05:44.847-0500] {dag.py:3954} INFO - Setting next_dagrun for example_dynamic_task_mapping to 2022-03-04 00:00:00+00:00, run_after=2022-03-05 00:00:00+00:00
[2024-05-02T00:05:44.854-0500] {processor.py:183} INFO - Processing /Users/nestoralfaro/Desktop/pbi-scenario-two/py_env/lib/python3.9/site-packages/airflow/example_dags/example_dynamic_task_mapping.py took 0.100 seconds
[2024-05-02T00:07:32.405-0500] {processor.py:161} INFO - Started process (PID=36297) to work on /Users/nestoralfaro/Desktop/pbi-scenario-two/py_env/lib/python3.9/site-packages/airflow/example_dags/example_dynamic_task_mapping.py
[2024-05-02T00:07:32.407-0500] {processor.py:830} INFO - Processing file /Users/nestoralfaro/Desktop/pbi-scenario-two/py_env/lib/python3.9/site-packages/airflow/example_dags/example_dynamic_task_mapping.py for tasks to queue
[2024-05-02T00:07:32.407-0500] {logging_mixin.py:188} INFO - [2024-05-02T00:07:32.407-0500] {dagbag.py:540} INFO - Filling up the DagBag from /Users/nestoralfaro/Desktop/pbi-scenario-two/py_env/lib/python3.9/site-packages/airflow/example_dags/example_dynamic_task_mapping.py
[2024-05-02T00:07:32.422-0500] {processor.py:840} INFO - DAG(s) 'example_dynamic_task_mapping' retrieved from /Users/nestoralfaro/Desktop/pbi-scenario-two/py_env/lib/python3.9/site-packages/airflow/example_dags/example_dynamic_task_mapping.py
[2024-05-02T00:07:32.461-0500] {logging_mixin.py:188} INFO - [2024-05-02T00:07:32.461-0500] {dag.py:3096} INFO - Sync 1 DAGs
[2024-05-02T00:07:32.491-0500] {logging_mixin.py:188} INFO - [2024-05-02T00:07:32.490-0500] {dag.py:3954} INFO - Setting next_dagrun for example_dynamic_task_mapping to 2022-03-04 00:00:00+00:00, run_after=2022-03-05 00:00:00+00:00
[2024-05-02T00:07:32.497-0500] {processor.py:183} INFO - Processing /Users/nestoralfaro/Desktop/pbi-scenario-two/py_env/lib/python3.9/site-packages/airflow/example_dags/example_dynamic_task_mapping.py took 0.093 seconds
[2024-05-02T00:09:26.105-0500] {processor.py:161} INFO - Started process (PID=36365) to work on /Users/nestoralfaro/Desktop/pbi-scenario-two/py_env/lib/python3.9/site-packages/airflow/example_dags/example_dynamic_task_mapping.py
[2024-05-02T00:09:26.108-0500] {processor.py:830} INFO - Processing file /Users/nestoralfaro/Desktop/pbi-scenario-two/py_env/lib/python3.9/site-packages/airflow/example_dags/example_dynamic_task_mapping.py for tasks to queue
[2024-05-02T00:09:26.108-0500] {logging_mixin.py:188} INFO - [2024-05-02T00:09:26.108-0500] {dagbag.py:540} INFO - Filling up the DagBag from /Users/nestoralfaro/Desktop/pbi-scenario-two/py_env/lib/python3.9/site-packages/airflow/example_dags/example_dynamic_task_mapping.py
[2024-05-02T00:09:26.123-0500] {processor.py:840} INFO - DAG(s) 'example_dynamic_task_mapping' retrieved from /Users/nestoralfaro/Desktop/pbi-scenario-two/py_env/lib/python3.9/site-packages/airflow/example_dags/example_dynamic_task_mapping.py
[2024-05-02T00:09:26.163-0500] {logging_mixin.py:188} INFO - [2024-05-02T00:09:26.162-0500] {dag.py:3096} INFO - Sync 1 DAGs
[2024-05-02T00:09:26.193-0500] {logging_mixin.py:188} INFO - [2024-05-02T00:09:26.193-0500] {dag.py:3954} INFO - Setting next_dagrun for example_dynamic_task_mapping to 2022-03-04 00:00:00+00:00, run_after=2022-03-05 00:00:00+00:00
[2024-05-02T00:09:26.200-0500] {processor.py:183} INFO - Processing /Users/nestoralfaro/Desktop/pbi-scenario-two/py_env/lib/python3.9/site-packages/airflow/example_dags/example_dynamic_task_mapping.py took 0.096 seconds
[2024-05-02T00:12:00.830-0500] {processor.py:161} INFO - Started process (PID=36477) to work on /Users/nestoralfaro/Desktop/pbi-scenario-two/py_env/lib/python3.9/site-packages/airflow/example_dags/example_dynamic_task_mapping.py
[2024-05-02T00:12:00.832-0500] {processor.py:830} INFO - Processing file /Users/nestoralfaro/Desktop/pbi-scenario-two/py_env/lib/python3.9/site-packages/airflow/example_dags/example_dynamic_task_mapping.py for tasks to queue
[2024-05-02T00:12:00.833-0500] {logging_mixin.py:188} INFO - [2024-05-02T00:12:00.833-0500] {dagbag.py:540} INFO - Filling up the DagBag from /Users/nestoralfaro/Desktop/pbi-scenario-two/py_env/lib/python3.9/site-packages/airflow/example_dags/example_dynamic_task_mapping.py
[2024-05-02T00:12:00.848-0500] {processor.py:840} INFO - DAG(s) 'example_dynamic_task_mapping' retrieved from /Users/nestoralfaro/Desktop/pbi-scenario-two/py_env/lib/python3.9/site-packages/airflow/example_dags/example_dynamic_task_mapping.py
[2024-05-02T00:12:00.887-0500] {logging_mixin.py:188} INFO - [2024-05-02T00:12:00.887-0500] {dag.py:3096} INFO - Sync 1 DAGs
[2024-05-02T00:12:00.918-0500] {logging_mixin.py:188} INFO - [2024-05-02T00:12:00.918-0500] {dag.py:3954} INFO - Setting next_dagrun for example_dynamic_task_mapping to 2022-03-04 00:00:00+00:00, run_after=2022-03-05 00:00:00+00:00
[2024-05-02T00:12:00.925-0500] {processor.py:183} INFO - Processing /Users/nestoralfaro/Desktop/pbi-scenario-two/py_env/lib/python3.9/site-packages/airflow/example_dags/example_dynamic_task_mapping.py took 0.096 seconds
[2024-05-02T00:13:55.378-0500] {processor.py:161} INFO - Started process (PID=36561) to work on /Users/nestoralfaro/Desktop/pbi-scenario-two/py_env/lib/python3.9/site-packages/airflow/example_dags/example_dynamic_task_mapping.py
[2024-05-02T00:13:55.380-0500] {processor.py:830} INFO - Processing file /Users/nestoralfaro/Desktop/pbi-scenario-two/py_env/lib/python3.9/site-packages/airflow/example_dags/example_dynamic_task_mapping.py for tasks to queue
[2024-05-02T00:13:55.381-0500] {logging_mixin.py:188} INFO - [2024-05-02T00:13:55.380-0500] {dagbag.py:540} INFO - Filling up the DagBag from /Users/nestoralfaro/Desktop/pbi-scenario-two/py_env/lib/python3.9/site-packages/airflow/example_dags/example_dynamic_task_mapping.py
[2024-05-02T00:13:55.397-0500] {processor.py:840} INFO - DAG(s) 'example_dynamic_task_mapping' retrieved from /Users/nestoralfaro/Desktop/pbi-scenario-two/py_env/lib/python3.9/site-packages/airflow/example_dags/example_dynamic_task_mapping.py
[2024-05-02T00:13:55.438-0500] {logging_mixin.py:188} INFO - [2024-05-02T00:13:55.438-0500] {dag.py:3096} INFO - Sync 1 DAGs
[2024-05-02T00:13:55.470-0500] {logging_mixin.py:188} INFO - [2024-05-02T00:13:55.470-0500] {dag.py:3954} INFO - Setting next_dagrun for example_dynamic_task_mapping to 2022-03-04 00:00:00+00:00, run_after=2022-03-05 00:00:00+00:00
[2024-05-02T00:13:55.477-0500] {processor.py:183} INFO - Processing /Users/nestoralfaro/Desktop/pbi-scenario-two/py_env/lib/python3.9/site-packages/airflow/example_dags/example_dynamic_task_mapping.py took 0.100 seconds
[2024-05-02T00:15:54.360-0500] {processor.py:161} INFO - Started process (PID=36641) to work on /Users/nestoralfaro/Desktop/pbi-scenario-two/py_env/lib/python3.9/site-packages/airflow/example_dags/example_dynamic_task_mapping.py
[2024-05-02T00:15:54.362-0500] {processor.py:830} INFO - Processing file /Users/nestoralfaro/Desktop/pbi-scenario-two/py_env/lib/python3.9/site-packages/airflow/example_dags/example_dynamic_task_mapping.py for tasks to queue
[2024-05-02T00:15:54.362-0500] {logging_mixin.py:188} INFO - [2024-05-02T00:15:54.362-0500] {dagbag.py:540} INFO - Filling up the DagBag from /Users/nestoralfaro/Desktop/pbi-scenario-two/py_env/lib/python3.9/site-packages/airflow/example_dags/example_dynamic_task_mapping.py
[2024-05-02T00:15:54.378-0500] {processor.py:840} INFO - DAG(s) 'example_dynamic_task_mapping' retrieved from /Users/nestoralfaro/Desktop/pbi-scenario-two/py_env/lib/python3.9/site-packages/airflow/example_dags/example_dynamic_task_mapping.py
[2024-05-02T00:15:54.421-0500] {logging_mixin.py:188} INFO - [2024-05-02T00:15:54.421-0500] {dag.py:3096} INFO - Sync 1 DAGs
[2024-05-02T00:15:54.453-0500] {logging_mixin.py:188} INFO - [2024-05-02T00:15:54.453-0500] {dag.py:3954} INFO - Setting next_dagrun for example_dynamic_task_mapping to 2022-03-04 00:00:00+00:00, run_after=2022-03-05 00:00:00+00:00
[2024-05-02T00:15:54.460-0500] {processor.py:183} INFO - Processing /Users/nestoralfaro/Desktop/pbi-scenario-two/py_env/lib/python3.9/site-packages/airflow/example_dags/example_dynamic_task_mapping.py took 0.102 seconds
[2024-05-02T00:17:51.580-0500] {processor.py:161} INFO - Started process (PID=36717) to work on /Users/nestoralfaro/Desktop/pbi-scenario-two/py_env/lib/python3.9/site-packages/airflow/example_dags/example_dynamic_task_mapping.py
[2024-05-02T00:17:51.581-0500] {processor.py:830} INFO - Processing file /Users/nestoralfaro/Desktop/pbi-scenario-two/py_env/lib/python3.9/site-packages/airflow/example_dags/example_dynamic_task_mapping.py for tasks to queue
[2024-05-02T00:17:51.581-0500] {logging_mixin.py:188} INFO - [2024-05-02T00:17:51.581-0500] {dagbag.py:540} INFO - Filling up the DagBag from /Users/nestoralfaro/Desktop/pbi-scenario-two/py_env/lib/python3.9/site-packages/airflow/example_dags/example_dynamic_task_mapping.py
[2024-05-02T00:17:51.598-0500] {processor.py:840} INFO - DAG(s) 'example_dynamic_task_mapping' retrieved from /Users/nestoralfaro/Desktop/pbi-scenario-two/py_env/lib/python3.9/site-packages/airflow/example_dags/example_dynamic_task_mapping.py
[2024-05-02T00:17:51.642-0500] {logging_mixin.py:188} INFO - [2024-05-02T00:17:51.642-0500] {dag.py:3096} INFO - Sync 1 DAGs
[2024-05-02T00:17:51.679-0500] {logging_mixin.py:188} INFO - [2024-05-02T00:17:51.679-0500] {dag.py:3954} INFO - Setting next_dagrun for example_dynamic_task_mapping to 2022-03-04 00:00:00+00:00, run_after=2022-03-05 00:00:00+00:00
[2024-05-02T00:17:51.687-0500] {processor.py:183} INFO - Processing /Users/nestoralfaro/Desktop/pbi-scenario-two/py_env/lib/python3.9/site-packages/airflow/example_dags/example_dynamic_task_mapping.py took 0.110 seconds
[2024-05-02T00:19:46.899-0500] {processor.py:161} INFO - Started process (PID=36826) to work on /Users/nestoralfaro/Desktop/pbi-scenario-two/py_env/lib/python3.9/site-packages/airflow/example_dags/example_dynamic_task_mapping.py
[2024-05-02T00:19:46.901-0500] {processor.py:830} INFO - Processing file /Users/nestoralfaro/Desktop/pbi-scenario-two/py_env/lib/python3.9/site-packages/airflow/example_dags/example_dynamic_task_mapping.py for tasks to queue
[2024-05-02T00:19:46.901-0500] {logging_mixin.py:188} INFO - [2024-05-02T00:19:46.901-0500] {dagbag.py:540} INFO - Filling up the DagBag from /Users/nestoralfaro/Desktop/pbi-scenario-two/py_env/lib/python3.9/site-packages/airflow/example_dags/example_dynamic_task_mapping.py
[2024-05-02T00:19:46.917-0500] {processor.py:840} INFO - DAG(s) 'example_dynamic_task_mapping' retrieved from /Users/nestoralfaro/Desktop/pbi-scenario-two/py_env/lib/python3.9/site-packages/airflow/example_dags/example_dynamic_task_mapping.py
[2024-05-02T00:19:46.960-0500] {logging_mixin.py:188} INFO - [2024-05-02T00:19:46.960-0500] {dag.py:3096} INFO - Sync 1 DAGs
[2024-05-02T00:19:46.992-0500] {logging_mixin.py:188} INFO - [2024-05-02T00:19:46.992-0500] {dag.py:3954} INFO - Setting next_dagrun for example_dynamic_task_mapping to 2022-03-04 00:00:00+00:00, run_after=2022-03-05 00:00:00+00:00
[2024-05-02T00:19:46.998-0500] {processor.py:183} INFO - Processing /Users/nestoralfaro/Desktop/pbi-scenario-two/py_env/lib/python3.9/site-packages/airflow/example_dags/example_dynamic_task_mapping.py took 0.101 seconds
[2024-05-02T00:21:42.910-0500] {processor.py:161} INFO - Started process (PID=36908) to work on /Users/nestoralfaro/Desktop/pbi-scenario-two/py_env/lib/python3.9/site-packages/airflow/example_dags/example_dynamic_task_mapping.py
[2024-05-02T00:21:42.911-0500] {processor.py:830} INFO - Processing file /Users/nestoralfaro/Desktop/pbi-scenario-two/py_env/lib/python3.9/site-packages/airflow/example_dags/example_dynamic_task_mapping.py for tasks to queue
[2024-05-02T00:21:42.911-0500] {logging_mixin.py:188} INFO - [2024-05-02T00:21:42.911-0500] {dagbag.py:540} INFO - Filling up the DagBag from /Users/nestoralfaro/Desktop/pbi-scenario-two/py_env/lib/python3.9/site-packages/airflow/example_dags/example_dynamic_task_mapping.py
[2024-05-02T00:21:42.927-0500] {processor.py:840} INFO - DAG(s) 'example_dynamic_task_mapping' retrieved from /Users/nestoralfaro/Desktop/pbi-scenario-two/py_env/lib/python3.9/site-packages/airflow/example_dags/example_dynamic_task_mapping.py
[2024-05-02T00:21:42.968-0500] {logging_mixin.py:188} INFO - [2024-05-02T00:21:42.968-0500] {dag.py:3096} INFO - Sync 1 DAGs
[2024-05-02T00:21:43.000-0500] {logging_mixin.py:188} INFO - [2024-05-02T00:21:43.000-0500] {dag.py:3954} INFO - Setting next_dagrun for example_dynamic_task_mapping to 2022-03-04 00:00:00+00:00, run_after=2022-03-05 00:00:00+00:00
[2024-05-02T00:21:43.007-0500] {processor.py:183} INFO - Processing /Users/nestoralfaro/Desktop/pbi-scenario-two/py_env/lib/python3.9/site-packages/airflow/example_dags/example_dynamic_task_mapping.py took 0.099 seconds
[2024-05-02T00:23:36.313-0500] {processor.py:161} INFO - Started process (PID=37019) to work on /Users/nestoralfaro/Desktop/pbi-scenario-two/py_env/lib/python3.9/site-packages/airflow/example_dags/example_dynamic_task_mapping.py
[2024-05-02T00:23:36.315-0500] {processor.py:830} INFO - Processing file /Users/nestoralfaro/Desktop/pbi-scenario-two/py_env/lib/python3.9/site-packages/airflow/example_dags/example_dynamic_task_mapping.py for tasks to queue
[2024-05-02T00:23:36.315-0500] {logging_mixin.py:188} INFO - [2024-05-02T00:23:36.315-0500] {dagbag.py:540} INFO - Filling up the DagBag from /Users/nestoralfaro/Desktop/pbi-scenario-two/py_env/lib/python3.9/site-packages/airflow/example_dags/example_dynamic_task_mapping.py
[2024-05-02T00:23:36.330-0500] {processor.py:840} INFO - DAG(s) 'example_dynamic_task_mapping' retrieved from /Users/nestoralfaro/Desktop/pbi-scenario-two/py_env/lib/python3.9/site-packages/airflow/example_dags/example_dynamic_task_mapping.py
[2024-05-02T00:23:36.371-0500] {logging_mixin.py:188} INFO - [2024-05-02T00:23:36.371-0500] {dag.py:3096} INFO - Sync 1 DAGs
[2024-05-02T00:23:36.402-0500] {logging_mixin.py:188} INFO - [2024-05-02T00:23:36.402-0500] {dag.py:3954} INFO - Setting next_dagrun for example_dynamic_task_mapping to 2022-03-04 00:00:00+00:00, run_after=2022-03-05 00:00:00+00:00
[2024-05-02T00:23:36.410-0500] {processor.py:183} INFO - Processing /Users/nestoralfaro/Desktop/pbi-scenario-two/py_env/lib/python3.9/site-packages/airflow/example_dags/example_dynamic_task_mapping.py took 0.099 seconds
