[2024-05-01T23:31:04.758-0500] {processor.py:161} INFO - Started process (PID=34772) to work on /Users/nestoralfaro/Desktop/pbi-scenario-two/py_env/lib/python3.9/site-packages/airflow/example_dags/example_external_task_marker_dag.py
[2024-05-01T23:31:04.759-0500] {processor.py:830} INFO - Processing file /Users/nestoralfaro/Desktop/pbi-scenario-two/py_env/lib/python3.9/site-packages/airflow/example_dags/example_external_task_marker_dag.py for tasks to queue
[2024-05-01T23:31:04.759-0500] {logging_mixin.py:188} INFO - [2024-05-01T23:31:04.759-0500] {dagbag.py:540} INFO - Filling up the DagBag from /Users/nestoralfaro/Desktop/pbi-scenario-two/py_env/lib/python3.9/site-packages/airflow/example_dags/example_external_task_marker_dag.py
[2024-05-01T23:31:04.765-0500] {processor.py:840} INFO - DAG(s) 'example_external_task_marker_parent', 'example_external_task_marker_child' retrieved from /Users/nestoralfaro/Desktop/pbi-scenario-two/py_env/lib/python3.9/site-packages/airflow/example_dags/example_external_task_marker_dag.py
[2024-05-01T23:31:04.867-0500] {logging_mixin.py:188} INFO - [2024-05-01T23:31:04.867-0500] {dag.py:3096} INFO - Sync 2 DAGs
[2024-05-01T23:31:04.871-0500] {logging_mixin.py:188} INFO - [2024-05-01T23:31:04.871-0500] {dag.py:3954} INFO - Setting next_dagrun for example_external_task_marker_child to None, run_after=None
[2024-05-01T23:31:04.872-0500] {logging_mixin.py:188} INFO - [2024-05-01T23:31:04.872-0500] {dag.py:3954} INFO - Setting next_dagrun for example_external_task_marker_parent to None, run_after=None
[2024-05-01T23:31:04.879-0500] {processor.py:183} INFO - Processing /Users/nestoralfaro/Desktop/pbi-scenario-two/py_env/lib/python3.9/site-packages/airflow/example_dags/example_external_task_marker_dag.py took 0.122 seconds
[2024-05-01T23:33:10.656-0500] {processor.py:161} INFO - Started process (PID=34876) to work on /Users/nestoralfaro/Desktop/pbi-scenario-two/py_env/lib/python3.9/site-packages/airflow/example_dags/example_external_task_marker_dag.py
[2024-05-01T23:33:10.658-0500] {processor.py:830} INFO - Processing file /Users/nestoralfaro/Desktop/pbi-scenario-two/py_env/lib/python3.9/site-packages/airflow/example_dags/example_external_task_marker_dag.py for tasks to queue
[2024-05-01T23:33:10.658-0500] {logging_mixin.py:188} INFO - [2024-05-01T23:33:10.658-0500] {dagbag.py:540} INFO - Filling up the DagBag from /Users/nestoralfaro/Desktop/pbi-scenario-two/py_env/lib/python3.9/site-packages/airflow/example_dags/example_external_task_marker_dag.py
[2024-05-01T23:33:10.664-0500] {processor.py:840} INFO - DAG(s) 'example_external_task_marker_child', 'example_external_task_marker_parent' retrieved from /Users/nestoralfaro/Desktop/pbi-scenario-two/py_env/lib/python3.9/site-packages/airflow/example_dags/example_external_task_marker_dag.py
[2024-05-01T23:33:10.707-0500] {logging_mixin.py:188} INFO - [2024-05-01T23:33:10.707-0500] {dag.py:3096} INFO - Sync 2 DAGs
[2024-05-01T23:33:10.710-0500] {logging_mixin.py:188} INFO - [2024-05-01T23:33:10.710-0500] {dag.py:3954} INFO - Setting next_dagrun for example_external_task_marker_child to None, run_after=None
[2024-05-01T23:33:10.711-0500] {logging_mixin.py:188} INFO - [2024-05-01T23:33:10.711-0500] {dag.py:3954} INFO - Setting next_dagrun for example_external_task_marker_parent to None, run_after=None
[2024-05-01T23:33:10.718-0500] {processor.py:183} INFO - Processing /Users/nestoralfaro/Desktop/pbi-scenario-two/py_env/lib/python3.9/site-packages/airflow/example_dags/example_external_task_marker_dag.py took 0.064 seconds
[2024-05-01T23:35:08.435-0500] {processor.py:161} INFO - Started process (PID=34949) to work on /Users/nestoralfaro/Desktop/pbi-scenario-two/py_env/lib/python3.9/site-packages/airflow/example_dags/example_external_task_marker_dag.py
[2024-05-01T23:35:08.438-0500] {processor.py:830} INFO - Processing file /Users/nestoralfaro/Desktop/pbi-scenario-two/py_env/lib/python3.9/site-packages/airflow/example_dags/example_external_task_marker_dag.py for tasks to queue
[2024-05-01T23:35:08.438-0500] {logging_mixin.py:188} INFO - [2024-05-01T23:35:08.438-0500] {dagbag.py:540} INFO - Filling up the DagBag from /Users/nestoralfaro/Desktop/pbi-scenario-two/py_env/lib/python3.9/site-packages/airflow/example_dags/example_external_task_marker_dag.py
[2024-05-01T23:35:08.444-0500] {processor.py:840} INFO - DAG(s) 'example_external_task_marker_parent', 'example_external_task_marker_child' retrieved from /Users/nestoralfaro/Desktop/pbi-scenario-two/py_env/lib/python3.9/site-packages/airflow/example_dags/example_external_task_marker_dag.py
[2024-05-01T23:35:08.493-0500] {logging_mixin.py:188} INFO - [2024-05-01T23:35:08.493-0500] {dag.py:3096} INFO - Sync 2 DAGs
[2024-05-01T23:35:08.497-0500] {logging_mixin.py:188} INFO - [2024-05-01T23:35:08.497-0500] {dag.py:3954} INFO - Setting next_dagrun for example_external_task_marker_child to None, run_after=None
[2024-05-01T23:35:08.498-0500] {logging_mixin.py:188} INFO - [2024-05-01T23:35:08.498-0500] {dag.py:3954} INFO - Setting next_dagrun for example_external_task_marker_parent to None, run_after=None
[2024-05-01T23:35:08.506-0500] {processor.py:183} INFO - Processing /Users/nestoralfaro/Desktop/pbi-scenario-two/py_env/lib/python3.9/site-packages/airflow/example_dags/example_external_task_marker_dag.py took 0.072 seconds
[2024-05-01T23:36:59.836-0500] {processor.py:161} INFO - Started process (PID=35017) to work on /Users/nestoralfaro/Desktop/pbi-scenario-two/py_env/lib/python3.9/site-packages/airflow/example_dags/example_external_task_marker_dag.py
[2024-05-01T23:36:59.838-0500] {processor.py:830} INFO - Processing file /Users/nestoralfaro/Desktop/pbi-scenario-two/py_env/lib/python3.9/site-packages/airflow/example_dags/example_external_task_marker_dag.py for tasks to queue
[2024-05-01T23:36:59.838-0500] {logging_mixin.py:188} INFO - [2024-05-01T23:36:59.838-0500] {dagbag.py:540} INFO - Filling up the DagBag from /Users/nestoralfaro/Desktop/pbi-scenario-two/py_env/lib/python3.9/site-packages/airflow/example_dags/example_external_task_marker_dag.py
[2024-05-01T23:36:59.845-0500] {processor.py:840} INFO - DAG(s) 'example_external_task_marker_parent', 'example_external_task_marker_child' retrieved from /Users/nestoralfaro/Desktop/pbi-scenario-two/py_env/lib/python3.9/site-packages/airflow/example_dags/example_external_task_marker_dag.py
[2024-05-01T23:36:59.897-0500] {logging_mixin.py:188} INFO - [2024-05-01T23:36:59.897-0500] {dag.py:3096} INFO - Sync 2 DAGs
[2024-05-01T23:36:59.901-0500] {logging_mixin.py:188} INFO - [2024-05-01T23:36:59.901-0500] {dag.py:3954} INFO - Setting next_dagrun for example_external_task_marker_child to None, run_after=None
[2024-05-01T23:36:59.903-0500] {logging_mixin.py:188} INFO - [2024-05-01T23:36:59.903-0500] {dag.py:3954} INFO - Setting next_dagrun for example_external_task_marker_parent to None, run_after=None
[2024-05-01T23:36:59.910-0500] {processor.py:183} INFO - Processing /Users/nestoralfaro/Desktop/pbi-scenario-two/py_env/lib/python3.9/site-packages/airflow/example_dags/example_external_task_marker_dag.py took 0.075 seconds
[2024-05-01T23:38:55.559-0500] {processor.py:161} INFO - Started process (PID=35087) to work on /Users/nestoralfaro/Desktop/pbi-scenario-two/py_env/lib/python3.9/site-packages/airflow/example_dags/example_external_task_marker_dag.py
[2024-05-01T23:38:55.562-0500] {processor.py:830} INFO - Processing file /Users/nestoralfaro/Desktop/pbi-scenario-two/py_env/lib/python3.9/site-packages/airflow/example_dags/example_external_task_marker_dag.py for tasks to queue
[2024-05-01T23:38:55.562-0500] {logging_mixin.py:188} INFO - [2024-05-01T23:38:55.562-0500] {dagbag.py:540} INFO - Filling up the DagBag from /Users/nestoralfaro/Desktop/pbi-scenario-two/py_env/lib/python3.9/site-packages/airflow/example_dags/example_external_task_marker_dag.py
[2024-05-01T23:38:55.568-0500] {processor.py:840} INFO - DAG(s) 'example_external_task_marker_child', 'example_external_task_marker_parent' retrieved from /Users/nestoralfaro/Desktop/pbi-scenario-two/py_env/lib/python3.9/site-packages/airflow/example_dags/example_external_task_marker_dag.py
[2024-05-01T23:38:55.616-0500] {logging_mixin.py:188} INFO - [2024-05-01T23:38:55.616-0500] {dag.py:3096} INFO - Sync 2 DAGs
[2024-05-01T23:38:55.621-0500] {logging_mixin.py:188} INFO - [2024-05-01T23:38:55.621-0500] {dag.py:3954} INFO - Setting next_dagrun for example_external_task_marker_child to None, run_after=None
[2024-05-01T23:38:55.623-0500] {logging_mixin.py:188} INFO - [2024-05-01T23:38:55.623-0500] {dag.py:3954} INFO - Setting next_dagrun for example_external_task_marker_parent to None, run_after=None
[2024-05-01T23:38:55.631-0500] {processor.py:183} INFO - Processing /Users/nestoralfaro/Desktop/pbi-scenario-two/py_env/lib/python3.9/site-packages/airflow/example_dags/example_external_task_marker_dag.py took 0.073 seconds
[2024-05-01T23:40:49.267-0500] {processor.py:161} INFO - Started process (PID=35178) to work on /Users/nestoralfaro/Desktop/pbi-scenario-two/py_env/lib/python3.9/site-packages/airflow/example_dags/example_external_task_marker_dag.py
[2024-05-01T23:40:49.269-0500] {processor.py:830} INFO - Processing file /Users/nestoralfaro/Desktop/pbi-scenario-two/py_env/lib/python3.9/site-packages/airflow/example_dags/example_external_task_marker_dag.py for tasks to queue
[2024-05-01T23:40:49.269-0500] {logging_mixin.py:188} INFO - [2024-05-01T23:40:49.269-0500] {dagbag.py:540} INFO - Filling up the DagBag from /Users/nestoralfaro/Desktop/pbi-scenario-two/py_env/lib/python3.9/site-packages/airflow/example_dags/example_external_task_marker_dag.py
[2024-05-01T23:40:49.275-0500] {processor.py:840} INFO - DAG(s) 'example_external_task_marker_parent', 'example_external_task_marker_child' retrieved from /Users/nestoralfaro/Desktop/pbi-scenario-two/py_env/lib/python3.9/site-packages/airflow/example_dags/example_external_task_marker_dag.py
[2024-05-01T23:40:49.325-0500] {logging_mixin.py:188} INFO - [2024-05-01T23:40:49.325-0500] {dag.py:3096} INFO - Sync 2 DAGs
[2024-05-01T23:40:49.329-0500] {logging_mixin.py:188} INFO - [2024-05-01T23:40:49.329-0500] {dag.py:3954} INFO - Setting next_dagrun for example_external_task_marker_child to None, run_after=None
[2024-05-01T23:40:49.330-0500] {logging_mixin.py:188} INFO - [2024-05-01T23:40:49.330-0500] {dag.py:3954} INFO - Setting next_dagrun for example_external_task_marker_parent to None, run_after=None
[2024-05-01T23:40:49.337-0500] {processor.py:183} INFO - Processing /Users/nestoralfaro/Desktop/pbi-scenario-two/py_env/lib/python3.9/site-packages/airflow/example_dags/example_external_task_marker_dag.py took 0.072 seconds
[2024-05-01T23:42:49.777-0500] {processor.py:161} INFO - Started process (PID=35283) to work on /Users/nestoralfaro/Desktop/pbi-scenario-two/py_env/lib/python3.9/site-packages/airflow/example_dags/example_external_task_marker_dag.py
[2024-05-01T23:42:49.780-0500] {processor.py:830} INFO - Processing file /Users/nestoralfaro/Desktop/pbi-scenario-two/py_env/lib/python3.9/site-packages/airflow/example_dags/example_external_task_marker_dag.py for tasks to queue
[2024-05-01T23:42:49.780-0500] {logging_mixin.py:188} INFO - [2024-05-01T23:42:49.780-0500] {dagbag.py:540} INFO - Filling up the DagBag from /Users/nestoralfaro/Desktop/pbi-scenario-two/py_env/lib/python3.9/site-packages/airflow/example_dags/example_external_task_marker_dag.py
[2024-05-01T23:42:49.787-0500] {processor.py:840} INFO - DAG(s) 'example_external_task_marker_child', 'example_external_task_marker_parent' retrieved from /Users/nestoralfaro/Desktop/pbi-scenario-two/py_env/lib/python3.9/site-packages/airflow/example_dags/example_external_task_marker_dag.py
[2024-05-01T23:42:49.833-0500] {logging_mixin.py:188} INFO - [2024-05-01T23:42:49.832-0500] {dag.py:3096} INFO - Sync 2 DAGs
[2024-05-01T23:42:49.836-0500] {logging_mixin.py:188} INFO - [2024-05-01T23:42:49.836-0500] {dag.py:3954} INFO - Setting next_dagrun for example_external_task_marker_child to None, run_after=None
[2024-05-01T23:42:49.838-0500] {logging_mixin.py:188} INFO - [2024-05-01T23:42:49.838-0500] {dag.py:3954} INFO - Setting next_dagrun for example_external_task_marker_parent to None, run_after=None
[2024-05-01T23:42:49.844-0500] {processor.py:183} INFO - Processing /Users/nestoralfaro/Desktop/pbi-scenario-two/py_env/lib/python3.9/site-packages/airflow/example_dags/example_external_task_marker_dag.py took 0.069 seconds
[2024-05-01T23:44:48.392-0500] {processor.py:161} INFO - Started process (PID=35364) to work on /Users/nestoralfaro/Desktop/pbi-scenario-two/py_env/lib/python3.9/site-packages/airflow/example_dags/example_external_task_marker_dag.py
[2024-05-01T23:44:48.394-0500] {processor.py:830} INFO - Processing file /Users/nestoralfaro/Desktop/pbi-scenario-two/py_env/lib/python3.9/site-packages/airflow/example_dags/example_external_task_marker_dag.py for tasks to queue
[2024-05-01T23:44:48.395-0500] {logging_mixin.py:188} INFO - [2024-05-01T23:44:48.395-0500] {dagbag.py:540} INFO - Filling up the DagBag from /Users/nestoralfaro/Desktop/pbi-scenario-two/py_env/lib/python3.9/site-packages/airflow/example_dags/example_external_task_marker_dag.py
[2024-05-01T23:44:48.400-0500] {processor.py:840} INFO - DAG(s) 'example_external_task_marker_child', 'example_external_task_marker_parent' retrieved from /Users/nestoralfaro/Desktop/pbi-scenario-two/py_env/lib/python3.9/site-packages/airflow/example_dags/example_external_task_marker_dag.py
[2024-05-01T23:44:48.443-0500] {logging_mixin.py:188} INFO - [2024-05-01T23:44:48.443-0500] {dag.py:3096} INFO - Sync 2 DAGs
[2024-05-01T23:44:48.447-0500] {logging_mixin.py:188} INFO - [2024-05-01T23:44:48.446-0500] {dag.py:3954} INFO - Setting next_dagrun for example_external_task_marker_child to None, run_after=None
[2024-05-01T23:44:48.448-0500] {logging_mixin.py:188} INFO - [2024-05-01T23:44:48.448-0500] {dag.py:3954} INFO - Setting next_dagrun for example_external_task_marker_parent to None, run_after=None
[2024-05-01T23:44:48.455-0500] {processor.py:183} INFO - Processing /Users/nestoralfaro/Desktop/pbi-scenario-two/py_env/lib/python3.9/site-packages/airflow/example_dags/example_external_task_marker_dag.py took 0.064 seconds
[2024-05-01T23:46:42.594-0500] {processor.py:161} INFO - Started process (PID=35435) to work on /Users/nestoralfaro/Desktop/pbi-scenario-two/py_env/lib/python3.9/site-packages/airflow/example_dags/example_external_task_marker_dag.py
[2024-05-01T23:46:42.596-0500] {processor.py:830} INFO - Processing file /Users/nestoralfaro/Desktop/pbi-scenario-two/py_env/lib/python3.9/site-packages/airflow/example_dags/example_external_task_marker_dag.py for tasks to queue
[2024-05-01T23:46:42.597-0500] {logging_mixin.py:188} INFO - [2024-05-01T23:46:42.596-0500] {dagbag.py:540} INFO - Filling up the DagBag from /Users/nestoralfaro/Desktop/pbi-scenario-two/py_env/lib/python3.9/site-packages/airflow/example_dags/example_external_task_marker_dag.py
[2024-05-01T23:46:42.603-0500] {processor.py:840} INFO - DAG(s) 'example_external_task_marker_parent', 'example_external_task_marker_child' retrieved from /Users/nestoralfaro/Desktop/pbi-scenario-two/py_env/lib/python3.9/site-packages/airflow/example_dags/example_external_task_marker_dag.py
[2024-05-01T23:46:42.645-0500] {logging_mixin.py:188} INFO - [2024-05-01T23:46:42.645-0500] {dag.py:3096} INFO - Sync 2 DAGs
[2024-05-01T23:46:42.649-0500] {logging_mixin.py:188} INFO - [2024-05-01T23:46:42.649-0500] {dag.py:3954} INFO - Setting next_dagrun for example_external_task_marker_child to None, run_after=None
[2024-05-01T23:46:42.650-0500] {logging_mixin.py:188} INFO - [2024-05-01T23:46:42.650-0500] {dag.py:3954} INFO - Setting next_dagrun for example_external_task_marker_parent to None, run_after=None
[2024-05-01T23:46:42.656-0500] {processor.py:183} INFO - Processing /Users/nestoralfaro/Desktop/pbi-scenario-two/py_env/lib/python3.9/site-packages/airflow/example_dags/example_external_task_marker_dag.py took 0.064 seconds
[2024-05-01T23:48:33.489-0500] {processor.py:161} INFO - Started process (PID=35513) to work on /Users/nestoralfaro/Desktop/pbi-scenario-two/py_env/lib/python3.9/site-packages/airflow/example_dags/example_external_task_marker_dag.py
[2024-05-01T23:48:33.491-0500] {processor.py:830} INFO - Processing file /Users/nestoralfaro/Desktop/pbi-scenario-two/py_env/lib/python3.9/site-packages/airflow/example_dags/example_external_task_marker_dag.py for tasks to queue
[2024-05-01T23:48:33.492-0500] {logging_mixin.py:188} INFO - [2024-05-01T23:48:33.492-0500] {dagbag.py:540} INFO - Filling up the DagBag from /Users/nestoralfaro/Desktop/pbi-scenario-two/py_env/lib/python3.9/site-packages/airflow/example_dags/example_external_task_marker_dag.py
[2024-05-01T23:48:33.497-0500] {processor.py:840} INFO - DAG(s) 'example_external_task_marker_child', 'example_external_task_marker_parent' retrieved from /Users/nestoralfaro/Desktop/pbi-scenario-two/py_env/lib/python3.9/site-packages/airflow/example_dags/example_external_task_marker_dag.py
[2024-05-01T23:48:33.540-0500] {logging_mixin.py:188} INFO - [2024-05-01T23:48:33.540-0500] {dag.py:3096} INFO - Sync 2 DAGs
[2024-05-01T23:48:33.544-0500] {logging_mixin.py:188} INFO - [2024-05-01T23:48:33.544-0500] {dag.py:3954} INFO - Setting next_dagrun for example_external_task_marker_child to None, run_after=None
[2024-05-01T23:48:33.545-0500] {logging_mixin.py:188} INFO - [2024-05-01T23:48:33.545-0500] {dag.py:3954} INFO - Setting next_dagrun for example_external_task_marker_parent to None, run_after=None
[2024-05-01T23:48:33.552-0500] {processor.py:183} INFO - Processing /Users/nestoralfaro/Desktop/pbi-scenario-two/py_env/lib/python3.9/site-packages/airflow/example_dags/example_external_task_marker_dag.py took 0.064 seconds
[2024-05-01T23:50:29.936-0500] {processor.py:161} INFO - Started process (PID=35593) to work on /Users/nestoralfaro/Desktop/pbi-scenario-two/py_env/lib/python3.9/site-packages/airflow/example_dags/example_external_task_marker_dag.py
[2024-05-01T23:50:29.938-0500] {processor.py:830} INFO - Processing file /Users/nestoralfaro/Desktop/pbi-scenario-two/py_env/lib/python3.9/site-packages/airflow/example_dags/example_external_task_marker_dag.py for tasks to queue
[2024-05-01T23:50:29.938-0500] {logging_mixin.py:188} INFO - [2024-05-01T23:50:29.938-0500] {dagbag.py:540} INFO - Filling up the DagBag from /Users/nestoralfaro/Desktop/pbi-scenario-two/py_env/lib/python3.9/site-packages/airflow/example_dags/example_external_task_marker_dag.py
[2024-05-01T23:50:29.944-0500] {processor.py:840} INFO - DAG(s) 'example_external_task_marker_child', 'example_external_task_marker_parent' retrieved from /Users/nestoralfaro/Desktop/pbi-scenario-two/py_env/lib/python3.9/site-packages/airflow/example_dags/example_external_task_marker_dag.py
[2024-05-01T23:50:29.989-0500] {logging_mixin.py:188} INFO - [2024-05-01T23:50:29.989-0500] {dag.py:3096} INFO - Sync 2 DAGs
[2024-05-01T23:50:29.993-0500] {logging_mixin.py:188} INFO - [2024-05-01T23:50:29.993-0500] {dag.py:3954} INFO - Setting next_dagrun for example_external_task_marker_child to None, run_after=None
[2024-05-01T23:50:29.995-0500] {logging_mixin.py:188} INFO - [2024-05-01T23:50:29.995-0500] {dag.py:3954} INFO - Setting next_dagrun for example_external_task_marker_parent to None, run_after=None
[2024-05-01T23:50:30.002-0500] {processor.py:183} INFO - Processing /Users/nestoralfaro/Desktop/pbi-scenario-two/py_env/lib/python3.9/site-packages/airflow/example_dags/example_external_task_marker_dag.py took 0.068 seconds
[2024-05-01T23:52:23.615-0500] {processor.py:161} INFO - Started process (PID=35679) to work on /Users/nestoralfaro/Desktop/pbi-scenario-two/py_env/lib/python3.9/site-packages/airflow/example_dags/example_external_task_marker_dag.py
[2024-05-01T23:52:23.617-0500] {processor.py:830} INFO - Processing file /Users/nestoralfaro/Desktop/pbi-scenario-two/py_env/lib/python3.9/site-packages/airflow/example_dags/example_external_task_marker_dag.py for tasks to queue
[2024-05-01T23:52:23.617-0500] {logging_mixin.py:188} INFO - [2024-05-01T23:52:23.617-0500] {dagbag.py:540} INFO - Filling up the DagBag from /Users/nestoralfaro/Desktop/pbi-scenario-two/py_env/lib/python3.9/site-packages/airflow/example_dags/example_external_task_marker_dag.py
[2024-05-01T23:52:23.622-0500] {processor.py:840} INFO - DAG(s) 'example_external_task_marker_parent', 'example_external_task_marker_child' retrieved from /Users/nestoralfaro/Desktop/pbi-scenario-two/py_env/lib/python3.9/site-packages/airflow/example_dags/example_external_task_marker_dag.py
[2024-05-01T23:52:23.669-0500] {logging_mixin.py:188} INFO - [2024-05-01T23:52:23.668-0500] {dag.py:3096} INFO - Sync 2 DAGs
[2024-05-01T23:52:23.672-0500] {logging_mixin.py:188} INFO - [2024-05-01T23:52:23.672-0500] {dag.py:3954} INFO - Setting next_dagrun for example_external_task_marker_child to None, run_after=None
[2024-05-01T23:52:23.674-0500] {logging_mixin.py:188} INFO - [2024-05-01T23:52:23.674-0500] {dag.py:3954} INFO - Setting next_dagrun for example_external_task_marker_parent to None, run_after=None
[2024-05-01T23:52:23.681-0500] {processor.py:183} INFO - Processing /Users/nestoralfaro/Desktop/pbi-scenario-two/py_env/lib/python3.9/site-packages/airflow/example_dags/example_external_task_marker_dag.py took 0.067 seconds
[2024-05-01T23:54:21.611-0500] {processor.py:161} INFO - Started process (PID=35747) to work on /Users/nestoralfaro/Desktop/pbi-scenario-two/py_env/lib/python3.9/site-packages/airflow/example_dags/example_external_task_marker_dag.py
[2024-05-01T23:54:21.612-0500] {processor.py:830} INFO - Processing file /Users/nestoralfaro/Desktop/pbi-scenario-two/py_env/lib/python3.9/site-packages/airflow/example_dags/example_external_task_marker_dag.py for tasks to queue
[2024-05-01T23:54:21.612-0500] {logging_mixin.py:188} INFO - [2024-05-01T23:54:21.612-0500] {dagbag.py:540} INFO - Filling up the DagBag from /Users/nestoralfaro/Desktop/pbi-scenario-two/py_env/lib/python3.9/site-packages/airflow/example_dags/example_external_task_marker_dag.py
[2024-05-01T23:54:21.618-0500] {processor.py:840} INFO - DAG(s) 'example_external_task_marker_child', 'example_external_task_marker_parent' retrieved from /Users/nestoralfaro/Desktop/pbi-scenario-two/py_env/lib/python3.9/site-packages/airflow/example_dags/example_external_task_marker_dag.py
[2024-05-01T23:54:21.669-0500] {logging_mixin.py:188} INFO - [2024-05-01T23:54:21.669-0500] {dag.py:3096} INFO - Sync 2 DAGs
[2024-05-01T23:54:21.673-0500] {logging_mixin.py:188} INFO - [2024-05-01T23:54:21.673-0500] {dag.py:3954} INFO - Setting next_dagrun for example_external_task_marker_child to None, run_after=None
[2024-05-01T23:54:21.674-0500] {logging_mixin.py:188} INFO - [2024-05-01T23:54:21.674-0500] {dag.py:3954} INFO - Setting next_dagrun for example_external_task_marker_parent to None, run_after=None
[2024-05-01T23:54:21.681-0500] {processor.py:183} INFO - Processing /Users/nestoralfaro/Desktop/pbi-scenario-two/py_env/lib/python3.9/site-packages/airflow/example_dags/example_external_task_marker_dag.py took 0.071 seconds
[2024-05-01T23:56:14.081-0500] {processor.py:161} INFO - Started process (PID=35816) to work on /Users/nestoralfaro/Desktop/pbi-scenario-two/py_env/lib/python3.9/site-packages/airflow/example_dags/example_external_task_marker_dag.py
[2024-05-01T23:56:14.082-0500] {processor.py:830} INFO - Processing file /Users/nestoralfaro/Desktop/pbi-scenario-two/py_env/lib/python3.9/site-packages/airflow/example_dags/example_external_task_marker_dag.py for tasks to queue
[2024-05-01T23:56:14.082-0500] {logging_mixin.py:188} INFO - [2024-05-01T23:56:14.082-0500] {dagbag.py:540} INFO - Filling up the DagBag from /Users/nestoralfaro/Desktop/pbi-scenario-two/py_env/lib/python3.9/site-packages/airflow/example_dags/example_external_task_marker_dag.py
[2024-05-01T23:56:14.088-0500] {processor.py:840} INFO - DAG(s) 'example_external_task_marker_parent', 'example_external_task_marker_child' retrieved from /Users/nestoralfaro/Desktop/pbi-scenario-two/py_env/lib/python3.9/site-packages/airflow/example_dags/example_external_task_marker_dag.py
[2024-05-01T23:56:14.130-0500] {logging_mixin.py:188} INFO - [2024-05-01T23:56:14.130-0500] {dag.py:3096} INFO - Sync 2 DAGs
[2024-05-01T23:56:14.134-0500] {logging_mixin.py:188} INFO - [2024-05-01T23:56:14.133-0500] {dag.py:3954} INFO - Setting next_dagrun for example_external_task_marker_child to None, run_after=None
[2024-05-01T23:56:14.135-0500] {logging_mixin.py:188} INFO - [2024-05-01T23:56:14.135-0500] {dag.py:3954} INFO - Setting next_dagrun for example_external_task_marker_parent to None, run_after=None
[2024-05-01T23:56:14.141-0500] {processor.py:183} INFO - Processing /Users/nestoralfaro/Desktop/pbi-scenario-two/py_env/lib/python3.9/site-packages/airflow/example_dags/example_external_task_marker_dag.py took 0.061 seconds
[2024-05-01T23:58:05.108-0500] {processor.py:161} INFO - Started process (PID=35885) to work on /Users/nestoralfaro/Desktop/pbi-scenario-two/py_env/lib/python3.9/site-packages/airflow/example_dags/example_external_task_marker_dag.py
[2024-05-01T23:58:05.109-0500] {processor.py:830} INFO - Processing file /Users/nestoralfaro/Desktop/pbi-scenario-two/py_env/lib/python3.9/site-packages/airflow/example_dags/example_external_task_marker_dag.py for tasks to queue
[2024-05-01T23:58:05.109-0500] {logging_mixin.py:188} INFO - [2024-05-01T23:58:05.109-0500] {dagbag.py:540} INFO - Filling up the DagBag from /Users/nestoralfaro/Desktop/pbi-scenario-two/py_env/lib/python3.9/site-packages/airflow/example_dags/example_external_task_marker_dag.py
[2024-05-01T23:58:05.115-0500] {processor.py:840} INFO - DAG(s) 'example_external_task_marker_parent', 'example_external_task_marker_child' retrieved from /Users/nestoralfaro/Desktop/pbi-scenario-two/py_env/lib/python3.9/site-packages/airflow/example_dags/example_external_task_marker_dag.py
[2024-05-01T23:58:05.158-0500] {logging_mixin.py:188} INFO - [2024-05-01T23:58:05.158-0500] {dag.py:3096} INFO - Sync 2 DAGs
[2024-05-01T23:58:05.162-0500] {logging_mixin.py:188} INFO - [2024-05-01T23:58:05.162-0500] {dag.py:3954} INFO - Setting next_dagrun for example_external_task_marker_child to None, run_after=None
[2024-05-01T23:58:05.163-0500] {logging_mixin.py:188} INFO - [2024-05-01T23:58:05.163-0500] {dag.py:3954} INFO - Setting next_dagrun for example_external_task_marker_parent to None, run_after=None
[2024-05-01T23:58:05.169-0500] {processor.py:183} INFO - Processing /Users/nestoralfaro/Desktop/pbi-scenario-two/py_env/lib/python3.9/site-packages/airflow/example_dags/example_external_task_marker_dag.py took 0.062 seconds
[2024-05-01T23:59:56.692-0500] {processor.py:161} INFO - Started process (PID=35956) to work on /Users/nestoralfaro/Desktop/pbi-scenario-two/py_env/lib/python3.9/site-packages/airflow/example_dags/example_external_task_marker_dag.py
[2024-05-01T23:59:56.693-0500] {processor.py:830} INFO - Processing file /Users/nestoralfaro/Desktop/pbi-scenario-two/py_env/lib/python3.9/site-packages/airflow/example_dags/example_external_task_marker_dag.py for tasks to queue
[2024-05-01T23:59:56.694-0500] {logging_mixin.py:188} INFO - [2024-05-01T23:59:56.694-0500] {dagbag.py:540} INFO - Filling up the DagBag from /Users/nestoralfaro/Desktop/pbi-scenario-two/py_env/lib/python3.9/site-packages/airflow/example_dags/example_external_task_marker_dag.py
[2024-05-01T23:59:56.699-0500] {processor.py:840} INFO - DAG(s) 'example_external_task_marker_child', 'example_external_task_marker_parent' retrieved from /Users/nestoralfaro/Desktop/pbi-scenario-two/py_env/lib/python3.9/site-packages/airflow/example_dags/example_external_task_marker_dag.py
[2024-05-01T23:59:56.743-0500] {logging_mixin.py:188} INFO - [2024-05-01T23:59:56.743-0500] {dag.py:3096} INFO - Sync 2 DAGs
[2024-05-01T23:59:56.747-0500] {logging_mixin.py:188} INFO - [2024-05-01T23:59:56.746-0500] {dag.py:3954} INFO - Setting next_dagrun for example_external_task_marker_child to None, run_after=None
[2024-05-01T23:59:56.748-0500] {logging_mixin.py:188} INFO - [2024-05-01T23:59:56.748-0500] {dag.py:3954} INFO - Setting next_dagrun for example_external_task_marker_parent to None, run_after=None
[2024-05-01T23:59:56.754-0500] {processor.py:183} INFO - Processing /Users/nestoralfaro/Desktop/pbi-scenario-two/py_env/lib/python3.9/site-packages/airflow/example_dags/example_external_task_marker_dag.py took 0.064 seconds
[2024-05-02T00:01:49.926-0500] {processor.py:161} INFO - Started process (PID=36054) to work on /Users/nestoralfaro/Desktop/pbi-scenario-two/py_env/lib/python3.9/site-packages/airflow/example_dags/example_external_task_marker_dag.py
[2024-05-02T00:01:49.928-0500] {processor.py:830} INFO - Processing file /Users/nestoralfaro/Desktop/pbi-scenario-two/py_env/lib/python3.9/site-packages/airflow/example_dags/example_external_task_marker_dag.py for tasks to queue
[2024-05-02T00:01:49.929-0500] {logging_mixin.py:188} INFO - [2024-05-02T00:01:49.929-0500] {dagbag.py:540} INFO - Filling up the DagBag from /Users/nestoralfaro/Desktop/pbi-scenario-two/py_env/lib/python3.9/site-packages/airflow/example_dags/example_external_task_marker_dag.py
[2024-05-02T00:01:49.935-0500] {processor.py:840} INFO - DAG(s) 'example_external_task_marker_parent', 'example_external_task_marker_child' retrieved from /Users/nestoralfaro/Desktop/pbi-scenario-two/py_env/lib/python3.9/site-packages/airflow/example_dags/example_external_task_marker_dag.py
[2024-05-02T00:01:49.983-0500] {logging_mixin.py:188} INFO - [2024-05-02T00:01:49.983-0500] {dag.py:3096} INFO - Sync 2 DAGs
[2024-05-02T00:01:49.988-0500] {logging_mixin.py:188} INFO - [2024-05-02T00:01:49.988-0500] {dag.py:3954} INFO - Setting next_dagrun for example_external_task_marker_child to None, run_after=None
[2024-05-02T00:01:49.989-0500] {logging_mixin.py:188} INFO - [2024-05-02T00:01:49.989-0500] {dag.py:3954} INFO - Setting next_dagrun for example_external_task_marker_parent to None, run_after=None
[2024-05-02T00:01:49.997-0500] {processor.py:183} INFO - Processing /Users/nestoralfaro/Desktop/pbi-scenario-two/py_env/lib/python3.9/site-packages/airflow/example_dags/example_external_task_marker_dag.py took 0.073 seconds
[2024-05-02T00:03:47.873-0500] {processor.py:161} INFO - Started process (PID=36137) to work on /Users/nestoralfaro/Desktop/pbi-scenario-two/py_env/lib/python3.9/site-packages/airflow/example_dags/example_external_task_marker_dag.py
[2024-05-02T00:03:47.876-0500] {processor.py:830} INFO - Processing file /Users/nestoralfaro/Desktop/pbi-scenario-two/py_env/lib/python3.9/site-packages/airflow/example_dags/example_external_task_marker_dag.py for tasks to queue
[2024-05-02T00:03:47.876-0500] {logging_mixin.py:188} INFO - [2024-05-02T00:03:47.876-0500] {dagbag.py:540} INFO - Filling up the DagBag from /Users/nestoralfaro/Desktop/pbi-scenario-two/py_env/lib/python3.9/site-packages/airflow/example_dags/example_external_task_marker_dag.py
[2024-05-02T00:03:47.882-0500] {processor.py:840} INFO - DAG(s) 'example_external_task_marker_parent', 'example_external_task_marker_child' retrieved from /Users/nestoralfaro/Desktop/pbi-scenario-two/py_env/lib/python3.9/site-packages/airflow/example_dags/example_external_task_marker_dag.py
[2024-05-02T00:03:47.927-0500] {logging_mixin.py:188} INFO - [2024-05-02T00:03:47.927-0500] {dag.py:3096} INFO - Sync 2 DAGs
[2024-05-02T00:03:47.931-0500] {logging_mixin.py:188} INFO - [2024-05-02T00:03:47.931-0500] {dag.py:3954} INFO - Setting next_dagrun for example_external_task_marker_child to None, run_after=None
[2024-05-02T00:03:47.932-0500] {logging_mixin.py:188} INFO - [2024-05-02T00:03:47.932-0500] {dag.py:3954} INFO - Setting next_dagrun for example_external_task_marker_parent to None, run_after=None
[2024-05-02T00:03:47.939-0500] {processor.py:183} INFO - Processing /Users/nestoralfaro/Desktop/pbi-scenario-two/py_env/lib/python3.9/site-packages/airflow/example_dags/example_external_task_marker_dag.py took 0.067 seconds
[2024-05-02T00:05:41.087-0500] {processor.py:161} INFO - Started process (PID=36209) to work on /Users/nestoralfaro/Desktop/pbi-scenario-two/py_env/lib/python3.9/site-packages/airflow/example_dags/example_external_task_marker_dag.py
[2024-05-02T00:05:41.089-0500] {processor.py:830} INFO - Processing file /Users/nestoralfaro/Desktop/pbi-scenario-two/py_env/lib/python3.9/site-packages/airflow/example_dags/example_external_task_marker_dag.py for tasks to queue
[2024-05-02T00:05:41.090-0500] {logging_mixin.py:188} INFO - [2024-05-02T00:05:41.089-0500] {dagbag.py:540} INFO - Filling up the DagBag from /Users/nestoralfaro/Desktop/pbi-scenario-two/py_env/lib/python3.9/site-packages/airflow/example_dags/example_external_task_marker_dag.py
[2024-05-02T00:05:41.096-0500] {processor.py:840} INFO - DAG(s) 'example_external_task_marker_parent', 'example_external_task_marker_child' retrieved from /Users/nestoralfaro/Desktop/pbi-scenario-two/py_env/lib/python3.9/site-packages/airflow/example_dags/example_external_task_marker_dag.py
[2024-05-02T00:05:41.142-0500] {logging_mixin.py:188} INFO - [2024-05-02T00:05:41.142-0500] {dag.py:3096} INFO - Sync 2 DAGs
[2024-05-02T00:05:41.146-0500] {logging_mixin.py:188} INFO - [2024-05-02T00:05:41.146-0500] {dag.py:3954} INFO - Setting next_dagrun for example_external_task_marker_child to None, run_after=None
[2024-05-02T00:05:41.147-0500] {logging_mixin.py:188} INFO - [2024-05-02T00:05:41.147-0500] {dag.py:3954} INFO - Setting next_dagrun for example_external_task_marker_parent to None, run_after=None
[2024-05-02T00:05:41.153-0500] {processor.py:183} INFO - Processing /Users/nestoralfaro/Desktop/pbi-scenario-two/py_env/lib/python3.9/site-packages/airflow/example_dags/example_external_task_marker_dag.py took 0.068 seconds
[2024-05-02T00:07:28.841-0500] {processor.py:161} INFO - Started process (PID=36295) to work on /Users/nestoralfaro/Desktop/pbi-scenario-two/py_env/lib/python3.9/site-packages/airflow/example_dags/example_external_task_marker_dag.py
[2024-05-02T00:07:28.843-0500] {processor.py:830} INFO - Processing file /Users/nestoralfaro/Desktop/pbi-scenario-two/py_env/lib/python3.9/site-packages/airflow/example_dags/example_external_task_marker_dag.py for tasks to queue
[2024-05-02T00:07:28.844-0500] {logging_mixin.py:188} INFO - [2024-05-02T00:07:28.843-0500] {dagbag.py:540} INFO - Filling up the DagBag from /Users/nestoralfaro/Desktop/pbi-scenario-two/py_env/lib/python3.9/site-packages/airflow/example_dags/example_external_task_marker_dag.py
[2024-05-02T00:07:28.849-0500] {processor.py:840} INFO - DAG(s) 'example_external_task_marker_parent', 'example_external_task_marker_child' retrieved from /Users/nestoralfaro/Desktop/pbi-scenario-two/py_env/lib/python3.9/site-packages/airflow/example_dags/example_external_task_marker_dag.py
[2024-05-02T00:07:28.892-0500] {logging_mixin.py:188} INFO - [2024-05-02T00:07:28.892-0500] {dag.py:3096} INFO - Sync 2 DAGs
[2024-05-02T00:07:28.895-0500] {logging_mixin.py:188} INFO - [2024-05-02T00:07:28.895-0500] {dag.py:3954} INFO - Setting next_dagrun for example_external_task_marker_child to None, run_after=None
[2024-05-02T00:07:28.897-0500] {logging_mixin.py:188} INFO - [2024-05-02T00:07:28.896-0500] {dag.py:3954} INFO - Setting next_dagrun for example_external_task_marker_parent to None, run_after=None
[2024-05-02T00:07:28.903-0500] {processor.py:183} INFO - Processing /Users/nestoralfaro/Desktop/pbi-scenario-two/py_env/lib/python3.9/site-packages/airflow/example_dags/example_external_task_marker_dag.py took 0.063 seconds
[2024-05-02T00:09:22.527-0500] {processor.py:161} INFO - Started process (PID=36363) to work on /Users/nestoralfaro/Desktop/pbi-scenario-two/py_env/lib/python3.9/site-packages/airflow/example_dags/example_external_task_marker_dag.py
[2024-05-02T00:09:22.529-0500] {processor.py:830} INFO - Processing file /Users/nestoralfaro/Desktop/pbi-scenario-two/py_env/lib/python3.9/site-packages/airflow/example_dags/example_external_task_marker_dag.py for tasks to queue
[2024-05-02T00:09:22.529-0500] {logging_mixin.py:188} INFO - [2024-05-02T00:09:22.529-0500] {dagbag.py:540} INFO - Filling up the DagBag from /Users/nestoralfaro/Desktop/pbi-scenario-two/py_env/lib/python3.9/site-packages/airflow/example_dags/example_external_task_marker_dag.py
[2024-05-02T00:09:22.536-0500] {processor.py:840} INFO - DAG(s) 'example_external_task_marker_parent', 'example_external_task_marker_child' retrieved from /Users/nestoralfaro/Desktop/pbi-scenario-two/py_env/lib/python3.9/site-packages/airflow/example_dags/example_external_task_marker_dag.py
[2024-05-02T00:09:22.579-0500] {logging_mixin.py:188} INFO - [2024-05-02T00:09:22.579-0500] {dag.py:3096} INFO - Sync 2 DAGs
[2024-05-02T00:09:22.583-0500] {logging_mixin.py:188} INFO - [2024-05-02T00:09:22.583-0500] {dag.py:3954} INFO - Setting next_dagrun for example_external_task_marker_child to None, run_after=None
[2024-05-02T00:09:22.584-0500] {logging_mixin.py:188} INFO - [2024-05-02T00:09:22.584-0500] {dag.py:3954} INFO - Setting next_dagrun for example_external_task_marker_parent to None, run_after=None
[2024-05-02T00:09:22.590-0500] {processor.py:183} INFO - Processing /Users/nestoralfaro/Desktop/pbi-scenario-two/py_env/lib/python3.9/site-packages/airflow/example_dags/example_external_task_marker_dag.py took 0.065 seconds
[2024-05-02T00:11:58.164-0500] {processor.py:161} INFO - Started process (PID=36474) to work on /Users/nestoralfaro/Desktop/pbi-scenario-two/py_env/lib/python3.9/site-packages/airflow/example_dags/example_external_task_marker_dag.py
[2024-05-02T00:11:58.165-0500] {processor.py:830} INFO - Processing file /Users/nestoralfaro/Desktop/pbi-scenario-two/py_env/lib/python3.9/site-packages/airflow/example_dags/example_external_task_marker_dag.py for tasks to queue
[2024-05-02T00:11:58.165-0500] {logging_mixin.py:188} INFO - [2024-05-02T00:11:58.165-0500] {dagbag.py:540} INFO - Filling up the DagBag from /Users/nestoralfaro/Desktop/pbi-scenario-two/py_env/lib/python3.9/site-packages/airflow/example_dags/example_external_task_marker_dag.py
[2024-05-02T00:11:58.171-0500] {processor.py:840} INFO - DAG(s) 'example_external_task_marker_parent', 'example_external_task_marker_child' retrieved from /Users/nestoralfaro/Desktop/pbi-scenario-two/py_env/lib/python3.9/site-packages/airflow/example_dags/example_external_task_marker_dag.py
[2024-05-02T00:11:58.215-0500] {logging_mixin.py:188} INFO - [2024-05-02T00:11:58.215-0500] {dag.py:3096} INFO - Sync 2 DAGs
[2024-05-02T00:11:58.219-0500] {logging_mixin.py:188} INFO - [2024-05-02T00:11:58.219-0500] {dag.py:3954} INFO - Setting next_dagrun for example_external_task_marker_child to None, run_after=None
[2024-05-02T00:11:58.220-0500] {logging_mixin.py:188} INFO - [2024-05-02T00:11:58.220-0500] {dag.py:3954} INFO - Setting next_dagrun for example_external_task_marker_parent to None, run_after=None
[2024-05-02T00:11:58.227-0500] {processor.py:183} INFO - Processing /Users/nestoralfaro/Desktop/pbi-scenario-two/py_env/lib/python3.9/site-packages/airflow/example_dags/example_external_task_marker_dag.py took 0.065 seconds
[2024-05-02T00:13:51.837-0500] {processor.py:161} INFO - Started process (PID=36559) to work on /Users/nestoralfaro/Desktop/pbi-scenario-two/py_env/lib/python3.9/site-packages/airflow/example_dags/example_external_task_marker_dag.py
[2024-05-02T00:13:51.839-0500] {processor.py:830} INFO - Processing file /Users/nestoralfaro/Desktop/pbi-scenario-two/py_env/lib/python3.9/site-packages/airflow/example_dags/example_external_task_marker_dag.py for tasks to queue
[2024-05-02T00:13:51.840-0500] {logging_mixin.py:188} INFO - [2024-05-02T00:13:51.839-0500] {dagbag.py:540} INFO - Filling up the DagBag from /Users/nestoralfaro/Desktop/pbi-scenario-two/py_env/lib/python3.9/site-packages/airflow/example_dags/example_external_task_marker_dag.py
[2024-05-02T00:13:51.845-0500] {processor.py:840} INFO - DAG(s) 'example_external_task_marker_child', 'example_external_task_marker_parent' retrieved from /Users/nestoralfaro/Desktop/pbi-scenario-two/py_env/lib/python3.9/site-packages/airflow/example_dags/example_external_task_marker_dag.py
[2024-05-02T00:13:51.887-0500] {logging_mixin.py:188} INFO - [2024-05-02T00:13:51.887-0500] {dag.py:3096} INFO - Sync 2 DAGs
[2024-05-02T00:13:51.891-0500] {logging_mixin.py:188} INFO - [2024-05-02T00:13:51.891-0500] {dag.py:3954} INFO - Setting next_dagrun for example_external_task_marker_child to None, run_after=None
[2024-05-02T00:13:51.892-0500] {logging_mixin.py:188} INFO - [2024-05-02T00:13:51.892-0500] {dag.py:3954} INFO - Setting next_dagrun for example_external_task_marker_parent to None, run_after=None
[2024-05-02T00:13:51.899-0500] {processor.py:183} INFO - Processing /Users/nestoralfaro/Desktop/pbi-scenario-two/py_env/lib/python3.9/site-packages/airflow/example_dags/example_external_task_marker_dag.py took 0.063 seconds
[2024-05-02T00:15:51.271-0500] {processor.py:161} INFO - Started process (PID=36639) to work on /Users/nestoralfaro/Desktop/pbi-scenario-two/py_env/lib/python3.9/site-packages/airflow/example_dags/example_external_task_marker_dag.py
[2024-05-02T00:15:51.273-0500] {processor.py:830} INFO - Processing file /Users/nestoralfaro/Desktop/pbi-scenario-two/py_env/lib/python3.9/site-packages/airflow/example_dags/example_external_task_marker_dag.py for tasks to queue
[2024-05-02T00:15:51.273-0500] {logging_mixin.py:188} INFO - [2024-05-02T00:15:51.273-0500] {dagbag.py:540} INFO - Filling up the DagBag from /Users/nestoralfaro/Desktop/pbi-scenario-two/py_env/lib/python3.9/site-packages/airflow/example_dags/example_external_task_marker_dag.py
[2024-05-02T00:15:51.279-0500] {processor.py:840} INFO - DAG(s) 'example_external_task_marker_parent', 'example_external_task_marker_child' retrieved from /Users/nestoralfaro/Desktop/pbi-scenario-two/py_env/lib/python3.9/site-packages/airflow/example_dags/example_external_task_marker_dag.py
[2024-05-02T00:15:51.324-0500] {logging_mixin.py:188} INFO - [2024-05-02T00:15:51.324-0500] {dag.py:3096} INFO - Sync 2 DAGs
[2024-05-02T00:15:51.329-0500] {logging_mixin.py:188} INFO - [2024-05-02T00:15:51.328-0500] {dag.py:3954} INFO - Setting next_dagrun for example_external_task_marker_child to None, run_after=None
[2024-05-02T00:15:51.330-0500] {logging_mixin.py:188} INFO - [2024-05-02T00:15:51.330-0500] {dag.py:3954} INFO - Setting next_dagrun for example_external_task_marker_parent to None, run_after=None
[2024-05-02T00:15:51.337-0500] {processor.py:183} INFO - Processing /Users/nestoralfaro/Desktop/pbi-scenario-two/py_env/lib/python3.9/site-packages/airflow/example_dags/example_external_task_marker_dag.py took 0.068 seconds
[2024-05-02T00:17:47.742-0500] {processor.py:161} INFO - Started process (PID=36715) to work on /Users/nestoralfaro/Desktop/pbi-scenario-two/py_env/lib/python3.9/site-packages/airflow/example_dags/example_external_task_marker_dag.py
[2024-05-02T00:17:47.743-0500] {processor.py:830} INFO - Processing file /Users/nestoralfaro/Desktop/pbi-scenario-two/py_env/lib/python3.9/site-packages/airflow/example_dags/example_external_task_marker_dag.py for tasks to queue
[2024-05-02T00:17:47.744-0500] {logging_mixin.py:188} INFO - [2024-05-02T00:17:47.744-0500] {dagbag.py:540} INFO - Filling up the DagBag from /Users/nestoralfaro/Desktop/pbi-scenario-two/py_env/lib/python3.9/site-packages/airflow/example_dags/example_external_task_marker_dag.py
[2024-05-02T00:17:47.750-0500] {processor.py:840} INFO - DAG(s) 'example_external_task_marker_parent', 'example_external_task_marker_child' retrieved from /Users/nestoralfaro/Desktop/pbi-scenario-two/py_env/lib/python3.9/site-packages/airflow/example_dags/example_external_task_marker_dag.py
[2024-05-02T00:17:47.797-0500] {logging_mixin.py:188} INFO - [2024-05-02T00:17:47.797-0500] {dag.py:3096} INFO - Sync 2 DAGs
[2024-05-02T00:17:47.801-0500] {logging_mixin.py:188} INFO - [2024-05-02T00:17:47.801-0500] {dag.py:3954} INFO - Setting next_dagrun for example_external_task_marker_child to None, run_after=None
[2024-05-02T00:17:47.803-0500] {logging_mixin.py:188} INFO - [2024-05-02T00:17:47.802-0500] {dag.py:3954} INFO - Setting next_dagrun for example_external_task_marker_parent to None, run_after=None
[2024-05-02T00:17:47.810-0500] {processor.py:183} INFO - Processing /Users/nestoralfaro/Desktop/pbi-scenario-two/py_env/lib/python3.9/site-packages/airflow/example_dags/example_external_task_marker_dag.py took 0.069 seconds
[2024-05-02T00:19:43.374-0500] {processor.py:161} INFO - Started process (PID=36824) to work on /Users/nestoralfaro/Desktop/pbi-scenario-two/py_env/lib/python3.9/site-packages/airflow/example_dags/example_external_task_marker_dag.py
[2024-05-02T00:19:43.376-0500] {processor.py:830} INFO - Processing file /Users/nestoralfaro/Desktop/pbi-scenario-two/py_env/lib/python3.9/site-packages/airflow/example_dags/example_external_task_marker_dag.py for tasks to queue
[2024-05-02T00:19:43.377-0500] {logging_mixin.py:188} INFO - [2024-05-02T00:19:43.377-0500] {dagbag.py:540} INFO - Filling up the DagBag from /Users/nestoralfaro/Desktop/pbi-scenario-two/py_env/lib/python3.9/site-packages/airflow/example_dags/example_external_task_marker_dag.py
[2024-05-02T00:19:43.383-0500] {processor.py:840} INFO - DAG(s) 'example_external_task_marker_child', 'example_external_task_marker_parent' retrieved from /Users/nestoralfaro/Desktop/pbi-scenario-two/py_env/lib/python3.9/site-packages/airflow/example_dags/example_external_task_marker_dag.py
[2024-05-02T00:19:43.431-0500] {logging_mixin.py:188} INFO - [2024-05-02T00:19:43.431-0500] {dag.py:3096} INFO - Sync 2 DAGs
[2024-05-02T00:19:43.435-0500] {logging_mixin.py:188} INFO - [2024-05-02T00:19:43.435-0500] {dag.py:3954} INFO - Setting next_dagrun for example_external_task_marker_child to None, run_after=None
[2024-05-02T00:19:43.436-0500] {logging_mixin.py:188} INFO - [2024-05-02T00:19:43.436-0500] {dag.py:3954} INFO - Setting next_dagrun for example_external_task_marker_parent to None, run_after=None
[2024-05-02T00:19:43.444-0500] {processor.py:183} INFO - Processing /Users/nestoralfaro/Desktop/pbi-scenario-two/py_env/lib/python3.9/site-packages/airflow/example_dags/example_external_task_marker_dag.py took 0.072 seconds
[2024-05-02T00:21:40.247-0500] {processor.py:161} INFO - Started process (PID=36905) to work on /Users/nestoralfaro/Desktop/pbi-scenario-two/py_env/lib/python3.9/site-packages/airflow/example_dags/example_external_task_marker_dag.py
[2024-05-02T00:21:40.248-0500] {processor.py:830} INFO - Processing file /Users/nestoralfaro/Desktop/pbi-scenario-two/py_env/lib/python3.9/site-packages/airflow/example_dags/example_external_task_marker_dag.py for tasks to queue
[2024-05-02T00:21:40.249-0500] {logging_mixin.py:188} INFO - [2024-05-02T00:21:40.249-0500] {dagbag.py:540} INFO - Filling up the DagBag from /Users/nestoralfaro/Desktop/pbi-scenario-two/py_env/lib/python3.9/site-packages/airflow/example_dags/example_external_task_marker_dag.py
[2024-05-02T00:21:40.254-0500] {processor.py:840} INFO - DAG(s) 'example_external_task_marker_child', 'example_external_task_marker_parent' retrieved from /Users/nestoralfaro/Desktop/pbi-scenario-two/py_env/lib/python3.9/site-packages/airflow/example_dags/example_external_task_marker_dag.py
[2024-05-02T00:21:40.301-0500] {logging_mixin.py:188} INFO - [2024-05-02T00:21:40.301-0500] {dag.py:3096} INFO - Sync 2 DAGs
[2024-05-02T00:21:40.305-0500] {logging_mixin.py:188} INFO - [2024-05-02T00:21:40.305-0500] {dag.py:3954} INFO - Setting next_dagrun for example_external_task_marker_child to None, run_after=None
[2024-05-02T00:21:40.306-0500] {logging_mixin.py:188} INFO - [2024-05-02T00:21:40.306-0500] {dag.py:3954} INFO - Setting next_dagrun for example_external_task_marker_parent to None, run_after=None
[2024-05-02T00:21:40.312-0500] {processor.py:183} INFO - Processing /Users/nestoralfaro/Desktop/pbi-scenario-two/py_env/lib/python3.9/site-packages/airflow/example_dags/example_external_task_marker_dag.py took 0.066 seconds
[2024-05-02T00:23:32.702-0500] {processor.py:161} INFO - Started process (PID=37007) to work on /Users/nestoralfaro/Desktop/pbi-scenario-two/py_env/lib/python3.9/site-packages/airflow/example_dags/example_external_task_marker_dag.py
[2024-05-02T00:23:32.704-0500] {processor.py:830} INFO - Processing file /Users/nestoralfaro/Desktop/pbi-scenario-two/py_env/lib/python3.9/site-packages/airflow/example_dags/example_external_task_marker_dag.py for tasks to queue
[2024-05-02T00:23:32.705-0500] {logging_mixin.py:188} INFO - [2024-05-02T00:23:32.705-0500] {dagbag.py:540} INFO - Filling up the DagBag from /Users/nestoralfaro/Desktop/pbi-scenario-two/py_env/lib/python3.9/site-packages/airflow/example_dags/example_external_task_marker_dag.py
[2024-05-02T00:23:32.711-0500] {processor.py:840} INFO - DAG(s) 'example_external_task_marker_parent', 'example_external_task_marker_child' retrieved from /Users/nestoralfaro/Desktop/pbi-scenario-two/py_env/lib/python3.9/site-packages/airflow/example_dags/example_external_task_marker_dag.py
[2024-05-02T00:23:32.754-0500] {logging_mixin.py:188} INFO - [2024-05-02T00:23:32.754-0500] {dag.py:3096} INFO - Sync 2 DAGs
[2024-05-02T00:23:32.758-0500] {logging_mixin.py:188} INFO - [2024-05-02T00:23:32.758-0500] {dag.py:3954} INFO - Setting next_dagrun for example_external_task_marker_child to None, run_after=None
[2024-05-02T00:23:32.759-0500] {logging_mixin.py:188} INFO - [2024-05-02T00:23:32.759-0500] {dag.py:3954} INFO - Setting next_dagrun for example_external_task_marker_parent to None, run_after=None
[2024-05-02T00:23:32.765-0500] {processor.py:183} INFO - Processing /Users/nestoralfaro/Desktop/pbi-scenario-two/py_env/lib/python3.9/site-packages/airflow/example_dags/example_external_task_marker_dag.py took 0.064 seconds
