[2024-05-01T23:31:25.123-0500] {processor.py:161} INFO - Started process (PID=34784) to work on /Users/nestoralfaro/Desktop/pbi-scenario-two/py_env/lib/python3.9/site-packages/airflow/example_dags/example_branch_datetime_operator.py
[2024-05-01T23:31:25.125-0500] {processor.py:830} INFO - Processing file /Users/nestoralfaro/Desktop/pbi-scenario-two/py_env/lib/python3.9/site-packages/airflow/example_dags/example_branch_datetime_operator.py for tasks to queue
[2024-05-01T23:31:25.125-0500] {logging_mixin.py:188} INFO - [2024-05-01T23:31:25.125-0500] {dagbag.py:540} INFO - Filling up the DagBag from /Users/nestoralfaro/Desktop/pbi-scenario-two/py_env/lib/python3.9/site-packages/airflow/example_dags/example_branch_datetime_operator.py
[2024-05-01T23:31:25.132-0500] {processor.py:840} INFO - DAG(s) 'example_branch_datetime_operator_3', 'example_branch_datetime_operator', 'example_branch_datetime_operator_2' retrieved from /Users/nestoralfaro/Desktop/pbi-scenario-two/py_env/lib/python3.9/site-packages/airflow/example_dags/example_branch_datetime_operator.py
[2024-05-01T23:31:25.243-0500] {logging_mixin.py:188} INFO - [2024-05-01T23:31:25.243-0500] {dag.py:3096} INFO - Sync 3 DAGs
[2024-05-01T23:31:25.251-0500] {logging_mixin.py:188} INFO - [2024-05-01T23:31:25.251-0500] {dag.py:3954} INFO - Setting next_dagrun for example_branch_datetime_operator to 2024-05-01 00:00:00+00:00, run_after=2024-05-02 00:00:00+00:00
[2024-05-01T23:31:25.252-0500] {logging_mixin.py:188} INFO - [2024-05-01T23:31:25.252-0500] {dag.py:3954} INFO - Setting next_dagrun for example_branch_datetime_operator_2 to 2024-05-01 00:00:00+00:00, run_after=2024-05-02 00:00:00+00:00
[2024-05-01T23:31:25.253-0500] {logging_mixin.py:188} INFO - [2024-05-01T23:31:25.253-0500] {dag.py:3954} INFO - Setting next_dagrun for example_branch_datetime_operator_3 to 2024-05-01 00:00:00+00:00, run_after=2024-05-02 00:00:00+00:00
[2024-05-01T23:31:25.261-0500] {processor.py:183} INFO - Processing /Users/nestoralfaro/Desktop/pbi-scenario-two/py_env/lib/python3.9/site-packages/airflow/example_dags/example_branch_datetime_operator.py took 0.139 seconds
[2024-05-01T23:33:31.874-0500] {processor.py:161} INFO - Started process (PID=34892) to work on /Users/nestoralfaro/Desktop/pbi-scenario-two/py_env/lib/python3.9/site-packages/airflow/example_dags/example_branch_datetime_operator.py
[2024-05-01T23:33:31.876-0500] {processor.py:830} INFO - Processing file /Users/nestoralfaro/Desktop/pbi-scenario-two/py_env/lib/python3.9/site-packages/airflow/example_dags/example_branch_datetime_operator.py for tasks to queue
[2024-05-01T23:33:31.876-0500] {logging_mixin.py:188} INFO - [2024-05-01T23:33:31.876-0500] {dagbag.py:540} INFO - Filling up the DagBag from /Users/nestoralfaro/Desktop/pbi-scenario-two/py_env/lib/python3.9/site-packages/airflow/example_dags/example_branch_datetime_operator.py
[2024-05-01T23:33:31.882-0500] {processor.py:840} INFO - DAG(s) 'example_branch_datetime_operator_2', 'example_branch_datetime_operator', 'example_branch_datetime_operator_3' retrieved from /Users/nestoralfaro/Desktop/pbi-scenario-two/py_env/lib/python3.9/site-packages/airflow/example_dags/example_branch_datetime_operator.py
[2024-05-01T23:33:31.927-0500] {logging_mixin.py:188} INFO - [2024-05-01T23:33:31.927-0500] {dag.py:3096} INFO - Sync 3 DAGs
[2024-05-01T23:33:31.934-0500] {logging_mixin.py:188} INFO - [2024-05-01T23:33:31.934-0500] {dag.py:3954} INFO - Setting next_dagrun for example_branch_datetime_operator to 2024-05-01 00:00:00+00:00, run_after=2024-05-02 00:00:00+00:00
[2024-05-01T23:33:31.936-0500] {logging_mixin.py:188} INFO - [2024-05-01T23:33:31.936-0500] {dag.py:3954} INFO - Setting next_dagrun for example_branch_datetime_operator_2 to 2024-05-01 00:00:00+00:00, run_after=2024-05-02 00:00:00+00:00
[2024-05-01T23:33:31.937-0500] {logging_mixin.py:188} INFO - [2024-05-01T23:33:31.937-0500] {dag.py:3954} INFO - Setting next_dagrun for example_branch_datetime_operator_3 to 2024-05-01 00:00:00+00:00, run_after=2024-05-02 00:00:00+00:00
[2024-05-01T23:33:31.945-0500] {processor.py:183} INFO - Processing /Users/nestoralfaro/Desktop/pbi-scenario-two/py_env/lib/python3.9/site-packages/airflow/example_dags/example_branch_datetime_operator.py took 0.072 seconds
[2024-05-01T23:35:27.877-0500] {processor.py:161} INFO - Started process (PID=34962) to work on /Users/nestoralfaro/Desktop/pbi-scenario-two/py_env/lib/python3.9/site-packages/airflow/example_dags/example_branch_datetime_operator.py
[2024-05-01T23:35:27.878-0500] {processor.py:830} INFO - Processing file /Users/nestoralfaro/Desktop/pbi-scenario-two/py_env/lib/python3.9/site-packages/airflow/example_dags/example_branch_datetime_operator.py for tasks to queue
[2024-05-01T23:35:27.878-0500] {logging_mixin.py:188} INFO - [2024-05-01T23:35:27.878-0500] {dagbag.py:540} INFO - Filling up the DagBag from /Users/nestoralfaro/Desktop/pbi-scenario-two/py_env/lib/python3.9/site-packages/airflow/example_dags/example_branch_datetime_operator.py
[2024-05-01T23:35:27.885-0500] {processor.py:840} INFO - DAG(s) 'example_branch_datetime_operator', 'example_branch_datetime_operator_3', 'example_branch_datetime_operator_2' retrieved from /Users/nestoralfaro/Desktop/pbi-scenario-two/py_env/lib/python3.9/site-packages/airflow/example_dags/example_branch_datetime_operator.py
[2024-05-01T23:35:27.932-0500] {logging_mixin.py:188} INFO - [2024-05-01T23:35:27.932-0500] {dag.py:3096} INFO - Sync 3 DAGs
[2024-05-01T23:35:27.940-0500] {logging_mixin.py:188} INFO - [2024-05-01T23:35:27.940-0500] {dag.py:3954} INFO - Setting next_dagrun for example_branch_datetime_operator to 2024-05-01 00:00:00+00:00, run_after=2024-05-02 00:00:00+00:00
[2024-05-01T23:35:27.942-0500] {logging_mixin.py:188} INFO - [2024-05-01T23:35:27.942-0500] {dag.py:3954} INFO - Setting next_dagrun for example_branch_datetime_operator_2 to 2024-05-01 00:00:00+00:00, run_after=2024-05-02 00:00:00+00:00
[2024-05-01T23:35:27.943-0500] {logging_mixin.py:188} INFO - [2024-05-01T23:35:27.943-0500] {dag.py:3954} INFO - Setting next_dagrun for example_branch_datetime_operator_3 to 2024-05-01 00:00:00+00:00, run_after=2024-05-02 00:00:00+00:00
[2024-05-01T23:35:27.949-0500] {processor.py:183} INFO - Processing /Users/nestoralfaro/Desktop/pbi-scenario-two/py_env/lib/python3.9/site-packages/airflow/example_dags/example_branch_datetime_operator.py took 0.075 seconds
[2024-05-01T23:37:20.617-0500] {processor.py:161} INFO - Started process (PID=35031) to work on /Users/nestoralfaro/Desktop/pbi-scenario-two/py_env/lib/python3.9/site-packages/airflow/example_dags/example_branch_datetime_operator.py
[2024-05-01T23:37:20.619-0500] {processor.py:830} INFO - Processing file /Users/nestoralfaro/Desktop/pbi-scenario-two/py_env/lib/python3.9/site-packages/airflow/example_dags/example_branch_datetime_operator.py for tasks to queue
[2024-05-01T23:37:20.619-0500] {logging_mixin.py:188} INFO - [2024-05-01T23:37:20.619-0500] {dagbag.py:540} INFO - Filling up the DagBag from /Users/nestoralfaro/Desktop/pbi-scenario-two/py_env/lib/python3.9/site-packages/airflow/example_dags/example_branch_datetime_operator.py
[2024-05-01T23:37:20.626-0500] {processor.py:840} INFO - DAG(s) 'example_branch_datetime_operator_2', 'example_branch_datetime_operator_3', 'example_branch_datetime_operator' retrieved from /Users/nestoralfaro/Desktop/pbi-scenario-two/py_env/lib/python3.9/site-packages/airflow/example_dags/example_branch_datetime_operator.py
[2024-05-01T23:37:20.673-0500] {logging_mixin.py:188} INFO - [2024-05-01T23:37:20.673-0500] {dag.py:3096} INFO - Sync 3 DAGs
[2024-05-01T23:37:20.680-0500] {logging_mixin.py:188} INFO - [2024-05-01T23:37:20.680-0500] {dag.py:3954} INFO - Setting next_dagrun for example_branch_datetime_operator to 2024-05-01 00:00:00+00:00, run_after=2024-05-02 00:00:00+00:00
[2024-05-01T23:37:20.681-0500] {logging_mixin.py:188} INFO - [2024-05-01T23:37:20.681-0500] {dag.py:3954} INFO - Setting next_dagrun for example_branch_datetime_operator_2 to 2024-05-01 00:00:00+00:00, run_after=2024-05-02 00:00:00+00:00
[2024-05-01T23:37:20.682-0500] {logging_mixin.py:188} INFO - [2024-05-01T23:37:20.682-0500] {dag.py:3954} INFO - Setting next_dagrun for example_branch_datetime_operator_3 to 2024-05-01 00:00:00+00:00, run_after=2024-05-02 00:00:00+00:00
[2024-05-01T23:37:20.689-0500] {processor.py:183} INFO - Processing /Users/nestoralfaro/Desktop/pbi-scenario-two/py_env/lib/python3.9/site-packages/airflow/example_dags/example_branch_datetime_operator.py took 0.074 seconds
[2024-05-01T23:39:16.190-0500] {processor.py:161} INFO - Started process (PID=35101) to work on /Users/nestoralfaro/Desktop/pbi-scenario-two/py_env/lib/python3.9/site-packages/airflow/example_dags/example_branch_datetime_operator.py
[2024-05-01T23:39:16.192-0500] {processor.py:830} INFO - Processing file /Users/nestoralfaro/Desktop/pbi-scenario-two/py_env/lib/python3.9/site-packages/airflow/example_dags/example_branch_datetime_operator.py for tasks to queue
[2024-05-01T23:39:16.193-0500] {logging_mixin.py:188} INFO - [2024-05-01T23:39:16.193-0500] {dagbag.py:540} INFO - Filling up the DagBag from /Users/nestoralfaro/Desktop/pbi-scenario-two/py_env/lib/python3.9/site-packages/airflow/example_dags/example_branch_datetime_operator.py
[2024-05-01T23:39:16.198-0500] {processor.py:840} INFO - DAG(s) 'example_branch_datetime_operator', 'example_branch_datetime_operator_2', 'example_branch_datetime_operator_3' retrieved from /Users/nestoralfaro/Desktop/pbi-scenario-two/py_env/lib/python3.9/site-packages/airflow/example_dags/example_branch_datetime_operator.py
[2024-05-01T23:39:16.245-0500] {logging_mixin.py:188} INFO - [2024-05-01T23:39:16.245-0500] {dag.py:3096} INFO - Sync 3 DAGs
[2024-05-01T23:39:16.252-0500] {logging_mixin.py:188} INFO - [2024-05-01T23:39:16.252-0500] {dag.py:3954} INFO - Setting next_dagrun for example_branch_datetime_operator to 2024-05-01 00:00:00+00:00, run_after=2024-05-02 00:00:00+00:00
[2024-05-01T23:39:16.254-0500] {logging_mixin.py:188} INFO - [2024-05-01T23:39:16.254-0500] {dag.py:3954} INFO - Setting next_dagrun for example_branch_datetime_operator_2 to 2024-05-01 00:00:00+00:00, run_after=2024-05-02 00:00:00+00:00
[2024-05-01T23:39:16.255-0500] {logging_mixin.py:188} INFO - [2024-05-01T23:39:16.254-0500] {dag.py:3954} INFO - Setting next_dagrun for example_branch_datetime_operator_3 to 2024-05-01 00:00:00+00:00, run_after=2024-05-02 00:00:00+00:00
[2024-05-01T23:39:16.261-0500] {processor.py:183} INFO - Processing /Users/nestoralfaro/Desktop/pbi-scenario-two/py_env/lib/python3.9/site-packages/airflow/example_dags/example_branch_datetime_operator.py took 0.072 seconds
[2024-05-01T23:41:09.774-0500] {processor.py:161} INFO - Started process (PID=35191) to work on /Users/nestoralfaro/Desktop/pbi-scenario-two/py_env/lib/python3.9/site-packages/airflow/example_dags/example_branch_datetime_operator.py
[2024-05-01T23:41:09.776-0500] {processor.py:830} INFO - Processing file /Users/nestoralfaro/Desktop/pbi-scenario-two/py_env/lib/python3.9/site-packages/airflow/example_dags/example_branch_datetime_operator.py for tasks to queue
[2024-05-01T23:41:09.777-0500] {logging_mixin.py:188} INFO - [2024-05-01T23:41:09.777-0500] {dagbag.py:540} INFO - Filling up the DagBag from /Users/nestoralfaro/Desktop/pbi-scenario-two/py_env/lib/python3.9/site-packages/airflow/example_dags/example_branch_datetime_operator.py
[2024-05-01T23:41:09.783-0500] {processor.py:840} INFO - DAG(s) 'example_branch_datetime_operator_3', 'example_branch_datetime_operator_2', 'example_branch_datetime_operator' retrieved from /Users/nestoralfaro/Desktop/pbi-scenario-two/py_env/lib/python3.9/site-packages/airflow/example_dags/example_branch_datetime_operator.py
[2024-05-01T23:41:09.831-0500] {logging_mixin.py:188} INFO - [2024-05-01T23:41:09.831-0500] {dag.py:3096} INFO - Sync 3 DAGs
[2024-05-01T23:41:09.839-0500] {logging_mixin.py:188} INFO - [2024-05-01T23:41:09.839-0500] {dag.py:3954} INFO - Setting next_dagrun for example_branch_datetime_operator to 2024-05-01 00:00:00+00:00, run_after=2024-05-02 00:00:00+00:00
[2024-05-01T23:41:09.841-0500] {logging_mixin.py:188} INFO - [2024-05-01T23:41:09.841-0500] {dag.py:3954} INFO - Setting next_dagrun for example_branch_datetime_operator_2 to 2024-05-01 00:00:00+00:00, run_after=2024-05-02 00:00:00+00:00
[2024-05-01T23:41:09.842-0500] {logging_mixin.py:188} INFO - [2024-05-01T23:41:09.842-0500] {dag.py:3954} INFO - Setting next_dagrun for example_branch_datetime_operator_3 to 2024-05-01 00:00:00+00:00, run_after=2024-05-02 00:00:00+00:00
[2024-05-01T23:41:09.850-0500] {processor.py:183} INFO - Processing /Users/nestoralfaro/Desktop/pbi-scenario-two/py_env/lib/python3.9/site-packages/airflow/example_dags/example_branch_datetime_operator.py took 0.077 seconds
[2024-05-01T23:43:11.902-0500] {processor.py:161} INFO - Started process (PID=35295) to work on /Users/nestoralfaro/Desktop/pbi-scenario-two/py_env/lib/python3.9/site-packages/airflow/example_dags/example_branch_datetime_operator.py
[2024-05-01T23:43:11.904-0500] {processor.py:830} INFO - Processing file /Users/nestoralfaro/Desktop/pbi-scenario-two/py_env/lib/python3.9/site-packages/airflow/example_dags/example_branch_datetime_operator.py for tasks to queue
[2024-05-01T23:43:11.904-0500] {logging_mixin.py:188} INFO - [2024-05-01T23:43:11.904-0500] {dagbag.py:540} INFO - Filling up the DagBag from /Users/nestoralfaro/Desktop/pbi-scenario-two/py_env/lib/python3.9/site-packages/airflow/example_dags/example_branch_datetime_operator.py
[2024-05-01T23:43:11.910-0500] {processor.py:840} INFO - DAG(s) 'example_branch_datetime_operator', 'example_branch_datetime_operator_3', 'example_branch_datetime_operator_2' retrieved from /Users/nestoralfaro/Desktop/pbi-scenario-two/py_env/lib/python3.9/site-packages/airflow/example_dags/example_branch_datetime_operator.py
[2024-05-01T23:43:11.955-0500] {logging_mixin.py:188} INFO - [2024-05-01T23:43:11.955-0500] {dag.py:3096} INFO - Sync 3 DAGs
[2024-05-01T23:43:11.962-0500] {logging_mixin.py:188} INFO - [2024-05-01T23:43:11.962-0500] {dag.py:3954} INFO - Setting next_dagrun for example_branch_datetime_operator to 2024-05-01 00:00:00+00:00, run_after=2024-05-02 00:00:00+00:00
[2024-05-01T23:43:11.964-0500] {logging_mixin.py:188} INFO - [2024-05-01T23:43:11.964-0500] {dag.py:3954} INFO - Setting next_dagrun for example_branch_datetime_operator_2 to 2024-05-01 00:00:00+00:00, run_after=2024-05-02 00:00:00+00:00
[2024-05-01T23:43:11.965-0500] {logging_mixin.py:188} INFO - [2024-05-01T23:43:11.965-0500] {dag.py:3954} INFO - Setting next_dagrun for example_branch_datetime_operator_3 to 2024-05-01 00:00:00+00:00, run_after=2024-05-02 00:00:00+00:00
[2024-05-01T23:43:11.972-0500] {processor.py:183} INFO - Processing /Users/nestoralfaro/Desktop/pbi-scenario-two/py_env/lib/python3.9/site-packages/airflow/example_dags/example_branch_datetime_operator.py took 0.072 seconds
[2024-05-01T23:45:10.129-0500] {processor.py:161} INFO - Started process (PID=35379) to work on /Users/nestoralfaro/Desktop/pbi-scenario-two/py_env/lib/python3.9/site-packages/airflow/example_dags/example_branch_datetime_operator.py
[2024-05-01T23:45:10.131-0500] {processor.py:830} INFO - Processing file /Users/nestoralfaro/Desktop/pbi-scenario-two/py_env/lib/python3.9/site-packages/airflow/example_dags/example_branch_datetime_operator.py for tasks to queue
[2024-05-01T23:45:10.131-0500] {logging_mixin.py:188} INFO - [2024-05-01T23:45:10.131-0500] {dagbag.py:540} INFO - Filling up the DagBag from /Users/nestoralfaro/Desktop/pbi-scenario-two/py_env/lib/python3.9/site-packages/airflow/example_dags/example_branch_datetime_operator.py
[2024-05-01T23:45:10.137-0500] {processor.py:840} INFO - DAG(s) 'example_branch_datetime_operator_3', 'example_branch_datetime_operator_2', 'example_branch_datetime_operator' retrieved from /Users/nestoralfaro/Desktop/pbi-scenario-two/py_env/lib/python3.9/site-packages/airflow/example_dags/example_branch_datetime_operator.py
[2024-05-01T23:45:10.183-0500] {logging_mixin.py:188} INFO - [2024-05-01T23:45:10.183-0500] {dag.py:3096} INFO - Sync 3 DAGs
[2024-05-01T23:45:10.191-0500] {logging_mixin.py:188} INFO - [2024-05-01T23:45:10.191-0500] {dag.py:3954} INFO - Setting next_dagrun for example_branch_datetime_operator to 2024-05-01 00:00:00+00:00, run_after=2024-05-02 00:00:00+00:00
[2024-05-01T23:45:10.192-0500] {logging_mixin.py:188} INFO - [2024-05-01T23:45:10.192-0500] {dag.py:3954} INFO - Setting next_dagrun for example_branch_datetime_operator_2 to 2024-05-01 00:00:00+00:00, run_after=2024-05-02 00:00:00+00:00
[2024-05-01T23:45:10.194-0500] {logging_mixin.py:188} INFO - [2024-05-01T23:45:10.193-0500] {dag.py:3954} INFO - Setting next_dagrun for example_branch_datetime_operator_3 to 2024-05-01 00:00:00+00:00, run_after=2024-05-02 00:00:00+00:00
[2024-05-01T23:45:10.201-0500] {processor.py:183} INFO - Processing /Users/nestoralfaro/Desktop/pbi-scenario-two/py_env/lib/python3.9/site-packages/airflow/example_dags/example_branch_datetime_operator.py took 0.073 seconds
[2024-05-01T23:47:02.963-0500] {processor.py:161} INFO - Started process (PID=35447) to work on /Users/nestoralfaro/Desktop/pbi-scenario-two/py_env/lib/python3.9/site-packages/airflow/example_dags/example_branch_datetime_operator.py
[2024-05-01T23:47:02.964-0500] {processor.py:830} INFO - Processing file /Users/nestoralfaro/Desktop/pbi-scenario-two/py_env/lib/python3.9/site-packages/airflow/example_dags/example_branch_datetime_operator.py for tasks to queue
[2024-05-01T23:47:02.964-0500] {logging_mixin.py:188} INFO - [2024-05-01T23:47:02.964-0500] {dagbag.py:540} INFO - Filling up the DagBag from /Users/nestoralfaro/Desktop/pbi-scenario-two/py_env/lib/python3.9/site-packages/airflow/example_dags/example_branch_datetime_operator.py
[2024-05-01T23:47:02.971-0500] {processor.py:840} INFO - DAG(s) 'example_branch_datetime_operator_2', 'example_branch_datetime_operator_3', 'example_branch_datetime_operator' retrieved from /Users/nestoralfaro/Desktop/pbi-scenario-two/py_env/lib/python3.9/site-packages/airflow/example_dags/example_branch_datetime_operator.py
[2024-05-01T23:47:03.013-0500] {logging_mixin.py:188} INFO - [2024-05-01T23:47:03.013-0500] {dag.py:3096} INFO - Sync 3 DAGs
[2024-05-01T23:47:03.019-0500] {logging_mixin.py:188} INFO - [2024-05-01T23:47:03.019-0500] {dag.py:3954} INFO - Setting next_dagrun for example_branch_datetime_operator to 2024-05-01 00:00:00+00:00, run_after=2024-05-02 00:00:00+00:00
[2024-05-01T23:47:03.021-0500] {logging_mixin.py:188} INFO - [2024-05-01T23:47:03.021-0500] {dag.py:3954} INFO - Setting next_dagrun for example_branch_datetime_operator_2 to 2024-05-01 00:00:00+00:00, run_after=2024-05-02 00:00:00+00:00
[2024-05-01T23:47:03.022-0500] {logging_mixin.py:188} INFO - [2024-05-01T23:47:03.022-0500] {dag.py:3954} INFO - Setting next_dagrun for example_branch_datetime_operator_3 to 2024-05-01 00:00:00+00:00, run_after=2024-05-02 00:00:00+00:00
[2024-05-01T23:47:03.028-0500] {processor.py:183} INFO - Processing /Users/nestoralfaro/Desktop/pbi-scenario-two/py_env/lib/python3.9/site-packages/airflow/example_dags/example_branch_datetime_operator.py took 0.067 seconds
[2024-05-01T23:48:53.427-0500] {processor.py:161} INFO - Started process (PID=35535) to work on /Users/nestoralfaro/Desktop/pbi-scenario-two/py_env/lib/python3.9/site-packages/airflow/example_dags/example_branch_datetime_operator.py
[2024-05-01T23:48:53.429-0500] {processor.py:830} INFO - Processing file /Users/nestoralfaro/Desktop/pbi-scenario-two/py_env/lib/python3.9/site-packages/airflow/example_dags/example_branch_datetime_operator.py for tasks to queue
[2024-05-01T23:48:53.429-0500] {logging_mixin.py:188} INFO - [2024-05-01T23:48:53.429-0500] {dagbag.py:540} INFO - Filling up the DagBag from /Users/nestoralfaro/Desktop/pbi-scenario-two/py_env/lib/python3.9/site-packages/airflow/example_dags/example_branch_datetime_operator.py
[2024-05-01T23:48:53.436-0500] {processor.py:840} INFO - DAG(s) 'example_branch_datetime_operator_2', 'example_branch_datetime_operator_3', 'example_branch_datetime_operator' retrieved from /Users/nestoralfaro/Desktop/pbi-scenario-two/py_env/lib/python3.9/site-packages/airflow/example_dags/example_branch_datetime_operator.py
[2024-05-01T23:48:53.487-0500] {logging_mixin.py:188} INFO - [2024-05-01T23:48:53.487-0500] {dag.py:3096} INFO - Sync 3 DAGs
[2024-05-01T23:48:53.495-0500] {logging_mixin.py:188} INFO - [2024-05-01T23:48:53.495-0500] {dag.py:3954} INFO - Setting next_dagrun for example_branch_datetime_operator to 2024-05-01 00:00:00+00:00, run_after=2024-05-02 00:00:00+00:00
[2024-05-01T23:48:53.497-0500] {logging_mixin.py:188} INFO - [2024-05-01T23:48:53.497-0500] {dag.py:3954} INFO - Setting next_dagrun for example_branch_datetime_operator_2 to 2024-05-01 00:00:00+00:00, run_after=2024-05-02 00:00:00+00:00
[2024-05-01T23:48:53.498-0500] {logging_mixin.py:188} INFO - [2024-05-01T23:48:53.498-0500] {dag.py:3954} INFO - Setting next_dagrun for example_branch_datetime_operator_3 to 2024-05-01 00:00:00+00:00, run_after=2024-05-02 00:00:00+00:00
[2024-05-01T23:48:53.506-0500] {processor.py:183} INFO - Processing /Users/nestoralfaro/Desktop/pbi-scenario-two/py_env/lib/python3.9/site-packages/airflow/example_dags/example_branch_datetime_operator.py took 0.081 seconds
[2024-05-01T23:50:50.941-0500] {processor.py:161} INFO - Started process (PID=35606) to work on /Users/nestoralfaro/Desktop/pbi-scenario-two/py_env/lib/python3.9/site-packages/airflow/example_dags/example_branch_datetime_operator.py
[2024-05-01T23:50:50.944-0500] {processor.py:830} INFO - Processing file /Users/nestoralfaro/Desktop/pbi-scenario-two/py_env/lib/python3.9/site-packages/airflow/example_dags/example_branch_datetime_operator.py for tasks to queue
[2024-05-01T23:50:50.944-0500] {logging_mixin.py:188} INFO - [2024-05-01T23:50:50.944-0500] {dagbag.py:540} INFO - Filling up the DagBag from /Users/nestoralfaro/Desktop/pbi-scenario-two/py_env/lib/python3.9/site-packages/airflow/example_dags/example_branch_datetime_operator.py
[2024-05-01T23:50:50.950-0500] {processor.py:840} INFO - DAG(s) 'example_branch_datetime_operator_3', 'example_branch_datetime_operator', 'example_branch_datetime_operator_2' retrieved from /Users/nestoralfaro/Desktop/pbi-scenario-two/py_env/lib/python3.9/site-packages/airflow/example_dags/example_branch_datetime_operator.py
[2024-05-01T23:50:50.996-0500] {logging_mixin.py:188} INFO - [2024-05-01T23:50:50.995-0500] {dag.py:3096} INFO - Sync 3 DAGs
[2024-05-01T23:50:51.003-0500] {logging_mixin.py:188} INFO - [2024-05-01T23:50:51.003-0500] {dag.py:3954} INFO - Setting next_dagrun for example_branch_datetime_operator to 2024-05-01 00:00:00+00:00, run_after=2024-05-02 00:00:00+00:00
[2024-05-01T23:50:51.005-0500] {logging_mixin.py:188} INFO - [2024-05-01T23:50:51.005-0500] {dag.py:3954} INFO - Setting next_dagrun for example_branch_datetime_operator_2 to 2024-05-01 00:00:00+00:00, run_after=2024-05-02 00:00:00+00:00
[2024-05-01T23:50:51.005-0500] {logging_mixin.py:188} INFO - [2024-05-01T23:50:51.005-0500] {dag.py:3954} INFO - Setting next_dagrun for example_branch_datetime_operator_3 to 2024-05-01 00:00:00+00:00, run_after=2024-05-02 00:00:00+00:00
[2024-05-01T23:50:51.013-0500] {processor.py:183} INFO - Processing /Users/nestoralfaro/Desktop/pbi-scenario-two/py_env/lib/python3.9/site-packages/airflow/example_dags/example_branch_datetime_operator.py took 0.072 seconds
[2024-05-01T23:52:44.299-0500] {processor.py:161} INFO - Started process (PID=35691) to work on /Users/nestoralfaro/Desktop/pbi-scenario-two/py_env/lib/python3.9/site-packages/airflow/example_dags/example_branch_datetime_operator.py
[2024-05-01T23:52:44.301-0500] {processor.py:830} INFO - Processing file /Users/nestoralfaro/Desktop/pbi-scenario-two/py_env/lib/python3.9/site-packages/airflow/example_dags/example_branch_datetime_operator.py for tasks to queue
[2024-05-01T23:52:44.301-0500] {logging_mixin.py:188} INFO - [2024-05-01T23:52:44.301-0500] {dagbag.py:540} INFO - Filling up the DagBag from /Users/nestoralfaro/Desktop/pbi-scenario-two/py_env/lib/python3.9/site-packages/airflow/example_dags/example_branch_datetime_operator.py
[2024-05-01T23:52:44.306-0500] {processor.py:840} INFO - DAG(s) 'example_branch_datetime_operator', 'example_branch_datetime_operator_2', 'example_branch_datetime_operator_3' retrieved from /Users/nestoralfaro/Desktop/pbi-scenario-two/py_env/lib/python3.9/site-packages/airflow/example_dags/example_branch_datetime_operator.py
[2024-05-01T23:52:44.349-0500] {logging_mixin.py:188} INFO - [2024-05-01T23:52:44.349-0500] {dag.py:3096} INFO - Sync 3 DAGs
[2024-05-01T23:52:44.357-0500] {logging_mixin.py:188} INFO - [2024-05-01T23:52:44.357-0500] {dag.py:3954} INFO - Setting next_dagrun for example_branch_datetime_operator to 2024-05-01 00:00:00+00:00, run_after=2024-05-02 00:00:00+00:00
[2024-05-01T23:52:44.359-0500] {logging_mixin.py:188} INFO - [2024-05-01T23:52:44.359-0500] {dag.py:3954} INFO - Setting next_dagrun for example_branch_datetime_operator_2 to 2024-05-01 00:00:00+00:00, run_after=2024-05-02 00:00:00+00:00
[2024-05-01T23:52:44.360-0500] {logging_mixin.py:188} INFO - [2024-05-01T23:52:44.360-0500] {dag.py:3954} INFO - Setting next_dagrun for example_branch_datetime_operator_3 to 2024-05-01 00:00:00+00:00, run_after=2024-05-02 00:00:00+00:00
[2024-05-01T23:52:44.367-0500] {processor.py:183} INFO - Processing /Users/nestoralfaro/Desktop/pbi-scenario-two/py_env/lib/python3.9/site-packages/airflow/example_dags/example_branch_datetime_operator.py took 0.069 seconds
[2024-05-01T23:54:42.991-0500] {processor.py:161} INFO - Started process (PID=35759) to work on /Users/nestoralfaro/Desktop/pbi-scenario-two/py_env/lib/python3.9/site-packages/airflow/example_dags/example_branch_datetime_operator.py
[2024-05-01T23:54:42.992-0500] {processor.py:830} INFO - Processing file /Users/nestoralfaro/Desktop/pbi-scenario-two/py_env/lib/python3.9/site-packages/airflow/example_dags/example_branch_datetime_operator.py for tasks to queue
[2024-05-01T23:54:42.993-0500] {logging_mixin.py:188} INFO - [2024-05-01T23:54:42.992-0500] {dagbag.py:540} INFO - Filling up the DagBag from /Users/nestoralfaro/Desktop/pbi-scenario-two/py_env/lib/python3.9/site-packages/airflow/example_dags/example_branch_datetime_operator.py
[2024-05-01T23:54:42.998-0500] {processor.py:840} INFO - DAG(s) 'example_branch_datetime_operator', 'example_branch_datetime_operator_3', 'example_branch_datetime_operator_2' retrieved from /Users/nestoralfaro/Desktop/pbi-scenario-two/py_env/lib/python3.9/site-packages/airflow/example_dags/example_branch_datetime_operator.py
[2024-05-01T23:54:43.130-0500] {logging_mixin.py:188} INFO - [2024-05-01T23:54:43.130-0500] {dag.py:3096} INFO - Sync 3 DAGs
[2024-05-01T23:54:43.138-0500] {logging_mixin.py:188} INFO - [2024-05-01T23:54:43.138-0500] {dag.py:3954} INFO - Setting next_dagrun for example_branch_datetime_operator to 2024-05-01 00:00:00+00:00, run_after=2024-05-02 00:00:00+00:00
[2024-05-01T23:54:43.140-0500] {logging_mixin.py:188} INFO - [2024-05-01T23:54:43.140-0500] {dag.py:3954} INFO - Setting next_dagrun for example_branch_datetime_operator_2 to 2024-05-01 00:00:00+00:00, run_after=2024-05-02 00:00:00+00:00
[2024-05-01T23:54:43.141-0500] {logging_mixin.py:188} INFO - [2024-05-01T23:54:43.141-0500] {dag.py:3954} INFO - Setting next_dagrun for example_branch_datetime_operator_3 to 2024-05-01 00:00:00+00:00, run_after=2024-05-02 00:00:00+00:00
[2024-05-01T23:54:43.149-0500] {processor.py:183} INFO - Processing /Users/nestoralfaro/Desktop/pbi-scenario-two/py_env/lib/python3.9/site-packages/airflow/example_dags/example_branch_datetime_operator.py took 0.160 seconds
[2024-05-01T23:56:34.268-0500] {processor.py:161} INFO - Started process (PID=35829) to work on /Users/nestoralfaro/Desktop/pbi-scenario-two/py_env/lib/python3.9/site-packages/airflow/example_dags/example_branch_datetime_operator.py
[2024-05-01T23:56:34.270-0500] {processor.py:830} INFO - Processing file /Users/nestoralfaro/Desktop/pbi-scenario-two/py_env/lib/python3.9/site-packages/airflow/example_dags/example_branch_datetime_operator.py for tasks to queue
[2024-05-01T23:56:34.270-0500] {logging_mixin.py:188} INFO - [2024-05-01T23:56:34.270-0500] {dagbag.py:540} INFO - Filling up the DagBag from /Users/nestoralfaro/Desktop/pbi-scenario-two/py_env/lib/python3.9/site-packages/airflow/example_dags/example_branch_datetime_operator.py
[2024-05-01T23:56:34.275-0500] {processor.py:840} INFO - DAG(s) 'example_branch_datetime_operator_2', 'example_branch_datetime_operator', 'example_branch_datetime_operator_3' retrieved from /Users/nestoralfaro/Desktop/pbi-scenario-two/py_env/lib/python3.9/site-packages/airflow/example_dags/example_branch_datetime_operator.py
[2024-05-01T23:56:34.316-0500] {logging_mixin.py:188} INFO - [2024-05-01T23:56:34.316-0500] {dag.py:3096} INFO - Sync 3 DAGs
[2024-05-01T23:56:34.323-0500] {logging_mixin.py:188} INFO - [2024-05-01T23:56:34.323-0500] {dag.py:3954} INFO - Setting next_dagrun for example_branch_datetime_operator to 2024-05-01 00:00:00+00:00, run_after=2024-05-02 00:00:00+00:00
[2024-05-01T23:56:34.325-0500] {logging_mixin.py:188} INFO - [2024-05-01T23:56:34.325-0500] {dag.py:3954} INFO - Setting next_dagrun for example_branch_datetime_operator_2 to 2024-05-01 00:00:00+00:00, run_after=2024-05-02 00:00:00+00:00
[2024-05-01T23:56:34.326-0500] {logging_mixin.py:188} INFO - [2024-05-01T23:56:34.325-0500] {dag.py:3954} INFO - Setting next_dagrun for example_branch_datetime_operator_3 to 2024-05-01 00:00:00+00:00, run_after=2024-05-02 00:00:00+00:00
[2024-05-01T23:56:34.332-0500] {processor.py:183} INFO - Processing /Users/nestoralfaro/Desktop/pbi-scenario-two/py_env/lib/python3.9/site-packages/airflow/example_dags/example_branch_datetime_operator.py took 0.065 seconds
[2024-05-01T23:58:25.103-0500] {processor.py:161} INFO - Started process (PID=35897) to work on /Users/nestoralfaro/Desktop/pbi-scenario-two/py_env/lib/python3.9/site-packages/airflow/example_dags/example_branch_datetime_operator.py
[2024-05-01T23:58:25.104-0500] {processor.py:830} INFO - Processing file /Users/nestoralfaro/Desktop/pbi-scenario-two/py_env/lib/python3.9/site-packages/airflow/example_dags/example_branch_datetime_operator.py for tasks to queue
[2024-05-01T23:58:25.105-0500] {logging_mixin.py:188} INFO - [2024-05-01T23:58:25.105-0500] {dagbag.py:540} INFO - Filling up the DagBag from /Users/nestoralfaro/Desktop/pbi-scenario-two/py_env/lib/python3.9/site-packages/airflow/example_dags/example_branch_datetime_operator.py
[2024-05-01T23:58:25.110-0500] {processor.py:840} INFO - DAG(s) 'example_branch_datetime_operator_3', 'example_branch_datetime_operator_2', 'example_branch_datetime_operator' retrieved from /Users/nestoralfaro/Desktop/pbi-scenario-two/py_env/lib/python3.9/site-packages/airflow/example_dags/example_branch_datetime_operator.py
[2024-05-01T23:58:25.152-0500] {logging_mixin.py:188} INFO - [2024-05-01T23:58:25.152-0500] {dag.py:3096} INFO - Sync 3 DAGs
[2024-05-01T23:58:25.158-0500] {logging_mixin.py:188} INFO - [2024-05-01T23:58:25.158-0500] {dag.py:3954} INFO - Setting next_dagrun for example_branch_datetime_operator to 2024-05-01 00:00:00+00:00, run_after=2024-05-02 00:00:00+00:00
[2024-05-01T23:58:25.160-0500] {logging_mixin.py:188} INFO - [2024-05-01T23:58:25.160-0500] {dag.py:3954} INFO - Setting next_dagrun for example_branch_datetime_operator_2 to 2024-05-01 00:00:00+00:00, run_after=2024-05-02 00:00:00+00:00
[2024-05-01T23:58:25.161-0500] {logging_mixin.py:188} INFO - [2024-05-01T23:58:25.161-0500] {dag.py:3954} INFO - Setting next_dagrun for example_branch_datetime_operator_3 to 2024-05-01 00:00:00+00:00, run_after=2024-05-02 00:00:00+00:00
[2024-05-01T23:58:25.167-0500] {processor.py:183} INFO - Processing /Users/nestoralfaro/Desktop/pbi-scenario-two/py_env/lib/python3.9/site-packages/airflow/example_dags/example_branch_datetime_operator.py took 0.065 seconds
[2024-05-02T00:00:15.612-0500] {processor.py:161} INFO - Started process (PID=35992) to work on /Users/nestoralfaro/Desktop/pbi-scenario-two/py_env/lib/python3.9/site-packages/airflow/example_dags/example_branch_datetime_operator.py
[2024-05-02T00:00:15.614-0500] {processor.py:830} INFO - Processing file /Users/nestoralfaro/Desktop/pbi-scenario-two/py_env/lib/python3.9/site-packages/airflow/example_dags/example_branch_datetime_operator.py for tasks to queue
[2024-05-02T00:00:15.614-0500] {logging_mixin.py:188} INFO - [2024-05-02T00:00:15.614-0500] {dagbag.py:540} INFO - Filling up the DagBag from /Users/nestoralfaro/Desktop/pbi-scenario-two/py_env/lib/python3.9/site-packages/airflow/example_dags/example_branch_datetime_operator.py
[2024-05-02T00:00:15.621-0500] {processor.py:840} INFO - DAG(s) 'example_branch_datetime_operator_2', 'example_branch_datetime_operator', 'example_branch_datetime_operator_3' retrieved from /Users/nestoralfaro/Desktop/pbi-scenario-two/py_env/lib/python3.9/site-packages/airflow/example_dags/example_branch_datetime_operator.py
[2024-05-02T00:00:15.663-0500] {logging_mixin.py:188} INFO - [2024-05-02T00:00:15.663-0500] {dag.py:3096} INFO - Sync 3 DAGs
[2024-05-02T00:00:15.670-0500] {logging_mixin.py:188} INFO - [2024-05-02T00:00:15.670-0500] {dag.py:3954} INFO - Setting next_dagrun for example_branch_datetime_operator to 2024-05-01 00:00:00+00:00, run_after=2024-05-02 00:00:00+00:00
[2024-05-02T00:00:15.671-0500] {logging_mixin.py:188} INFO - [2024-05-02T00:00:15.671-0500] {dag.py:3954} INFO - Setting next_dagrun for example_branch_datetime_operator_2 to 2024-05-01 00:00:00+00:00, run_after=2024-05-02 00:00:00+00:00
[2024-05-02T00:00:15.672-0500] {logging_mixin.py:188} INFO - [2024-05-02T00:00:15.672-0500] {dag.py:3954} INFO - Setting next_dagrun for example_branch_datetime_operator_3 to 2024-05-01 00:00:00+00:00, run_after=2024-05-02 00:00:00+00:00
[2024-05-02T00:00:15.678-0500] {processor.py:183} INFO - Processing /Users/nestoralfaro/Desktop/pbi-scenario-two/py_env/lib/python3.9/site-packages/airflow/example_dags/example_branch_datetime_operator.py took 0.068 seconds
[2024-05-02T00:02:10.650-0500] {processor.py:161} INFO - Started process (PID=36066) to work on /Users/nestoralfaro/Desktop/pbi-scenario-two/py_env/lib/python3.9/site-packages/airflow/example_dags/example_branch_datetime_operator.py
[2024-05-02T00:02:10.651-0500] {processor.py:830} INFO - Processing file /Users/nestoralfaro/Desktop/pbi-scenario-two/py_env/lib/python3.9/site-packages/airflow/example_dags/example_branch_datetime_operator.py for tasks to queue
[2024-05-02T00:02:10.651-0500] {logging_mixin.py:188} INFO - [2024-05-02T00:02:10.651-0500] {dagbag.py:540} INFO - Filling up the DagBag from /Users/nestoralfaro/Desktop/pbi-scenario-two/py_env/lib/python3.9/site-packages/airflow/example_dags/example_branch_datetime_operator.py
[2024-05-02T00:02:10.656-0500] {processor.py:840} INFO - DAG(s) 'example_branch_datetime_operator', 'example_branch_datetime_operator_3', 'example_branch_datetime_operator_2' retrieved from /Users/nestoralfaro/Desktop/pbi-scenario-two/py_env/lib/python3.9/site-packages/airflow/example_dags/example_branch_datetime_operator.py
[2024-05-02T00:02:10.705-0500] {logging_mixin.py:188} INFO - [2024-05-02T00:02:10.705-0500] {dag.py:3096} INFO - Sync 3 DAGs
[2024-05-02T00:02:10.713-0500] {logging_mixin.py:188} INFO - [2024-05-02T00:02:10.712-0500] {dag.py:3954} INFO - Setting next_dagrun for example_branch_datetime_operator to 2024-05-01 00:00:00+00:00, run_after=2024-05-02 00:00:00+00:00
[2024-05-02T00:02:10.715-0500] {logging_mixin.py:188} INFO - [2024-05-02T00:02:10.714-0500] {dag.py:3954} INFO - Setting next_dagrun for example_branch_datetime_operator_2 to 2024-05-01 00:00:00+00:00, run_after=2024-05-02 00:00:00+00:00
[2024-05-02T00:02:10.716-0500] {logging_mixin.py:188} INFO - [2024-05-02T00:02:10.715-0500] {dag.py:3954} INFO - Setting next_dagrun for example_branch_datetime_operator_3 to 2024-05-01 00:00:00+00:00, run_after=2024-05-02 00:00:00+00:00
[2024-05-02T00:02:10.722-0500] {processor.py:183} INFO - Processing /Users/nestoralfaro/Desktop/pbi-scenario-two/py_env/lib/python3.9/site-packages/airflow/example_dags/example_branch_datetime_operator.py took 0.074 seconds
[2024-05-02T00:04:07.079-0500] {processor.py:161} INFO - Started process (PID=36151) to work on /Users/nestoralfaro/Desktop/pbi-scenario-two/py_env/lib/python3.9/site-packages/airflow/example_dags/example_branch_datetime_operator.py
[2024-05-02T00:04:07.081-0500] {processor.py:830} INFO - Processing file /Users/nestoralfaro/Desktop/pbi-scenario-two/py_env/lib/python3.9/site-packages/airflow/example_dags/example_branch_datetime_operator.py for tasks to queue
[2024-05-02T00:04:07.082-0500] {logging_mixin.py:188} INFO - [2024-05-02T00:04:07.082-0500] {dagbag.py:540} INFO - Filling up the DagBag from /Users/nestoralfaro/Desktop/pbi-scenario-two/py_env/lib/python3.9/site-packages/airflow/example_dags/example_branch_datetime_operator.py
[2024-05-02T00:04:07.088-0500] {processor.py:840} INFO - DAG(s) 'example_branch_datetime_operator', 'example_branch_datetime_operator_2', 'example_branch_datetime_operator_3' retrieved from /Users/nestoralfaro/Desktop/pbi-scenario-two/py_env/lib/python3.9/site-packages/airflow/example_dags/example_branch_datetime_operator.py
[2024-05-02T00:04:07.133-0500] {logging_mixin.py:188} INFO - [2024-05-02T00:04:07.133-0500] {dag.py:3096} INFO - Sync 3 DAGs
[2024-05-02T00:04:07.141-0500] {logging_mixin.py:188} INFO - [2024-05-02T00:04:07.141-0500] {dag.py:3954} INFO - Setting next_dagrun for example_branch_datetime_operator to 2024-05-01 00:00:00+00:00, run_after=2024-05-02 00:00:00+00:00
[2024-05-02T00:04:07.143-0500] {logging_mixin.py:188} INFO - [2024-05-02T00:04:07.142-0500] {dag.py:3954} INFO - Setting next_dagrun for example_branch_datetime_operator_2 to 2024-05-01 00:00:00+00:00, run_after=2024-05-02 00:00:00+00:00
[2024-05-02T00:04:07.143-0500] {logging_mixin.py:188} INFO - [2024-05-02T00:04:07.143-0500] {dag.py:3954} INFO - Setting next_dagrun for example_branch_datetime_operator_3 to 2024-05-01 00:00:00+00:00, run_after=2024-05-02 00:00:00+00:00
[2024-05-02T00:04:07.150-0500] {processor.py:183} INFO - Processing /Users/nestoralfaro/Desktop/pbi-scenario-two/py_env/lib/python3.9/site-packages/airflow/example_dags/example_branch_datetime_operator.py took 0.072 seconds
[2024-05-02T00:06:01.366-0500] {processor.py:161} INFO - Started process (PID=36223) to work on /Users/nestoralfaro/Desktop/pbi-scenario-two/py_env/lib/python3.9/site-packages/airflow/example_dags/example_branch_datetime_operator.py
[2024-05-02T00:06:01.368-0500] {processor.py:830} INFO - Processing file /Users/nestoralfaro/Desktop/pbi-scenario-two/py_env/lib/python3.9/site-packages/airflow/example_dags/example_branch_datetime_operator.py for tasks to queue
[2024-05-02T00:06:01.368-0500] {logging_mixin.py:188} INFO - [2024-05-02T00:06:01.368-0500] {dagbag.py:540} INFO - Filling up the DagBag from /Users/nestoralfaro/Desktop/pbi-scenario-two/py_env/lib/python3.9/site-packages/airflow/example_dags/example_branch_datetime_operator.py
[2024-05-02T00:06:01.374-0500] {processor.py:840} INFO - DAG(s) 'example_branch_datetime_operator_2', 'example_branch_datetime_operator_3', 'example_branch_datetime_operator' retrieved from /Users/nestoralfaro/Desktop/pbi-scenario-two/py_env/lib/python3.9/site-packages/airflow/example_dags/example_branch_datetime_operator.py
[2024-05-02T00:06:01.420-0500] {logging_mixin.py:188} INFO - [2024-05-02T00:06:01.419-0500] {dag.py:3096} INFO - Sync 3 DAGs
[2024-05-02T00:06:01.426-0500] {logging_mixin.py:188} INFO - [2024-05-02T00:06:01.426-0500] {dag.py:3954} INFO - Setting next_dagrun for example_branch_datetime_operator to 2024-05-01 00:00:00+00:00, run_after=2024-05-02 00:00:00+00:00
[2024-05-02T00:06:01.428-0500] {logging_mixin.py:188} INFO - [2024-05-02T00:06:01.428-0500] {dag.py:3954} INFO - Setting next_dagrun for example_branch_datetime_operator_2 to 2024-05-01 00:00:00+00:00, run_after=2024-05-02 00:00:00+00:00
[2024-05-02T00:06:01.429-0500] {logging_mixin.py:188} INFO - [2024-05-02T00:06:01.429-0500] {dag.py:3954} INFO - Setting next_dagrun for example_branch_datetime_operator_3 to 2024-05-01 00:00:00+00:00, run_after=2024-05-02 00:00:00+00:00
[2024-05-02T00:06:01.435-0500] {processor.py:183} INFO - Processing /Users/nestoralfaro/Desktop/pbi-scenario-two/py_env/lib/python3.9/site-packages/airflow/example_dags/example_branch_datetime_operator.py took 0.070 seconds
[2024-05-02T00:07:48.959-0500] {processor.py:161} INFO - Started process (PID=36308) to work on /Users/nestoralfaro/Desktop/pbi-scenario-two/py_env/lib/python3.9/site-packages/airflow/example_dags/example_branch_datetime_operator.py
[2024-05-02T00:07:48.961-0500] {processor.py:830} INFO - Processing file /Users/nestoralfaro/Desktop/pbi-scenario-two/py_env/lib/python3.9/site-packages/airflow/example_dags/example_branch_datetime_operator.py for tasks to queue
[2024-05-02T00:07:48.961-0500] {logging_mixin.py:188} INFO - [2024-05-02T00:07:48.961-0500] {dagbag.py:540} INFO - Filling up the DagBag from /Users/nestoralfaro/Desktop/pbi-scenario-two/py_env/lib/python3.9/site-packages/airflow/example_dags/example_branch_datetime_operator.py
[2024-05-02T00:07:48.967-0500] {processor.py:840} INFO - DAG(s) 'example_branch_datetime_operator', 'example_branch_datetime_operator_3', 'example_branch_datetime_operator_2' retrieved from /Users/nestoralfaro/Desktop/pbi-scenario-two/py_env/lib/python3.9/site-packages/airflow/example_dags/example_branch_datetime_operator.py
[2024-05-02T00:07:49.009-0500] {logging_mixin.py:188} INFO - [2024-05-02T00:07:49.009-0500] {dag.py:3096} INFO - Sync 3 DAGs
[2024-05-02T00:07:49.016-0500] {logging_mixin.py:188} INFO - [2024-05-02T00:07:49.015-0500] {dag.py:3954} INFO - Setting next_dagrun for example_branch_datetime_operator to 2024-05-01 00:00:00+00:00, run_after=2024-05-02 00:00:00+00:00
[2024-05-02T00:07:49.017-0500] {logging_mixin.py:188} INFO - [2024-05-02T00:07:49.017-0500] {dag.py:3954} INFO - Setting next_dagrun for example_branch_datetime_operator_2 to 2024-05-01 00:00:00+00:00, run_after=2024-05-02 00:00:00+00:00
[2024-05-02T00:07:49.018-0500] {logging_mixin.py:188} INFO - [2024-05-02T00:07:49.018-0500] {dag.py:3954} INFO - Setting next_dagrun for example_branch_datetime_operator_3 to 2024-05-01 00:00:00+00:00, run_after=2024-05-02 00:00:00+00:00
[2024-05-02T00:07:49.024-0500] {processor.py:183} INFO - Processing /Users/nestoralfaro/Desktop/pbi-scenario-two/py_env/lib/python3.9/site-packages/airflow/example_dags/example_branch_datetime_operator.py took 0.067 seconds
[2024-05-02T00:09:42.746-0500] {processor.py:161} INFO - Started process (PID=36376) to work on /Users/nestoralfaro/Desktop/pbi-scenario-two/py_env/lib/python3.9/site-packages/airflow/example_dags/example_branch_datetime_operator.py
[2024-05-02T00:09:42.748-0500] {processor.py:830} INFO - Processing file /Users/nestoralfaro/Desktop/pbi-scenario-two/py_env/lib/python3.9/site-packages/airflow/example_dags/example_branch_datetime_operator.py for tasks to queue
[2024-05-02T00:09:42.748-0500] {logging_mixin.py:188} INFO - [2024-05-02T00:09:42.748-0500] {dagbag.py:540} INFO - Filling up the DagBag from /Users/nestoralfaro/Desktop/pbi-scenario-two/py_env/lib/python3.9/site-packages/airflow/example_dags/example_branch_datetime_operator.py
[2024-05-02T00:09:42.754-0500] {processor.py:840} INFO - DAG(s) 'example_branch_datetime_operator_2', 'example_branch_datetime_operator_3', 'example_branch_datetime_operator' retrieved from /Users/nestoralfaro/Desktop/pbi-scenario-two/py_env/lib/python3.9/site-packages/airflow/example_dags/example_branch_datetime_operator.py
[2024-05-02T00:09:42.797-0500] {logging_mixin.py:188} INFO - [2024-05-02T00:09:42.797-0500] {dag.py:3096} INFO - Sync 3 DAGs
[2024-05-02T00:09:42.804-0500] {logging_mixin.py:188} INFO - [2024-05-02T00:09:42.804-0500] {dag.py:3954} INFO - Setting next_dagrun for example_branch_datetime_operator to 2024-05-01 00:00:00+00:00, run_after=2024-05-02 00:00:00+00:00
[2024-05-02T00:09:42.805-0500] {logging_mixin.py:188} INFO - [2024-05-02T00:09:42.805-0500] {dag.py:3954} INFO - Setting next_dagrun for example_branch_datetime_operator_2 to 2024-05-01 00:00:00+00:00, run_after=2024-05-02 00:00:00+00:00
[2024-05-02T00:09:42.806-0500] {logging_mixin.py:188} INFO - [2024-05-02T00:09:42.806-0500] {dag.py:3954} INFO - Setting next_dagrun for example_branch_datetime_operator_3 to 2024-05-01 00:00:00+00:00, run_after=2024-05-02 00:00:00+00:00
[2024-05-02T00:09:42.813-0500] {processor.py:183} INFO - Processing /Users/nestoralfaro/Desktop/pbi-scenario-two/py_env/lib/python3.9/site-packages/airflow/example_dags/example_branch_datetime_operator.py took 0.068 seconds
[2024-05-02T00:12:18.961-0500] {processor.py:161} INFO - Started process (PID=36488) to work on /Users/nestoralfaro/Desktop/pbi-scenario-two/py_env/lib/python3.9/site-packages/airflow/example_dags/example_branch_datetime_operator.py
[2024-05-02T00:12:18.963-0500] {processor.py:830} INFO - Processing file /Users/nestoralfaro/Desktop/pbi-scenario-two/py_env/lib/python3.9/site-packages/airflow/example_dags/example_branch_datetime_operator.py for tasks to queue
[2024-05-02T00:12:18.963-0500] {logging_mixin.py:188} INFO - [2024-05-02T00:12:18.963-0500] {dagbag.py:540} INFO - Filling up the DagBag from /Users/nestoralfaro/Desktop/pbi-scenario-two/py_env/lib/python3.9/site-packages/airflow/example_dags/example_branch_datetime_operator.py
[2024-05-02T00:12:18.969-0500] {processor.py:840} INFO - DAG(s) 'example_branch_datetime_operator_3', 'example_branch_datetime_operator', 'example_branch_datetime_operator_2' retrieved from /Users/nestoralfaro/Desktop/pbi-scenario-two/py_env/lib/python3.9/site-packages/airflow/example_dags/example_branch_datetime_operator.py
[2024-05-02T00:12:19.013-0500] {logging_mixin.py:188} INFO - [2024-05-02T00:12:19.012-0500] {dag.py:3096} INFO - Sync 3 DAGs
[2024-05-02T00:12:19.019-0500] {logging_mixin.py:188} INFO - [2024-05-02T00:12:19.019-0500] {dag.py:3954} INFO - Setting next_dagrun for example_branch_datetime_operator to 2024-05-01 00:00:00+00:00, run_after=2024-05-02 00:00:00+00:00
[2024-05-02T00:12:19.021-0500] {logging_mixin.py:188} INFO - [2024-05-02T00:12:19.021-0500] {dag.py:3954} INFO - Setting next_dagrun for example_branch_datetime_operator_2 to 2024-05-01 00:00:00+00:00, run_after=2024-05-02 00:00:00+00:00
[2024-05-02T00:12:19.022-0500] {logging_mixin.py:188} INFO - [2024-05-02T00:12:19.022-0500] {dag.py:3954} INFO - Setting next_dagrun for example_branch_datetime_operator_3 to 2024-05-01 00:00:00+00:00, run_after=2024-05-02 00:00:00+00:00
[2024-05-02T00:12:19.028-0500] {processor.py:183} INFO - Processing /Users/nestoralfaro/Desktop/pbi-scenario-two/py_env/lib/python3.9/site-packages/airflow/example_dags/example_branch_datetime_operator.py took 0.068 seconds
[2024-05-02T00:16:11.083-0500] {processor.py:161} INFO - Started process (PID=36653) to work on /Users/nestoralfaro/Desktop/pbi-scenario-two/py_env/lib/python3.9/site-packages/airflow/example_dags/example_branch_datetime_operator.py
[2024-05-02T00:16:11.085-0500] {processor.py:830} INFO - Processing file /Users/nestoralfaro/Desktop/pbi-scenario-two/py_env/lib/python3.9/site-packages/airflow/example_dags/example_branch_datetime_operator.py for tasks to queue
[2024-05-02T00:16:11.085-0500] {logging_mixin.py:188} INFO - [2024-05-02T00:16:11.085-0500] {dagbag.py:540} INFO - Filling up the DagBag from /Users/nestoralfaro/Desktop/pbi-scenario-two/py_env/lib/python3.9/site-packages/airflow/example_dags/example_branch_datetime_operator.py
[2024-05-02T00:16:11.091-0500] {processor.py:840} INFO - DAG(s) 'example_branch_datetime_operator_3', 'example_branch_datetime_operator', 'example_branch_datetime_operator_2' retrieved from /Users/nestoralfaro/Desktop/pbi-scenario-two/py_env/lib/python3.9/site-packages/airflow/example_dags/example_branch_datetime_operator.py
[2024-05-02T00:16:11.138-0500] {logging_mixin.py:188} INFO - [2024-05-02T00:16:11.138-0500] {dag.py:3096} INFO - Sync 3 DAGs
[2024-05-02T00:16:11.146-0500] {logging_mixin.py:188} INFO - [2024-05-02T00:16:11.145-0500] {dag.py:3954} INFO - Setting next_dagrun for example_branch_datetime_operator to 2024-05-01 00:00:00+00:00, run_after=2024-05-02 00:00:00+00:00
[2024-05-02T00:16:11.148-0500] {logging_mixin.py:188} INFO - [2024-05-02T00:16:11.148-0500] {dag.py:3954} INFO - Setting next_dagrun for example_branch_datetime_operator_2 to 2024-05-01 00:00:00+00:00, run_after=2024-05-02 00:00:00+00:00
[2024-05-02T00:16:11.149-0500] {logging_mixin.py:188} INFO - [2024-05-02T00:16:11.149-0500] {dag.py:3954} INFO - Setting next_dagrun for example_branch_datetime_operator_3 to 2024-05-01 00:00:00+00:00, run_after=2024-05-02 00:00:00+00:00
[2024-05-02T00:16:11.156-0500] {processor.py:183} INFO - Processing /Users/nestoralfaro/Desktop/pbi-scenario-two/py_env/lib/python3.9/site-packages/airflow/example_dags/example_branch_datetime_operator.py took 0.075 seconds
[2024-05-02T00:18:09.464-0500] {processor.py:161} INFO - Started process (PID=36727) to work on /Users/nestoralfaro/Desktop/pbi-scenario-two/py_env/lib/python3.9/site-packages/airflow/example_dags/example_branch_datetime_operator.py
[2024-05-02T00:18:09.466-0500] {processor.py:830} INFO - Processing file /Users/nestoralfaro/Desktop/pbi-scenario-two/py_env/lib/python3.9/site-packages/airflow/example_dags/example_branch_datetime_operator.py for tasks to queue
[2024-05-02T00:18:09.466-0500] {logging_mixin.py:188} INFO - [2024-05-02T00:18:09.466-0500] {dagbag.py:540} INFO - Filling up the DagBag from /Users/nestoralfaro/Desktop/pbi-scenario-two/py_env/lib/python3.9/site-packages/airflow/example_dags/example_branch_datetime_operator.py
[2024-05-02T00:18:09.472-0500] {processor.py:840} INFO - DAG(s) 'example_branch_datetime_operator', 'example_branch_datetime_operator_3', 'example_branch_datetime_operator_2' retrieved from /Users/nestoralfaro/Desktop/pbi-scenario-two/py_env/lib/python3.9/site-packages/airflow/example_dags/example_branch_datetime_operator.py
[2024-05-02T00:18:09.516-0500] {logging_mixin.py:188} INFO - [2024-05-02T00:18:09.516-0500] {dag.py:3096} INFO - Sync 3 DAGs
[2024-05-02T00:18:09.523-0500] {logging_mixin.py:188} INFO - [2024-05-02T00:18:09.523-0500] {dag.py:3954} INFO - Setting next_dagrun for example_branch_datetime_operator to 2024-05-01 00:00:00+00:00, run_after=2024-05-02 00:00:00+00:00
[2024-05-02T00:18:09.525-0500] {logging_mixin.py:188} INFO - [2024-05-02T00:18:09.525-0500] {dag.py:3954} INFO - Setting next_dagrun for example_branch_datetime_operator_2 to 2024-05-01 00:00:00+00:00, run_after=2024-05-02 00:00:00+00:00
[2024-05-02T00:18:09.526-0500] {logging_mixin.py:188} INFO - [2024-05-02T00:18:09.526-0500] {dag.py:3954} INFO - Setting next_dagrun for example_branch_datetime_operator_3 to 2024-05-01 00:00:00+00:00, run_after=2024-05-02 00:00:00+00:00
[2024-05-02T00:18:09.532-0500] {processor.py:183} INFO - Processing /Users/nestoralfaro/Desktop/pbi-scenario-two/py_env/lib/python3.9/site-packages/airflow/example_dags/example_branch_datetime_operator.py took 0.070 seconds
[2024-05-02T00:20:05.489-0500] {processor.py:161} INFO - Started process (PID=36837) to work on /Users/nestoralfaro/Desktop/pbi-scenario-two/py_env/lib/python3.9/site-packages/airflow/example_dags/example_branch_datetime_operator.py
[2024-05-02T00:20:05.491-0500] {processor.py:830} INFO - Processing file /Users/nestoralfaro/Desktop/pbi-scenario-two/py_env/lib/python3.9/site-packages/airflow/example_dags/example_branch_datetime_operator.py for tasks to queue
[2024-05-02T00:20:05.492-0500] {logging_mixin.py:188} INFO - [2024-05-02T00:20:05.492-0500] {dagbag.py:540} INFO - Filling up the DagBag from /Users/nestoralfaro/Desktop/pbi-scenario-two/py_env/lib/python3.9/site-packages/airflow/example_dags/example_branch_datetime_operator.py
[2024-05-02T00:20:05.498-0500] {processor.py:840} INFO - DAG(s) 'example_branch_datetime_operator', 'example_branch_datetime_operator_3', 'example_branch_datetime_operator_2' retrieved from /Users/nestoralfaro/Desktop/pbi-scenario-two/py_env/lib/python3.9/site-packages/airflow/example_dags/example_branch_datetime_operator.py
[2024-05-02T00:20:05.546-0500] {logging_mixin.py:188} INFO - [2024-05-02T00:20:05.546-0500] {dag.py:3096} INFO - Sync 3 DAGs
[2024-05-02T00:20:05.554-0500] {logging_mixin.py:188} INFO - [2024-05-02T00:20:05.554-0500] {dag.py:3954} INFO - Setting next_dagrun for example_branch_datetime_operator to 2024-05-01 00:00:00+00:00, run_after=2024-05-02 00:00:00+00:00
[2024-05-02T00:20:05.556-0500] {logging_mixin.py:188} INFO - [2024-05-02T00:20:05.556-0500] {dag.py:3954} INFO - Setting next_dagrun for example_branch_datetime_operator_2 to 2024-05-01 00:00:00+00:00, run_after=2024-05-02 00:00:00+00:00
[2024-05-02T00:20:05.557-0500] {logging_mixin.py:188} INFO - [2024-05-02T00:20:05.557-0500] {dag.py:3954} INFO - Setting next_dagrun for example_branch_datetime_operator_3 to 2024-05-01 00:00:00+00:00, run_after=2024-05-02 00:00:00+00:00
[2024-05-02T00:20:05.564-0500] {processor.py:183} INFO - Processing /Users/nestoralfaro/Desktop/pbi-scenario-two/py_env/lib/python3.9/site-packages/airflow/example_dags/example_branch_datetime_operator.py took 0.076 seconds
[2024-05-02T00:21:59.284-0500] {processor.py:161} INFO - Started process (PID=36918) to work on /Users/nestoralfaro/Desktop/pbi-scenario-two/py_env/lib/python3.9/site-packages/airflow/example_dags/example_branch_datetime_operator.py
[2024-05-02T00:21:59.285-0500] {processor.py:830} INFO - Processing file /Users/nestoralfaro/Desktop/pbi-scenario-two/py_env/lib/python3.9/site-packages/airflow/example_dags/example_branch_datetime_operator.py for tasks to queue
[2024-05-02T00:21:59.286-0500] {logging_mixin.py:188} INFO - [2024-05-02T00:21:59.285-0500] {dagbag.py:540} INFO - Filling up the DagBag from /Users/nestoralfaro/Desktop/pbi-scenario-two/py_env/lib/python3.9/site-packages/airflow/example_dags/example_branch_datetime_operator.py
[2024-05-02T00:21:59.291-0500] {processor.py:840} INFO - DAG(s) 'example_branch_datetime_operator_2', 'example_branch_datetime_operator', 'example_branch_datetime_operator_3' retrieved from /Users/nestoralfaro/Desktop/pbi-scenario-two/py_env/lib/python3.9/site-packages/airflow/example_dags/example_branch_datetime_operator.py
[2024-05-02T00:21:59.334-0500] {logging_mixin.py:188} INFO - [2024-05-02T00:21:59.334-0500] {dag.py:3096} INFO - Sync 3 DAGs
[2024-05-02T00:21:59.341-0500] {logging_mixin.py:188} INFO - [2024-05-02T00:21:59.341-0500] {dag.py:3954} INFO - Setting next_dagrun for example_branch_datetime_operator to 2024-05-01 00:00:00+00:00, run_after=2024-05-02 00:00:00+00:00
[2024-05-02T00:21:59.343-0500] {logging_mixin.py:188} INFO - [2024-05-02T00:21:59.342-0500] {dag.py:3954} INFO - Setting next_dagrun for example_branch_datetime_operator_2 to 2024-05-01 00:00:00+00:00, run_after=2024-05-02 00:00:00+00:00
[2024-05-02T00:21:59.343-0500] {logging_mixin.py:188} INFO - [2024-05-02T00:21:59.343-0500] {dag.py:3954} INFO - Setting next_dagrun for example_branch_datetime_operator_3 to 2024-05-01 00:00:00+00:00, run_after=2024-05-02 00:00:00+00:00
[2024-05-02T00:21:59.350-0500] {processor.py:183} INFO - Processing /Users/nestoralfaro/Desktop/pbi-scenario-two/py_env/lib/python3.9/site-packages/airflow/example_dags/example_branch_datetime_operator.py took 0.067 seconds
[2024-05-02T00:23:53.328-0500] {processor.py:161} INFO - Started process (PID=37032) to work on /Users/nestoralfaro/Desktop/pbi-scenario-two/py_env/lib/python3.9/site-packages/airflow/example_dags/example_branch_datetime_operator.py
[2024-05-02T00:23:53.331-0500] {processor.py:830} INFO - Processing file /Users/nestoralfaro/Desktop/pbi-scenario-two/py_env/lib/python3.9/site-packages/airflow/example_dags/example_branch_datetime_operator.py for tasks to queue
[2024-05-02T00:23:53.331-0500] {logging_mixin.py:188} INFO - [2024-05-02T00:23:53.331-0500] {dagbag.py:540} INFO - Filling up the DagBag from /Users/nestoralfaro/Desktop/pbi-scenario-two/py_env/lib/python3.9/site-packages/airflow/example_dags/example_branch_datetime_operator.py
[2024-05-02T00:23:53.336-0500] {processor.py:840} INFO - DAG(s) 'example_branch_datetime_operator_3', 'example_branch_datetime_operator_2', 'example_branch_datetime_operator' retrieved from /Users/nestoralfaro/Desktop/pbi-scenario-two/py_env/lib/python3.9/site-packages/airflow/example_dags/example_branch_datetime_operator.py
[2024-05-02T00:23:53.379-0500] {logging_mixin.py:188} INFO - [2024-05-02T00:23:53.379-0500] {dag.py:3096} INFO - Sync 3 DAGs
[2024-05-02T00:23:53.386-0500] {logging_mixin.py:188} INFO - [2024-05-02T00:23:53.386-0500] {dag.py:3954} INFO - Setting next_dagrun for example_branch_datetime_operator to 2024-05-01 00:00:00+00:00, run_after=2024-05-02 00:00:00+00:00
[2024-05-02T00:23:53.388-0500] {logging_mixin.py:188} INFO - [2024-05-02T00:23:53.388-0500] {dag.py:3954} INFO - Setting next_dagrun for example_branch_datetime_operator_2 to 2024-05-01 00:00:00+00:00, run_after=2024-05-02 00:00:00+00:00
[2024-05-02T00:23:53.388-0500] {logging_mixin.py:188} INFO - [2024-05-02T00:23:53.388-0500] {dag.py:3954} INFO - Setting next_dagrun for example_branch_datetime_operator_3 to 2024-05-01 00:00:00+00:00, run_after=2024-05-02 00:00:00+00:00
[2024-05-02T00:23:53.395-0500] {processor.py:183} INFO - Processing /Users/nestoralfaro/Desktop/pbi-scenario-two/py_env/lib/python3.9/site-packages/airflow/example_dags/example_branch_datetime_operator.py took 0.068 seconds
