[2024-05-01T23:31:28.159-0500] {processor.py:161} INFO - Started process (PID=34787) to work on /Users/nestoralfaro/Desktop/pbi-scenario-two/py_env/lib/python3.9/site-packages/airflow/example_dags/example_bash_decorator.py
[2024-05-01T23:31:28.160-0500] {processor.py:830} INFO - Processing file /Users/nestoralfaro/Desktop/pbi-scenario-two/py_env/lib/python3.9/site-packages/airflow/example_dags/example_bash_decorator.py for tasks to queue
[2024-05-01T23:31:28.160-0500] {logging_mixin.py:188} INFO - [2024-05-01T23:31:28.160-0500] {dagbag.py:540} INFO - Filling up the DagBag from /Users/nestoralfaro/Desktop/pbi-scenario-two/py_env/lib/python3.9/site-packages/airflow/example_dags/example_bash_decorator.py
[2024-05-01T23:31:28.180-0500] {processor.py:840} INFO - DAG(s) 'example_bash_decorator' retrieved from /Users/nestoralfaro/Desktop/pbi-scenario-two/py_env/lib/python3.9/site-packages/airflow/example_dags/example_bash_decorator.py
[2024-05-01T23:31:28.275-0500] {logging_mixin.py:188} INFO - [2024-05-01T23:31:28.275-0500] {dag.py:3096} INFO - Sync 1 DAGs
[2024-05-01T23:31:28.279-0500] {logging_mixin.py:188} INFO - [2024-05-01T23:31:28.278-0500] {dag.py:3954} INFO - Setting next_dagrun for example_bash_decorator to None, run_after=None
[2024-05-01T23:31:28.286-0500] {processor.py:183} INFO - Processing /Users/nestoralfaro/Desktop/pbi-scenario-two/py_env/lib/python3.9/site-packages/airflow/example_dags/example_bash_decorator.py took 0.129 seconds
[2024-05-01T23:33:35.569-0500] {processor.py:161} INFO - Started process (PID=34894) to work on /Users/nestoralfaro/Desktop/pbi-scenario-two/py_env/lib/python3.9/site-packages/airflow/example_dags/example_bash_decorator.py
[2024-05-01T23:33:35.571-0500] {processor.py:830} INFO - Processing file /Users/nestoralfaro/Desktop/pbi-scenario-two/py_env/lib/python3.9/site-packages/airflow/example_dags/example_bash_decorator.py for tasks to queue
[2024-05-01T23:33:35.572-0500] {logging_mixin.py:188} INFO - [2024-05-01T23:33:35.572-0500] {dagbag.py:540} INFO - Filling up the DagBag from /Users/nestoralfaro/Desktop/pbi-scenario-two/py_env/lib/python3.9/site-packages/airflow/example_dags/example_bash_decorator.py
[2024-05-01T23:33:35.593-0500] {processor.py:840} INFO - DAG(s) 'example_bash_decorator' retrieved from /Users/nestoralfaro/Desktop/pbi-scenario-two/py_env/lib/python3.9/site-packages/airflow/example_dags/example_bash_decorator.py
[2024-05-01T23:33:35.718-0500] {logging_mixin.py:188} INFO - [2024-05-01T23:33:35.717-0500] {dag.py:3096} INFO - Sync 1 DAGs
[2024-05-01T23:33:35.722-0500] {logging_mixin.py:188} INFO - [2024-05-01T23:33:35.722-0500] {dag.py:3954} INFO - Setting next_dagrun for example_bash_decorator to None, run_after=None
[2024-05-01T23:33:35.731-0500] {processor.py:183} INFO - Processing /Users/nestoralfaro/Desktop/pbi-scenario-two/py_env/lib/python3.9/site-packages/airflow/example_dags/example_bash_decorator.py took 0.163 seconds
[2024-05-01T23:35:31.609-0500] {processor.py:161} INFO - Started process (PID=34964) to work on /Users/nestoralfaro/Desktop/pbi-scenario-two/py_env/lib/python3.9/site-packages/airflow/example_dags/example_bash_decorator.py
[2024-05-01T23:35:31.611-0500] {processor.py:830} INFO - Processing file /Users/nestoralfaro/Desktop/pbi-scenario-two/py_env/lib/python3.9/site-packages/airflow/example_dags/example_bash_decorator.py for tasks to queue
[2024-05-01T23:35:31.611-0500] {logging_mixin.py:188} INFO - [2024-05-01T23:35:31.611-0500] {dagbag.py:540} INFO - Filling up the DagBag from /Users/nestoralfaro/Desktop/pbi-scenario-two/py_env/lib/python3.9/site-packages/airflow/example_dags/example_bash_decorator.py
[2024-05-01T23:35:31.630-0500] {processor.py:840} INFO - DAG(s) 'example_bash_decorator' retrieved from /Users/nestoralfaro/Desktop/pbi-scenario-two/py_env/lib/python3.9/site-packages/airflow/example_dags/example_bash_decorator.py
[2024-05-01T23:35:31.733-0500] {logging_mixin.py:188} INFO - [2024-05-01T23:35:31.733-0500] {dag.py:3096} INFO - Sync 1 DAGs
[2024-05-01T23:35:31.737-0500] {logging_mixin.py:188} INFO - [2024-05-01T23:35:31.737-0500] {dag.py:3954} INFO - Setting next_dagrun for example_bash_decorator to None, run_after=None
[2024-05-01T23:35:31.745-0500] {processor.py:183} INFO - Processing /Users/nestoralfaro/Desktop/pbi-scenario-two/py_env/lib/python3.9/site-packages/airflow/example_dags/example_bash_decorator.py took 0.137 seconds
[2024-05-01T23:37:24.309-0500] {processor.py:161} INFO - Started process (PID=35033) to work on /Users/nestoralfaro/Desktop/pbi-scenario-two/py_env/lib/python3.9/site-packages/airflow/example_dags/example_bash_decorator.py
[2024-05-01T23:37:24.311-0500] {processor.py:830} INFO - Processing file /Users/nestoralfaro/Desktop/pbi-scenario-two/py_env/lib/python3.9/site-packages/airflow/example_dags/example_bash_decorator.py for tasks to queue
[2024-05-01T23:37:24.312-0500] {logging_mixin.py:188} INFO - [2024-05-01T23:37:24.312-0500] {dagbag.py:540} INFO - Filling up the DagBag from /Users/nestoralfaro/Desktop/pbi-scenario-two/py_env/lib/python3.9/site-packages/airflow/example_dags/example_bash_decorator.py
[2024-05-01T23:37:24.332-0500] {processor.py:840} INFO - DAG(s) 'example_bash_decorator' retrieved from /Users/nestoralfaro/Desktop/pbi-scenario-two/py_env/lib/python3.9/site-packages/airflow/example_dags/example_bash_decorator.py
[2024-05-01T23:37:24.447-0500] {logging_mixin.py:188} INFO - [2024-05-01T23:37:24.447-0500] {dag.py:3096} INFO - Sync 1 DAGs
[2024-05-01T23:37:24.450-0500] {logging_mixin.py:188} INFO - [2024-05-01T23:37:24.450-0500] {dag.py:3954} INFO - Setting next_dagrun for example_bash_decorator to None, run_after=None
[2024-05-01T23:37:24.458-0500] {processor.py:183} INFO - Processing /Users/nestoralfaro/Desktop/pbi-scenario-two/py_env/lib/python3.9/site-packages/airflow/example_dags/example_bash_decorator.py took 0.150 seconds
[2024-05-01T23:39:19.895-0500] {processor.py:161} INFO - Started process (PID=35104) to work on /Users/nestoralfaro/Desktop/pbi-scenario-two/py_env/lib/python3.9/site-packages/airflow/example_dags/example_bash_decorator.py
[2024-05-01T23:39:19.897-0500] {processor.py:830} INFO - Processing file /Users/nestoralfaro/Desktop/pbi-scenario-two/py_env/lib/python3.9/site-packages/airflow/example_dags/example_bash_decorator.py for tasks to queue
[2024-05-01T23:39:19.898-0500] {logging_mixin.py:188} INFO - [2024-05-01T23:39:19.898-0500] {dagbag.py:540} INFO - Filling up the DagBag from /Users/nestoralfaro/Desktop/pbi-scenario-two/py_env/lib/python3.9/site-packages/airflow/example_dags/example_bash_decorator.py
[2024-05-01T23:39:19.917-0500] {processor.py:840} INFO - DAG(s) 'example_bash_decorator' retrieved from /Users/nestoralfaro/Desktop/pbi-scenario-two/py_env/lib/python3.9/site-packages/airflow/example_dags/example_bash_decorator.py
[2024-05-01T23:39:20.020-0500] {logging_mixin.py:188} INFO - [2024-05-01T23:39:20.019-0500] {dag.py:3096} INFO - Sync 1 DAGs
[2024-05-01T23:39:20.023-0500] {logging_mixin.py:188} INFO - [2024-05-01T23:39:20.023-0500] {dag.py:3954} INFO - Setting next_dagrun for example_bash_decorator to None, run_after=None
[2024-05-01T23:39:20.031-0500] {processor.py:183} INFO - Processing /Users/nestoralfaro/Desktop/pbi-scenario-two/py_env/lib/python3.9/site-packages/airflow/example_dags/example_bash_decorator.py took 0.137 seconds
[2024-05-01T23:41:12.923-0500] {processor.py:161} INFO - Started process (PID=35193) to work on /Users/nestoralfaro/Desktop/pbi-scenario-two/py_env/lib/python3.9/site-packages/airflow/example_dags/example_bash_decorator.py
[2024-05-01T23:41:12.925-0500] {processor.py:830} INFO - Processing file /Users/nestoralfaro/Desktop/pbi-scenario-two/py_env/lib/python3.9/site-packages/airflow/example_dags/example_bash_decorator.py for tasks to queue
[2024-05-01T23:41:12.925-0500] {logging_mixin.py:188} INFO - [2024-05-01T23:41:12.925-0500] {dagbag.py:540} INFO - Filling up the DagBag from /Users/nestoralfaro/Desktop/pbi-scenario-two/py_env/lib/python3.9/site-packages/airflow/example_dags/example_bash_decorator.py
[2024-05-01T23:41:12.946-0500] {processor.py:840} INFO - DAG(s) 'example_bash_decorator' retrieved from /Users/nestoralfaro/Desktop/pbi-scenario-two/py_env/lib/python3.9/site-packages/airflow/example_dags/example_bash_decorator.py
[2024-05-01T23:41:13.065-0500] {logging_mixin.py:188} INFO - [2024-05-01T23:41:13.065-0500] {dag.py:3096} INFO - Sync 1 DAGs
[2024-05-01T23:41:13.068-0500] {logging_mixin.py:188} INFO - [2024-05-01T23:41:13.068-0500] {dag.py:3954} INFO - Setting next_dagrun for example_bash_decorator to None, run_after=None
[2024-05-01T23:41:13.077-0500] {processor.py:183} INFO - Processing /Users/nestoralfaro/Desktop/pbi-scenario-two/py_env/lib/python3.9/site-packages/airflow/example_dags/example_bash_decorator.py took 0.156 seconds
[2024-05-01T23:43:15.614-0500] {processor.py:161} INFO - Started process (PID=35297) to work on /Users/nestoralfaro/Desktop/pbi-scenario-two/py_env/lib/python3.9/site-packages/airflow/example_dags/example_bash_decorator.py
[2024-05-01T23:43:15.616-0500] {processor.py:830} INFO - Processing file /Users/nestoralfaro/Desktop/pbi-scenario-two/py_env/lib/python3.9/site-packages/airflow/example_dags/example_bash_decorator.py for tasks to queue
[2024-05-01T23:43:15.616-0500] {logging_mixin.py:188} INFO - [2024-05-01T23:43:15.616-0500] {dagbag.py:540} INFO - Filling up the DagBag from /Users/nestoralfaro/Desktop/pbi-scenario-two/py_env/lib/python3.9/site-packages/airflow/example_dags/example_bash_decorator.py
[2024-05-01T23:43:15.636-0500] {processor.py:840} INFO - DAG(s) 'example_bash_decorator' retrieved from /Users/nestoralfaro/Desktop/pbi-scenario-two/py_env/lib/python3.9/site-packages/airflow/example_dags/example_bash_decorator.py
[2024-05-01T23:43:15.738-0500] {logging_mixin.py:188} INFO - [2024-05-01T23:43:15.738-0500] {dag.py:3096} INFO - Sync 1 DAGs
[2024-05-01T23:43:15.741-0500] {logging_mixin.py:188} INFO - [2024-05-01T23:43:15.741-0500] {dag.py:3954} INFO - Setting next_dagrun for example_bash_decorator to None, run_after=None
[2024-05-01T23:43:15.750-0500] {processor.py:183} INFO - Processing /Users/nestoralfaro/Desktop/pbi-scenario-two/py_env/lib/python3.9/site-packages/airflow/example_dags/example_bash_decorator.py took 0.137 seconds
[2024-05-01T23:45:13.795-0500] {processor.py:161} INFO - Started process (PID=35381) to work on /Users/nestoralfaro/Desktop/pbi-scenario-two/py_env/lib/python3.9/site-packages/airflow/example_dags/example_bash_decorator.py
[2024-05-01T23:45:13.797-0500] {processor.py:830} INFO - Processing file /Users/nestoralfaro/Desktop/pbi-scenario-two/py_env/lib/python3.9/site-packages/airflow/example_dags/example_bash_decorator.py for tasks to queue
[2024-05-01T23:45:13.798-0500] {logging_mixin.py:188} INFO - [2024-05-01T23:45:13.798-0500] {dagbag.py:540} INFO - Filling up the DagBag from /Users/nestoralfaro/Desktop/pbi-scenario-two/py_env/lib/python3.9/site-packages/airflow/example_dags/example_bash_decorator.py
[2024-05-01T23:45:13.820-0500] {processor.py:840} INFO - DAG(s) 'example_bash_decorator' retrieved from /Users/nestoralfaro/Desktop/pbi-scenario-two/py_env/lib/python3.9/site-packages/airflow/example_dags/example_bash_decorator.py
[2024-05-01T23:45:13.932-0500] {logging_mixin.py:188} INFO - [2024-05-01T23:45:13.932-0500] {dag.py:3096} INFO - Sync 1 DAGs
[2024-05-01T23:45:13.936-0500] {logging_mixin.py:188} INFO - [2024-05-01T23:45:13.935-0500] {dag.py:3954} INFO - Setting next_dagrun for example_bash_decorator to None, run_after=None
[2024-05-01T23:45:13.943-0500] {processor.py:183} INFO - Processing /Users/nestoralfaro/Desktop/pbi-scenario-two/py_env/lib/python3.9/site-packages/airflow/example_dags/example_bash_decorator.py took 0.149 seconds
[2024-05-01T23:47:05.973-0500] {processor.py:161} INFO - Started process (PID=35449) to work on /Users/nestoralfaro/Desktop/pbi-scenario-two/py_env/lib/python3.9/site-packages/airflow/example_dags/example_bash_decorator.py
[2024-05-01T23:47:05.975-0500] {processor.py:830} INFO - Processing file /Users/nestoralfaro/Desktop/pbi-scenario-two/py_env/lib/python3.9/site-packages/airflow/example_dags/example_bash_decorator.py for tasks to queue
[2024-05-01T23:47:05.975-0500] {logging_mixin.py:188} INFO - [2024-05-01T23:47:05.975-0500] {dagbag.py:540} INFO - Filling up the DagBag from /Users/nestoralfaro/Desktop/pbi-scenario-two/py_env/lib/python3.9/site-packages/airflow/example_dags/example_bash_decorator.py
[2024-05-01T23:47:05.993-0500] {processor.py:840} INFO - DAG(s) 'example_bash_decorator' retrieved from /Users/nestoralfaro/Desktop/pbi-scenario-two/py_env/lib/python3.9/site-packages/airflow/example_dags/example_bash_decorator.py
[2024-05-01T23:47:06.089-0500] {logging_mixin.py:188} INFO - [2024-05-01T23:47:06.089-0500] {dag.py:3096} INFO - Sync 1 DAGs
[2024-05-01T23:47:06.093-0500] {logging_mixin.py:188} INFO - [2024-05-01T23:47:06.093-0500] {dag.py:3954} INFO - Setting next_dagrun for example_bash_decorator to None, run_after=None
[2024-05-01T23:47:06.101-0500] {processor.py:183} INFO - Processing /Users/nestoralfaro/Desktop/pbi-scenario-two/py_env/lib/python3.9/site-packages/airflow/example_dags/example_bash_decorator.py took 0.129 seconds
[2024-05-01T23:48:57.081-0500] {processor.py:161} INFO - Started process (PID=35537) to work on /Users/nestoralfaro/Desktop/pbi-scenario-two/py_env/lib/python3.9/site-packages/airflow/example_dags/example_bash_decorator.py
[2024-05-01T23:48:57.083-0500] {processor.py:830} INFO - Processing file /Users/nestoralfaro/Desktop/pbi-scenario-two/py_env/lib/python3.9/site-packages/airflow/example_dags/example_bash_decorator.py for tasks to queue
[2024-05-01T23:48:57.084-0500] {logging_mixin.py:188} INFO - [2024-05-01T23:48:57.083-0500] {dagbag.py:540} INFO - Filling up the DagBag from /Users/nestoralfaro/Desktop/pbi-scenario-two/py_env/lib/python3.9/site-packages/airflow/example_dags/example_bash_decorator.py
[2024-05-01T23:48:57.102-0500] {processor.py:840} INFO - DAG(s) 'example_bash_decorator' retrieved from /Users/nestoralfaro/Desktop/pbi-scenario-two/py_env/lib/python3.9/site-packages/airflow/example_dags/example_bash_decorator.py
[2024-05-01T23:48:57.205-0500] {logging_mixin.py:188} INFO - [2024-05-01T23:48:57.205-0500] {dag.py:3096} INFO - Sync 1 DAGs
[2024-05-01T23:48:57.209-0500] {logging_mixin.py:188} INFO - [2024-05-01T23:48:57.209-0500] {dag.py:3954} INFO - Setting next_dagrun for example_bash_decorator to None, run_after=None
[2024-05-01T23:48:57.220-0500] {processor.py:183} INFO - Processing /Users/nestoralfaro/Desktop/pbi-scenario-two/py_env/lib/python3.9/site-packages/airflow/example_dags/example_bash_decorator.py took 0.140 seconds
[2024-05-01T23:50:53.965-0500] {processor.py:161} INFO - Started process (PID=35608) to work on /Users/nestoralfaro/Desktop/pbi-scenario-two/py_env/lib/python3.9/site-packages/airflow/example_dags/example_bash_decorator.py
[2024-05-01T23:50:53.967-0500] {processor.py:830} INFO - Processing file /Users/nestoralfaro/Desktop/pbi-scenario-two/py_env/lib/python3.9/site-packages/airflow/example_dags/example_bash_decorator.py for tasks to queue
[2024-05-01T23:50:53.967-0500] {logging_mixin.py:188} INFO - [2024-05-01T23:50:53.967-0500] {dagbag.py:540} INFO - Filling up the DagBag from /Users/nestoralfaro/Desktop/pbi-scenario-two/py_env/lib/python3.9/site-packages/airflow/example_dags/example_bash_decorator.py
[2024-05-01T23:50:53.986-0500] {processor.py:840} INFO - DAG(s) 'example_bash_decorator' retrieved from /Users/nestoralfaro/Desktop/pbi-scenario-two/py_env/lib/python3.9/site-packages/airflow/example_dags/example_bash_decorator.py
[2024-05-01T23:50:54.091-0500] {logging_mixin.py:188} INFO - [2024-05-01T23:50:54.091-0500] {dag.py:3096} INFO - Sync 1 DAGs
[2024-05-01T23:50:54.095-0500] {logging_mixin.py:188} INFO - [2024-05-01T23:50:54.095-0500] {dag.py:3954} INFO - Setting next_dagrun for example_bash_decorator to None, run_after=None
[2024-05-01T23:50:54.105-0500] {processor.py:183} INFO - Processing /Users/nestoralfaro/Desktop/pbi-scenario-two/py_env/lib/python3.9/site-packages/airflow/example_dags/example_bash_decorator.py took 0.141 seconds
[2024-05-01T23:52:47.924-0500] {processor.py:161} INFO - Started process (PID=35693) to work on /Users/nestoralfaro/Desktop/pbi-scenario-two/py_env/lib/python3.9/site-packages/airflow/example_dags/example_bash_decorator.py
[2024-05-01T23:52:47.926-0500] {processor.py:830} INFO - Processing file /Users/nestoralfaro/Desktop/pbi-scenario-two/py_env/lib/python3.9/site-packages/airflow/example_dags/example_bash_decorator.py for tasks to queue
[2024-05-01T23:52:47.926-0500] {logging_mixin.py:188} INFO - [2024-05-01T23:52:47.926-0500] {dagbag.py:540} INFO - Filling up the DagBag from /Users/nestoralfaro/Desktop/pbi-scenario-two/py_env/lib/python3.9/site-packages/airflow/example_dags/example_bash_decorator.py
[2024-05-01T23:52:47.945-0500] {processor.py:840} INFO - DAG(s) 'example_bash_decorator' retrieved from /Users/nestoralfaro/Desktop/pbi-scenario-two/py_env/lib/python3.9/site-packages/airflow/example_dags/example_bash_decorator.py
[2024-05-01T23:52:48.057-0500] {logging_mixin.py:188} INFO - [2024-05-01T23:52:48.056-0500] {dag.py:3096} INFO - Sync 1 DAGs
[2024-05-01T23:52:48.061-0500] {logging_mixin.py:188} INFO - [2024-05-01T23:52:48.061-0500] {dag.py:3954} INFO - Setting next_dagrun for example_bash_decorator to None, run_after=None
[2024-05-01T23:52:48.070-0500] {processor.py:183} INFO - Processing /Users/nestoralfaro/Desktop/pbi-scenario-two/py_env/lib/python3.9/site-packages/airflow/example_dags/example_bash_decorator.py took 0.147 seconds
[2024-05-01T23:54:46.572-0500] {processor.py:161} INFO - Started process (PID=35761) to work on /Users/nestoralfaro/Desktop/pbi-scenario-two/py_env/lib/python3.9/site-packages/airflow/example_dags/example_bash_decorator.py
[2024-05-01T23:54:46.574-0500] {processor.py:830} INFO - Processing file /Users/nestoralfaro/Desktop/pbi-scenario-two/py_env/lib/python3.9/site-packages/airflow/example_dags/example_bash_decorator.py for tasks to queue
[2024-05-01T23:54:46.574-0500] {logging_mixin.py:188} INFO - [2024-05-01T23:54:46.574-0500] {dagbag.py:540} INFO - Filling up the DagBag from /Users/nestoralfaro/Desktop/pbi-scenario-two/py_env/lib/python3.9/site-packages/airflow/example_dags/example_bash_decorator.py
[2024-05-01T23:54:46.593-0500] {processor.py:840} INFO - DAG(s) 'example_bash_decorator' retrieved from /Users/nestoralfaro/Desktop/pbi-scenario-two/py_env/lib/python3.9/site-packages/airflow/example_dags/example_bash_decorator.py
[2024-05-01T23:54:46.695-0500] {logging_mixin.py:188} INFO - [2024-05-01T23:54:46.695-0500] {dag.py:3096} INFO - Sync 1 DAGs
[2024-05-01T23:54:46.699-0500] {logging_mixin.py:188} INFO - [2024-05-01T23:54:46.699-0500] {dag.py:3954} INFO - Setting next_dagrun for example_bash_decorator to None, run_after=None
[2024-05-01T23:54:46.707-0500] {processor.py:183} INFO - Processing /Users/nestoralfaro/Desktop/pbi-scenario-two/py_env/lib/python3.9/site-packages/airflow/example_dags/example_bash_decorator.py took 0.136 seconds
[2024-05-01T23:56:37.546-0500] {processor.py:161} INFO - Started process (PID=35831) to work on /Users/nestoralfaro/Desktop/pbi-scenario-two/py_env/lib/python3.9/site-packages/airflow/example_dags/example_bash_decorator.py
[2024-05-01T23:56:37.548-0500] {processor.py:830} INFO - Processing file /Users/nestoralfaro/Desktop/pbi-scenario-two/py_env/lib/python3.9/site-packages/airflow/example_dags/example_bash_decorator.py for tasks to queue
[2024-05-01T23:56:37.548-0500] {logging_mixin.py:188} INFO - [2024-05-01T23:56:37.548-0500] {dagbag.py:540} INFO - Filling up the DagBag from /Users/nestoralfaro/Desktop/pbi-scenario-two/py_env/lib/python3.9/site-packages/airflow/example_dags/example_bash_decorator.py
[2024-05-01T23:56:37.566-0500] {processor.py:840} INFO - DAG(s) 'example_bash_decorator' retrieved from /Users/nestoralfaro/Desktop/pbi-scenario-two/py_env/lib/python3.9/site-packages/airflow/example_dags/example_bash_decorator.py
[2024-05-01T23:56:37.661-0500] {logging_mixin.py:188} INFO - [2024-05-01T23:56:37.661-0500] {dag.py:3096} INFO - Sync 1 DAGs
[2024-05-01T23:56:37.664-0500] {logging_mixin.py:188} INFO - [2024-05-01T23:56:37.664-0500] {dag.py:3954} INFO - Setting next_dagrun for example_bash_decorator to None, run_after=None
[2024-05-01T23:56:37.672-0500] {processor.py:183} INFO - Processing /Users/nestoralfaro/Desktop/pbi-scenario-two/py_env/lib/python3.9/site-packages/airflow/example_dags/example_bash_decorator.py took 0.127 seconds
[2024-05-01T23:58:28.317-0500] {processor.py:161} INFO - Started process (PID=35899) to work on /Users/nestoralfaro/Desktop/pbi-scenario-two/py_env/lib/python3.9/site-packages/airflow/example_dags/example_bash_decorator.py
[2024-05-01T23:58:28.318-0500] {processor.py:830} INFO - Processing file /Users/nestoralfaro/Desktop/pbi-scenario-two/py_env/lib/python3.9/site-packages/airflow/example_dags/example_bash_decorator.py for tasks to queue
[2024-05-01T23:58:28.319-0500] {logging_mixin.py:188} INFO - [2024-05-01T23:58:28.319-0500] {dagbag.py:540} INFO - Filling up the DagBag from /Users/nestoralfaro/Desktop/pbi-scenario-two/py_env/lib/python3.9/site-packages/airflow/example_dags/example_bash_decorator.py
[2024-05-01T23:58:28.339-0500] {processor.py:840} INFO - DAG(s) 'example_bash_decorator' retrieved from /Users/nestoralfaro/Desktop/pbi-scenario-two/py_env/lib/python3.9/site-packages/airflow/example_dags/example_bash_decorator.py
[2024-05-01T23:58:28.435-0500] {logging_mixin.py:188} INFO - [2024-05-01T23:58:28.435-0500] {dag.py:3096} INFO - Sync 1 DAGs
[2024-05-01T23:58:28.438-0500] {logging_mixin.py:188} INFO - [2024-05-01T23:58:28.438-0500] {dag.py:3954} INFO - Setting next_dagrun for example_bash_decorator to None, run_after=None
[2024-05-01T23:58:28.447-0500] {processor.py:183} INFO - Processing /Users/nestoralfaro/Desktop/pbi-scenario-two/py_env/lib/python3.9/site-packages/airflow/example_dags/example_bash_decorator.py took 0.131 seconds
[2024-05-02T00:00:19.027-0500] {processor.py:161} INFO - Started process (PID=35994) to work on /Users/nestoralfaro/Desktop/pbi-scenario-two/py_env/lib/python3.9/site-packages/airflow/example_dags/example_bash_decorator.py
[2024-05-02T00:00:19.029-0500] {processor.py:830} INFO - Processing file /Users/nestoralfaro/Desktop/pbi-scenario-two/py_env/lib/python3.9/site-packages/airflow/example_dags/example_bash_decorator.py for tasks to queue
[2024-05-02T00:00:19.029-0500] {logging_mixin.py:188} INFO - [2024-05-02T00:00:19.029-0500] {dagbag.py:540} INFO - Filling up the DagBag from /Users/nestoralfaro/Desktop/pbi-scenario-two/py_env/lib/python3.9/site-packages/airflow/example_dags/example_bash_decorator.py
[2024-05-02T00:00:19.047-0500] {processor.py:840} INFO - DAG(s) 'example_bash_decorator' retrieved from /Users/nestoralfaro/Desktop/pbi-scenario-two/py_env/lib/python3.9/site-packages/airflow/example_dags/example_bash_decorator.py
[2024-05-02T00:00:19.154-0500] {logging_mixin.py:188} INFO - [2024-05-02T00:00:19.154-0500] {dag.py:3096} INFO - Sync 1 DAGs
[2024-05-02T00:00:19.158-0500] {logging_mixin.py:188} INFO - [2024-05-02T00:00:19.158-0500] {dag.py:3954} INFO - Setting next_dagrun for example_bash_decorator to None, run_after=None
[2024-05-02T00:00:19.165-0500] {processor.py:183} INFO - Processing /Users/nestoralfaro/Desktop/pbi-scenario-two/py_env/lib/python3.9/site-packages/airflow/example_dags/example_bash_decorator.py took 0.140 seconds
[2024-05-02T00:02:14.311-0500] {processor.py:161} INFO - Started process (PID=36068) to work on /Users/nestoralfaro/Desktop/pbi-scenario-two/py_env/lib/python3.9/site-packages/airflow/example_dags/example_bash_decorator.py
[2024-05-02T00:02:14.312-0500] {processor.py:830} INFO - Processing file /Users/nestoralfaro/Desktop/pbi-scenario-two/py_env/lib/python3.9/site-packages/airflow/example_dags/example_bash_decorator.py for tasks to queue
[2024-05-02T00:02:14.313-0500] {logging_mixin.py:188} INFO - [2024-05-02T00:02:14.312-0500] {dagbag.py:540} INFO - Filling up the DagBag from /Users/nestoralfaro/Desktop/pbi-scenario-two/py_env/lib/python3.9/site-packages/airflow/example_dags/example_bash_decorator.py
[2024-05-02T00:02:14.332-0500] {processor.py:840} INFO - DAG(s) 'example_bash_decorator' retrieved from /Users/nestoralfaro/Desktop/pbi-scenario-two/py_env/lib/python3.9/site-packages/airflow/example_dags/example_bash_decorator.py
[2024-05-02T00:02:14.440-0500] {logging_mixin.py:188} INFO - [2024-05-02T00:02:14.440-0500] {dag.py:3096} INFO - Sync 1 DAGs
[2024-05-02T00:02:14.444-0500] {logging_mixin.py:188} INFO - [2024-05-02T00:02:14.444-0500] {dag.py:3954} INFO - Setting next_dagrun for example_bash_decorator to None, run_after=None
[2024-05-02T00:02:14.453-0500] {processor.py:183} INFO - Processing /Users/nestoralfaro/Desktop/pbi-scenario-two/py_env/lib/python3.9/site-packages/airflow/example_dags/example_bash_decorator.py took 0.143 seconds
[2024-05-02T00:04:10.751-0500] {processor.py:161} INFO - Started process (PID=36153) to work on /Users/nestoralfaro/Desktop/pbi-scenario-two/py_env/lib/python3.9/site-packages/airflow/example_dags/example_bash_decorator.py
[2024-05-02T00:04:10.753-0500] {processor.py:830} INFO - Processing file /Users/nestoralfaro/Desktop/pbi-scenario-two/py_env/lib/python3.9/site-packages/airflow/example_dags/example_bash_decorator.py for tasks to queue
[2024-05-02T00:04:10.753-0500] {logging_mixin.py:188} INFO - [2024-05-02T00:04:10.753-0500] {dagbag.py:540} INFO - Filling up the DagBag from /Users/nestoralfaro/Desktop/pbi-scenario-two/py_env/lib/python3.9/site-packages/airflow/example_dags/example_bash_decorator.py
[2024-05-02T00:04:10.772-0500] {processor.py:840} INFO - DAG(s) 'example_bash_decorator' retrieved from /Users/nestoralfaro/Desktop/pbi-scenario-two/py_env/lib/python3.9/site-packages/airflow/example_dags/example_bash_decorator.py
[2024-05-02T00:04:10.873-0500] {logging_mixin.py:188} INFO - [2024-05-02T00:04:10.873-0500] {dag.py:3096} INFO - Sync 1 DAGs
[2024-05-02T00:04:10.877-0500] {logging_mixin.py:188} INFO - [2024-05-02T00:04:10.877-0500] {dag.py:3954} INFO - Setting next_dagrun for example_bash_decorator to None, run_after=None
[2024-05-02T00:04:10.884-0500] {processor.py:183} INFO - Processing /Users/nestoralfaro/Desktop/pbi-scenario-two/py_env/lib/python3.9/site-packages/airflow/example_dags/example_bash_decorator.py took 0.135 seconds
[2024-05-02T00:06:03.838-0500] {processor.py:161} INFO - Started process (PID=36226) to work on /Users/nestoralfaro/Desktop/pbi-scenario-two/py_env/lib/python3.9/site-packages/airflow/example_dags/example_bash_decorator.py
[2024-05-02T00:06:03.841-0500] {processor.py:830} INFO - Processing file /Users/nestoralfaro/Desktop/pbi-scenario-two/py_env/lib/python3.9/site-packages/airflow/example_dags/example_bash_decorator.py for tasks to queue
[2024-05-02T00:06:03.841-0500] {logging_mixin.py:188} INFO - [2024-05-02T00:06:03.841-0500] {dagbag.py:540} INFO - Filling up the DagBag from /Users/nestoralfaro/Desktop/pbi-scenario-two/py_env/lib/python3.9/site-packages/airflow/example_dags/example_bash_decorator.py
[2024-05-02T00:06:03.861-0500] {processor.py:840} INFO - DAG(s) 'example_bash_decorator' retrieved from /Users/nestoralfaro/Desktop/pbi-scenario-two/py_env/lib/python3.9/site-packages/airflow/example_dags/example_bash_decorator.py
[2024-05-02T00:06:03.973-0500] {logging_mixin.py:188} INFO - [2024-05-02T00:06:03.973-0500] {dag.py:3096} INFO - Sync 1 DAGs
[2024-05-02T00:06:03.976-0500] {logging_mixin.py:188} INFO - [2024-05-02T00:06:03.976-0500] {dag.py:3954} INFO - Setting next_dagrun for example_bash_decorator to None, run_after=None
[2024-05-02T00:06:03.984-0500] {processor.py:183} INFO - Processing /Users/nestoralfaro/Desktop/pbi-scenario-two/py_env/lib/python3.9/site-packages/airflow/example_dags/example_bash_decorator.py took 0.147 seconds
[2024-05-02T00:07:52.326-0500] {processor.py:161} INFO - Started process (PID=36310) to work on /Users/nestoralfaro/Desktop/pbi-scenario-two/py_env/lib/python3.9/site-packages/airflow/example_dags/example_bash_decorator.py
[2024-05-02T00:07:52.327-0500] {processor.py:830} INFO - Processing file /Users/nestoralfaro/Desktop/pbi-scenario-two/py_env/lib/python3.9/site-packages/airflow/example_dags/example_bash_decorator.py for tasks to queue
[2024-05-02T00:07:52.327-0500] {logging_mixin.py:188} INFO - [2024-05-02T00:07:52.327-0500] {dagbag.py:540} INFO - Filling up the DagBag from /Users/nestoralfaro/Desktop/pbi-scenario-two/py_env/lib/python3.9/site-packages/airflow/example_dags/example_bash_decorator.py
[2024-05-02T00:07:52.345-0500] {processor.py:840} INFO - DAG(s) 'example_bash_decorator' retrieved from /Users/nestoralfaro/Desktop/pbi-scenario-two/py_env/lib/python3.9/site-packages/airflow/example_dags/example_bash_decorator.py
[2024-05-02T00:07:52.440-0500] {logging_mixin.py:188} INFO - [2024-05-02T00:07:52.440-0500] {dag.py:3096} INFO - Sync 1 DAGs
[2024-05-02T00:07:52.444-0500] {logging_mixin.py:188} INFO - [2024-05-02T00:07:52.444-0500] {dag.py:3954} INFO - Setting next_dagrun for example_bash_decorator to None, run_after=None
[2024-05-02T00:07:52.453-0500] {processor.py:183} INFO - Processing /Users/nestoralfaro/Desktop/pbi-scenario-two/py_env/lib/python3.9/site-packages/airflow/example_dags/example_bash_decorator.py took 0.128 seconds
[2024-05-02T00:09:46.330-0500] {processor.py:161} INFO - Started process (PID=36378) to work on /Users/nestoralfaro/Desktop/pbi-scenario-two/py_env/lib/python3.9/site-packages/airflow/example_dags/example_bash_decorator.py
[2024-05-02T00:09:46.333-0500] {processor.py:830} INFO - Processing file /Users/nestoralfaro/Desktop/pbi-scenario-two/py_env/lib/python3.9/site-packages/airflow/example_dags/example_bash_decorator.py for tasks to queue
[2024-05-02T00:09:46.333-0500] {logging_mixin.py:188} INFO - [2024-05-02T00:09:46.333-0500] {dagbag.py:540} INFO - Filling up the DagBag from /Users/nestoralfaro/Desktop/pbi-scenario-two/py_env/lib/python3.9/site-packages/airflow/example_dags/example_bash_decorator.py
[2024-05-02T00:09:46.351-0500] {processor.py:840} INFO - DAG(s) 'example_bash_decorator' retrieved from /Users/nestoralfaro/Desktop/pbi-scenario-two/py_env/lib/python3.9/site-packages/airflow/example_dags/example_bash_decorator.py
[2024-05-02T00:09:46.446-0500] {logging_mixin.py:188} INFO - [2024-05-02T00:09:46.446-0500] {dag.py:3096} INFO - Sync 1 DAGs
[2024-05-02T00:09:46.450-0500] {logging_mixin.py:188} INFO - [2024-05-02T00:09:46.450-0500] {dag.py:3954} INFO - Setting next_dagrun for example_bash_decorator to None, run_after=None
[2024-05-02T00:09:46.457-0500] {processor.py:183} INFO - Processing /Users/nestoralfaro/Desktop/pbi-scenario-two/py_env/lib/python3.9/site-packages/airflow/example_dags/example_bash_decorator.py took 0.129 seconds
[2024-05-02T00:12:22.553-0500] {processor.py:161} INFO - Started process (PID=36490) to work on /Users/nestoralfaro/Desktop/pbi-scenario-two/py_env/lib/python3.9/site-packages/airflow/example_dags/example_bash_decorator.py
[2024-05-02T00:12:22.555-0500] {processor.py:830} INFO - Processing file /Users/nestoralfaro/Desktop/pbi-scenario-two/py_env/lib/python3.9/site-packages/airflow/example_dags/example_bash_decorator.py for tasks to queue
[2024-05-02T00:12:22.556-0500] {logging_mixin.py:188} INFO - [2024-05-02T00:12:22.556-0500] {dagbag.py:540} INFO - Filling up the DagBag from /Users/nestoralfaro/Desktop/pbi-scenario-two/py_env/lib/python3.9/site-packages/airflow/example_dags/example_bash_decorator.py
[2024-05-02T00:12:22.574-0500] {processor.py:840} INFO - DAG(s) 'example_bash_decorator' retrieved from /Users/nestoralfaro/Desktop/pbi-scenario-two/py_env/lib/python3.9/site-packages/airflow/example_dags/example_bash_decorator.py
[2024-05-02T00:12:22.671-0500] {logging_mixin.py:188} INFO - [2024-05-02T00:12:22.671-0500] {dag.py:3096} INFO - Sync 1 DAGs
[2024-05-02T00:12:22.675-0500] {logging_mixin.py:188} INFO - [2024-05-02T00:12:22.675-0500] {dag.py:3954} INFO - Setting next_dagrun for example_bash_decorator to None, run_after=None
[2024-05-02T00:12:22.682-0500] {processor.py:183} INFO - Processing /Users/nestoralfaro/Desktop/pbi-scenario-two/py_env/lib/python3.9/site-packages/airflow/example_dags/example_bash_decorator.py took 0.131 seconds
[2024-05-02T00:16:14.769-0500] {processor.py:161} INFO - Started process (PID=36655) to work on /Users/nestoralfaro/Desktop/pbi-scenario-two/py_env/lib/python3.9/site-packages/airflow/example_dags/example_bash_decorator.py
[2024-05-02T00:16:14.770-0500] {processor.py:830} INFO - Processing file /Users/nestoralfaro/Desktop/pbi-scenario-two/py_env/lib/python3.9/site-packages/airflow/example_dags/example_bash_decorator.py for tasks to queue
[2024-05-02T00:16:14.771-0500] {logging_mixin.py:188} INFO - [2024-05-02T00:16:14.771-0500] {dagbag.py:540} INFO - Filling up the DagBag from /Users/nestoralfaro/Desktop/pbi-scenario-two/py_env/lib/python3.9/site-packages/airflow/example_dags/example_bash_decorator.py
[2024-05-02T00:16:14.790-0500] {processor.py:840} INFO - DAG(s) 'example_bash_decorator' retrieved from /Users/nestoralfaro/Desktop/pbi-scenario-two/py_env/lib/python3.9/site-packages/airflow/example_dags/example_bash_decorator.py
[2024-05-02T00:16:14.893-0500] {logging_mixin.py:188} INFO - [2024-05-02T00:16:14.893-0500] {dag.py:3096} INFO - Sync 1 DAGs
[2024-05-02T00:16:14.897-0500] {logging_mixin.py:188} INFO - [2024-05-02T00:16:14.897-0500] {dag.py:3954} INFO - Setting next_dagrun for example_bash_decorator to None, run_after=None
[2024-05-02T00:16:14.906-0500] {processor.py:183} INFO - Processing /Users/nestoralfaro/Desktop/pbi-scenario-two/py_env/lib/python3.9/site-packages/airflow/example_dags/example_bash_decorator.py took 0.138 seconds
[2024-05-02T00:18:12.641-0500] {processor.py:161} INFO - Started process (PID=36729) to work on /Users/nestoralfaro/Desktop/pbi-scenario-two/py_env/lib/python3.9/site-packages/airflow/example_dags/example_bash_decorator.py
[2024-05-02T00:18:12.643-0500] {processor.py:830} INFO - Processing file /Users/nestoralfaro/Desktop/pbi-scenario-two/py_env/lib/python3.9/site-packages/airflow/example_dags/example_bash_decorator.py for tasks to queue
[2024-05-02T00:18:12.643-0500] {logging_mixin.py:188} INFO - [2024-05-02T00:18:12.643-0500] {dagbag.py:540} INFO - Filling up the DagBag from /Users/nestoralfaro/Desktop/pbi-scenario-two/py_env/lib/python3.9/site-packages/airflow/example_dags/example_bash_decorator.py
[2024-05-02T00:18:12.662-0500] {processor.py:840} INFO - DAG(s) 'example_bash_decorator' retrieved from /Users/nestoralfaro/Desktop/pbi-scenario-two/py_env/lib/python3.9/site-packages/airflow/example_dags/example_bash_decorator.py
[2024-05-02T00:18:12.763-0500] {logging_mixin.py:188} INFO - [2024-05-02T00:18:12.763-0500] {dag.py:3096} INFO - Sync 1 DAGs
[2024-05-02T00:18:12.767-0500] {logging_mixin.py:188} INFO - [2024-05-02T00:18:12.767-0500] {dag.py:3954} INFO - Setting next_dagrun for example_bash_decorator to None, run_after=None
[2024-05-02T00:18:12.775-0500] {processor.py:183} INFO - Processing /Users/nestoralfaro/Desktop/pbi-scenario-two/py_env/lib/python3.9/site-packages/airflow/example_dags/example_bash_decorator.py took 0.136 seconds
[2024-05-02T00:20:07.522-0500] {processor.py:161} INFO - Started process (PID=36839) to work on /Users/nestoralfaro/Desktop/pbi-scenario-two/py_env/lib/python3.9/site-packages/airflow/example_dags/example_bash_decorator.py
[2024-05-02T00:20:07.524-0500] {processor.py:830} INFO - Processing file /Users/nestoralfaro/Desktop/pbi-scenario-two/py_env/lib/python3.9/site-packages/airflow/example_dags/example_bash_decorator.py for tasks to queue
[2024-05-02T00:20:07.524-0500] {logging_mixin.py:188} INFO - [2024-05-02T00:20:07.524-0500] {dagbag.py:540} INFO - Filling up the DagBag from /Users/nestoralfaro/Desktop/pbi-scenario-two/py_env/lib/python3.9/site-packages/airflow/example_dags/example_bash_decorator.py
[2024-05-02T00:20:07.543-0500] {processor.py:840} INFO - DAG(s) 'example_bash_decorator' retrieved from /Users/nestoralfaro/Desktop/pbi-scenario-two/py_env/lib/python3.9/site-packages/airflow/example_dags/example_bash_decorator.py
[2024-05-02T00:20:07.646-0500] {logging_mixin.py:188} INFO - [2024-05-02T00:20:07.645-0500] {dag.py:3096} INFO - Sync 1 DAGs
[2024-05-02T00:20:07.649-0500] {logging_mixin.py:188} INFO - [2024-05-02T00:20:07.649-0500] {dag.py:3954} INFO - Setting next_dagrun for example_bash_decorator to None, run_after=None
[2024-05-02T00:20:07.657-0500] {processor.py:183} INFO - Processing /Users/nestoralfaro/Desktop/pbi-scenario-two/py_env/lib/python3.9/site-packages/airflow/example_dags/example_bash_decorator.py took 0.137 seconds
[2024-05-02T00:22:03.042-0500] {processor.py:161} INFO - Started process (PID=36930) to work on /Users/nestoralfaro/Desktop/pbi-scenario-two/py_env/lib/python3.9/site-packages/airflow/example_dags/example_bash_decorator.py
[2024-05-02T00:22:03.043-0500] {processor.py:830} INFO - Processing file /Users/nestoralfaro/Desktop/pbi-scenario-two/py_env/lib/python3.9/site-packages/airflow/example_dags/example_bash_decorator.py for tasks to queue
[2024-05-02T00:22:03.044-0500] {logging_mixin.py:188} INFO - [2024-05-02T00:22:03.044-0500] {dagbag.py:540} INFO - Filling up the DagBag from /Users/nestoralfaro/Desktop/pbi-scenario-two/py_env/lib/python3.9/site-packages/airflow/example_dags/example_bash_decorator.py
[2024-05-02T00:22:03.069-0500] {processor.py:840} INFO - DAG(s) 'example_bash_decorator' retrieved from /Users/nestoralfaro/Desktop/pbi-scenario-two/py_env/lib/python3.9/site-packages/airflow/example_dags/example_bash_decorator.py
[2024-05-02T00:22:03.179-0500] {logging_mixin.py:188} INFO - [2024-05-02T00:22:03.179-0500] {dag.py:3096} INFO - Sync 1 DAGs
[2024-05-02T00:22:03.183-0500] {logging_mixin.py:188} INFO - [2024-05-02T00:22:03.183-0500] {dag.py:3954} INFO - Setting next_dagrun for example_bash_decorator to None, run_after=None
[2024-05-02T00:22:03.195-0500] {processor.py:183} INFO - Processing /Users/nestoralfaro/Desktop/pbi-scenario-two/py_env/lib/python3.9/site-packages/airflow/example_dags/example_bash_decorator.py took 0.154 seconds
[2024-05-02T00:23:56.257-0500] {processor.py:161} INFO - Started process (PID=37034) to work on /Users/nestoralfaro/Desktop/pbi-scenario-two/py_env/lib/python3.9/site-packages/airflow/example_dags/example_bash_decorator.py
[2024-05-02T00:23:56.259-0500] {processor.py:830} INFO - Processing file /Users/nestoralfaro/Desktop/pbi-scenario-two/py_env/lib/python3.9/site-packages/airflow/example_dags/example_bash_decorator.py for tasks to queue
[2024-05-02T00:23:56.259-0500] {logging_mixin.py:188} INFO - [2024-05-02T00:23:56.259-0500] {dagbag.py:540} INFO - Filling up the DagBag from /Users/nestoralfaro/Desktop/pbi-scenario-two/py_env/lib/python3.9/site-packages/airflow/example_dags/example_bash_decorator.py
[2024-05-02T00:23:56.277-0500] {processor.py:840} INFO - DAG(s) 'example_bash_decorator' retrieved from /Users/nestoralfaro/Desktop/pbi-scenario-two/py_env/lib/python3.9/site-packages/airflow/example_dags/example_bash_decorator.py
[2024-05-02T00:23:56.373-0500] {logging_mixin.py:188} INFO - [2024-05-02T00:23:56.373-0500] {dag.py:3096} INFO - Sync 1 DAGs
[2024-05-02T00:23:56.376-0500] {logging_mixin.py:188} INFO - [2024-05-02T00:23:56.376-0500] {dag.py:3954} INFO - Setting next_dagrun for example_bash_decorator to None, run_after=None
[2024-05-02T00:23:56.383-0500] {processor.py:183} INFO - Processing /Users/nestoralfaro/Desktop/pbi-scenario-two/py_env/lib/python3.9/site-packages/airflow/example_dags/example_bash_decorator.py took 0.128 seconds
