[2024-05-01T23:30:31.071-0500] {processor.py:161} INFO - Started process (PID=34753) to work on /Users/nestoralfaro/Desktop/pbi-scenario-two/py_env/lib/python3.9/site-packages/airflow/example_dags/example_subdag_operator.py
[2024-05-01T23:30:31.072-0500] {processor.py:830} INFO - Processing file /Users/nestoralfaro/Desktop/pbi-scenario-two/py_env/lib/python3.9/site-packages/airflow/example_dags/example_subdag_operator.py for tasks to queue
[2024-05-01T23:30:31.072-0500] {logging_mixin.py:188} INFO - [2024-05-01T23:30:31.072-0500] {dagbag.py:540} INFO - Filling up the DagBag from /Users/nestoralfaro/Desktop/pbi-scenario-two/py_env/lib/python3.9/site-packages/airflow/example_dags/example_subdag_operator.py
[2024-05-01T23:30:31.159-0500] {processor.py:840} INFO - DAG(s) 'example_subdag_operator.section-1', 'example_subdag_operator.section-2', 'example_subdag_operator' retrieved from /Users/nestoralfaro/Desktop/pbi-scenario-two/py_env/lib/python3.9/site-packages/airflow/example_dags/example_subdag_operator.py
[2024-05-01T23:30:31.243-0500] {logging_mixin.py:188} INFO - [2024-05-01T23:30:31.242-0500] {dag.py:3096} INFO - Sync 3 DAGs
[2024-05-01T23:30:31.249-0500] {logging_mixin.py:188} INFO - [2024-05-01T23:30:31.249-0500] {dag.py:3954} INFO - Setting next_dagrun for example_subdag_operator to 2022-01-01 00:00:00+00:00, run_after=2022-01-01 00:00:00+00:00
[2024-05-01T23:30:31.250-0500] {logging_mixin.py:188} INFO - [2024-05-01T23:30:31.250-0500] {dag.py:3954} INFO - Setting next_dagrun for example_subdag_operator.section-1 to None, run_after=None
[2024-05-01T23:30:31.251-0500] {logging_mixin.py:188} INFO - [2024-05-01T23:30:31.250-0500] {dag.py:3954} INFO - Setting next_dagrun for example_subdag_operator.section-2 to None, run_after=None
[2024-05-01T23:30:31.254-0500] {logging_mixin.py:188} INFO - [2024-05-01T23:30:31.254-0500] {dag.py:3096} INFO - Sync 2 DAGs
[2024-05-01T23:30:31.256-0500] {logging_mixin.py:188} INFO - [2024-05-01T23:30:31.256-0500] {dag.py:3954} INFO - Setting next_dagrun for example_subdag_operator.section-1 to None, run_after=None
[2024-05-01T23:30:31.256-0500] {logging_mixin.py:188} INFO - [2024-05-01T23:30:31.256-0500] {dag.py:3954} INFO - Setting next_dagrun for example_subdag_operator.section-2 to None, run_after=None
[2024-05-01T23:30:31.262-0500] {processor.py:183} INFO - Processing /Users/nestoralfaro/Desktop/pbi-scenario-two/py_env/lib/python3.9/site-packages/airflow/example_dags/example_subdag_operator.py took 0.192 seconds
[2024-05-01T23:31:58.709-0500] {processor.py:161} INFO - Started process (PID=34806) to work on /Users/nestoralfaro/Desktop/pbi-scenario-two/py_env/lib/python3.9/site-packages/airflow/example_dags/example_subdag_operator.py
[2024-05-01T23:31:58.712-0500] {processor.py:830} INFO - Processing file /Users/nestoralfaro/Desktop/pbi-scenario-two/py_env/lib/python3.9/site-packages/airflow/example_dags/example_subdag_operator.py for tasks to queue
[2024-05-01T23:31:58.712-0500] {logging_mixin.py:188} INFO - [2024-05-01T23:31:58.712-0500] {dagbag.py:540} INFO - Filling up the DagBag from /Users/nestoralfaro/Desktop/pbi-scenario-two/py_env/lib/python3.9/site-packages/airflow/example_dags/example_subdag_operator.py
[2024-05-01T23:31:58.755-0500] {processor.py:840} INFO - DAG(s) 'example_subdag_operator.section-1', 'example_subdag_operator.section-2', 'example_subdag_operator' retrieved from /Users/nestoralfaro/Desktop/pbi-scenario-two/py_env/lib/python3.9/site-packages/airflow/example_dags/example_subdag_operator.py
[2024-05-01T23:31:58.771-0500] {logging_mixin.py:188} INFO - [2024-05-01T23:31:58.771-0500] {dag.py:3096} INFO - Sync 3 DAGs
[2024-05-01T23:31:58.778-0500] {logging_mixin.py:188} INFO - [2024-05-01T23:31:58.778-0500] {dag.py:3954} INFO - Setting next_dagrun for example_subdag_operator to 2022-01-01 00:00:00+00:00, run_after=2022-01-01 00:00:00+00:00
[2024-05-01T23:31:58.780-0500] {logging_mixin.py:188} INFO - [2024-05-01T23:31:58.780-0500] {dag.py:3954} INFO - Setting next_dagrun for example_subdag_operator.section-1 to None, run_after=None
[2024-05-01T23:31:58.780-0500] {logging_mixin.py:188} INFO - [2024-05-01T23:31:58.780-0500] {dag.py:3954} INFO - Setting next_dagrun for example_subdag_operator.section-2 to None, run_after=None
[2024-05-01T23:31:58.783-0500] {logging_mixin.py:188} INFO - [2024-05-01T23:31:58.783-0500] {dag.py:3096} INFO - Sync 2 DAGs
[2024-05-01T23:31:58.785-0500] {logging_mixin.py:188} INFO - [2024-05-01T23:31:58.785-0500] {dag.py:3954} INFO - Setting next_dagrun for example_subdag_operator.section-1 to None, run_after=None
[2024-05-01T23:31:58.785-0500] {logging_mixin.py:188} INFO - [2024-05-01T23:31:58.785-0500] {dag.py:3954} INFO - Setting next_dagrun for example_subdag_operator.section-2 to None, run_after=None
[2024-05-01T23:31:58.815-0500] {processor.py:183} INFO - Processing /Users/nestoralfaro/Desktop/pbi-scenario-two/py_env/lib/python3.9/site-packages/airflow/example_dags/example_subdag_operator.py took 0.108 seconds
[2024-05-01T23:33:04.012-0500] {processor.py:161} INFO - Started process (PID=34866) to work on /Users/nestoralfaro/Desktop/pbi-scenario-two/py_env/lib/python3.9/site-packages/airflow/example_dags/example_subdag_operator.py
[2024-05-01T23:33:04.014-0500] {processor.py:830} INFO - Processing file /Users/nestoralfaro/Desktop/pbi-scenario-two/py_env/lib/python3.9/site-packages/airflow/example_dags/example_subdag_operator.py for tasks to queue
[2024-05-01T23:33:04.014-0500] {logging_mixin.py:188} INFO - [2024-05-01T23:33:04.014-0500] {dagbag.py:540} INFO - Filling up the DagBag from /Users/nestoralfaro/Desktop/pbi-scenario-two/py_env/lib/python3.9/site-packages/airflow/example_dags/example_subdag_operator.py
[2024-05-01T23:33:04.059-0500] {processor.py:840} INFO - DAG(s) 'example_subdag_operator.section-1', 'example_subdag_operator.section-2', 'example_subdag_operator' retrieved from /Users/nestoralfaro/Desktop/pbi-scenario-two/py_env/lib/python3.9/site-packages/airflow/example_dags/example_subdag_operator.py
[2024-05-01T23:33:04.074-0500] {logging_mixin.py:188} INFO - [2024-05-01T23:33:04.074-0500] {dag.py:3096} INFO - Sync 3 DAGs
[2024-05-01T23:33:04.082-0500] {logging_mixin.py:188} INFO - [2024-05-01T23:33:04.081-0500] {dag.py:3954} INFO - Setting next_dagrun for example_subdag_operator to 2022-01-01 00:00:00+00:00, run_after=2022-01-01 00:00:00+00:00
[2024-05-01T23:33:04.083-0500] {logging_mixin.py:188} INFO - [2024-05-01T23:33:04.083-0500] {dag.py:3954} INFO - Setting next_dagrun for example_subdag_operator.section-1 to None, run_after=None
[2024-05-01T23:33:04.083-0500] {logging_mixin.py:188} INFO - [2024-05-01T23:33:04.083-0500] {dag.py:3954} INFO - Setting next_dagrun for example_subdag_operator.section-2 to None, run_after=None
[2024-05-01T23:33:04.085-0500] {logging_mixin.py:188} INFO - [2024-05-01T23:33:04.085-0500] {dag.py:3096} INFO - Sync 2 DAGs
[2024-05-01T23:33:04.087-0500] {logging_mixin.py:188} INFO - [2024-05-01T23:33:04.087-0500] {dag.py:3954} INFO - Setting next_dagrun for example_subdag_operator.section-1 to None, run_after=None
[2024-05-01T23:33:04.087-0500] {logging_mixin.py:188} INFO - [2024-05-01T23:33:04.087-0500] {dag.py:3954} INFO - Setting next_dagrun for example_subdag_operator.section-2 to None, run_after=None
[2024-05-01T23:33:04.117-0500] {processor.py:183} INFO - Processing /Users/nestoralfaro/Desktop/pbi-scenario-two/py_env/lib/python3.9/site-packages/airflow/example_dags/example_subdag_operator.py took 0.106 seconds
[2024-05-01T23:34:07.362-0500] {processor.py:161} INFO - Started process (PID=34912) to work on /Users/nestoralfaro/Desktop/pbi-scenario-two/py_env/lib/python3.9/site-packages/airflow/example_dags/example_subdag_operator.py
[2024-05-01T23:34:07.364-0500] {processor.py:830} INFO - Processing file /Users/nestoralfaro/Desktop/pbi-scenario-two/py_env/lib/python3.9/site-packages/airflow/example_dags/example_subdag_operator.py for tasks to queue
[2024-05-01T23:34:07.364-0500] {logging_mixin.py:188} INFO - [2024-05-01T23:34:07.364-0500] {dagbag.py:540} INFO - Filling up the DagBag from /Users/nestoralfaro/Desktop/pbi-scenario-two/py_env/lib/python3.9/site-packages/airflow/example_dags/example_subdag_operator.py
[2024-05-01T23:34:07.406-0500] {processor.py:840} INFO - DAG(s) 'example_subdag_operator.section-1', 'example_subdag_operator.section-2', 'example_subdag_operator' retrieved from /Users/nestoralfaro/Desktop/pbi-scenario-two/py_env/lib/python3.9/site-packages/airflow/example_dags/example_subdag_operator.py
[2024-05-01T23:34:07.421-0500] {logging_mixin.py:188} INFO - [2024-05-01T23:34:07.421-0500] {dag.py:3096} INFO - Sync 3 DAGs
[2024-05-01T23:34:07.428-0500] {logging_mixin.py:188} INFO - [2024-05-01T23:34:07.428-0500] {dag.py:3954} INFO - Setting next_dagrun for example_subdag_operator to 2022-01-01 00:00:00+00:00, run_after=2022-01-01 00:00:00+00:00
[2024-05-01T23:34:07.429-0500] {logging_mixin.py:188} INFO - [2024-05-01T23:34:07.429-0500] {dag.py:3954} INFO - Setting next_dagrun for example_subdag_operator.section-1 to None, run_after=None
[2024-05-01T23:34:07.430-0500] {logging_mixin.py:188} INFO - [2024-05-01T23:34:07.430-0500] {dag.py:3954} INFO - Setting next_dagrun for example_subdag_operator.section-2 to None, run_after=None
[2024-05-01T23:34:07.432-0500] {logging_mixin.py:188} INFO - [2024-05-01T23:34:07.432-0500] {dag.py:3096} INFO - Sync 2 DAGs
[2024-05-01T23:34:07.434-0500] {logging_mixin.py:188} INFO - [2024-05-01T23:34:07.434-0500] {dag.py:3954} INFO - Setting next_dagrun for example_subdag_operator.section-1 to None, run_after=None
[2024-05-01T23:34:07.434-0500] {logging_mixin.py:188} INFO - [2024-05-01T23:34:07.434-0500] {dag.py:3954} INFO - Setting next_dagrun for example_subdag_operator.section-2 to None, run_after=None
[2024-05-01T23:34:07.463-0500] {processor.py:183} INFO - Processing /Users/nestoralfaro/Desktop/pbi-scenario-two/py_env/lib/python3.9/site-packages/airflow/example_dags/example_subdag_operator.py took 0.102 seconds
[2024-05-01T23:36:02.246-0500] {processor.py:161} INFO - Started process (PID=34982) to work on /Users/nestoralfaro/Desktop/pbi-scenario-two/py_env/lib/python3.9/site-packages/airflow/example_dags/example_subdag_operator.py
[2024-05-01T23:36:02.248-0500] {processor.py:830} INFO - Processing file /Users/nestoralfaro/Desktop/pbi-scenario-two/py_env/lib/python3.9/site-packages/airflow/example_dags/example_subdag_operator.py for tasks to queue
[2024-05-01T23:36:02.248-0500] {logging_mixin.py:188} INFO - [2024-05-01T23:36:02.248-0500] {dagbag.py:540} INFO - Filling up the DagBag from /Users/nestoralfaro/Desktop/pbi-scenario-two/py_env/lib/python3.9/site-packages/airflow/example_dags/example_subdag_operator.py
[2024-05-01T23:36:02.292-0500] {processor.py:840} INFO - DAG(s) 'example_subdag_operator.section-1', 'example_subdag_operator.section-2', 'example_subdag_operator' retrieved from /Users/nestoralfaro/Desktop/pbi-scenario-two/py_env/lib/python3.9/site-packages/airflow/example_dags/example_subdag_operator.py
[2024-05-01T23:36:02.308-0500] {logging_mixin.py:188} INFO - [2024-05-01T23:36:02.308-0500] {dag.py:3096} INFO - Sync 3 DAGs
[2024-05-01T23:36:02.314-0500] {logging_mixin.py:188} INFO - [2024-05-01T23:36:02.314-0500] {dag.py:3954} INFO - Setting next_dagrun for example_subdag_operator to 2022-01-01 00:00:00+00:00, run_after=2022-01-01 00:00:00+00:00
[2024-05-01T23:36:02.315-0500] {logging_mixin.py:188} INFO - [2024-05-01T23:36:02.315-0500] {dag.py:3954} INFO - Setting next_dagrun for example_subdag_operator.section-1 to None, run_after=None
[2024-05-01T23:36:02.316-0500] {logging_mixin.py:188} INFO - [2024-05-01T23:36:02.316-0500] {dag.py:3954} INFO - Setting next_dagrun for example_subdag_operator.section-2 to None, run_after=None
[2024-05-01T23:36:02.319-0500] {logging_mixin.py:188} INFO - [2024-05-01T23:36:02.319-0500] {dag.py:3096} INFO - Sync 2 DAGs
[2024-05-01T23:36:02.321-0500] {logging_mixin.py:188} INFO - [2024-05-01T23:36:02.321-0500] {dag.py:3954} INFO - Setting next_dagrun for example_subdag_operator.section-1 to None, run_after=None
[2024-05-01T23:36:02.321-0500] {logging_mixin.py:188} INFO - [2024-05-01T23:36:02.321-0500] {dag.py:3954} INFO - Setting next_dagrun for example_subdag_operator.section-2 to None, run_after=None
[2024-05-01T23:36:02.354-0500] {processor.py:183} INFO - Processing /Users/nestoralfaro/Desktop/pbi-scenario-two/py_env/lib/python3.9/site-packages/airflow/example_dags/example_subdag_operator.py took 0.109 seconds
[2024-05-01T23:37:56.085-0500] {processor.py:161} INFO - Started process (PID=35052) to work on /Users/nestoralfaro/Desktop/pbi-scenario-two/py_env/lib/python3.9/site-packages/airflow/example_dags/example_subdag_operator.py
[2024-05-01T23:37:56.088-0500] {processor.py:830} INFO - Processing file /Users/nestoralfaro/Desktop/pbi-scenario-two/py_env/lib/python3.9/site-packages/airflow/example_dags/example_subdag_operator.py for tasks to queue
[2024-05-01T23:37:56.088-0500] {logging_mixin.py:188} INFO - [2024-05-01T23:37:56.088-0500] {dagbag.py:540} INFO - Filling up the DagBag from /Users/nestoralfaro/Desktop/pbi-scenario-two/py_env/lib/python3.9/site-packages/airflow/example_dags/example_subdag_operator.py
[2024-05-01T23:37:56.129-0500] {processor.py:840} INFO - DAG(s) 'example_subdag_operator.section-1', 'example_subdag_operator.section-2', 'example_subdag_operator' retrieved from /Users/nestoralfaro/Desktop/pbi-scenario-two/py_env/lib/python3.9/site-packages/airflow/example_dags/example_subdag_operator.py
[2024-05-01T23:37:56.143-0500] {logging_mixin.py:188} INFO - [2024-05-01T23:37:56.143-0500] {dag.py:3096} INFO - Sync 3 DAGs
[2024-05-01T23:37:56.150-0500] {logging_mixin.py:188} INFO - [2024-05-01T23:37:56.149-0500] {dag.py:3954} INFO - Setting next_dagrun for example_subdag_operator to 2022-01-01 00:00:00+00:00, run_after=2022-01-01 00:00:00+00:00
[2024-05-01T23:37:56.151-0500] {logging_mixin.py:188} INFO - [2024-05-01T23:37:56.151-0500] {dag.py:3954} INFO - Setting next_dagrun for example_subdag_operator.section-1 to None, run_after=None
[2024-05-01T23:37:56.151-0500] {logging_mixin.py:188} INFO - [2024-05-01T23:37:56.151-0500] {dag.py:3954} INFO - Setting next_dagrun for example_subdag_operator.section-2 to None, run_after=None
[2024-05-01T23:37:56.153-0500] {logging_mixin.py:188} INFO - [2024-05-01T23:37:56.153-0500] {dag.py:3096} INFO - Sync 2 DAGs
[2024-05-01T23:37:56.155-0500] {logging_mixin.py:188} INFO - [2024-05-01T23:37:56.155-0500] {dag.py:3954} INFO - Setting next_dagrun for example_subdag_operator.section-1 to None, run_after=None
[2024-05-01T23:37:56.155-0500] {logging_mixin.py:188} INFO - [2024-05-01T23:37:56.155-0500] {dag.py:3954} INFO - Setting next_dagrun for example_subdag_operator.section-2 to None, run_after=None
[2024-05-01T23:37:56.186-0500] {processor.py:183} INFO - Processing /Users/nestoralfaro/Desktop/pbi-scenario-two/py_env/lib/python3.9/site-packages/airflow/example_dags/example_subdag_operator.py took 0.102 seconds
[2024-05-01T23:39:49.385-0500] {processor.py:161} INFO - Started process (PID=35123) to work on /Users/nestoralfaro/Desktop/pbi-scenario-two/py_env/lib/python3.9/site-packages/airflow/example_dags/example_subdag_operator.py
[2024-05-01T23:39:49.387-0500] {processor.py:830} INFO - Processing file /Users/nestoralfaro/Desktop/pbi-scenario-two/py_env/lib/python3.9/site-packages/airflow/example_dags/example_subdag_operator.py for tasks to queue
[2024-05-01T23:39:49.387-0500] {logging_mixin.py:188} INFO - [2024-05-01T23:39:49.387-0500] {dagbag.py:540} INFO - Filling up the DagBag from /Users/nestoralfaro/Desktop/pbi-scenario-two/py_env/lib/python3.9/site-packages/airflow/example_dags/example_subdag_operator.py
[2024-05-01T23:39:49.428-0500] {processor.py:840} INFO - DAG(s) 'example_subdag_operator.section-1', 'example_subdag_operator.section-2', 'example_subdag_operator' retrieved from /Users/nestoralfaro/Desktop/pbi-scenario-two/py_env/lib/python3.9/site-packages/airflow/example_dags/example_subdag_operator.py
[2024-05-01T23:39:49.441-0500] {logging_mixin.py:188} INFO - [2024-05-01T23:39:49.441-0500] {dag.py:3096} INFO - Sync 3 DAGs
[2024-05-01T23:39:49.447-0500] {logging_mixin.py:188} INFO - [2024-05-01T23:39:49.447-0500] {dag.py:3954} INFO - Setting next_dagrun for example_subdag_operator to 2022-01-01 00:00:00+00:00, run_after=2022-01-01 00:00:00+00:00
[2024-05-01T23:39:49.449-0500] {logging_mixin.py:188} INFO - [2024-05-01T23:39:49.449-0500] {dag.py:3954} INFO - Setting next_dagrun for example_subdag_operator.section-1 to None, run_after=None
[2024-05-01T23:39:49.449-0500] {logging_mixin.py:188} INFO - [2024-05-01T23:39:49.449-0500] {dag.py:3954} INFO - Setting next_dagrun for example_subdag_operator.section-2 to None, run_after=None
[2024-05-01T23:39:49.451-0500] {logging_mixin.py:188} INFO - [2024-05-01T23:39:49.451-0500] {dag.py:3096} INFO - Sync 2 DAGs
[2024-05-01T23:39:49.453-0500] {logging_mixin.py:188} INFO - [2024-05-01T23:39:49.453-0500] {dag.py:3954} INFO - Setting next_dagrun for example_subdag_operator.section-1 to None, run_after=None
[2024-05-01T23:39:49.453-0500] {logging_mixin.py:188} INFO - [2024-05-01T23:39:49.453-0500] {dag.py:3954} INFO - Setting next_dagrun for example_subdag_operator.section-2 to None, run_after=None
[2024-05-01T23:39:49.480-0500] {processor.py:183} INFO - Processing /Users/nestoralfaro/Desktop/pbi-scenario-two/py_env/lib/python3.9/site-packages/airflow/example_dags/example_subdag_operator.py took 0.097 seconds
[2024-05-01T23:42:16.497-0500] {processor.py:161} INFO - Started process (PID=35262) to work on /Users/nestoralfaro/Desktop/pbi-scenario-two/py_env/lib/python3.9/site-packages/airflow/example_dags/example_subdag_operator.py
[2024-05-01T23:42:16.499-0500] {processor.py:830} INFO - Processing file /Users/nestoralfaro/Desktop/pbi-scenario-two/py_env/lib/python3.9/site-packages/airflow/example_dags/example_subdag_operator.py for tasks to queue
[2024-05-01T23:42:16.500-0500] {logging_mixin.py:188} INFO - [2024-05-01T23:42:16.500-0500] {dagbag.py:540} INFO - Filling up the DagBag from /Users/nestoralfaro/Desktop/pbi-scenario-two/py_env/lib/python3.9/site-packages/airflow/example_dags/example_subdag_operator.py
[2024-05-01T23:42:16.541-0500] {processor.py:840} INFO - DAG(s) 'example_subdag_operator.section-1', 'example_subdag_operator.section-2', 'example_subdag_operator' retrieved from /Users/nestoralfaro/Desktop/pbi-scenario-two/py_env/lib/python3.9/site-packages/airflow/example_dags/example_subdag_operator.py
[2024-05-01T23:42:16.555-0500] {logging_mixin.py:188} INFO - [2024-05-01T23:42:16.555-0500] {dag.py:3096} INFO - Sync 3 DAGs
[2024-05-01T23:42:16.562-0500] {logging_mixin.py:188} INFO - [2024-05-01T23:42:16.562-0500] {dag.py:3954} INFO - Setting next_dagrun for example_subdag_operator to 2022-01-01 00:00:00+00:00, run_after=2022-01-01 00:00:00+00:00
[2024-05-01T23:42:16.563-0500] {logging_mixin.py:188} INFO - [2024-05-01T23:42:16.563-0500] {dag.py:3954} INFO - Setting next_dagrun for example_subdag_operator.section-1 to None, run_after=None
[2024-05-01T23:42:16.563-0500] {logging_mixin.py:188} INFO - [2024-05-01T23:42:16.563-0500] {dag.py:3954} INFO - Setting next_dagrun for example_subdag_operator.section-2 to None, run_after=None
[2024-05-01T23:42:16.565-0500] {logging_mixin.py:188} INFO - [2024-05-01T23:42:16.565-0500] {dag.py:3096} INFO - Sync 2 DAGs
[2024-05-01T23:42:16.567-0500] {logging_mixin.py:188} INFO - [2024-05-01T23:42:16.567-0500] {dag.py:3954} INFO - Setting next_dagrun for example_subdag_operator.section-1 to None, run_after=None
[2024-05-01T23:42:16.567-0500] {logging_mixin.py:188} INFO - [2024-05-01T23:42:16.567-0500] {dag.py:3954} INFO - Setting next_dagrun for example_subdag_operator.section-2 to None, run_after=None
[2024-05-01T23:42:16.596-0500] {processor.py:183} INFO - Processing /Users/nestoralfaro/Desktop/pbi-scenario-two/py_env/lib/python3.9/site-packages/airflow/example_dags/example_subdag_operator.py took 0.101 seconds
[2024-05-01T23:43:45.761-0500] {processor.py:161} INFO - Started process (PID=35315) to work on /Users/nestoralfaro/Desktop/pbi-scenario-two/py_env/lib/python3.9/site-packages/airflow/example_dags/example_subdag_operator.py
[2024-05-01T23:43:45.763-0500] {processor.py:830} INFO - Processing file /Users/nestoralfaro/Desktop/pbi-scenario-two/py_env/lib/python3.9/site-packages/airflow/example_dags/example_subdag_operator.py for tasks to queue
[2024-05-01T23:43:45.763-0500] {logging_mixin.py:188} INFO - [2024-05-01T23:43:45.763-0500] {dagbag.py:540} INFO - Filling up the DagBag from /Users/nestoralfaro/Desktop/pbi-scenario-two/py_env/lib/python3.9/site-packages/airflow/example_dags/example_subdag_operator.py
[2024-05-01T23:43:45.806-0500] {processor.py:840} INFO - DAG(s) 'example_subdag_operator.section-1', 'example_subdag_operator.section-2', 'example_subdag_operator' retrieved from /Users/nestoralfaro/Desktop/pbi-scenario-two/py_env/lib/python3.9/site-packages/airflow/example_dags/example_subdag_operator.py
[2024-05-01T23:43:45.820-0500] {logging_mixin.py:188} INFO - [2024-05-01T23:43:45.820-0500] {dag.py:3096} INFO - Sync 3 DAGs
[2024-05-01T23:43:45.826-0500] {logging_mixin.py:188} INFO - [2024-05-01T23:43:45.826-0500] {dag.py:3954} INFO - Setting next_dagrun for example_subdag_operator to 2022-01-01 00:00:00+00:00, run_after=2022-01-01 00:00:00+00:00
[2024-05-01T23:43:45.827-0500] {logging_mixin.py:188} INFO - [2024-05-01T23:43:45.827-0500] {dag.py:3954} INFO - Setting next_dagrun for example_subdag_operator.section-1 to None, run_after=None
[2024-05-01T23:43:45.828-0500] {logging_mixin.py:188} INFO - [2024-05-01T23:43:45.828-0500] {dag.py:3954} INFO - Setting next_dagrun for example_subdag_operator.section-2 to None, run_after=None
[2024-05-01T23:43:45.830-0500] {logging_mixin.py:188} INFO - [2024-05-01T23:43:45.830-0500] {dag.py:3096} INFO - Sync 2 DAGs
[2024-05-01T23:43:45.832-0500] {logging_mixin.py:188} INFO - [2024-05-01T23:43:45.832-0500] {dag.py:3954} INFO - Setting next_dagrun for example_subdag_operator.section-1 to None, run_after=None
[2024-05-01T23:43:45.832-0500] {logging_mixin.py:188} INFO - [2024-05-01T23:43:45.832-0500] {dag.py:3954} INFO - Setting next_dagrun for example_subdag_operator.section-2 to None, run_after=None
[2024-05-01T23:43:45.858-0500] {processor.py:183} INFO - Processing /Users/nestoralfaro/Desktop/pbi-scenario-two/py_env/lib/python3.9/site-packages/airflow/example_dags/example_subdag_operator.py took 0.098 seconds
[2024-05-01T23:45:43.943-0500] {processor.py:161} INFO - Started process (PID=35399) to work on /Users/nestoralfaro/Desktop/pbi-scenario-two/py_env/lib/python3.9/site-packages/airflow/example_dags/example_subdag_operator.py
[2024-05-01T23:45:43.945-0500] {processor.py:830} INFO - Processing file /Users/nestoralfaro/Desktop/pbi-scenario-two/py_env/lib/python3.9/site-packages/airflow/example_dags/example_subdag_operator.py for tasks to queue
[2024-05-01T23:45:43.945-0500] {logging_mixin.py:188} INFO - [2024-05-01T23:45:43.945-0500] {dagbag.py:540} INFO - Filling up the DagBag from /Users/nestoralfaro/Desktop/pbi-scenario-two/py_env/lib/python3.9/site-packages/airflow/example_dags/example_subdag_operator.py
[2024-05-01T23:45:43.986-0500] {processor.py:840} INFO - DAG(s) 'example_subdag_operator.section-1', 'example_subdag_operator.section-2', 'example_subdag_operator' retrieved from /Users/nestoralfaro/Desktop/pbi-scenario-two/py_env/lib/python3.9/site-packages/airflow/example_dags/example_subdag_operator.py
[2024-05-01T23:45:44.001-0500] {logging_mixin.py:188} INFO - [2024-05-01T23:45:44.000-0500] {dag.py:3096} INFO - Sync 3 DAGs
[2024-05-01T23:45:44.007-0500] {logging_mixin.py:188} INFO - [2024-05-01T23:45:44.007-0500] {dag.py:3954} INFO - Setting next_dagrun for example_subdag_operator to 2022-01-01 00:00:00+00:00, run_after=2022-01-01 00:00:00+00:00
[2024-05-01T23:45:44.009-0500] {logging_mixin.py:188} INFO - [2024-05-01T23:45:44.008-0500] {dag.py:3954} INFO - Setting next_dagrun for example_subdag_operator.section-1 to None, run_after=None
[2024-05-01T23:45:44.009-0500] {logging_mixin.py:188} INFO - [2024-05-01T23:45:44.009-0500] {dag.py:3954} INFO - Setting next_dagrun for example_subdag_operator.section-2 to None, run_after=None
[2024-05-01T23:45:44.012-0500] {logging_mixin.py:188} INFO - [2024-05-01T23:45:44.012-0500] {dag.py:3096} INFO - Sync 2 DAGs
[2024-05-01T23:45:44.013-0500] {logging_mixin.py:188} INFO - [2024-05-01T23:45:44.013-0500] {dag.py:3954} INFO - Setting next_dagrun for example_subdag_operator.section-1 to None, run_after=None
[2024-05-01T23:45:44.013-0500] {logging_mixin.py:188} INFO - [2024-05-01T23:45:44.013-0500] {dag.py:3954} INFO - Setting next_dagrun for example_subdag_operator.section-2 to None, run_after=None
[2024-05-01T23:45:44.042-0500] {processor.py:183} INFO - Processing /Users/nestoralfaro/Desktop/pbi-scenario-two/py_env/lib/python3.9/site-packages/airflow/example_dags/example_subdag_operator.py took 0.101 seconds
[2024-05-01T23:47:34.563-0500] {processor.py:161} INFO - Started process (PID=35476) to work on /Users/nestoralfaro/Desktop/pbi-scenario-two/py_env/lib/python3.9/site-packages/airflow/example_dags/example_subdag_operator.py
[2024-05-01T23:47:34.565-0500] {processor.py:830} INFO - Processing file /Users/nestoralfaro/Desktop/pbi-scenario-two/py_env/lib/python3.9/site-packages/airflow/example_dags/example_subdag_operator.py for tasks to queue
[2024-05-01T23:47:34.566-0500] {logging_mixin.py:188} INFO - [2024-05-01T23:47:34.566-0500] {dagbag.py:540} INFO - Filling up the DagBag from /Users/nestoralfaro/Desktop/pbi-scenario-two/py_env/lib/python3.9/site-packages/airflow/example_dags/example_subdag_operator.py
[2024-05-01T23:47:34.608-0500] {processor.py:840} INFO - DAG(s) 'example_subdag_operator.section-1', 'example_subdag_operator.section-2', 'example_subdag_operator' retrieved from /Users/nestoralfaro/Desktop/pbi-scenario-two/py_env/lib/python3.9/site-packages/airflow/example_dags/example_subdag_operator.py
[2024-05-01T23:47:34.622-0500] {logging_mixin.py:188} INFO - [2024-05-01T23:47:34.621-0500] {dag.py:3096} INFO - Sync 3 DAGs
[2024-05-01T23:47:34.628-0500] {logging_mixin.py:188} INFO - [2024-05-01T23:47:34.628-0500] {dag.py:3954} INFO - Setting next_dagrun for example_subdag_operator to 2022-01-01 00:00:00+00:00, run_after=2022-01-01 00:00:00+00:00
[2024-05-01T23:47:34.629-0500] {logging_mixin.py:188} INFO - [2024-05-01T23:47:34.629-0500] {dag.py:3954} INFO - Setting next_dagrun for example_subdag_operator.section-1 to None, run_after=None
[2024-05-01T23:47:34.629-0500] {logging_mixin.py:188} INFO - [2024-05-01T23:47:34.629-0500] {dag.py:3954} INFO - Setting next_dagrun for example_subdag_operator.section-2 to None, run_after=None
[2024-05-01T23:47:34.632-0500] {logging_mixin.py:188} INFO - [2024-05-01T23:47:34.631-0500] {dag.py:3096} INFO - Sync 2 DAGs
[2024-05-01T23:47:34.633-0500] {logging_mixin.py:188} INFO - [2024-05-01T23:47:34.633-0500] {dag.py:3954} INFO - Setting next_dagrun for example_subdag_operator.section-1 to None, run_after=None
[2024-05-01T23:47:34.634-0500] {logging_mixin.py:188} INFO - [2024-05-01T23:47:34.633-0500] {dag.py:3954} INFO - Setting next_dagrun for example_subdag_operator.section-2 to None, run_after=None
[2024-05-01T23:47:34.663-0500] {processor.py:183} INFO - Processing /Users/nestoralfaro/Desktop/pbi-scenario-two/py_env/lib/python3.9/site-packages/airflow/example_dags/example_subdag_operator.py took 0.101 seconds
[2024-05-01T23:49:27.775-0500] {processor.py:161} INFO - Started process (PID=35556) to work on /Users/nestoralfaro/Desktop/pbi-scenario-two/py_env/lib/python3.9/site-packages/airflow/example_dags/example_subdag_operator.py
[2024-05-01T23:49:27.777-0500] {processor.py:830} INFO - Processing file /Users/nestoralfaro/Desktop/pbi-scenario-two/py_env/lib/python3.9/site-packages/airflow/example_dags/example_subdag_operator.py for tasks to queue
[2024-05-01T23:49:27.777-0500] {logging_mixin.py:188} INFO - [2024-05-01T23:49:27.777-0500] {dagbag.py:540} INFO - Filling up the DagBag from /Users/nestoralfaro/Desktop/pbi-scenario-two/py_env/lib/python3.9/site-packages/airflow/example_dags/example_subdag_operator.py
[2024-05-01T23:49:27.822-0500] {processor.py:840} INFO - DAG(s) 'example_subdag_operator.section-1', 'example_subdag_operator.section-2', 'example_subdag_operator' retrieved from /Users/nestoralfaro/Desktop/pbi-scenario-two/py_env/lib/python3.9/site-packages/airflow/example_dags/example_subdag_operator.py
[2024-05-01T23:49:27.838-0500] {logging_mixin.py:188} INFO - [2024-05-01T23:49:27.838-0500] {dag.py:3096} INFO - Sync 3 DAGs
[2024-05-01T23:49:27.845-0500] {logging_mixin.py:188} INFO - [2024-05-01T23:49:27.845-0500] {dag.py:3954} INFO - Setting next_dagrun for example_subdag_operator to 2022-01-01 00:00:00+00:00, run_after=2022-01-01 00:00:00+00:00
[2024-05-01T23:49:27.847-0500] {logging_mixin.py:188} INFO - [2024-05-01T23:49:27.846-0500] {dag.py:3954} INFO - Setting next_dagrun for example_subdag_operator.section-1 to None, run_after=None
[2024-05-01T23:49:27.847-0500] {logging_mixin.py:188} INFO - [2024-05-01T23:49:27.847-0500] {dag.py:3954} INFO - Setting next_dagrun for example_subdag_operator.section-2 to None, run_after=None
[2024-05-01T23:49:27.850-0500] {logging_mixin.py:188} INFO - [2024-05-01T23:49:27.849-0500] {dag.py:3096} INFO - Sync 2 DAGs
[2024-05-01T23:49:27.852-0500] {logging_mixin.py:188} INFO - [2024-05-01T23:49:27.852-0500] {dag.py:3954} INFO - Setting next_dagrun for example_subdag_operator.section-1 to None, run_after=None
[2024-05-01T23:49:27.852-0500] {logging_mixin.py:188} INFO - [2024-05-01T23:49:27.852-0500] {dag.py:3954} INFO - Setting next_dagrun for example_subdag_operator.section-2 to None, run_after=None
[2024-05-01T23:49:27.882-0500] {processor.py:183} INFO - Processing /Users/nestoralfaro/Desktop/pbi-scenario-two/py_env/lib/python3.9/site-packages/airflow/example_dags/example_subdag_operator.py took 0.108 seconds
[2024-05-01T23:51:21.308-0500] {processor.py:161} INFO - Started process (PID=35625) to work on /Users/nestoralfaro/Desktop/pbi-scenario-two/py_env/lib/python3.9/site-packages/airflow/example_dags/example_subdag_operator.py
[2024-05-01T23:51:21.309-0500] {processor.py:830} INFO - Processing file /Users/nestoralfaro/Desktop/pbi-scenario-two/py_env/lib/python3.9/site-packages/airflow/example_dags/example_subdag_operator.py for tasks to queue
[2024-05-01T23:51:21.309-0500] {logging_mixin.py:188} INFO - [2024-05-01T23:51:21.309-0500] {dagbag.py:540} INFO - Filling up the DagBag from /Users/nestoralfaro/Desktop/pbi-scenario-two/py_env/lib/python3.9/site-packages/airflow/example_dags/example_subdag_operator.py
[2024-05-01T23:51:21.351-0500] {processor.py:840} INFO - DAG(s) 'example_subdag_operator.section-1', 'example_subdag_operator.section-2', 'example_subdag_operator' retrieved from /Users/nestoralfaro/Desktop/pbi-scenario-two/py_env/lib/python3.9/site-packages/airflow/example_dags/example_subdag_operator.py
[2024-05-01T23:51:21.365-0500] {logging_mixin.py:188} INFO - [2024-05-01T23:51:21.365-0500] {dag.py:3096} INFO - Sync 3 DAGs
[2024-05-01T23:51:21.373-0500] {logging_mixin.py:188} INFO - [2024-05-01T23:51:21.372-0500] {dag.py:3954} INFO - Setting next_dagrun for example_subdag_operator to 2022-01-01 00:00:00+00:00, run_after=2022-01-01 00:00:00+00:00
[2024-05-01T23:51:21.374-0500] {logging_mixin.py:188} INFO - [2024-05-01T23:51:21.374-0500] {dag.py:3954} INFO - Setting next_dagrun for example_subdag_operator.section-1 to None, run_after=None
[2024-05-01T23:51:21.374-0500] {logging_mixin.py:188} INFO - [2024-05-01T23:51:21.374-0500] {dag.py:3954} INFO - Setting next_dagrun for example_subdag_operator.section-2 to None, run_after=None
[2024-05-01T23:51:21.378-0500] {logging_mixin.py:188} INFO - [2024-05-01T23:51:21.377-0500] {dag.py:3096} INFO - Sync 2 DAGs
[2024-05-01T23:51:21.379-0500] {logging_mixin.py:188} INFO - [2024-05-01T23:51:21.379-0500] {dag.py:3954} INFO - Setting next_dagrun for example_subdag_operator.section-1 to None, run_after=None
[2024-05-01T23:51:21.379-0500] {logging_mixin.py:188} INFO - [2024-05-01T23:51:21.379-0500] {dag.py:3954} INFO - Setting next_dagrun for example_subdag_operator.section-2 to None, run_after=None
[2024-05-01T23:51:21.408-0500] {processor.py:183} INFO - Processing /Users/nestoralfaro/Desktop/pbi-scenario-two/py_env/lib/python3.9/site-packages/airflow/example_dags/example_subdag_operator.py took 0.101 seconds
[2024-05-01T23:53:19.503-0500] {processor.py:161} INFO - Started process (PID=35711) to work on /Users/nestoralfaro/Desktop/pbi-scenario-two/py_env/lib/python3.9/site-packages/airflow/example_dags/example_subdag_operator.py
[2024-05-01T23:53:19.504-0500] {processor.py:830} INFO - Processing file /Users/nestoralfaro/Desktop/pbi-scenario-two/py_env/lib/python3.9/site-packages/airflow/example_dags/example_subdag_operator.py for tasks to queue
[2024-05-01T23:53:19.504-0500] {logging_mixin.py:188} INFO - [2024-05-01T23:53:19.504-0500] {dagbag.py:540} INFO - Filling up the DagBag from /Users/nestoralfaro/Desktop/pbi-scenario-two/py_env/lib/python3.9/site-packages/airflow/example_dags/example_subdag_operator.py
[2024-05-01T23:53:19.545-0500] {processor.py:840} INFO - DAG(s) 'example_subdag_operator.section-1', 'example_subdag_operator.section-2', 'example_subdag_operator' retrieved from /Users/nestoralfaro/Desktop/pbi-scenario-two/py_env/lib/python3.9/site-packages/airflow/example_dags/example_subdag_operator.py
[2024-05-01T23:53:19.559-0500] {logging_mixin.py:188} INFO - [2024-05-01T23:53:19.558-0500] {dag.py:3096} INFO - Sync 3 DAGs
[2024-05-01T23:53:19.566-0500] {logging_mixin.py:188} INFO - [2024-05-01T23:53:19.566-0500] {dag.py:3954} INFO - Setting next_dagrun for example_subdag_operator to 2022-01-01 00:00:00+00:00, run_after=2022-01-01 00:00:00+00:00
[2024-05-01T23:53:19.568-0500] {logging_mixin.py:188} INFO - [2024-05-01T23:53:19.568-0500] {dag.py:3954} INFO - Setting next_dagrun for example_subdag_operator.section-1 to None, run_after=None
[2024-05-01T23:53:19.569-0500] {logging_mixin.py:188} INFO - [2024-05-01T23:53:19.568-0500] {dag.py:3954} INFO - Setting next_dagrun for example_subdag_operator.section-2 to None, run_after=None
[2024-05-01T23:53:19.571-0500] {logging_mixin.py:188} INFO - [2024-05-01T23:53:19.571-0500] {dag.py:3096} INFO - Sync 2 DAGs
[2024-05-01T23:53:19.574-0500] {logging_mixin.py:188} INFO - [2024-05-01T23:53:19.574-0500] {dag.py:3954} INFO - Setting next_dagrun for example_subdag_operator.section-1 to None, run_after=None
[2024-05-01T23:53:19.574-0500] {logging_mixin.py:188} INFO - [2024-05-01T23:53:19.574-0500] {dag.py:3954} INFO - Setting next_dagrun for example_subdag_operator.section-2 to None, run_after=None
[2024-05-01T23:53:19.605-0500] {processor.py:183} INFO - Processing /Users/nestoralfaro/Desktop/pbi-scenario-two/py_env/lib/python3.9/site-packages/airflow/example_dags/example_subdag_operator.py took 0.104 seconds
[2024-05-01T23:55:14.742-0500] {processor.py:161} INFO - Started process (PID=35780) to work on /Users/nestoralfaro/Desktop/pbi-scenario-two/py_env/lib/python3.9/site-packages/airflow/example_dags/example_subdag_operator.py
[2024-05-01T23:55:14.743-0500] {processor.py:830} INFO - Processing file /Users/nestoralfaro/Desktop/pbi-scenario-two/py_env/lib/python3.9/site-packages/airflow/example_dags/example_subdag_operator.py for tasks to queue
[2024-05-01T23:55:14.743-0500] {logging_mixin.py:188} INFO - [2024-05-01T23:55:14.743-0500] {dagbag.py:540} INFO - Filling up the DagBag from /Users/nestoralfaro/Desktop/pbi-scenario-two/py_env/lib/python3.9/site-packages/airflow/example_dags/example_subdag_operator.py
[2024-05-01T23:55:14.784-0500] {processor.py:840} INFO - DAG(s) 'example_subdag_operator.section-1', 'example_subdag_operator.section-2', 'example_subdag_operator' retrieved from /Users/nestoralfaro/Desktop/pbi-scenario-two/py_env/lib/python3.9/site-packages/airflow/example_dags/example_subdag_operator.py
[2024-05-01T23:55:14.798-0500] {logging_mixin.py:188} INFO - [2024-05-01T23:55:14.797-0500] {dag.py:3096} INFO - Sync 3 DAGs
[2024-05-01T23:55:14.804-0500] {logging_mixin.py:188} INFO - [2024-05-01T23:55:14.804-0500] {dag.py:3954} INFO - Setting next_dagrun for example_subdag_operator to 2022-01-01 00:00:00+00:00, run_after=2022-01-01 00:00:00+00:00
[2024-05-01T23:55:14.805-0500] {logging_mixin.py:188} INFO - [2024-05-01T23:55:14.805-0500] {dag.py:3954} INFO - Setting next_dagrun for example_subdag_operator.section-1 to None, run_after=None
[2024-05-01T23:55:14.805-0500] {logging_mixin.py:188} INFO - [2024-05-01T23:55:14.805-0500] {dag.py:3954} INFO - Setting next_dagrun for example_subdag_operator.section-2 to None, run_after=None
[2024-05-01T23:55:14.807-0500] {logging_mixin.py:188} INFO - [2024-05-01T23:55:14.807-0500] {dag.py:3096} INFO - Sync 2 DAGs
[2024-05-01T23:55:14.809-0500] {logging_mixin.py:188} INFO - [2024-05-01T23:55:14.809-0500] {dag.py:3954} INFO - Setting next_dagrun for example_subdag_operator.section-1 to None, run_after=None
[2024-05-01T23:55:14.809-0500] {logging_mixin.py:188} INFO - [2024-05-01T23:55:14.809-0500] {dag.py:3954} INFO - Setting next_dagrun for example_subdag_operator.section-2 to None, run_after=None
[2024-05-01T23:55:14.837-0500] {processor.py:183} INFO - Processing /Users/nestoralfaro/Desktop/pbi-scenario-two/py_env/lib/python3.9/site-packages/airflow/example_dags/example_subdag_operator.py took 0.097 seconds
[2024-05-01T23:57:04.509-0500] {processor.py:161} INFO - Started process (PID=35848) to work on /Users/nestoralfaro/Desktop/pbi-scenario-two/py_env/lib/python3.9/site-packages/airflow/example_dags/example_subdag_operator.py
[2024-05-01T23:57:04.511-0500] {processor.py:830} INFO - Processing file /Users/nestoralfaro/Desktop/pbi-scenario-two/py_env/lib/python3.9/site-packages/airflow/example_dags/example_subdag_operator.py for tasks to queue
[2024-05-01T23:57:04.511-0500] {logging_mixin.py:188} INFO - [2024-05-01T23:57:04.511-0500] {dagbag.py:540} INFO - Filling up the DagBag from /Users/nestoralfaro/Desktop/pbi-scenario-two/py_env/lib/python3.9/site-packages/airflow/example_dags/example_subdag_operator.py
[2024-05-01T23:57:04.549-0500] {processor.py:840} INFO - DAG(s) 'example_subdag_operator.section-1', 'example_subdag_operator.section-2', 'example_subdag_operator' retrieved from /Users/nestoralfaro/Desktop/pbi-scenario-two/py_env/lib/python3.9/site-packages/airflow/example_dags/example_subdag_operator.py
[2024-05-01T23:57:04.562-0500] {logging_mixin.py:188} INFO - [2024-05-01T23:57:04.562-0500] {dag.py:3096} INFO - Sync 3 DAGs
[2024-05-01T23:57:04.568-0500] {logging_mixin.py:188} INFO - [2024-05-01T23:57:04.568-0500] {dag.py:3954} INFO - Setting next_dagrun for example_subdag_operator to 2022-01-01 00:00:00+00:00, run_after=2022-01-01 00:00:00+00:00
[2024-05-01T23:57:04.569-0500] {logging_mixin.py:188} INFO - [2024-05-01T23:57:04.569-0500] {dag.py:3954} INFO - Setting next_dagrun for example_subdag_operator.section-1 to None, run_after=None
[2024-05-01T23:57:04.570-0500] {logging_mixin.py:188} INFO - [2024-05-01T23:57:04.569-0500] {dag.py:3954} INFO - Setting next_dagrun for example_subdag_operator.section-2 to None, run_after=None
[2024-05-01T23:57:04.572-0500] {logging_mixin.py:188} INFO - [2024-05-01T23:57:04.572-0500] {dag.py:3096} INFO - Sync 2 DAGs
[2024-05-01T23:57:04.574-0500] {logging_mixin.py:188} INFO - [2024-05-01T23:57:04.573-0500] {dag.py:3954} INFO - Setting next_dagrun for example_subdag_operator.section-1 to None, run_after=None
[2024-05-01T23:57:04.574-0500] {logging_mixin.py:188} INFO - [2024-05-01T23:57:04.574-0500] {dag.py:3954} INFO - Setting next_dagrun for example_subdag_operator.section-2 to None, run_after=None
[2024-05-01T23:57:04.600-0500] {processor.py:183} INFO - Processing /Users/nestoralfaro/Desktop/pbi-scenario-two/py_env/lib/python3.9/site-packages/airflow/example_dags/example_subdag_operator.py took 0.092 seconds
[2024-05-01T23:58:57.829-0500] {processor.py:161} INFO - Started process (PID=35917) to work on /Users/nestoralfaro/Desktop/pbi-scenario-two/py_env/lib/python3.9/site-packages/airflow/example_dags/example_subdag_operator.py
[2024-05-01T23:58:57.830-0500] {processor.py:830} INFO - Processing file /Users/nestoralfaro/Desktop/pbi-scenario-two/py_env/lib/python3.9/site-packages/airflow/example_dags/example_subdag_operator.py for tasks to queue
[2024-05-01T23:58:57.831-0500] {logging_mixin.py:188} INFO - [2024-05-01T23:58:57.831-0500] {dagbag.py:540} INFO - Filling up the DagBag from /Users/nestoralfaro/Desktop/pbi-scenario-two/py_env/lib/python3.9/site-packages/airflow/example_dags/example_subdag_operator.py
[2024-05-01T23:58:57.871-0500] {processor.py:840} INFO - DAG(s) 'example_subdag_operator.section-1', 'example_subdag_operator.section-2', 'example_subdag_operator' retrieved from /Users/nestoralfaro/Desktop/pbi-scenario-two/py_env/lib/python3.9/site-packages/airflow/example_dags/example_subdag_operator.py
[2024-05-01T23:58:57.885-0500] {logging_mixin.py:188} INFO - [2024-05-01T23:58:57.885-0500] {dag.py:3096} INFO - Sync 3 DAGs
[2024-05-01T23:58:57.891-0500] {logging_mixin.py:188} INFO - [2024-05-01T23:58:57.891-0500] {dag.py:3954} INFO - Setting next_dagrun for example_subdag_operator to 2022-01-01 00:00:00+00:00, run_after=2022-01-01 00:00:00+00:00
[2024-05-01T23:58:57.892-0500] {logging_mixin.py:188} INFO - [2024-05-01T23:58:57.892-0500] {dag.py:3954} INFO - Setting next_dagrun for example_subdag_operator.section-1 to None, run_after=None
[2024-05-01T23:58:57.893-0500] {logging_mixin.py:188} INFO - [2024-05-01T23:58:57.893-0500] {dag.py:3954} INFO - Setting next_dagrun for example_subdag_operator.section-2 to None, run_after=None
[2024-05-01T23:58:57.895-0500] {logging_mixin.py:188} INFO - [2024-05-01T23:58:57.895-0500] {dag.py:3096} INFO - Sync 2 DAGs
[2024-05-01T23:58:57.897-0500] {logging_mixin.py:188} INFO - [2024-05-01T23:58:57.897-0500] {dag.py:3954} INFO - Setting next_dagrun for example_subdag_operator.section-1 to None, run_after=None
[2024-05-01T23:58:57.897-0500] {logging_mixin.py:188} INFO - [2024-05-01T23:58:57.897-0500] {dag.py:3954} INFO - Setting next_dagrun for example_subdag_operator.section-2 to None, run_after=None
[2024-05-01T23:58:57.923-0500] {processor.py:183} INFO - Processing /Users/nestoralfaro/Desktop/pbi-scenario-two/py_env/lib/python3.9/site-packages/airflow/example_dags/example_subdag_operator.py took 0.095 seconds
[2024-05-02T00:00:46.635-0500] {processor.py:161} INFO - Started process (PID=36011) to work on /Users/nestoralfaro/Desktop/pbi-scenario-two/py_env/lib/python3.9/site-packages/airflow/example_dags/example_subdag_operator.py
[2024-05-02T00:00:46.637-0500] {processor.py:830} INFO - Processing file /Users/nestoralfaro/Desktop/pbi-scenario-two/py_env/lib/python3.9/site-packages/airflow/example_dags/example_subdag_operator.py for tasks to queue
[2024-05-02T00:00:46.638-0500] {logging_mixin.py:188} INFO - [2024-05-02T00:00:46.638-0500] {dagbag.py:540} INFO - Filling up the DagBag from /Users/nestoralfaro/Desktop/pbi-scenario-two/py_env/lib/python3.9/site-packages/airflow/example_dags/example_subdag_operator.py
[2024-05-02T00:00:46.681-0500] {processor.py:840} INFO - DAG(s) 'example_subdag_operator.section-1', 'example_subdag_operator.section-2', 'example_subdag_operator' retrieved from /Users/nestoralfaro/Desktop/pbi-scenario-two/py_env/lib/python3.9/site-packages/airflow/example_dags/example_subdag_operator.py
[2024-05-02T00:00:46.697-0500] {logging_mixin.py:188} INFO - [2024-05-02T00:00:46.697-0500] {dag.py:3096} INFO - Sync 3 DAGs
[2024-05-02T00:00:46.704-0500] {logging_mixin.py:188} INFO - [2024-05-02T00:00:46.704-0500] {dag.py:3954} INFO - Setting next_dagrun for example_subdag_operator to 2022-01-01 00:00:00+00:00, run_after=2022-01-01 00:00:00+00:00
[2024-05-02T00:00:46.706-0500] {logging_mixin.py:188} INFO - [2024-05-02T00:00:46.706-0500] {dag.py:3954} INFO - Setting next_dagrun for example_subdag_operator.section-1 to None, run_after=None
[2024-05-02T00:00:46.706-0500] {logging_mixin.py:188} INFO - [2024-05-02T00:00:46.706-0500] {dag.py:3954} INFO - Setting next_dagrun for example_subdag_operator.section-2 to None, run_after=None
[2024-05-02T00:00:46.708-0500] {logging_mixin.py:188} INFO - [2024-05-02T00:00:46.708-0500] {dag.py:3096} INFO - Sync 2 DAGs
[2024-05-02T00:00:46.711-0500] {logging_mixin.py:188} INFO - [2024-05-02T00:00:46.711-0500] {dag.py:3954} INFO - Setting next_dagrun for example_subdag_operator.section-1 to None, run_after=None
[2024-05-02T00:00:46.711-0500] {logging_mixin.py:188} INFO - [2024-05-02T00:00:46.711-0500] {dag.py:3954} INFO - Setting next_dagrun for example_subdag_operator.section-2 to None, run_after=None
[2024-05-02T00:00:46.743-0500] {processor.py:183} INFO - Processing /Users/nestoralfaro/Desktop/pbi-scenario-two/py_env/lib/python3.9/site-packages/airflow/example_dags/example_subdag_operator.py took 0.109 seconds
[2024-05-02T00:02:45.026-0500] {processor.py:161} INFO - Started process (PID=36094) to work on /Users/nestoralfaro/Desktop/pbi-scenario-two/py_env/lib/python3.9/site-packages/airflow/example_dags/example_subdag_operator.py
[2024-05-02T00:02:45.028-0500] {processor.py:830} INFO - Processing file /Users/nestoralfaro/Desktop/pbi-scenario-two/py_env/lib/python3.9/site-packages/airflow/example_dags/example_subdag_operator.py for tasks to queue
[2024-05-02T00:02:45.028-0500] {logging_mixin.py:188} INFO - [2024-05-02T00:02:45.028-0500] {dagbag.py:540} INFO - Filling up the DagBag from /Users/nestoralfaro/Desktop/pbi-scenario-two/py_env/lib/python3.9/site-packages/airflow/example_dags/example_subdag_operator.py
[2024-05-02T00:02:45.067-0500] {processor.py:840} INFO - DAG(s) 'example_subdag_operator.section-1', 'example_subdag_operator.section-2', 'example_subdag_operator' retrieved from /Users/nestoralfaro/Desktop/pbi-scenario-two/py_env/lib/python3.9/site-packages/airflow/example_dags/example_subdag_operator.py
[2024-05-02T00:02:45.081-0500] {logging_mixin.py:188} INFO - [2024-05-02T00:02:45.081-0500] {dag.py:3096} INFO - Sync 3 DAGs
[2024-05-02T00:02:45.087-0500] {logging_mixin.py:188} INFO - [2024-05-02T00:02:45.087-0500] {dag.py:3954} INFO - Setting next_dagrun for example_subdag_operator to 2022-01-01 00:00:00+00:00, run_after=2022-01-01 00:00:00+00:00
[2024-05-02T00:02:45.088-0500] {logging_mixin.py:188} INFO - [2024-05-02T00:02:45.088-0500] {dag.py:3954} INFO - Setting next_dagrun for example_subdag_operator.section-1 to None, run_after=None
[2024-05-02T00:02:45.089-0500] {logging_mixin.py:188} INFO - [2024-05-02T00:02:45.089-0500] {dag.py:3954} INFO - Setting next_dagrun for example_subdag_operator.section-2 to None, run_after=None
[2024-05-02T00:02:45.091-0500] {logging_mixin.py:188} INFO - [2024-05-02T00:02:45.091-0500] {dag.py:3096} INFO - Sync 2 DAGs
[2024-05-02T00:02:45.093-0500] {logging_mixin.py:188} INFO - [2024-05-02T00:02:45.093-0500] {dag.py:3954} INFO - Setting next_dagrun for example_subdag_operator.section-1 to None, run_after=None
[2024-05-02T00:02:45.093-0500] {logging_mixin.py:188} INFO - [2024-05-02T00:02:45.093-0500] {dag.py:3954} INFO - Setting next_dagrun for example_subdag_operator.section-2 to None, run_after=None
[2024-05-02T00:02:45.120-0500] {processor.py:183} INFO - Processing /Users/nestoralfaro/Desktop/pbi-scenario-two/py_env/lib/python3.9/site-packages/airflow/example_dags/example_subdag_operator.py took 0.096 seconds
[2024-05-02T00:04:39.600-0500] {processor.py:161} INFO - Started process (PID=36169) to work on /Users/nestoralfaro/Desktop/pbi-scenario-two/py_env/lib/python3.9/site-packages/airflow/example_dags/example_subdag_operator.py
[2024-05-02T00:04:39.603-0500] {processor.py:830} INFO - Processing file /Users/nestoralfaro/Desktop/pbi-scenario-two/py_env/lib/python3.9/site-packages/airflow/example_dags/example_subdag_operator.py for tasks to queue
[2024-05-02T00:04:39.603-0500] {logging_mixin.py:188} INFO - [2024-05-02T00:04:39.603-0500] {dagbag.py:540} INFO - Filling up the DagBag from /Users/nestoralfaro/Desktop/pbi-scenario-two/py_env/lib/python3.9/site-packages/airflow/example_dags/example_subdag_operator.py
[2024-05-02T00:04:39.645-0500] {processor.py:840} INFO - DAG(s) 'example_subdag_operator.section-1', 'example_subdag_operator.section-2', 'example_subdag_operator' retrieved from /Users/nestoralfaro/Desktop/pbi-scenario-two/py_env/lib/python3.9/site-packages/airflow/example_dags/example_subdag_operator.py
[2024-05-02T00:04:39.660-0500] {logging_mixin.py:188} INFO - [2024-05-02T00:04:39.660-0500] {dag.py:3096} INFO - Sync 3 DAGs
[2024-05-02T00:04:39.666-0500] {logging_mixin.py:188} INFO - [2024-05-02T00:04:39.666-0500] {dag.py:3954} INFO - Setting next_dagrun for example_subdag_operator to 2022-01-01 00:00:00+00:00, run_after=2022-01-01 00:00:00+00:00
[2024-05-02T00:04:39.668-0500] {logging_mixin.py:188} INFO - [2024-05-02T00:04:39.668-0500] {dag.py:3954} INFO - Setting next_dagrun for example_subdag_operator.section-1 to None, run_after=None
[2024-05-02T00:04:39.668-0500] {logging_mixin.py:188} INFO - [2024-05-02T00:04:39.668-0500] {dag.py:3954} INFO - Setting next_dagrun for example_subdag_operator.section-2 to None, run_after=None
[2024-05-02T00:04:39.670-0500] {logging_mixin.py:188} INFO - [2024-05-02T00:04:39.670-0500] {dag.py:3096} INFO - Sync 2 DAGs
[2024-05-02T00:04:39.672-0500] {logging_mixin.py:188} INFO - [2024-05-02T00:04:39.672-0500] {dag.py:3954} INFO - Setting next_dagrun for example_subdag_operator.section-1 to None, run_after=None
[2024-05-02T00:04:39.672-0500] {logging_mixin.py:188} INFO - [2024-05-02T00:04:39.672-0500] {dag.py:3954} INFO - Setting next_dagrun for example_subdag_operator.section-2 to None, run_after=None
[2024-05-02T00:04:39.703-0500] {processor.py:183} INFO - Processing /Users/nestoralfaro/Desktop/pbi-scenario-two/py_env/lib/python3.9/site-packages/airflow/example_dags/example_subdag_operator.py took 0.104 seconds
[2024-05-02T00:06:33.448-0500] {processor.py:161} INFO - Started process (PID=36251) to work on /Users/nestoralfaro/Desktop/pbi-scenario-two/py_env/lib/python3.9/site-packages/airflow/example_dags/example_subdag_operator.py
[2024-05-02T00:06:33.450-0500] {processor.py:830} INFO - Processing file /Users/nestoralfaro/Desktop/pbi-scenario-two/py_env/lib/python3.9/site-packages/airflow/example_dags/example_subdag_operator.py for tasks to queue
[2024-05-02T00:06:33.451-0500] {logging_mixin.py:188} INFO - [2024-05-02T00:06:33.451-0500] {dagbag.py:540} INFO - Filling up the DagBag from /Users/nestoralfaro/Desktop/pbi-scenario-two/py_env/lib/python3.9/site-packages/airflow/example_dags/example_subdag_operator.py
[2024-05-02T00:06:33.491-0500] {processor.py:840} INFO - DAG(s) 'example_subdag_operator.section-1', 'example_subdag_operator.section-2', 'example_subdag_operator' retrieved from /Users/nestoralfaro/Desktop/pbi-scenario-two/py_env/lib/python3.9/site-packages/airflow/example_dags/example_subdag_operator.py
[2024-05-02T00:06:33.504-0500] {logging_mixin.py:188} INFO - [2024-05-02T00:06:33.504-0500] {dag.py:3096} INFO - Sync 3 DAGs
[2024-05-02T00:06:33.510-0500] {logging_mixin.py:188} INFO - [2024-05-02T00:06:33.510-0500] {dag.py:3954} INFO - Setting next_dagrun for example_subdag_operator to 2022-01-01 00:00:00+00:00, run_after=2022-01-01 00:00:00+00:00
[2024-05-02T00:06:33.511-0500] {logging_mixin.py:188} INFO - [2024-05-02T00:06:33.511-0500] {dag.py:3954} INFO - Setting next_dagrun for example_subdag_operator.section-1 to None, run_after=None
[2024-05-02T00:06:33.512-0500] {logging_mixin.py:188} INFO - [2024-05-02T00:06:33.512-0500] {dag.py:3954} INFO - Setting next_dagrun for example_subdag_operator.section-2 to None, run_after=None
[2024-05-02T00:06:33.514-0500] {logging_mixin.py:188} INFO - [2024-05-02T00:06:33.514-0500] {dag.py:3096} INFO - Sync 2 DAGs
[2024-05-02T00:06:33.516-0500] {logging_mixin.py:188} INFO - [2024-05-02T00:06:33.516-0500] {dag.py:3954} INFO - Setting next_dagrun for example_subdag_operator.section-1 to None, run_after=None
[2024-05-02T00:06:33.516-0500] {logging_mixin.py:188} INFO - [2024-05-02T00:06:33.516-0500] {dag.py:3954} INFO - Setting next_dagrun for example_subdag_operator.section-2 to None, run_after=None
[2024-05-02T00:06:33.543-0500] {processor.py:183} INFO - Processing /Users/nestoralfaro/Desktop/pbi-scenario-two/py_env/lib/python3.9/site-packages/airflow/example_dags/example_subdag_operator.py took 0.097 seconds
[2024-05-02T00:08:20.612-0500] {processor.py:161} INFO - Started process (PID=36327) to work on /Users/nestoralfaro/Desktop/pbi-scenario-two/py_env/lib/python3.9/site-packages/airflow/example_dags/example_subdag_operator.py
[2024-05-02T00:08:20.614-0500] {processor.py:830} INFO - Processing file /Users/nestoralfaro/Desktop/pbi-scenario-two/py_env/lib/python3.9/site-packages/airflow/example_dags/example_subdag_operator.py for tasks to queue
[2024-05-02T00:08:20.614-0500] {logging_mixin.py:188} INFO - [2024-05-02T00:08:20.614-0500] {dagbag.py:540} INFO - Filling up the DagBag from /Users/nestoralfaro/Desktop/pbi-scenario-two/py_env/lib/python3.9/site-packages/airflow/example_dags/example_subdag_operator.py
[2024-05-02T00:08:20.652-0500] {processor.py:840} INFO - DAG(s) 'example_subdag_operator.section-1', 'example_subdag_operator.section-2', 'example_subdag_operator' retrieved from /Users/nestoralfaro/Desktop/pbi-scenario-two/py_env/lib/python3.9/site-packages/airflow/example_dags/example_subdag_operator.py
[2024-05-02T00:08:20.665-0500] {logging_mixin.py:188} INFO - [2024-05-02T00:08:20.665-0500] {dag.py:3096} INFO - Sync 3 DAGs
[2024-05-02T00:08:20.671-0500] {logging_mixin.py:188} INFO - [2024-05-02T00:08:20.671-0500] {dag.py:3954} INFO - Setting next_dagrun for example_subdag_operator to 2022-01-01 00:00:00+00:00, run_after=2022-01-01 00:00:00+00:00
[2024-05-02T00:08:20.672-0500] {logging_mixin.py:188} INFO - [2024-05-02T00:08:20.672-0500] {dag.py:3954} INFO - Setting next_dagrun for example_subdag_operator.section-1 to None, run_after=None
[2024-05-02T00:08:20.673-0500] {logging_mixin.py:188} INFO - [2024-05-02T00:08:20.673-0500] {dag.py:3954} INFO - Setting next_dagrun for example_subdag_operator.section-2 to None, run_after=None
[2024-05-02T00:08:20.675-0500] {logging_mixin.py:188} INFO - [2024-05-02T00:08:20.675-0500] {dag.py:3096} INFO - Sync 2 DAGs
[2024-05-02T00:08:20.677-0500] {logging_mixin.py:188} INFO - [2024-05-02T00:08:20.677-0500] {dag.py:3954} INFO - Setting next_dagrun for example_subdag_operator.section-1 to None, run_after=None
[2024-05-02T00:08:20.677-0500] {logging_mixin.py:188} INFO - [2024-05-02T00:08:20.677-0500] {dag.py:3954} INFO - Setting next_dagrun for example_subdag_operator.section-2 to None, run_after=None
[2024-05-02T00:08:20.704-0500] {processor.py:183} INFO - Processing /Users/nestoralfaro/Desktop/pbi-scenario-two/py_env/lib/python3.9/site-packages/airflow/example_dags/example_subdag_operator.py took 0.093 seconds
[2024-05-02T00:11:26.568-0500] {processor.py:161} INFO - Started process (PID=36426) to work on /Users/nestoralfaro/Desktop/pbi-scenario-two/py_env/lib/python3.9/site-packages/airflow/example_dags/example_subdag_operator.py
[2024-05-02T00:11:26.570-0500] {processor.py:830} INFO - Processing file /Users/nestoralfaro/Desktop/pbi-scenario-two/py_env/lib/python3.9/site-packages/airflow/example_dags/example_subdag_operator.py for tasks to queue
[2024-05-02T00:11:26.571-0500] {logging_mixin.py:188} INFO - [2024-05-02T00:11:26.570-0500] {dagbag.py:540} INFO - Filling up the DagBag from /Users/nestoralfaro/Desktop/pbi-scenario-two/py_env/lib/python3.9/site-packages/airflow/example_dags/example_subdag_operator.py
[2024-05-02T00:11:26.637-0500] {processor.py:840} INFO - DAG(s) 'example_subdag_operator.section-1', 'example_subdag_operator.section-2', 'example_subdag_operator' retrieved from /Users/nestoralfaro/Desktop/pbi-scenario-two/py_env/lib/python3.9/site-packages/airflow/example_dags/example_subdag_operator.py
[2024-05-02T00:11:26.652-0500] {logging_mixin.py:188} INFO - [2024-05-02T00:11:26.651-0500] {dag.py:3096} INFO - Sync 3 DAGs
[2024-05-02T00:11:26.658-0500] {logging_mixin.py:188} INFO - [2024-05-02T00:11:26.658-0500] {dag.py:3954} INFO - Setting next_dagrun for example_subdag_operator to 2022-01-01 00:00:00+00:00, run_after=2022-01-01 00:00:00+00:00
[2024-05-02T00:11:26.659-0500] {logging_mixin.py:188} INFO - [2024-05-02T00:11:26.659-0500] {dag.py:3954} INFO - Setting next_dagrun for example_subdag_operator.section-1 to None, run_after=None
[2024-05-02T00:11:26.659-0500] {logging_mixin.py:188} INFO - [2024-05-02T00:11:26.659-0500] {dag.py:3954} INFO - Setting next_dagrun for example_subdag_operator.section-2 to None, run_after=None
[2024-05-02T00:11:26.662-0500] {logging_mixin.py:188} INFO - [2024-05-02T00:11:26.661-0500] {dag.py:3096} INFO - Sync 2 DAGs
[2024-05-02T00:11:26.663-0500] {logging_mixin.py:188} INFO - [2024-05-02T00:11:26.663-0500] {dag.py:3954} INFO - Setting next_dagrun for example_subdag_operator.section-1 to None, run_after=None
[2024-05-02T00:11:26.664-0500] {logging_mixin.py:188} INFO - [2024-05-02T00:11:26.664-0500] {dag.py:3954} INFO - Setting next_dagrun for example_subdag_operator.section-2 to None, run_after=None
[2024-05-02T00:11:26.690-0500] {processor.py:183} INFO - Processing /Users/nestoralfaro/Desktop/pbi-scenario-two/py_env/lib/python3.9/site-packages/airflow/example_dags/example_subdag_operator.py took 0.127 seconds
[2024-05-02T00:12:52.133-0500] {processor.py:161} INFO - Started process (PID=36521) to work on /Users/nestoralfaro/Desktop/pbi-scenario-two/py_env/lib/python3.9/site-packages/airflow/example_dags/example_subdag_operator.py
[2024-05-02T00:12:52.134-0500] {processor.py:830} INFO - Processing file /Users/nestoralfaro/Desktop/pbi-scenario-two/py_env/lib/python3.9/site-packages/airflow/example_dags/example_subdag_operator.py for tasks to queue
[2024-05-02T00:12:52.134-0500] {logging_mixin.py:188} INFO - [2024-05-02T00:12:52.134-0500] {dagbag.py:540} INFO - Filling up the DagBag from /Users/nestoralfaro/Desktop/pbi-scenario-two/py_env/lib/python3.9/site-packages/airflow/example_dags/example_subdag_operator.py
[2024-05-02T00:12:52.172-0500] {processor.py:840} INFO - DAG(s) 'example_subdag_operator.section-1', 'example_subdag_operator.section-2', 'example_subdag_operator' retrieved from /Users/nestoralfaro/Desktop/pbi-scenario-two/py_env/lib/python3.9/site-packages/airflow/example_dags/example_subdag_operator.py
[2024-05-02T00:12:52.186-0500] {logging_mixin.py:188} INFO - [2024-05-02T00:12:52.186-0500] {dag.py:3096} INFO - Sync 3 DAGs
[2024-05-02T00:12:52.192-0500] {logging_mixin.py:188} INFO - [2024-05-02T00:12:52.192-0500] {dag.py:3954} INFO - Setting next_dagrun for example_subdag_operator to 2022-01-01 00:00:00+00:00, run_after=2022-01-01 00:00:00+00:00
[2024-05-02T00:12:52.193-0500] {logging_mixin.py:188} INFO - [2024-05-02T00:12:52.193-0500] {dag.py:3954} INFO - Setting next_dagrun for example_subdag_operator.section-1 to None, run_after=None
[2024-05-02T00:12:52.194-0500] {logging_mixin.py:188} INFO - [2024-05-02T00:12:52.194-0500] {dag.py:3954} INFO - Setting next_dagrun for example_subdag_operator.section-2 to None, run_after=None
[2024-05-02T00:12:52.196-0500] {logging_mixin.py:188} INFO - [2024-05-02T00:12:52.196-0500] {dag.py:3096} INFO - Sync 2 DAGs
[2024-05-02T00:12:52.198-0500] {logging_mixin.py:188} INFO - [2024-05-02T00:12:52.198-0500] {dag.py:3954} INFO - Setting next_dagrun for example_subdag_operator.section-1 to None, run_after=None
[2024-05-02T00:12:52.198-0500] {logging_mixin.py:188} INFO - [2024-05-02T00:12:52.198-0500] {dag.py:3954} INFO - Setting next_dagrun for example_subdag_operator.section-2 to None, run_after=None
[2024-05-02T00:12:52.224-0500] {processor.py:183} INFO - Processing /Users/nestoralfaro/Desktop/pbi-scenario-two/py_env/lib/python3.9/site-packages/airflow/example_dags/example_subdag_operator.py took 0.093 seconds
[2024-05-02T00:15:17.716-0500] {processor.py:161} INFO - Started process (PID=36607) to work on /Users/nestoralfaro/Desktop/pbi-scenario-two/py_env/lib/python3.9/site-packages/airflow/example_dags/example_subdag_operator.py
[2024-05-02T00:15:17.717-0500] {processor.py:830} INFO - Processing file /Users/nestoralfaro/Desktop/pbi-scenario-two/py_env/lib/python3.9/site-packages/airflow/example_dags/example_subdag_operator.py for tasks to queue
[2024-05-02T00:15:17.718-0500] {logging_mixin.py:188} INFO - [2024-05-02T00:15:17.718-0500] {dagbag.py:540} INFO - Filling up the DagBag from /Users/nestoralfaro/Desktop/pbi-scenario-two/py_env/lib/python3.9/site-packages/airflow/example_dags/example_subdag_operator.py
[2024-05-02T00:15:17.761-0500] {processor.py:840} INFO - DAG(s) 'example_subdag_operator.section-1', 'example_subdag_operator.section-2', 'example_subdag_operator' retrieved from /Users/nestoralfaro/Desktop/pbi-scenario-two/py_env/lib/python3.9/site-packages/airflow/example_dags/example_subdag_operator.py
[2024-05-02T00:15:17.775-0500] {logging_mixin.py:188} INFO - [2024-05-02T00:15:17.775-0500] {dag.py:3096} INFO - Sync 3 DAGs
[2024-05-02T00:15:17.782-0500] {logging_mixin.py:188} INFO - [2024-05-02T00:15:17.782-0500] {dag.py:3954} INFO - Setting next_dagrun for example_subdag_operator to 2022-01-01 00:00:00+00:00, run_after=2022-01-01 00:00:00+00:00
[2024-05-02T00:15:17.783-0500] {logging_mixin.py:188} INFO - [2024-05-02T00:15:17.783-0500] {dag.py:3954} INFO - Setting next_dagrun for example_subdag_operator.section-1 to None, run_after=None
[2024-05-02T00:15:17.783-0500] {logging_mixin.py:188} INFO - [2024-05-02T00:15:17.783-0500] {dag.py:3954} INFO - Setting next_dagrun for example_subdag_operator.section-2 to None, run_after=None
[2024-05-02T00:15:17.786-0500] {logging_mixin.py:188} INFO - [2024-05-02T00:15:17.785-0500] {dag.py:3096} INFO - Sync 2 DAGs
[2024-05-02T00:15:17.788-0500] {logging_mixin.py:188} INFO - [2024-05-02T00:15:17.788-0500] {dag.py:3954} INFO - Setting next_dagrun for example_subdag_operator.section-1 to None, run_after=None
[2024-05-02T00:15:17.788-0500] {logging_mixin.py:188} INFO - [2024-05-02T00:15:17.788-0500] {dag.py:3954} INFO - Setting next_dagrun for example_subdag_operator.section-2 to None, run_after=None
[2024-05-02T00:15:17.819-0500] {processor.py:183} INFO - Processing /Users/nestoralfaro/Desktop/pbi-scenario-two/py_env/lib/python3.9/site-packages/airflow/example_dags/example_subdag_operator.py took 0.104 seconds
[2024-05-02T00:16:46.870-0500] {processor.py:161} INFO - Started process (PID=36674) to work on /Users/nestoralfaro/Desktop/pbi-scenario-two/py_env/lib/python3.9/site-packages/airflow/example_dags/example_subdag_operator.py
[2024-05-02T00:16:46.871-0500] {processor.py:830} INFO - Processing file /Users/nestoralfaro/Desktop/pbi-scenario-two/py_env/lib/python3.9/site-packages/airflow/example_dags/example_subdag_operator.py for tasks to queue
[2024-05-02T00:16:46.871-0500] {logging_mixin.py:188} INFO - [2024-05-02T00:16:46.871-0500] {dagbag.py:540} INFO - Filling up the DagBag from /Users/nestoralfaro/Desktop/pbi-scenario-two/py_env/lib/python3.9/site-packages/airflow/example_dags/example_subdag_operator.py
[2024-05-02T00:16:46.914-0500] {processor.py:840} INFO - DAG(s) 'example_subdag_operator.section-1', 'example_subdag_operator.section-2', 'example_subdag_operator' retrieved from /Users/nestoralfaro/Desktop/pbi-scenario-two/py_env/lib/python3.9/site-packages/airflow/example_dags/example_subdag_operator.py
[2024-05-02T00:16:46.927-0500] {logging_mixin.py:188} INFO - [2024-05-02T00:16:46.927-0500] {dag.py:3096} INFO - Sync 3 DAGs
[2024-05-02T00:16:46.934-0500] {logging_mixin.py:188} INFO - [2024-05-02T00:16:46.934-0500] {dag.py:3954} INFO - Setting next_dagrun for example_subdag_operator to 2022-01-01 00:00:00+00:00, run_after=2022-01-01 00:00:00+00:00
[2024-05-02T00:16:46.935-0500] {logging_mixin.py:188} INFO - [2024-05-02T00:16:46.935-0500] {dag.py:3954} INFO - Setting next_dagrun for example_subdag_operator.section-1 to None, run_after=None
[2024-05-02T00:16:46.935-0500] {logging_mixin.py:188} INFO - [2024-05-02T00:16:46.935-0500] {dag.py:3954} INFO - Setting next_dagrun for example_subdag_operator.section-2 to None, run_after=None
[2024-05-02T00:16:46.937-0500] {logging_mixin.py:188} INFO - [2024-05-02T00:16:46.937-0500] {dag.py:3096} INFO - Sync 2 DAGs
[2024-05-02T00:16:46.939-0500] {logging_mixin.py:188} INFO - [2024-05-02T00:16:46.939-0500] {dag.py:3954} INFO - Setting next_dagrun for example_subdag_operator.section-1 to None, run_after=None
[2024-05-02T00:16:46.939-0500] {logging_mixin.py:188} INFO - [2024-05-02T00:16:46.939-0500] {dag.py:3954} INFO - Setting next_dagrun for example_subdag_operator.section-2 to None, run_after=None
[2024-05-02T00:16:46.967-0500] {processor.py:183} INFO - Processing /Users/nestoralfaro/Desktop/pbi-scenario-two/py_env/lib/python3.9/site-packages/airflow/example_dags/example_subdag_operator.py took 0.098 seconds
[2024-05-02T00:18:42.487-0500] {processor.py:161} INFO - Started process (PID=36749) to work on /Users/nestoralfaro/Desktop/pbi-scenario-two/py_env/lib/python3.9/site-packages/airflow/example_dags/example_subdag_operator.py
[2024-05-02T00:18:42.490-0500] {processor.py:830} INFO - Processing file /Users/nestoralfaro/Desktop/pbi-scenario-two/py_env/lib/python3.9/site-packages/airflow/example_dags/example_subdag_operator.py for tasks to queue
[2024-05-02T00:18:42.490-0500] {logging_mixin.py:188} INFO - [2024-05-02T00:18:42.490-0500] {dagbag.py:540} INFO - Filling up the DagBag from /Users/nestoralfaro/Desktop/pbi-scenario-two/py_env/lib/python3.9/site-packages/airflow/example_dags/example_subdag_operator.py
[2024-05-02T00:18:42.533-0500] {processor.py:840} INFO - DAG(s) 'example_subdag_operator.section-1', 'example_subdag_operator.section-2', 'example_subdag_operator' retrieved from /Users/nestoralfaro/Desktop/pbi-scenario-two/py_env/lib/python3.9/site-packages/airflow/example_dags/example_subdag_operator.py
[2024-05-02T00:18:42.548-0500] {logging_mixin.py:188} INFO - [2024-05-02T00:18:42.548-0500] {dag.py:3096} INFO - Sync 3 DAGs
[2024-05-02T00:18:42.555-0500] {logging_mixin.py:188} INFO - [2024-05-02T00:18:42.555-0500] {dag.py:3954} INFO - Setting next_dagrun for example_subdag_operator to 2022-01-01 00:00:00+00:00, run_after=2022-01-01 00:00:00+00:00
[2024-05-02T00:18:42.556-0500] {logging_mixin.py:188} INFO - [2024-05-02T00:18:42.556-0500] {dag.py:3954} INFO - Setting next_dagrun for example_subdag_operator.section-1 to None, run_after=None
[2024-05-02T00:18:42.556-0500] {logging_mixin.py:188} INFO - [2024-05-02T00:18:42.556-0500] {dag.py:3954} INFO - Setting next_dagrun for example_subdag_operator.section-2 to None, run_after=None
[2024-05-02T00:18:42.558-0500] {logging_mixin.py:188} INFO - [2024-05-02T00:18:42.558-0500] {dag.py:3096} INFO - Sync 2 DAGs
[2024-05-02T00:18:42.560-0500] {logging_mixin.py:188} INFO - [2024-05-02T00:18:42.560-0500] {dag.py:3954} INFO - Setting next_dagrun for example_subdag_operator.section-1 to None, run_after=None
[2024-05-02T00:18:42.560-0500] {logging_mixin.py:188} INFO - [2024-05-02T00:18:42.560-0500] {dag.py:3954} INFO - Setting next_dagrun for example_subdag_operator.section-2 to None, run_after=None
[2024-05-02T00:18:42.588-0500] {processor.py:183} INFO - Processing /Users/nestoralfaro/Desktop/pbi-scenario-two/py_env/lib/python3.9/site-packages/airflow/example_dags/example_subdag_operator.py took 0.102 seconds
[2024-05-02T00:20:39.040-0500] {processor.py:161} INFO - Started process (PID=36859) to work on /Users/nestoralfaro/Desktop/pbi-scenario-two/py_env/lib/python3.9/site-packages/airflow/example_dags/example_subdag_operator.py
[2024-05-02T00:20:39.041-0500] {processor.py:830} INFO - Processing file /Users/nestoralfaro/Desktop/pbi-scenario-two/py_env/lib/python3.9/site-packages/airflow/example_dags/example_subdag_operator.py for tasks to queue
[2024-05-02T00:20:39.042-0500] {logging_mixin.py:188} INFO - [2024-05-02T00:20:39.042-0500] {dagbag.py:540} INFO - Filling up the DagBag from /Users/nestoralfaro/Desktop/pbi-scenario-two/py_env/lib/python3.9/site-packages/airflow/example_dags/example_subdag_operator.py
[2024-05-02T00:20:39.084-0500] {processor.py:840} INFO - DAG(s) 'example_subdag_operator.section-1', 'example_subdag_operator.section-2', 'example_subdag_operator' retrieved from /Users/nestoralfaro/Desktop/pbi-scenario-two/py_env/lib/python3.9/site-packages/airflow/example_dags/example_subdag_operator.py
[2024-05-02T00:20:39.098-0500] {logging_mixin.py:188} INFO - [2024-05-02T00:20:39.098-0500] {dag.py:3096} INFO - Sync 3 DAGs
[2024-05-02T00:20:39.105-0500] {logging_mixin.py:188} INFO - [2024-05-02T00:20:39.105-0500] {dag.py:3954} INFO - Setting next_dagrun for example_subdag_operator to 2022-01-01 00:00:00+00:00, run_after=2022-01-01 00:00:00+00:00
[2024-05-02T00:20:39.106-0500] {logging_mixin.py:188} INFO - [2024-05-02T00:20:39.106-0500] {dag.py:3954} INFO - Setting next_dagrun for example_subdag_operator.section-1 to None, run_after=None
[2024-05-02T00:20:39.106-0500] {logging_mixin.py:188} INFO - [2024-05-02T00:20:39.106-0500] {dag.py:3954} INFO - Setting next_dagrun for example_subdag_operator.section-2 to None, run_after=None
[2024-05-02T00:20:39.109-0500] {logging_mixin.py:188} INFO - [2024-05-02T00:20:39.109-0500] {dag.py:3096} INFO - Sync 2 DAGs
[2024-05-02T00:20:39.110-0500] {logging_mixin.py:188} INFO - [2024-05-02T00:20:39.110-0500] {dag.py:3954} INFO - Setting next_dagrun for example_subdag_operator.section-1 to None, run_after=None
[2024-05-02T00:20:39.110-0500] {logging_mixin.py:188} INFO - [2024-05-02T00:20:39.110-0500] {dag.py:3954} INFO - Setting next_dagrun for example_subdag_operator.section-2 to None, run_after=None
[2024-05-02T00:20:39.139-0500] {processor.py:183} INFO - Processing /Users/nestoralfaro/Desktop/pbi-scenario-two/py_env/lib/python3.9/site-packages/airflow/example_dags/example_subdag_operator.py took 0.100 seconds
[2024-05-02T00:22:35.458-0500] {processor.py:161} INFO - Started process (PID=36961) to work on /Users/nestoralfaro/Desktop/pbi-scenario-two/py_env/lib/python3.9/site-packages/airflow/example_dags/example_subdag_operator.py
[2024-05-02T00:22:35.460-0500] {processor.py:830} INFO - Processing file /Users/nestoralfaro/Desktop/pbi-scenario-two/py_env/lib/python3.9/site-packages/airflow/example_dags/example_subdag_operator.py for tasks to queue
[2024-05-02T00:22:35.460-0500] {logging_mixin.py:188} INFO - [2024-05-02T00:22:35.460-0500] {dagbag.py:540} INFO - Filling up the DagBag from /Users/nestoralfaro/Desktop/pbi-scenario-two/py_env/lib/python3.9/site-packages/airflow/example_dags/example_subdag_operator.py
[2024-05-02T00:22:35.501-0500] {processor.py:840} INFO - DAG(s) 'example_subdag_operator.section-1', 'example_subdag_operator.section-2', 'example_subdag_operator' retrieved from /Users/nestoralfaro/Desktop/pbi-scenario-two/py_env/lib/python3.9/site-packages/airflow/example_dags/example_subdag_operator.py
[2024-05-02T00:22:35.514-0500] {logging_mixin.py:188} INFO - [2024-05-02T00:22:35.514-0500] {dag.py:3096} INFO - Sync 3 DAGs
[2024-05-02T00:22:35.521-0500] {logging_mixin.py:188} INFO - [2024-05-02T00:22:35.521-0500] {dag.py:3954} INFO - Setting next_dagrun for example_subdag_operator to 2022-01-01 00:00:00+00:00, run_after=2022-01-01 00:00:00+00:00
[2024-05-02T00:22:35.522-0500] {logging_mixin.py:188} INFO - [2024-05-02T00:22:35.522-0500] {dag.py:3954} INFO - Setting next_dagrun for example_subdag_operator.section-1 to None, run_after=None
[2024-05-02T00:22:35.522-0500] {logging_mixin.py:188} INFO - [2024-05-02T00:22:35.522-0500] {dag.py:3954} INFO - Setting next_dagrun for example_subdag_operator.section-2 to None, run_after=None
[2024-05-02T00:22:35.524-0500] {logging_mixin.py:188} INFO - [2024-05-02T00:22:35.524-0500] {dag.py:3096} INFO - Sync 2 DAGs
[2024-05-02T00:22:35.526-0500] {logging_mixin.py:188} INFO - [2024-05-02T00:22:35.526-0500] {dag.py:3954} INFO - Setting next_dagrun for example_subdag_operator.section-1 to None, run_after=None
[2024-05-02T00:22:35.526-0500] {logging_mixin.py:188} INFO - [2024-05-02T00:22:35.526-0500] {dag.py:3954} INFO - Setting next_dagrun for example_subdag_operator.section-2 to None, run_after=None
[2024-05-02T00:22:35.554-0500] {processor.py:183} INFO - Processing /Users/nestoralfaro/Desktop/pbi-scenario-two/py_env/lib/python3.9/site-packages/airflow/example_dags/example_subdag_operator.py took 0.098 seconds
