[2024-05-01T23:30:27.356-0500] {processor.py:161} INFO - Started process (PID=34749) to work on /Users/nestoralfaro/Desktop/pbi-scenario-two/py_env/lib/python3.9/site-packages/airflow/example_dags/example_task_group_decorator.py
[2024-05-01T23:30:27.358-0500] {processor.py:830} INFO - Processing file /Users/nestoralfaro/Desktop/pbi-scenario-two/py_env/lib/python3.9/site-packages/airflow/example_dags/example_task_group_decorator.py for tasks to queue
[2024-05-01T23:30:27.358-0500] {logging_mixin.py:188} INFO - [2024-05-01T23:30:27.358-0500] {dagbag.py:540} INFO - Filling up the DagBag from /Users/nestoralfaro/Desktop/pbi-scenario-two/py_env/lib/python3.9/site-packages/airflow/example_dags/example_task_group_decorator.py
[2024-05-01T23:30:27.377-0500] {processor.py:840} INFO - DAG(s) 'example_task_group_decorator' retrieved from /Users/nestoralfaro/Desktop/pbi-scenario-two/py_env/lib/python3.9/site-packages/airflow/example_dags/example_task_group_decorator.py
[2024-05-01T23:30:27.474-0500] {logging_mixin.py:188} INFO - [2024-05-01T23:30:27.474-0500] {dag.py:3096} INFO - Sync 1 DAGs
[2024-05-01T23:30:27.483-0500] {logging_mixin.py:188} INFO - [2024-05-01T23:30:27.483-0500] {dag.py:3954} INFO - Setting next_dagrun for example_task_group_decorator to 2024-05-01 00:00:00+00:00, run_after=2024-05-02 00:00:00+00:00
[2024-05-01T23:30:27.490-0500] {processor.py:183} INFO - Processing /Users/nestoralfaro/Desktop/pbi-scenario-two/py_env/lib/python3.9/site-packages/airflow/example_dags/example_task_group_decorator.py took 0.135 seconds
[2024-05-01T23:31:55.158-0500] {processor.py:161} INFO - Started process (PID=34804) to work on /Users/nestoralfaro/Desktop/pbi-scenario-two/py_env/lib/python3.9/site-packages/airflow/example_dags/example_task_group_decorator.py
[2024-05-01T23:31:55.160-0500] {processor.py:830} INFO - Processing file /Users/nestoralfaro/Desktop/pbi-scenario-two/py_env/lib/python3.9/site-packages/airflow/example_dags/example_task_group_decorator.py for tasks to queue
[2024-05-01T23:31:55.161-0500] {logging_mixin.py:188} INFO - [2024-05-01T23:31:55.161-0500] {dagbag.py:540} INFO - Filling up the DagBag from /Users/nestoralfaro/Desktop/pbi-scenario-two/py_env/lib/python3.9/site-packages/airflow/example_dags/example_task_group_decorator.py
[2024-05-01T23:31:55.179-0500] {processor.py:840} INFO - DAG(s) 'example_task_group_decorator' retrieved from /Users/nestoralfaro/Desktop/pbi-scenario-two/py_env/lib/python3.9/site-packages/airflow/example_dags/example_task_group_decorator.py
[2024-05-01T23:31:55.223-0500] {logging_mixin.py:188} INFO - [2024-05-01T23:31:55.222-0500] {dag.py:3096} INFO - Sync 1 DAGs
[2024-05-01T23:31:55.254-0500] {logging_mixin.py:188} INFO - [2024-05-01T23:31:55.254-0500] {dag.py:3954} INFO - Setting next_dagrun for example_task_group_decorator to 2024-05-01 00:00:00+00:00, run_after=2024-05-02 00:00:00+00:00
[2024-05-01T23:31:55.261-0500] {processor.py:183} INFO - Processing /Users/nestoralfaro/Desktop/pbi-scenario-two/py_env/lib/python3.9/site-packages/airflow/example_dags/example_task_group_decorator.py took 0.104 seconds
[2024-05-01T23:33:00.282-0500] {processor.py:161} INFO - Started process (PID=34863) to work on /Users/nestoralfaro/Desktop/pbi-scenario-two/py_env/lib/python3.9/site-packages/airflow/example_dags/example_task_group_decorator.py
[2024-05-01T23:33:00.284-0500] {processor.py:830} INFO - Processing file /Users/nestoralfaro/Desktop/pbi-scenario-two/py_env/lib/python3.9/site-packages/airflow/example_dags/example_task_group_decorator.py for tasks to queue
[2024-05-01T23:33:00.284-0500] {logging_mixin.py:188} INFO - [2024-05-01T23:33:00.284-0500] {dagbag.py:540} INFO - Filling up the DagBag from /Users/nestoralfaro/Desktop/pbi-scenario-two/py_env/lib/python3.9/site-packages/airflow/example_dags/example_task_group_decorator.py
[2024-05-01T23:33:00.304-0500] {processor.py:840} INFO - DAG(s) 'example_task_group_decorator' retrieved from /Users/nestoralfaro/Desktop/pbi-scenario-two/py_env/lib/python3.9/site-packages/airflow/example_dags/example_task_group_decorator.py
[2024-05-01T23:33:00.348-0500] {logging_mixin.py:188} INFO - [2024-05-01T23:33:00.348-0500] {dag.py:3096} INFO - Sync 1 DAGs
[2024-05-01T23:33:00.385-0500] {logging_mixin.py:188} INFO - [2024-05-01T23:33:00.385-0500] {dag.py:3954} INFO - Setting next_dagrun for example_task_group_decorator to 2024-05-01 00:00:00+00:00, run_after=2024-05-02 00:00:00+00:00
[2024-05-01T23:33:00.392-0500] {processor.py:183} INFO - Processing /Users/nestoralfaro/Desktop/pbi-scenario-two/py_env/lib/python3.9/site-packages/airflow/example_dags/example_task_group_decorator.py took 0.111 seconds
[2024-05-01T23:34:03.604-0500] {processor.py:161} INFO - Started process (PID=34910) to work on /Users/nestoralfaro/Desktop/pbi-scenario-two/py_env/lib/python3.9/site-packages/airflow/example_dags/example_task_group_decorator.py
[2024-05-01T23:34:03.606-0500] {processor.py:830} INFO - Processing file /Users/nestoralfaro/Desktop/pbi-scenario-two/py_env/lib/python3.9/site-packages/airflow/example_dags/example_task_group_decorator.py for tasks to queue
[2024-05-01T23:34:03.606-0500] {logging_mixin.py:188} INFO - [2024-05-01T23:34:03.606-0500] {dagbag.py:540} INFO - Filling up the DagBag from /Users/nestoralfaro/Desktop/pbi-scenario-two/py_env/lib/python3.9/site-packages/airflow/example_dags/example_task_group_decorator.py
[2024-05-01T23:34:03.626-0500] {processor.py:840} INFO - DAG(s) 'example_task_group_decorator' retrieved from /Users/nestoralfaro/Desktop/pbi-scenario-two/py_env/lib/python3.9/site-packages/airflow/example_dags/example_task_group_decorator.py
[2024-05-01T23:34:03.672-0500] {logging_mixin.py:188} INFO - [2024-05-01T23:34:03.672-0500] {dag.py:3096} INFO - Sync 1 DAGs
[2024-05-01T23:34:03.706-0500] {logging_mixin.py:188} INFO - [2024-05-01T23:34:03.706-0500] {dag.py:3954} INFO - Setting next_dagrun for example_task_group_decorator to 2024-05-01 00:00:00+00:00, run_after=2024-05-02 00:00:00+00:00
[2024-05-01T23:34:03.714-0500] {processor.py:183} INFO - Processing /Users/nestoralfaro/Desktop/pbi-scenario-two/py_env/lib/python3.9/site-packages/airflow/example_dags/example_task_group_decorator.py took 0.111 seconds
[2024-05-01T23:35:02.655-0500] {processor.py:161} INFO - Started process (PID=34946) to work on /Users/nestoralfaro/Desktop/pbi-scenario-two/py_env/lib/python3.9/site-packages/airflow/example_dags/example_task_group_decorator.py
[2024-05-01T23:35:02.656-0500] {processor.py:830} INFO - Processing file /Users/nestoralfaro/Desktop/pbi-scenario-two/py_env/lib/python3.9/site-packages/airflow/example_dags/example_task_group_decorator.py for tasks to queue
[2024-05-01T23:35:02.656-0500] {logging_mixin.py:188} INFO - [2024-05-01T23:35:02.656-0500] {dagbag.py:540} INFO - Filling up the DagBag from /Users/nestoralfaro/Desktop/pbi-scenario-two/py_env/lib/python3.9/site-packages/airflow/example_dags/example_task_group_decorator.py
[2024-05-01T23:35:02.675-0500] {processor.py:840} INFO - DAG(s) 'example_task_group_decorator' retrieved from /Users/nestoralfaro/Desktop/pbi-scenario-two/py_env/lib/python3.9/site-packages/airflow/example_dags/example_task_group_decorator.py
[2024-05-01T23:35:02.722-0500] {logging_mixin.py:188} INFO - [2024-05-01T23:35:02.722-0500] {dag.py:3096} INFO - Sync 1 DAGs
[2024-05-01T23:35:02.760-0500] {logging_mixin.py:188} INFO - [2024-05-01T23:35:02.760-0500] {dag.py:3954} INFO - Setting next_dagrun for example_task_group_decorator to 2024-05-01 00:00:00+00:00, run_after=2024-05-02 00:00:00+00:00
[2024-05-01T23:35:02.769-0500] {processor.py:183} INFO - Processing /Users/nestoralfaro/Desktop/pbi-scenario-two/py_env/lib/python3.9/site-packages/airflow/example_dags/example_task_group_decorator.py took 0.116 seconds
[2024-05-01T23:36:54.180-0500] {processor.py:161} INFO - Started process (PID=35014) to work on /Users/nestoralfaro/Desktop/pbi-scenario-two/py_env/lib/python3.9/site-packages/airflow/example_dags/example_task_group_decorator.py
[2024-05-01T23:36:54.182-0500] {processor.py:830} INFO - Processing file /Users/nestoralfaro/Desktop/pbi-scenario-two/py_env/lib/python3.9/site-packages/airflow/example_dags/example_task_group_decorator.py for tasks to queue
[2024-05-01T23:36:54.182-0500] {logging_mixin.py:188} INFO - [2024-05-01T23:36:54.182-0500] {dagbag.py:540} INFO - Filling up the DagBag from /Users/nestoralfaro/Desktop/pbi-scenario-two/py_env/lib/python3.9/site-packages/airflow/example_dags/example_task_group_decorator.py
[2024-05-01T23:36:54.202-0500] {processor.py:840} INFO - DAG(s) 'example_task_group_decorator' retrieved from /Users/nestoralfaro/Desktop/pbi-scenario-two/py_env/lib/python3.9/site-packages/airflow/example_dags/example_task_group_decorator.py
[2024-05-01T23:36:54.248-0500] {logging_mixin.py:188} INFO - [2024-05-01T23:36:54.248-0500] {dag.py:3096} INFO - Sync 1 DAGs
[2024-05-01T23:36:54.282-0500] {logging_mixin.py:188} INFO - [2024-05-01T23:36:54.282-0500] {dag.py:3954} INFO - Setting next_dagrun for example_task_group_decorator to 2024-05-01 00:00:00+00:00, run_after=2024-05-02 00:00:00+00:00
[2024-05-01T23:36:54.290-0500] {processor.py:183} INFO - Processing /Users/nestoralfaro/Desktop/pbi-scenario-two/py_env/lib/python3.9/site-packages/airflow/example_dags/example_task_group_decorator.py took 0.113 seconds
[2024-05-01T23:37:52.314-0500] {processor.py:161} INFO - Started process (PID=35050) to work on /Users/nestoralfaro/Desktop/pbi-scenario-two/py_env/lib/python3.9/site-packages/airflow/example_dags/example_task_group_decorator.py
[2024-05-01T23:37:52.316-0500] {processor.py:830} INFO - Processing file /Users/nestoralfaro/Desktop/pbi-scenario-two/py_env/lib/python3.9/site-packages/airflow/example_dags/example_task_group_decorator.py for tasks to queue
[2024-05-01T23:37:52.316-0500] {logging_mixin.py:188} INFO - [2024-05-01T23:37:52.316-0500] {dagbag.py:540} INFO - Filling up the DagBag from /Users/nestoralfaro/Desktop/pbi-scenario-two/py_env/lib/python3.9/site-packages/airflow/example_dags/example_task_group_decorator.py
[2024-05-01T23:37:52.336-0500] {processor.py:840} INFO - DAG(s) 'example_task_group_decorator' retrieved from /Users/nestoralfaro/Desktop/pbi-scenario-two/py_env/lib/python3.9/site-packages/airflow/example_dags/example_task_group_decorator.py
[2024-05-01T23:37:52.386-0500] {logging_mixin.py:188} INFO - [2024-05-01T23:37:52.386-0500] {dag.py:3096} INFO - Sync 1 DAGs
[2024-05-01T23:37:52.422-0500] {logging_mixin.py:188} INFO - [2024-05-01T23:37:52.422-0500] {dag.py:3954} INFO - Setting next_dagrun for example_task_group_decorator to 2024-05-01 00:00:00+00:00, run_after=2024-05-02 00:00:00+00:00
[2024-05-01T23:37:52.431-0500] {processor.py:183} INFO - Processing /Users/nestoralfaro/Desktop/pbi-scenario-two/py_env/lib/python3.9/site-packages/airflow/example_dags/example_task_group_decorator.py took 0.118 seconds
[2024-05-01T23:38:51.087-0500] {processor.py:161} INFO - Started process (PID=35084) to work on /Users/nestoralfaro/Desktop/pbi-scenario-two/py_env/lib/python3.9/site-packages/airflow/example_dags/example_task_group_decorator.py
[2024-05-01T23:38:51.089-0500] {processor.py:830} INFO - Processing file /Users/nestoralfaro/Desktop/pbi-scenario-two/py_env/lib/python3.9/site-packages/airflow/example_dags/example_task_group_decorator.py for tasks to queue
[2024-05-01T23:38:51.089-0500] {logging_mixin.py:188} INFO - [2024-05-01T23:38:51.089-0500] {dagbag.py:540} INFO - Filling up the DagBag from /Users/nestoralfaro/Desktop/pbi-scenario-two/py_env/lib/python3.9/site-packages/airflow/example_dags/example_task_group_decorator.py
[2024-05-01T23:38:51.109-0500] {processor.py:840} INFO - DAG(s) 'example_task_group_decorator' retrieved from /Users/nestoralfaro/Desktop/pbi-scenario-two/py_env/lib/python3.9/site-packages/airflow/example_dags/example_task_group_decorator.py
[2024-05-01T23:38:51.154-0500] {logging_mixin.py:188} INFO - [2024-05-01T23:38:51.154-0500] {dag.py:3096} INFO - Sync 1 DAGs
[2024-05-01T23:38:51.189-0500] {logging_mixin.py:188} INFO - [2024-05-01T23:38:51.189-0500] {dag.py:3954} INFO - Setting next_dagrun for example_task_group_decorator to 2024-05-01 00:00:00+00:00, run_after=2024-05-02 00:00:00+00:00
[2024-05-01T23:38:51.198-0500] {processor.py:183} INFO - Processing /Users/nestoralfaro/Desktop/pbi-scenario-two/py_env/lib/python3.9/site-packages/airflow/example_dags/example_task_group_decorator.py took 0.112 seconds
[2024-05-01T23:40:43.621-0500] {processor.py:161} INFO - Started process (PID=35174) to work on /Users/nestoralfaro/Desktop/pbi-scenario-two/py_env/lib/python3.9/site-packages/airflow/example_dags/example_task_group_decorator.py
[2024-05-01T23:40:43.622-0500] {processor.py:830} INFO - Processing file /Users/nestoralfaro/Desktop/pbi-scenario-two/py_env/lib/python3.9/site-packages/airflow/example_dags/example_task_group_decorator.py for tasks to queue
[2024-05-01T23:40:43.623-0500] {logging_mixin.py:188} INFO - [2024-05-01T23:40:43.623-0500] {dagbag.py:540} INFO - Filling up the DagBag from /Users/nestoralfaro/Desktop/pbi-scenario-two/py_env/lib/python3.9/site-packages/airflow/example_dags/example_task_group_decorator.py
[2024-05-01T23:40:43.642-0500] {processor.py:840} INFO - DAG(s) 'example_task_group_decorator' retrieved from /Users/nestoralfaro/Desktop/pbi-scenario-two/py_env/lib/python3.9/site-packages/airflow/example_dags/example_task_group_decorator.py
[2024-05-01T23:40:43.689-0500] {logging_mixin.py:188} INFO - [2024-05-01T23:40:43.689-0500] {dag.py:3096} INFO - Sync 1 DAGs
[2024-05-01T23:40:43.727-0500] {logging_mixin.py:188} INFO - [2024-05-01T23:40:43.726-0500] {dag.py:3954} INFO - Setting next_dagrun for example_task_group_decorator to 2024-05-01 00:00:00+00:00, run_after=2024-05-02 00:00:00+00:00
[2024-05-01T23:40:43.735-0500] {processor.py:183} INFO - Processing /Users/nestoralfaro/Desktop/pbi-scenario-two/py_env/lib/python3.9/site-packages/airflow/example_dags/example_task_group_decorator.py took 0.115 seconds
[2024-05-01T23:42:13.162-0500] {processor.py:161} INFO - Started process (PID=35260) to work on /Users/nestoralfaro/Desktop/pbi-scenario-two/py_env/lib/python3.9/site-packages/airflow/example_dags/example_task_group_decorator.py
[2024-05-01T23:42:13.164-0500] {processor.py:830} INFO - Processing file /Users/nestoralfaro/Desktop/pbi-scenario-two/py_env/lib/python3.9/site-packages/airflow/example_dags/example_task_group_decorator.py for tasks to queue
[2024-05-01T23:42:13.164-0500] {logging_mixin.py:188} INFO - [2024-05-01T23:42:13.164-0500] {dagbag.py:540} INFO - Filling up the DagBag from /Users/nestoralfaro/Desktop/pbi-scenario-two/py_env/lib/python3.9/site-packages/airflow/example_dags/example_task_group_decorator.py
[2024-05-01T23:42:13.184-0500] {processor.py:840} INFO - DAG(s) 'example_task_group_decorator' retrieved from /Users/nestoralfaro/Desktop/pbi-scenario-two/py_env/lib/python3.9/site-packages/airflow/example_dags/example_task_group_decorator.py
[2024-05-01T23:42:13.230-0500] {logging_mixin.py:188} INFO - [2024-05-01T23:42:13.230-0500] {dag.py:3096} INFO - Sync 1 DAGs
[2024-05-01T23:42:13.265-0500] {logging_mixin.py:188} INFO - [2024-05-01T23:42:13.265-0500] {dag.py:3954} INFO - Setting next_dagrun for example_task_group_decorator to 2024-05-01 00:00:00+00:00, run_after=2024-05-02 00:00:00+00:00
[2024-05-01T23:42:13.274-0500] {processor.py:183} INFO - Processing /Users/nestoralfaro/Desktop/pbi-scenario-two/py_env/lib/python3.9/site-packages/airflow/example_dags/example_task_group_decorator.py took 0.113 seconds
[2024-05-01T23:43:43.398-0500] {processor.py:161} INFO - Started process (PID=35313) to work on /Users/nestoralfaro/Desktop/pbi-scenario-two/py_env/lib/python3.9/site-packages/airflow/example_dags/example_task_group_decorator.py
[2024-05-01T23:43:43.400-0500] {processor.py:830} INFO - Processing file /Users/nestoralfaro/Desktop/pbi-scenario-two/py_env/lib/python3.9/site-packages/airflow/example_dags/example_task_group_decorator.py for tasks to queue
[2024-05-01T23:43:43.400-0500] {logging_mixin.py:188} INFO - [2024-05-01T23:43:43.400-0500] {dagbag.py:540} INFO - Filling up the DagBag from /Users/nestoralfaro/Desktop/pbi-scenario-two/py_env/lib/python3.9/site-packages/airflow/example_dags/example_task_group_decorator.py
[2024-05-01T23:43:43.418-0500] {processor.py:840} INFO - DAG(s) 'example_task_group_decorator' retrieved from /Users/nestoralfaro/Desktop/pbi-scenario-two/py_env/lib/python3.9/site-packages/airflow/example_dags/example_task_group_decorator.py
[2024-05-01T23:43:43.458-0500] {logging_mixin.py:188} INFO - [2024-05-01T23:43:43.458-0500] {dag.py:3096} INFO - Sync 1 DAGs
[2024-05-01T23:43:43.489-0500] {logging_mixin.py:188} INFO - [2024-05-01T23:43:43.488-0500] {dag.py:3954} INFO - Setting next_dagrun for example_task_group_decorator to 2024-05-01 00:00:00+00:00, run_after=2024-05-02 00:00:00+00:00
[2024-05-01T23:43:43.495-0500] {processor.py:183} INFO - Processing /Users/nestoralfaro/Desktop/pbi-scenario-two/py_env/lib/python3.9/site-packages/airflow/example_dags/example_task_group_decorator.py took 0.099 seconds
[2024-05-01T23:44:41.401-0500] {processor.py:161} INFO - Started process (PID=35360) to work on /Users/nestoralfaro/Desktop/pbi-scenario-two/py_env/lib/python3.9/site-packages/airflow/example_dags/example_task_group_decorator.py
[2024-05-01T23:44:41.403-0500] {processor.py:830} INFO - Processing file /Users/nestoralfaro/Desktop/pbi-scenario-two/py_env/lib/python3.9/site-packages/airflow/example_dags/example_task_group_decorator.py for tasks to queue
[2024-05-01T23:44:41.403-0500] {logging_mixin.py:188} INFO - [2024-05-01T23:44:41.403-0500] {dagbag.py:540} INFO - Filling up the DagBag from /Users/nestoralfaro/Desktop/pbi-scenario-two/py_env/lib/python3.9/site-packages/airflow/example_dags/example_task_group_decorator.py
[2024-05-01T23:44:41.423-0500] {processor.py:840} INFO - DAG(s) 'example_task_group_decorator' retrieved from /Users/nestoralfaro/Desktop/pbi-scenario-two/py_env/lib/python3.9/site-packages/airflow/example_dags/example_task_group_decorator.py
[2024-05-01T23:44:41.466-0500] {logging_mixin.py:188} INFO - [2024-05-01T23:44:41.466-0500] {dag.py:3096} INFO - Sync 1 DAGs
[2024-05-01T23:44:41.500-0500] {logging_mixin.py:188} INFO - [2024-05-01T23:44:41.499-0500] {dag.py:3954} INFO - Setting next_dagrun for example_task_group_decorator to 2024-05-01 00:00:00+00:00, run_after=2024-05-02 00:00:00+00:00
[2024-05-01T23:44:41.507-0500] {processor.py:183} INFO - Processing /Users/nestoralfaro/Desktop/pbi-scenario-two/py_env/lib/python3.9/site-packages/airflow/example_dags/example_task_group_decorator.py took 0.107 seconds
[2024-05-01T23:45:40.230-0500] {processor.py:161} INFO - Started process (PID=35397) to work on /Users/nestoralfaro/Desktop/pbi-scenario-two/py_env/lib/python3.9/site-packages/airflow/example_dags/example_task_group_decorator.py
[2024-05-01T23:45:40.232-0500] {processor.py:830} INFO - Processing file /Users/nestoralfaro/Desktop/pbi-scenario-two/py_env/lib/python3.9/site-packages/airflow/example_dags/example_task_group_decorator.py for tasks to queue
[2024-05-01T23:45:40.232-0500] {logging_mixin.py:188} INFO - [2024-05-01T23:45:40.232-0500] {dagbag.py:540} INFO - Filling up the DagBag from /Users/nestoralfaro/Desktop/pbi-scenario-two/py_env/lib/python3.9/site-packages/airflow/example_dags/example_task_group_decorator.py
[2024-05-01T23:45:40.251-0500] {processor.py:840} INFO - DAG(s) 'example_task_group_decorator' retrieved from /Users/nestoralfaro/Desktop/pbi-scenario-two/py_env/lib/python3.9/site-packages/airflow/example_dags/example_task_group_decorator.py
[2024-05-01T23:45:40.297-0500] {logging_mixin.py:188} INFO - [2024-05-01T23:45:40.297-0500] {dag.py:3096} INFO - Sync 1 DAGs
[2024-05-01T23:45:40.333-0500] {logging_mixin.py:188} INFO - [2024-05-01T23:45:40.333-0500] {dag.py:3954} INFO - Setting next_dagrun for example_task_group_decorator to 2024-05-01 00:00:00+00:00, run_after=2024-05-02 00:00:00+00:00
[2024-05-01T23:45:40.342-0500] {processor.py:183} INFO - Processing /Users/nestoralfaro/Desktop/pbi-scenario-two/py_env/lib/python3.9/site-packages/airflow/example_dags/example_task_group_decorator.py took 0.112 seconds
[2024-05-01T23:46:37.566-0500] {processor.py:161} INFO - Started process (PID=35432) to work on /Users/nestoralfaro/Desktop/pbi-scenario-two/py_env/lib/python3.9/site-packages/airflow/example_dags/example_task_group_decorator.py
[2024-05-01T23:46:37.567-0500] {processor.py:830} INFO - Processing file /Users/nestoralfaro/Desktop/pbi-scenario-two/py_env/lib/python3.9/site-packages/airflow/example_dags/example_task_group_decorator.py for tasks to queue
[2024-05-01T23:46:37.567-0500] {logging_mixin.py:188} INFO - [2024-05-01T23:46:37.567-0500] {dagbag.py:540} INFO - Filling up the DagBag from /Users/nestoralfaro/Desktop/pbi-scenario-two/py_env/lib/python3.9/site-packages/airflow/example_dags/example_task_group_decorator.py
[2024-05-01T23:46:37.586-0500] {processor.py:840} INFO - DAG(s) 'example_task_group_decorator' retrieved from /Users/nestoralfaro/Desktop/pbi-scenario-two/py_env/lib/python3.9/site-packages/airflow/example_dags/example_task_group_decorator.py
[2024-05-01T23:46:37.627-0500] {logging_mixin.py:188} INFO - [2024-05-01T23:46:37.627-0500] {dag.py:3096} INFO - Sync 1 DAGs
[2024-05-01T23:46:37.657-0500] {logging_mixin.py:188} INFO - [2024-05-01T23:46:37.657-0500] {dag.py:3954} INFO - Setting next_dagrun for example_task_group_decorator to 2024-05-01 00:00:00+00:00, run_after=2024-05-02 00:00:00+00:00
[2024-05-01T23:46:37.665-0500] {processor.py:183} INFO - Processing /Users/nestoralfaro/Desktop/pbi-scenario-two/py_env/lib/python3.9/site-packages/airflow/example_dags/example_task_group_decorator.py took 0.100 seconds
[2024-05-01T23:48:28.093-0500] {processor.py:161} INFO - Started process (PID=35510) to work on /Users/nestoralfaro/Desktop/pbi-scenario-two/py_env/lib/python3.9/site-packages/airflow/example_dags/example_task_group_decorator.py
[2024-05-01T23:48:28.095-0500] {processor.py:830} INFO - Processing file /Users/nestoralfaro/Desktop/pbi-scenario-two/py_env/lib/python3.9/site-packages/airflow/example_dags/example_task_group_decorator.py for tasks to queue
[2024-05-01T23:48:28.095-0500] {logging_mixin.py:188} INFO - [2024-05-01T23:48:28.095-0500] {dagbag.py:540} INFO - Filling up the DagBag from /Users/nestoralfaro/Desktop/pbi-scenario-two/py_env/lib/python3.9/site-packages/airflow/example_dags/example_task_group_decorator.py
[2024-05-01T23:48:28.113-0500] {processor.py:840} INFO - DAG(s) 'example_task_group_decorator' retrieved from /Users/nestoralfaro/Desktop/pbi-scenario-two/py_env/lib/python3.9/site-packages/airflow/example_dags/example_task_group_decorator.py
[2024-05-01T23:48:28.155-0500] {logging_mixin.py:188} INFO - [2024-05-01T23:48:28.155-0500] {dag.py:3096} INFO - Sync 1 DAGs
[2024-05-01T23:48:28.186-0500] {logging_mixin.py:188} INFO - [2024-05-01T23:48:28.186-0500] {dag.py:3954} INFO - Setting next_dagrun for example_task_group_decorator to 2024-05-01 00:00:00+00:00, run_after=2024-05-02 00:00:00+00:00
[2024-05-01T23:48:28.193-0500] {processor.py:183} INFO - Processing /Users/nestoralfaro/Desktop/pbi-scenario-two/py_env/lib/python3.9/site-packages/airflow/example_dags/example_task_group_decorator.py took 0.101 seconds
[2024-05-01T23:49:24.371-0500] {processor.py:161} INFO - Started process (PID=35554) to work on /Users/nestoralfaro/Desktop/pbi-scenario-two/py_env/lib/python3.9/site-packages/airflow/example_dags/example_task_group_decorator.py
[2024-05-01T23:49:24.373-0500] {processor.py:830} INFO - Processing file /Users/nestoralfaro/Desktop/pbi-scenario-two/py_env/lib/python3.9/site-packages/airflow/example_dags/example_task_group_decorator.py for tasks to queue
[2024-05-01T23:49:24.373-0500] {logging_mixin.py:188} INFO - [2024-05-01T23:49:24.373-0500] {dagbag.py:540} INFO - Filling up the DagBag from /Users/nestoralfaro/Desktop/pbi-scenario-two/py_env/lib/python3.9/site-packages/airflow/example_dags/example_task_group_decorator.py
[2024-05-01T23:49:24.393-0500] {processor.py:840} INFO - DAG(s) 'example_task_group_decorator' retrieved from /Users/nestoralfaro/Desktop/pbi-scenario-two/py_env/lib/python3.9/site-packages/airflow/example_dags/example_task_group_decorator.py
[2024-05-01T23:49:24.439-0500] {logging_mixin.py:188} INFO - [2024-05-01T23:49:24.439-0500] {dag.py:3096} INFO - Sync 1 DAGs
[2024-05-01T23:49:24.473-0500] {logging_mixin.py:188} INFO - [2024-05-01T23:49:24.473-0500] {dag.py:3954} INFO - Setting next_dagrun for example_task_group_decorator to 2024-05-01 00:00:00+00:00, run_after=2024-05-02 00:00:00+00:00
[2024-05-01T23:49:24.482-0500] {processor.py:183} INFO - Processing /Users/nestoralfaro/Desktop/pbi-scenario-two/py_env/lib/python3.9/site-packages/airflow/example_dags/example_task_group_decorator.py took 0.112 seconds
[2024-05-01T23:50:23.417-0500] {processor.py:161} INFO - Started process (PID=35589) to work on /Users/nestoralfaro/Desktop/pbi-scenario-two/py_env/lib/python3.9/site-packages/airflow/example_dags/example_task_group_decorator.py
[2024-05-01T23:50:23.418-0500] {processor.py:830} INFO - Processing file /Users/nestoralfaro/Desktop/pbi-scenario-two/py_env/lib/python3.9/site-packages/airflow/example_dags/example_task_group_decorator.py for tasks to queue
[2024-05-01T23:50:23.418-0500] {logging_mixin.py:188} INFO - [2024-05-01T23:50:23.418-0500] {dagbag.py:540} INFO - Filling up the DagBag from /Users/nestoralfaro/Desktop/pbi-scenario-two/py_env/lib/python3.9/site-packages/airflow/example_dags/example_task_group_decorator.py
[2024-05-01T23:50:23.437-0500] {processor.py:840} INFO - DAG(s) 'example_task_group_decorator' retrieved from /Users/nestoralfaro/Desktop/pbi-scenario-two/py_env/lib/python3.9/site-packages/airflow/example_dags/example_task_group_decorator.py
[2024-05-01T23:50:23.482-0500] {logging_mixin.py:188} INFO - [2024-05-01T23:50:23.482-0500] {dag.py:3096} INFO - Sync 1 DAGs
[2024-05-01T23:50:23.514-0500] {logging_mixin.py:188} INFO - [2024-05-01T23:50:23.514-0500] {dag.py:3954} INFO - Setting next_dagrun for example_task_group_decorator to 2024-05-01 00:00:00+00:00, run_after=2024-05-02 00:00:00+00:00
[2024-05-01T23:50:23.521-0500] {processor.py:183} INFO - Processing /Users/nestoralfaro/Desktop/pbi-scenario-two/py_env/lib/python3.9/site-packages/airflow/example_dags/example_task_group_decorator.py took 0.106 seconds
[2024-05-01T23:51:19.421-0500] {processor.py:161} INFO - Started process (PID=35624) to work on /Users/nestoralfaro/Desktop/pbi-scenario-two/py_env/lib/python3.9/site-packages/airflow/example_dags/example_task_group_decorator.py
[2024-05-01T23:51:19.422-0500] {processor.py:830} INFO - Processing file /Users/nestoralfaro/Desktop/pbi-scenario-two/py_env/lib/python3.9/site-packages/airflow/example_dags/example_task_group_decorator.py for tasks to queue
[2024-05-01T23:51:19.422-0500] {logging_mixin.py:188} INFO - [2024-05-01T23:51:19.422-0500] {dagbag.py:540} INFO - Filling up the DagBag from /Users/nestoralfaro/Desktop/pbi-scenario-two/py_env/lib/python3.9/site-packages/airflow/example_dags/example_task_group_decorator.py
[2024-05-01T23:51:19.442-0500] {processor.py:840} INFO - DAG(s) 'example_task_group_decorator' retrieved from /Users/nestoralfaro/Desktop/pbi-scenario-two/py_env/lib/python3.9/site-packages/airflow/example_dags/example_task_group_decorator.py
[2024-05-01T23:51:19.488-0500] {logging_mixin.py:188} INFO - [2024-05-01T23:51:19.488-0500] {dag.py:3096} INFO - Sync 1 DAGs
[2024-05-01T23:51:19.522-0500] {logging_mixin.py:188} INFO - [2024-05-01T23:51:19.522-0500] {dag.py:3954} INFO - Setting next_dagrun for example_task_group_decorator to 2024-05-01 00:00:00+00:00, run_after=2024-05-02 00:00:00+00:00
[2024-05-01T23:51:19.530-0500] {processor.py:183} INFO - Processing /Users/nestoralfaro/Desktop/pbi-scenario-two/py_env/lib/python3.9/site-packages/airflow/example_dags/example_task_group_decorator.py took 0.111 seconds
[2024-05-01T23:52:16.227-0500] {processor.py:161} INFO - Started process (PID=35675) to work on /Users/nestoralfaro/Desktop/pbi-scenario-two/py_env/lib/python3.9/site-packages/airflow/example_dags/example_task_group_decorator.py
[2024-05-01T23:52:16.228-0500] {processor.py:830} INFO - Processing file /Users/nestoralfaro/Desktop/pbi-scenario-two/py_env/lib/python3.9/site-packages/airflow/example_dags/example_task_group_decorator.py for tasks to queue
[2024-05-01T23:52:16.229-0500] {logging_mixin.py:188} INFO - [2024-05-01T23:52:16.228-0500] {dagbag.py:540} INFO - Filling up the DagBag from /Users/nestoralfaro/Desktop/pbi-scenario-two/py_env/lib/python3.9/site-packages/airflow/example_dags/example_task_group_decorator.py
[2024-05-01T23:52:16.248-0500] {processor.py:840} INFO - DAG(s) 'example_task_group_decorator' retrieved from /Users/nestoralfaro/Desktop/pbi-scenario-two/py_env/lib/python3.9/site-packages/airflow/example_dags/example_task_group_decorator.py
[2024-05-01T23:52:16.291-0500] {logging_mixin.py:188} INFO - [2024-05-01T23:52:16.291-0500] {dag.py:3096} INFO - Sync 1 DAGs
[2024-05-01T23:52:16.324-0500] {logging_mixin.py:188} INFO - [2024-05-01T23:52:16.324-0500] {dag.py:3954} INFO - Setting next_dagrun for example_task_group_decorator to 2024-05-01 00:00:00+00:00, run_after=2024-05-02 00:00:00+00:00
[2024-05-01T23:52:16.332-0500] {processor.py:183} INFO - Processing /Users/nestoralfaro/Desktop/pbi-scenario-two/py_env/lib/python3.9/site-packages/airflow/example_dags/example_task_group_decorator.py took 0.106 seconds
[2024-05-01T23:53:16.027-0500] {processor.py:161} INFO - Started process (PID=35709) to work on /Users/nestoralfaro/Desktop/pbi-scenario-two/py_env/lib/python3.9/site-packages/airflow/example_dags/example_task_group_decorator.py
[2024-05-01T23:53:16.028-0500] {processor.py:830} INFO - Processing file /Users/nestoralfaro/Desktop/pbi-scenario-two/py_env/lib/python3.9/site-packages/airflow/example_dags/example_task_group_decorator.py for tasks to queue
[2024-05-01T23:53:16.028-0500] {logging_mixin.py:188} INFO - [2024-05-01T23:53:16.028-0500] {dagbag.py:540} INFO - Filling up the DagBag from /Users/nestoralfaro/Desktop/pbi-scenario-two/py_env/lib/python3.9/site-packages/airflow/example_dags/example_task_group_decorator.py
[2024-05-01T23:53:16.047-0500] {processor.py:840} INFO - DAG(s) 'example_task_group_decorator' retrieved from /Users/nestoralfaro/Desktop/pbi-scenario-two/py_env/lib/python3.9/site-packages/airflow/example_dags/example_task_group_decorator.py
[2024-05-01T23:53:16.092-0500] {logging_mixin.py:188} INFO - [2024-05-01T23:53:16.091-0500] {dag.py:3096} INFO - Sync 1 DAGs
[2024-05-01T23:53:16.123-0500] {logging_mixin.py:188} INFO - [2024-05-01T23:53:16.123-0500] {dag.py:3954} INFO - Setting next_dagrun for example_task_group_decorator to 2024-05-01 00:00:00+00:00, run_after=2024-05-02 00:00:00+00:00
[2024-05-01T23:53:16.130-0500] {processor.py:183} INFO - Processing /Users/nestoralfaro/Desktop/pbi-scenario-two/py_env/lib/python3.9/site-packages/airflow/example_dags/example_task_group_decorator.py took 0.105 seconds
[2024-05-01T23:54:14.217-0500] {processor.py:161} INFO - Started process (PID=35743) to work on /Users/nestoralfaro/Desktop/pbi-scenario-two/py_env/lib/python3.9/site-packages/airflow/example_dags/example_task_group_decorator.py
[2024-05-01T23:54:14.219-0500] {processor.py:830} INFO - Processing file /Users/nestoralfaro/Desktop/pbi-scenario-two/py_env/lib/python3.9/site-packages/airflow/example_dags/example_task_group_decorator.py for tasks to queue
[2024-05-01T23:54:14.219-0500] {logging_mixin.py:188} INFO - [2024-05-01T23:54:14.219-0500] {dagbag.py:540} INFO - Filling up the DagBag from /Users/nestoralfaro/Desktop/pbi-scenario-two/py_env/lib/python3.9/site-packages/airflow/example_dags/example_task_group_decorator.py
[2024-05-01T23:54:14.238-0500] {processor.py:840} INFO - DAG(s) 'example_task_group_decorator' retrieved from /Users/nestoralfaro/Desktop/pbi-scenario-two/py_env/lib/python3.9/site-packages/airflow/example_dags/example_task_group_decorator.py
[2024-05-01T23:54:14.285-0500] {logging_mixin.py:188} INFO - [2024-05-01T23:54:14.285-0500] {dag.py:3096} INFO - Sync 1 DAGs
[2024-05-01T23:54:14.320-0500] {logging_mixin.py:188} INFO - [2024-05-01T23:54:14.320-0500] {dag.py:3954} INFO - Setting next_dagrun for example_task_group_decorator to 2024-05-01 00:00:00+00:00, run_after=2024-05-02 00:00:00+00:00
[2024-05-01T23:54:14.329-0500] {processor.py:183} INFO - Processing /Users/nestoralfaro/Desktop/pbi-scenario-two/py_env/lib/python3.9/site-packages/airflow/example_dags/example_task_group_decorator.py took 0.113 seconds
[2024-05-01T23:55:11.100-0500] {processor.py:161} INFO - Started process (PID=35778) to work on /Users/nestoralfaro/Desktop/pbi-scenario-two/py_env/lib/python3.9/site-packages/airflow/example_dags/example_task_group_decorator.py
[2024-05-01T23:55:11.101-0500] {processor.py:830} INFO - Processing file /Users/nestoralfaro/Desktop/pbi-scenario-two/py_env/lib/python3.9/site-packages/airflow/example_dags/example_task_group_decorator.py for tasks to queue
[2024-05-01T23:55:11.101-0500] {logging_mixin.py:188} INFO - [2024-05-01T23:55:11.101-0500] {dagbag.py:540} INFO - Filling up the DagBag from /Users/nestoralfaro/Desktop/pbi-scenario-two/py_env/lib/python3.9/site-packages/airflow/example_dags/example_task_group_decorator.py
[2024-05-01T23:55:11.121-0500] {processor.py:840} INFO - DAG(s) 'example_task_group_decorator' retrieved from /Users/nestoralfaro/Desktop/pbi-scenario-two/py_env/lib/python3.9/site-packages/airflow/example_dags/example_task_group_decorator.py
[2024-05-01T23:55:11.163-0500] {logging_mixin.py:188} INFO - [2024-05-01T23:55:11.163-0500] {dag.py:3096} INFO - Sync 1 DAGs
[2024-05-01T23:55:11.195-0500] {logging_mixin.py:188} INFO - [2024-05-01T23:55:11.195-0500] {dag.py:3954} INFO - Setting next_dagrun for example_task_group_decorator to 2024-05-01 00:00:00+00:00, run_after=2024-05-02 00:00:00+00:00
[2024-05-01T23:55:11.202-0500] {processor.py:183} INFO - Processing /Users/nestoralfaro/Desktop/pbi-scenario-two/py_env/lib/python3.9/site-packages/airflow/example_dags/example_task_group_decorator.py took 0.104 seconds
[2024-05-01T23:56:09.620-0500] {processor.py:161} INFO - Started process (PID=35813) to work on /Users/nestoralfaro/Desktop/pbi-scenario-two/py_env/lib/python3.9/site-packages/airflow/example_dags/example_task_group_decorator.py
[2024-05-01T23:56:09.621-0500] {processor.py:830} INFO - Processing file /Users/nestoralfaro/Desktop/pbi-scenario-two/py_env/lib/python3.9/site-packages/airflow/example_dags/example_task_group_decorator.py for tasks to queue
[2024-05-01T23:56:09.621-0500] {logging_mixin.py:188} INFO - [2024-05-01T23:56:09.621-0500] {dagbag.py:540} INFO - Filling up the DagBag from /Users/nestoralfaro/Desktop/pbi-scenario-two/py_env/lib/python3.9/site-packages/airflow/example_dags/example_task_group_decorator.py
[2024-05-01T23:56:09.641-0500] {processor.py:840} INFO - DAG(s) 'example_task_group_decorator' retrieved from /Users/nestoralfaro/Desktop/pbi-scenario-two/py_env/lib/python3.9/site-packages/airflow/example_dags/example_task_group_decorator.py
[2024-05-01T23:56:09.682-0500] {logging_mixin.py:188} INFO - [2024-05-01T23:56:09.682-0500] {dag.py:3096} INFO - Sync 1 DAGs
[2024-05-01T23:56:09.714-0500] {logging_mixin.py:188} INFO - [2024-05-01T23:56:09.713-0500] {dag.py:3954} INFO - Setting next_dagrun for example_task_group_decorator to 2024-05-01 00:00:00+00:00, run_after=2024-05-02 00:00:00+00:00
[2024-05-01T23:56:09.721-0500] {processor.py:183} INFO - Processing /Users/nestoralfaro/Desktop/pbi-scenario-two/py_env/lib/python3.9/site-packages/airflow/example_dags/example_task_group_decorator.py took 0.102 seconds
[2024-05-01T23:57:58.395-0500] {processor.py:161} INFO - Started process (PID=35881) to work on /Users/nestoralfaro/Desktop/pbi-scenario-two/py_env/lib/python3.9/site-packages/airflow/example_dags/example_task_group_decorator.py
[2024-05-01T23:57:58.396-0500] {processor.py:830} INFO - Processing file /Users/nestoralfaro/Desktop/pbi-scenario-two/py_env/lib/python3.9/site-packages/airflow/example_dags/example_task_group_decorator.py for tasks to queue
[2024-05-01T23:57:58.396-0500] {logging_mixin.py:188} INFO - [2024-05-01T23:57:58.396-0500] {dagbag.py:540} INFO - Filling up the DagBag from /Users/nestoralfaro/Desktop/pbi-scenario-two/py_env/lib/python3.9/site-packages/airflow/example_dags/example_task_group_decorator.py
[2024-05-01T23:57:58.416-0500] {processor.py:840} INFO - DAG(s) 'example_task_group_decorator' retrieved from /Users/nestoralfaro/Desktop/pbi-scenario-two/py_env/lib/python3.9/site-packages/airflow/example_dags/example_task_group_decorator.py
[2024-05-01T23:57:58.457-0500] {logging_mixin.py:188} INFO - [2024-05-01T23:57:58.457-0500] {dag.py:3096} INFO - Sync 1 DAGs
[2024-05-01T23:57:58.488-0500] {logging_mixin.py:188} INFO - [2024-05-01T23:57:58.487-0500] {dag.py:3954} INFO - Setting next_dagrun for example_task_group_decorator to 2024-05-01 00:00:00+00:00, run_after=2024-05-02 00:00:00+00:00
[2024-05-01T23:57:58.495-0500] {processor.py:183} INFO - Processing /Users/nestoralfaro/Desktop/pbi-scenario-two/py_env/lib/python3.9/site-packages/airflow/example_dags/example_task_group_decorator.py took 0.101 seconds
[2024-05-01T23:58:56.006-0500] {processor.py:161} INFO - Started process (PID=35916) to work on /Users/nestoralfaro/Desktop/pbi-scenario-two/py_env/lib/python3.9/site-packages/airflow/example_dags/example_task_group_decorator.py
[2024-05-01T23:58:56.008-0500] {processor.py:830} INFO - Processing file /Users/nestoralfaro/Desktop/pbi-scenario-two/py_env/lib/python3.9/site-packages/airflow/example_dags/example_task_group_decorator.py for tasks to queue
[2024-05-01T23:58:56.008-0500] {logging_mixin.py:188} INFO - [2024-05-01T23:58:56.008-0500] {dagbag.py:540} INFO - Filling up the DagBag from /Users/nestoralfaro/Desktop/pbi-scenario-two/py_env/lib/python3.9/site-packages/airflow/example_dags/example_task_group_decorator.py
[2024-05-01T23:58:56.026-0500] {processor.py:840} INFO - DAG(s) 'example_task_group_decorator' retrieved from /Users/nestoralfaro/Desktop/pbi-scenario-two/py_env/lib/python3.9/site-packages/airflow/example_dags/example_task_group_decorator.py
[2024-05-01T23:58:56.067-0500] {logging_mixin.py:188} INFO - [2024-05-01T23:58:56.067-0500] {dag.py:3096} INFO - Sync 1 DAGs
[2024-05-01T23:58:56.097-0500] {logging_mixin.py:188} INFO - [2024-05-01T23:58:56.097-0500] {dag.py:3954} INFO - Setting next_dagrun for example_task_group_decorator to 2024-05-01 00:00:00+00:00, run_after=2024-05-02 00:00:00+00:00
[2024-05-01T23:58:56.104-0500] {processor.py:183} INFO - Processing /Users/nestoralfaro/Desktop/pbi-scenario-two/py_env/lib/python3.9/site-packages/airflow/example_dags/example_task_group_decorator.py took 0.099 seconds
[2024-05-02T00:00:44.733-0500] {processor.py:161} INFO - Started process (PID=36010) to work on /Users/nestoralfaro/Desktop/pbi-scenario-two/py_env/lib/python3.9/site-packages/airflow/example_dags/example_task_group_decorator.py
[2024-05-02T00:00:44.735-0500] {processor.py:830} INFO - Processing file /Users/nestoralfaro/Desktop/pbi-scenario-two/py_env/lib/python3.9/site-packages/airflow/example_dags/example_task_group_decorator.py for tasks to queue
[2024-05-02T00:00:44.736-0500] {logging_mixin.py:188} INFO - [2024-05-02T00:00:44.736-0500] {dagbag.py:540} INFO - Filling up the DagBag from /Users/nestoralfaro/Desktop/pbi-scenario-two/py_env/lib/python3.9/site-packages/airflow/example_dags/example_task_group_decorator.py
[2024-05-02T00:00:44.756-0500] {processor.py:840} INFO - DAG(s) 'example_task_group_decorator' retrieved from /Users/nestoralfaro/Desktop/pbi-scenario-two/py_env/lib/python3.9/site-packages/airflow/example_dags/example_task_group_decorator.py
[2024-05-02T00:00:44.801-0500] {logging_mixin.py:188} INFO - [2024-05-02T00:00:44.801-0500] {dag.py:3096} INFO - Sync 1 DAGs
[2024-05-02T00:00:44.837-0500] {logging_mixin.py:188} INFO - [2024-05-02T00:00:44.837-0500] {dag.py:3954} INFO - Setting next_dagrun for example_task_group_decorator to 2024-05-01 00:00:00+00:00, run_after=2024-05-02 00:00:00+00:00
[2024-05-02T00:00:44.846-0500] {processor.py:183} INFO - Processing /Users/nestoralfaro/Desktop/pbi-scenario-two/py_env/lib/python3.9/site-packages/airflow/example_dags/example_task_group_decorator.py took 0.114 seconds
[2024-05-02T00:01:42.485-0500] {processor.py:161} INFO - Started process (PID=36050) to work on /Users/nestoralfaro/Desktop/pbi-scenario-two/py_env/lib/python3.9/site-packages/airflow/example_dags/example_task_group_decorator.py
[2024-05-02T00:01:42.487-0500] {processor.py:830} INFO - Processing file /Users/nestoralfaro/Desktop/pbi-scenario-two/py_env/lib/python3.9/site-packages/airflow/example_dags/example_task_group_decorator.py for tasks to queue
[2024-05-02T00:01:42.487-0500] {logging_mixin.py:188} INFO - [2024-05-02T00:01:42.487-0500] {dagbag.py:540} INFO - Filling up the DagBag from /Users/nestoralfaro/Desktop/pbi-scenario-two/py_env/lib/python3.9/site-packages/airflow/example_dags/example_task_group_decorator.py
[2024-05-02T00:01:42.505-0500] {processor.py:840} INFO - DAG(s) 'example_task_group_decorator' retrieved from /Users/nestoralfaro/Desktop/pbi-scenario-two/py_env/lib/python3.9/site-packages/airflow/example_dags/example_task_group_decorator.py
[2024-05-02T00:01:42.547-0500] {logging_mixin.py:188} INFO - [2024-05-02T00:01:42.547-0500] {dag.py:3096} INFO - Sync 1 DAGs
[2024-05-02T00:01:42.576-0500] {logging_mixin.py:188} INFO - [2024-05-02T00:01:42.576-0500] {dag.py:3954} INFO - Setting next_dagrun for example_task_group_decorator to 2024-05-01 00:00:00+00:00, run_after=2024-05-02 00:00:00+00:00
[2024-05-02T00:01:42.584-0500] {processor.py:183} INFO - Processing /Users/nestoralfaro/Desktop/pbi-scenario-two/py_env/lib/python3.9/site-packages/airflow/example_dags/example_task_group_decorator.py took 0.100 seconds
[2024-05-02T00:02:42.177-0500] {processor.py:161} INFO - Started process (PID=36092) to work on /Users/nestoralfaro/Desktop/pbi-scenario-two/py_env/lib/python3.9/site-packages/airflow/example_dags/example_task_group_decorator.py
[2024-05-02T00:02:42.179-0500] {processor.py:830} INFO - Processing file /Users/nestoralfaro/Desktop/pbi-scenario-two/py_env/lib/python3.9/site-packages/airflow/example_dags/example_task_group_decorator.py for tasks to queue
[2024-05-02T00:02:42.179-0500] {logging_mixin.py:188} INFO - [2024-05-02T00:02:42.179-0500] {dagbag.py:540} INFO - Filling up the DagBag from /Users/nestoralfaro/Desktop/pbi-scenario-two/py_env/lib/python3.9/site-packages/airflow/example_dags/example_task_group_decorator.py
[2024-05-02T00:02:42.198-0500] {processor.py:840} INFO - DAG(s) 'example_task_group_decorator' retrieved from /Users/nestoralfaro/Desktop/pbi-scenario-two/py_env/lib/python3.9/site-packages/airflow/example_dags/example_task_group_decorator.py
[2024-05-02T00:02:42.240-0500] {logging_mixin.py:188} INFO - [2024-05-02T00:02:42.240-0500] {dag.py:3096} INFO - Sync 1 DAGs
[2024-05-02T00:02:42.270-0500] {logging_mixin.py:188} INFO - [2024-05-02T00:02:42.270-0500] {dag.py:3954} INFO - Setting next_dagrun for example_task_group_decorator to 2024-05-01 00:00:00+00:00, run_after=2024-05-02 00:00:00+00:00
[2024-05-02T00:02:42.277-0500] {processor.py:183} INFO - Processing /Users/nestoralfaro/Desktop/pbi-scenario-two/py_env/lib/python3.9/site-packages/airflow/example_dags/example_task_group_decorator.py took 0.102 seconds
[2024-05-02T00:03:42.143-0500] {processor.py:161} INFO - Started process (PID=36130) to work on /Users/nestoralfaro/Desktop/pbi-scenario-two/py_env/lib/python3.9/site-packages/airflow/example_dags/example_task_group_decorator.py
[2024-05-02T00:03:42.145-0500] {processor.py:830} INFO - Processing file /Users/nestoralfaro/Desktop/pbi-scenario-two/py_env/lib/python3.9/site-packages/airflow/example_dags/example_task_group_decorator.py for tasks to queue
[2024-05-02T00:03:42.145-0500] {logging_mixin.py:188} INFO - [2024-05-02T00:03:42.145-0500] {dagbag.py:540} INFO - Filling up the DagBag from /Users/nestoralfaro/Desktop/pbi-scenario-two/py_env/lib/python3.9/site-packages/airflow/example_dags/example_task_group_decorator.py
[2024-05-02T00:03:42.164-0500] {processor.py:840} INFO - DAG(s) 'example_task_group_decorator' retrieved from /Users/nestoralfaro/Desktop/pbi-scenario-two/py_env/lib/python3.9/site-packages/airflow/example_dags/example_task_group_decorator.py
[2024-05-02T00:03:42.208-0500] {logging_mixin.py:188} INFO - [2024-05-02T00:03:42.208-0500] {dag.py:3096} INFO - Sync 1 DAGs
[2024-05-02T00:03:42.240-0500] {logging_mixin.py:188} INFO - [2024-05-02T00:03:42.240-0500] {dag.py:3954} INFO - Setting next_dagrun for example_task_group_decorator to 2024-05-01 00:00:00+00:00, run_after=2024-05-02 00:00:00+00:00
[2024-05-02T00:03:42.247-0500] {processor.py:183} INFO - Processing /Users/nestoralfaro/Desktop/pbi-scenario-two/py_env/lib/python3.9/site-packages/airflow/example_dags/example_task_group_decorator.py took 0.106 seconds
[2024-05-02T00:05:33.655-0500] {processor.py:161} INFO - Started process (PID=36205) to work on /Users/nestoralfaro/Desktop/pbi-scenario-two/py_env/lib/python3.9/site-packages/airflow/example_dags/example_task_group_decorator.py
[2024-05-02T00:05:33.657-0500] {processor.py:830} INFO - Processing file /Users/nestoralfaro/Desktop/pbi-scenario-two/py_env/lib/python3.9/site-packages/airflow/example_dags/example_task_group_decorator.py for tasks to queue
[2024-05-02T00:05:33.658-0500] {logging_mixin.py:188} INFO - [2024-05-02T00:05:33.657-0500] {dagbag.py:540} INFO - Filling up the DagBag from /Users/nestoralfaro/Desktop/pbi-scenario-two/py_env/lib/python3.9/site-packages/airflow/example_dags/example_task_group_decorator.py
[2024-05-02T00:05:33.677-0500] {processor.py:840} INFO - DAG(s) 'example_task_group_decorator' retrieved from /Users/nestoralfaro/Desktop/pbi-scenario-two/py_env/lib/python3.9/site-packages/airflow/example_dags/example_task_group_decorator.py
[2024-05-02T00:05:33.721-0500] {logging_mixin.py:188} INFO - [2024-05-02T00:05:33.721-0500] {dag.py:3096} INFO - Sync 1 DAGs
[2024-05-02T00:05:33.754-0500] {logging_mixin.py:188} INFO - [2024-05-02T00:05:33.754-0500] {dag.py:3954} INFO - Setting next_dagrun for example_task_group_decorator to 2024-05-01 00:00:00+00:00, run_after=2024-05-02 00:00:00+00:00
[2024-05-02T00:05:33.761-0500] {processor.py:183} INFO - Processing /Users/nestoralfaro/Desktop/pbi-scenario-two/py_env/lib/python3.9/site-packages/airflow/example_dags/example_task_group_decorator.py took 0.107 seconds
[2024-05-02T00:06:31.618-0500] {processor.py:161} INFO - Started process (PID=36250) to work on /Users/nestoralfaro/Desktop/pbi-scenario-two/py_env/lib/python3.9/site-packages/airflow/example_dags/example_task_group_decorator.py
[2024-05-02T00:06:31.620-0500] {processor.py:830} INFO - Processing file /Users/nestoralfaro/Desktop/pbi-scenario-two/py_env/lib/python3.9/site-packages/airflow/example_dags/example_task_group_decorator.py for tasks to queue
[2024-05-02T00:06:31.620-0500] {logging_mixin.py:188} INFO - [2024-05-02T00:06:31.620-0500] {dagbag.py:540} INFO - Filling up the DagBag from /Users/nestoralfaro/Desktop/pbi-scenario-two/py_env/lib/python3.9/site-packages/airflow/example_dags/example_task_group_decorator.py
[2024-05-02T00:06:31.639-0500] {processor.py:840} INFO - DAG(s) 'example_task_group_decorator' retrieved from /Users/nestoralfaro/Desktop/pbi-scenario-two/py_env/lib/python3.9/site-packages/airflow/example_dags/example_task_group_decorator.py
[2024-05-02T00:06:31.681-0500] {logging_mixin.py:188} INFO - [2024-05-02T00:06:31.681-0500] {dag.py:3096} INFO - Sync 1 DAGs
[2024-05-02T00:06:31.712-0500] {logging_mixin.py:188} INFO - [2024-05-02T00:06:31.712-0500] {dag.py:3954} INFO - Setting next_dagrun for example_task_group_decorator to 2024-05-01 00:00:00+00:00, run_after=2024-05-02 00:00:00+00:00
[2024-05-02T00:06:31.719-0500] {processor.py:183} INFO - Processing /Users/nestoralfaro/Desktop/pbi-scenario-two/py_env/lib/python3.9/site-packages/airflow/example_dags/example_task_group_decorator.py took 0.103 seconds
[2024-05-02T00:08:18.786-0500] {processor.py:161} INFO - Started process (PID=36326) to work on /Users/nestoralfaro/Desktop/pbi-scenario-two/py_env/lib/python3.9/site-packages/airflow/example_dags/example_task_group_decorator.py
[2024-05-02T00:08:18.788-0500] {processor.py:830} INFO - Processing file /Users/nestoralfaro/Desktop/pbi-scenario-two/py_env/lib/python3.9/site-packages/airflow/example_dags/example_task_group_decorator.py for tasks to queue
[2024-05-02T00:08:18.788-0500] {logging_mixin.py:188} INFO - [2024-05-02T00:08:18.788-0500] {dagbag.py:540} INFO - Filling up the DagBag from /Users/nestoralfaro/Desktop/pbi-scenario-two/py_env/lib/python3.9/site-packages/airflow/example_dags/example_task_group_decorator.py
[2024-05-02T00:08:18.806-0500] {processor.py:840} INFO - DAG(s) 'example_task_group_decorator' retrieved from /Users/nestoralfaro/Desktop/pbi-scenario-two/py_env/lib/python3.9/site-packages/airflow/example_dags/example_task_group_decorator.py
[2024-05-02T00:08:18.848-0500] {logging_mixin.py:188} INFO - [2024-05-02T00:08:18.848-0500] {dag.py:3096} INFO - Sync 1 DAGs
[2024-05-02T00:08:18.878-0500] {logging_mixin.py:188} INFO - [2024-05-02T00:08:18.878-0500] {dag.py:3954} INFO - Setting next_dagrun for example_task_group_decorator to 2024-05-01 00:00:00+00:00, run_after=2024-05-02 00:00:00+00:00
[2024-05-02T00:08:18.885-0500] {processor.py:183} INFO - Processing /Users/nestoralfaro/Desktop/pbi-scenario-two/py_env/lib/python3.9/site-packages/airflow/example_dags/example_task_group_decorator.py took 0.100 seconds
[2024-05-02T00:09:16.657-0500] {processor.py:161} INFO - Started process (PID=36359) to work on /Users/nestoralfaro/Desktop/pbi-scenario-two/py_env/lib/python3.9/site-packages/airflow/example_dags/example_task_group_decorator.py
[2024-05-02T00:09:16.660-0500] {processor.py:830} INFO - Processing file /Users/nestoralfaro/Desktop/pbi-scenario-two/py_env/lib/python3.9/site-packages/airflow/example_dags/example_task_group_decorator.py for tasks to queue
[2024-05-02T00:09:16.660-0500] {logging_mixin.py:188} INFO - [2024-05-02T00:09:16.660-0500] {dagbag.py:540} INFO - Filling up the DagBag from /Users/nestoralfaro/Desktop/pbi-scenario-two/py_env/lib/python3.9/site-packages/airflow/example_dags/example_task_group_decorator.py
[2024-05-02T00:09:16.679-0500] {processor.py:840} INFO - DAG(s) 'example_task_group_decorator' retrieved from /Users/nestoralfaro/Desktop/pbi-scenario-two/py_env/lib/python3.9/site-packages/airflow/example_dags/example_task_group_decorator.py
[2024-05-02T00:09:16.720-0500] {logging_mixin.py:188} INFO - [2024-05-02T00:09:16.720-0500] {dag.py:3096} INFO - Sync 1 DAGs
[2024-05-02T00:09:16.750-0500] {logging_mixin.py:188} INFO - [2024-05-02T00:09:16.750-0500] {dag.py:3954} INFO - Setting next_dagrun for example_task_group_decorator to 2024-05-01 00:00:00+00:00, run_after=2024-05-02 00:00:00+00:00
[2024-05-02T00:09:16.757-0500] {processor.py:183} INFO - Processing /Users/nestoralfaro/Desktop/pbi-scenario-two/py_env/lib/python3.9/site-packages/airflow/example_dags/example_task_group_decorator.py took 0.101 seconds
[2024-05-02T00:11:23.457-0500] {processor.py:161} INFO - Started process (PID=36424) to work on /Users/nestoralfaro/Desktop/pbi-scenario-two/py_env/lib/python3.9/site-packages/airflow/example_dags/example_task_group_decorator.py
[2024-05-02T00:11:23.459-0500] {processor.py:830} INFO - Processing file /Users/nestoralfaro/Desktop/pbi-scenario-two/py_env/lib/python3.9/site-packages/airflow/example_dags/example_task_group_decorator.py for tasks to queue
[2024-05-02T00:11:23.460-0500] {logging_mixin.py:188} INFO - [2024-05-02T00:11:23.459-0500] {dagbag.py:540} INFO - Filling up the DagBag from /Users/nestoralfaro/Desktop/pbi-scenario-two/py_env/lib/python3.9/site-packages/airflow/example_dags/example_task_group_decorator.py
[2024-05-02T00:11:23.481-0500] {processor.py:840} INFO - DAG(s) 'example_task_group_decorator' retrieved from /Users/nestoralfaro/Desktop/pbi-scenario-two/py_env/lib/python3.9/site-packages/airflow/example_dags/example_task_group_decorator.py
[2024-05-02T00:11:23.530-0500] {logging_mixin.py:188} INFO - [2024-05-02T00:11:23.530-0500] {dag.py:3096} INFO - Sync 1 DAGs
[2024-05-02T00:11:23.568-0500] {logging_mixin.py:188} INFO - [2024-05-02T00:11:23.568-0500] {dag.py:3954} INFO - Setting next_dagrun for example_task_group_decorator to 2024-05-01 00:00:00+00:00, run_after=2024-05-02 00:00:00+00:00
[2024-05-02T00:11:23.576-0500] {processor.py:183} INFO - Processing /Users/nestoralfaro/Desktop/pbi-scenario-two/py_env/lib/python3.9/site-packages/airflow/example_dags/example_task_group_decorator.py took 0.121 seconds
[2024-05-02T00:12:48.536-0500] {processor.py:161} INFO - Started process (PID=36518) to work on /Users/nestoralfaro/Desktop/pbi-scenario-two/py_env/lib/python3.9/site-packages/airflow/example_dags/example_task_group_decorator.py
[2024-05-02T00:12:48.537-0500] {processor.py:830} INFO - Processing file /Users/nestoralfaro/Desktop/pbi-scenario-two/py_env/lib/python3.9/site-packages/airflow/example_dags/example_task_group_decorator.py for tasks to queue
[2024-05-02T00:12:48.538-0500] {logging_mixin.py:188} INFO - [2024-05-02T00:12:48.538-0500] {dagbag.py:540} INFO - Filling up the DagBag from /Users/nestoralfaro/Desktop/pbi-scenario-two/py_env/lib/python3.9/site-packages/airflow/example_dags/example_task_group_decorator.py
[2024-05-02T00:12:48.556-0500] {processor.py:840} INFO - DAG(s) 'example_task_group_decorator' retrieved from /Users/nestoralfaro/Desktop/pbi-scenario-two/py_env/lib/python3.9/site-packages/airflow/example_dags/example_task_group_decorator.py
[2024-05-02T00:12:48.598-0500] {logging_mixin.py:188} INFO - [2024-05-02T00:12:48.597-0500] {dag.py:3096} INFO - Sync 1 DAGs
[2024-05-02T00:12:48.629-0500] {logging_mixin.py:188} INFO - [2024-05-02T00:12:48.629-0500] {dag.py:3954} INFO - Setting next_dagrun for example_task_group_decorator to 2024-05-01 00:00:00+00:00, run_after=2024-05-02 00:00:00+00:00
[2024-05-02T00:12:48.636-0500] {processor.py:183} INFO - Processing /Users/nestoralfaro/Desktop/pbi-scenario-two/py_env/lib/python3.9/site-packages/airflow/example_dags/example_task_group_decorator.py took 0.102 seconds
[2024-05-02T00:13:46.478-0500] {processor.py:161} INFO - Started process (PID=36555) to work on /Users/nestoralfaro/Desktop/pbi-scenario-two/py_env/lib/python3.9/site-packages/airflow/example_dags/example_task_group_decorator.py
[2024-05-02T00:13:46.480-0500] {processor.py:830} INFO - Processing file /Users/nestoralfaro/Desktop/pbi-scenario-two/py_env/lib/python3.9/site-packages/airflow/example_dags/example_task_group_decorator.py for tasks to queue
[2024-05-02T00:13:46.480-0500] {logging_mixin.py:188} INFO - [2024-05-02T00:13:46.480-0500] {dagbag.py:540} INFO - Filling up the DagBag from /Users/nestoralfaro/Desktop/pbi-scenario-two/py_env/lib/python3.9/site-packages/airflow/example_dags/example_task_group_decorator.py
[2024-05-02T00:13:46.499-0500] {processor.py:840} INFO - DAG(s) 'example_task_group_decorator' retrieved from /Users/nestoralfaro/Desktop/pbi-scenario-two/py_env/lib/python3.9/site-packages/airflow/example_dags/example_task_group_decorator.py
[2024-05-02T00:13:46.541-0500] {logging_mixin.py:188} INFO - [2024-05-02T00:13:46.540-0500] {dag.py:3096} INFO - Sync 1 DAGs
[2024-05-02T00:13:46.571-0500] {logging_mixin.py:188} INFO - [2024-05-02T00:13:46.571-0500] {dag.py:3954} INFO - Setting next_dagrun for example_task_group_decorator to 2024-05-01 00:00:00+00:00, run_after=2024-05-02 00:00:00+00:00
[2024-05-02T00:13:46.578-0500] {processor.py:183} INFO - Processing /Users/nestoralfaro/Desktop/pbi-scenario-two/py_env/lib/python3.9/site-packages/airflow/example_dags/example_task_group_decorator.py took 0.102 seconds
[2024-05-02T00:15:15.023-0500] {processor.py:161} INFO - Started process (PID=36605) to work on /Users/nestoralfaro/Desktop/pbi-scenario-two/py_env/lib/python3.9/site-packages/airflow/example_dags/example_task_group_decorator.py
[2024-05-02T00:15:15.025-0500] {processor.py:830} INFO - Processing file /Users/nestoralfaro/Desktop/pbi-scenario-two/py_env/lib/python3.9/site-packages/airflow/example_dags/example_task_group_decorator.py for tasks to queue
[2024-05-02T00:15:15.025-0500] {logging_mixin.py:188} INFO - [2024-05-02T00:15:15.025-0500] {dagbag.py:540} INFO - Filling up the DagBag from /Users/nestoralfaro/Desktop/pbi-scenario-two/py_env/lib/python3.9/site-packages/airflow/example_dags/example_task_group_decorator.py
[2024-05-02T00:15:15.045-0500] {processor.py:840} INFO - DAG(s) 'example_task_group_decorator' retrieved from /Users/nestoralfaro/Desktop/pbi-scenario-two/py_env/lib/python3.9/site-packages/airflow/example_dags/example_task_group_decorator.py
[2024-05-02T00:15:15.090-0500] {logging_mixin.py:188} INFO - [2024-05-02T00:15:15.090-0500] {dag.py:3096} INFO - Sync 1 DAGs
[2024-05-02T00:15:15.122-0500] {logging_mixin.py:188} INFO - [2024-05-02T00:15:15.122-0500] {dag.py:3954} INFO - Setting next_dagrun for example_task_group_decorator to 2024-05-01 00:00:00+00:00, run_after=2024-05-02 00:00:00+00:00
[2024-05-02T00:15:15.130-0500] {processor.py:183} INFO - Processing /Users/nestoralfaro/Desktop/pbi-scenario-two/py_env/lib/python3.9/site-packages/airflow/example_dags/example_task_group_decorator.py took 0.110 seconds
[2024-05-02T00:16:43.442-0500] {processor.py:161} INFO - Started process (PID=36672) to work on /Users/nestoralfaro/Desktop/pbi-scenario-two/py_env/lib/python3.9/site-packages/airflow/example_dags/example_task_group_decorator.py
[2024-05-02T00:16:43.444-0500] {processor.py:830} INFO - Processing file /Users/nestoralfaro/Desktop/pbi-scenario-two/py_env/lib/python3.9/site-packages/airflow/example_dags/example_task_group_decorator.py for tasks to queue
[2024-05-02T00:16:43.444-0500] {logging_mixin.py:188} INFO - [2024-05-02T00:16:43.444-0500] {dagbag.py:540} INFO - Filling up the DagBag from /Users/nestoralfaro/Desktop/pbi-scenario-two/py_env/lib/python3.9/site-packages/airflow/example_dags/example_task_group_decorator.py
[2024-05-02T00:16:43.461-0500] {processor.py:840} INFO - DAG(s) 'example_task_group_decorator' retrieved from /Users/nestoralfaro/Desktop/pbi-scenario-two/py_env/lib/python3.9/site-packages/airflow/example_dags/example_task_group_decorator.py
[2024-05-02T00:16:43.503-0500] {logging_mixin.py:188} INFO - [2024-05-02T00:16:43.502-0500] {dag.py:3096} INFO - Sync 1 DAGs
[2024-05-02T00:16:43.533-0500] {logging_mixin.py:188} INFO - [2024-05-02T00:16:43.533-0500] {dag.py:3954} INFO - Setting next_dagrun for example_task_group_decorator to 2024-05-01 00:00:00+00:00, run_after=2024-05-02 00:00:00+00:00
[2024-05-02T00:16:43.540-0500] {processor.py:183} INFO - Processing /Users/nestoralfaro/Desktop/pbi-scenario-two/py_env/lib/python3.9/site-packages/airflow/example_dags/example_task_group_decorator.py took 0.099 seconds
[2024-05-02T00:17:40.912-0500] {processor.py:161} INFO - Started process (PID=36710) to work on /Users/nestoralfaro/Desktop/pbi-scenario-two/py_env/lib/python3.9/site-packages/airflow/example_dags/example_task_group_decorator.py
[2024-05-02T00:17:40.913-0500] {processor.py:830} INFO - Processing file /Users/nestoralfaro/Desktop/pbi-scenario-two/py_env/lib/python3.9/site-packages/airflow/example_dags/example_task_group_decorator.py for tasks to queue
[2024-05-02T00:17:40.913-0500] {logging_mixin.py:188} INFO - [2024-05-02T00:17:40.913-0500] {dagbag.py:540} INFO - Filling up the DagBag from /Users/nestoralfaro/Desktop/pbi-scenario-two/py_env/lib/python3.9/site-packages/airflow/example_dags/example_task_group_decorator.py
[2024-05-02T00:17:40.933-0500] {processor.py:840} INFO - DAG(s) 'example_task_group_decorator' retrieved from /Users/nestoralfaro/Desktop/pbi-scenario-two/py_env/lib/python3.9/site-packages/airflow/example_dags/example_task_group_decorator.py
[2024-05-02T00:17:40.979-0500] {logging_mixin.py:188} INFO - [2024-05-02T00:17:40.979-0500] {dag.py:3096} INFO - Sync 1 DAGs
[2024-05-02T00:17:41.012-0500] {logging_mixin.py:188} INFO - [2024-05-02T00:17:41.012-0500] {dag.py:3954} INFO - Setting next_dagrun for example_task_group_decorator to 2024-05-01 00:00:00+00:00, run_after=2024-05-02 00:00:00+00:00
[2024-05-02T00:17:41.020-0500] {processor.py:183} INFO - Processing /Users/nestoralfaro/Desktop/pbi-scenario-two/py_env/lib/python3.9/site-packages/airflow/example_dags/example_task_group_decorator.py took 0.109 seconds
[2024-05-02T00:18:39.672-0500] {processor.py:161} INFO - Started process (PID=36746) to work on /Users/nestoralfaro/Desktop/pbi-scenario-two/py_env/lib/python3.9/site-packages/airflow/example_dags/example_task_group_decorator.py
[2024-05-02T00:18:39.675-0500] {processor.py:830} INFO - Processing file /Users/nestoralfaro/Desktop/pbi-scenario-two/py_env/lib/python3.9/site-packages/airflow/example_dags/example_task_group_decorator.py for tasks to queue
[2024-05-02T00:18:39.675-0500] {logging_mixin.py:188} INFO - [2024-05-02T00:18:39.675-0500] {dagbag.py:540} INFO - Filling up the DagBag from /Users/nestoralfaro/Desktop/pbi-scenario-two/py_env/lib/python3.9/site-packages/airflow/example_dags/example_task_group_decorator.py
[2024-05-02T00:18:39.694-0500] {processor.py:840} INFO - DAG(s) 'example_task_group_decorator' retrieved from /Users/nestoralfaro/Desktop/pbi-scenario-two/py_env/lib/python3.9/site-packages/airflow/example_dags/example_task_group_decorator.py
[2024-05-02T00:18:39.741-0500] {logging_mixin.py:188} INFO - [2024-05-02T00:18:39.740-0500] {dag.py:3096} INFO - Sync 1 DAGs
[2024-05-02T00:18:39.775-0500] {logging_mixin.py:188} INFO - [2024-05-02T00:18:39.774-0500] {dag.py:3954} INFO - Setting next_dagrun for example_task_group_decorator to 2024-05-01 00:00:00+00:00, run_after=2024-05-02 00:00:00+00:00
[2024-05-02T00:18:39.781-0500] {processor.py:183} INFO - Processing /Users/nestoralfaro/Desktop/pbi-scenario-two/py_env/lib/python3.9/site-packages/airflow/example_dags/example_task_group_decorator.py took 0.110 seconds
[2024-05-02T00:19:36.109-0500] {processor.py:161} INFO - Started process (PID=36819) to work on /Users/nestoralfaro/Desktop/pbi-scenario-two/py_env/lib/python3.9/site-packages/airflow/example_dags/example_task_group_decorator.py
[2024-05-02T00:19:36.111-0500] {processor.py:830} INFO - Processing file /Users/nestoralfaro/Desktop/pbi-scenario-two/py_env/lib/python3.9/site-packages/airflow/example_dags/example_task_group_decorator.py for tasks to queue
[2024-05-02T00:19:36.111-0500] {logging_mixin.py:188} INFO - [2024-05-02T00:19:36.111-0500] {dagbag.py:540} INFO - Filling up the DagBag from /Users/nestoralfaro/Desktop/pbi-scenario-two/py_env/lib/python3.9/site-packages/airflow/example_dags/example_task_group_decorator.py
[2024-05-02T00:19:36.129-0500] {processor.py:840} INFO - DAG(s) 'example_task_group_decorator' retrieved from /Users/nestoralfaro/Desktop/pbi-scenario-two/py_env/lib/python3.9/site-packages/airflow/example_dags/example_task_group_decorator.py
[2024-05-02T00:19:36.170-0500] {logging_mixin.py:188} INFO - [2024-05-02T00:19:36.170-0500] {dag.py:3096} INFO - Sync 1 DAGs
[2024-05-02T00:19:36.200-0500] {logging_mixin.py:188} INFO - [2024-05-02T00:19:36.200-0500] {dag.py:3954} INFO - Setting next_dagrun for example_task_group_decorator to 2024-05-01 00:00:00+00:00, run_after=2024-05-02 00:00:00+00:00
[2024-05-02T00:19:36.208-0500] {processor.py:183} INFO - Processing /Users/nestoralfaro/Desktop/pbi-scenario-two/py_env/lib/python3.9/site-packages/airflow/example_dags/example_task_group_decorator.py took 0.099 seconds
[2024-05-02T00:20:35.472-0500] {processor.py:161} INFO - Started process (PID=36856) to work on /Users/nestoralfaro/Desktop/pbi-scenario-two/py_env/lib/python3.9/site-packages/airflow/example_dags/example_task_group_decorator.py
[2024-05-02T00:20:35.473-0500] {processor.py:830} INFO - Processing file /Users/nestoralfaro/Desktop/pbi-scenario-two/py_env/lib/python3.9/site-packages/airflow/example_dags/example_task_group_decorator.py for tasks to queue
[2024-05-02T00:20:35.473-0500] {logging_mixin.py:188} INFO - [2024-05-02T00:20:35.473-0500] {dagbag.py:540} INFO - Filling up the DagBag from /Users/nestoralfaro/Desktop/pbi-scenario-two/py_env/lib/python3.9/site-packages/airflow/example_dags/example_task_group_decorator.py
[2024-05-02T00:20:35.492-0500] {processor.py:840} INFO - DAG(s) 'example_task_group_decorator' retrieved from /Users/nestoralfaro/Desktop/pbi-scenario-two/py_env/lib/python3.9/site-packages/airflow/example_dags/example_task_group_decorator.py
[2024-05-02T00:20:35.536-0500] {logging_mixin.py:188} INFO - [2024-05-02T00:20:35.535-0500] {dag.py:3096} INFO - Sync 1 DAGs
[2024-05-02T00:20:35.569-0500] {logging_mixin.py:188} INFO - [2024-05-02T00:20:35.569-0500] {dag.py:3954} INFO - Setting next_dagrun for example_task_group_decorator to 2024-05-01 00:00:00+00:00, run_after=2024-05-02 00:00:00+00:00
[2024-05-02T00:20:35.576-0500] {processor.py:183} INFO - Processing /Users/nestoralfaro/Desktop/pbi-scenario-two/py_env/lib/python3.9/site-packages/airflow/example_dags/example_task_group_decorator.py took 0.106 seconds
[2024-05-02T00:21:35.247-0500] {processor.py:161} INFO - Started process (PID=36892) to work on /Users/nestoralfaro/Desktop/pbi-scenario-two/py_env/lib/python3.9/site-packages/airflow/example_dags/example_task_group_decorator.py
[2024-05-02T00:21:35.248-0500] {processor.py:830} INFO - Processing file /Users/nestoralfaro/Desktop/pbi-scenario-two/py_env/lib/python3.9/site-packages/airflow/example_dags/example_task_group_decorator.py for tasks to queue
[2024-05-02T00:21:35.249-0500] {logging_mixin.py:188} INFO - [2024-05-02T00:21:35.249-0500] {dagbag.py:540} INFO - Filling up the DagBag from /Users/nestoralfaro/Desktop/pbi-scenario-two/py_env/lib/python3.9/site-packages/airflow/example_dags/example_task_group_decorator.py
[2024-05-02T00:21:35.268-0500] {processor.py:840} INFO - DAG(s) 'example_task_group_decorator' retrieved from /Users/nestoralfaro/Desktop/pbi-scenario-two/py_env/lib/python3.9/site-packages/airflow/example_dags/example_task_group_decorator.py
[2024-05-02T00:21:35.313-0500] {logging_mixin.py:188} INFO - [2024-05-02T00:21:35.312-0500] {dag.py:3096} INFO - Sync 1 DAGs
[2024-05-02T00:21:35.344-0500] {logging_mixin.py:188} INFO - [2024-05-02T00:21:35.344-0500] {dag.py:3954} INFO - Setting next_dagrun for example_task_group_decorator to 2024-05-01 00:00:00+00:00, run_after=2024-05-02 00:00:00+00:00
[2024-05-02T00:21:35.351-0500] {processor.py:183} INFO - Processing /Users/nestoralfaro/Desktop/pbi-scenario-two/py_env/lib/python3.9/site-packages/airflow/example_dags/example_task_group_decorator.py took 0.105 seconds
[2024-05-02T00:23:27.283-0500] {processor.py:161} INFO - Started process (PID=37004) to work on /Users/nestoralfaro/Desktop/pbi-scenario-two/py_env/lib/python3.9/site-packages/airflow/example_dags/example_task_group_decorator.py
[2024-05-02T00:23:27.285-0500] {processor.py:830} INFO - Processing file /Users/nestoralfaro/Desktop/pbi-scenario-two/py_env/lib/python3.9/site-packages/airflow/example_dags/example_task_group_decorator.py for tasks to queue
[2024-05-02T00:23:27.286-0500] {logging_mixin.py:188} INFO - [2024-05-02T00:23:27.286-0500] {dagbag.py:540} INFO - Filling up the DagBag from /Users/nestoralfaro/Desktop/pbi-scenario-two/py_env/lib/python3.9/site-packages/airflow/example_dags/example_task_group_decorator.py
[2024-05-02T00:23:27.303-0500] {processor.py:840} INFO - DAG(s) 'example_task_group_decorator' retrieved from /Users/nestoralfaro/Desktop/pbi-scenario-two/py_env/lib/python3.9/site-packages/airflow/example_dags/example_task_group_decorator.py
[2024-05-02T00:23:27.345-0500] {logging_mixin.py:188} INFO - [2024-05-02T00:23:27.345-0500] {dag.py:3096} INFO - Sync 1 DAGs
[2024-05-02T00:23:27.376-0500] {logging_mixin.py:188} INFO - [2024-05-02T00:23:27.376-0500] {dag.py:3954} INFO - Setting next_dagrun for example_task_group_decorator to 2024-05-01 00:00:00+00:00, run_after=2024-05-02 00:00:00+00:00
[2024-05-02T00:23:27.383-0500] {processor.py:183} INFO - Processing /Users/nestoralfaro/Desktop/pbi-scenario-two/py_env/lib/python3.9/site-packages/airflow/example_dags/example_task_group_decorator.py took 0.101 seconds
