[2024-05-01T23:30:19.829-0500] {processor.py:161} INFO - Started process (PID=34744) to work on /Users/nestoralfaro/Desktop/pbi-scenario-two/py_env/lib/python3.9/site-packages/airflow/example_dags/example_xcom.py
[2024-05-01T23:30:19.830-0500] {processor.py:830} INFO - Processing file /Users/nestoralfaro/Desktop/pbi-scenario-two/py_env/lib/python3.9/site-packages/airflow/example_dags/example_xcom.py for tasks to queue
[2024-05-01T23:30:19.831-0500] {logging_mixin.py:188} INFO - [2024-05-01T23:30:19.831-0500] {dagbag.py:540} INFO - Filling up the DagBag from /Users/nestoralfaro/Desktop/pbi-scenario-two/py_env/lib/python3.9/site-packages/airflow/example_dags/example_xcom.py
[2024-05-01T23:30:19.849-0500] {processor.py:840} INFO - DAG(s) 'example_xcom' retrieved from /Users/nestoralfaro/Desktop/pbi-scenario-two/py_env/lib/python3.9/site-packages/airflow/example_dags/example_xcom.py
[2024-05-01T23:30:19.963-0500] {logging_mixin.py:188} INFO - [2024-05-01T23:30:19.963-0500] {dag.py:3096} INFO - Sync 1 DAGs
[2024-05-01T23:30:19.969-0500] {logging_mixin.py:188} INFO - [2024-05-01T23:30:19.969-0500] {dag.py:3954} INFO - Setting next_dagrun for example_xcom to 2021-01-01 00:00:00+00:00, run_after=2021-01-01 00:00:00+00:00
[2024-05-01T23:30:19.978-0500] {processor.py:183} INFO - Processing /Users/nestoralfaro/Desktop/pbi-scenario-two/py_env/lib/python3.9/site-packages/airflow/example_dags/example_xcom.py took 0.150 seconds
[2024-05-01T23:31:47.860-0500] {processor.py:161} INFO - Started process (PID=34799) to work on /Users/nestoralfaro/Desktop/pbi-scenario-two/py_env/lib/python3.9/site-packages/airflow/example_dags/example_xcom.py
[2024-05-01T23:31:47.861-0500] {processor.py:830} INFO - Processing file /Users/nestoralfaro/Desktop/pbi-scenario-two/py_env/lib/python3.9/site-packages/airflow/example_dags/example_xcom.py for tasks to queue
[2024-05-01T23:31:47.861-0500] {logging_mixin.py:188} INFO - [2024-05-01T23:31:47.861-0500] {dagbag.py:540} INFO - Filling up the DagBag from /Users/nestoralfaro/Desktop/pbi-scenario-two/py_env/lib/python3.9/site-packages/airflow/example_dags/example_xcom.py
[2024-05-01T23:31:47.877-0500] {processor.py:840} INFO - DAG(s) 'example_xcom' retrieved from /Users/nestoralfaro/Desktop/pbi-scenario-two/py_env/lib/python3.9/site-packages/airflow/example_dags/example_xcom.py
[2024-05-01T23:31:47.919-0500] {logging_mixin.py:188} INFO - [2024-05-01T23:31:47.919-0500] {dag.py:3096} INFO - Sync 1 DAGs
[2024-05-01T23:31:47.947-0500] {logging_mixin.py:188} INFO - [2024-05-01T23:31:47.947-0500] {dag.py:3954} INFO - Setting next_dagrun for example_xcom to 2021-01-01 00:00:00+00:00, run_after=2021-01-01 00:00:00+00:00
[2024-05-01T23:31:47.955-0500] {processor.py:183} INFO - Processing /Users/nestoralfaro/Desktop/pbi-scenario-two/py_env/lib/python3.9/site-packages/airflow/example_dags/example_xcom.py took 0.096 seconds
[2024-05-01T23:32:53.109-0500] {processor.py:161} INFO - Started process (PID=34856) to work on /Users/nestoralfaro/Desktop/pbi-scenario-two/py_env/lib/python3.9/site-packages/airflow/example_dags/example_xcom.py
[2024-05-01T23:32:53.110-0500] {processor.py:830} INFO - Processing file /Users/nestoralfaro/Desktop/pbi-scenario-two/py_env/lib/python3.9/site-packages/airflow/example_dags/example_xcom.py for tasks to queue
[2024-05-01T23:32:53.111-0500] {logging_mixin.py:188} INFO - [2024-05-01T23:32:53.111-0500] {dagbag.py:540} INFO - Filling up the DagBag from /Users/nestoralfaro/Desktop/pbi-scenario-two/py_env/lib/python3.9/site-packages/airflow/example_dags/example_xcom.py
[2024-05-01T23:32:53.126-0500] {processor.py:840} INFO - DAG(s) 'example_xcom' retrieved from /Users/nestoralfaro/Desktop/pbi-scenario-two/py_env/lib/python3.9/site-packages/airflow/example_dags/example_xcom.py
[2024-05-01T23:32:53.167-0500] {logging_mixin.py:188} INFO - [2024-05-01T23:32:53.166-0500] {dag.py:3096} INFO - Sync 1 DAGs
[2024-05-01T23:32:53.196-0500] {logging_mixin.py:188} INFO - [2024-05-01T23:32:53.195-0500] {dag.py:3954} INFO - Setting next_dagrun for example_xcom to 2021-01-01 00:00:00+00:00, run_after=2021-01-01 00:00:00+00:00
[2024-05-01T23:32:53.203-0500] {processor.py:183} INFO - Processing /Users/nestoralfaro/Desktop/pbi-scenario-two/py_env/lib/python3.9/site-packages/airflow/example_dags/example_xcom.py took 0.095 seconds
[2024-05-01T23:33:56.543-0500] {processor.py:161} INFO - Started process (PID=34906) to work on /Users/nestoralfaro/Desktop/pbi-scenario-two/py_env/lib/python3.9/site-packages/airflow/example_dags/example_xcom.py
[2024-05-01T23:33:56.545-0500] {processor.py:830} INFO - Processing file /Users/nestoralfaro/Desktop/pbi-scenario-two/py_env/lib/python3.9/site-packages/airflow/example_dags/example_xcom.py for tasks to queue
[2024-05-01T23:33:56.545-0500] {logging_mixin.py:188} INFO - [2024-05-01T23:33:56.545-0500] {dagbag.py:540} INFO - Filling up the DagBag from /Users/nestoralfaro/Desktop/pbi-scenario-two/py_env/lib/python3.9/site-packages/airflow/example_dags/example_xcom.py
[2024-05-01T23:33:56.562-0500] {processor.py:840} INFO - DAG(s) 'example_xcom' retrieved from /Users/nestoralfaro/Desktop/pbi-scenario-two/py_env/lib/python3.9/site-packages/airflow/example_dags/example_xcom.py
[2024-05-01T23:33:56.605-0500] {logging_mixin.py:188} INFO - [2024-05-01T23:33:56.605-0500] {dag.py:3096} INFO - Sync 1 DAGs
[2024-05-01T23:33:56.640-0500] {logging_mixin.py:188} INFO - [2024-05-01T23:33:56.640-0500] {dag.py:3954} INFO - Setting next_dagrun for example_xcom to 2021-01-01 00:00:00+00:00, run_after=2021-01-01 00:00:00+00:00
[2024-05-01T23:33:56.649-0500] {processor.py:183} INFO - Processing /Users/nestoralfaro/Desktop/pbi-scenario-two/py_env/lib/python3.9/site-packages/airflow/example_dags/example_xcom.py took 0.108 seconds
[2024-05-01T23:34:56.337-0500] {processor.py:161} INFO - Started process (PID=34942) to work on /Users/nestoralfaro/Desktop/pbi-scenario-two/py_env/lib/python3.9/site-packages/airflow/example_dags/example_xcom.py
[2024-05-01T23:34:56.339-0500] {processor.py:830} INFO - Processing file /Users/nestoralfaro/Desktop/pbi-scenario-two/py_env/lib/python3.9/site-packages/airflow/example_dags/example_xcom.py for tasks to queue
[2024-05-01T23:34:56.339-0500] {logging_mixin.py:188} INFO - [2024-05-01T23:34:56.339-0500] {dagbag.py:540} INFO - Filling up the DagBag from /Users/nestoralfaro/Desktop/pbi-scenario-two/py_env/lib/python3.9/site-packages/airflow/example_dags/example_xcom.py
[2024-05-01T23:34:56.354-0500] {processor.py:840} INFO - DAG(s) 'example_xcom' retrieved from /Users/nestoralfaro/Desktop/pbi-scenario-two/py_env/lib/python3.9/site-packages/airflow/example_dags/example_xcom.py
[2024-05-01T23:34:56.398-0500] {logging_mixin.py:188} INFO - [2024-05-01T23:34:56.398-0500] {dag.py:3096} INFO - Sync 1 DAGs
[2024-05-01T23:34:56.429-0500] {logging_mixin.py:188} INFO - [2024-05-01T23:34:56.429-0500] {dag.py:3954} INFO - Setting next_dagrun for example_xcom to 2021-01-01 00:00:00+00:00, run_after=2021-01-01 00:00:00+00:00
[2024-05-01T23:34:56.436-0500] {processor.py:183} INFO - Processing /Users/nestoralfaro/Desktop/pbi-scenario-two/py_env/lib/python3.9/site-packages/airflow/example_dags/example_xcom.py took 0.100 seconds
[2024-05-01T23:35:53.253-0500] {processor.py:161} INFO - Started process (PID=34976) to work on /Users/nestoralfaro/Desktop/pbi-scenario-two/py_env/lib/python3.9/site-packages/airflow/example_dags/example_xcom.py
[2024-05-01T23:35:53.254-0500] {processor.py:830} INFO - Processing file /Users/nestoralfaro/Desktop/pbi-scenario-two/py_env/lib/python3.9/site-packages/airflow/example_dags/example_xcom.py for tasks to queue
[2024-05-01T23:35:53.255-0500] {logging_mixin.py:188} INFO - [2024-05-01T23:35:53.254-0500] {dagbag.py:540} INFO - Filling up the DagBag from /Users/nestoralfaro/Desktop/pbi-scenario-two/py_env/lib/python3.9/site-packages/airflow/example_dags/example_xcom.py
[2024-05-01T23:35:53.271-0500] {processor.py:840} INFO - DAG(s) 'example_xcom' retrieved from /Users/nestoralfaro/Desktop/pbi-scenario-two/py_env/lib/python3.9/site-packages/airflow/example_dags/example_xcom.py
[2024-05-01T23:35:53.313-0500] {logging_mixin.py:188} INFO - [2024-05-01T23:35:53.313-0500] {dag.py:3096} INFO - Sync 1 DAGs
[2024-05-01T23:35:53.345-0500] {logging_mixin.py:188} INFO - [2024-05-01T23:35:53.345-0500] {dag.py:3954} INFO - Setting next_dagrun for example_xcom to 2021-01-01 00:00:00+00:00, run_after=2021-01-01 00:00:00+00:00
[2024-05-01T23:35:53.354-0500] {processor.py:183} INFO - Processing /Users/nestoralfaro/Desktop/pbi-scenario-two/py_env/lib/python3.9/site-packages/airflow/example_dags/example_xcom.py took 0.103 seconds
[2024-05-01T23:36:49.081-0500] {processor.py:161} INFO - Started process (PID=35011) to work on /Users/nestoralfaro/Desktop/pbi-scenario-two/py_env/lib/python3.9/site-packages/airflow/example_dags/example_xcom.py
[2024-05-01T23:36:49.084-0500] {processor.py:830} INFO - Processing file /Users/nestoralfaro/Desktop/pbi-scenario-two/py_env/lib/python3.9/site-packages/airflow/example_dags/example_xcom.py for tasks to queue
[2024-05-01T23:36:49.084-0500] {logging_mixin.py:188} INFO - [2024-05-01T23:36:49.084-0500] {dagbag.py:540} INFO - Filling up the DagBag from /Users/nestoralfaro/Desktop/pbi-scenario-two/py_env/lib/python3.9/site-packages/airflow/example_dags/example_xcom.py
[2024-05-01T23:36:49.100-0500] {processor.py:840} INFO - DAG(s) 'example_xcom' retrieved from /Users/nestoralfaro/Desktop/pbi-scenario-two/py_env/lib/python3.9/site-packages/airflow/example_dags/example_xcom.py
[2024-05-01T23:36:49.146-0500] {logging_mixin.py:188} INFO - [2024-05-01T23:36:49.146-0500] {dag.py:3096} INFO - Sync 1 DAGs
[2024-05-01T23:36:49.180-0500] {logging_mixin.py:188} INFO - [2024-05-01T23:36:49.180-0500] {dag.py:3954} INFO - Setting next_dagrun for example_xcom to 2021-01-01 00:00:00+00:00, run_after=2021-01-01 00:00:00+00:00
[2024-05-01T23:36:49.189-0500] {processor.py:183} INFO - Processing /Users/nestoralfaro/Desktop/pbi-scenario-two/py_env/lib/python3.9/site-packages/airflow/example_dags/example_xcom.py took 0.108 seconds
[2024-05-01T23:37:44.855-0500] {processor.py:161} INFO - Started process (PID=35046) to work on /Users/nestoralfaro/Desktop/pbi-scenario-two/py_env/lib/python3.9/site-packages/airflow/example_dags/example_xcom.py
[2024-05-01T23:37:44.857-0500] {processor.py:830} INFO - Processing file /Users/nestoralfaro/Desktop/pbi-scenario-two/py_env/lib/python3.9/site-packages/airflow/example_dags/example_xcom.py for tasks to queue
[2024-05-01T23:37:44.857-0500] {logging_mixin.py:188} INFO - [2024-05-01T23:37:44.857-0500] {dagbag.py:540} INFO - Filling up the DagBag from /Users/nestoralfaro/Desktop/pbi-scenario-two/py_env/lib/python3.9/site-packages/airflow/example_dags/example_xcom.py
[2024-05-01T23:37:44.874-0500] {processor.py:840} INFO - DAG(s) 'example_xcom' retrieved from /Users/nestoralfaro/Desktop/pbi-scenario-two/py_env/lib/python3.9/site-packages/airflow/example_dags/example_xcom.py
[2024-05-01T23:37:44.918-0500] {logging_mixin.py:188} INFO - [2024-05-01T23:37:44.918-0500] {dag.py:3096} INFO - Sync 1 DAGs
[2024-05-01T23:37:44.950-0500] {logging_mixin.py:188} INFO - [2024-05-01T23:37:44.949-0500] {dag.py:3954} INFO - Setting next_dagrun for example_xcom to 2021-01-01 00:00:00+00:00, run_after=2021-01-01 00:00:00+00:00
[2024-05-01T23:37:44.957-0500] {processor.py:183} INFO - Processing /Users/nestoralfaro/Desktop/pbi-scenario-two/py_env/lib/python3.9/site-packages/airflow/example_dags/example_xcom.py took 0.104 seconds
[2024-05-01T23:38:43.474-0500] {processor.py:161} INFO - Started process (PID=35080) to work on /Users/nestoralfaro/Desktop/pbi-scenario-two/py_env/lib/python3.9/site-packages/airflow/example_dags/example_xcom.py
[2024-05-01T23:38:43.476-0500] {processor.py:830} INFO - Processing file /Users/nestoralfaro/Desktop/pbi-scenario-two/py_env/lib/python3.9/site-packages/airflow/example_dags/example_xcom.py for tasks to queue
[2024-05-01T23:38:43.477-0500] {logging_mixin.py:188} INFO - [2024-05-01T23:38:43.477-0500] {dagbag.py:540} INFO - Filling up the DagBag from /Users/nestoralfaro/Desktop/pbi-scenario-two/py_env/lib/python3.9/site-packages/airflow/example_dags/example_xcom.py
[2024-05-01T23:38:43.493-0500] {processor.py:840} INFO - DAG(s) 'example_xcom' retrieved from /Users/nestoralfaro/Desktop/pbi-scenario-two/py_env/lib/python3.9/site-packages/airflow/example_dags/example_xcom.py
[2024-05-01T23:38:43.536-0500] {logging_mixin.py:188} INFO - [2024-05-01T23:38:43.536-0500] {dag.py:3096} INFO - Sync 1 DAGs
[2024-05-01T23:38:43.571-0500] {logging_mixin.py:188} INFO - [2024-05-01T23:38:43.571-0500] {dag.py:3954} INFO - Setting next_dagrun for example_xcom to 2021-01-01 00:00:00+00:00, run_after=2021-01-01 00:00:00+00:00
[2024-05-01T23:38:43.580-0500] {processor.py:183} INFO - Processing /Users/nestoralfaro/Desktop/pbi-scenario-two/py_env/lib/python3.9/site-packages/airflow/example_dags/example_xcom.py took 0.107 seconds
[2024-05-01T23:39:41.621-0500] {processor.py:161} INFO - Started process (PID=35118) to work on /Users/nestoralfaro/Desktop/pbi-scenario-two/py_env/lib/python3.9/site-packages/airflow/example_dags/example_xcom.py
[2024-05-01T23:39:41.624-0500] {processor.py:830} INFO - Processing file /Users/nestoralfaro/Desktop/pbi-scenario-two/py_env/lib/python3.9/site-packages/airflow/example_dags/example_xcom.py for tasks to queue
[2024-05-01T23:39:41.624-0500] {logging_mixin.py:188} INFO - [2024-05-01T23:39:41.624-0500] {dagbag.py:540} INFO - Filling up the DagBag from /Users/nestoralfaro/Desktop/pbi-scenario-two/py_env/lib/python3.9/site-packages/airflow/example_dags/example_xcom.py
[2024-05-01T23:39:41.641-0500] {processor.py:840} INFO - DAG(s) 'example_xcom' retrieved from /Users/nestoralfaro/Desktop/pbi-scenario-two/py_env/lib/python3.9/site-packages/airflow/example_dags/example_xcom.py
[2024-05-01T23:39:41.686-0500] {logging_mixin.py:188} INFO - [2024-05-01T23:39:41.685-0500] {dag.py:3096} INFO - Sync 1 DAGs
[2024-05-01T23:39:41.718-0500] {logging_mixin.py:188} INFO - [2024-05-01T23:39:41.718-0500] {dag.py:3954} INFO - Setting next_dagrun for example_xcom to 2021-01-01 00:00:00+00:00, run_after=2021-01-01 00:00:00+00:00
[2024-05-01T23:39:41.726-0500] {processor.py:183} INFO - Processing /Users/nestoralfaro/Desktop/pbi-scenario-two/py_env/lib/python3.9/site-packages/airflow/example_dags/example_xcom.py took 0.105 seconds
[2024-05-01T23:40:37.725-0500] {processor.py:161} INFO - Started process (PID=35170) to work on /Users/nestoralfaro/Desktop/pbi-scenario-two/py_env/lib/python3.9/site-packages/airflow/example_dags/example_xcom.py
[2024-05-01T23:40:37.727-0500] {processor.py:830} INFO - Processing file /Users/nestoralfaro/Desktop/pbi-scenario-two/py_env/lib/python3.9/site-packages/airflow/example_dags/example_xcom.py for tasks to queue
[2024-05-01T23:40:37.727-0500] {logging_mixin.py:188} INFO - [2024-05-01T23:40:37.727-0500] {dagbag.py:540} INFO - Filling up the DagBag from /Users/nestoralfaro/Desktop/pbi-scenario-two/py_env/lib/python3.9/site-packages/airflow/example_dags/example_xcom.py
[2024-05-01T23:40:37.745-0500] {processor.py:840} INFO - DAG(s) 'example_xcom' retrieved from /Users/nestoralfaro/Desktop/pbi-scenario-two/py_env/lib/python3.9/site-packages/airflow/example_dags/example_xcom.py
[2024-05-01T23:40:37.791-0500] {logging_mixin.py:188} INFO - [2024-05-01T23:40:37.790-0500] {dag.py:3096} INFO - Sync 1 DAGs
[2024-05-01T23:40:37.824-0500] {logging_mixin.py:188} INFO - [2024-05-01T23:40:37.824-0500] {dag.py:3954} INFO - Setting next_dagrun for example_xcom to 2021-01-01 00:00:00+00:00, run_after=2021-01-01 00:00:00+00:00
[2024-05-01T23:40:37.832-0500] {processor.py:183} INFO - Processing /Users/nestoralfaro/Desktop/pbi-scenario-two/py_env/lib/python3.9/site-packages/airflow/example_dags/example_xcom.py took 0.109 seconds
[2024-05-01T23:41:32.773-0500] {processor.py:161} INFO - Started process (PID=35206) to work on /Users/nestoralfaro/Desktop/pbi-scenario-two/py_env/lib/python3.9/site-packages/airflow/example_dags/example_xcom.py
[2024-05-01T23:41:32.775-0500] {processor.py:830} INFO - Processing file /Users/nestoralfaro/Desktop/pbi-scenario-two/py_env/lib/python3.9/site-packages/airflow/example_dags/example_xcom.py for tasks to queue
[2024-05-01T23:41:32.776-0500] {logging_mixin.py:188} INFO - [2024-05-01T23:41:32.776-0500] {dagbag.py:540} INFO - Filling up the DagBag from /Users/nestoralfaro/Desktop/pbi-scenario-two/py_env/lib/python3.9/site-packages/airflow/example_dags/example_xcom.py
[2024-05-01T23:41:32.792-0500] {processor.py:840} INFO - DAG(s) 'example_xcom' retrieved from /Users/nestoralfaro/Desktop/pbi-scenario-two/py_env/lib/python3.9/site-packages/airflow/example_dags/example_xcom.py
[2024-05-01T23:41:32.837-0500] {logging_mixin.py:188} INFO - [2024-05-01T23:41:32.837-0500] {dag.py:3096} INFO - Sync 1 DAGs
[2024-05-01T23:41:32.869-0500] {logging_mixin.py:188} INFO - [2024-05-01T23:41:32.869-0500] {dag.py:3954} INFO - Setting next_dagrun for example_xcom to 2021-01-01 00:00:00+00:00, run_after=2021-01-01 00:00:00+00:00
[2024-05-01T23:41:32.877-0500] {processor.py:183} INFO - Processing /Users/nestoralfaro/Desktop/pbi-scenario-two/py_env/lib/python3.9/site-packages/airflow/example_dags/example_xcom.py took 0.105 seconds
[2024-05-01T23:42:05.626-0500] {processor.py:161} INFO - Started process (PID=35256) to work on /Users/nestoralfaro/Desktop/pbi-scenario-two/py_env/lib/python3.9/site-packages/airflow/example_dags/example_xcom.py
[2024-05-01T23:42:05.628-0500] {processor.py:830} INFO - Processing file /Users/nestoralfaro/Desktop/pbi-scenario-two/py_env/lib/python3.9/site-packages/airflow/example_dags/example_xcom.py for tasks to queue
[2024-05-01T23:42:05.628-0500] {logging_mixin.py:188} INFO - [2024-05-01T23:42:05.628-0500] {dagbag.py:540} INFO - Filling up the DagBag from /Users/nestoralfaro/Desktop/pbi-scenario-two/py_env/lib/python3.9/site-packages/airflow/example_dags/example_xcom.py
[2024-05-01T23:42:05.645-0500] {processor.py:840} INFO - DAG(s) 'example_xcom' retrieved from /Users/nestoralfaro/Desktop/pbi-scenario-two/py_env/lib/python3.9/site-packages/airflow/example_dags/example_xcom.py
[2024-05-01T23:42:05.688-0500] {logging_mixin.py:188} INFO - [2024-05-01T23:42:05.688-0500] {dag.py:3096} INFO - Sync 1 DAGs
[2024-05-01T23:42:05.719-0500] {logging_mixin.py:188} INFO - [2024-05-01T23:42:05.718-0500] {dag.py:3954} INFO - Setting next_dagrun for example_xcom to 2021-01-01 00:00:00+00:00, run_after=2021-01-01 00:00:00+00:00
[2024-05-01T23:42:05.727-0500] {processor.py:183} INFO - Processing /Users/nestoralfaro/Desktop/pbi-scenario-two/py_env/lib/python3.9/site-packages/airflow/example_dags/example_xcom.py took 0.102 seconds
[2024-05-01T23:43:36.163-0500] {processor.py:161} INFO - Started process (PID=35309) to work on /Users/nestoralfaro/Desktop/pbi-scenario-two/py_env/lib/python3.9/site-packages/airflow/example_dags/example_xcom.py
[2024-05-01T23:43:36.165-0500] {processor.py:830} INFO - Processing file /Users/nestoralfaro/Desktop/pbi-scenario-two/py_env/lib/python3.9/site-packages/airflow/example_dags/example_xcom.py for tasks to queue
[2024-05-01T23:43:36.165-0500] {logging_mixin.py:188} INFO - [2024-05-01T23:43:36.165-0500] {dagbag.py:540} INFO - Filling up the DagBag from /Users/nestoralfaro/Desktop/pbi-scenario-two/py_env/lib/python3.9/site-packages/airflow/example_dags/example_xcom.py
[2024-05-01T23:43:36.181-0500] {processor.py:840} INFO - DAG(s) 'example_xcom' retrieved from /Users/nestoralfaro/Desktop/pbi-scenario-two/py_env/lib/python3.9/site-packages/airflow/example_dags/example_xcom.py
[2024-05-01T23:43:36.223-0500] {logging_mixin.py:188} INFO - [2024-05-01T23:43:36.223-0500] {dag.py:3096} INFO - Sync 1 DAGs
[2024-05-01T23:43:36.255-0500] {logging_mixin.py:188} INFO - [2024-05-01T23:43:36.255-0500] {dag.py:3954} INFO - Setting next_dagrun for example_xcom to 2021-01-01 00:00:00+00:00, run_after=2021-01-01 00:00:00+00:00
[2024-05-01T23:43:36.262-0500] {processor.py:183} INFO - Processing /Users/nestoralfaro/Desktop/pbi-scenario-two/py_env/lib/python3.9/site-packages/airflow/example_dags/example_xcom.py took 0.101 seconds
[2024-05-01T23:44:33.975-0500] {processor.py:161} INFO - Started process (PID=35355) to work on /Users/nestoralfaro/Desktop/pbi-scenario-two/py_env/lib/python3.9/site-packages/airflow/example_dags/example_xcom.py
[2024-05-01T23:44:33.977-0500] {processor.py:830} INFO - Processing file /Users/nestoralfaro/Desktop/pbi-scenario-two/py_env/lib/python3.9/site-packages/airflow/example_dags/example_xcom.py for tasks to queue
[2024-05-01T23:44:33.977-0500] {logging_mixin.py:188} INFO - [2024-05-01T23:44:33.977-0500] {dagbag.py:540} INFO - Filling up the DagBag from /Users/nestoralfaro/Desktop/pbi-scenario-two/py_env/lib/python3.9/site-packages/airflow/example_dags/example_xcom.py
[2024-05-01T23:44:33.992-0500] {processor.py:840} INFO - DAG(s) 'example_xcom' retrieved from /Users/nestoralfaro/Desktop/pbi-scenario-two/py_env/lib/python3.9/site-packages/airflow/example_dags/example_xcom.py
[2024-05-01T23:44:34.034-0500] {logging_mixin.py:188} INFO - [2024-05-01T23:44:34.034-0500] {dag.py:3096} INFO - Sync 1 DAGs
[2024-05-01T23:44:34.064-0500] {logging_mixin.py:188} INFO - [2024-05-01T23:44:34.064-0500] {dag.py:3954} INFO - Setting next_dagrun for example_xcom to 2021-01-01 00:00:00+00:00, run_after=2021-01-01 00:00:00+00:00
[2024-05-01T23:44:34.071-0500] {processor.py:183} INFO - Processing /Users/nestoralfaro/Desktop/pbi-scenario-two/py_env/lib/python3.9/site-packages/airflow/example_dags/example_xcom.py took 0.098 seconds
[2024-05-01T23:45:33.708-0500] {processor.py:161} INFO - Started process (PID=35393) to work on /Users/nestoralfaro/Desktop/pbi-scenario-two/py_env/lib/python3.9/site-packages/airflow/example_dags/example_xcom.py
[2024-05-01T23:45:33.709-0500] {processor.py:830} INFO - Processing file /Users/nestoralfaro/Desktop/pbi-scenario-two/py_env/lib/python3.9/site-packages/airflow/example_dags/example_xcom.py for tasks to queue
[2024-05-01T23:45:33.710-0500] {logging_mixin.py:188} INFO - [2024-05-01T23:45:33.710-0500] {dagbag.py:540} INFO - Filling up the DagBag from /Users/nestoralfaro/Desktop/pbi-scenario-two/py_env/lib/python3.9/site-packages/airflow/example_dags/example_xcom.py
[2024-05-01T23:45:33.726-0500] {processor.py:840} INFO - DAG(s) 'example_xcom' retrieved from /Users/nestoralfaro/Desktop/pbi-scenario-two/py_env/lib/python3.9/site-packages/airflow/example_dags/example_xcom.py
[2024-05-01T23:45:33.772-0500] {logging_mixin.py:188} INFO - [2024-05-01T23:45:33.772-0500] {dag.py:3096} INFO - Sync 1 DAGs
[2024-05-01T23:45:33.805-0500] {logging_mixin.py:188} INFO - [2024-05-01T23:45:33.805-0500] {dag.py:3954} INFO - Setting next_dagrun for example_xcom to 2021-01-01 00:00:00+00:00, run_after=2021-01-01 00:00:00+00:00
[2024-05-01T23:45:33.813-0500] {processor.py:183} INFO - Processing /Users/nestoralfaro/Desktop/pbi-scenario-two/py_env/lib/python3.9/site-packages/airflow/example_dags/example_xcom.py took 0.106 seconds
[2024-05-01T23:46:30.459-0500] {processor.py:161} INFO - Started process (PID=35428) to work on /Users/nestoralfaro/Desktop/pbi-scenario-two/py_env/lib/python3.9/site-packages/airflow/example_dags/example_xcom.py
[2024-05-01T23:46:30.461-0500] {processor.py:830} INFO - Processing file /Users/nestoralfaro/Desktop/pbi-scenario-two/py_env/lib/python3.9/site-packages/airflow/example_dags/example_xcom.py for tasks to queue
[2024-05-01T23:46:30.461-0500] {logging_mixin.py:188} INFO - [2024-05-01T23:46:30.461-0500] {dagbag.py:540} INFO - Filling up the DagBag from /Users/nestoralfaro/Desktop/pbi-scenario-two/py_env/lib/python3.9/site-packages/airflow/example_dags/example_xcom.py
[2024-05-01T23:46:30.477-0500] {processor.py:840} INFO - DAG(s) 'example_xcom' retrieved from /Users/nestoralfaro/Desktop/pbi-scenario-two/py_env/lib/python3.9/site-packages/airflow/example_dags/example_xcom.py
[2024-05-01T23:46:30.517-0500] {logging_mixin.py:188} INFO - [2024-05-01T23:46:30.517-0500] {dag.py:3096} INFO - Sync 1 DAGs
[2024-05-01T23:46:30.546-0500] {logging_mixin.py:188} INFO - [2024-05-01T23:46:30.546-0500] {dag.py:3954} INFO - Setting next_dagrun for example_xcom to 2021-01-01 00:00:00+00:00, run_after=2021-01-01 00:00:00+00:00
[2024-05-01T23:46:30.553-0500] {processor.py:183} INFO - Processing /Users/nestoralfaro/Desktop/pbi-scenario-two/py_env/lib/python3.9/site-packages/airflow/example_dags/example_xcom.py took 0.095 seconds
[2024-05-01T23:47:25.393-0500] {processor.py:161} INFO - Started process (PID=35471) to work on /Users/nestoralfaro/Desktop/pbi-scenario-two/py_env/lib/python3.9/site-packages/airflow/example_dags/example_xcom.py
[2024-05-01T23:47:25.395-0500] {processor.py:830} INFO - Processing file /Users/nestoralfaro/Desktop/pbi-scenario-two/py_env/lib/python3.9/site-packages/airflow/example_dags/example_xcom.py for tasks to queue
[2024-05-01T23:47:25.395-0500] {logging_mixin.py:188} INFO - [2024-05-01T23:47:25.395-0500] {dagbag.py:540} INFO - Filling up the DagBag from /Users/nestoralfaro/Desktop/pbi-scenario-two/py_env/lib/python3.9/site-packages/airflow/example_dags/example_xcom.py
[2024-05-01T23:47:25.411-0500] {processor.py:840} INFO - DAG(s) 'example_xcom' retrieved from /Users/nestoralfaro/Desktop/pbi-scenario-two/py_env/lib/python3.9/site-packages/airflow/example_dags/example_xcom.py
[2024-05-01T23:47:25.453-0500] {logging_mixin.py:188} INFO - [2024-05-01T23:47:25.453-0500] {dag.py:3096} INFO - Sync 1 DAGs
[2024-05-01T23:47:25.485-0500] {logging_mixin.py:188} INFO - [2024-05-01T23:47:25.485-0500] {dag.py:3954} INFO - Setting next_dagrun for example_xcom to 2021-01-01 00:00:00+00:00, run_after=2021-01-01 00:00:00+00:00
[2024-05-01T23:47:25.494-0500] {processor.py:183} INFO - Processing /Users/nestoralfaro/Desktop/pbi-scenario-two/py_env/lib/python3.9/site-packages/airflow/example_dags/example_xcom.py took 0.101 seconds
[2024-05-01T23:48:20.877-0500] {processor.py:161} INFO - Started process (PID=35506) to work on /Users/nestoralfaro/Desktop/pbi-scenario-two/py_env/lib/python3.9/site-packages/airflow/example_dags/example_xcom.py
[2024-05-01T23:48:20.879-0500] {processor.py:830} INFO - Processing file /Users/nestoralfaro/Desktop/pbi-scenario-two/py_env/lib/python3.9/site-packages/airflow/example_dags/example_xcom.py for tasks to queue
[2024-05-01T23:48:20.879-0500] {logging_mixin.py:188} INFO - [2024-05-01T23:48:20.879-0500] {dagbag.py:540} INFO - Filling up the DagBag from /Users/nestoralfaro/Desktop/pbi-scenario-two/py_env/lib/python3.9/site-packages/airflow/example_dags/example_xcom.py
[2024-05-01T23:48:20.894-0500] {processor.py:840} INFO - DAG(s) 'example_xcom' retrieved from /Users/nestoralfaro/Desktop/pbi-scenario-two/py_env/lib/python3.9/site-packages/airflow/example_dags/example_xcom.py
[2024-05-01T23:48:20.934-0500] {logging_mixin.py:188} INFO - [2024-05-01T23:48:20.934-0500] {dag.py:3096} INFO - Sync 1 DAGs
[2024-05-01T23:48:20.963-0500] {logging_mixin.py:188} INFO - [2024-05-01T23:48:20.963-0500] {dag.py:3954} INFO - Setting next_dagrun for example_xcom to 2021-01-01 00:00:00+00:00, run_after=2021-01-01 00:00:00+00:00
[2024-05-01T23:48:20.970-0500] {processor.py:183} INFO - Processing /Users/nestoralfaro/Desktop/pbi-scenario-two/py_env/lib/python3.9/site-packages/airflow/example_dags/example_xcom.py took 0.094 seconds
[2024-05-01T23:49:16.915-0500] {processor.py:161} INFO - Started process (PID=35549) to work on /Users/nestoralfaro/Desktop/pbi-scenario-two/py_env/lib/python3.9/site-packages/airflow/example_dags/example_xcom.py
[2024-05-01T23:49:16.916-0500] {processor.py:830} INFO - Processing file /Users/nestoralfaro/Desktop/pbi-scenario-two/py_env/lib/python3.9/site-packages/airflow/example_dags/example_xcom.py for tasks to queue
[2024-05-01T23:49:16.916-0500] {logging_mixin.py:188} INFO - [2024-05-01T23:49:16.916-0500] {dagbag.py:540} INFO - Filling up the DagBag from /Users/nestoralfaro/Desktop/pbi-scenario-two/py_env/lib/python3.9/site-packages/airflow/example_dags/example_xcom.py
[2024-05-01T23:49:16.933-0500] {processor.py:840} INFO - DAG(s) 'example_xcom' retrieved from /Users/nestoralfaro/Desktop/pbi-scenario-two/py_env/lib/python3.9/site-packages/airflow/example_dags/example_xcom.py
[2024-05-01T23:49:16.977-0500] {logging_mixin.py:188} INFO - [2024-05-01T23:49:16.977-0500] {dag.py:3096} INFO - Sync 1 DAGs
[2024-05-01T23:49:17.008-0500] {logging_mixin.py:188} INFO - [2024-05-01T23:49:17.008-0500] {dag.py:3954} INFO - Setting next_dagrun for example_xcom to 2021-01-01 00:00:00+00:00, run_after=2021-01-01 00:00:00+00:00
[2024-05-01T23:49:17.016-0500] {processor.py:183} INFO - Processing /Users/nestoralfaro/Desktop/pbi-scenario-two/py_env/lib/python3.9/site-packages/airflow/example_dags/example_xcom.py took 0.103 seconds
[2024-05-01T23:50:17.558-0500] {processor.py:161} INFO - Started process (PID=35585) to work on /Users/nestoralfaro/Desktop/pbi-scenario-two/py_env/lib/python3.9/site-packages/airflow/example_dags/example_xcom.py
[2024-05-01T23:50:17.559-0500] {processor.py:830} INFO - Processing file /Users/nestoralfaro/Desktop/pbi-scenario-two/py_env/lib/python3.9/site-packages/airflow/example_dags/example_xcom.py for tasks to queue
[2024-05-01T23:50:17.560-0500] {logging_mixin.py:188} INFO - [2024-05-01T23:50:17.560-0500] {dagbag.py:540} INFO - Filling up the DagBag from /Users/nestoralfaro/Desktop/pbi-scenario-two/py_env/lib/python3.9/site-packages/airflow/example_dags/example_xcom.py
[2024-05-01T23:50:17.577-0500] {processor.py:840} INFO - DAG(s) 'example_xcom' retrieved from /Users/nestoralfaro/Desktop/pbi-scenario-two/py_env/lib/python3.9/site-packages/airflow/example_dags/example_xcom.py
[2024-05-01T23:50:17.618-0500] {logging_mixin.py:188} INFO - [2024-05-01T23:50:17.618-0500] {dag.py:3096} INFO - Sync 1 DAGs
[2024-05-01T23:50:17.650-0500] {logging_mixin.py:188} INFO - [2024-05-01T23:50:17.650-0500] {dag.py:3954} INFO - Setting next_dagrun for example_xcom to 2021-01-01 00:00:00+00:00, run_after=2021-01-01 00:00:00+00:00
[2024-05-01T23:50:17.657-0500] {processor.py:183} INFO - Processing /Users/nestoralfaro/Desktop/pbi-scenario-two/py_env/lib/python3.9/site-packages/airflow/example_dags/example_xcom.py took 0.100 seconds
[2024-05-01T23:51:12.713-0500] {processor.py:161} INFO - Started process (PID=35620) to work on /Users/nestoralfaro/Desktop/pbi-scenario-two/py_env/lib/python3.9/site-packages/airflow/example_dags/example_xcom.py
[2024-05-01T23:51:12.714-0500] {processor.py:830} INFO - Processing file /Users/nestoralfaro/Desktop/pbi-scenario-two/py_env/lib/python3.9/site-packages/airflow/example_dags/example_xcom.py for tasks to queue
[2024-05-01T23:51:12.714-0500] {logging_mixin.py:188} INFO - [2024-05-01T23:51:12.714-0500] {dagbag.py:540} INFO - Filling up the DagBag from /Users/nestoralfaro/Desktop/pbi-scenario-two/py_env/lib/python3.9/site-packages/airflow/example_dags/example_xcom.py
[2024-05-01T23:51:12.731-0500] {processor.py:840} INFO - DAG(s) 'example_xcom' retrieved from /Users/nestoralfaro/Desktop/pbi-scenario-two/py_env/lib/python3.9/site-packages/airflow/example_dags/example_xcom.py
[2024-05-01T23:51:12.775-0500] {logging_mixin.py:188} INFO - [2024-05-01T23:51:12.775-0500] {dag.py:3096} INFO - Sync 1 DAGs
[2024-05-01T23:51:12.808-0500] {logging_mixin.py:188} INFO - [2024-05-01T23:51:12.808-0500] {dag.py:3954} INFO - Setting next_dagrun for example_xcom to 2021-01-01 00:00:00+00:00, run_after=2021-01-01 00:00:00+00:00
[2024-05-01T23:51:12.816-0500] {processor.py:183} INFO - Processing /Users/nestoralfaro/Desktop/pbi-scenario-two/py_env/lib/python3.9/site-packages/airflow/example_dags/example_xcom.py took 0.104 seconds
[2024-05-01T23:52:09.309-0500] {processor.py:161} INFO - Started process (PID=35670) to work on /Users/nestoralfaro/Desktop/pbi-scenario-two/py_env/lib/python3.9/site-packages/airflow/example_dags/example_xcom.py
[2024-05-01T23:52:09.310-0500] {processor.py:830} INFO - Processing file /Users/nestoralfaro/Desktop/pbi-scenario-two/py_env/lib/python3.9/site-packages/airflow/example_dags/example_xcom.py for tasks to queue
[2024-05-01T23:52:09.310-0500] {logging_mixin.py:188} INFO - [2024-05-01T23:52:09.310-0500] {dagbag.py:540} INFO - Filling up the DagBag from /Users/nestoralfaro/Desktop/pbi-scenario-two/py_env/lib/python3.9/site-packages/airflow/example_dags/example_xcom.py
[2024-05-01T23:52:09.326-0500] {processor.py:840} INFO - DAG(s) 'example_xcom' retrieved from /Users/nestoralfaro/Desktop/pbi-scenario-two/py_env/lib/python3.9/site-packages/airflow/example_dags/example_xcom.py
[2024-05-01T23:52:09.371-0500] {logging_mixin.py:188} INFO - [2024-05-01T23:52:09.371-0500] {dag.py:3096} INFO - Sync 1 DAGs
[2024-05-01T23:52:09.401-0500] {logging_mixin.py:188} INFO - [2024-05-01T23:52:09.401-0500] {dag.py:3954} INFO - Setting next_dagrun for example_xcom to 2021-01-01 00:00:00+00:00, run_after=2021-01-01 00:00:00+00:00
[2024-05-01T23:52:09.409-0500] {processor.py:183} INFO - Processing /Users/nestoralfaro/Desktop/pbi-scenario-two/py_env/lib/python3.9/site-packages/airflow/example_dags/example_xcom.py took 0.101 seconds
[2024-05-01T23:53:08.663-0500] {processor.py:161} INFO - Started process (PID=35705) to work on /Users/nestoralfaro/Desktop/pbi-scenario-two/py_env/lib/python3.9/site-packages/airflow/example_dags/example_xcom.py
[2024-05-01T23:53:08.664-0500] {processor.py:830} INFO - Processing file /Users/nestoralfaro/Desktop/pbi-scenario-two/py_env/lib/python3.9/site-packages/airflow/example_dags/example_xcom.py for tasks to queue
[2024-05-01T23:53:08.664-0500] {logging_mixin.py:188} INFO - [2024-05-01T23:53:08.664-0500] {dagbag.py:540} INFO - Filling up the DagBag from /Users/nestoralfaro/Desktop/pbi-scenario-two/py_env/lib/python3.9/site-packages/airflow/example_dags/example_xcom.py
[2024-05-01T23:53:08.681-0500] {processor.py:840} INFO - DAG(s) 'example_xcom' retrieved from /Users/nestoralfaro/Desktop/pbi-scenario-two/py_env/lib/python3.9/site-packages/airflow/example_dags/example_xcom.py
[2024-05-01T23:53:08.723-0500] {logging_mixin.py:188} INFO - [2024-05-01T23:53:08.723-0500] {dag.py:3096} INFO - Sync 1 DAGs
[2024-05-01T23:53:08.753-0500] {logging_mixin.py:188} INFO - [2024-05-01T23:53:08.753-0500] {dag.py:3954} INFO - Setting next_dagrun for example_xcom to 2021-01-01 00:00:00+00:00, run_after=2021-01-01 00:00:00+00:00
[2024-05-01T23:53:08.760-0500] {processor.py:183} INFO - Processing /Users/nestoralfaro/Desktop/pbi-scenario-two/py_env/lib/python3.9/site-packages/airflow/example_dags/example_xcom.py took 0.098 seconds
[2024-05-01T23:54:06.810-0500] {processor.py:161} INFO - Started process (PID=35739) to work on /Users/nestoralfaro/Desktop/pbi-scenario-two/py_env/lib/python3.9/site-packages/airflow/example_dags/example_xcom.py
[2024-05-01T23:54:06.811-0500] {processor.py:830} INFO - Processing file /Users/nestoralfaro/Desktop/pbi-scenario-two/py_env/lib/python3.9/site-packages/airflow/example_dags/example_xcom.py for tasks to queue
[2024-05-01T23:54:06.812-0500] {logging_mixin.py:188} INFO - [2024-05-01T23:54:06.812-0500] {dagbag.py:540} INFO - Filling up the DagBag from /Users/nestoralfaro/Desktop/pbi-scenario-two/py_env/lib/python3.9/site-packages/airflow/example_dags/example_xcom.py
[2024-05-01T23:54:06.828-0500] {processor.py:840} INFO - DAG(s) 'example_xcom' retrieved from /Users/nestoralfaro/Desktop/pbi-scenario-two/py_env/lib/python3.9/site-packages/airflow/example_dags/example_xcom.py
[2024-05-01T23:54:06.871-0500] {logging_mixin.py:188} INFO - [2024-05-01T23:54:06.871-0500] {dag.py:3096} INFO - Sync 1 DAGs
[2024-05-01T23:54:06.901-0500] {logging_mixin.py:188} INFO - [2024-05-01T23:54:06.901-0500] {dag.py:3954} INFO - Setting next_dagrun for example_xcom to 2021-01-01 00:00:00+00:00, run_after=2021-01-01 00:00:00+00:00
[2024-05-01T23:54:06.908-0500] {processor.py:183} INFO - Processing /Users/nestoralfaro/Desktop/pbi-scenario-two/py_env/lib/python3.9/site-packages/airflow/example_dags/example_xcom.py took 0.100 seconds
[2024-05-01T23:55:03.681-0500] {processor.py:161} INFO - Started process (PID=35774) to work on /Users/nestoralfaro/Desktop/pbi-scenario-two/py_env/lib/python3.9/site-packages/airflow/example_dags/example_xcom.py
[2024-05-01T23:55:03.682-0500] {processor.py:830} INFO - Processing file /Users/nestoralfaro/Desktop/pbi-scenario-two/py_env/lib/python3.9/site-packages/airflow/example_dags/example_xcom.py for tasks to queue
[2024-05-01T23:55:03.682-0500] {logging_mixin.py:188} INFO - [2024-05-01T23:55:03.682-0500] {dagbag.py:540} INFO - Filling up the DagBag from /Users/nestoralfaro/Desktop/pbi-scenario-two/py_env/lib/python3.9/site-packages/airflow/example_dags/example_xcom.py
[2024-05-01T23:55:03.699-0500] {processor.py:840} INFO - DAG(s) 'example_xcom' retrieved from /Users/nestoralfaro/Desktop/pbi-scenario-two/py_env/lib/python3.9/site-packages/airflow/example_dags/example_xcom.py
[2024-05-01T23:55:03.741-0500] {logging_mixin.py:188} INFO - [2024-05-01T23:55:03.741-0500] {dag.py:3096} INFO - Sync 1 DAGs
[2024-05-01T23:55:03.771-0500] {logging_mixin.py:188} INFO - [2024-05-01T23:55:03.771-0500] {dag.py:3954} INFO - Setting next_dagrun for example_xcom to 2021-01-01 00:00:00+00:00, run_after=2021-01-01 00:00:00+00:00
[2024-05-01T23:55:03.780-0500] {processor.py:183} INFO - Processing /Users/nestoralfaro/Desktop/pbi-scenario-two/py_env/lib/python3.9/site-packages/airflow/example_dags/example_xcom.py took 0.100 seconds
[2024-05-01T23:56:02.908-0500] {processor.py:161} INFO - Started process (PID=35809) to work on /Users/nestoralfaro/Desktop/pbi-scenario-two/py_env/lib/python3.9/site-packages/airflow/example_dags/example_xcom.py
[2024-05-01T23:56:02.909-0500] {processor.py:830} INFO - Processing file /Users/nestoralfaro/Desktop/pbi-scenario-two/py_env/lib/python3.9/site-packages/airflow/example_dags/example_xcom.py for tasks to queue
[2024-05-01T23:56:02.909-0500] {logging_mixin.py:188} INFO - [2024-05-01T23:56:02.909-0500] {dagbag.py:540} INFO - Filling up the DagBag from /Users/nestoralfaro/Desktop/pbi-scenario-two/py_env/lib/python3.9/site-packages/airflow/example_dags/example_xcom.py
[2024-05-01T23:56:02.925-0500] {processor.py:840} INFO - DAG(s) 'example_xcom' retrieved from /Users/nestoralfaro/Desktop/pbi-scenario-two/py_env/lib/python3.9/site-packages/airflow/example_dags/example_xcom.py
[2024-05-01T23:56:02.966-0500] {logging_mixin.py:188} INFO - [2024-05-01T23:56:02.966-0500] {dag.py:3096} INFO - Sync 1 DAGs
[2024-05-01T23:56:02.995-0500] {logging_mixin.py:188} INFO - [2024-05-01T23:56:02.995-0500] {dag.py:3954} INFO - Setting next_dagrun for example_xcom to 2021-01-01 00:00:00+00:00, run_after=2021-01-01 00:00:00+00:00
[2024-05-01T23:56:03.002-0500] {processor.py:183} INFO - Processing /Users/nestoralfaro/Desktop/pbi-scenario-two/py_env/lib/python3.9/site-packages/airflow/example_dags/example_xcom.py took 0.096 seconds
[2024-05-01T23:56:56.292-0500] {processor.py:161} INFO - Started process (PID=35843) to work on /Users/nestoralfaro/Desktop/pbi-scenario-two/py_env/lib/python3.9/site-packages/airflow/example_dags/example_xcom.py
[2024-05-01T23:56:56.294-0500] {processor.py:830} INFO - Processing file /Users/nestoralfaro/Desktop/pbi-scenario-two/py_env/lib/python3.9/site-packages/airflow/example_dags/example_xcom.py for tasks to queue
[2024-05-01T23:56:56.294-0500] {logging_mixin.py:188} INFO - [2024-05-01T23:56:56.294-0500] {dagbag.py:540} INFO - Filling up the DagBag from /Users/nestoralfaro/Desktop/pbi-scenario-two/py_env/lib/python3.9/site-packages/airflow/example_dags/example_xcom.py
[2024-05-01T23:56:56.310-0500] {processor.py:840} INFO - DAG(s) 'example_xcom' retrieved from /Users/nestoralfaro/Desktop/pbi-scenario-two/py_env/lib/python3.9/site-packages/airflow/example_dags/example_xcom.py
[2024-05-01T23:56:56.351-0500] {logging_mixin.py:188} INFO - [2024-05-01T23:56:56.351-0500] {dag.py:3096} INFO - Sync 1 DAGs
[2024-05-01T23:56:56.379-0500] {logging_mixin.py:188} INFO - [2024-05-01T23:56:56.379-0500] {dag.py:3954} INFO - Setting next_dagrun for example_xcom to 2021-01-01 00:00:00+00:00, run_after=2021-01-01 00:00:00+00:00
[2024-05-01T23:56:56.386-0500] {processor.py:183} INFO - Processing /Users/nestoralfaro/Desktop/pbi-scenario-two/py_env/lib/python3.9/site-packages/airflow/example_dags/example_xcom.py took 0.095 seconds
[2024-05-01T23:57:52.899-0500] {processor.py:161} INFO - Started process (PID=35876) to work on /Users/nestoralfaro/Desktop/pbi-scenario-two/py_env/lib/python3.9/site-packages/airflow/example_dags/example_xcom.py
[2024-05-01T23:57:52.900-0500] {processor.py:830} INFO - Processing file /Users/nestoralfaro/Desktop/pbi-scenario-two/py_env/lib/python3.9/site-packages/airflow/example_dags/example_xcom.py for tasks to queue
[2024-05-01T23:57:52.901-0500] {logging_mixin.py:188} INFO - [2024-05-01T23:57:52.901-0500] {dagbag.py:540} INFO - Filling up the DagBag from /Users/nestoralfaro/Desktop/pbi-scenario-two/py_env/lib/python3.9/site-packages/airflow/example_dags/example_xcom.py
[2024-05-01T23:57:52.916-0500] {processor.py:840} INFO - DAG(s) 'example_xcom' retrieved from /Users/nestoralfaro/Desktop/pbi-scenario-two/py_env/lib/python3.9/site-packages/airflow/example_dags/example_xcom.py
[2024-05-01T23:57:52.957-0500] {logging_mixin.py:188} INFO - [2024-05-01T23:57:52.957-0500] {dag.py:3096} INFO - Sync 1 DAGs
[2024-05-01T23:57:52.985-0500] {logging_mixin.py:188} INFO - [2024-05-01T23:57:52.985-0500] {dag.py:3954} INFO - Setting next_dagrun for example_xcom to 2021-01-01 00:00:00+00:00, run_after=2021-01-01 00:00:00+00:00
[2024-05-01T23:57:52.992-0500] {processor.py:183} INFO - Processing /Users/nestoralfaro/Desktop/pbi-scenario-two/py_env/lib/python3.9/site-packages/airflow/example_dags/example_xcom.py took 0.094 seconds
[2024-05-01T23:58:49.602-0500] {processor.py:161} INFO - Started process (PID=35911) to work on /Users/nestoralfaro/Desktop/pbi-scenario-two/py_env/lib/python3.9/site-packages/airflow/example_dags/example_xcom.py
[2024-05-01T23:58:49.604-0500] {processor.py:830} INFO - Processing file /Users/nestoralfaro/Desktop/pbi-scenario-two/py_env/lib/python3.9/site-packages/airflow/example_dags/example_xcom.py for tasks to queue
[2024-05-01T23:58:49.604-0500] {logging_mixin.py:188} INFO - [2024-05-01T23:58:49.604-0500] {dagbag.py:540} INFO - Filling up the DagBag from /Users/nestoralfaro/Desktop/pbi-scenario-two/py_env/lib/python3.9/site-packages/airflow/example_dags/example_xcom.py
[2024-05-01T23:58:49.619-0500] {processor.py:840} INFO - DAG(s) 'example_xcom' retrieved from /Users/nestoralfaro/Desktop/pbi-scenario-two/py_env/lib/python3.9/site-packages/airflow/example_dags/example_xcom.py
[2024-05-01T23:58:49.660-0500] {logging_mixin.py:188} INFO - [2024-05-01T23:58:49.660-0500] {dag.py:3096} INFO - Sync 1 DAGs
[2024-05-01T23:58:49.689-0500] {logging_mixin.py:188} INFO - [2024-05-01T23:58:49.689-0500] {dag.py:3954} INFO - Setting next_dagrun for example_xcom to 2021-01-01 00:00:00+00:00, run_after=2021-01-01 00:00:00+00:00
[2024-05-01T23:58:49.696-0500] {processor.py:183} INFO - Processing /Users/nestoralfaro/Desktop/pbi-scenario-two/py_env/lib/python3.9/site-packages/airflow/example_dags/example_xcom.py took 0.095 seconds
[2024-05-01T23:59:45.968-0500] {processor.py:161} INFO - Started process (PID=35948) to work on /Users/nestoralfaro/Desktop/pbi-scenario-two/py_env/lib/python3.9/site-packages/airflow/example_dags/example_xcom.py
[2024-05-01T23:59:45.969-0500] {processor.py:830} INFO - Processing file /Users/nestoralfaro/Desktop/pbi-scenario-two/py_env/lib/python3.9/site-packages/airflow/example_dags/example_xcom.py for tasks to queue
[2024-05-01T23:59:45.969-0500] {logging_mixin.py:188} INFO - [2024-05-01T23:59:45.969-0500] {dagbag.py:540} INFO - Filling up the DagBag from /Users/nestoralfaro/Desktop/pbi-scenario-two/py_env/lib/python3.9/site-packages/airflow/example_dags/example_xcom.py
[2024-05-01T23:59:45.985-0500] {processor.py:840} INFO - DAG(s) 'example_xcom' retrieved from /Users/nestoralfaro/Desktop/pbi-scenario-two/py_env/lib/python3.9/site-packages/airflow/example_dags/example_xcom.py
[2024-05-01T23:59:46.025-0500] {logging_mixin.py:188} INFO - [2024-05-01T23:59:46.025-0500] {dag.py:3096} INFO - Sync 1 DAGs
[2024-05-01T23:59:46.054-0500] {logging_mixin.py:188} INFO - [2024-05-01T23:59:46.053-0500] {dag.py:3954} INFO - Setting next_dagrun for example_xcom to 2021-01-01 00:00:00+00:00, run_after=2021-01-01 00:00:00+00:00
[2024-05-01T23:59:46.061-0500] {processor.py:183} INFO - Processing /Users/nestoralfaro/Desktop/pbi-scenario-two/py_env/lib/python3.9/site-packages/airflow/example_dags/example_xcom.py took 0.094 seconds
[2024-05-02T00:00:37.879-0500] {processor.py:161} INFO - Started process (PID=36006) to work on /Users/nestoralfaro/Desktop/pbi-scenario-two/py_env/lib/python3.9/site-packages/airflow/example_dags/example_xcom.py
[2024-05-02T00:00:37.881-0500] {processor.py:830} INFO - Processing file /Users/nestoralfaro/Desktop/pbi-scenario-two/py_env/lib/python3.9/site-packages/airflow/example_dags/example_xcom.py for tasks to queue
[2024-05-02T00:00:37.881-0500] {logging_mixin.py:188} INFO - [2024-05-02T00:00:37.881-0500] {dagbag.py:540} INFO - Filling up the DagBag from /Users/nestoralfaro/Desktop/pbi-scenario-two/py_env/lib/python3.9/site-packages/airflow/example_dags/example_xcom.py
[2024-05-02T00:00:37.896-0500] {processor.py:840} INFO - DAG(s) 'example_xcom' retrieved from /Users/nestoralfaro/Desktop/pbi-scenario-two/py_env/lib/python3.9/site-packages/airflow/example_dags/example_xcom.py
[2024-05-02T00:00:37.937-0500] {logging_mixin.py:188} INFO - [2024-05-02T00:00:37.936-0500] {dag.py:3096} INFO - Sync 1 DAGs
[2024-05-02T00:00:37.965-0500] {logging_mixin.py:188} INFO - [2024-05-02T00:00:37.965-0500] {dag.py:3954} INFO - Setting next_dagrun for example_xcom to 2021-01-01 00:00:00+00:00, run_after=2021-01-01 00:00:00+00:00
[2024-05-02T00:00:37.973-0500] {processor.py:183} INFO - Processing /Users/nestoralfaro/Desktop/pbi-scenario-two/py_env/lib/python3.9/site-packages/airflow/example_dags/example_xcom.py took 0.095 seconds
[2024-05-02T00:01:36.832-0500] {processor.py:161} INFO - Started process (PID=36045) to work on /Users/nestoralfaro/Desktop/pbi-scenario-two/py_env/lib/python3.9/site-packages/airflow/example_dags/example_xcom.py
[2024-05-02T00:01:36.833-0500] {processor.py:830} INFO - Processing file /Users/nestoralfaro/Desktop/pbi-scenario-two/py_env/lib/python3.9/site-packages/airflow/example_dags/example_xcom.py for tasks to queue
[2024-05-02T00:01:36.833-0500] {logging_mixin.py:188} INFO - [2024-05-02T00:01:36.833-0500] {dagbag.py:540} INFO - Filling up the DagBag from /Users/nestoralfaro/Desktop/pbi-scenario-two/py_env/lib/python3.9/site-packages/airflow/example_dags/example_xcom.py
[2024-05-02T00:01:36.850-0500] {processor.py:840} INFO - DAG(s) 'example_xcom' retrieved from /Users/nestoralfaro/Desktop/pbi-scenario-two/py_env/lib/python3.9/site-packages/airflow/example_dags/example_xcom.py
[2024-05-02T00:01:36.897-0500] {logging_mixin.py:188} INFO - [2024-05-02T00:01:36.896-0500] {dag.py:3096} INFO - Sync 1 DAGs
[2024-05-02T00:01:36.929-0500] {logging_mixin.py:188} INFO - [2024-05-02T00:01:36.928-0500] {dag.py:3954} INFO - Setting next_dagrun for example_xcom to 2021-01-01 00:00:00+00:00, run_after=2021-01-01 00:00:00+00:00
[2024-05-02T00:01:36.938-0500] {processor.py:183} INFO - Processing /Users/nestoralfaro/Desktop/pbi-scenario-two/py_env/lib/python3.9/site-packages/airflow/example_dags/example_xcom.py took 0.107 seconds
[2024-05-02T00:02:35.573-0500] {processor.py:161} INFO - Started process (PID=36087) to work on /Users/nestoralfaro/Desktop/pbi-scenario-two/py_env/lib/python3.9/site-packages/airflow/example_dags/example_xcom.py
[2024-05-02T00:02:35.575-0500] {processor.py:830} INFO - Processing file /Users/nestoralfaro/Desktop/pbi-scenario-two/py_env/lib/python3.9/site-packages/airflow/example_dags/example_xcom.py for tasks to queue
[2024-05-02T00:02:35.576-0500] {logging_mixin.py:188} INFO - [2024-05-02T00:02:35.575-0500] {dagbag.py:540} INFO - Filling up the DagBag from /Users/nestoralfaro/Desktop/pbi-scenario-two/py_env/lib/python3.9/site-packages/airflow/example_dags/example_xcom.py
[2024-05-02T00:02:35.592-0500] {processor.py:840} INFO - DAG(s) 'example_xcom' retrieved from /Users/nestoralfaro/Desktop/pbi-scenario-two/py_env/lib/python3.9/site-packages/airflow/example_dags/example_xcom.py
[2024-05-02T00:02:35.632-0500] {logging_mixin.py:188} INFO - [2024-05-02T00:02:35.632-0500] {dag.py:3096} INFO - Sync 1 DAGs
[2024-05-02T00:02:35.662-0500] {logging_mixin.py:188} INFO - [2024-05-02T00:02:35.662-0500] {dag.py:3954} INFO - Setting next_dagrun for example_xcom to 2021-01-01 00:00:00+00:00, run_after=2021-01-01 00:00:00+00:00
[2024-05-02T00:02:35.669-0500] {processor.py:183} INFO - Processing /Users/nestoralfaro/Desktop/pbi-scenario-two/py_env/lib/python3.9/site-packages/airflow/example_dags/example_xcom.py took 0.097 seconds
[2024-05-02T00:03:34.898-0500] {processor.py:161} INFO - Started process (PID=36126) to work on /Users/nestoralfaro/Desktop/pbi-scenario-two/py_env/lib/python3.9/site-packages/airflow/example_dags/example_xcom.py
[2024-05-02T00:03:34.900-0500] {processor.py:830} INFO - Processing file /Users/nestoralfaro/Desktop/pbi-scenario-two/py_env/lib/python3.9/site-packages/airflow/example_dags/example_xcom.py for tasks to queue
[2024-05-02T00:03:34.901-0500] {logging_mixin.py:188} INFO - [2024-05-02T00:03:34.900-0500] {dagbag.py:540} INFO - Filling up the DagBag from /Users/nestoralfaro/Desktop/pbi-scenario-two/py_env/lib/python3.9/site-packages/airflow/example_dags/example_xcom.py
[2024-05-02T00:03:34.916-0500] {processor.py:840} INFO - DAG(s) 'example_xcom' retrieved from /Users/nestoralfaro/Desktop/pbi-scenario-two/py_env/lib/python3.9/site-packages/airflow/example_dags/example_xcom.py
[2024-05-02T00:03:34.956-0500] {logging_mixin.py:188} INFO - [2024-05-02T00:03:34.955-0500] {dag.py:3096} INFO - Sync 1 DAGs
[2024-05-02T00:03:34.984-0500] {logging_mixin.py:188} INFO - [2024-05-02T00:03:34.983-0500] {dag.py:3954} INFO - Setting next_dagrun for example_xcom to 2021-01-01 00:00:00+00:00, run_after=2021-01-01 00:00:00+00:00
[2024-05-02T00:03:34.991-0500] {processor.py:183} INFO - Processing /Users/nestoralfaro/Desktop/pbi-scenario-two/py_env/lib/python3.9/site-packages/airflow/example_dags/example_xcom.py took 0.094 seconds
[2024-05-02T00:04:32.108-0500] {processor.py:161} INFO - Started process (PID=36165) to work on /Users/nestoralfaro/Desktop/pbi-scenario-two/py_env/lib/python3.9/site-packages/airflow/example_dags/example_xcom.py
[2024-05-02T00:04:32.110-0500] {processor.py:830} INFO - Processing file /Users/nestoralfaro/Desktop/pbi-scenario-two/py_env/lib/python3.9/site-packages/airflow/example_dags/example_xcom.py for tasks to queue
[2024-05-02T00:04:32.110-0500] {logging_mixin.py:188} INFO - [2024-05-02T00:04:32.110-0500] {dagbag.py:540} INFO - Filling up the DagBag from /Users/nestoralfaro/Desktop/pbi-scenario-two/py_env/lib/python3.9/site-packages/airflow/example_dags/example_xcom.py
[2024-05-02T00:04:32.128-0500] {processor.py:840} INFO - DAG(s) 'example_xcom' retrieved from /Users/nestoralfaro/Desktop/pbi-scenario-two/py_env/lib/python3.9/site-packages/airflow/example_dags/example_xcom.py
[2024-05-02T00:04:32.172-0500] {logging_mixin.py:188} INFO - [2024-05-02T00:04:32.172-0500] {dag.py:3096} INFO - Sync 1 DAGs
[2024-05-02T00:04:32.205-0500] {logging_mixin.py:188} INFO - [2024-05-02T00:04:32.205-0500] {dag.py:3954} INFO - Setting next_dagrun for example_xcom to 2021-01-01 00:00:00+00:00, run_after=2021-01-01 00:00:00+00:00
[2024-05-02T00:04:32.213-0500] {processor.py:183} INFO - Processing /Users/nestoralfaro/Desktop/pbi-scenario-two/py_env/lib/python3.9/site-packages/airflow/example_dags/example_xcom.py took 0.106 seconds
[2024-05-02T00:05:26.569-0500] {processor.py:161} INFO - Started process (PID=36201) to work on /Users/nestoralfaro/Desktop/pbi-scenario-two/py_env/lib/python3.9/site-packages/airflow/example_dags/example_xcom.py
[2024-05-02T00:05:26.570-0500] {processor.py:830} INFO - Processing file /Users/nestoralfaro/Desktop/pbi-scenario-two/py_env/lib/python3.9/site-packages/airflow/example_dags/example_xcom.py for tasks to queue
[2024-05-02T00:05:26.571-0500] {logging_mixin.py:188} INFO - [2024-05-02T00:05:26.571-0500] {dagbag.py:540} INFO - Filling up the DagBag from /Users/nestoralfaro/Desktop/pbi-scenario-two/py_env/lib/python3.9/site-packages/airflow/example_dags/example_xcom.py
[2024-05-02T00:05:26.587-0500] {processor.py:840} INFO - DAG(s) 'example_xcom' retrieved from /Users/nestoralfaro/Desktop/pbi-scenario-two/py_env/lib/python3.9/site-packages/airflow/example_dags/example_xcom.py
[2024-05-02T00:05:26.630-0500] {logging_mixin.py:188} INFO - [2024-05-02T00:05:26.629-0500] {dag.py:3096} INFO - Sync 1 DAGs
[2024-05-02T00:05:26.663-0500] {logging_mixin.py:188} INFO - [2024-05-02T00:05:26.662-0500] {dag.py:3954} INFO - Setting next_dagrun for example_xcom to 2021-01-01 00:00:00+00:00, run_after=2021-01-01 00:00:00+00:00
[2024-05-02T00:05:26.669-0500] {processor.py:183} INFO - Processing /Users/nestoralfaro/Desktop/pbi-scenario-two/py_env/lib/python3.9/site-packages/airflow/example_dags/example_xcom.py took 0.102 seconds
[2024-05-02T00:06:24.957-0500] {processor.py:161} INFO - Started process (PID=36245) to work on /Users/nestoralfaro/Desktop/pbi-scenario-two/py_env/lib/python3.9/site-packages/airflow/example_dags/example_xcom.py
[2024-05-02T00:06:24.959-0500] {processor.py:830} INFO - Processing file /Users/nestoralfaro/Desktop/pbi-scenario-two/py_env/lib/python3.9/site-packages/airflow/example_dags/example_xcom.py for tasks to queue
[2024-05-02T00:06:24.960-0500] {logging_mixin.py:188} INFO - [2024-05-02T00:06:24.960-0500] {dagbag.py:540} INFO - Filling up the DagBag from /Users/nestoralfaro/Desktop/pbi-scenario-two/py_env/lib/python3.9/site-packages/airflow/example_dags/example_xcom.py
[2024-05-02T00:06:24.976-0500] {processor.py:840} INFO - DAG(s) 'example_xcom' retrieved from /Users/nestoralfaro/Desktop/pbi-scenario-two/py_env/lib/python3.9/site-packages/airflow/example_dags/example_xcom.py
[2024-05-02T00:06:25.020-0500] {logging_mixin.py:188} INFO - [2024-05-02T00:06:25.020-0500] {dag.py:3096} INFO - Sync 1 DAGs
[2024-05-02T00:06:25.054-0500] {logging_mixin.py:188} INFO - [2024-05-02T00:06:25.054-0500] {dag.py:3954} INFO - Setting next_dagrun for example_xcom to 2021-01-01 00:00:00+00:00, run_after=2021-01-01 00:00:00+00:00
[2024-05-02T00:06:25.061-0500] {processor.py:183} INFO - Processing /Users/nestoralfaro/Desktop/pbi-scenario-two/py_env/lib/python3.9/site-packages/airflow/example_dags/example_xcom.py took 0.105 seconds
[2024-05-02T00:07:19.475-0500] {processor.py:161} INFO - Started process (PID=36288) to work on /Users/nestoralfaro/Desktop/pbi-scenario-two/py_env/lib/python3.9/site-packages/airflow/example_dags/example_xcom.py
[2024-05-02T00:07:19.477-0500] {processor.py:830} INFO - Processing file /Users/nestoralfaro/Desktop/pbi-scenario-two/py_env/lib/python3.9/site-packages/airflow/example_dags/example_xcom.py for tasks to queue
[2024-05-02T00:07:19.477-0500] {logging_mixin.py:188} INFO - [2024-05-02T00:07:19.477-0500] {dagbag.py:540} INFO - Filling up the DagBag from /Users/nestoralfaro/Desktop/pbi-scenario-two/py_env/lib/python3.9/site-packages/airflow/example_dags/example_xcom.py
[2024-05-02T00:07:19.492-0500] {processor.py:840} INFO - DAG(s) 'example_xcom' retrieved from /Users/nestoralfaro/Desktop/pbi-scenario-two/py_env/lib/python3.9/site-packages/airflow/example_dags/example_xcom.py
[2024-05-02T00:07:19.531-0500] {logging_mixin.py:188} INFO - [2024-05-02T00:07:19.531-0500] {dag.py:3096} INFO - Sync 1 DAGs
[2024-05-02T00:07:19.560-0500] {logging_mixin.py:188} INFO - [2024-05-02T00:07:19.559-0500] {dag.py:3954} INFO - Setting next_dagrun for example_xcom to 2021-01-01 00:00:00+00:00, run_after=2021-01-01 00:00:00+00:00
[2024-05-02T00:07:19.567-0500] {processor.py:183} INFO - Processing /Users/nestoralfaro/Desktop/pbi-scenario-two/py_env/lib/python3.9/site-packages/airflow/example_dags/example_xcom.py took 0.092 seconds
[2024-05-02T00:08:11.593-0500] {processor.py:161} INFO - Started process (PID=36322) to work on /Users/nestoralfaro/Desktop/pbi-scenario-two/py_env/lib/python3.9/site-packages/airflow/example_dags/example_xcom.py
[2024-05-02T00:08:11.594-0500] {processor.py:830} INFO - Processing file /Users/nestoralfaro/Desktop/pbi-scenario-two/py_env/lib/python3.9/site-packages/airflow/example_dags/example_xcom.py for tasks to queue
[2024-05-02T00:08:11.594-0500] {logging_mixin.py:188} INFO - [2024-05-02T00:08:11.594-0500] {dagbag.py:540} INFO - Filling up the DagBag from /Users/nestoralfaro/Desktop/pbi-scenario-two/py_env/lib/python3.9/site-packages/airflow/example_dags/example_xcom.py
[2024-05-02T00:08:11.609-0500] {processor.py:840} INFO - DAG(s) 'example_xcom' retrieved from /Users/nestoralfaro/Desktop/pbi-scenario-two/py_env/lib/python3.9/site-packages/airflow/example_dags/example_xcom.py
[2024-05-02T00:08:11.649-0500] {logging_mixin.py:188} INFO - [2024-05-02T00:08:11.649-0500] {dag.py:3096} INFO - Sync 1 DAGs
[2024-05-02T00:08:11.678-0500] {logging_mixin.py:188} INFO - [2024-05-02T00:08:11.678-0500] {dag.py:3954} INFO - Setting next_dagrun for example_xcom to 2021-01-01 00:00:00+00:00, run_after=2021-01-01 00:00:00+00:00
[2024-05-02T00:08:11.685-0500] {processor.py:183} INFO - Processing /Users/nestoralfaro/Desktop/pbi-scenario-two/py_env/lib/python3.9/site-packages/airflow/example_dags/example_xcom.py took 0.093 seconds
[2024-05-02T00:09:09.956-0500] {processor.py:161} INFO - Started process (PID=36355) to work on /Users/nestoralfaro/Desktop/pbi-scenario-two/py_env/lib/python3.9/site-packages/airflow/example_dags/example_xcom.py
[2024-05-02T00:09:09.958-0500] {processor.py:830} INFO - Processing file /Users/nestoralfaro/Desktop/pbi-scenario-two/py_env/lib/python3.9/site-packages/airflow/example_dags/example_xcom.py for tasks to queue
[2024-05-02T00:09:09.958-0500] {logging_mixin.py:188} INFO - [2024-05-02T00:09:09.958-0500] {dagbag.py:540} INFO - Filling up the DagBag from /Users/nestoralfaro/Desktop/pbi-scenario-two/py_env/lib/python3.9/site-packages/airflow/example_dags/example_xcom.py
[2024-05-02T00:09:09.973-0500] {processor.py:840} INFO - DAG(s) 'example_xcom' retrieved from /Users/nestoralfaro/Desktop/pbi-scenario-two/py_env/lib/python3.9/site-packages/airflow/example_dags/example_xcom.py
[2024-05-02T00:09:10.012-0500] {logging_mixin.py:188} INFO - [2024-05-02T00:09:10.012-0500] {dag.py:3096} INFO - Sync 1 DAGs
[2024-05-02T00:09:10.040-0500] {logging_mixin.py:188} INFO - [2024-05-02T00:09:10.040-0500] {dag.py:3954} INFO - Setting next_dagrun for example_xcom to 2021-01-01 00:00:00+00:00, run_after=2021-01-01 00:00:00+00:00
[2024-05-02T00:09:10.047-0500] {processor.py:183} INFO - Processing /Users/nestoralfaro/Desktop/pbi-scenario-two/py_env/lib/python3.9/site-packages/airflow/example_dags/example_xcom.py took 0.093 seconds
[2024-05-02T00:10:07.143-0500] {processor.py:161} INFO - Started process (PID=36390) to work on /Users/nestoralfaro/Desktop/pbi-scenario-two/py_env/lib/python3.9/site-packages/airflow/example_dags/example_xcom.py
[2024-05-02T00:10:07.145-0500] {processor.py:830} INFO - Processing file /Users/nestoralfaro/Desktop/pbi-scenario-two/py_env/lib/python3.9/site-packages/airflow/example_dags/example_xcom.py for tasks to queue
[2024-05-02T00:10:07.146-0500] {logging_mixin.py:188} INFO - [2024-05-02T00:10:07.146-0500] {dagbag.py:540} INFO - Filling up the DagBag from /Users/nestoralfaro/Desktop/pbi-scenario-two/py_env/lib/python3.9/site-packages/airflow/example_dags/example_xcom.py
[2024-05-02T00:10:07.161-0500] {processor.py:840} INFO - DAG(s) 'example_xcom' retrieved from /Users/nestoralfaro/Desktop/pbi-scenario-two/py_env/lib/python3.9/site-packages/airflow/example_dags/example_xcom.py
[2024-05-02T00:10:07.202-0500] {logging_mixin.py:188} INFO - [2024-05-02T00:10:07.202-0500] {dag.py:3096} INFO - Sync 1 DAGs
[2024-05-02T00:10:07.230-0500] {logging_mixin.py:188} INFO - [2024-05-02T00:10:07.230-0500] {dag.py:3954} INFO - Setting next_dagrun for example_xcom to 2021-01-01 00:00:00+00:00, run_after=2021-01-01 00:00:00+00:00
[2024-05-02T00:10:07.237-0500] {processor.py:183} INFO - Processing /Users/nestoralfaro/Desktop/pbi-scenario-two/py_env/lib/python3.9/site-packages/airflow/example_dags/example_xcom.py took 0.095 seconds
[2024-05-02T00:11:16.173-0500] {processor.py:161} INFO - Started process (PID=36412) to work on /Users/nestoralfaro/Desktop/pbi-scenario-two/py_env/lib/python3.9/site-packages/airflow/example_dags/example_xcom.py
[2024-05-02T00:11:16.175-0500] {processor.py:830} INFO - Processing file /Users/nestoralfaro/Desktop/pbi-scenario-two/py_env/lib/python3.9/site-packages/airflow/example_dags/example_xcom.py for tasks to queue
[2024-05-02T00:11:16.175-0500] {logging_mixin.py:188} INFO - [2024-05-02T00:11:16.175-0500] {dagbag.py:540} INFO - Filling up the DagBag from /Users/nestoralfaro/Desktop/pbi-scenario-two/py_env/lib/python3.9/site-packages/airflow/example_dags/example_xcom.py
[2024-05-02T00:11:16.191-0500] {processor.py:840} INFO - DAG(s) 'example_xcom' retrieved from /Users/nestoralfaro/Desktop/pbi-scenario-two/py_env/lib/python3.9/site-packages/airflow/example_dags/example_xcom.py
[2024-05-02T00:11:16.232-0500] {logging_mixin.py:188} INFO - [2024-05-02T00:11:16.232-0500] {dag.py:3096} INFO - Sync 1 DAGs
[2024-05-02T00:11:16.261-0500] {logging_mixin.py:188} INFO - [2024-05-02T00:11:16.261-0500] {dag.py:3954} INFO - Setting next_dagrun for example_xcom to 2021-01-01 00:00:00+00:00, run_after=2021-01-01 00:00:00+00:00
[2024-05-02T00:11:16.268-0500] {processor.py:183} INFO - Processing /Users/nestoralfaro/Desktop/pbi-scenario-two/py_env/lib/python3.9/site-packages/airflow/example_dags/example_xcom.py took 0.096 seconds
[2024-05-02T00:12:41.978-0500] {processor.py:161} INFO - Started process (PID=36513) to work on /Users/nestoralfaro/Desktop/pbi-scenario-two/py_env/lib/python3.9/site-packages/airflow/example_dags/example_xcom.py
[2024-05-02T00:12:41.980-0500] {processor.py:830} INFO - Processing file /Users/nestoralfaro/Desktop/pbi-scenario-two/py_env/lib/python3.9/site-packages/airflow/example_dags/example_xcom.py for tasks to queue
[2024-05-02T00:12:41.980-0500] {logging_mixin.py:188} INFO - [2024-05-02T00:12:41.980-0500] {dagbag.py:540} INFO - Filling up the DagBag from /Users/nestoralfaro/Desktop/pbi-scenario-two/py_env/lib/python3.9/site-packages/airflow/example_dags/example_xcom.py
[2024-05-02T00:12:41.996-0500] {processor.py:840} INFO - DAG(s) 'example_xcom' retrieved from /Users/nestoralfaro/Desktop/pbi-scenario-two/py_env/lib/python3.9/site-packages/airflow/example_dags/example_xcom.py
[2024-05-02T00:12:42.036-0500] {logging_mixin.py:188} INFO - [2024-05-02T00:12:42.036-0500] {dag.py:3096} INFO - Sync 1 DAGs
[2024-05-02T00:12:42.065-0500] {logging_mixin.py:188} INFO - [2024-05-02T00:12:42.065-0500] {dag.py:3954} INFO - Setting next_dagrun for example_xcom to 2021-01-01 00:00:00+00:00, run_after=2021-01-01 00:00:00+00:00
[2024-05-02T00:12:42.072-0500] {processor.py:183} INFO - Processing /Users/nestoralfaro/Desktop/pbi-scenario-two/py_env/lib/python3.9/site-packages/airflow/example_dags/example_xcom.py took 0.095 seconds
[2024-05-02T00:13:39.257-0500] {processor.py:161} INFO - Started process (PID=36551) to work on /Users/nestoralfaro/Desktop/pbi-scenario-two/py_env/lib/python3.9/site-packages/airflow/example_dags/example_xcom.py
[2024-05-02T00:13:39.259-0500] {processor.py:830} INFO - Processing file /Users/nestoralfaro/Desktop/pbi-scenario-two/py_env/lib/python3.9/site-packages/airflow/example_dags/example_xcom.py for tasks to queue
[2024-05-02T00:13:39.259-0500] {logging_mixin.py:188} INFO - [2024-05-02T00:13:39.259-0500] {dagbag.py:540} INFO - Filling up the DagBag from /Users/nestoralfaro/Desktop/pbi-scenario-two/py_env/lib/python3.9/site-packages/airflow/example_dags/example_xcom.py
[2024-05-02T00:13:39.274-0500] {processor.py:840} INFO - DAG(s) 'example_xcom' retrieved from /Users/nestoralfaro/Desktop/pbi-scenario-two/py_env/lib/python3.9/site-packages/airflow/example_dags/example_xcom.py
[2024-05-02T00:13:39.314-0500] {logging_mixin.py:188} INFO - [2024-05-02T00:13:39.314-0500] {dag.py:3096} INFO - Sync 1 DAGs
[2024-05-02T00:13:39.343-0500] {logging_mixin.py:188} INFO - [2024-05-02T00:13:39.343-0500] {dag.py:3954} INFO - Setting next_dagrun for example_xcom to 2021-01-01 00:00:00+00:00, run_after=2021-01-01 00:00:00+00:00
[2024-05-02T00:13:39.351-0500] {processor.py:183} INFO - Processing /Users/nestoralfaro/Desktop/pbi-scenario-two/py_env/lib/python3.9/site-packages/airflow/example_dags/example_xcom.py took 0.095 seconds
[2024-05-02T00:15:07.590-0500] {processor.py:161} INFO - Started process (PID=36601) to work on /Users/nestoralfaro/Desktop/pbi-scenario-two/py_env/lib/python3.9/site-packages/airflow/example_dags/example_xcom.py
[2024-05-02T00:15:07.592-0500] {processor.py:830} INFO - Processing file /Users/nestoralfaro/Desktop/pbi-scenario-two/py_env/lib/python3.9/site-packages/airflow/example_dags/example_xcom.py for tasks to queue
[2024-05-02T00:15:07.592-0500] {logging_mixin.py:188} INFO - [2024-05-02T00:15:07.592-0500] {dagbag.py:540} INFO - Filling up the DagBag from /Users/nestoralfaro/Desktop/pbi-scenario-two/py_env/lib/python3.9/site-packages/airflow/example_dags/example_xcom.py
[2024-05-02T00:15:07.609-0500] {processor.py:840} INFO - DAG(s) 'example_xcom' retrieved from /Users/nestoralfaro/Desktop/pbi-scenario-two/py_env/lib/python3.9/site-packages/airflow/example_dags/example_xcom.py
[2024-05-02T00:15:07.650-0500] {logging_mixin.py:188} INFO - [2024-05-02T00:15:07.650-0500] {dag.py:3096} INFO - Sync 1 DAGs
[2024-05-02T00:15:07.680-0500] {logging_mixin.py:188} INFO - [2024-05-02T00:15:07.680-0500] {dag.py:3954} INFO - Setting next_dagrun for example_xcom to 2021-01-01 00:00:00+00:00, run_after=2021-01-01 00:00:00+00:00
[2024-05-02T00:15:07.689-0500] {processor.py:183} INFO - Processing /Users/nestoralfaro/Desktop/pbi-scenario-two/py_env/lib/python3.9/site-packages/airflow/example_dags/example_xcom.py took 0.100 seconds
[2024-05-02T00:16:36.241-0500] {processor.py:161} INFO - Started process (PID=36668) to work on /Users/nestoralfaro/Desktop/pbi-scenario-two/py_env/lib/python3.9/site-packages/airflow/example_dags/example_xcom.py
[2024-05-02T00:16:36.242-0500] {processor.py:830} INFO - Processing file /Users/nestoralfaro/Desktop/pbi-scenario-two/py_env/lib/python3.9/site-packages/airflow/example_dags/example_xcom.py for tasks to queue
[2024-05-02T00:16:36.243-0500] {logging_mixin.py:188} INFO - [2024-05-02T00:16:36.242-0500] {dagbag.py:540} INFO - Filling up the DagBag from /Users/nestoralfaro/Desktop/pbi-scenario-two/py_env/lib/python3.9/site-packages/airflow/example_dags/example_xcom.py
[2024-05-02T00:16:36.258-0500] {processor.py:840} INFO - DAG(s) 'example_xcom' retrieved from /Users/nestoralfaro/Desktop/pbi-scenario-two/py_env/lib/python3.9/site-packages/airflow/example_dags/example_xcom.py
[2024-05-02T00:16:36.298-0500] {logging_mixin.py:188} INFO - [2024-05-02T00:16:36.298-0500] {dag.py:3096} INFO - Sync 1 DAGs
[2024-05-02T00:16:36.327-0500] {logging_mixin.py:188} INFO - [2024-05-02T00:16:36.327-0500] {dag.py:3954} INFO - Setting next_dagrun for example_xcom to 2021-01-01 00:00:00+00:00, run_after=2021-01-01 00:00:00+00:00
[2024-05-02T00:16:36.334-0500] {processor.py:183} INFO - Processing /Users/nestoralfaro/Desktop/pbi-scenario-two/py_env/lib/python3.9/site-packages/airflow/example_dags/example_xcom.py took 0.095 seconds
[2024-05-02T00:17:33.791-0500] {processor.py:161} INFO - Started process (PID=36706) to work on /Users/nestoralfaro/Desktop/pbi-scenario-two/py_env/lib/python3.9/site-packages/airflow/example_dags/example_xcom.py
[2024-05-02T00:17:33.792-0500] {processor.py:830} INFO - Processing file /Users/nestoralfaro/Desktop/pbi-scenario-two/py_env/lib/python3.9/site-packages/airflow/example_dags/example_xcom.py for tasks to queue
[2024-05-02T00:17:33.792-0500] {logging_mixin.py:188} INFO - [2024-05-02T00:17:33.792-0500] {dagbag.py:540} INFO - Filling up the DagBag from /Users/nestoralfaro/Desktop/pbi-scenario-two/py_env/lib/python3.9/site-packages/airflow/example_dags/example_xcom.py
[2024-05-02T00:17:33.809-0500] {processor.py:840} INFO - DAG(s) 'example_xcom' retrieved from /Users/nestoralfaro/Desktop/pbi-scenario-two/py_env/lib/python3.9/site-packages/airflow/example_dags/example_xcom.py
[2024-05-02T00:17:33.853-0500] {logging_mixin.py:188} INFO - [2024-05-02T00:17:33.853-0500] {dag.py:3096} INFO - Sync 1 DAGs
[2024-05-02T00:17:33.885-0500] {logging_mixin.py:188} INFO - [2024-05-02T00:17:33.884-0500] {dag.py:3954} INFO - Setting next_dagrun for example_xcom to 2021-01-01 00:00:00+00:00, run_after=2021-01-01 00:00:00+00:00
[2024-05-02T00:17:33.893-0500] {processor.py:183} INFO - Processing /Users/nestoralfaro/Desktop/pbi-scenario-two/py_env/lib/python3.9/site-packages/airflow/example_dags/example_xcom.py took 0.104 seconds
[2024-05-02T00:18:32.187-0500] {processor.py:161} INFO - Started process (PID=36742) to work on /Users/nestoralfaro/Desktop/pbi-scenario-two/py_env/lib/python3.9/site-packages/airflow/example_dags/example_xcom.py
[2024-05-02T00:18:32.189-0500] {processor.py:830} INFO - Processing file /Users/nestoralfaro/Desktop/pbi-scenario-two/py_env/lib/python3.9/site-packages/airflow/example_dags/example_xcom.py for tasks to queue
[2024-05-02T00:18:32.189-0500] {logging_mixin.py:188} INFO - [2024-05-02T00:18:32.189-0500] {dagbag.py:540} INFO - Filling up the DagBag from /Users/nestoralfaro/Desktop/pbi-scenario-two/py_env/lib/python3.9/site-packages/airflow/example_dags/example_xcom.py
[2024-05-02T00:18:32.206-0500] {processor.py:840} INFO - DAG(s) 'example_xcom' retrieved from /Users/nestoralfaro/Desktop/pbi-scenario-two/py_env/lib/python3.9/site-packages/airflow/example_dags/example_xcom.py
[2024-05-02T00:18:32.249-0500] {logging_mixin.py:188} INFO - [2024-05-02T00:18:32.249-0500] {dag.py:3096} INFO - Sync 1 DAGs
[2024-05-02T00:18:32.280-0500] {logging_mixin.py:188} INFO - [2024-05-02T00:18:32.280-0500] {dag.py:3954} INFO - Setting next_dagrun for example_xcom to 2021-01-01 00:00:00+00:00, run_after=2021-01-01 00:00:00+00:00
[2024-05-02T00:18:32.287-0500] {processor.py:183} INFO - Processing /Users/nestoralfaro/Desktop/pbi-scenario-two/py_env/lib/python3.9/site-packages/airflow/example_dags/example_xcom.py took 0.102 seconds
[2024-05-02T00:19:29.867-0500] {processor.py:161} INFO - Started process (PID=36814) to work on /Users/nestoralfaro/Desktop/pbi-scenario-two/py_env/lib/python3.9/site-packages/airflow/example_dags/example_xcom.py
[2024-05-02T00:19:29.869-0500] {processor.py:830} INFO - Processing file /Users/nestoralfaro/Desktop/pbi-scenario-two/py_env/lib/python3.9/site-packages/airflow/example_dags/example_xcom.py for tasks to queue
[2024-05-02T00:19:29.870-0500] {logging_mixin.py:188} INFO - [2024-05-02T00:19:29.870-0500] {dagbag.py:540} INFO - Filling up the DagBag from /Users/nestoralfaro/Desktop/pbi-scenario-two/py_env/lib/python3.9/site-packages/airflow/example_dags/example_xcom.py
[2024-05-02T00:19:29.885-0500] {processor.py:840} INFO - DAG(s) 'example_xcom' retrieved from /Users/nestoralfaro/Desktop/pbi-scenario-two/py_env/lib/python3.9/site-packages/airflow/example_dags/example_xcom.py
[2024-05-02T00:19:29.927-0500] {logging_mixin.py:188} INFO - [2024-05-02T00:19:29.927-0500] {dag.py:3096} INFO - Sync 1 DAGs
[2024-05-02T00:19:29.956-0500] {logging_mixin.py:188} INFO - [2024-05-02T00:19:29.955-0500] {dag.py:3954} INFO - Setting next_dagrun for example_xcom to 2021-01-01 00:00:00+00:00, run_after=2021-01-01 00:00:00+00:00
[2024-05-02T00:19:29.963-0500] {processor.py:183} INFO - Processing /Users/nestoralfaro/Desktop/pbi-scenario-two/py_env/lib/python3.9/site-packages/airflow/example_dags/example_xcom.py took 0.097 seconds
[2024-05-02T00:20:28.174-0500] {processor.py:161} INFO - Started process (PID=36852) to work on /Users/nestoralfaro/Desktop/pbi-scenario-two/py_env/lib/python3.9/site-packages/airflow/example_dags/example_xcom.py
[2024-05-02T00:20:28.176-0500] {processor.py:830} INFO - Processing file /Users/nestoralfaro/Desktop/pbi-scenario-two/py_env/lib/python3.9/site-packages/airflow/example_dags/example_xcom.py for tasks to queue
[2024-05-02T00:20:28.176-0500] {logging_mixin.py:188} INFO - [2024-05-02T00:20:28.176-0500] {dagbag.py:540} INFO - Filling up the DagBag from /Users/nestoralfaro/Desktop/pbi-scenario-two/py_env/lib/python3.9/site-packages/airflow/example_dags/example_xcom.py
[2024-05-02T00:20:28.192-0500] {processor.py:840} INFO - DAG(s) 'example_xcom' retrieved from /Users/nestoralfaro/Desktop/pbi-scenario-two/py_env/lib/python3.9/site-packages/airflow/example_dags/example_xcom.py
[2024-05-02T00:20:28.233-0500] {logging_mixin.py:188} INFO - [2024-05-02T00:20:28.233-0500] {dag.py:3096} INFO - Sync 1 DAGs
[2024-05-02T00:20:28.263-0500] {logging_mixin.py:188} INFO - [2024-05-02T00:20:28.263-0500] {dag.py:3954} INFO - Setting next_dagrun for example_xcom to 2021-01-01 00:00:00+00:00, run_after=2021-01-01 00:00:00+00:00
[2024-05-02T00:20:28.271-0500] {processor.py:183} INFO - Processing /Users/nestoralfaro/Desktop/pbi-scenario-two/py_env/lib/python3.9/site-packages/airflow/example_dags/example_xcom.py took 0.097 seconds
[2024-05-02T00:21:28.721-0500] {processor.py:161} INFO - Started process (PID=36888) to work on /Users/nestoralfaro/Desktop/pbi-scenario-two/py_env/lib/python3.9/site-packages/airflow/example_dags/example_xcom.py
[2024-05-02T00:21:28.722-0500] {processor.py:830} INFO - Processing file /Users/nestoralfaro/Desktop/pbi-scenario-two/py_env/lib/python3.9/site-packages/airflow/example_dags/example_xcom.py for tasks to queue
[2024-05-02T00:21:28.722-0500] {logging_mixin.py:188} INFO - [2024-05-02T00:21:28.722-0500] {dagbag.py:540} INFO - Filling up the DagBag from /Users/nestoralfaro/Desktop/pbi-scenario-two/py_env/lib/python3.9/site-packages/airflow/example_dags/example_xcom.py
[2024-05-02T00:21:28.737-0500] {processor.py:840} INFO - DAG(s) 'example_xcom' retrieved from /Users/nestoralfaro/Desktop/pbi-scenario-two/py_env/lib/python3.9/site-packages/airflow/example_dags/example_xcom.py
[2024-05-02T00:21:28.781-0500] {logging_mixin.py:188} INFO - [2024-05-02T00:21:28.781-0500] {dag.py:3096} INFO - Sync 1 DAGs
[2024-05-02T00:21:28.813-0500] {logging_mixin.py:188} INFO - [2024-05-02T00:21:28.812-0500] {dag.py:3954} INFO - Setting next_dagrun for example_xcom to 2021-01-01 00:00:00+00:00, run_after=2021-01-01 00:00:00+00:00
[2024-05-02T00:21:28.820-0500] {processor.py:183} INFO - Processing /Users/nestoralfaro/Desktop/pbi-scenario-two/py_env/lib/python3.9/site-packages/airflow/example_dags/example_xcom.py took 0.100 seconds
[2024-05-02T00:22:26.432-0500] {processor.py:161} INFO - Started process (PID=36946) to work on /Users/nestoralfaro/Desktop/pbi-scenario-two/py_env/lib/python3.9/site-packages/airflow/example_dags/example_xcom.py
[2024-05-02T00:22:26.433-0500] {processor.py:830} INFO - Processing file /Users/nestoralfaro/Desktop/pbi-scenario-two/py_env/lib/python3.9/site-packages/airflow/example_dags/example_xcom.py for tasks to queue
[2024-05-02T00:22:26.434-0500] {logging_mixin.py:188} INFO - [2024-05-02T00:22:26.434-0500] {dagbag.py:540} INFO - Filling up the DagBag from /Users/nestoralfaro/Desktop/pbi-scenario-two/py_env/lib/python3.9/site-packages/airflow/example_dags/example_xcom.py
[2024-05-02T00:22:26.450-0500] {processor.py:840} INFO - DAG(s) 'example_xcom' retrieved from /Users/nestoralfaro/Desktop/pbi-scenario-two/py_env/lib/python3.9/site-packages/airflow/example_dags/example_xcom.py
[2024-05-02T00:22:26.492-0500] {logging_mixin.py:188} INFO - [2024-05-02T00:22:26.492-0500] {dag.py:3096} INFO - Sync 1 DAGs
[2024-05-02T00:22:26.524-0500] {logging_mixin.py:188} INFO - [2024-05-02T00:22:26.524-0500] {dag.py:3954} INFO - Setting next_dagrun for example_xcom to 2021-01-01 00:00:00+00:00, run_after=2021-01-01 00:00:00+00:00
[2024-05-02T00:22:26.531-0500] {processor.py:183} INFO - Processing /Users/nestoralfaro/Desktop/pbi-scenario-two/py_env/lib/python3.9/site-packages/airflow/example_dags/example_xcom.py took 0.100 seconds
[2024-05-02T00:23:22.260-0500] {processor.py:161} INFO - Started process (PID=37001) to work on /Users/nestoralfaro/Desktop/pbi-scenario-two/py_env/lib/python3.9/site-packages/airflow/example_dags/example_xcom.py
[2024-05-02T00:23:22.262-0500] {processor.py:830} INFO - Processing file /Users/nestoralfaro/Desktop/pbi-scenario-two/py_env/lib/python3.9/site-packages/airflow/example_dags/example_xcom.py for tasks to queue
[2024-05-02T00:23:22.262-0500] {logging_mixin.py:188} INFO - [2024-05-02T00:23:22.262-0500] {dagbag.py:540} INFO - Filling up the DagBag from /Users/nestoralfaro/Desktop/pbi-scenario-two/py_env/lib/python3.9/site-packages/airflow/example_dags/example_xcom.py
[2024-05-02T00:23:22.278-0500] {processor.py:840} INFO - DAG(s) 'example_xcom' retrieved from /Users/nestoralfaro/Desktop/pbi-scenario-two/py_env/lib/python3.9/site-packages/airflow/example_dags/example_xcom.py
[2024-05-02T00:23:22.324-0500] {logging_mixin.py:188} INFO - [2024-05-02T00:23:22.324-0500] {dag.py:3096} INFO - Sync 1 DAGs
[2024-05-02T00:23:22.357-0500] {logging_mixin.py:188} INFO - [2024-05-02T00:23:22.357-0500] {dag.py:3954} INFO - Setting next_dagrun for example_xcom to 2021-01-01 00:00:00+00:00, run_after=2021-01-01 00:00:00+00:00
[2024-05-02T00:23:22.364-0500] {processor.py:183} INFO - Processing /Users/nestoralfaro/Desktop/pbi-scenario-two/py_env/lib/python3.9/site-packages/airflow/example_dags/example_xcom.py took 0.106 seconds
[2024-05-02T00:24:16.701-0500] {processor.py:161} INFO - Started process (PID=37059) to work on /Users/nestoralfaro/Desktop/pbi-scenario-two/py_env/lib/python3.9/site-packages/airflow/example_dags/example_xcom.py
[2024-05-02T00:24:16.702-0500] {processor.py:830} INFO - Processing file /Users/nestoralfaro/Desktop/pbi-scenario-two/py_env/lib/python3.9/site-packages/airflow/example_dags/example_xcom.py for tasks to queue
[2024-05-02T00:24:16.702-0500] {logging_mixin.py:188} INFO - [2024-05-02T00:24:16.702-0500] {dagbag.py:540} INFO - Filling up the DagBag from /Users/nestoralfaro/Desktop/pbi-scenario-two/py_env/lib/python3.9/site-packages/airflow/example_dags/example_xcom.py
[2024-05-02T00:24:16.718-0500] {processor.py:840} INFO - DAG(s) 'example_xcom' retrieved from /Users/nestoralfaro/Desktop/pbi-scenario-two/py_env/lib/python3.9/site-packages/airflow/example_dags/example_xcom.py
[2024-05-02T00:24:16.759-0500] {logging_mixin.py:188} INFO - [2024-05-02T00:24:16.759-0500] {dag.py:3096} INFO - Sync 1 DAGs
[2024-05-02T00:24:16.790-0500] {logging_mixin.py:188} INFO - [2024-05-02T00:24:16.790-0500] {dag.py:3954} INFO - Setting next_dagrun for example_xcom to 2021-01-01 00:00:00+00:00, run_after=2021-01-01 00:00:00+00:00
[2024-05-02T00:24:16.797-0500] {processor.py:183} INFO - Processing /Users/nestoralfaro/Desktop/pbi-scenario-two/py_env/lib/python3.9/site-packages/airflow/example_dags/example_xcom.py took 0.098 seconds
