[2024-05-01T23:30:47.057-0500] {processor.py:161} INFO - Started process (PID=34762) to work on /Users/nestoralfaro/Desktop/pbi-scenario-two/py_env/lib/python3.9/site-packages/airflow/example_dags/example_python_operator.py
[2024-05-01T23:30:47.058-0500] {processor.py:830} INFO - Processing file /Users/nestoralfaro/Desktop/pbi-scenario-two/py_env/lib/python3.9/site-packages/airflow/example_dags/example_python_operator.py for tasks to queue
[2024-05-01T23:30:47.059-0500] {logging_mixin.py:188} INFO - [2024-05-01T23:30:47.059-0500] {dagbag.py:540} INFO - Filling up the DagBag from /Users/nestoralfaro/Desktop/pbi-scenario-two/py_env/lib/python3.9/site-packages/airflow/example_dags/example_python_operator.py
[2024-05-01T23:30:47.070-0500] {logging_mixin.py:188} INFO - [2024-05-01T23:30:47.070-0500] {example_python_operator.py:93} WARNING - The virtalenv_python example task requires virtualenv, please install it.
[2024-05-01T23:30:47.072-0500] {processor.py:840} INFO - DAG(s) 'example_python_operator' retrieved from /Users/nestoralfaro/Desktop/pbi-scenario-two/py_env/lib/python3.9/site-packages/airflow/example_dags/example_python_operator.py
[2024-05-01T23:30:47.183-0500] {logging_mixin.py:188} INFO - [2024-05-01T23:30:47.183-0500] {dag.py:3096} INFO - Sync 1 DAGs
[2024-05-01T23:30:47.187-0500] {logging_mixin.py:188} INFO - [2024-05-01T23:30:47.187-0500] {dag.py:3954} INFO - Setting next_dagrun for example_python_operator to None, run_after=None
[2024-05-01T23:30:47.195-0500] {processor.py:183} INFO - Processing /Users/nestoralfaro/Desktop/pbi-scenario-two/py_env/lib/python3.9/site-packages/airflow/example_dags/example_python_operator.py took 0.139 seconds
[2024-05-01T23:32:21.155-0500] {processor.py:161} INFO - Started process (PID=34837) to work on /Users/nestoralfaro/Desktop/pbi-scenario-two/py_env/lib/python3.9/site-packages/airflow/example_dags/example_python_operator.py
[2024-05-01T23:32:21.157-0500] {processor.py:830} INFO - Processing file /Users/nestoralfaro/Desktop/pbi-scenario-two/py_env/lib/python3.9/site-packages/airflow/example_dags/example_python_operator.py for tasks to queue
[2024-05-01T23:32:21.157-0500] {logging_mixin.py:188} INFO - [2024-05-01T23:32:21.157-0500] {dagbag.py:540} INFO - Filling up the DagBag from /Users/nestoralfaro/Desktop/pbi-scenario-two/py_env/lib/python3.9/site-packages/airflow/example_dags/example_python_operator.py
[2024-05-01T23:32:21.168-0500] {logging_mixin.py:188} INFO - [2024-05-01T23:32:21.168-0500] {example_python_operator.py:93} WARNING - The virtalenv_python example task requires virtualenv, please install it.
[2024-05-01T23:32:21.170-0500] {processor.py:840} INFO - DAG(s) 'example_python_operator' retrieved from /Users/nestoralfaro/Desktop/pbi-scenario-two/py_env/lib/python3.9/site-packages/airflow/example_dags/example_python_operator.py
[2024-05-01T23:32:21.216-0500] {logging_mixin.py:188} INFO - [2024-05-01T23:32:21.216-0500] {dag.py:3096} INFO - Sync 1 DAGs
[2024-05-01T23:32:21.220-0500] {logging_mixin.py:188} INFO - [2024-05-01T23:32:21.220-0500] {dag.py:3954} INFO - Setting next_dagrun for example_python_operator to None, run_after=None
[2024-05-01T23:32:21.255-0500] {processor.py:183} INFO - Processing /Users/nestoralfaro/Desktop/pbi-scenario-two/py_env/lib/python3.9/site-packages/airflow/example_dags/example_python_operator.py took 0.101 seconds
[2024-05-01T23:34:22.070-0500] {processor.py:161} INFO - Started process (PID=34922) to work on /Users/nestoralfaro/Desktop/pbi-scenario-two/py_env/lib/python3.9/site-packages/airflow/example_dags/example_python_operator.py
[2024-05-01T23:34:22.072-0500] {processor.py:830} INFO - Processing file /Users/nestoralfaro/Desktop/pbi-scenario-two/py_env/lib/python3.9/site-packages/airflow/example_dags/example_python_operator.py for tasks to queue
[2024-05-01T23:34:22.073-0500] {logging_mixin.py:188} INFO - [2024-05-01T23:34:22.073-0500] {dagbag.py:540} INFO - Filling up the DagBag from /Users/nestoralfaro/Desktop/pbi-scenario-two/py_env/lib/python3.9/site-packages/airflow/example_dags/example_python_operator.py
[2024-05-01T23:34:22.085-0500] {logging_mixin.py:188} INFO - [2024-05-01T23:34:22.085-0500] {example_python_operator.py:93} WARNING - The virtalenv_python example task requires virtualenv, please install it.
[2024-05-01T23:34:22.087-0500] {processor.py:840} INFO - DAG(s) 'example_python_operator' retrieved from /Users/nestoralfaro/Desktop/pbi-scenario-two/py_env/lib/python3.9/site-packages/airflow/example_dags/example_python_operator.py
[2024-05-01T23:34:22.132-0500] {logging_mixin.py:188} INFO - [2024-05-01T23:34:22.132-0500] {dag.py:3096} INFO - Sync 1 DAGs
[2024-05-01T23:34:22.137-0500] {logging_mixin.py:188} INFO - [2024-05-01T23:34:22.137-0500] {dag.py:3954} INFO - Setting next_dagrun for example_python_operator to None, run_after=None
[2024-05-01T23:34:22.172-0500] {processor.py:183} INFO - Processing /Users/nestoralfaro/Desktop/pbi-scenario-two/py_env/lib/python3.9/site-packages/airflow/example_dags/example_python_operator.py took 0.103 seconds
[2024-05-01T23:36:16.887-0500] {processor.py:161} INFO - Started process (PID=34992) to work on /Users/nestoralfaro/Desktop/pbi-scenario-two/py_env/lib/python3.9/site-packages/airflow/example_dags/example_python_operator.py
[2024-05-01T23:36:16.888-0500] {processor.py:830} INFO - Processing file /Users/nestoralfaro/Desktop/pbi-scenario-two/py_env/lib/python3.9/site-packages/airflow/example_dags/example_python_operator.py for tasks to queue
[2024-05-01T23:36:16.888-0500] {logging_mixin.py:188} INFO - [2024-05-01T23:36:16.888-0500] {dagbag.py:540} INFO - Filling up the DagBag from /Users/nestoralfaro/Desktop/pbi-scenario-two/py_env/lib/python3.9/site-packages/airflow/example_dags/example_python_operator.py
[2024-05-01T23:36:16.898-0500] {logging_mixin.py:188} INFO - [2024-05-01T23:36:16.898-0500] {example_python_operator.py:93} WARNING - The virtalenv_python example task requires virtualenv, please install it.
[2024-05-01T23:36:16.900-0500] {processor.py:840} INFO - DAG(s) 'example_python_operator' retrieved from /Users/nestoralfaro/Desktop/pbi-scenario-two/py_env/lib/python3.9/site-packages/airflow/example_dags/example_python_operator.py
[2024-05-01T23:36:16.943-0500] {logging_mixin.py:188} INFO - [2024-05-01T23:36:16.942-0500] {dag.py:3096} INFO - Sync 1 DAGs
[2024-05-01T23:36:16.948-0500] {logging_mixin.py:188} INFO - [2024-05-01T23:36:16.948-0500] {dag.py:3954} INFO - Setting next_dagrun for example_python_operator to None, run_after=None
[2024-05-01T23:36:16.981-0500] {processor.py:183} INFO - Processing /Users/nestoralfaro/Desktop/pbi-scenario-two/py_env/lib/python3.9/site-packages/airflow/example_dags/example_python_operator.py took 0.095 seconds
[2024-05-01T23:38:10.286-0500] {processor.py:161} INFO - Started process (PID=35061) to work on /Users/nestoralfaro/Desktop/pbi-scenario-two/py_env/lib/python3.9/site-packages/airflow/example_dags/example_python_operator.py
[2024-05-01T23:38:10.288-0500] {processor.py:830} INFO - Processing file /Users/nestoralfaro/Desktop/pbi-scenario-two/py_env/lib/python3.9/site-packages/airflow/example_dags/example_python_operator.py for tasks to queue
[2024-05-01T23:38:10.289-0500] {logging_mixin.py:188} INFO - [2024-05-01T23:38:10.288-0500] {dagbag.py:540} INFO - Filling up the DagBag from /Users/nestoralfaro/Desktop/pbi-scenario-two/py_env/lib/python3.9/site-packages/airflow/example_dags/example_python_operator.py
[2024-05-01T23:38:10.299-0500] {logging_mixin.py:188} INFO - [2024-05-01T23:38:10.298-0500] {example_python_operator.py:93} WARNING - The virtalenv_python example task requires virtualenv, please install it.
[2024-05-01T23:38:10.300-0500] {processor.py:840} INFO - DAG(s) 'example_python_operator' retrieved from /Users/nestoralfaro/Desktop/pbi-scenario-two/py_env/lib/python3.9/site-packages/airflow/example_dags/example_python_operator.py
[2024-05-01T23:38:10.340-0500] {logging_mixin.py:188} INFO - [2024-05-01T23:38:10.339-0500] {dag.py:3096} INFO - Sync 1 DAGs
[2024-05-01T23:38:10.344-0500] {logging_mixin.py:188} INFO - [2024-05-01T23:38:10.344-0500] {dag.py:3954} INFO - Setting next_dagrun for example_python_operator to None, run_after=None
[2024-05-01T23:38:10.373-0500] {processor.py:183} INFO - Processing /Users/nestoralfaro/Desktop/pbi-scenario-two/py_env/lib/python3.9/site-packages/airflow/example_dags/example_python_operator.py took 0.089 seconds
[2024-05-01T23:40:05.348-0500] {processor.py:161} INFO - Started process (PID=35147) to work on /Users/nestoralfaro/Desktop/pbi-scenario-two/py_env/lib/python3.9/site-packages/airflow/example_dags/example_python_operator.py
[2024-05-01T23:40:05.350-0500] {processor.py:830} INFO - Processing file /Users/nestoralfaro/Desktop/pbi-scenario-two/py_env/lib/python3.9/site-packages/airflow/example_dags/example_python_operator.py for tasks to queue
[2024-05-01T23:40:05.350-0500] {logging_mixin.py:188} INFO - [2024-05-01T23:40:05.350-0500] {dagbag.py:540} INFO - Filling up the DagBag from /Users/nestoralfaro/Desktop/pbi-scenario-two/py_env/lib/python3.9/site-packages/airflow/example_dags/example_python_operator.py
[2024-05-01T23:40:05.361-0500] {logging_mixin.py:188} INFO - [2024-05-01T23:40:05.361-0500] {example_python_operator.py:93} WARNING - The virtalenv_python example task requires virtualenv, please install it.
[2024-05-01T23:40:05.362-0500] {processor.py:840} INFO - DAG(s) 'example_python_operator' retrieved from /Users/nestoralfaro/Desktop/pbi-scenario-two/py_env/lib/python3.9/site-packages/airflow/example_dags/example_python_operator.py
[2024-05-01T23:40:05.408-0500] {logging_mixin.py:188} INFO - [2024-05-01T23:40:05.408-0500] {dag.py:3096} INFO - Sync 1 DAGs
[2024-05-01T23:40:05.413-0500] {logging_mixin.py:188} INFO - [2024-05-01T23:40:05.413-0500] {dag.py:3954} INFO - Setting next_dagrun for example_python_operator to None, run_after=None
[2024-05-01T23:40:05.448-0500] {processor.py:183} INFO - Processing /Users/nestoralfaro/Desktop/pbi-scenario-two/py_env/lib/python3.9/site-packages/airflow/example_dags/example_python_operator.py took 0.101 seconds
[2024-05-01T23:42:32.826-0500] {processor.py:161} INFO - Started process (PID=35271) to work on /Users/nestoralfaro/Desktop/pbi-scenario-two/py_env/lib/python3.9/site-packages/airflow/example_dags/example_python_operator.py
[2024-05-01T23:42:32.828-0500] {processor.py:830} INFO - Processing file /Users/nestoralfaro/Desktop/pbi-scenario-two/py_env/lib/python3.9/site-packages/airflow/example_dags/example_python_operator.py for tasks to queue
[2024-05-01T23:42:32.829-0500] {logging_mixin.py:188} INFO - [2024-05-01T23:42:32.829-0500] {dagbag.py:540} INFO - Filling up the DagBag from /Users/nestoralfaro/Desktop/pbi-scenario-two/py_env/lib/python3.9/site-packages/airflow/example_dags/example_python_operator.py
[2024-05-01T23:42:32.840-0500] {logging_mixin.py:188} INFO - [2024-05-01T23:42:32.840-0500] {example_python_operator.py:93} WARNING - The virtalenv_python example task requires virtualenv, please install it.
[2024-05-01T23:42:32.842-0500] {processor.py:840} INFO - DAG(s) 'example_python_operator' retrieved from /Users/nestoralfaro/Desktop/pbi-scenario-two/py_env/lib/python3.9/site-packages/airflow/example_dags/example_python_operator.py
[2024-05-01T23:42:32.884-0500] {logging_mixin.py:188} INFO - [2024-05-01T23:42:32.883-0500] {dag.py:3096} INFO - Sync 1 DAGs
[2024-05-01T23:42:32.888-0500] {logging_mixin.py:188} INFO - [2024-05-01T23:42:32.888-0500] {dag.py:3954} INFO - Setting next_dagrun for example_python_operator to None, run_after=None
[2024-05-01T23:42:32.924-0500] {processor.py:183} INFO - Processing /Users/nestoralfaro/Desktop/pbi-scenario-two/py_env/lib/python3.9/site-packages/airflow/example_dags/example_python_operator.py took 0.099 seconds
[2024-05-01T23:44:01.480-0500] {processor.py:161} INFO - Started process (PID=35325) to work on /Users/nestoralfaro/Desktop/pbi-scenario-two/py_env/lib/python3.9/site-packages/airflow/example_dags/example_python_operator.py
[2024-05-01T23:44:01.482-0500] {processor.py:830} INFO - Processing file /Users/nestoralfaro/Desktop/pbi-scenario-two/py_env/lib/python3.9/site-packages/airflow/example_dags/example_python_operator.py for tasks to queue
[2024-05-01T23:44:01.483-0500] {logging_mixin.py:188} INFO - [2024-05-01T23:44:01.483-0500] {dagbag.py:540} INFO - Filling up the DagBag from /Users/nestoralfaro/Desktop/pbi-scenario-two/py_env/lib/python3.9/site-packages/airflow/example_dags/example_python_operator.py
[2024-05-01T23:44:01.493-0500] {logging_mixin.py:188} INFO - [2024-05-01T23:44:01.492-0500] {example_python_operator.py:93} WARNING - The virtalenv_python example task requires virtualenv, please install it.
[2024-05-01T23:44:01.494-0500] {processor.py:840} INFO - DAG(s) 'example_python_operator' retrieved from /Users/nestoralfaro/Desktop/pbi-scenario-two/py_env/lib/python3.9/site-packages/airflow/example_dags/example_python_operator.py
[2024-05-01T23:44:01.534-0500] {logging_mixin.py:188} INFO - [2024-05-01T23:44:01.534-0500] {dag.py:3096} INFO - Sync 1 DAGs
[2024-05-01T23:44:01.538-0500] {logging_mixin.py:188} INFO - [2024-05-01T23:44:01.538-0500] {dag.py:3954} INFO - Setting next_dagrun for example_python_operator to None, run_after=None
[2024-05-01T23:44:01.567-0500] {processor.py:183} INFO - Processing /Users/nestoralfaro/Desktop/pbi-scenario-two/py_env/lib/python3.9/site-packages/airflow/example_dags/example_python_operator.py took 0.088 seconds
[2024-05-01T23:45:58.849-0500] {processor.py:161} INFO - Started process (PID=35408) to work on /Users/nestoralfaro/Desktop/pbi-scenario-two/py_env/lib/python3.9/site-packages/airflow/example_dags/example_python_operator.py
[2024-05-01T23:45:58.852-0500] {processor.py:830} INFO - Processing file /Users/nestoralfaro/Desktop/pbi-scenario-two/py_env/lib/python3.9/site-packages/airflow/example_dags/example_python_operator.py for tasks to queue
[2024-05-01T23:45:58.852-0500] {logging_mixin.py:188} INFO - [2024-05-01T23:45:58.852-0500] {dagbag.py:540} INFO - Filling up the DagBag from /Users/nestoralfaro/Desktop/pbi-scenario-two/py_env/lib/python3.9/site-packages/airflow/example_dags/example_python_operator.py
[2024-05-01T23:45:58.862-0500] {logging_mixin.py:188} INFO - [2024-05-01T23:45:58.862-0500] {example_python_operator.py:93} WARNING - The virtalenv_python example task requires virtualenv, please install it.
[2024-05-01T23:45:58.864-0500] {processor.py:840} INFO - DAG(s) 'example_python_operator' retrieved from /Users/nestoralfaro/Desktop/pbi-scenario-two/py_env/lib/python3.9/site-packages/airflow/example_dags/example_python_operator.py
[2024-05-01T23:45:58.909-0500] {logging_mixin.py:188} INFO - [2024-05-01T23:45:58.909-0500] {dag.py:3096} INFO - Sync 1 DAGs
[2024-05-01T23:45:58.913-0500] {logging_mixin.py:188} INFO - [2024-05-01T23:45:58.913-0500] {dag.py:3954} INFO - Setting next_dagrun for example_python_operator to None, run_after=None
[2024-05-01T23:45:58.943-0500] {processor.py:183} INFO - Processing /Users/nestoralfaro/Desktop/pbi-scenario-two/py_env/lib/python3.9/site-packages/airflow/example_dags/example_python_operator.py took 0.095 seconds
[2024-05-01T23:47:48.822-0500] {processor.py:161} INFO - Started process (PID=35485) to work on /Users/nestoralfaro/Desktop/pbi-scenario-two/py_env/lib/python3.9/site-packages/airflow/example_dags/example_python_operator.py
[2024-05-01T23:47:48.824-0500] {processor.py:830} INFO - Processing file /Users/nestoralfaro/Desktop/pbi-scenario-two/py_env/lib/python3.9/site-packages/airflow/example_dags/example_python_operator.py for tasks to queue
[2024-05-01T23:47:48.824-0500] {logging_mixin.py:188} INFO - [2024-05-01T23:47:48.824-0500] {dagbag.py:540} INFO - Filling up the DagBag from /Users/nestoralfaro/Desktop/pbi-scenario-two/py_env/lib/python3.9/site-packages/airflow/example_dags/example_python_operator.py
[2024-05-01T23:47:48.834-0500] {logging_mixin.py:188} INFO - [2024-05-01T23:47:48.834-0500] {example_python_operator.py:93} WARNING - The virtalenv_python example task requires virtualenv, please install it.
[2024-05-01T23:47:48.836-0500] {processor.py:840} INFO - DAG(s) 'example_python_operator' retrieved from /Users/nestoralfaro/Desktop/pbi-scenario-two/py_env/lib/python3.9/site-packages/airflow/example_dags/example_python_operator.py
[2024-05-01T23:47:48.879-0500] {logging_mixin.py:188} INFO - [2024-05-01T23:47:48.879-0500] {dag.py:3096} INFO - Sync 1 DAGs
[2024-05-01T23:47:48.883-0500] {logging_mixin.py:188} INFO - [2024-05-01T23:47:48.883-0500] {dag.py:3954} INFO - Setting next_dagrun for example_python_operator to None, run_after=None
[2024-05-01T23:47:48.915-0500] {processor.py:183} INFO - Processing /Users/nestoralfaro/Desktop/pbi-scenario-two/py_env/lib/python3.9/site-packages/airflow/example_dags/example_python_operator.py took 0.095 seconds
[2024-05-01T23:49:43.017-0500] {processor.py:161} INFO - Started process (PID=35565) to work on /Users/nestoralfaro/Desktop/pbi-scenario-two/py_env/lib/python3.9/site-packages/airflow/example_dags/example_python_operator.py
[2024-05-01T23:49:43.019-0500] {processor.py:830} INFO - Processing file /Users/nestoralfaro/Desktop/pbi-scenario-two/py_env/lib/python3.9/site-packages/airflow/example_dags/example_python_operator.py for tasks to queue
[2024-05-01T23:49:43.019-0500] {logging_mixin.py:188} INFO - [2024-05-01T23:49:43.019-0500] {dagbag.py:540} INFO - Filling up the DagBag from /Users/nestoralfaro/Desktop/pbi-scenario-two/py_env/lib/python3.9/site-packages/airflow/example_dags/example_python_operator.py
[2024-05-01T23:49:43.030-0500] {logging_mixin.py:188} INFO - [2024-05-01T23:49:43.030-0500] {example_python_operator.py:93} WARNING - The virtalenv_python example task requires virtualenv, please install it.
[2024-05-01T23:49:43.031-0500] {processor.py:840} INFO - DAG(s) 'example_python_operator' retrieved from /Users/nestoralfaro/Desktop/pbi-scenario-two/py_env/lib/python3.9/site-packages/airflow/example_dags/example_python_operator.py
[2024-05-01T23:49:43.077-0500] {logging_mixin.py:188} INFO - [2024-05-01T23:49:43.077-0500] {dag.py:3096} INFO - Sync 1 DAGs
[2024-05-01T23:49:43.081-0500] {logging_mixin.py:188} INFO - [2024-05-01T23:49:43.081-0500] {dag.py:3954} INFO - Setting next_dagrun for example_python_operator to None, run_after=None
[2024-05-01T23:49:43.113-0500] {processor.py:183} INFO - Processing /Users/nestoralfaro/Desktop/pbi-scenario-two/py_env/lib/python3.9/site-packages/airflow/example_dags/example_python_operator.py took 0.098 seconds
[2024-05-01T23:51:37.743-0500] {processor.py:161} INFO - Started process (PID=35634) to work on /Users/nestoralfaro/Desktop/pbi-scenario-two/py_env/lib/python3.9/site-packages/airflow/example_dags/example_python_operator.py
[2024-05-01T23:51:37.745-0500] {processor.py:830} INFO - Processing file /Users/nestoralfaro/Desktop/pbi-scenario-two/py_env/lib/python3.9/site-packages/airflow/example_dags/example_python_operator.py for tasks to queue
[2024-05-01T23:51:37.745-0500] {logging_mixin.py:188} INFO - [2024-05-01T23:51:37.745-0500] {dagbag.py:540} INFO - Filling up the DagBag from /Users/nestoralfaro/Desktop/pbi-scenario-two/py_env/lib/python3.9/site-packages/airflow/example_dags/example_python_operator.py
[2024-05-01T23:51:37.756-0500] {logging_mixin.py:188} INFO - [2024-05-01T23:51:37.755-0500] {example_python_operator.py:93} WARNING - The virtalenv_python example task requires virtualenv, please install it.
[2024-05-01T23:51:37.757-0500] {processor.py:840} INFO - DAG(s) 'example_python_operator' retrieved from /Users/nestoralfaro/Desktop/pbi-scenario-two/py_env/lib/python3.9/site-packages/airflow/example_dags/example_python_operator.py
[2024-05-01T23:51:37.799-0500] {logging_mixin.py:188} INFO - [2024-05-01T23:51:37.799-0500] {dag.py:3096} INFO - Sync 1 DAGs
[2024-05-01T23:51:37.803-0500] {logging_mixin.py:188} INFO - [2024-05-01T23:51:37.803-0500] {dag.py:3954} INFO - Setting next_dagrun for example_python_operator to None, run_after=None
[2024-05-01T23:51:37.835-0500] {processor.py:183} INFO - Processing /Users/nestoralfaro/Desktop/pbi-scenario-two/py_env/lib/python3.9/site-packages/airflow/example_dags/example_python_operator.py took 0.093 seconds
[2024-05-01T23:53:34.627-0500] {processor.py:161} INFO - Started process (PID=35720) to work on /Users/nestoralfaro/Desktop/pbi-scenario-two/py_env/lib/python3.9/site-packages/airflow/example_dags/example_python_operator.py
[2024-05-01T23:53:34.629-0500] {processor.py:830} INFO - Processing file /Users/nestoralfaro/Desktop/pbi-scenario-two/py_env/lib/python3.9/site-packages/airflow/example_dags/example_python_operator.py for tasks to queue
[2024-05-01T23:53:34.629-0500] {logging_mixin.py:188} INFO - [2024-05-01T23:53:34.629-0500] {dagbag.py:540} INFO - Filling up the DagBag from /Users/nestoralfaro/Desktop/pbi-scenario-two/py_env/lib/python3.9/site-packages/airflow/example_dags/example_python_operator.py
[2024-05-01T23:53:34.638-0500] {logging_mixin.py:188} INFO - [2024-05-01T23:53:34.638-0500] {example_python_operator.py:93} WARNING - The virtalenv_python example task requires virtualenv, please install it.
[2024-05-01T23:53:34.640-0500] {processor.py:840} INFO - DAG(s) 'example_python_operator' retrieved from /Users/nestoralfaro/Desktop/pbi-scenario-two/py_env/lib/python3.9/site-packages/airflow/example_dags/example_python_operator.py
[2024-05-01T23:53:34.684-0500] {logging_mixin.py:188} INFO - [2024-05-01T23:53:34.683-0500] {dag.py:3096} INFO - Sync 1 DAGs
[2024-05-01T23:53:34.688-0500] {logging_mixin.py:188} INFO - [2024-05-01T23:53:34.688-0500] {dag.py:3954} INFO - Setting next_dagrun for example_python_operator to None, run_after=None
[2024-05-01T23:53:34.719-0500] {processor.py:183} INFO - Processing /Users/nestoralfaro/Desktop/pbi-scenario-two/py_env/lib/python3.9/site-packages/airflow/example_dags/example_python_operator.py took 0.093 seconds
[2024-05-01T23:55:29.088-0500] {processor.py:161} INFO - Started process (PID=35789) to work on /Users/nestoralfaro/Desktop/pbi-scenario-two/py_env/lib/python3.9/site-packages/airflow/example_dags/example_python_operator.py
[2024-05-01T23:55:29.089-0500] {processor.py:830} INFO - Processing file /Users/nestoralfaro/Desktop/pbi-scenario-two/py_env/lib/python3.9/site-packages/airflow/example_dags/example_python_operator.py for tasks to queue
[2024-05-01T23:55:29.090-0500] {logging_mixin.py:188} INFO - [2024-05-01T23:55:29.090-0500] {dagbag.py:540} INFO - Filling up the DagBag from /Users/nestoralfaro/Desktop/pbi-scenario-two/py_env/lib/python3.9/site-packages/airflow/example_dags/example_python_operator.py
[2024-05-01T23:55:29.099-0500] {logging_mixin.py:188} INFO - [2024-05-01T23:55:29.099-0500] {example_python_operator.py:93} WARNING - The virtalenv_python example task requires virtualenv, please install it.
[2024-05-01T23:55:29.101-0500] {processor.py:840} INFO - DAG(s) 'example_python_operator' retrieved from /Users/nestoralfaro/Desktop/pbi-scenario-two/py_env/lib/python3.9/site-packages/airflow/example_dags/example_python_operator.py
[2024-05-01T23:55:29.140-0500] {logging_mixin.py:188} INFO - [2024-05-01T23:55:29.140-0500] {dag.py:3096} INFO - Sync 1 DAGs
[2024-05-01T23:55:29.144-0500] {logging_mixin.py:188} INFO - [2024-05-01T23:55:29.144-0500] {dag.py:3954} INFO - Setting next_dagrun for example_python_operator to None, run_after=None
[2024-05-01T23:55:29.173-0500] {processor.py:183} INFO - Processing /Users/nestoralfaro/Desktop/pbi-scenario-two/py_env/lib/python3.9/site-packages/airflow/example_dags/example_python_operator.py took 0.086 seconds
[2024-05-01T23:57:20.053-0500] {processor.py:161} INFO - Started process (PID=35857) to work on /Users/nestoralfaro/Desktop/pbi-scenario-two/py_env/lib/python3.9/site-packages/airflow/example_dags/example_python_operator.py
[2024-05-01T23:57:20.054-0500] {processor.py:830} INFO - Processing file /Users/nestoralfaro/Desktop/pbi-scenario-two/py_env/lib/python3.9/site-packages/airflow/example_dags/example_python_operator.py for tasks to queue
[2024-05-01T23:57:20.055-0500] {logging_mixin.py:188} INFO - [2024-05-01T23:57:20.055-0500] {dagbag.py:540} INFO - Filling up the DagBag from /Users/nestoralfaro/Desktop/pbi-scenario-two/py_env/lib/python3.9/site-packages/airflow/example_dags/example_python_operator.py
[2024-05-01T23:57:20.064-0500] {logging_mixin.py:188} INFO - [2024-05-01T23:57:20.064-0500] {example_python_operator.py:93} WARNING - The virtalenv_python example task requires virtualenv, please install it.
[2024-05-01T23:57:20.065-0500] {processor.py:840} INFO - DAG(s) 'example_python_operator' retrieved from /Users/nestoralfaro/Desktop/pbi-scenario-two/py_env/lib/python3.9/site-packages/airflow/example_dags/example_python_operator.py
[2024-05-01T23:57:20.104-0500] {logging_mixin.py:188} INFO - [2024-05-01T23:57:20.104-0500] {dag.py:3096} INFO - Sync 1 DAGs
[2024-05-01T23:57:20.108-0500] {logging_mixin.py:188} INFO - [2024-05-01T23:57:20.108-0500] {dag.py:3954} INFO - Setting next_dagrun for example_python_operator to None, run_after=None
[2024-05-01T23:57:20.137-0500] {processor.py:183} INFO - Processing /Users/nestoralfaro/Desktop/pbi-scenario-two/py_env/lib/python3.9/site-packages/airflow/example_dags/example_python_operator.py took 0.085 seconds
[2024-05-01T23:59:12.051-0500] {processor.py:161} INFO - Started process (PID=35927) to work on /Users/nestoralfaro/Desktop/pbi-scenario-two/py_env/lib/python3.9/site-packages/airflow/example_dags/example_python_operator.py
[2024-05-01T23:59:12.052-0500] {processor.py:830} INFO - Processing file /Users/nestoralfaro/Desktop/pbi-scenario-two/py_env/lib/python3.9/site-packages/airflow/example_dags/example_python_operator.py for tasks to queue
[2024-05-01T23:59:12.052-0500] {logging_mixin.py:188} INFO - [2024-05-01T23:59:12.052-0500] {dagbag.py:540} INFO - Filling up the DagBag from /Users/nestoralfaro/Desktop/pbi-scenario-two/py_env/lib/python3.9/site-packages/airflow/example_dags/example_python_operator.py
[2024-05-01T23:59:12.062-0500] {logging_mixin.py:188} INFO - [2024-05-01T23:59:12.062-0500] {example_python_operator.py:93} WARNING - The virtalenv_python example task requires virtualenv, please install it.
[2024-05-01T23:59:12.063-0500] {processor.py:840} INFO - DAG(s) 'example_python_operator' retrieved from /Users/nestoralfaro/Desktop/pbi-scenario-two/py_env/lib/python3.9/site-packages/airflow/example_dags/example_python_operator.py
[2024-05-01T23:59:12.104-0500] {logging_mixin.py:188} INFO - [2024-05-01T23:59:12.104-0500] {dag.py:3096} INFO - Sync 1 DAGs
[2024-05-01T23:59:12.108-0500] {logging_mixin.py:188} INFO - [2024-05-01T23:59:12.108-0500] {dag.py:3954} INFO - Setting next_dagrun for example_python_operator to None, run_after=None
[2024-05-01T23:59:12.137-0500] {processor.py:183} INFO - Processing /Users/nestoralfaro/Desktop/pbi-scenario-two/py_env/lib/python3.9/site-packages/airflow/example_dags/example_python_operator.py took 0.087 seconds
[2024-05-02T00:01:03.179-0500] {processor.py:161} INFO - Started process (PID=36020) to work on /Users/nestoralfaro/Desktop/pbi-scenario-two/py_env/lib/python3.9/site-packages/airflow/example_dags/example_python_operator.py
[2024-05-02T00:01:03.182-0500] {processor.py:830} INFO - Processing file /Users/nestoralfaro/Desktop/pbi-scenario-two/py_env/lib/python3.9/site-packages/airflow/example_dags/example_python_operator.py for tasks to queue
[2024-05-02T00:01:03.182-0500] {logging_mixin.py:188} INFO - [2024-05-02T00:01:03.182-0500] {dagbag.py:540} INFO - Filling up the DagBag from /Users/nestoralfaro/Desktop/pbi-scenario-two/py_env/lib/python3.9/site-packages/airflow/example_dags/example_python_operator.py
[2024-05-02T00:01:03.193-0500] {logging_mixin.py:188} INFO - [2024-05-02T00:01:03.193-0500] {example_python_operator.py:93} WARNING - The virtalenv_python example task requires virtualenv, please install it.
[2024-05-02T00:01:03.195-0500] {processor.py:840} INFO - DAG(s) 'example_python_operator' retrieved from /Users/nestoralfaro/Desktop/pbi-scenario-two/py_env/lib/python3.9/site-packages/airflow/example_dags/example_python_operator.py
[2024-05-02T00:01:03.241-0500] {logging_mixin.py:188} INFO - [2024-05-02T00:01:03.241-0500] {dag.py:3096} INFO - Sync 1 DAGs
[2024-05-02T00:01:03.247-0500] {logging_mixin.py:188} INFO - [2024-05-02T00:01:03.247-0500] {dag.py:3954} INFO - Setting next_dagrun for example_python_operator to None, run_after=None
[2024-05-02T00:01:03.282-0500] {processor.py:183} INFO - Processing /Users/nestoralfaro/Desktop/pbi-scenario-two/py_env/lib/python3.9/site-packages/airflow/example_dags/example_python_operator.py took 0.104 seconds
[2024-05-02T00:03:01.231-0500] {processor.py:161} INFO - Started process (PID=36104) to work on /Users/nestoralfaro/Desktop/pbi-scenario-two/py_env/lib/python3.9/site-packages/airflow/example_dags/example_python_operator.py
[2024-05-02T00:03:01.233-0500] {processor.py:830} INFO - Processing file /Users/nestoralfaro/Desktop/pbi-scenario-two/py_env/lib/python3.9/site-packages/airflow/example_dags/example_python_operator.py for tasks to queue
[2024-05-02T00:03:01.234-0500] {logging_mixin.py:188} INFO - [2024-05-02T00:03:01.233-0500] {dagbag.py:540} INFO - Filling up the DagBag from /Users/nestoralfaro/Desktop/pbi-scenario-two/py_env/lib/python3.9/site-packages/airflow/example_dags/example_python_operator.py
[2024-05-02T00:03:01.243-0500] {logging_mixin.py:188} INFO - [2024-05-02T00:03:01.243-0500] {example_python_operator.py:93} WARNING - The virtalenv_python example task requires virtualenv, please install it.
[2024-05-02T00:03:01.245-0500] {processor.py:840} INFO - DAG(s) 'example_python_operator' retrieved from /Users/nestoralfaro/Desktop/pbi-scenario-two/py_env/lib/python3.9/site-packages/airflow/example_dags/example_python_operator.py
[2024-05-02T00:03:01.284-0500] {logging_mixin.py:188} INFO - [2024-05-02T00:03:01.284-0500] {dag.py:3096} INFO - Sync 1 DAGs
[2024-05-02T00:03:01.288-0500] {logging_mixin.py:188} INFO - [2024-05-02T00:03:01.288-0500] {dag.py:3954} INFO - Setting next_dagrun for example_python_operator to None, run_after=None
[2024-05-02T00:03:01.318-0500] {processor.py:183} INFO - Processing /Users/nestoralfaro/Desktop/pbi-scenario-two/py_env/lib/python3.9/site-packages/airflow/example_dags/example_python_operator.py took 0.089 seconds
[2024-05-02T00:04:54.843-0500] {processor.py:161} INFO - Started process (PID=36181) to work on /Users/nestoralfaro/Desktop/pbi-scenario-two/py_env/lib/python3.9/site-packages/airflow/example_dags/example_python_operator.py
[2024-05-02T00:04:54.845-0500] {processor.py:830} INFO - Processing file /Users/nestoralfaro/Desktop/pbi-scenario-two/py_env/lib/python3.9/site-packages/airflow/example_dags/example_python_operator.py for tasks to queue
[2024-05-02T00:04:54.846-0500] {logging_mixin.py:188} INFO - [2024-05-02T00:04:54.846-0500] {dagbag.py:540} INFO - Filling up the DagBag from /Users/nestoralfaro/Desktop/pbi-scenario-two/py_env/lib/python3.9/site-packages/airflow/example_dags/example_python_operator.py
[2024-05-02T00:04:54.857-0500] {logging_mixin.py:188} INFO - [2024-05-02T00:04:54.856-0500] {example_python_operator.py:93} WARNING - The virtalenv_python example task requires virtualenv, please install it.
[2024-05-02T00:04:54.858-0500] {processor.py:840} INFO - DAG(s) 'example_python_operator' retrieved from /Users/nestoralfaro/Desktop/pbi-scenario-two/py_env/lib/python3.9/site-packages/airflow/example_dags/example_python_operator.py
[2024-05-02T00:04:54.902-0500] {logging_mixin.py:188} INFO - [2024-05-02T00:04:54.902-0500] {dag.py:3096} INFO - Sync 1 DAGs
[2024-05-02T00:04:54.907-0500] {logging_mixin.py:188} INFO - [2024-05-02T00:04:54.907-0500] {dag.py:3954} INFO - Setting next_dagrun for example_python_operator to None, run_after=None
[2024-05-02T00:04:54.940-0500] {processor.py:183} INFO - Processing /Users/nestoralfaro/Desktop/pbi-scenario-two/py_env/lib/python3.9/site-packages/airflow/example_dags/example_python_operator.py took 0.099 seconds
[2024-05-02T00:06:48.263-0500] {processor.py:161} INFO - Started process (PID=36269) to work on /Users/nestoralfaro/Desktop/pbi-scenario-two/py_env/lib/python3.9/site-packages/airflow/example_dags/example_python_operator.py
[2024-05-02T00:06:48.265-0500] {processor.py:830} INFO - Processing file /Users/nestoralfaro/Desktop/pbi-scenario-two/py_env/lib/python3.9/site-packages/airflow/example_dags/example_python_operator.py for tasks to queue
[2024-05-02T00:06:48.266-0500] {logging_mixin.py:188} INFO - [2024-05-02T00:06:48.266-0500] {dagbag.py:540} INFO - Filling up the DagBag from /Users/nestoralfaro/Desktop/pbi-scenario-two/py_env/lib/python3.9/site-packages/airflow/example_dags/example_python_operator.py
[2024-05-02T00:06:48.275-0500] {logging_mixin.py:188} INFO - [2024-05-02T00:06:48.275-0500] {example_python_operator.py:93} WARNING - The virtalenv_python example task requires virtualenv, please install it.
[2024-05-02T00:06:48.276-0500] {processor.py:840} INFO - DAG(s) 'example_python_operator' retrieved from /Users/nestoralfaro/Desktop/pbi-scenario-two/py_env/lib/python3.9/site-packages/airflow/example_dags/example_python_operator.py
[2024-05-02T00:06:48.317-0500] {logging_mixin.py:188} INFO - [2024-05-02T00:06:48.316-0500] {dag.py:3096} INFO - Sync 1 DAGs
[2024-05-02T00:06:48.321-0500] {logging_mixin.py:188} INFO - [2024-05-02T00:06:48.321-0500] {dag.py:3954} INFO - Setting next_dagrun for example_python_operator to None, run_after=None
[2024-05-02T00:06:48.351-0500] {processor.py:183} INFO - Processing /Users/nestoralfaro/Desktop/pbi-scenario-two/py_env/lib/python3.9/site-packages/airflow/example_dags/example_python_operator.py took 0.089 seconds
[2024-05-02T00:08:36.503-0500] {processor.py:161} INFO - Started process (PID=36336) to work on /Users/nestoralfaro/Desktop/pbi-scenario-two/py_env/lib/python3.9/site-packages/airflow/example_dags/example_python_operator.py
[2024-05-02T00:08:36.505-0500] {processor.py:830} INFO - Processing file /Users/nestoralfaro/Desktop/pbi-scenario-two/py_env/lib/python3.9/site-packages/airflow/example_dags/example_python_operator.py for tasks to queue
[2024-05-02T00:08:36.506-0500] {logging_mixin.py:188} INFO - [2024-05-02T00:08:36.506-0500] {dagbag.py:540} INFO - Filling up the DagBag from /Users/nestoralfaro/Desktop/pbi-scenario-two/py_env/lib/python3.9/site-packages/airflow/example_dags/example_python_operator.py
[2024-05-02T00:08:36.516-0500] {logging_mixin.py:188} INFO - [2024-05-02T00:08:36.516-0500] {example_python_operator.py:93} WARNING - The virtalenv_python example task requires virtualenv, please install it.
[2024-05-02T00:08:36.517-0500] {processor.py:840} INFO - DAG(s) 'example_python_operator' retrieved from /Users/nestoralfaro/Desktop/pbi-scenario-two/py_env/lib/python3.9/site-packages/airflow/example_dags/example_python_operator.py
[2024-05-02T00:08:36.558-0500] {logging_mixin.py:188} INFO - [2024-05-02T00:08:36.558-0500] {dag.py:3096} INFO - Sync 1 DAGs
[2024-05-02T00:08:36.562-0500] {logging_mixin.py:188} INFO - [2024-05-02T00:08:36.562-0500] {dag.py:3954} INFO - Setting next_dagrun for example_python_operator to None, run_after=None
[2024-05-02T00:08:36.592-0500] {processor.py:183} INFO - Processing /Users/nestoralfaro/Desktop/pbi-scenario-two/py_env/lib/python3.9/site-packages/airflow/example_dags/example_python_operator.py took 0.090 seconds
[2024-05-02T00:11:40.530-0500] {processor.py:161} INFO - Started process (PID=36464) to work on /Users/nestoralfaro/Desktop/pbi-scenario-two/py_env/lib/python3.9/site-packages/airflow/example_dags/example_python_operator.py
[2024-05-02T00:11:40.532-0500] {processor.py:830} INFO - Processing file /Users/nestoralfaro/Desktop/pbi-scenario-two/py_env/lib/python3.9/site-packages/airflow/example_dags/example_python_operator.py for tasks to queue
[2024-05-02T00:11:40.533-0500] {logging_mixin.py:188} INFO - [2024-05-02T00:11:40.533-0500] {dagbag.py:540} INFO - Filling up the DagBag from /Users/nestoralfaro/Desktop/pbi-scenario-two/py_env/lib/python3.9/site-packages/airflow/example_dags/example_python_operator.py
[2024-05-02T00:11:40.543-0500] {logging_mixin.py:188} INFO - [2024-05-02T00:11:40.543-0500] {example_python_operator.py:93} WARNING - The virtalenv_python example task requires virtualenv, please install it.
[2024-05-02T00:11:40.544-0500] {processor.py:840} INFO - DAG(s) 'example_python_operator' retrieved from /Users/nestoralfaro/Desktop/pbi-scenario-two/py_env/lib/python3.9/site-packages/airflow/example_dags/example_python_operator.py
[2024-05-02T00:11:40.584-0500] {logging_mixin.py:188} INFO - [2024-05-02T00:11:40.584-0500] {dag.py:3096} INFO - Sync 1 DAGs
[2024-05-02T00:11:40.588-0500] {logging_mixin.py:188} INFO - [2024-05-02T00:11:40.588-0500] {dag.py:3954} INFO - Setting next_dagrun for example_python_operator to None, run_after=None
[2024-05-02T00:11:40.617-0500] {processor.py:183} INFO - Processing /Users/nestoralfaro/Desktop/pbi-scenario-two/py_env/lib/python3.9/site-packages/airflow/example_dags/example_python_operator.py took 0.089 seconds
[2024-05-02T00:13:08.164-0500] {processor.py:161} INFO - Started process (PID=36531) to work on /Users/nestoralfaro/Desktop/pbi-scenario-two/py_env/lib/python3.9/site-packages/airflow/example_dags/example_python_operator.py
[2024-05-02T00:13:08.165-0500] {processor.py:830} INFO - Processing file /Users/nestoralfaro/Desktop/pbi-scenario-two/py_env/lib/python3.9/site-packages/airflow/example_dags/example_python_operator.py for tasks to queue
[2024-05-02T00:13:08.165-0500] {logging_mixin.py:188} INFO - [2024-05-02T00:13:08.165-0500] {dagbag.py:540} INFO - Filling up the DagBag from /Users/nestoralfaro/Desktop/pbi-scenario-two/py_env/lib/python3.9/site-packages/airflow/example_dags/example_python_operator.py
[2024-05-02T00:13:08.175-0500] {logging_mixin.py:188} INFO - [2024-05-02T00:13:08.175-0500] {example_python_operator.py:93} WARNING - The virtalenv_python example task requires virtualenv, please install it.
[2024-05-02T00:13:08.177-0500] {processor.py:840} INFO - DAG(s) 'example_python_operator' retrieved from /Users/nestoralfaro/Desktop/pbi-scenario-two/py_env/lib/python3.9/site-packages/airflow/example_dags/example_python_operator.py
[2024-05-02T00:13:08.220-0500] {logging_mixin.py:188} INFO - [2024-05-02T00:13:08.220-0500] {dag.py:3096} INFO - Sync 1 DAGs
[2024-05-02T00:13:08.225-0500] {logging_mixin.py:188} INFO - [2024-05-02T00:13:08.225-0500] {dag.py:3954} INFO - Setting next_dagrun for example_python_operator to None, run_after=None
[2024-05-02T00:13:08.256-0500] {processor.py:183} INFO - Processing /Users/nestoralfaro/Desktop/pbi-scenario-two/py_env/lib/python3.9/site-packages/airflow/example_dags/example_python_operator.py took 0.094 seconds
[2024-05-02T00:15:33.596-0500] {processor.py:161} INFO - Started process (PID=36628) to work on /Users/nestoralfaro/Desktop/pbi-scenario-two/py_env/lib/python3.9/site-packages/airflow/example_dags/example_python_operator.py
[2024-05-02T00:15:33.598-0500] {processor.py:830} INFO - Processing file /Users/nestoralfaro/Desktop/pbi-scenario-two/py_env/lib/python3.9/site-packages/airflow/example_dags/example_python_operator.py for tasks to queue
[2024-05-02T00:15:33.599-0500] {logging_mixin.py:188} INFO - [2024-05-02T00:15:33.599-0500] {dagbag.py:540} INFO - Filling up the DagBag from /Users/nestoralfaro/Desktop/pbi-scenario-two/py_env/lib/python3.9/site-packages/airflow/example_dags/example_python_operator.py
[2024-05-02T00:15:33.609-0500] {logging_mixin.py:188} INFO - [2024-05-02T00:15:33.609-0500] {example_python_operator.py:93} WARNING - The virtalenv_python example task requires virtualenv, please install it.
[2024-05-02T00:15:33.611-0500] {processor.py:840} INFO - DAG(s) 'example_python_operator' retrieved from /Users/nestoralfaro/Desktop/pbi-scenario-two/py_env/lib/python3.9/site-packages/airflow/example_dags/example_python_operator.py
[2024-05-02T00:15:33.653-0500] {logging_mixin.py:188} INFO - [2024-05-02T00:15:33.653-0500] {dag.py:3096} INFO - Sync 1 DAGs
[2024-05-02T00:15:33.657-0500] {logging_mixin.py:188} INFO - [2024-05-02T00:15:33.657-0500] {dag.py:3954} INFO - Setting next_dagrun for example_python_operator to None, run_after=None
[2024-05-02T00:15:33.688-0500] {processor.py:183} INFO - Processing /Users/nestoralfaro/Desktop/pbi-scenario-two/py_env/lib/python3.9/site-packages/airflow/example_dags/example_python_operator.py took 0.093 seconds
[2024-05-02T00:17:02.914-0500] {processor.py:161} INFO - Started process (PID=36683) to work on /Users/nestoralfaro/Desktop/pbi-scenario-two/py_env/lib/python3.9/site-packages/airflow/example_dags/example_python_operator.py
[2024-05-02T00:17:02.915-0500] {processor.py:830} INFO - Processing file /Users/nestoralfaro/Desktop/pbi-scenario-two/py_env/lib/python3.9/site-packages/airflow/example_dags/example_python_operator.py for tasks to queue
[2024-05-02T00:17:02.915-0500] {logging_mixin.py:188} INFO - [2024-05-02T00:17:02.915-0500] {dagbag.py:540} INFO - Filling up the DagBag from /Users/nestoralfaro/Desktop/pbi-scenario-two/py_env/lib/python3.9/site-packages/airflow/example_dags/example_python_operator.py
[2024-05-02T00:17:02.925-0500] {logging_mixin.py:188} INFO - [2024-05-02T00:17:02.925-0500] {example_python_operator.py:93} WARNING - The virtalenv_python example task requires virtualenv, please install it.
[2024-05-02T00:17:02.926-0500] {processor.py:840} INFO - DAG(s) 'example_python_operator' retrieved from /Users/nestoralfaro/Desktop/pbi-scenario-two/py_env/lib/python3.9/site-packages/airflow/example_dags/example_python_operator.py
[2024-05-02T00:17:02.966-0500] {logging_mixin.py:188} INFO - [2024-05-02T00:17:02.966-0500] {dag.py:3096} INFO - Sync 1 DAGs
[2024-05-02T00:17:02.970-0500] {logging_mixin.py:188} INFO - [2024-05-02T00:17:02.970-0500] {dag.py:3954} INFO - Setting next_dagrun for example_python_operator to None, run_after=None
[2024-05-02T00:17:03.000-0500] {processor.py:183} INFO - Processing /Users/nestoralfaro/Desktop/pbi-scenario-two/py_env/lib/python3.9/site-packages/airflow/example_dags/example_python_operator.py took 0.087 seconds
[2024-05-02T00:18:58.317-0500] {processor.py:161} INFO - Started process (PID=36780) to work on /Users/nestoralfaro/Desktop/pbi-scenario-two/py_env/lib/python3.9/site-packages/airflow/example_dags/example_python_operator.py
[2024-05-02T00:18:58.319-0500] {processor.py:830} INFO - Processing file /Users/nestoralfaro/Desktop/pbi-scenario-two/py_env/lib/python3.9/site-packages/airflow/example_dags/example_python_operator.py for tasks to queue
[2024-05-02T00:18:58.319-0500] {logging_mixin.py:188} INFO - [2024-05-02T00:18:58.319-0500] {dagbag.py:540} INFO - Filling up the DagBag from /Users/nestoralfaro/Desktop/pbi-scenario-two/py_env/lib/python3.9/site-packages/airflow/example_dags/example_python_operator.py
[2024-05-02T00:18:58.329-0500] {logging_mixin.py:188} INFO - [2024-05-02T00:18:58.329-0500] {example_python_operator.py:93} WARNING - The virtalenv_python example task requires virtualenv, please install it.
[2024-05-02T00:18:58.330-0500] {processor.py:840} INFO - DAG(s) 'example_python_operator' retrieved from /Users/nestoralfaro/Desktop/pbi-scenario-two/py_env/lib/python3.9/site-packages/airflow/example_dags/example_python_operator.py
[2024-05-02T00:18:58.369-0500] {logging_mixin.py:188} INFO - [2024-05-02T00:18:58.369-0500] {dag.py:3096} INFO - Sync 1 DAGs
[2024-05-02T00:18:58.374-0500] {logging_mixin.py:188} INFO - [2024-05-02T00:18:58.373-0500] {dag.py:3954} INFO - Setting next_dagrun for example_python_operator to None, run_after=None
[2024-05-02T00:18:58.403-0500] {processor.py:183} INFO - Processing /Users/nestoralfaro/Desktop/pbi-scenario-two/py_env/lib/python3.9/site-packages/airflow/example_dags/example_python_operator.py took 0.087 seconds
[2024-05-02T00:20:52.307-0500] {processor.py:161} INFO - Started process (PID=36868) to work on /Users/nestoralfaro/Desktop/pbi-scenario-two/py_env/lib/python3.9/site-packages/airflow/example_dags/example_python_operator.py
[2024-05-02T00:20:52.309-0500] {processor.py:830} INFO - Processing file /Users/nestoralfaro/Desktop/pbi-scenario-two/py_env/lib/python3.9/site-packages/airflow/example_dags/example_python_operator.py for tasks to queue
[2024-05-02T00:20:52.309-0500] {logging_mixin.py:188} INFO - [2024-05-02T00:20:52.309-0500] {dagbag.py:540} INFO - Filling up the DagBag from /Users/nestoralfaro/Desktop/pbi-scenario-two/py_env/lib/python3.9/site-packages/airflow/example_dags/example_python_operator.py
[2024-05-02T00:20:52.320-0500] {logging_mixin.py:188} INFO - [2024-05-02T00:20:52.319-0500] {example_python_operator.py:93} WARNING - The virtalenv_python example task requires virtualenv, please install it.
[2024-05-02T00:20:52.321-0500] {processor.py:840} INFO - DAG(s) 'example_python_operator' retrieved from /Users/nestoralfaro/Desktop/pbi-scenario-two/py_env/lib/python3.9/site-packages/airflow/example_dags/example_python_operator.py
[2024-05-02T00:20:52.365-0500] {logging_mixin.py:188} INFO - [2024-05-02T00:20:52.365-0500] {dag.py:3096} INFO - Sync 1 DAGs
[2024-05-02T00:20:52.369-0500] {logging_mixin.py:188} INFO - [2024-05-02T00:20:52.369-0500] {dag.py:3954} INFO - Setting next_dagrun for example_python_operator to None, run_after=None
[2024-05-02T00:20:52.402-0500] {processor.py:183} INFO - Processing /Users/nestoralfaro/Desktop/pbi-scenario-two/py_env/lib/python3.9/site-packages/airflow/example_dags/example_python_operator.py took 0.096 seconds
[2024-05-02T00:22:49.368-0500] {processor.py:161} INFO - Started process (PID=36970) to work on /Users/nestoralfaro/Desktop/pbi-scenario-two/py_env/lib/python3.9/site-packages/airflow/example_dags/example_python_operator.py
[2024-05-02T00:22:49.370-0500] {processor.py:830} INFO - Processing file /Users/nestoralfaro/Desktop/pbi-scenario-two/py_env/lib/python3.9/site-packages/airflow/example_dags/example_python_operator.py for tasks to queue
[2024-05-02T00:22:49.370-0500] {logging_mixin.py:188} INFO - [2024-05-02T00:22:49.370-0500] {dagbag.py:540} INFO - Filling up the DagBag from /Users/nestoralfaro/Desktop/pbi-scenario-two/py_env/lib/python3.9/site-packages/airflow/example_dags/example_python_operator.py
[2024-05-02T00:22:49.380-0500] {logging_mixin.py:188} INFO - [2024-05-02T00:22:49.380-0500] {example_python_operator.py:93} WARNING - The virtalenv_python example task requires virtualenv, please install it.
[2024-05-02T00:22:49.382-0500] {processor.py:840} INFO - DAG(s) 'example_python_operator' retrieved from /Users/nestoralfaro/Desktop/pbi-scenario-two/py_env/lib/python3.9/site-packages/airflow/example_dags/example_python_operator.py
[2024-05-02T00:22:49.425-0500] {logging_mixin.py:188} INFO - [2024-05-02T00:22:49.425-0500] {dag.py:3096} INFO - Sync 1 DAGs
[2024-05-02T00:22:49.429-0500] {logging_mixin.py:188} INFO - [2024-05-02T00:22:49.429-0500] {dag.py:3954} INFO - Setting next_dagrun for example_python_operator to None, run_after=None
[2024-05-02T00:22:49.460-0500] {processor.py:183} INFO - Processing /Users/nestoralfaro/Desktop/pbi-scenario-two/py_env/lib/python3.9/site-packages/airflow/example_dags/example_python_operator.py took 0.094 seconds
