[2024-05-01T23:30:52.881-0500] {processor.py:161} INFO - Started process (PID=34765) to work on /Users/nestoralfaro/Desktop/pbi-scenario-two/py_env/lib/python3.9/site-packages/airflow/example_dags/example_params_ui_tutorial.py
[2024-05-01T23:30:52.882-0500] {processor.py:830} INFO - Processing file /Users/nestoralfaro/Desktop/pbi-scenario-two/py_env/lib/python3.9/site-packages/airflow/example_dags/example_params_ui_tutorial.py for tasks to queue
[2024-05-01T23:30:52.883-0500] {logging_mixin.py:188} INFO - [2024-05-01T23:30:52.883-0500] {dagbag.py:540} INFO - Filling up the DagBag from /Users/nestoralfaro/Desktop/pbi-scenario-two/py_env/lib/python3.9/site-packages/airflow/example_dags/example_params_ui_tutorial.py
[2024-05-01T23:30:52.900-0500] {processor.py:840} INFO - DAG(s) 'example_params_ui_tutorial' retrieved from /Users/nestoralfaro/Desktop/pbi-scenario-two/py_env/lib/python3.9/site-packages/airflow/example_dags/example_params_ui_tutorial.py
[2024-05-01T23:30:53.014-0500] {logging_mixin.py:188} INFO - [2024-05-01T23:30:53.013-0500] {dag.py:3096} INFO - Sync 1 DAGs
[2024-05-01T23:30:53.017-0500] {logging_mixin.py:188} INFO - [2024-05-01T23:30:53.017-0500] {dag.py:3954} INFO - Setting next_dagrun for example_params_ui_tutorial to None, run_after=None
[2024-05-01T23:30:53.026-0500] {processor.py:183} INFO - Processing /Users/nestoralfaro/Desktop/pbi-scenario-two/py_env/lib/python3.9/site-packages/airflow/example_dags/example_params_ui_tutorial.py took 0.147 seconds
[2024-05-01T23:32:26.914-0500] {processor.py:161} INFO - Started process (PID=34840) to work on /Users/nestoralfaro/Desktop/pbi-scenario-two/py_env/lib/python3.9/site-packages/airflow/example_dags/example_params_ui_tutorial.py
[2024-05-01T23:32:26.916-0500] {processor.py:830} INFO - Processing file /Users/nestoralfaro/Desktop/pbi-scenario-two/py_env/lib/python3.9/site-packages/airflow/example_dags/example_params_ui_tutorial.py for tasks to queue
[2024-05-01T23:32:26.917-0500] {logging_mixin.py:188} INFO - [2024-05-01T23:32:26.917-0500] {dagbag.py:540} INFO - Filling up the DagBag from /Users/nestoralfaro/Desktop/pbi-scenario-two/py_env/lib/python3.9/site-packages/airflow/example_dags/example_params_ui_tutorial.py
[2024-05-01T23:32:26.943-0500] {processor.py:840} INFO - DAG(s) 'example_params_ui_tutorial' retrieved from /Users/nestoralfaro/Desktop/pbi-scenario-two/py_env/lib/python3.9/site-packages/airflow/example_dags/example_params_ui_tutorial.py
[2024-05-01T23:32:27.002-0500] {logging_mixin.py:188} INFO - [2024-05-01T23:32:27.002-0500] {dag.py:3096} INFO - Sync 1 DAGs
[2024-05-01T23:32:27.033-0500] {logging_mixin.py:188} INFO - [2024-05-01T23:32:27.033-0500] {dag.py:3954} INFO - Setting next_dagrun for example_params_ui_tutorial to None, run_after=None
[2024-05-01T23:32:27.041-0500] {processor.py:183} INFO - Processing /Users/nestoralfaro/Desktop/pbi-scenario-two/py_env/lib/python3.9/site-packages/airflow/example_dags/example_params_ui_tutorial.py took 0.128 seconds
[2024-05-01T23:34:27.320-0500] {processor.py:161} INFO - Started process (PID=34926) to work on /Users/nestoralfaro/Desktop/pbi-scenario-two/py_env/lib/python3.9/site-packages/airflow/example_dags/example_params_ui_tutorial.py
[2024-05-01T23:34:27.322-0500] {processor.py:830} INFO - Processing file /Users/nestoralfaro/Desktop/pbi-scenario-two/py_env/lib/python3.9/site-packages/airflow/example_dags/example_params_ui_tutorial.py for tasks to queue
[2024-05-01T23:34:27.323-0500] {logging_mixin.py:188} INFO - [2024-05-01T23:34:27.322-0500] {dagbag.py:540} INFO - Filling up the DagBag from /Users/nestoralfaro/Desktop/pbi-scenario-two/py_env/lib/python3.9/site-packages/airflow/example_dags/example_params_ui_tutorial.py
[2024-05-01T23:34:27.342-0500] {processor.py:840} INFO - DAG(s) 'example_params_ui_tutorial' retrieved from /Users/nestoralfaro/Desktop/pbi-scenario-two/py_env/lib/python3.9/site-packages/airflow/example_dags/example_params_ui_tutorial.py
[2024-05-01T23:34:27.401-0500] {logging_mixin.py:188} INFO - [2024-05-01T23:34:27.401-0500] {dag.py:3096} INFO - Sync 1 DAGs
[2024-05-01T23:34:27.431-0500] {logging_mixin.py:188} INFO - [2024-05-01T23:34:27.430-0500] {dag.py:3954} INFO - Setting next_dagrun for example_params_ui_tutorial to None, run_after=None
[2024-05-01T23:34:27.438-0500] {processor.py:183} INFO - Processing /Users/nestoralfaro/Desktop/pbi-scenario-two/py_env/lib/python3.9/site-packages/airflow/example_dags/example_params_ui_tutorial.py took 0.119 seconds
[2024-05-01T23:36:21.190-0500] {processor.py:161} INFO - Started process (PID=34995) to work on /Users/nestoralfaro/Desktop/pbi-scenario-two/py_env/lib/python3.9/site-packages/airflow/example_dags/example_params_ui_tutorial.py
[2024-05-01T23:36:21.191-0500] {processor.py:830} INFO - Processing file /Users/nestoralfaro/Desktop/pbi-scenario-two/py_env/lib/python3.9/site-packages/airflow/example_dags/example_params_ui_tutorial.py for tasks to queue
[2024-05-01T23:36:21.192-0500] {logging_mixin.py:188} INFO - [2024-05-01T23:36:21.192-0500] {dagbag.py:540} INFO - Filling up the DagBag from /Users/nestoralfaro/Desktop/pbi-scenario-two/py_env/lib/python3.9/site-packages/airflow/example_dags/example_params_ui_tutorial.py
[2024-05-01T23:36:21.211-0500] {processor.py:840} INFO - DAG(s) 'example_params_ui_tutorial' retrieved from /Users/nestoralfaro/Desktop/pbi-scenario-two/py_env/lib/python3.9/site-packages/airflow/example_dags/example_params_ui_tutorial.py
[2024-05-01T23:36:21.265-0500] {logging_mixin.py:188} INFO - [2024-05-01T23:36:21.265-0500] {dag.py:3096} INFO - Sync 1 DAGs
[2024-05-01T23:36:21.295-0500] {logging_mixin.py:188} INFO - [2024-05-01T23:36:21.294-0500] {dag.py:3954} INFO - Setting next_dagrun for example_params_ui_tutorial to None, run_after=None
[2024-05-01T23:36:21.303-0500] {processor.py:183} INFO - Processing /Users/nestoralfaro/Desktop/pbi-scenario-two/py_env/lib/python3.9/site-packages/airflow/example_dags/example_params_ui_tutorial.py took 0.114 seconds
[2024-05-01T23:38:14.841-0500] {processor.py:161} INFO - Started process (PID=35064) to work on /Users/nestoralfaro/Desktop/pbi-scenario-two/py_env/lib/python3.9/site-packages/airflow/example_dags/example_params_ui_tutorial.py
[2024-05-01T23:38:14.843-0500] {processor.py:830} INFO - Processing file /Users/nestoralfaro/Desktop/pbi-scenario-two/py_env/lib/python3.9/site-packages/airflow/example_dags/example_params_ui_tutorial.py for tasks to queue
[2024-05-01T23:38:14.844-0500] {logging_mixin.py:188} INFO - [2024-05-01T23:38:14.843-0500] {dagbag.py:540} INFO - Filling up the DagBag from /Users/nestoralfaro/Desktop/pbi-scenario-two/py_env/lib/python3.9/site-packages/airflow/example_dags/example_params_ui_tutorial.py
[2024-05-01T23:38:14.860-0500] {processor.py:840} INFO - DAG(s) 'example_params_ui_tutorial' retrieved from /Users/nestoralfaro/Desktop/pbi-scenario-two/py_env/lib/python3.9/site-packages/airflow/example_dags/example_params_ui_tutorial.py
[2024-05-01T23:38:14.911-0500] {logging_mixin.py:188} INFO - [2024-05-01T23:38:14.911-0500] {dag.py:3096} INFO - Sync 1 DAGs
[2024-05-01T23:38:14.936-0500] {logging_mixin.py:188} INFO - [2024-05-01T23:38:14.936-0500] {dag.py:3954} INFO - Setting next_dagrun for example_params_ui_tutorial to None, run_after=None
[2024-05-01T23:38:14.943-0500] {processor.py:183} INFO - Processing /Users/nestoralfaro/Desktop/pbi-scenario-two/py_env/lib/python3.9/site-packages/airflow/example_dags/example_params_ui_tutorial.py took 0.103 seconds
[2024-05-01T23:40:11.108-0500] {processor.py:161} INFO - Started process (PID=35151) to work on /Users/nestoralfaro/Desktop/pbi-scenario-two/py_env/lib/python3.9/site-packages/airflow/example_dags/example_params_ui_tutorial.py
[2024-05-01T23:40:11.110-0500] {processor.py:830} INFO - Processing file /Users/nestoralfaro/Desktop/pbi-scenario-two/py_env/lib/python3.9/site-packages/airflow/example_dags/example_params_ui_tutorial.py for tasks to queue
[2024-05-01T23:40:11.110-0500] {logging_mixin.py:188} INFO - [2024-05-01T23:40:11.110-0500] {dagbag.py:540} INFO - Filling up the DagBag from /Users/nestoralfaro/Desktop/pbi-scenario-two/py_env/lib/python3.9/site-packages/airflow/example_dags/example_params_ui_tutorial.py
[2024-05-01T23:40:11.128-0500] {processor.py:840} INFO - DAG(s) 'example_params_ui_tutorial' retrieved from /Users/nestoralfaro/Desktop/pbi-scenario-two/py_env/lib/python3.9/site-packages/airflow/example_dags/example_params_ui_tutorial.py
[2024-05-01T23:40:11.183-0500] {logging_mixin.py:188} INFO - [2024-05-01T23:40:11.182-0500] {dag.py:3096} INFO - Sync 1 DAGs
[2024-05-01T23:40:11.212-0500] {logging_mixin.py:188} INFO - [2024-05-01T23:40:11.212-0500] {dag.py:3954} INFO - Setting next_dagrun for example_params_ui_tutorial to None, run_after=None
[2024-05-01T23:40:11.219-0500] {processor.py:183} INFO - Processing /Users/nestoralfaro/Desktop/pbi-scenario-two/py_env/lib/python3.9/site-packages/airflow/example_dags/example_params_ui_tutorial.py took 0.113 seconds
[2024-05-01T23:42:38.227-0500] {processor.py:161} INFO - Started process (PID=35275) to work on /Users/nestoralfaro/Desktop/pbi-scenario-two/py_env/lib/python3.9/site-packages/airflow/example_dags/example_params_ui_tutorial.py
[2024-05-01T23:42:38.229-0500] {processor.py:830} INFO - Processing file /Users/nestoralfaro/Desktop/pbi-scenario-two/py_env/lib/python3.9/site-packages/airflow/example_dags/example_params_ui_tutorial.py for tasks to queue
[2024-05-01T23:42:38.229-0500] {logging_mixin.py:188} INFO - [2024-05-01T23:42:38.229-0500] {dagbag.py:540} INFO - Filling up the DagBag from /Users/nestoralfaro/Desktop/pbi-scenario-two/py_env/lib/python3.9/site-packages/airflow/example_dags/example_params_ui_tutorial.py
[2024-05-01T23:42:38.248-0500] {processor.py:840} INFO - DAG(s) 'example_params_ui_tutorial' retrieved from /Users/nestoralfaro/Desktop/pbi-scenario-two/py_env/lib/python3.9/site-packages/airflow/example_dags/example_params_ui_tutorial.py
[2024-05-01T23:42:38.304-0500] {logging_mixin.py:188} INFO - [2024-05-01T23:42:38.304-0500] {dag.py:3096} INFO - Sync 1 DAGs
[2024-05-01T23:42:38.332-0500] {logging_mixin.py:188} INFO - [2024-05-01T23:42:38.331-0500] {dag.py:3954} INFO - Setting next_dagrun for example_params_ui_tutorial to None, run_after=None
[2024-05-01T23:42:38.338-0500] {processor.py:183} INFO - Processing /Users/nestoralfaro/Desktop/pbi-scenario-two/py_env/lib/python3.9/site-packages/airflow/example_dags/example_params_ui_tutorial.py took 0.113 seconds
[2024-05-01T23:44:06.846-0500] {processor.py:161} INFO - Started process (PID=35328) to work on /Users/nestoralfaro/Desktop/pbi-scenario-two/py_env/lib/python3.9/site-packages/airflow/example_dags/example_params_ui_tutorial.py
[2024-05-01T23:44:06.848-0500] {processor.py:830} INFO - Processing file /Users/nestoralfaro/Desktop/pbi-scenario-two/py_env/lib/python3.9/site-packages/airflow/example_dags/example_params_ui_tutorial.py for tasks to queue
[2024-05-01T23:44:06.848-0500] {logging_mixin.py:188} INFO - [2024-05-01T23:44:06.848-0500] {dagbag.py:540} INFO - Filling up the DagBag from /Users/nestoralfaro/Desktop/pbi-scenario-two/py_env/lib/python3.9/site-packages/airflow/example_dags/example_params_ui_tutorial.py
[2024-05-01T23:44:06.865-0500] {processor.py:840} INFO - DAG(s) 'example_params_ui_tutorial' retrieved from /Users/nestoralfaro/Desktop/pbi-scenario-two/py_env/lib/python3.9/site-packages/airflow/example_dags/example_params_ui_tutorial.py
[2024-05-01T23:44:06.915-0500] {logging_mixin.py:188} INFO - [2024-05-01T23:44:06.915-0500] {dag.py:3096} INFO - Sync 1 DAGs
[2024-05-01T23:44:06.941-0500] {logging_mixin.py:188} INFO - [2024-05-01T23:44:06.940-0500] {dag.py:3954} INFO - Setting next_dagrun for example_params_ui_tutorial to None, run_after=None
[2024-05-01T23:44:06.947-0500] {processor.py:183} INFO - Processing /Users/nestoralfaro/Desktop/pbi-scenario-two/py_env/lib/python3.9/site-packages/airflow/example_dags/example_params_ui_tutorial.py took 0.102 seconds
[2024-05-01T23:46:02.789-0500] {processor.py:161} INFO - Started process (PID=35412) to work on /Users/nestoralfaro/Desktop/pbi-scenario-two/py_env/lib/python3.9/site-packages/airflow/example_dags/example_params_ui_tutorial.py
[2024-05-01T23:46:02.791-0500] {processor.py:830} INFO - Processing file /Users/nestoralfaro/Desktop/pbi-scenario-two/py_env/lib/python3.9/site-packages/airflow/example_dags/example_params_ui_tutorial.py for tasks to queue
[2024-05-01T23:46:02.791-0500] {logging_mixin.py:188} INFO - [2024-05-01T23:46:02.791-0500] {dagbag.py:540} INFO - Filling up the DagBag from /Users/nestoralfaro/Desktop/pbi-scenario-two/py_env/lib/python3.9/site-packages/airflow/example_dags/example_params_ui_tutorial.py
[2024-05-01T23:46:02.809-0500] {processor.py:840} INFO - DAG(s) 'example_params_ui_tutorial' retrieved from /Users/nestoralfaro/Desktop/pbi-scenario-two/py_env/lib/python3.9/site-packages/airflow/example_dags/example_params_ui_tutorial.py
[2024-05-01T23:46:02.861-0500] {logging_mixin.py:188} INFO - [2024-05-01T23:46:02.861-0500] {dag.py:3096} INFO - Sync 1 DAGs
[2024-05-01T23:46:02.887-0500] {logging_mixin.py:188} INFO - [2024-05-01T23:46:02.887-0500] {dag.py:3954} INFO - Setting next_dagrun for example_params_ui_tutorial to None, run_after=None
[2024-05-01T23:46:02.894-0500] {processor.py:183} INFO - Processing /Users/nestoralfaro/Desktop/pbi-scenario-two/py_env/lib/python3.9/site-packages/airflow/example_dags/example_params_ui_tutorial.py took 0.107 seconds
[2024-05-01T23:47:54.695-0500] {processor.py:161} INFO - Started process (PID=35490) to work on /Users/nestoralfaro/Desktop/pbi-scenario-two/py_env/lib/python3.9/site-packages/airflow/example_dags/example_params_ui_tutorial.py
[2024-05-01T23:47:54.696-0500] {processor.py:830} INFO - Processing file /Users/nestoralfaro/Desktop/pbi-scenario-two/py_env/lib/python3.9/site-packages/airflow/example_dags/example_params_ui_tutorial.py for tasks to queue
[2024-05-01T23:47:54.696-0500] {logging_mixin.py:188} INFO - [2024-05-01T23:47:54.696-0500] {dagbag.py:540} INFO - Filling up the DagBag from /Users/nestoralfaro/Desktop/pbi-scenario-two/py_env/lib/python3.9/site-packages/airflow/example_dags/example_params_ui_tutorial.py
[2024-05-01T23:47:54.715-0500] {processor.py:840} INFO - DAG(s) 'example_params_ui_tutorial' retrieved from /Users/nestoralfaro/Desktop/pbi-scenario-two/py_env/lib/python3.9/site-packages/airflow/example_dags/example_params_ui_tutorial.py
[2024-05-01T23:47:54.772-0500] {logging_mixin.py:188} INFO - [2024-05-01T23:47:54.772-0500] {dag.py:3096} INFO - Sync 1 DAGs
[2024-05-01T23:47:54.804-0500] {logging_mixin.py:188} INFO - [2024-05-01T23:47:54.804-0500] {dag.py:3954} INFO - Setting next_dagrun for example_params_ui_tutorial to None, run_after=None
[2024-05-01T23:47:54.812-0500] {processor.py:183} INFO - Processing /Users/nestoralfaro/Desktop/pbi-scenario-two/py_env/lib/python3.9/site-packages/airflow/example_dags/example_params_ui_tutorial.py took 0.118 seconds
[2024-05-01T23:49:48.679-0500] {processor.py:161} INFO - Started process (PID=35568) to work on /Users/nestoralfaro/Desktop/pbi-scenario-two/py_env/lib/python3.9/site-packages/airflow/example_dags/example_params_ui_tutorial.py
[2024-05-01T23:49:48.681-0500] {processor.py:830} INFO - Processing file /Users/nestoralfaro/Desktop/pbi-scenario-two/py_env/lib/python3.9/site-packages/airflow/example_dags/example_params_ui_tutorial.py for tasks to queue
[2024-05-01T23:49:48.681-0500] {logging_mixin.py:188} INFO - [2024-05-01T23:49:48.681-0500] {dagbag.py:540} INFO - Filling up the DagBag from /Users/nestoralfaro/Desktop/pbi-scenario-two/py_env/lib/python3.9/site-packages/airflow/example_dags/example_params_ui_tutorial.py
[2024-05-01T23:49:48.701-0500] {processor.py:840} INFO - DAG(s) 'example_params_ui_tutorial' retrieved from /Users/nestoralfaro/Desktop/pbi-scenario-two/py_env/lib/python3.9/site-packages/airflow/example_dags/example_params_ui_tutorial.py
[2024-05-01T23:49:48.758-0500] {logging_mixin.py:188} INFO - [2024-05-01T23:49:48.758-0500] {dag.py:3096} INFO - Sync 1 DAGs
[2024-05-01T23:49:48.789-0500] {logging_mixin.py:188} INFO - [2024-05-01T23:49:48.789-0500] {dag.py:3954} INFO - Setting next_dagrun for example_params_ui_tutorial to None, run_after=None
[2024-05-01T23:49:48.797-0500] {processor.py:183} INFO - Processing /Users/nestoralfaro/Desktop/pbi-scenario-two/py_env/lib/python3.9/site-packages/airflow/example_dags/example_params_ui_tutorial.py took 0.121 seconds
[2024-05-01T23:51:42.824-0500] {processor.py:161} INFO - Started process (PID=35637) to work on /Users/nestoralfaro/Desktop/pbi-scenario-two/py_env/lib/python3.9/site-packages/airflow/example_dags/example_params_ui_tutorial.py
[2024-05-01T23:51:42.825-0500] {processor.py:830} INFO - Processing file /Users/nestoralfaro/Desktop/pbi-scenario-two/py_env/lib/python3.9/site-packages/airflow/example_dags/example_params_ui_tutorial.py for tasks to queue
[2024-05-01T23:51:42.825-0500] {logging_mixin.py:188} INFO - [2024-05-01T23:51:42.825-0500] {dagbag.py:540} INFO - Filling up the DagBag from /Users/nestoralfaro/Desktop/pbi-scenario-two/py_env/lib/python3.9/site-packages/airflow/example_dags/example_params_ui_tutorial.py
[2024-05-01T23:51:42.844-0500] {processor.py:840} INFO - DAG(s) 'example_params_ui_tutorial' retrieved from /Users/nestoralfaro/Desktop/pbi-scenario-two/py_env/lib/python3.9/site-packages/airflow/example_dags/example_params_ui_tutorial.py
[2024-05-01T23:51:42.900-0500] {logging_mixin.py:188} INFO - [2024-05-01T23:51:42.900-0500] {dag.py:3096} INFO - Sync 1 DAGs
[2024-05-01T23:51:42.928-0500] {logging_mixin.py:188} INFO - [2024-05-01T23:51:42.928-0500] {dag.py:3954} INFO - Setting next_dagrun for example_params_ui_tutorial to None, run_after=None
[2024-05-01T23:51:42.936-0500] {processor.py:183} INFO - Processing /Users/nestoralfaro/Desktop/pbi-scenario-two/py_env/lib/python3.9/site-packages/airflow/example_dags/example_params_ui_tutorial.py took 0.114 seconds
[2024-05-01T23:53:40.230-0500] {processor.py:161} INFO - Started process (PID=35723) to work on /Users/nestoralfaro/Desktop/pbi-scenario-two/py_env/lib/python3.9/site-packages/airflow/example_dags/example_params_ui_tutorial.py
[2024-05-01T23:53:40.231-0500] {processor.py:830} INFO - Processing file /Users/nestoralfaro/Desktop/pbi-scenario-two/py_env/lib/python3.9/site-packages/airflow/example_dags/example_params_ui_tutorial.py for tasks to queue
[2024-05-01T23:53:40.231-0500] {logging_mixin.py:188} INFO - [2024-05-01T23:53:40.231-0500] {dagbag.py:540} INFO - Filling up the DagBag from /Users/nestoralfaro/Desktop/pbi-scenario-two/py_env/lib/python3.9/site-packages/airflow/example_dags/example_params_ui_tutorial.py
[2024-05-01T23:53:40.249-0500] {processor.py:840} INFO - DAG(s) 'example_params_ui_tutorial' retrieved from /Users/nestoralfaro/Desktop/pbi-scenario-two/py_env/lib/python3.9/site-packages/airflow/example_dags/example_params_ui_tutorial.py
[2024-05-01T23:53:40.305-0500] {logging_mixin.py:188} INFO - [2024-05-01T23:53:40.305-0500] {dag.py:3096} INFO - Sync 1 DAGs
[2024-05-01T23:53:40.333-0500] {logging_mixin.py:188} INFO - [2024-05-01T23:53:40.333-0500] {dag.py:3954} INFO - Setting next_dagrun for example_params_ui_tutorial to None, run_after=None
[2024-05-01T23:53:40.340-0500] {processor.py:183} INFO - Processing /Users/nestoralfaro/Desktop/pbi-scenario-two/py_env/lib/python3.9/site-packages/airflow/example_dags/example_params_ui_tutorial.py took 0.111 seconds
[2024-05-01T23:55:34.554-0500] {processor.py:161} INFO - Started process (PID=35792) to work on /Users/nestoralfaro/Desktop/pbi-scenario-two/py_env/lib/python3.9/site-packages/airflow/example_dags/example_params_ui_tutorial.py
[2024-05-01T23:55:34.555-0500] {processor.py:830} INFO - Processing file /Users/nestoralfaro/Desktop/pbi-scenario-two/py_env/lib/python3.9/site-packages/airflow/example_dags/example_params_ui_tutorial.py for tasks to queue
[2024-05-01T23:55:34.555-0500] {logging_mixin.py:188} INFO - [2024-05-01T23:55:34.555-0500] {dagbag.py:540} INFO - Filling up the DagBag from /Users/nestoralfaro/Desktop/pbi-scenario-two/py_env/lib/python3.9/site-packages/airflow/example_dags/example_params_ui_tutorial.py
[2024-05-01T23:55:34.572-0500] {processor.py:840} INFO - DAG(s) 'example_params_ui_tutorial' retrieved from /Users/nestoralfaro/Desktop/pbi-scenario-two/py_env/lib/python3.9/site-packages/airflow/example_dags/example_params_ui_tutorial.py
[2024-05-01T23:55:34.622-0500] {logging_mixin.py:188} INFO - [2024-05-01T23:55:34.622-0500] {dag.py:3096} INFO - Sync 1 DAGs
[2024-05-01T23:55:34.647-0500] {logging_mixin.py:188} INFO - [2024-05-01T23:55:34.647-0500] {dag.py:3954} INFO - Setting next_dagrun for example_params_ui_tutorial to None, run_after=None
[2024-05-01T23:55:34.654-0500] {processor.py:183} INFO - Processing /Users/nestoralfaro/Desktop/pbi-scenario-two/py_env/lib/python3.9/site-packages/airflow/example_dags/example_params_ui_tutorial.py took 0.101 seconds
[2024-05-01T23:57:25.016-0500] {processor.py:161} INFO - Started process (PID=35860) to work on /Users/nestoralfaro/Desktop/pbi-scenario-two/py_env/lib/python3.9/site-packages/airflow/example_dags/example_params_ui_tutorial.py
[2024-05-01T23:57:25.017-0500] {processor.py:830} INFO - Processing file /Users/nestoralfaro/Desktop/pbi-scenario-two/py_env/lib/python3.9/site-packages/airflow/example_dags/example_params_ui_tutorial.py for tasks to queue
[2024-05-01T23:57:25.017-0500] {logging_mixin.py:188} INFO - [2024-05-01T23:57:25.017-0500] {dagbag.py:540} INFO - Filling up the DagBag from /Users/nestoralfaro/Desktop/pbi-scenario-two/py_env/lib/python3.9/site-packages/airflow/example_dags/example_params_ui_tutorial.py
[2024-05-01T23:57:25.033-0500] {processor.py:840} INFO - DAG(s) 'example_params_ui_tutorial' retrieved from /Users/nestoralfaro/Desktop/pbi-scenario-two/py_env/lib/python3.9/site-packages/airflow/example_dags/example_params_ui_tutorial.py
[2024-05-01T23:57:25.084-0500] {logging_mixin.py:188} INFO - [2024-05-01T23:57:25.084-0500] {dag.py:3096} INFO - Sync 1 DAGs
[2024-05-01T23:57:25.110-0500] {logging_mixin.py:188} INFO - [2024-05-01T23:57:25.110-0500] {dag.py:3954} INFO - Setting next_dagrun for example_params_ui_tutorial to None, run_after=None
[2024-05-01T23:57:25.117-0500] {processor.py:183} INFO - Processing /Users/nestoralfaro/Desktop/pbi-scenario-two/py_env/lib/python3.9/site-packages/airflow/example_dags/example_params_ui_tutorial.py took 0.102 seconds
[2024-05-01T23:59:17.554-0500] {processor.py:161} INFO - Started process (PID=35930) to work on /Users/nestoralfaro/Desktop/pbi-scenario-two/py_env/lib/python3.9/site-packages/airflow/example_dags/example_params_ui_tutorial.py
[2024-05-01T23:59:17.555-0500] {processor.py:830} INFO - Processing file /Users/nestoralfaro/Desktop/pbi-scenario-two/py_env/lib/python3.9/site-packages/airflow/example_dags/example_params_ui_tutorial.py for tasks to queue
[2024-05-01T23:59:17.556-0500] {logging_mixin.py:188} INFO - [2024-05-01T23:59:17.556-0500] {dagbag.py:540} INFO - Filling up the DagBag from /Users/nestoralfaro/Desktop/pbi-scenario-two/py_env/lib/python3.9/site-packages/airflow/example_dags/example_params_ui_tutorial.py
[2024-05-01T23:59:17.573-0500] {processor.py:840} INFO - DAG(s) 'example_params_ui_tutorial' retrieved from /Users/nestoralfaro/Desktop/pbi-scenario-two/py_env/lib/python3.9/site-packages/airflow/example_dags/example_params_ui_tutorial.py
[2024-05-01T23:59:17.623-0500] {logging_mixin.py:188} INFO - [2024-05-01T23:59:17.623-0500] {dag.py:3096} INFO - Sync 1 DAGs
[2024-05-01T23:59:17.649-0500] {logging_mixin.py:188} INFO - [2024-05-01T23:59:17.649-0500] {dag.py:3954} INFO - Setting next_dagrun for example_params_ui_tutorial to None, run_after=None
[2024-05-01T23:59:17.657-0500] {processor.py:183} INFO - Processing /Users/nestoralfaro/Desktop/pbi-scenario-two/py_env/lib/python3.9/site-packages/airflow/example_dags/example_params_ui_tutorial.py took 0.104 seconds
[2024-05-02T00:01:08.145-0500] {processor.py:161} INFO - Started process (PID=36024) to work on /Users/nestoralfaro/Desktop/pbi-scenario-two/py_env/lib/python3.9/site-packages/airflow/example_dags/example_params_ui_tutorial.py
[2024-05-02T00:01:08.147-0500] {processor.py:830} INFO - Processing file /Users/nestoralfaro/Desktop/pbi-scenario-two/py_env/lib/python3.9/site-packages/airflow/example_dags/example_params_ui_tutorial.py for tasks to queue
[2024-05-02T00:01:08.147-0500] {logging_mixin.py:188} INFO - [2024-05-02T00:01:08.147-0500] {dagbag.py:540} INFO - Filling up the DagBag from /Users/nestoralfaro/Desktop/pbi-scenario-two/py_env/lib/python3.9/site-packages/airflow/example_dags/example_params_ui_tutorial.py
[2024-05-02T00:01:08.165-0500] {processor.py:840} INFO - DAG(s) 'example_params_ui_tutorial' retrieved from /Users/nestoralfaro/Desktop/pbi-scenario-two/py_env/lib/python3.9/site-packages/airflow/example_dags/example_params_ui_tutorial.py
[2024-05-02T00:01:08.276-0500] {logging_mixin.py:188} INFO - [2024-05-02T00:01:08.276-0500] {dag.py:3096} INFO - Sync 1 DAGs
[2024-05-02T00:01:08.279-0500] {logging_mixin.py:188} INFO - [2024-05-02T00:01:08.279-0500] {dag.py:3954} INFO - Setting next_dagrun for example_params_ui_tutorial to None, run_after=None
[2024-05-02T00:01:08.287-0500] {processor.py:183} INFO - Processing /Users/nestoralfaro/Desktop/pbi-scenario-two/py_env/lib/python3.9/site-packages/airflow/example_dags/example_params_ui_tutorial.py took 0.144 seconds
[2024-05-02T00:03:06.666-0500] {processor.py:161} INFO - Started process (PID=36107) to work on /Users/nestoralfaro/Desktop/pbi-scenario-two/py_env/lib/python3.9/site-packages/airflow/example_dags/example_params_ui_tutorial.py
[2024-05-02T00:03:06.667-0500] {processor.py:830} INFO - Processing file /Users/nestoralfaro/Desktop/pbi-scenario-two/py_env/lib/python3.9/site-packages/airflow/example_dags/example_params_ui_tutorial.py for tasks to queue
[2024-05-02T00:03:06.668-0500] {logging_mixin.py:188} INFO - [2024-05-02T00:03:06.668-0500] {dagbag.py:540} INFO - Filling up the DagBag from /Users/nestoralfaro/Desktop/pbi-scenario-two/py_env/lib/python3.9/site-packages/airflow/example_dags/example_params_ui_tutorial.py
[2024-05-02T00:03:06.687-0500] {processor.py:840} INFO - DAG(s) 'example_params_ui_tutorial' retrieved from /Users/nestoralfaro/Desktop/pbi-scenario-two/py_env/lib/python3.9/site-packages/airflow/example_dags/example_params_ui_tutorial.py
[2024-05-02T00:03:06.738-0500] {logging_mixin.py:188} INFO - [2024-05-02T00:03:06.738-0500] {dag.py:3096} INFO - Sync 1 DAGs
[2024-05-02T00:03:06.765-0500] {logging_mixin.py:188} INFO - [2024-05-02T00:03:06.765-0500] {dag.py:3954} INFO - Setting next_dagrun for example_params_ui_tutorial to None, run_after=None
[2024-05-02T00:03:06.772-0500] {processor.py:183} INFO - Processing /Users/nestoralfaro/Desktop/pbi-scenario-two/py_env/lib/python3.9/site-packages/airflow/example_dags/example_params_ui_tutorial.py took 0.108 seconds
[2024-05-02T00:05:00.497-0500] {processor.py:161} INFO - Started process (PID=36184) to work on /Users/nestoralfaro/Desktop/pbi-scenario-two/py_env/lib/python3.9/site-packages/airflow/example_dags/example_params_ui_tutorial.py
[2024-05-02T00:05:00.500-0500] {processor.py:830} INFO - Processing file /Users/nestoralfaro/Desktop/pbi-scenario-two/py_env/lib/python3.9/site-packages/airflow/example_dags/example_params_ui_tutorial.py for tasks to queue
[2024-05-02T00:05:00.500-0500] {logging_mixin.py:188} INFO - [2024-05-02T00:05:00.500-0500] {dagbag.py:540} INFO - Filling up the DagBag from /Users/nestoralfaro/Desktop/pbi-scenario-two/py_env/lib/python3.9/site-packages/airflow/example_dags/example_params_ui_tutorial.py
[2024-05-02T00:05:00.518-0500] {processor.py:840} INFO - DAG(s) 'example_params_ui_tutorial' retrieved from /Users/nestoralfaro/Desktop/pbi-scenario-two/py_env/lib/python3.9/site-packages/airflow/example_dags/example_params_ui_tutorial.py
[2024-05-02T00:05:00.573-0500] {logging_mixin.py:188} INFO - [2024-05-02T00:05:00.573-0500] {dag.py:3096} INFO - Sync 1 DAGs
[2024-05-02T00:05:00.600-0500] {logging_mixin.py:188} INFO - [2024-05-02T00:05:00.600-0500] {dag.py:3954} INFO - Setting next_dagrun for example_params_ui_tutorial to None, run_after=None
[2024-05-02T00:05:00.607-0500] {processor.py:183} INFO - Processing /Users/nestoralfaro/Desktop/pbi-scenario-two/py_env/lib/python3.9/site-packages/airflow/example_dags/example_params_ui_tutorial.py took 0.111 seconds
[2024-05-02T00:06:52.814-0500] {processor.py:161} INFO - Started process (PID=36272) to work on /Users/nestoralfaro/Desktop/pbi-scenario-two/py_env/lib/python3.9/site-packages/airflow/example_dags/example_params_ui_tutorial.py
[2024-05-02T00:06:52.816-0500] {processor.py:830} INFO - Processing file /Users/nestoralfaro/Desktop/pbi-scenario-two/py_env/lib/python3.9/site-packages/airflow/example_dags/example_params_ui_tutorial.py for tasks to queue
[2024-05-02T00:06:52.816-0500] {logging_mixin.py:188} INFO - [2024-05-02T00:06:52.816-0500] {dagbag.py:540} INFO - Filling up the DagBag from /Users/nestoralfaro/Desktop/pbi-scenario-two/py_env/lib/python3.9/site-packages/airflow/example_dags/example_params_ui_tutorial.py
[2024-05-02T00:06:52.834-0500] {processor.py:840} INFO - DAG(s) 'example_params_ui_tutorial' retrieved from /Users/nestoralfaro/Desktop/pbi-scenario-two/py_env/lib/python3.9/site-packages/airflow/example_dags/example_params_ui_tutorial.py
[2024-05-02T00:06:52.885-0500] {logging_mixin.py:188} INFO - [2024-05-02T00:06:52.885-0500] {dag.py:3096} INFO - Sync 1 DAGs
[2024-05-02T00:06:52.910-0500] {logging_mixin.py:188} INFO - [2024-05-02T00:06:52.910-0500] {dag.py:3954} INFO - Setting next_dagrun for example_params_ui_tutorial to None, run_after=None
[2024-05-02T00:06:52.917-0500] {processor.py:183} INFO - Processing /Users/nestoralfaro/Desktop/pbi-scenario-two/py_env/lib/python3.9/site-packages/airflow/example_dags/example_params_ui_tutorial.py took 0.104 seconds
[2024-05-02T00:08:41.921-0500] {processor.py:161} INFO - Started process (PID=36339) to work on /Users/nestoralfaro/Desktop/pbi-scenario-two/py_env/lib/python3.9/site-packages/airflow/example_dags/example_params_ui_tutorial.py
[2024-05-02T00:08:41.923-0500] {processor.py:830} INFO - Processing file /Users/nestoralfaro/Desktop/pbi-scenario-two/py_env/lib/python3.9/site-packages/airflow/example_dags/example_params_ui_tutorial.py for tasks to queue
[2024-05-02T00:08:41.923-0500] {logging_mixin.py:188} INFO - [2024-05-02T00:08:41.923-0500] {dagbag.py:540} INFO - Filling up the DagBag from /Users/nestoralfaro/Desktop/pbi-scenario-two/py_env/lib/python3.9/site-packages/airflow/example_dags/example_params_ui_tutorial.py
[2024-05-02T00:08:41.940-0500] {processor.py:840} INFO - DAG(s) 'example_params_ui_tutorial' retrieved from /Users/nestoralfaro/Desktop/pbi-scenario-two/py_env/lib/python3.9/site-packages/airflow/example_dags/example_params_ui_tutorial.py
[2024-05-02T00:08:41.992-0500] {logging_mixin.py:188} INFO - [2024-05-02T00:08:41.992-0500] {dag.py:3096} INFO - Sync 1 DAGs
[2024-05-02T00:08:42.018-0500] {logging_mixin.py:188} INFO - [2024-05-02T00:08:42.018-0500] {dag.py:3954} INFO - Setting next_dagrun for example_params_ui_tutorial to None, run_after=None
[2024-05-02T00:08:42.026-0500] {processor.py:183} INFO - Processing /Users/nestoralfaro/Desktop/pbi-scenario-two/py_env/lib/python3.9/site-packages/airflow/example_dags/example_params_ui_tutorial.py took 0.106 seconds
[2024-05-02T00:11:46.035-0500] {processor.py:161} INFO - Started process (PID=36467) to work on /Users/nestoralfaro/Desktop/pbi-scenario-two/py_env/lib/python3.9/site-packages/airflow/example_dags/example_params_ui_tutorial.py
[2024-05-02T00:11:46.037-0500] {processor.py:830} INFO - Processing file /Users/nestoralfaro/Desktop/pbi-scenario-two/py_env/lib/python3.9/site-packages/airflow/example_dags/example_params_ui_tutorial.py for tasks to queue
[2024-05-02T00:11:46.037-0500] {logging_mixin.py:188} INFO - [2024-05-02T00:11:46.037-0500] {dagbag.py:540} INFO - Filling up the DagBag from /Users/nestoralfaro/Desktop/pbi-scenario-two/py_env/lib/python3.9/site-packages/airflow/example_dags/example_params_ui_tutorial.py
[2024-05-02T00:11:46.054-0500] {processor.py:840} INFO - DAG(s) 'example_params_ui_tutorial' retrieved from /Users/nestoralfaro/Desktop/pbi-scenario-two/py_env/lib/python3.9/site-packages/airflow/example_dags/example_params_ui_tutorial.py
[2024-05-02T00:11:46.105-0500] {logging_mixin.py:188} INFO - [2024-05-02T00:11:46.105-0500] {dag.py:3096} INFO - Sync 1 DAGs
[2024-05-02T00:11:46.132-0500] {logging_mixin.py:188} INFO - [2024-05-02T00:11:46.132-0500] {dag.py:3954} INFO - Setting next_dagrun for example_params_ui_tutorial to None, run_after=None
[2024-05-02T00:11:46.139-0500] {processor.py:183} INFO - Processing /Users/nestoralfaro/Desktop/pbi-scenario-two/py_env/lib/python3.9/site-packages/airflow/example_dags/example_params_ui_tutorial.py took 0.106 seconds
[2024-05-02T00:13:13.436-0500] {processor.py:161} INFO - Started process (PID=36534) to work on /Users/nestoralfaro/Desktop/pbi-scenario-two/py_env/lib/python3.9/site-packages/airflow/example_dags/example_params_ui_tutorial.py
[2024-05-02T00:13:13.438-0500] {processor.py:830} INFO - Processing file /Users/nestoralfaro/Desktop/pbi-scenario-two/py_env/lib/python3.9/site-packages/airflow/example_dags/example_params_ui_tutorial.py for tasks to queue
[2024-05-02T00:13:13.438-0500] {logging_mixin.py:188} INFO - [2024-05-02T00:13:13.438-0500] {dagbag.py:540} INFO - Filling up the DagBag from /Users/nestoralfaro/Desktop/pbi-scenario-two/py_env/lib/python3.9/site-packages/airflow/example_dags/example_params_ui_tutorial.py
[2024-05-02T00:13:13.456-0500] {processor.py:840} INFO - DAG(s) 'example_params_ui_tutorial' retrieved from /Users/nestoralfaro/Desktop/pbi-scenario-two/py_env/lib/python3.9/site-packages/airflow/example_dags/example_params_ui_tutorial.py
[2024-05-02T00:13:13.507-0500] {logging_mixin.py:188} INFO - [2024-05-02T00:13:13.507-0500] {dag.py:3096} INFO - Sync 1 DAGs
[2024-05-02T00:13:13.535-0500] {logging_mixin.py:188} INFO - [2024-05-02T00:13:13.535-0500] {dag.py:3954} INFO - Setting next_dagrun for example_params_ui_tutorial to None, run_after=None
[2024-05-02T00:13:13.542-0500] {processor.py:183} INFO - Processing /Users/nestoralfaro/Desktop/pbi-scenario-two/py_env/lib/python3.9/site-packages/airflow/example_dags/example_params_ui_tutorial.py took 0.108 seconds
[2024-05-02T00:15:39.245-0500] {processor.py:161} INFO - Started process (PID=36631) to work on /Users/nestoralfaro/Desktop/pbi-scenario-two/py_env/lib/python3.9/site-packages/airflow/example_dags/example_params_ui_tutorial.py
[2024-05-02T00:15:39.247-0500] {processor.py:830} INFO - Processing file /Users/nestoralfaro/Desktop/pbi-scenario-two/py_env/lib/python3.9/site-packages/airflow/example_dags/example_params_ui_tutorial.py for tasks to queue
[2024-05-02T00:15:39.247-0500] {logging_mixin.py:188} INFO - [2024-05-02T00:15:39.247-0500] {dagbag.py:540} INFO - Filling up the DagBag from /Users/nestoralfaro/Desktop/pbi-scenario-two/py_env/lib/python3.9/site-packages/airflow/example_dags/example_params_ui_tutorial.py
[2024-05-02T00:15:39.265-0500] {processor.py:840} INFO - DAG(s) 'example_params_ui_tutorial' retrieved from /Users/nestoralfaro/Desktop/pbi-scenario-two/py_env/lib/python3.9/site-packages/airflow/example_dags/example_params_ui_tutorial.py
[2024-05-02T00:15:39.322-0500] {logging_mixin.py:188} INFO - [2024-05-02T00:15:39.322-0500] {dag.py:3096} INFO - Sync 1 DAGs
[2024-05-02T00:15:39.351-0500] {logging_mixin.py:188} INFO - [2024-05-02T00:15:39.350-0500] {dag.py:3954} INFO - Setting next_dagrun for example_params_ui_tutorial to None, run_after=None
[2024-05-02T00:15:39.358-0500] {processor.py:183} INFO - Processing /Users/nestoralfaro/Desktop/pbi-scenario-two/py_env/lib/python3.9/site-packages/airflow/example_dags/example_params_ui_tutorial.py took 0.114 seconds
[2024-05-02T00:17:07.908-0500] {processor.py:161} INFO - Started process (PID=36690) to work on /Users/nestoralfaro/Desktop/pbi-scenario-two/py_env/lib/python3.9/site-packages/airflow/example_dags/example_params_ui_tutorial.py
[2024-05-02T00:17:07.909-0500] {processor.py:830} INFO - Processing file /Users/nestoralfaro/Desktop/pbi-scenario-two/py_env/lib/python3.9/site-packages/airflow/example_dags/example_params_ui_tutorial.py for tasks to queue
[2024-05-02T00:17:07.909-0500] {logging_mixin.py:188} INFO - [2024-05-02T00:17:07.909-0500] {dagbag.py:540} INFO - Filling up the DagBag from /Users/nestoralfaro/Desktop/pbi-scenario-two/py_env/lib/python3.9/site-packages/airflow/example_dags/example_params_ui_tutorial.py
[2024-05-02T00:17:07.928-0500] {processor.py:840} INFO - DAG(s) 'example_params_ui_tutorial' retrieved from /Users/nestoralfaro/Desktop/pbi-scenario-two/py_env/lib/python3.9/site-packages/airflow/example_dags/example_params_ui_tutorial.py
[2024-05-02T00:17:07.985-0500] {logging_mixin.py:188} INFO - [2024-05-02T00:17:07.985-0500] {dag.py:3096} INFO - Sync 1 DAGs
[2024-05-02T00:17:08.014-0500] {logging_mixin.py:188} INFO - [2024-05-02T00:17:08.014-0500] {dag.py:3954} INFO - Setting next_dagrun for example_params_ui_tutorial to None, run_after=None
[2024-05-02T00:17:08.022-0500] {processor.py:183} INFO - Processing /Users/nestoralfaro/Desktop/pbi-scenario-two/py_env/lib/python3.9/site-packages/airflow/example_dags/example_params_ui_tutorial.py took 0.116 seconds
[2024-05-02T00:19:03.761-0500] {processor.py:161} INFO - Started process (PID=36783) to work on /Users/nestoralfaro/Desktop/pbi-scenario-two/py_env/lib/python3.9/site-packages/airflow/example_dags/example_params_ui_tutorial.py
[2024-05-02T00:19:03.763-0500] {processor.py:830} INFO - Processing file /Users/nestoralfaro/Desktop/pbi-scenario-two/py_env/lib/python3.9/site-packages/airflow/example_dags/example_params_ui_tutorial.py for tasks to queue
[2024-05-02T00:19:03.764-0500] {logging_mixin.py:188} INFO - [2024-05-02T00:19:03.764-0500] {dagbag.py:540} INFO - Filling up the DagBag from /Users/nestoralfaro/Desktop/pbi-scenario-two/py_env/lib/python3.9/site-packages/airflow/example_dags/example_params_ui_tutorial.py
[2024-05-02T00:19:03.781-0500] {processor.py:840} INFO - DAG(s) 'example_params_ui_tutorial' retrieved from /Users/nestoralfaro/Desktop/pbi-scenario-two/py_env/lib/python3.9/site-packages/airflow/example_dags/example_params_ui_tutorial.py
[2024-05-02T00:19:03.832-0500] {logging_mixin.py:188} INFO - [2024-05-02T00:19:03.831-0500] {dag.py:3096} INFO - Sync 1 DAGs
[2024-05-02T00:19:03.858-0500] {logging_mixin.py:188} INFO - [2024-05-02T00:19:03.858-0500] {dag.py:3954} INFO - Setting next_dagrun for example_params_ui_tutorial to None, run_after=None
[2024-05-02T00:19:03.865-0500] {processor.py:183} INFO - Processing /Users/nestoralfaro/Desktop/pbi-scenario-two/py_env/lib/python3.9/site-packages/airflow/example_dags/example_params_ui_tutorial.py took 0.105 seconds
[2024-05-02T00:20:57.922-0500] {processor.py:161} INFO - Started process (PID=36871) to work on /Users/nestoralfaro/Desktop/pbi-scenario-two/py_env/lib/python3.9/site-packages/airflow/example_dags/example_params_ui_tutorial.py
[2024-05-02T00:20:57.923-0500] {processor.py:830} INFO - Processing file /Users/nestoralfaro/Desktop/pbi-scenario-two/py_env/lib/python3.9/site-packages/airflow/example_dags/example_params_ui_tutorial.py for tasks to queue
[2024-05-02T00:20:57.924-0500] {logging_mixin.py:188} INFO - [2024-05-02T00:20:57.923-0500] {dagbag.py:540} INFO - Filling up the DagBag from /Users/nestoralfaro/Desktop/pbi-scenario-two/py_env/lib/python3.9/site-packages/airflow/example_dags/example_params_ui_tutorial.py
[2024-05-02T00:20:57.942-0500] {processor.py:840} INFO - DAG(s) 'example_params_ui_tutorial' retrieved from /Users/nestoralfaro/Desktop/pbi-scenario-two/py_env/lib/python3.9/site-packages/airflow/example_dags/example_params_ui_tutorial.py
[2024-05-02T00:20:57.997-0500] {logging_mixin.py:188} INFO - [2024-05-02T00:20:57.997-0500] {dag.py:3096} INFO - Sync 1 DAGs
[2024-05-02T00:20:58.025-0500] {logging_mixin.py:188} INFO - [2024-05-02T00:20:58.025-0500] {dag.py:3954} INFO - Setting next_dagrun for example_params_ui_tutorial to None, run_after=None
[2024-05-02T00:20:58.032-0500] {processor.py:183} INFO - Processing /Users/nestoralfaro/Desktop/pbi-scenario-two/py_env/lib/python3.9/site-packages/airflow/example_dags/example_params_ui_tutorial.py took 0.111 seconds
[2024-05-02T00:22:54.031-0500] {processor.py:161} INFO - Started process (PID=36983) to work on /Users/nestoralfaro/Desktop/pbi-scenario-two/py_env/lib/python3.9/site-packages/airflow/example_dags/example_params_ui_tutorial.py
[2024-05-02T00:22:54.033-0500] {processor.py:830} INFO - Processing file /Users/nestoralfaro/Desktop/pbi-scenario-two/py_env/lib/python3.9/site-packages/airflow/example_dags/example_params_ui_tutorial.py for tasks to queue
[2024-05-02T00:22:54.033-0500] {logging_mixin.py:188} INFO - [2024-05-02T00:22:54.033-0500] {dagbag.py:540} INFO - Filling up the DagBag from /Users/nestoralfaro/Desktop/pbi-scenario-two/py_env/lib/python3.9/site-packages/airflow/example_dags/example_params_ui_tutorial.py
[2024-05-02T00:22:54.052-0500] {processor.py:840} INFO - DAG(s) 'example_params_ui_tutorial' retrieved from /Users/nestoralfaro/Desktop/pbi-scenario-two/py_env/lib/python3.9/site-packages/airflow/example_dags/example_params_ui_tutorial.py
[2024-05-02T00:22:54.108-0500] {logging_mixin.py:188} INFO - [2024-05-02T00:22:54.108-0500] {dag.py:3096} INFO - Sync 1 DAGs
[2024-05-02T00:22:54.138-0500] {logging_mixin.py:188} INFO - [2024-05-02T00:22:54.138-0500] {dag.py:3954} INFO - Setting next_dagrun for example_params_ui_tutorial to None, run_after=None
[2024-05-02T00:22:54.147-0500] {processor.py:183} INFO - Processing /Users/nestoralfaro/Desktop/pbi-scenario-two/py_env/lib/python3.9/site-packages/airflow/example_dags/example_params_ui_tutorial.py took 0.117 seconds
