[2024-05-01T23:31:26.314-0500] {processor.py:161} INFO - Started process (PID=34786) to work on /Users/nestoralfaro/Desktop/pbi-scenario-two/py_env/lib/python3.9/site-packages/airflow/example_dags/example_bash_operator.py
[2024-05-01T23:31:26.316-0500] {processor.py:830} INFO - Processing file /Users/nestoralfaro/Desktop/pbi-scenario-two/py_env/lib/python3.9/site-packages/airflow/example_dags/example_bash_operator.py for tasks to queue
[2024-05-01T23:31:26.316-0500] {logging_mixin.py:188} INFO - [2024-05-01T23:31:26.316-0500] {dagbag.py:540} INFO - Filling up the DagBag from /Users/nestoralfaro/Desktop/pbi-scenario-two/py_env/lib/python3.9/site-packages/airflow/example_dags/example_bash_operator.py
[2024-05-01T23:31:26.322-0500] {processor.py:840} INFO - DAG(s) 'example_bash_operator' retrieved from /Users/nestoralfaro/Desktop/pbi-scenario-two/py_env/lib/python3.9/site-packages/airflow/example_dags/example_bash_operator.py
[2024-05-01T23:31:26.423-0500] {logging_mixin.py:188} INFO - [2024-05-01T23:31:26.423-0500] {dag.py:3096} INFO - Sync 1 DAGs
[2024-05-01T23:31:26.430-0500] {logging_mixin.py:188} INFO - [2024-05-01T23:31:26.430-0500] {dag.py:3954} INFO - Setting next_dagrun for example_bash_operator to 2024-05-01 00:00:00+00:00, run_after=2024-05-02 00:00:00+00:00
[2024-05-01T23:31:26.437-0500] {processor.py:183} INFO - Processing /Users/nestoralfaro/Desktop/pbi-scenario-two/py_env/lib/python3.9/site-packages/airflow/example_dags/example_bash_operator.py took 0.124 seconds
[2024-05-01T23:33:33.729-0500] {processor.py:161} INFO - Started process (PID=34893) to work on /Users/nestoralfaro/Desktop/pbi-scenario-two/py_env/lib/python3.9/site-packages/airflow/example_dags/example_bash_operator.py
[2024-05-01T23:33:33.731-0500] {processor.py:830} INFO - Processing file /Users/nestoralfaro/Desktop/pbi-scenario-two/py_env/lib/python3.9/site-packages/airflow/example_dags/example_bash_operator.py for tasks to queue
[2024-05-01T23:33:33.731-0500] {logging_mixin.py:188} INFO - [2024-05-01T23:33:33.731-0500] {dagbag.py:540} INFO - Filling up the DagBag from /Users/nestoralfaro/Desktop/pbi-scenario-two/py_env/lib/python3.9/site-packages/airflow/example_dags/example_bash_operator.py
[2024-05-01T23:33:33.737-0500] {processor.py:840} INFO - DAG(s) 'example_bash_operator' retrieved from /Users/nestoralfaro/Desktop/pbi-scenario-two/py_env/lib/python3.9/site-packages/airflow/example_dags/example_bash_operator.py
[2024-05-01T23:33:33.786-0500] {logging_mixin.py:188} INFO - [2024-05-01T23:33:33.786-0500] {dag.py:3096} INFO - Sync 1 DAGs
[2024-05-01T23:33:33.795-0500] {logging_mixin.py:188} INFO - [2024-05-01T23:33:33.795-0500] {dag.py:3954} INFO - Setting next_dagrun for example_bash_operator to 2024-05-02 00:00:00+00:00, run_after=2024-05-03 00:00:00+00:00
[2024-05-01T23:33:33.804-0500] {processor.py:183} INFO - Processing /Users/nestoralfaro/Desktop/pbi-scenario-two/py_env/lib/python3.9/site-packages/airflow/example_dags/example_bash_operator.py took 0.077 seconds
[2024-05-01T23:35:29.746-0500] {processor.py:161} INFO - Started process (PID=34963) to work on /Users/nestoralfaro/Desktop/pbi-scenario-two/py_env/lib/python3.9/site-packages/airflow/example_dags/example_bash_operator.py
[2024-05-01T23:35:29.747-0500] {processor.py:830} INFO - Processing file /Users/nestoralfaro/Desktop/pbi-scenario-two/py_env/lib/python3.9/site-packages/airflow/example_dags/example_bash_operator.py for tasks to queue
[2024-05-01T23:35:29.747-0500] {logging_mixin.py:188} INFO - [2024-05-01T23:35:29.747-0500] {dagbag.py:540} INFO - Filling up the DagBag from /Users/nestoralfaro/Desktop/pbi-scenario-two/py_env/lib/python3.9/site-packages/airflow/example_dags/example_bash_operator.py
[2024-05-01T23:35:29.754-0500] {processor.py:840} INFO - DAG(s) 'example_bash_operator' retrieved from /Users/nestoralfaro/Desktop/pbi-scenario-two/py_env/lib/python3.9/site-packages/airflow/example_dags/example_bash_operator.py
[2024-05-01T23:35:29.801-0500] {logging_mixin.py:188} INFO - [2024-05-01T23:35:29.801-0500] {dag.py:3096} INFO - Sync 1 DAGs
[2024-05-01T23:35:29.808-0500] {logging_mixin.py:188} INFO - [2024-05-01T23:35:29.808-0500] {dag.py:3954} INFO - Setting next_dagrun for example_bash_operator to 2024-05-02 00:00:00+00:00, run_after=2024-05-03 00:00:00+00:00
[2024-05-01T23:35:29.816-0500] {processor.py:183} INFO - Processing /Users/nestoralfaro/Desktop/pbi-scenario-two/py_env/lib/python3.9/site-packages/airflow/example_dags/example_bash_operator.py took 0.071 seconds
[2024-05-01T23:37:22.462-0500] {processor.py:161} INFO - Started process (PID=35032) to work on /Users/nestoralfaro/Desktop/pbi-scenario-two/py_env/lib/python3.9/site-packages/airflow/example_dags/example_bash_operator.py
[2024-05-01T23:37:22.464-0500] {processor.py:830} INFO - Processing file /Users/nestoralfaro/Desktop/pbi-scenario-two/py_env/lib/python3.9/site-packages/airflow/example_dags/example_bash_operator.py for tasks to queue
[2024-05-01T23:37:22.465-0500] {logging_mixin.py:188} INFO - [2024-05-01T23:37:22.464-0500] {dagbag.py:540} INFO - Filling up the DagBag from /Users/nestoralfaro/Desktop/pbi-scenario-two/py_env/lib/python3.9/site-packages/airflow/example_dags/example_bash_operator.py
[2024-05-01T23:37:22.470-0500] {processor.py:840} INFO - DAG(s) 'example_bash_operator' retrieved from /Users/nestoralfaro/Desktop/pbi-scenario-two/py_env/lib/python3.9/site-packages/airflow/example_dags/example_bash_operator.py
[2024-05-01T23:37:22.518-0500] {logging_mixin.py:188} INFO - [2024-05-01T23:37:22.518-0500] {dag.py:3096} INFO - Sync 1 DAGs
[2024-05-01T23:37:22.528-0500] {logging_mixin.py:188} INFO - [2024-05-01T23:37:22.528-0500] {dag.py:3954} INFO - Setting next_dagrun for example_bash_operator to 2024-05-02 00:00:00+00:00, run_after=2024-05-03 00:00:00+00:00
[2024-05-01T23:37:22.535-0500] {processor.py:183} INFO - Processing /Users/nestoralfaro/Desktop/pbi-scenario-two/py_env/lib/python3.9/site-packages/airflow/example_dags/example_bash_operator.py took 0.074 seconds
[2024-05-01T23:39:18.023-0500] {processor.py:161} INFO - Started process (PID=35103) to work on /Users/nestoralfaro/Desktop/pbi-scenario-two/py_env/lib/python3.9/site-packages/airflow/example_dags/example_bash_operator.py
[2024-05-01T23:39:18.025-0500] {processor.py:830} INFO - Processing file /Users/nestoralfaro/Desktop/pbi-scenario-two/py_env/lib/python3.9/site-packages/airflow/example_dags/example_bash_operator.py for tasks to queue
[2024-05-01T23:39:18.025-0500] {logging_mixin.py:188} INFO - [2024-05-01T23:39:18.025-0500] {dagbag.py:540} INFO - Filling up the DagBag from /Users/nestoralfaro/Desktop/pbi-scenario-two/py_env/lib/python3.9/site-packages/airflow/example_dags/example_bash_operator.py
[2024-05-01T23:39:18.031-0500] {processor.py:840} INFO - DAG(s) 'example_bash_operator' retrieved from /Users/nestoralfaro/Desktop/pbi-scenario-two/py_env/lib/python3.9/site-packages/airflow/example_dags/example_bash_operator.py
[2024-05-01T23:39:18.077-0500] {logging_mixin.py:188} INFO - [2024-05-01T23:39:18.076-0500] {dag.py:3096} INFO - Sync 1 DAGs
[2024-05-01T23:39:18.084-0500] {logging_mixin.py:188} INFO - [2024-05-01T23:39:18.084-0500] {dag.py:3954} INFO - Setting next_dagrun for example_bash_operator to 2024-05-02 00:00:00+00:00, run_after=2024-05-03 00:00:00+00:00
[2024-05-01T23:39:18.092-0500] {processor.py:183} INFO - Processing /Users/nestoralfaro/Desktop/pbi-scenario-two/py_env/lib/python3.9/site-packages/airflow/example_dags/example_bash_operator.py took 0.071 seconds
[2024-05-01T23:41:11.051-0500] {processor.py:161} INFO - Started process (PID=35192) to work on /Users/nestoralfaro/Desktop/pbi-scenario-two/py_env/lib/python3.9/site-packages/airflow/example_dags/example_bash_operator.py
[2024-05-01T23:41:11.052-0500] {processor.py:830} INFO - Processing file /Users/nestoralfaro/Desktop/pbi-scenario-two/py_env/lib/python3.9/site-packages/airflow/example_dags/example_bash_operator.py for tasks to queue
[2024-05-01T23:41:11.053-0500] {logging_mixin.py:188} INFO - [2024-05-01T23:41:11.053-0500] {dagbag.py:540} INFO - Filling up the DagBag from /Users/nestoralfaro/Desktop/pbi-scenario-two/py_env/lib/python3.9/site-packages/airflow/example_dags/example_bash_operator.py
[2024-05-01T23:41:11.059-0500] {processor.py:840} INFO - DAG(s) 'example_bash_operator' retrieved from /Users/nestoralfaro/Desktop/pbi-scenario-two/py_env/lib/python3.9/site-packages/airflow/example_dags/example_bash_operator.py
[2024-05-01T23:41:11.108-0500] {logging_mixin.py:188} INFO - [2024-05-01T23:41:11.108-0500] {dag.py:3096} INFO - Sync 1 DAGs
[2024-05-01T23:41:11.117-0500] {logging_mixin.py:188} INFO - [2024-05-01T23:41:11.117-0500] {dag.py:3954} INFO - Setting next_dagrun for example_bash_operator to 2024-05-02 00:00:00+00:00, run_after=2024-05-03 00:00:00+00:00
[2024-05-01T23:41:11.126-0500] {processor.py:183} INFO - Processing /Users/nestoralfaro/Desktop/pbi-scenario-two/py_env/lib/python3.9/site-packages/airflow/example_dags/example_bash_operator.py took 0.076 seconds
[2024-05-01T23:43:13.755-0500] {processor.py:161} INFO - Started process (PID=35296) to work on /Users/nestoralfaro/Desktop/pbi-scenario-two/py_env/lib/python3.9/site-packages/airflow/example_dags/example_bash_operator.py
[2024-05-01T23:43:13.757-0500] {processor.py:830} INFO - Processing file /Users/nestoralfaro/Desktop/pbi-scenario-two/py_env/lib/python3.9/site-packages/airflow/example_dags/example_bash_operator.py for tasks to queue
[2024-05-01T23:43:13.757-0500] {logging_mixin.py:188} INFO - [2024-05-01T23:43:13.757-0500] {dagbag.py:540} INFO - Filling up the DagBag from /Users/nestoralfaro/Desktop/pbi-scenario-two/py_env/lib/python3.9/site-packages/airflow/example_dags/example_bash_operator.py
[2024-05-01T23:43:13.763-0500] {processor.py:840} INFO - DAG(s) 'example_bash_operator' retrieved from /Users/nestoralfaro/Desktop/pbi-scenario-two/py_env/lib/python3.9/site-packages/airflow/example_dags/example_bash_operator.py
[2024-05-01T23:43:13.811-0500] {logging_mixin.py:188} INFO - [2024-05-01T23:43:13.811-0500] {dag.py:3096} INFO - Sync 1 DAGs
[2024-05-01T23:43:13.819-0500] {logging_mixin.py:188} INFO - [2024-05-01T23:43:13.818-0500] {dag.py:3954} INFO - Setting next_dagrun for example_bash_operator to 2024-05-02 00:00:00+00:00, run_after=2024-05-03 00:00:00+00:00
[2024-05-01T23:43:13.826-0500] {processor.py:183} INFO - Processing /Users/nestoralfaro/Desktop/pbi-scenario-two/py_env/lib/python3.9/site-packages/airflow/example_dags/example_bash_operator.py took 0.073 seconds
[2024-05-01T23:45:11.945-0500] {processor.py:161} INFO - Started process (PID=35380) to work on /Users/nestoralfaro/Desktop/pbi-scenario-two/py_env/lib/python3.9/site-packages/airflow/example_dags/example_bash_operator.py
[2024-05-01T23:45:11.947-0500] {processor.py:830} INFO - Processing file /Users/nestoralfaro/Desktop/pbi-scenario-two/py_env/lib/python3.9/site-packages/airflow/example_dags/example_bash_operator.py for tasks to queue
[2024-05-01T23:45:11.948-0500] {logging_mixin.py:188} INFO - [2024-05-01T23:45:11.948-0500] {dagbag.py:540} INFO - Filling up the DagBag from /Users/nestoralfaro/Desktop/pbi-scenario-two/py_env/lib/python3.9/site-packages/airflow/example_dags/example_bash_operator.py
[2024-05-01T23:45:11.953-0500] {processor.py:840} INFO - DAG(s) 'example_bash_operator' retrieved from /Users/nestoralfaro/Desktop/pbi-scenario-two/py_env/lib/python3.9/site-packages/airflow/example_dags/example_bash_operator.py
[2024-05-01T23:45:11.998-0500] {logging_mixin.py:188} INFO - [2024-05-01T23:45:11.998-0500] {dag.py:3096} INFO - Sync 1 DAGs
[2024-05-01T23:45:12.005-0500] {logging_mixin.py:188} INFO - [2024-05-01T23:45:12.005-0500] {dag.py:3954} INFO - Setting next_dagrun for example_bash_operator to 2024-05-02 00:00:00+00:00, run_after=2024-05-03 00:00:00+00:00
[2024-05-01T23:45:12.013-0500] {processor.py:183} INFO - Processing /Users/nestoralfaro/Desktop/pbi-scenario-two/py_env/lib/python3.9/site-packages/airflow/example_dags/example_bash_operator.py took 0.069 seconds
[2024-05-01T23:47:04.751-0500] {processor.py:161} INFO - Started process (PID=35448) to work on /Users/nestoralfaro/Desktop/pbi-scenario-two/py_env/lib/python3.9/site-packages/airflow/example_dags/example_bash_operator.py
[2024-05-01T23:47:04.752-0500] {processor.py:830} INFO - Processing file /Users/nestoralfaro/Desktop/pbi-scenario-two/py_env/lib/python3.9/site-packages/airflow/example_dags/example_bash_operator.py for tasks to queue
[2024-05-01T23:47:04.753-0500] {logging_mixin.py:188} INFO - [2024-05-01T23:47:04.753-0500] {dagbag.py:540} INFO - Filling up the DagBag from /Users/nestoralfaro/Desktop/pbi-scenario-two/py_env/lib/python3.9/site-packages/airflow/example_dags/example_bash_operator.py
[2024-05-01T23:47:04.759-0500] {processor.py:840} INFO - DAG(s) 'example_bash_operator' retrieved from /Users/nestoralfaro/Desktop/pbi-scenario-two/py_env/lib/python3.9/site-packages/airflow/example_dags/example_bash_operator.py
[2024-05-01T23:47:04.802-0500] {logging_mixin.py:188} INFO - [2024-05-01T23:47:04.802-0500] {dag.py:3096} INFO - Sync 1 DAGs
[2024-05-01T23:47:04.809-0500] {logging_mixin.py:188} INFO - [2024-05-01T23:47:04.809-0500] {dag.py:3954} INFO - Setting next_dagrun for example_bash_operator to 2024-05-02 00:00:00+00:00, run_after=2024-05-03 00:00:00+00:00
[2024-05-01T23:47:04.816-0500] {processor.py:183} INFO - Processing /Users/nestoralfaro/Desktop/pbi-scenario-two/py_env/lib/python3.9/site-packages/airflow/example_dags/example_bash_operator.py took 0.066 seconds
[2024-05-01T23:48:55.271-0500] {processor.py:161} INFO - Started process (PID=35536) to work on /Users/nestoralfaro/Desktop/pbi-scenario-two/py_env/lib/python3.9/site-packages/airflow/example_dags/example_bash_operator.py
[2024-05-01T23:48:55.273-0500] {processor.py:830} INFO - Processing file /Users/nestoralfaro/Desktop/pbi-scenario-two/py_env/lib/python3.9/site-packages/airflow/example_dags/example_bash_operator.py for tasks to queue
[2024-05-01T23:48:55.273-0500] {logging_mixin.py:188} INFO - [2024-05-01T23:48:55.273-0500] {dagbag.py:540} INFO - Filling up the DagBag from /Users/nestoralfaro/Desktop/pbi-scenario-two/py_env/lib/python3.9/site-packages/airflow/example_dags/example_bash_operator.py
[2024-05-01T23:48:55.278-0500] {processor.py:840} INFO - DAG(s) 'example_bash_operator' retrieved from /Users/nestoralfaro/Desktop/pbi-scenario-two/py_env/lib/python3.9/site-packages/airflow/example_dags/example_bash_operator.py
[2024-05-01T23:48:55.321-0500] {logging_mixin.py:188} INFO - [2024-05-01T23:48:55.321-0500] {dag.py:3096} INFO - Sync 1 DAGs
[2024-05-01T23:48:55.328-0500] {logging_mixin.py:188} INFO - [2024-05-01T23:48:55.328-0500] {dag.py:3954} INFO - Setting next_dagrun for example_bash_operator to 2024-05-02 00:00:00+00:00, run_after=2024-05-03 00:00:00+00:00
[2024-05-01T23:48:55.335-0500] {processor.py:183} INFO - Processing /Users/nestoralfaro/Desktop/pbi-scenario-two/py_env/lib/python3.9/site-packages/airflow/example_dags/example_bash_operator.py took 0.066 seconds
[2024-05-01T23:50:52.113-0500] {processor.py:161} INFO - Started process (PID=35607) to work on /Users/nestoralfaro/Desktop/pbi-scenario-two/py_env/lib/python3.9/site-packages/airflow/example_dags/example_bash_operator.py
[2024-05-01T23:50:52.115-0500] {processor.py:830} INFO - Processing file /Users/nestoralfaro/Desktop/pbi-scenario-two/py_env/lib/python3.9/site-packages/airflow/example_dags/example_bash_operator.py for tasks to queue
[2024-05-01T23:50:52.115-0500] {logging_mixin.py:188} INFO - [2024-05-01T23:50:52.115-0500] {dagbag.py:540} INFO - Filling up the DagBag from /Users/nestoralfaro/Desktop/pbi-scenario-two/py_env/lib/python3.9/site-packages/airflow/example_dags/example_bash_operator.py
[2024-05-01T23:50:52.121-0500] {processor.py:840} INFO - DAG(s) 'example_bash_operator' retrieved from /Users/nestoralfaro/Desktop/pbi-scenario-two/py_env/lib/python3.9/site-packages/airflow/example_dags/example_bash_operator.py
[2024-05-01T23:50:52.168-0500] {logging_mixin.py:188} INFO - [2024-05-01T23:50:52.168-0500] {dag.py:3096} INFO - Sync 1 DAGs
[2024-05-01T23:50:52.176-0500] {logging_mixin.py:188} INFO - [2024-05-01T23:50:52.176-0500] {dag.py:3954} INFO - Setting next_dagrun for example_bash_operator to 2024-05-02 00:00:00+00:00, run_after=2024-05-03 00:00:00+00:00
[2024-05-01T23:50:52.184-0500] {processor.py:183} INFO - Processing /Users/nestoralfaro/Desktop/pbi-scenario-two/py_env/lib/python3.9/site-packages/airflow/example_dags/example_bash_operator.py took 0.073 seconds
[2024-05-01T23:52:46.138-0500] {processor.py:161} INFO - Started process (PID=35692) to work on /Users/nestoralfaro/Desktop/pbi-scenario-two/py_env/lib/python3.9/site-packages/airflow/example_dags/example_bash_operator.py
[2024-05-01T23:52:46.139-0500] {processor.py:830} INFO - Processing file /Users/nestoralfaro/Desktop/pbi-scenario-two/py_env/lib/python3.9/site-packages/airflow/example_dags/example_bash_operator.py for tasks to queue
[2024-05-01T23:52:46.140-0500] {logging_mixin.py:188} INFO - [2024-05-01T23:52:46.139-0500] {dagbag.py:540} INFO - Filling up the DagBag from /Users/nestoralfaro/Desktop/pbi-scenario-two/py_env/lib/python3.9/site-packages/airflow/example_dags/example_bash_operator.py
[2024-05-01T23:52:46.144-0500] {processor.py:840} INFO - DAG(s) 'example_bash_operator' retrieved from /Users/nestoralfaro/Desktop/pbi-scenario-two/py_env/lib/python3.9/site-packages/airflow/example_dags/example_bash_operator.py
[2024-05-01T23:52:46.195-0500] {logging_mixin.py:188} INFO - [2024-05-01T23:52:46.194-0500] {dag.py:3096} INFO - Sync 1 DAGs
[2024-05-01T23:52:46.202-0500] {logging_mixin.py:188} INFO - [2024-05-01T23:52:46.202-0500] {dag.py:3954} INFO - Setting next_dagrun for example_bash_operator to 2024-05-02 00:00:00+00:00, run_after=2024-05-03 00:00:00+00:00
[2024-05-01T23:52:46.211-0500] {processor.py:183} INFO - Processing /Users/nestoralfaro/Desktop/pbi-scenario-two/py_env/lib/python3.9/site-packages/airflow/example_dags/example_bash_operator.py took 0.074 seconds
[2024-05-01T23:54:44.735-0500] {processor.py:161} INFO - Started process (PID=35760) to work on /Users/nestoralfaro/Desktop/pbi-scenario-two/py_env/lib/python3.9/site-packages/airflow/example_dags/example_bash_operator.py
[2024-05-01T23:54:44.736-0500] {processor.py:830} INFO - Processing file /Users/nestoralfaro/Desktop/pbi-scenario-two/py_env/lib/python3.9/site-packages/airflow/example_dags/example_bash_operator.py for tasks to queue
[2024-05-01T23:54:44.736-0500] {logging_mixin.py:188} INFO - [2024-05-01T23:54:44.736-0500] {dagbag.py:540} INFO - Filling up the DagBag from /Users/nestoralfaro/Desktop/pbi-scenario-two/py_env/lib/python3.9/site-packages/airflow/example_dags/example_bash_operator.py
[2024-05-01T23:54:44.741-0500] {processor.py:840} INFO - DAG(s) 'example_bash_operator' retrieved from /Users/nestoralfaro/Desktop/pbi-scenario-two/py_env/lib/python3.9/site-packages/airflow/example_dags/example_bash_operator.py
[2024-05-01T23:54:44.789-0500] {logging_mixin.py:188} INFO - [2024-05-01T23:54:44.789-0500] {dag.py:3096} INFO - Sync 1 DAGs
[2024-05-01T23:54:44.796-0500] {logging_mixin.py:188} INFO - [2024-05-01T23:54:44.796-0500] {dag.py:3954} INFO - Setting next_dagrun for example_bash_operator to 2024-05-02 00:00:00+00:00, run_after=2024-05-03 00:00:00+00:00
[2024-05-01T23:54:44.803-0500] {processor.py:183} INFO - Processing /Users/nestoralfaro/Desktop/pbi-scenario-two/py_env/lib/python3.9/site-packages/airflow/example_dags/example_bash_operator.py took 0.070 seconds
[2024-05-01T23:56:36.054-0500] {processor.py:161} INFO - Started process (PID=35830) to work on /Users/nestoralfaro/Desktop/pbi-scenario-two/py_env/lib/python3.9/site-packages/airflow/example_dags/example_bash_operator.py
[2024-05-01T23:56:36.055-0500] {processor.py:830} INFO - Processing file /Users/nestoralfaro/Desktop/pbi-scenario-two/py_env/lib/python3.9/site-packages/airflow/example_dags/example_bash_operator.py for tasks to queue
[2024-05-01T23:56:36.055-0500] {logging_mixin.py:188} INFO - [2024-05-01T23:56:36.055-0500] {dagbag.py:540} INFO - Filling up the DagBag from /Users/nestoralfaro/Desktop/pbi-scenario-two/py_env/lib/python3.9/site-packages/airflow/example_dags/example_bash_operator.py
[2024-05-01T23:56:36.060-0500] {processor.py:840} INFO - DAG(s) 'example_bash_operator' retrieved from /Users/nestoralfaro/Desktop/pbi-scenario-two/py_env/lib/python3.9/site-packages/airflow/example_dags/example_bash_operator.py
[2024-05-01T23:56:36.104-0500] {logging_mixin.py:188} INFO - [2024-05-01T23:56:36.104-0500] {dag.py:3096} INFO - Sync 1 DAGs
[2024-05-01T23:56:36.111-0500] {logging_mixin.py:188} INFO - [2024-05-01T23:56:36.111-0500] {dag.py:3954} INFO - Setting next_dagrun for example_bash_operator to 2024-05-02 00:00:00+00:00, run_after=2024-05-03 00:00:00+00:00
[2024-05-01T23:56:36.117-0500] {processor.py:183} INFO - Processing /Users/nestoralfaro/Desktop/pbi-scenario-two/py_env/lib/python3.9/site-packages/airflow/example_dags/example_bash_operator.py took 0.065 seconds
[2024-05-01T23:58:26.896-0500] {processor.py:161} INFO - Started process (PID=35898) to work on /Users/nestoralfaro/Desktop/pbi-scenario-two/py_env/lib/python3.9/site-packages/airflow/example_dags/example_bash_operator.py
[2024-05-01T23:58:26.897-0500] {processor.py:830} INFO - Processing file /Users/nestoralfaro/Desktop/pbi-scenario-two/py_env/lib/python3.9/site-packages/airflow/example_dags/example_bash_operator.py for tasks to queue
[2024-05-01T23:58:26.898-0500] {logging_mixin.py:188} INFO - [2024-05-01T23:58:26.898-0500] {dagbag.py:540} INFO - Filling up the DagBag from /Users/nestoralfaro/Desktop/pbi-scenario-two/py_env/lib/python3.9/site-packages/airflow/example_dags/example_bash_operator.py
[2024-05-01T23:58:26.903-0500] {processor.py:840} INFO - DAG(s) 'example_bash_operator' retrieved from /Users/nestoralfaro/Desktop/pbi-scenario-two/py_env/lib/python3.9/site-packages/airflow/example_dags/example_bash_operator.py
[2024-05-01T23:58:26.947-0500] {logging_mixin.py:188} INFO - [2024-05-01T23:58:26.947-0500] {dag.py:3096} INFO - Sync 1 DAGs
[2024-05-01T23:58:26.954-0500] {logging_mixin.py:188} INFO - [2024-05-01T23:58:26.954-0500] {dag.py:3954} INFO - Setting next_dagrun for example_bash_operator to 2024-05-02 00:00:00+00:00, run_after=2024-05-03 00:00:00+00:00
[2024-05-01T23:58:26.961-0500] {processor.py:183} INFO - Processing /Users/nestoralfaro/Desktop/pbi-scenario-two/py_env/lib/python3.9/site-packages/airflow/example_dags/example_bash_operator.py took 0.066 seconds
[2024-05-02T00:00:17.415-0500] {processor.py:161} INFO - Started process (PID=35993) to work on /Users/nestoralfaro/Desktop/pbi-scenario-two/py_env/lib/python3.9/site-packages/airflow/example_dags/example_bash_operator.py
[2024-05-02T00:00:17.417-0500] {processor.py:830} INFO - Processing file /Users/nestoralfaro/Desktop/pbi-scenario-two/py_env/lib/python3.9/site-packages/airflow/example_dags/example_bash_operator.py for tasks to queue
[2024-05-02T00:00:17.418-0500] {logging_mixin.py:188} INFO - [2024-05-02T00:00:17.418-0500] {dagbag.py:540} INFO - Filling up the DagBag from /Users/nestoralfaro/Desktop/pbi-scenario-two/py_env/lib/python3.9/site-packages/airflow/example_dags/example_bash_operator.py
[2024-05-02T00:00:17.423-0500] {processor.py:840} INFO - DAG(s) 'example_bash_operator' retrieved from /Users/nestoralfaro/Desktop/pbi-scenario-two/py_env/lib/python3.9/site-packages/airflow/example_dags/example_bash_operator.py
[2024-05-02T00:00:17.467-0500] {logging_mixin.py:188} INFO - [2024-05-02T00:00:17.467-0500] {dag.py:3096} INFO - Sync 1 DAGs
[2024-05-02T00:00:17.473-0500] {logging_mixin.py:188} INFO - [2024-05-02T00:00:17.473-0500] {dag.py:3954} INFO - Setting next_dagrun for example_bash_operator to 2024-05-02 00:00:00+00:00, run_after=2024-05-03 00:00:00+00:00
[2024-05-02T00:00:17.480-0500] {processor.py:183} INFO - Processing /Users/nestoralfaro/Desktop/pbi-scenario-two/py_env/lib/python3.9/site-packages/airflow/example_dags/example_bash_operator.py took 0.066 seconds
[2024-05-02T00:02:12.476-0500] {processor.py:161} INFO - Started process (PID=36067) to work on /Users/nestoralfaro/Desktop/pbi-scenario-two/py_env/lib/python3.9/site-packages/airflow/example_dags/example_bash_operator.py
[2024-05-02T00:02:12.477-0500] {processor.py:830} INFO - Processing file /Users/nestoralfaro/Desktop/pbi-scenario-two/py_env/lib/python3.9/site-packages/airflow/example_dags/example_bash_operator.py for tasks to queue
[2024-05-02T00:02:12.478-0500] {logging_mixin.py:188} INFO - [2024-05-02T00:02:12.478-0500] {dagbag.py:540} INFO - Filling up the DagBag from /Users/nestoralfaro/Desktop/pbi-scenario-two/py_env/lib/python3.9/site-packages/airflow/example_dags/example_bash_operator.py
[2024-05-02T00:02:12.483-0500] {processor.py:840} INFO - DAG(s) 'example_bash_operator' retrieved from /Users/nestoralfaro/Desktop/pbi-scenario-two/py_env/lib/python3.9/site-packages/airflow/example_dags/example_bash_operator.py
[2024-05-02T00:02:12.528-0500] {logging_mixin.py:188} INFO - [2024-05-02T00:02:12.528-0500] {dag.py:3096} INFO - Sync 1 DAGs
[2024-05-02T00:02:12.535-0500] {logging_mixin.py:188} INFO - [2024-05-02T00:02:12.535-0500] {dag.py:3954} INFO - Setting next_dagrun for example_bash_operator to 2024-05-02 00:00:00+00:00, run_after=2024-05-03 00:00:00+00:00
[2024-05-02T00:02:12.543-0500] {processor.py:183} INFO - Processing /Users/nestoralfaro/Desktop/pbi-scenario-two/py_env/lib/python3.9/site-packages/airflow/example_dags/example_bash_operator.py took 0.068 seconds
[2024-05-02T00:04:08.909-0500] {processor.py:161} INFO - Started process (PID=36152) to work on /Users/nestoralfaro/Desktop/pbi-scenario-two/py_env/lib/python3.9/site-packages/airflow/example_dags/example_bash_operator.py
[2024-05-02T00:04:08.911-0500] {processor.py:830} INFO - Processing file /Users/nestoralfaro/Desktop/pbi-scenario-two/py_env/lib/python3.9/site-packages/airflow/example_dags/example_bash_operator.py for tasks to queue
[2024-05-02T00:04:08.912-0500] {logging_mixin.py:188} INFO - [2024-05-02T00:04:08.911-0500] {dagbag.py:540} INFO - Filling up the DagBag from /Users/nestoralfaro/Desktop/pbi-scenario-two/py_env/lib/python3.9/site-packages/airflow/example_dags/example_bash_operator.py
[2024-05-02T00:04:08.918-0500] {processor.py:840} INFO - DAG(s) 'example_bash_operator' retrieved from /Users/nestoralfaro/Desktop/pbi-scenario-two/py_env/lib/python3.9/site-packages/airflow/example_dags/example_bash_operator.py
[2024-05-02T00:04:08.963-0500] {logging_mixin.py:188} INFO - [2024-05-02T00:04:08.963-0500] {dag.py:3096} INFO - Sync 1 DAGs
[2024-05-02T00:04:08.970-0500] {logging_mixin.py:188} INFO - [2024-05-02T00:04:08.970-0500] {dag.py:3954} INFO - Setting next_dagrun for example_bash_operator to 2024-05-02 00:00:00+00:00, run_after=2024-05-03 00:00:00+00:00
[2024-05-02T00:04:08.978-0500] {processor.py:183} INFO - Processing /Users/nestoralfaro/Desktop/pbi-scenario-two/py_env/lib/python3.9/site-packages/airflow/example_dags/example_bash_operator.py took 0.070 seconds
[2024-05-02T00:06:02.362-0500] {processor.py:161} INFO - Started process (PID=36225) to work on /Users/nestoralfaro/Desktop/pbi-scenario-two/py_env/lib/python3.9/site-packages/airflow/example_dags/example_bash_operator.py
[2024-05-02T00:06:02.364-0500] {processor.py:830} INFO - Processing file /Users/nestoralfaro/Desktop/pbi-scenario-two/py_env/lib/python3.9/site-packages/airflow/example_dags/example_bash_operator.py for tasks to queue
[2024-05-02T00:06:02.364-0500] {logging_mixin.py:188} INFO - [2024-05-02T00:06:02.364-0500] {dagbag.py:540} INFO - Filling up the DagBag from /Users/nestoralfaro/Desktop/pbi-scenario-two/py_env/lib/python3.9/site-packages/airflow/example_dags/example_bash_operator.py
[2024-05-02T00:06:02.370-0500] {processor.py:840} INFO - DAG(s) 'example_bash_operator' retrieved from /Users/nestoralfaro/Desktop/pbi-scenario-two/py_env/lib/python3.9/site-packages/airflow/example_dags/example_bash_operator.py
[2024-05-02T00:06:02.415-0500] {logging_mixin.py:188} INFO - [2024-05-02T00:06:02.415-0500] {dag.py:3096} INFO - Sync 1 DAGs
[2024-05-02T00:06:02.422-0500] {logging_mixin.py:188} INFO - [2024-05-02T00:06:02.422-0500] {dag.py:3954} INFO - Setting next_dagrun for example_bash_operator to 2024-05-02 00:00:00+00:00, run_after=2024-05-03 00:00:00+00:00
[2024-05-02T00:06:02.429-0500] {processor.py:183} INFO - Processing /Users/nestoralfaro/Desktop/pbi-scenario-two/py_env/lib/python3.9/site-packages/airflow/example_dags/example_bash_operator.py took 0.069 seconds
[2024-05-02T00:07:50.742-0500] {processor.py:161} INFO - Started process (PID=36309) to work on /Users/nestoralfaro/Desktop/pbi-scenario-two/py_env/lib/python3.9/site-packages/airflow/example_dags/example_bash_operator.py
[2024-05-02T00:07:50.744-0500] {processor.py:830} INFO - Processing file /Users/nestoralfaro/Desktop/pbi-scenario-two/py_env/lib/python3.9/site-packages/airflow/example_dags/example_bash_operator.py for tasks to queue
[2024-05-02T00:07:50.744-0500] {logging_mixin.py:188} INFO - [2024-05-02T00:07:50.744-0500] {dagbag.py:540} INFO - Filling up the DagBag from /Users/nestoralfaro/Desktop/pbi-scenario-two/py_env/lib/python3.9/site-packages/airflow/example_dags/example_bash_operator.py
[2024-05-02T00:07:50.749-0500] {processor.py:840} INFO - DAG(s) 'example_bash_operator' retrieved from /Users/nestoralfaro/Desktop/pbi-scenario-two/py_env/lib/python3.9/site-packages/airflow/example_dags/example_bash_operator.py
[2024-05-02T00:07:50.792-0500] {logging_mixin.py:188} INFO - [2024-05-02T00:07:50.792-0500] {dag.py:3096} INFO - Sync 1 DAGs
[2024-05-02T00:07:50.798-0500] {logging_mixin.py:188} INFO - [2024-05-02T00:07:50.798-0500] {dag.py:3954} INFO - Setting next_dagrun for example_bash_operator to 2024-05-02 00:00:00+00:00, run_after=2024-05-03 00:00:00+00:00
[2024-05-02T00:07:50.805-0500] {processor.py:183} INFO - Processing /Users/nestoralfaro/Desktop/pbi-scenario-two/py_env/lib/python3.9/site-packages/airflow/example_dags/example_bash_operator.py took 0.064 seconds
[2024-05-02T00:09:44.539-0500] {processor.py:161} INFO - Started process (PID=36377) to work on /Users/nestoralfaro/Desktop/pbi-scenario-two/py_env/lib/python3.9/site-packages/airflow/example_dags/example_bash_operator.py
[2024-05-02T00:09:44.541-0500] {processor.py:830} INFO - Processing file /Users/nestoralfaro/Desktop/pbi-scenario-two/py_env/lib/python3.9/site-packages/airflow/example_dags/example_bash_operator.py for tasks to queue
[2024-05-02T00:09:44.541-0500] {logging_mixin.py:188} INFO - [2024-05-02T00:09:44.541-0500] {dagbag.py:540} INFO - Filling up the DagBag from /Users/nestoralfaro/Desktop/pbi-scenario-two/py_env/lib/python3.9/site-packages/airflow/example_dags/example_bash_operator.py
[2024-05-02T00:09:44.547-0500] {processor.py:840} INFO - DAG(s) 'example_bash_operator' retrieved from /Users/nestoralfaro/Desktop/pbi-scenario-two/py_env/lib/python3.9/site-packages/airflow/example_dags/example_bash_operator.py
[2024-05-02T00:09:44.591-0500] {logging_mixin.py:188} INFO - [2024-05-02T00:09:44.591-0500] {dag.py:3096} INFO - Sync 1 DAGs
[2024-05-02T00:09:44.598-0500] {logging_mixin.py:188} INFO - [2024-05-02T00:09:44.598-0500] {dag.py:3954} INFO - Setting next_dagrun for example_bash_operator to 2024-05-02 00:00:00+00:00, run_after=2024-05-03 00:00:00+00:00
[2024-05-02T00:09:44.605-0500] {processor.py:183} INFO - Processing /Users/nestoralfaro/Desktop/pbi-scenario-two/py_env/lib/python3.9/site-packages/airflow/example_dags/example_bash_operator.py took 0.068 seconds
[2024-05-02T00:12:20.752-0500] {processor.py:161} INFO - Started process (PID=36489) to work on /Users/nestoralfaro/Desktop/pbi-scenario-two/py_env/lib/python3.9/site-packages/airflow/example_dags/example_bash_operator.py
[2024-05-02T00:12:20.754-0500] {processor.py:830} INFO - Processing file /Users/nestoralfaro/Desktop/pbi-scenario-two/py_env/lib/python3.9/site-packages/airflow/example_dags/example_bash_operator.py for tasks to queue
[2024-05-02T00:12:20.755-0500] {logging_mixin.py:188} INFO - [2024-05-02T00:12:20.754-0500] {dagbag.py:540} INFO - Filling up the DagBag from /Users/nestoralfaro/Desktop/pbi-scenario-two/py_env/lib/python3.9/site-packages/airflow/example_dags/example_bash_operator.py
[2024-05-02T00:12:20.760-0500] {processor.py:840} INFO - DAG(s) 'example_bash_operator' retrieved from /Users/nestoralfaro/Desktop/pbi-scenario-two/py_env/lib/python3.9/site-packages/airflow/example_dags/example_bash_operator.py
[2024-05-02T00:12:20.804-0500] {logging_mixin.py:188} INFO - [2024-05-02T00:12:20.804-0500] {dag.py:3096} INFO - Sync 1 DAGs
[2024-05-02T00:12:20.811-0500] {logging_mixin.py:188} INFO - [2024-05-02T00:12:20.811-0500] {dag.py:3954} INFO - Setting next_dagrun for example_bash_operator to 2024-05-02 00:00:00+00:00, run_after=2024-05-03 00:00:00+00:00
[2024-05-02T00:12:20.818-0500] {processor.py:183} INFO - Processing /Users/nestoralfaro/Desktop/pbi-scenario-two/py_env/lib/python3.9/site-packages/airflow/example_dags/example_bash_operator.py took 0.067 seconds
[2024-05-02T00:16:12.939-0500] {processor.py:161} INFO - Started process (PID=36654) to work on /Users/nestoralfaro/Desktop/pbi-scenario-two/py_env/lib/python3.9/site-packages/airflow/example_dags/example_bash_operator.py
[2024-05-02T00:16:12.942-0500] {processor.py:830} INFO - Processing file /Users/nestoralfaro/Desktop/pbi-scenario-two/py_env/lib/python3.9/site-packages/airflow/example_dags/example_bash_operator.py for tasks to queue
[2024-05-02T00:16:12.942-0500] {logging_mixin.py:188} INFO - [2024-05-02T00:16:12.942-0500] {dagbag.py:540} INFO - Filling up the DagBag from /Users/nestoralfaro/Desktop/pbi-scenario-two/py_env/lib/python3.9/site-packages/airflow/example_dags/example_bash_operator.py
[2024-05-02T00:16:12.947-0500] {processor.py:840} INFO - DAG(s) 'example_bash_operator' retrieved from /Users/nestoralfaro/Desktop/pbi-scenario-two/py_env/lib/python3.9/site-packages/airflow/example_dags/example_bash_operator.py
[2024-05-02T00:16:12.993-0500] {logging_mixin.py:188} INFO - [2024-05-02T00:16:12.993-0500] {dag.py:3096} INFO - Sync 1 DAGs
[2024-05-02T00:16:13.000-0500] {logging_mixin.py:188} INFO - [2024-05-02T00:16:13.000-0500] {dag.py:3954} INFO - Setting next_dagrun for example_bash_operator to 2024-05-02 00:00:00+00:00, run_after=2024-05-03 00:00:00+00:00
[2024-05-02T00:16:13.008-0500] {processor.py:183} INFO - Processing /Users/nestoralfaro/Desktop/pbi-scenario-two/py_env/lib/python3.9/site-packages/airflow/example_dags/example_bash_operator.py took 0.069 seconds
[2024-05-02T00:18:10.817-0500] {processor.py:161} INFO - Started process (PID=36728) to work on /Users/nestoralfaro/Desktop/pbi-scenario-two/py_env/lib/python3.9/site-packages/airflow/example_dags/example_bash_operator.py
[2024-05-02T00:18:10.819-0500] {processor.py:830} INFO - Processing file /Users/nestoralfaro/Desktop/pbi-scenario-two/py_env/lib/python3.9/site-packages/airflow/example_dags/example_bash_operator.py for tasks to queue
[2024-05-02T00:18:10.820-0500] {logging_mixin.py:188} INFO - [2024-05-02T00:18:10.820-0500] {dagbag.py:540} INFO - Filling up the DagBag from /Users/nestoralfaro/Desktop/pbi-scenario-two/py_env/lib/python3.9/site-packages/airflow/example_dags/example_bash_operator.py
[2024-05-02T00:18:10.825-0500] {processor.py:840} INFO - DAG(s) 'example_bash_operator' retrieved from /Users/nestoralfaro/Desktop/pbi-scenario-two/py_env/lib/python3.9/site-packages/airflow/example_dags/example_bash_operator.py
[2024-05-02T00:18:10.875-0500] {logging_mixin.py:188} INFO - [2024-05-02T00:18:10.875-0500] {dag.py:3096} INFO - Sync 1 DAGs
[2024-05-02T00:18:10.883-0500] {logging_mixin.py:188} INFO - [2024-05-02T00:18:10.882-0500] {dag.py:3954} INFO - Setting next_dagrun for example_bash_operator to 2024-05-02 00:00:00+00:00, run_after=2024-05-03 00:00:00+00:00
[2024-05-02T00:18:10.890-0500] {processor.py:183} INFO - Processing /Users/nestoralfaro/Desktop/pbi-scenario-two/py_env/lib/python3.9/site-packages/airflow/example_dags/example_bash_operator.py took 0.074 seconds
[2024-05-02T00:20:06.742-0500] {processor.py:161} INFO - Started process (PID=36838) to work on /Users/nestoralfaro/Desktop/pbi-scenario-two/py_env/lib/python3.9/site-packages/airflow/example_dags/example_bash_operator.py
[2024-05-02T00:20:06.744-0500] {processor.py:830} INFO - Processing file /Users/nestoralfaro/Desktop/pbi-scenario-two/py_env/lib/python3.9/site-packages/airflow/example_dags/example_bash_operator.py for tasks to queue
[2024-05-02T00:20:06.744-0500] {logging_mixin.py:188} INFO - [2024-05-02T00:20:06.744-0500] {dagbag.py:540} INFO - Filling up the DagBag from /Users/nestoralfaro/Desktop/pbi-scenario-two/py_env/lib/python3.9/site-packages/airflow/example_dags/example_bash_operator.py
[2024-05-02T00:20:06.749-0500] {processor.py:840} INFO - DAG(s) 'example_bash_operator' retrieved from /Users/nestoralfaro/Desktop/pbi-scenario-two/py_env/lib/python3.9/site-packages/airflow/example_dags/example_bash_operator.py
[2024-05-02T00:20:06.794-0500] {logging_mixin.py:188} INFO - [2024-05-02T00:20:06.794-0500] {dag.py:3096} INFO - Sync 1 DAGs
[2024-05-02T00:20:06.801-0500] {logging_mixin.py:188} INFO - [2024-05-02T00:20:06.801-0500] {dag.py:3954} INFO - Setting next_dagrun for example_bash_operator to 2024-05-02 00:00:00+00:00, run_after=2024-05-03 00:00:00+00:00
[2024-05-02T00:20:06.807-0500] {processor.py:183} INFO - Processing /Users/nestoralfaro/Desktop/pbi-scenario-two/py_env/lib/python3.9/site-packages/airflow/example_dags/example_bash_operator.py took 0.067 seconds
[2024-05-02T00:22:01.124-0500] {processor.py:161} INFO - Started process (PID=36919) to work on /Users/nestoralfaro/Desktop/pbi-scenario-two/py_env/lib/python3.9/site-packages/airflow/example_dags/example_bash_operator.py
[2024-05-02T00:22:01.125-0500] {processor.py:830} INFO - Processing file /Users/nestoralfaro/Desktop/pbi-scenario-two/py_env/lib/python3.9/site-packages/airflow/example_dags/example_bash_operator.py for tasks to queue
[2024-05-02T00:22:01.126-0500] {logging_mixin.py:188} INFO - [2024-05-02T00:22:01.126-0500] {dagbag.py:540} INFO - Filling up the DagBag from /Users/nestoralfaro/Desktop/pbi-scenario-two/py_env/lib/python3.9/site-packages/airflow/example_dags/example_bash_operator.py
[2024-05-02T00:22:01.130-0500] {processor.py:840} INFO - DAG(s) 'example_bash_operator' retrieved from /Users/nestoralfaro/Desktop/pbi-scenario-two/py_env/lib/python3.9/site-packages/airflow/example_dags/example_bash_operator.py
[2024-05-02T00:22:01.178-0500] {logging_mixin.py:188} INFO - [2024-05-02T00:22:01.178-0500] {dag.py:3096} INFO - Sync 1 DAGs
[2024-05-02T00:22:01.185-0500] {logging_mixin.py:188} INFO - [2024-05-02T00:22:01.185-0500] {dag.py:3954} INFO - Setting next_dagrun for example_bash_operator to 2024-05-02 00:00:00+00:00, run_after=2024-05-03 00:00:00+00:00
[2024-05-02T00:22:01.193-0500] {processor.py:183} INFO - Processing /Users/nestoralfaro/Desktop/pbi-scenario-two/py_env/lib/python3.9/site-packages/airflow/example_dags/example_bash_operator.py took 0.070 seconds
[2024-05-02T00:23:54.463-0500] {processor.py:161} INFO - Started process (PID=37033) to work on /Users/nestoralfaro/Desktop/pbi-scenario-two/py_env/lib/python3.9/site-packages/airflow/example_dags/example_bash_operator.py
[2024-05-02T00:23:54.465-0500] {processor.py:830} INFO - Processing file /Users/nestoralfaro/Desktop/pbi-scenario-two/py_env/lib/python3.9/site-packages/airflow/example_dags/example_bash_operator.py for tasks to queue
[2024-05-02T00:23:54.466-0500] {logging_mixin.py:188} INFO - [2024-05-02T00:23:54.466-0500] {dagbag.py:540} INFO - Filling up the DagBag from /Users/nestoralfaro/Desktop/pbi-scenario-two/py_env/lib/python3.9/site-packages/airflow/example_dags/example_bash_operator.py
[2024-05-02T00:23:54.471-0500] {processor.py:840} INFO - DAG(s) 'example_bash_operator' retrieved from /Users/nestoralfaro/Desktop/pbi-scenario-two/py_env/lib/python3.9/site-packages/airflow/example_dags/example_bash_operator.py
[2024-05-02T00:23:54.514-0500] {logging_mixin.py:188} INFO - [2024-05-02T00:23:54.514-0500] {dag.py:3096} INFO - Sync 1 DAGs
[2024-05-02T00:23:54.521-0500] {logging_mixin.py:188} INFO - [2024-05-02T00:23:54.521-0500] {dag.py:3954} INFO - Setting next_dagrun for example_bash_operator to 2024-05-02 00:00:00+00:00, run_after=2024-05-03 00:00:00+00:00
[2024-05-02T00:23:54.528-0500] {processor.py:183} INFO - Processing /Users/nestoralfaro/Desktop/pbi-scenario-two/py_env/lib/python3.9/site-packages/airflow/example_dags/example_bash_operator.py took 0.066 seconds
