[2024-05-01T23:31:13.543-0500] {processor.py:161} INFO - Started process (PID=34777) to work on /Users/nestoralfaro/Desktop/pbi-scenario-two/py_env/lib/python3.9/site-packages/airflow/example_dags/example_dag_decorator.py
[2024-05-01T23:31:13.544-0500] {processor.py:830} INFO - Processing file /Users/nestoralfaro/Desktop/pbi-scenario-two/py_env/lib/python3.9/site-packages/airflow/example_dags/example_dag_decorator.py for tasks to queue
[2024-05-01T23:31:13.545-0500] {logging_mixin.py:188} INFO - [2024-05-01T23:31:13.545-0500] {dagbag.py:540} INFO - Filling up the DagBag from /Users/nestoralfaro/Desktop/pbi-scenario-two/py_env/lib/python3.9/site-packages/airflow/example_dags/example_dag_decorator.py
[2024-05-01T23:31:13.646-0500] {processor.py:840} INFO - DAG(s) 'example_dag_decorator' retrieved from /Users/nestoralfaro/Desktop/pbi-scenario-two/py_env/lib/python3.9/site-packages/airflow/example_dags/example_dag_decorator.py
[2024-05-01T23:31:13.717-0500] {logging_mixin.py:188} INFO - [2024-05-01T23:31:13.716-0500] {dag.py:3096} INFO - Sync 1 DAGs
[2024-05-01T23:31:13.720-0500] {logging_mixin.py:188} INFO - [2024-05-01T23:31:13.720-0500] {dag.py:3954} INFO - Setting next_dagrun for example_dag_decorator to None, run_after=None
[2024-05-01T23:31:13.728-0500] {processor.py:183} INFO - Processing /Users/nestoralfaro/Desktop/pbi-scenario-two/py_env/lib/python3.9/site-packages/airflow/example_dags/example_dag_decorator.py took 0.186 seconds
[2024-05-01T23:33:19.062-0500] {processor.py:161} INFO - Started process (PID=34884) to work on /Users/nestoralfaro/Desktop/pbi-scenario-two/py_env/lib/python3.9/site-packages/airflow/example_dags/example_dag_decorator.py
[2024-05-01T23:33:19.064-0500] {processor.py:830} INFO - Processing file /Users/nestoralfaro/Desktop/pbi-scenario-two/py_env/lib/python3.9/site-packages/airflow/example_dags/example_dag_decorator.py for tasks to queue
[2024-05-01T23:33:19.064-0500] {logging_mixin.py:188} INFO - [2024-05-01T23:33:19.064-0500] {dagbag.py:540} INFO - Filling up the DagBag from /Users/nestoralfaro/Desktop/pbi-scenario-two/py_env/lib/python3.9/site-packages/airflow/example_dags/example_dag_decorator.py
[2024-05-01T23:33:19.170-0500] {processor.py:840} INFO - DAG(s) 'example_dag_decorator' retrieved from /Users/nestoralfaro/Desktop/pbi-scenario-two/py_env/lib/python3.9/site-packages/airflow/example_dags/example_dag_decorator.py
[2024-05-01T23:33:19.252-0500] {logging_mixin.py:188} INFO - [2024-05-01T23:33:19.252-0500] {dag.py:3096} INFO - Sync 1 DAGs
[2024-05-01T23:33:19.255-0500] {logging_mixin.py:188} INFO - [2024-05-01T23:33:19.255-0500] {dag.py:3954} INFO - Setting next_dagrun for example_dag_decorator to None, run_after=None
[2024-05-01T23:33:19.263-0500] {processor.py:183} INFO - Processing /Users/nestoralfaro/Desktop/pbi-scenario-two/py_env/lib/python3.9/site-packages/airflow/example_dags/example_dag_decorator.py took 0.203 seconds
[2024-05-01T23:35:16.326-0500] {processor.py:161} INFO - Started process (PID=34955) to work on /Users/nestoralfaro/Desktop/pbi-scenario-two/py_env/lib/python3.9/site-packages/airflow/example_dags/example_dag_decorator.py
[2024-05-01T23:35:16.328-0500] {processor.py:830} INFO - Processing file /Users/nestoralfaro/Desktop/pbi-scenario-two/py_env/lib/python3.9/site-packages/airflow/example_dags/example_dag_decorator.py for tasks to queue
[2024-05-01T23:35:16.328-0500] {logging_mixin.py:188} INFO - [2024-05-01T23:35:16.328-0500] {dagbag.py:540} INFO - Filling up the DagBag from /Users/nestoralfaro/Desktop/pbi-scenario-two/py_env/lib/python3.9/site-packages/airflow/example_dags/example_dag_decorator.py
[2024-05-01T23:35:16.436-0500] {processor.py:840} INFO - DAG(s) 'example_dag_decorator' retrieved from /Users/nestoralfaro/Desktop/pbi-scenario-two/py_env/lib/python3.9/site-packages/airflow/example_dags/example_dag_decorator.py
[2024-05-01T23:35:16.516-0500] {logging_mixin.py:188} INFO - [2024-05-01T23:35:16.515-0500] {dag.py:3096} INFO - Sync 1 DAGs
[2024-05-01T23:35:16.519-0500] {logging_mixin.py:188} INFO - [2024-05-01T23:35:16.519-0500] {dag.py:3954} INFO - Setting next_dagrun for example_dag_decorator to None, run_after=None
[2024-05-01T23:35:16.528-0500] {processor.py:183} INFO - Processing /Users/nestoralfaro/Desktop/pbi-scenario-two/py_env/lib/python3.9/site-packages/airflow/example_dags/example_dag_decorator.py took 0.204 seconds
[2024-05-01T23:37:08.895-0500] {processor.py:161} INFO - Started process (PID=35022) to work on /Users/nestoralfaro/Desktop/pbi-scenario-two/py_env/lib/python3.9/site-packages/airflow/example_dags/example_dag_decorator.py
[2024-05-01T23:37:08.897-0500] {processor.py:830} INFO - Processing file /Users/nestoralfaro/Desktop/pbi-scenario-two/py_env/lib/python3.9/site-packages/airflow/example_dags/example_dag_decorator.py for tasks to queue
[2024-05-01T23:37:08.897-0500] {logging_mixin.py:188} INFO - [2024-05-01T23:37:08.897-0500] {dagbag.py:540} INFO - Filling up the DagBag from /Users/nestoralfaro/Desktop/pbi-scenario-two/py_env/lib/python3.9/site-packages/airflow/example_dags/example_dag_decorator.py
[2024-05-01T23:37:09.018-0500] {processor.py:840} INFO - DAG(s) 'example_dag_decorator' retrieved from /Users/nestoralfaro/Desktop/pbi-scenario-two/py_env/lib/python3.9/site-packages/airflow/example_dags/example_dag_decorator.py
[2024-05-01T23:37:09.118-0500] {logging_mixin.py:188} INFO - [2024-05-01T23:37:09.118-0500] {dag.py:3096} INFO - Sync 1 DAGs
[2024-05-01T23:37:09.121-0500] {logging_mixin.py:188} INFO - [2024-05-01T23:37:09.121-0500] {dag.py:3954} INFO - Setting next_dagrun for example_dag_decorator to None, run_after=None
[2024-05-01T23:37:09.131-0500] {processor.py:183} INFO - Processing /Users/nestoralfaro/Desktop/pbi-scenario-two/py_env/lib/python3.9/site-packages/airflow/example_dags/example_dag_decorator.py took 0.237 seconds
[2024-05-01T23:39:03.316-0500] {processor.py:161} INFO - Started process (PID=35093) to work on /Users/nestoralfaro/Desktop/pbi-scenario-two/py_env/lib/python3.9/site-packages/airflow/example_dags/example_dag_decorator.py
[2024-05-01T23:39:03.319-0500] {processor.py:830} INFO - Processing file /Users/nestoralfaro/Desktop/pbi-scenario-two/py_env/lib/python3.9/site-packages/airflow/example_dags/example_dag_decorator.py for tasks to queue
[2024-05-01T23:39:03.319-0500] {logging_mixin.py:188} INFO - [2024-05-01T23:39:03.319-0500] {dagbag.py:540} INFO - Filling up the DagBag from /Users/nestoralfaro/Desktop/pbi-scenario-two/py_env/lib/python3.9/site-packages/airflow/example_dags/example_dag_decorator.py
[2024-05-01T23:39:03.431-0500] {processor.py:840} INFO - DAG(s) 'example_dag_decorator' retrieved from /Users/nestoralfaro/Desktop/pbi-scenario-two/py_env/lib/python3.9/site-packages/airflow/example_dags/example_dag_decorator.py
[2024-05-01T23:39:03.517-0500] {logging_mixin.py:188} INFO - [2024-05-01T23:39:03.516-0500] {dag.py:3096} INFO - Sync 1 DAGs
[2024-05-01T23:39:03.521-0500] {logging_mixin.py:188} INFO - [2024-05-01T23:39:03.521-0500] {dag.py:3954} INFO - Setting next_dagrun for example_dag_decorator to None, run_after=None
[2024-05-01T23:39:03.530-0500] {processor.py:183} INFO - Processing /Users/nestoralfaro/Desktop/pbi-scenario-two/py_env/lib/python3.9/site-packages/airflow/example_dags/example_dag_decorator.py took 0.215 seconds
[2024-05-01T23:40:58.846-0500] {processor.py:161} INFO - Started process (PID=35184) to work on /Users/nestoralfaro/Desktop/pbi-scenario-two/py_env/lib/python3.9/site-packages/airflow/example_dags/example_dag_decorator.py
[2024-05-01T23:40:58.849-0500] {processor.py:830} INFO - Processing file /Users/nestoralfaro/Desktop/pbi-scenario-two/py_env/lib/python3.9/site-packages/airflow/example_dags/example_dag_decorator.py for tasks to queue
[2024-05-01T23:40:58.849-0500] {logging_mixin.py:188} INFO - [2024-05-01T23:40:58.849-0500] {dagbag.py:540} INFO - Filling up the DagBag from /Users/nestoralfaro/Desktop/pbi-scenario-two/py_env/lib/python3.9/site-packages/airflow/example_dags/example_dag_decorator.py
[2024-05-01T23:40:58.966-0500] {processor.py:840} INFO - DAG(s) 'example_dag_decorator' retrieved from /Users/nestoralfaro/Desktop/pbi-scenario-two/py_env/lib/python3.9/site-packages/airflow/example_dags/example_dag_decorator.py
[2024-05-01T23:40:59.053-0500] {logging_mixin.py:188} INFO - [2024-05-01T23:40:59.053-0500] {dag.py:3096} INFO - Sync 1 DAGs
[2024-05-01T23:40:59.057-0500] {logging_mixin.py:188} INFO - [2024-05-01T23:40:59.057-0500] {dag.py:3954} INFO - Setting next_dagrun for example_dag_decorator to None, run_after=None
[2024-05-01T23:40:59.066-0500] {processor.py:183} INFO - Processing /Users/nestoralfaro/Desktop/pbi-scenario-two/py_env/lib/python3.9/site-packages/airflow/example_dags/example_dag_decorator.py took 0.222 seconds
[2024-05-01T23:42:59.208-0500] {processor.py:161} INFO - Started process (PID=35288) to work on /Users/nestoralfaro/Desktop/pbi-scenario-two/py_env/lib/python3.9/site-packages/airflow/example_dags/example_dag_decorator.py
[2024-05-01T23:42:59.210-0500] {processor.py:830} INFO - Processing file /Users/nestoralfaro/Desktop/pbi-scenario-two/py_env/lib/python3.9/site-packages/airflow/example_dags/example_dag_decorator.py for tasks to queue
[2024-05-01T23:42:59.210-0500] {logging_mixin.py:188} INFO - [2024-05-01T23:42:59.210-0500] {dagbag.py:540} INFO - Filling up the DagBag from /Users/nestoralfaro/Desktop/pbi-scenario-two/py_env/lib/python3.9/site-packages/airflow/example_dags/example_dag_decorator.py
[2024-05-01T23:42:59.323-0500] {processor.py:840} INFO - DAG(s) 'example_dag_decorator' retrieved from /Users/nestoralfaro/Desktop/pbi-scenario-two/py_env/lib/python3.9/site-packages/airflow/example_dags/example_dag_decorator.py
[2024-05-01T23:42:59.413-0500] {logging_mixin.py:188} INFO - [2024-05-01T23:42:59.413-0500] {dag.py:3096} INFO - Sync 1 DAGs
[2024-05-01T23:42:59.417-0500] {logging_mixin.py:188} INFO - [2024-05-01T23:42:59.417-0500] {dag.py:3954} INFO - Setting next_dagrun for example_dag_decorator to None, run_after=None
[2024-05-01T23:42:59.426-0500] {processor.py:183} INFO - Processing /Users/nestoralfaro/Desktop/pbi-scenario-two/py_env/lib/python3.9/site-packages/airflow/example_dags/example_dag_decorator.py took 0.220 seconds
[2024-05-01T23:44:57.283-0500] {processor.py:161} INFO - Started process (PID=35372) to work on /Users/nestoralfaro/Desktop/pbi-scenario-two/py_env/lib/python3.9/site-packages/airflow/example_dags/example_dag_decorator.py
[2024-05-01T23:44:57.286-0500] {processor.py:830} INFO - Processing file /Users/nestoralfaro/Desktop/pbi-scenario-two/py_env/lib/python3.9/site-packages/airflow/example_dags/example_dag_decorator.py for tasks to queue
[2024-05-01T23:44:57.286-0500] {logging_mixin.py:188} INFO - [2024-05-01T23:44:57.286-0500] {dagbag.py:540} INFO - Filling up the DagBag from /Users/nestoralfaro/Desktop/pbi-scenario-two/py_env/lib/python3.9/site-packages/airflow/example_dags/example_dag_decorator.py
[2024-05-01T23:44:57.388-0500] {processor.py:840} INFO - DAG(s) 'example_dag_decorator' retrieved from /Users/nestoralfaro/Desktop/pbi-scenario-two/py_env/lib/python3.9/site-packages/airflow/example_dags/example_dag_decorator.py
[2024-05-01T23:44:57.468-0500] {logging_mixin.py:188} INFO - [2024-05-01T23:44:57.468-0500] {dag.py:3096} INFO - Sync 1 DAGs
[2024-05-01T23:44:57.471-0500] {logging_mixin.py:188} INFO - [2024-05-01T23:44:57.471-0500] {dag.py:3954} INFO - Setting next_dagrun for example_dag_decorator to None, run_after=None
[2024-05-01T23:44:57.479-0500] {processor.py:183} INFO - Processing /Users/nestoralfaro/Desktop/pbi-scenario-two/py_env/lib/python3.9/site-packages/airflow/example_dags/example_dag_decorator.py took 0.197 seconds
[2024-05-01T23:46:51.661-0500] {processor.py:161} INFO - Started process (PID=35440) to work on /Users/nestoralfaro/Desktop/pbi-scenario-two/py_env/lib/python3.9/site-packages/airflow/example_dags/example_dag_decorator.py
[2024-05-01T23:46:51.662-0500] {processor.py:830} INFO - Processing file /Users/nestoralfaro/Desktop/pbi-scenario-two/py_env/lib/python3.9/site-packages/airflow/example_dags/example_dag_decorator.py for tasks to queue
[2024-05-01T23:46:51.663-0500] {logging_mixin.py:188} INFO - [2024-05-01T23:46:51.663-0500] {dagbag.py:540} INFO - Filling up the DagBag from /Users/nestoralfaro/Desktop/pbi-scenario-two/py_env/lib/python3.9/site-packages/airflow/example_dags/example_dag_decorator.py
[2024-05-01T23:46:51.767-0500] {processor.py:840} INFO - DAG(s) 'example_dag_decorator' retrieved from /Users/nestoralfaro/Desktop/pbi-scenario-two/py_env/lib/python3.9/site-packages/airflow/example_dags/example_dag_decorator.py
[2024-05-01T23:46:51.837-0500] {logging_mixin.py:188} INFO - [2024-05-01T23:46:51.837-0500] {dag.py:3096} INFO - Sync 1 DAGs
[2024-05-01T23:46:51.841-0500] {logging_mixin.py:188} INFO - [2024-05-01T23:46:51.841-0500] {dag.py:3954} INFO - Setting next_dagrun for example_dag_decorator to None, run_after=None
[2024-05-01T23:46:51.849-0500] {processor.py:183} INFO - Processing /Users/nestoralfaro/Desktop/pbi-scenario-two/py_env/lib/python3.9/site-packages/airflow/example_dags/example_dag_decorator.py took 0.189 seconds
[2024-05-01T23:48:42.487-0500] {processor.py:161} INFO - Started process (PID=35527) to work on /Users/nestoralfaro/Desktop/pbi-scenario-two/py_env/lib/python3.9/site-packages/airflow/example_dags/example_dag_decorator.py
[2024-05-01T23:48:42.489-0500] {processor.py:830} INFO - Processing file /Users/nestoralfaro/Desktop/pbi-scenario-two/py_env/lib/python3.9/site-packages/airflow/example_dags/example_dag_decorator.py for tasks to queue
[2024-05-01T23:48:42.490-0500] {logging_mixin.py:188} INFO - [2024-05-01T23:48:42.489-0500] {dagbag.py:540} INFO - Filling up the DagBag from /Users/nestoralfaro/Desktop/pbi-scenario-two/py_env/lib/python3.9/site-packages/airflow/example_dags/example_dag_decorator.py
[2024-05-01T23:48:42.593-0500] {processor.py:840} INFO - DAG(s) 'example_dag_decorator' retrieved from /Users/nestoralfaro/Desktop/pbi-scenario-two/py_env/lib/python3.9/site-packages/airflow/example_dags/example_dag_decorator.py
[2024-05-01T23:48:42.673-0500] {logging_mixin.py:188} INFO - [2024-05-01T23:48:42.673-0500] {dag.py:3096} INFO - Sync 1 DAGs
[2024-05-01T23:48:42.677-0500] {logging_mixin.py:188} INFO - [2024-05-01T23:48:42.677-0500] {dag.py:3954} INFO - Setting next_dagrun for example_dag_decorator to None, run_after=None
[2024-05-01T23:48:42.684-0500] {processor.py:183} INFO - Processing /Users/nestoralfaro/Desktop/pbi-scenario-two/py_env/lib/python3.9/site-packages/airflow/example_dags/example_dag_decorator.py took 0.199 seconds
[2024-05-01T23:50:38.089-0500] {processor.py:161} INFO - Started process (PID=35599) to work on /Users/nestoralfaro/Desktop/pbi-scenario-two/py_env/lib/python3.9/site-packages/airflow/example_dags/example_dag_decorator.py
[2024-05-01T23:50:38.090-0500] {processor.py:830} INFO - Processing file /Users/nestoralfaro/Desktop/pbi-scenario-two/py_env/lib/python3.9/site-packages/airflow/example_dags/example_dag_decorator.py for tasks to queue
[2024-05-01T23:50:38.090-0500] {logging_mixin.py:188} INFO - [2024-05-01T23:50:38.090-0500] {dagbag.py:540} INFO - Filling up the DagBag from /Users/nestoralfaro/Desktop/pbi-scenario-two/py_env/lib/python3.9/site-packages/airflow/example_dags/example_dag_decorator.py
[2024-05-01T23:50:38.193-0500] {processor.py:840} INFO - DAG(s) 'example_dag_decorator' retrieved from /Users/nestoralfaro/Desktop/pbi-scenario-two/py_env/lib/python3.9/site-packages/airflow/example_dags/example_dag_decorator.py
[2024-05-01T23:50:38.274-0500] {logging_mixin.py:188} INFO - [2024-05-01T23:50:38.274-0500] {dag.py:3096} INFO - Sync 1 DAGs
[2024-05-01T23:50:38.278-0500] {logging_mixin.py:188} INFO - [2024-05-01T23:50:38.278-0500] {dag.py:3954} INFO - Setting next_dagrun for example_dag_decorator to None, run_after=None
[2024-05-01T23:50:38.286-0500] {processor.py:183} INFO - Processing /Users/nestoralfaro/Desktop/pbi-scenario-two/py_env/lib/python3.9/site-packages/airflow/example_dags/example_dag_decorator.py took 0.199 seconds
[2024-05-01T23:52:31.453-0500] {processor.py:161} INFO - Started process (PID=35684) to work on /Users/nestoralfaro/Desktop/pbi-scenario-two/py_env/lib/python3.9/site-packages/airflow/example_dags/example_dag_decorator.py
[2024-05-01T23:52:31.455-0500] {processor.py:830} INFO - Processing file /Users/nestoralfaro/Desktop/pbi-scenario-two/py_env/lib/python3.9/site-packages/airflow/example_dags/example_dag_decorator.py for tasks to queue
[2024-05-01T23:52:31.455-0500] {logging_mixin.py:188} INFO - [2024-05-01T23:52:31.455-0500] {dagbag.py:540} INFO - Filling up the DagBag from /Users/nestoralfaro/Desktop/pbi-scenario-two/py_env/lib/python3.9/site-packages/airflow/example_dags/example_dag_decorator.py
[2024-05-01T23:52:31.544-0500] {processor.py:840} INFO - DAG(s) 'example_dag_decorator' retrieved from /Users/nestoralfaro/Desktop/pbi-scenario-two/py_env/lib/python3.9/site-packages/airflow/example_dags/example_dag_decorator.py
[2024-05-01T23:52:31.615-0500] {logging_mixin.py:188} INFO - [2024-05-01T23:52:31.614-0500] {dag.py:3096} INFO - Sync 1 DAGs
[2024-05-01T23:52:31.618-0500] {logging_mixin.py:188} INFO - [2024-05-01T23:52:31.618-0500] {dag.py:3954} INFO - Setting next_dagrun for example_dag_decorator to None, run_after=None
[2024-05-01T23:52:31.626-0500] {processor.py:183} INFO - Processing /Users/nestoralfaro/Desktop/pbi-scenario-two/py_env/lib/python3.9/site-packages/airflow/example_dags/example_dag_decorator.py took 0.174 seconds
[2024-05-01T23:54:30.686-0500] {processor.py:161} INFO - Started process (PID=35752) to work on /Users/nestoralfaro/Desktop/pbi-scenario-two/py_env/lib/python3.9/site-packages/airflow/example_dags/example_dag_decorator.py
[2024-05-01T23:54:30.687-0500] {processor.py:830} INFO - Processing file /Users/nestoralfaro/Desktop/pbi-scenario-two/py_env/lib/python3.9/site-packages/airflow/example_dags/example_dag_decorator.py for tasks to queue
[2024-05-01T23:54:30.687-0500] {logging_mixin.py:188} INFO - [2024-05-01T23:54:30.687-0500] {dagbag.py:540} INFO - Filling up the DagBag from /Users/nestoralfaro/Desktop/pbi-scenario-two/py_env/lib/python3.9/site-packages/airflow/example_dags/example_dag_decorator.py
[2024-05-01T23:54:30.776-0500] {processor.py:840} INFO - DAG(s) 'example_dag_decorator' retrieved from /Users/nestoralfaro/Desktop/pbi-scenario-two/py_env/lib/python3.9/site-packages/airflow/example_dags/example_dag_decorator.py
[2024-05-01T23:54:30.848-0500] {logging_mixin.py:188} INFO - [2024-05-01T23:54:30.848-0500] {dag.py:3096} INFO - Sync 1 DAGs
[2024-05-01T23:54:30.852-0500] {logging_mixin.py:188} INFO - [2024-05-01T23:54:30.852-0500] {dag.py:3954} INFO - Setting next_dagrun for example_dag_decorator to None, run_after=None
[2024-05-01T23:54:30.860-0500] {processor.py:183} INFO - Processing /Users/nestoralfaro/Desktop/pbi-scenario-two/py_env/lib/python3.9/site-packages/airflow/example_dags/example_dag_decorator.py took 0.176 seconds
[2024-05-01T23:56:21.614-0500] {processor.py:161} INFO - Started process (PID=35821) to work on /Users/nestoralfaro/Desktop/pbi-scenario-two/py_env/lib/python3.9/site-packages/airflow/example_dags/example_dag_decorator.py
[2024-05-01T23:56:21.615-0500] {processor.py:830} INFO - Processing file /Users/nestoralfaro/Desktop/pbi-scenario-two/py_env/lib/python3.9/site-packages/airflow/example_dags/example_dag_decorator.py for tasks to queue
[2024-05-01T23:56:21.616-0500] {logging_mixin.py:188} INFO - [2024-05-01T23:56:21.615-0500] {dagbag.py:540} INFO - Filling up the DagBag from /Users/nestoralfaro/Desktop/pbi-scenario-two/py_env/lib/python3.9/site-packages/airflow/example_dags/example_dag_decorator.py
[2024-05-01T23:56:21.707-0500] {processor.py:840} INFO - DAG(s) 'example_dag_decorator' retrieved from /Users/nestoralfaro/Desktop/pbi-scenario-two/py_env/lib/python3.9/site-packages/airflow/example_dags/example_dag_decorator.py
[2024-05-01T23:56:21.781-0500] {logging_mixin.py:188} INFO - [2024-05-01T23:56:21.781-0500] {dag.py:3096} INFO - Sync 1 DAGs
[2024-05-01T23:56:21.784-0500] {logging_mixin.py:188} INFO - [2024-05-01T23:56:21.784-0500] {dag.py:3954} INFO - Setting next_dagrun for example_dag_decorator to None, run_after=None
[2024-05-01T23:56:21.792-0500] {processor.py:183} INFO - Processing /Users/nestoralfaro/Desktop/pbi-scenario-two/py_env/lib/python3.9/site-packages/airflow/example_dags/example_dag_decorator.py took 0.179 seconds
[2024-05-01T23:58:12.397-0500] {processor.py:161} INFO - Started process (PID=35890) to work on /Users/nestoralfaro/Desktop/pbi-scenario-two/py_env/lib/python3.9/site-packages/airflow/example_dags/example_dag_decorator.py
[2024-05-01T23:58:12.399-0500] {processor.py:830} INFO - Processing file /Users/nestoralfaro/Desktop/pbi-scenario-two/py_env/lib/python3.9/site-packages/airflow/example_dags/example_dag_decorator.py for tasks to queue
[2024-05-01T23:58:12.399-0500] {logging_mixin.py:188} INFO - [2024-05-01T23:58:12.399-0500] {dagbag.py:540} INFO - Filling up the DagBag from /Users/nestoralfaro/Desktop/pbi-scenario-two/py_env/lib/python3.9/site-packages/airflow/example_dags/example_dag_decorator.py
[2024-05-01T23:58:12.487-0500] {processor.py:840} INFO - DAG(s) 'example_dag_decorator' retrieved from /Users/nestoralfaro/Desktop/pbi-scenario-two/py_env/lib/python3.9/site-packages/airflow/example_dags/example_dag_decorator.py
[2024-05-01T23:58:12.558-0500] {logging_mixin.py:188} INFO - [2024-05-01T23:58:12.557-0500] {dag.py:3096} INFO - Sync 1 DAGs
[2024-05-01T23:58:12.561-0500] {logging_mixin.py:188} INFO - [2024-05-01T23:58:12.561-0500] {dag.py:3954} INFO - Setting next_dagrun for example_dag_decorator to None, run_after=None
[2024-05-01T23:58:12.569-0500] {processor.py:183} INFO - Processing /Users/nestoralfaro/Desktop/pbi-scenario-two/py_env/lib/python3.9/site-packages/airflow/example_dags/example_dag_decorator.py took 0.173 seconds
[2024-05-02T00:00:04.294-0500] {processor.py:161} INFO - Started process (PID=35977) to work on /Users/nestoralfaro/Desktop/pbi-scenario-two/py_env/lib/python3.9/site-packages/airflow/example_dags/example_dag_decorator.py
[2024-05-02T00:00:04.297-0500] {processor.py:830} INFO - Processing file /Users/nestoralfaro/Desktop/pbi-scenario-two/py_env/lib/python3.9/site-packages/airflow/example_dags/example_dag_decorator.py for tasks to queue
[2024-05-02T00:00:04.297-0500] {logging_mixin.py:188} INFO - [2024-05-02T00:00:04.297-0500] {dagbag.py:540} INFO - Filling up the DagBag from /Users/nestoralfaro/Desktop/pbi-scenario-two/py_env/lib/python3.9/site-packages/airflow/example_dags/example_dag_decorator.py
[2024-05-02T00:00:04.397-0500] {processor.py:840} INFO - DAG(s) 'example_dag_decorator' retrieved from /Users/nestoralfaro/Desktop/pbi-scenario-two/py_env/lib/python3.9/site-packages/airflow/example_dags/example_dag_decorator.py
[2024-05-02T00:00:04.475-0500] {logging_mixin.py:188} INFO - [2024-05-02T00:00:04.475-0500] {dag.py:3096} INFO - Sync 1 DAGs
[2024-05-02T00:00:04.478-0500] {logging_mixin.py:188} INFO - [2024-05-02T00:00:04.478-0500] {dag.py:3954} INFO - Setting next_dagrun for example_dag_decorator to None, run_after=None
[2024-05-02T00:00:04.486-0500] {processor.py:183} INFO - Processing /Users/nestoralfaro/Desktop/pbi-scenario-two/py_env/lib/python3.9/site-packages/airflow/example_dags/example_dag_decorator.py took 0.192 seconds
[2024-05-02T00:01:58.427-0500] {processor.py:161} INFO - Started process (PID=36059) to work on /Users/nestoralfaro/Desktop/pbi-scenario-two/py_env/lib/python3.9/site-packages/airflow/example_dags/example_dag_decorator.py
[2024-05-02T00:01:58.429-0500] {processor.py:830} INFO - Processing file /Users/nestoralfaro/Desktop/pbi-scenario-two/py_env/lib/python3.9/site-packages/airflow/example_dags/example_dag_decorator.py for tasks to queue
[2024-05-02T00:01:58.429-0500] {logging_mixin.py:188} INFO - [2024-05-02T00:01:58.429-0500] {dagbag.py:540} INFO - Filling up the DagBag from /Users/nestoralfaro/Desktop/pbi-scenario-two/py_env/lib/python3.9/site-packages/airflow/example_dags/example_dag_decorator.py
[2024-05-02T00:01:58.537-0500] {processor.py:840} INFO - DAG(s) 'example_dag_decorator' retrieved from /Users/nestoralfaro/Desktop/pbi-scenario-two/py_env/lib/python3.9/site-packages/airflow/example_dags/example_dag_decorator.py
[2024-05-02T00:01:58.611-0500] {logging_mixin.py:188} INFO - [2024-05-02T00:01:58.610-0500] {dag.py:3096} INFO - Sync 1 DAGs
[2024-05-02T00:01:58.615-0500] {logging_mixin.py:188} INFO - [2024-05-02T00:01:58.615-0500] {dag.py:3954} INFO - Setting next_dagrun for example_dag_decorator to None, run_after=None
[2024-05-02T00:01:58.623-0500] {processor.py:183} INFO - Processing /Users/nestoralfaro/Desktop/pbi-scenario-two/py_env/lib/python3.9/site-packages/airflow/example_dags/example_dag_decorator.py took 0.197 seconds
[2024-05-02T00:03:55.502-0500] {processor.py:161} INFO - Started process (PID=36142) to work on /Users/nestoralfaro/Desktop/pbi-scenario-two/py_env/lib/python3.9/site-packages/airflow/example_dags/example_dag_decorator.py
[2024-05-02T00:03:55.505-0500] {processor.py:830} INFO - Processing file /Users/nestoralfaro/Desktop/pbi-scenario-two/py_env/lib/python3.9/site-packages/airflow/example_dags/example_dag_decorator.py for tasks to queue
[2024-05-02T00:03:55.505-0500] {logging_mixin.py:188} INFO - [2024-05-02T00:03:55.505-0500] {dagbag.py:540} INFO - Filling up the DagBag from /Users/nestoralfaro/Desktop/pbi-scenario-two/py_env/lib/python3.9/site-packages/airflow/example_dags/example_dag_decorator.py
[2024-05-02T00:03:55.624-0500] {processor.py:840} INFO - DAG(s) 'example_dag_decorator' retrieved from /Users/nestoralfaro/Desktop/pbi-scenario-two/py_env/lib/python3.9/site-packages/airflow/example_dags/example_dag_decorator.py
[2024-05-02T00:03:55.716-0500] {logging_mixin.py:188} INFO - [2024-05-02T00:03:55.716-0500] {dag.py:3096} INFO - Sync 1 DAGs
[2024-05-02T00:03:55.720-0500] {logging_mixin.py:188} INFO - [2024-05-02T00:03:55.720-0500] {dag.py:3954} INFO - Setting next_dagrun for example_dag_decorator to None, run_after=None
[2024-05-02T00:03:55.728-0500] {processor.py:183} INFO - Processing /Users/nestoralfaro/Desktop/pbi-scenario-two/py_env/lib/python3.9/site-packages/airflow/example_dags/example_dag_decorator.py took 0.228 seconds
[2024-05-02T00:05:49.507-0500] {processor.py:161} INFO - Started process (PID=36214) to work on /Users/nestoralfaro/Desktop/pbi-scenario-two/py_env/lib/python3.9/site-packages/airflow/example_dags/example_dag_decorator.py
[2024-05-02T00:05:49.509-0500] {processor.py:830} INFO - Processing file /Users/nestoralfaro/Desktop/pbi-scenario-two/py_env/lib/python3.9/site-packages/airflow/example_dags/example_dag_decorator.py for tasks to queue
[2024-05-02T00:05:49.510-0500] {logging_mixin.py:188} INFO - [2024-05-02T00:05:49.510-0500] {dagbag.py:540} INFO - Filling up the DagBag from /Users/nestoralfaro/Desktop/pbi-scenario-two/py_env/lib/python3.9/site-packages/airflow/example_dags/example_dag_decorator.py
[2024-05-02T00:05:49.613-0500] {processor.py:840} INFO - DAG(s) 'example_dag_decorator' retrieved from /Users/nestoralfaro/Desktop/pbi-scenario-two/py_env/lib/python3.9/site-packages/airflow/example_dags/example_dag_decorator.py
[2024-05-02T00:05:49.695-0500] {logging_mixin.py:188} INFO - [2024-05-02T00:05:49.695-0500] {dag.py:3096} INFO - Sync 1 DAGs
[2024-05-02T00:05:49.699-0500] {logging_mixin.py:188} INFO - [2024-05-02T00:05:49.699-0500] {dag.py:3954} INFO - Setting next_dagrun for example_dag_decorator to None, run_after=None
[2024-05-02T00:05:49.707-0500] {processor.py:183} INFO - Processing /Users/nestoralfaro/Desktop/pbi-scenario-two/py_env/lib/python3.9/site-packages/airflow/example_dags/example_dag_decorator.py took 0.201 seconds
[2024-05-02T00:07:36.955-0500] {processor.py:161} INFO - Started process (PID=36300) to work on /Users/nestoralfaro/Desktop/pbi-scenario-two/py_env/lib/python3.9/site-packages/airflow/example_dags/example_dag_decorator.py
[2024-05-02T00:07:36.957-0500] {processor.py:830} INFO - Processing file /Users/nestoralfaro/Desktop/pbi-scenario-two/py_env/lib/python3.9/site-packages/airflow/example_dags/example_dag_decorator.py for tasks to queue
[2024-05-02T00:07:36.957-0500] {logging_mixin.py:188} INFO - [2024-05-02T00:07:36.957-0500] {dagbag.py:540} INFO - Filling up the DagBag from /Users/nestoralfaro/Desktop/pbi-scenario-two/py_env/lib/python3.9/site-packages/airflow/example_dags/example_dag_decorator.py
[2024-05-02T00:07:37.058-0500] {processor.py:840} INFO - DAG(s) 'example_dag_decorator' retrieved from /Users/nestoralfaro/Desktop/pbi-scenario-two/py_env/lib/python3.9/site-packages/airflow/example_dags/example_dag_decorator.py
[2024-05-02T00:07:37.135-0500] {logging_mixin.py:188} INFO - [2024-05-02T00:07:37.135-0500] {dag.py:3096} INFO - Sync 1 DAGs
[2024-05-02T00:07:37.138-0500] {logging_mixin.py:188} INFO - [2024-05-02T00:07:37.138-0500] {dag.py:3954} INFO - Setting next_dagrun for example_dag_decorator to None, run_after=None
[2024-05-02T00:07:37.146-0500] {processor.py:183} INFO - Processing /Users/nestoralfaro/Desktop/pbi-scenario-two/py_env/lib/python3.9/site-packages/airflow/example_dags/example_dag_decorator.py took 0.193 seconds
[2024-05-02T00:09:30.631-0500] {processor.py:161} INFO - Started process (PID=36368) to work on /Users/nestoralfaro/Desktop/pbi-scenario-two/py_env/lib/python3.9/site-packages/airflow/example_dags/example_dag_decorator.py
[2024-05-02T00:09:30.633-0500] {processor.py:830} INFO - Processing file /Users/nestoralfaro/Desktop/pbi-scenario-two/py_env/lib/python3.9/site-packages/airflow/example_dags/example_dag_decorator.py for tasks to queue
[2024-05-02T00:09:30.634-0500] {logging_mixin.py:188} INFO - [2024-05-02T00:09:30.634-0500] {dagbag.py:540} INFO - Filling up the DagBag from /Users/nestoralfaro/Desktop/pbi-scenario-two/py_env/lib/python3.9/site-packages/airflow/example_dags/example_dag_decorator.py
[2024-05-02T00:09:30.735-0500] {processor.py:840} INFO - DAG(s) 'example_dag_decorator' retrieved from /Users/nestoralfaro/Desktop/pbi-scenario-two/py_env/lib/python3.9/site-packages/airflow/example_dags/example_dag_decorator.py
[2024-05-02T00:09:30.813-0500] {logging_mixin.py:188} INFO - [2024-05-02T00:09:30.813-0500] {dag.py:3096} INFO - Sync 1 DAGs
[2024-05-02T00:09:30.816-0500] {logging_mixin.py:188} INFO - [2024-05-02T00:09:30.816-0500] {dag.py:3954} INFO - Setting next_dagrun for example_dag_decorator to None, run_after=None
[2024-05-02T00:09:30.824-0500] {processor.py:183} INFO - Processing /Users/nestoralfaro/Desktop/pbi-scenario-two/py_env/lib/python3.9/site-packages/airflow/example_dags/example_dag_decorator.py took 0.194 seconds
[2024-05-02T00:12:06.313-0500] {processor.py:161} INFO - Started process (PID=36480) to work on /Users/nestoralfaro/Desktop/pbi-scenario-two/py_env/lib/python3.9/site-packages/airflow/example_dags/example_dag_decorator.py
[2024-05-02T00:12:06.315-0500] {processor.py:830} INFO - Processing file /Users/nestoralfaro/Desktop/pbi-scenario-two/py_env/lib/python3.9/site-packages/airflow/example_dags/example_dag_decorator.py for tasks to queue
[2024-05-02T00:12:06.315-0500] {logging_mixin.py:188} INFO - [2024-05-02T00:12:06.315-0500] {dagbag.py:540} INFO - Filling up the DagBag from /Users/nestoralfaro/Desktop/pbi-scenario-two/py_env/lib/python3.9/site-packages/airflow/example_dags/example_dag_decorator.py
[2024-05-02T00:12:06.409-0500] {processor.py:840} INFO - DAG(s) 'example_dag_decorator' retrieved from /Users/nestoralfaro/Desktop/pbi-scenario-two/py_env/lib/python3.9/site-packages/airflow/example_dags/example_dag_decorator.py
[2024-05-02T00:12:06.487-0500] {logging_mixin.py:188} INFO - [2024-05-02T00:12:06.486-0500] {dag.py:3096} INFO - Sync 1 DAGs
[2024-05-02T00:12:06.490-0500] {logging_mixin.py:188} INFO - [2024-05-02T00:12:06.490-0500] {dag.py:3954} INFO - Setting next_dagrun for example_dag_decorator to None, run_after=None
[2024-05-02T00:12:06.497-0500] {processor.py:183} INFO - Processing /Users/nestoralfaro/Desktop/pbi-scenario-two/py_env/lib/python3.9/site-packages/airflow/example_dags/example_dag_decorator.py took 0.185 seconds
[2024-05-02T00:14:00.278-0500] {processor.py:161} INFO - Started process (PID=36564) to work on /Users/nestoralfaro/Desktop/pbi-scenario-two/py_env/lib/python3.9/site-packages/airflow/example_dags/example_dag_decorator.py
[2024-05-02T00:14:00.280-0500] {processor.py:830} INFO - Processing file /Users/nestoralfaro/Desktop/pbi-scenario-two/py_env/lib/python3.9/site-packages/airflow/example_dags/example_dag_decorator.py for tasks to queue
[2024-05-02T00:14:00.280-0500] {logging_mixin.py:188} INFO - [2024-05-02T00:14:00.280-0500] {dagbag.py:540} INFO - Filling up the DagBag from /Users/nestoralfaro/Desktop/pbi-scenario-two/py_env/lib/python3.9/site-packages/airflow/example_dags/example_dag_decorator.py
[2024-05-02T00:14:00.382-0500] {processor.py:840} INFO - DAG(s) 'example_dag_decorator' retrieved from /Users/nestoralfaro/Desktop/pbi-scenario-two/py_env/lib/python3.9/site-packages/airflow/example_dags/example_dag_decorator.py
[2024-05-02T00:14:00.465-0500] {logging_mixin.py:188} INFO - [2024-05-02T00:14:00.465-0500] {dag.py:3096} INFO - Sync 1 DAGs
[2024-05-02T00:14:00.469-0500] {logging_mixin.py:188} INFO - [2024-05-02T00:14:00.469-0500] {dag.py:3954} INFO - Setting next_dagrun for example_dag_decorator to None, run_after=None
[2024-05-02T00:14:00.478-0500] {processor.py:183} INFO - Processing /Users/nestoralfaro/Desktop/pbi-scenario-two/py_env/lib/python3.9/site-packages/airflow/example_dags/example_dag_decorator.py took 0.201 seconds
[2024-05-02T00:16:00.054-0500] {processor.py:161} INFO - Started process (PID=36645) to work on /Users/nestoralfaro/Desktop/pbi-scenario-two/py_env/lib/python3.9/site-packages/airflow/example_dags/example_dag_decorator.py
[2024-05-02T00:16:00.057-0500] {processor.py:830} INFO - Processing file /Users/nestoralfaro/Desktop/pbi-scenario-two/py_env/lib/python3.9/site-packages/airflow/example_dags/example_dag_decorator.py for tasks to queue
[2024-05-02T00:16:00.057-0500] {logging_mixin.py:188} INFO - [2024-05-02T00:16:00.057-0500] {dagbag.py:540} INFO - Filling up the DagBag from /Users/nestoralfaro/Desktop/pbi-scenario-two/py_env/lib/python3.9/site-packages/airflow/example_dags/example_dag_decorator.py
[2024-05-02T00:16:00.164-0500] {processor.py:840} INFO - DAG(s) 'example_dag_decorator' retrieved from /Users/nestoralfaro/Desktop/pbi-scenario-two/py_env/lib/python3.9/site-packages/airflow/example_dags/example_dag_decorator.py
[2024-05-02T00:16:00.253-0500] {logging_mixin.py:188} INFO - [2024-05-02T00:16:00.252-0500] {dag.py:3096} INFO - Sync 1 DAGs
[2024-05-02T00:16:00.256-0500] {logging_mixin.py:188} INFO - [2024-05-02T00:16:00.256-0500] {dag.py:3954} INFO - Setting next_dagrun for example_dag_decorator to None, run_after=None
[2024-05-02T00:16:00.264-0500] {processor.py:183} INFO - Processing /Users/nestoralfaro/Desktop/pbi-scenario-two/py_env/lib/python3.9/site-packages/airflow/example_dags/example_dag_decorator.py took 0.210 seconds
[2024-05-02T00:17:56.905-0500] {processor.py:161} INFO - Started process (PID=36720) to work on /Users/nestoralfaro/Desktop/pbi-scenario-two/py_env/lib/python3.9/site-packages/airflow/example_dags/example_dag_decorator.py
[2024-05-02T00:17:56.907-0500] {processor.py:830} INFO - Processing file /Users/nestoralfaro/Desktop/pbi-scenario-two/py_env/lib/python3.9/site-packages/airflow/example_dags/example_dag_decorator.py for tasks to queue
[2024-05-02T00:17:56.908-0500] {logging_mixin.py:188} INFO - [2024-05-02T00:17:56.908-0500] {dagbag.py:540} INFO - Filling up the DagBag from /Users/nestoralfaro/Desktop/pbi-scenario-two/py_env/lib/python3.9/site-packages/airflow/example_dags/example_dag_decorator.py
[2024-05-02T00:17:57.018-0500] {processor.py:840} INFO - DAG(s) 'example_dag_decorator' retrieved from /Users/nestoralfaro/Desktop/pbi-scenario-two/py_env/lib/python3.9/site-packages/airflow/example_dags/example_dag_decorator.py
[2024-05-02T00:17:57.108-0500] {logging_mixin.py:188} INFO - [2024-05-02T00:17:57.107-0500] {dag.py:3096} INFO - Sync 1 DAGs
[2024-05-02T00:17:57.112-0500] {logging_mixin.py:188} INFO - [2024-05-02T00:17:57.112-0500] {dag.py:3954} INFO - Setting next_dagrun for example_dag_decorator to None, run_after=None
[2024-05-02T00:17:57.122-0500] {processor.py:183} INFO - Processing /Users/nestoralfaro/Desktop/pbi-scenario-two/py_env/lib/python3.9/site-packages/airflow/example_dags/example_dag_decorator.py took 0.218 seconds
[2024-05-02T00:19:54.171-0500] {processor.py:161} INFO - Started process (PID=36830) to work on /Users/nestoralfaro/Desktop/pbi-scenario-two/py_env/lib/python3.9/site-packages/airflow/example_dags/example_dag_decorator.py
[2024-05-02T00:19:54.174-0500] {processor.py:830} INFO - Processing file /Users/nestoralfaro/Desktop/pbi-scenario-two/py_env/lib/python3.9/site-packages/airflow/example_dags/example_dag_decorator.py for tasks to queue
[2024-05-02T00:19:54.174-0500] {logging_mixin.py:188} INFO - [2024-05-02T00:19:54.174-0500] {dagbag.py:540} INFO - Filling up the DagBag from /Users/nestoralfaro/Desktop/pbi-scenario-two/py_env/lib/python3.9/site-packages/airflow/example_dags/example_dag_decorator.py
[2024-05-02T00:19:54.276-0500] {processor.py:840} INFO - DAG(s) 'example_dag_decorator' retrieved from /Users/nestoralfaro/Desktop/pbi-scenario-two/py_env/lib/python3.9/site-packages/airflow/example_dags/example_dag_decorator.py
[2024-05-02T00:19:54.355-0500] {logging_mixin.py:188} INFO - [2024-05-02T00:19:54.355-0500] {dag.py:3096} INFO - Sync 1 DAGs
[2024-05-02T00:19:54.359-0500] {logging_mixin.py:188} INFO - [2024-05-02T00:19:54.359-0500] {dag.py:3954} INFO - Setting next_dagrun for example_dag_decorator to None, run_after=None
[2024-05-02T00:19:54.367-0500] {processor.py:183} INFO - Processing /Users/nestoralfaro/Desktop/pbi-scenario-two/py_env/lib/python3.9/site-packages/airflow/example_dags/example_dag_decorator.py took 0.197 seconds
[2024-05-02T00:21:47.914-0500] {processor.py:161} INFO - Started process (PID=36911) to work on /Users/nestoralfaro/Desktop/pbi-scenario-two/py_env/lib/python3.9/site-packages/airflow/example_dags/example_dag_decorator.py
[2024-05-02T00:21:47.916-0500] {processor.py:830} INFO - Processing file /Users/nestoralfaro/Desktop/pbi-scenario-two/py_env/lib/python3.9/site-packages/airflow/example_dags/example_dag_decorator.py for tasks to queue
[2024-05-02T00:21:47.916-0500] {logging_mixin.py:188} INFO - [2024-05-02T00:21:47.916-0500] {dagbag.py:540} INFO - Filling up the DagBag from /Users/nestoralfaro/Desktop/pbi-scenario-two/py_env/lib/python3.9/site-packages/airflow/example_dags/example_dag_decorator.py
[2024-05-02T00:21:48.008-0500] {processor.py:840} INFO - DAG(s) 'example_dag_decorator' retrieved from /Users/nestoralfaro/Desktop/pbi-scenario-two/py_env/lib/python3.9/site-packages/airflow/example_dags/example_dag_decorator.py
[2024-05-02T00:21:48.081-0500] {logging_mixin.py:188} INFO - [2024-05-02T00:21:48.081-0500] {dag.py:3096} INFO - Sync 1 DAGs
[2024-05-02T00:21:48.085-0500] {logging_mixin.py:188} INFO - [2024-05-02T00:21:48.085-0500] {dag.py:3954} INFO - Setting next_dagrun for example_dag_decorator to None, run_after=None
[2024-05-02T00:21:48.093-0500] {processor.py:183} INFO - Processing /Users/nestoralfaro/Desktop/pbi-scenario-two/py_env/lib/python3.9/site-packages/airflow/example_dags/example_dag_decorator.py took 0.180 seconds
[2024-05-02T00:23:41.297-0500] {processor.py:161} INFO - Started process (PID=37023) to work on /Users/nestoralfaro/Desktop/pbi-scenario-two/py_env/lib/python3.9/site-packages/airflow/example_dags/example_dag_decorator.py
[2024-05-02T00:23:41.298-0500] {processor.py:830} INFO - Processing file /Users/nestoralfaro/Desktop/pbi-scenario-two/py_env/lib/python3.9/site-packages/airflow/example_dags/example_dag_decorator.py for tasks to queue
[2024-05-02T00:23:41.298-0500] {logging_mixin.py:188} INFO - [2024-05-02T00:23:41.298-0500] {dagbag.py:540} INFO - Filling up the DagBag from /Users/nestoralfaro/Desktop/pbi-scenario-two/py_env/lib/python3.9/site-packages/airflow/example_dags/example_dag_decorator.py
[2024-05-02T00:23:41.407-0500] {processor.py:840} INFO - DAG(s) 'example_dag_decorator' retrieved from /Users/nestoralfaro/Desktop/pbi-scenario-two/py_env/lib/python3.9/site-packages/airflow/example_dags/example_dag_decorator.py
[2024-05-02T00:23:41.485-0500] {logging_mixin.py:188} INFO - [2024-05-02T00:23:41.484-0500] {dag.py:3096} INFO - Sync 1 DAGs
[2024-05-02T00:23:41.488-0500] {logging_mixin.py:188} INFO - [2024-05-02T00:23:41.488-0500] {dag.py:3954} INFO - Setting next_dagrun for example_dag_decorator to None, run_after=None
[2024-05-02T00:23:41.495-0500] {processor.py:183} INFO - Processing /Users/nestoralfaro/Desktop/pbi-scenario-two/py_env/lib/python3.9/site-packages/airflow/example_dags/example_dag_decorator.py took 0.200 seconds
