[2024-05-01T23:31:22.291-0500] {processor.py:161} INFO - Started process (PID=34782) to work on /Users/nestoralfaro/Desktop/pbi-scenario-two/py_env/lib/python3.9/site-packages/airflow/example_dags/example_branch_labels.py
[2024-05-01T23:31:22.293-0500] {processor.py:830} INFO - Processing file /Users/nestoralfaro/Desktop/pbi-scenario-two/py_env/lib/python3.9/site-packages/airflow/example_dags/example_branch_labels.py for tasks to queue
[2024-05-01T23:31:22.293-0500] {logging_mixin.py:188} INFO - [2024-05-01T23:31:22.293-0500] {dagbag.py:540} INFO - Filling up the DagBag from /Users/nestoralfaro/Desktop/pbi-scenario-two/py_env/lib/python3.9/site-packages/airflow/example_dags/example_branch_labels.py
[2024-05-01T23:31:22.298-0500] {processor.py:840} INFO - DAG(s) 'example_branch_labels' retrieved from /Users/nestoralfaro/Desktop/pbi-scenario-two/py_env/lib/python3.9/site-packages/airflow/example_dags/example_branch_labels.py
[2024-05-01T23:31:22.399-0500] {logging_mixin.py:188} INFO - [2024-05-01T23:31:22.399-0500] {dag.py:3096} INFO - Sync 1 DAGs
[2024-05-01T23:31:22.407-0500] {logging_mixin.py:188} INFO - [2024-05-01T23:31:22.407-0500] {dag.py:3954} INFO - Setting next_dagrun for example_branch_labels to 2024-05-01 00:00:00+00:00, run_after=2024-05-02 00:00:00+00:00
[2024-05-01T23:31:22.414-0500] {processor.py:183} INFO - Processing /Users/nestoralfaro/Desktop/pbi-scenario-two/py_env/lib/python3.9/site-packages/airflow/example_dags/example_branch_labels.py took 0.125 seconds
[2024-05-01T23:33:28.254-0500] {processor.py:161} INFO - Started process (PID=34890) to work on /Users/nestoralfaro/Desktop/pbi-scenario-two/py_env/lib/python3.9/site-packages/airflow/example_dags/example_branch_labels.py
[2024-05-01T23:33:28.256-0500] {processor.py:830} INFO - Processing file /Users/nestoralfaro/Desktop/pbi-scenario-two/py_env/lib/python3.9/site-packages/airflow/example_dags/example_branch_labels.py for tasks to queue
[2024-05-01T23:33:28.257-0500] {logging_mixin.py:188} INFO - [2024-05-01T23:33:28.256-0500] {dagbag.py:540} INFO - Filling up the DagBag from /Users/nestoralfaro/Desktop/pbi-scenario-two/py_env/lib/python3.9/site-packages/airflow/example_dags/example_branch_labels.py
[2024-05-01T23:33:28.261-0500] {processor.py:840} INFO - DAG(s) 'example_branch_labels' retrieved from /Users/nestoralfaro/Desktop/pbi-scenario-two/py_env/lib/python3.9/site-packages/airflow/example_dags/example_branch_labels.py
[2024-05-01T23:33:28.308-0500] {logging_mixin.py:188} INFO - [2024-05-01T23:33:28.308-0500] {dag.py:3096} INFO - Sync 1 DAGs
[2024-05-01T23:33:28.315-0500] {logging_mixin.py:188} INFO - [2024-05-01T23:33:28.315-0500] {dag.py:3954} INFO - Setting next_dagrun for example_branch_labels to 2024-05-01 00:00:00+00:00, run_after=2024-05-02 00:00:00+00:00
[2024-05-01T23:33:28.323-0500] {processor.py:183} INFO - Processing /Users/nestoralfaro/Desktop/pbi-scenario-two/py_env/lib/python3.9/site-packages/airflow/example_dags/example_branch_labels.py took 0.070 seconds
[2024-05-01T23:35:24.176-0500] {processor.py:161} INFO - Started process (PID=34960) to work on /Users/nestoralfaro/Desktop/pbi-scenario-two/py_env/lib/python3.9/site-packages/airflow/example_dags/example_branch_labels.py
[2024-05-01T23:35:24.178-0500] {processor.py:830} INFO - Processing file /Users/nestoralfaro/Desktop/pbi-scenario-two/py_env/lib/python3.9/site-packages/airflow/example_dags/example_branch_labels.py for tasks to queue
[2024-05-01T23:35:24.178-0500] {logging_mixin.py:188} INFO - [2024-05-01T23:35:24.178-0500] {dagbag.py:540} INFO - Filling up the DagBag from /Users/nestoralfaro/Desktop/pbi-scenario-two/py_env/lib/python3.9/site-packages/airflow/example_dags/example_branch_labels.py
[2024-05-01T23:35:24.184-0500] {processor.py:840} INFO - DAG(s) 'example_branch_labels' retrieved from /Users/nestoralfaro/Desktop/pbi-scenario-two/py_env/lib/python3.9/site-packages/airflow/example_dags/example_branch_labels.py
[2024-05-01T23:35:24.229-0500] {logging_mixin.py:188} INFO - [2024-05-01T23:35:24.228-0500] {dag.py:3096} INFO - Sync 1 DAGs
[2024-05-01T23:35:24.236-0500] {logging_mixin.py:188} INFO - [2024-05-01T23:35:24.236-0500] {dag.py:3954} INFO - Setting next_dagrun for example_branch_labels to 2024-05-01 00:00:00+00:00, run_after=2024-05-02 00:00:00+00:00
[2024-05-01T23:35:24.243-0500] {processor.py:183} INFO - Processing /Users/nestoralfaro/Desktop/pbi-scenario-two/py_env/lib/python3.9/site-packages/airflow/example_dags/example_branch_labels.py took 0.068 seconds
[2024-05-01T23:37:17.896-0500] {processor.py:161} INFO - Started process (PID=35029) to work on /Users/nestoralfaro/Desktop/pbi-scenario-two/py_env/lib/python3.9/site-packages/airflow/example_dags/example_branch_labels.py
[2024-05-01T23:37:17.898-0500] {processor.py:830} INFO - Processing file /Users/nestoralfaro/Desktop/pbi-scenario-two/py_env/lib/python3.9/site-packages/airflow/example_dags/example_branch_labels.py for tasks to queue
[2024-05-01T23:37:17.898-0500] {logging_mixin.py:188} INFO - [2024-05-01T23:37:17.898-0500] {dagbag.py:540} INFO - Filling up the DagBag from /Users/nestoralfaro/Desktop/pbi-scenario-two/py_env/lib/python3.9/site-packages/airflow/example_dags/example_branch_labels.py
[2024-05-01T23:37:17.903-0500] {processor.py:840} INFO - DAG(s) 'example_branch_labels' retrieved from /Users/nestoralfaro/Desktop/pbi-scenario-two/py_env/lib/python3.9/site-packages/airflow/example_dags/example_branch_labels.py
[2024-05-01T23:37:17.947-0500] {logging_mixin.py:188} INFO - [2024-05-01T23:37:17.947-0500] {dag.py:3096} INFO - Sync 1 DAGs
[2024-05-01T23:37:17.954-0500] {logging_mixin.py:188} INFO - [2024-05-01T23:37:17.954-0500] {dag.py:3954} INFO - Setting next_dagrun for example_branch_labels to 2024-05-01 00:00:00+00:00, run_after=2024-05-02 00:00:00+00:00
[2024-05-01T23:37:17.961-0500] {processor.py:183} INFO - Processing /Users/nestoralfaro/Desktop/pbi-scenario-two/py_env/lib/python3.9/site-packages/airflow/example_dags/example_branch_labels.py took 0.066 seconds
[2024-05-01T23:39:12.706-0500] {processor.py:161} INFO - Started process (PID=35099) to work on /Users/nestoralfaro/Desktop/pbi-scenario-two/py_env/lib/python3.9/site-packages/airflow/example_dags/example_branch_labels.py
[2024-05-01T23:39:12.708-0500] {processor.py:830} INFO - Processing file /Users/nestoralfaro/Desktop/pbi-scenario-two/py_env/lib/python3.9/site-packages/airflow/example_dags/example_branch_labels.py for tasks to queue
[2024-05-01T23:39:12.708-0500] {logging_mixin.py:188} INFO - [2024-05-01T23:39:12.708-0500] {dagbag.py:540} INFO - Filling up the DagBag from /Users/nestoralfaro/Desktop/pbi-scenario-two/py_env/lib/python3.9/site-packages/airflow/example_dags/example_branch_labels.py
[2024-05-01T23:39:12.712-0500] {processor.py:840} INFO - DAG(s) 'example_branch_labels' retrieved from /Users/nestoralfaro/Desktop/pbi-scenario-two/py_env/lib/python3.9/site-packages/airflow/example_dags/example_branch_labels.py
[2024-05-01T23:39:12.758-0500] {logging_mixin.py:188} INFO - [2024-05-01T23:39:12.758-0500] {dag.py:3096} INFO - Sync 1 DAGs
[2024-05-01T23:39:12.765-0500] {logging_mixin.py:188} INFO - [2024-05-01T23:39:12.765-0500] {dag.py:3954} INFO - Setting next_dagrun for example_branch_labels to 2024-05-01 00:00:00+00:00, run_after=2024-05-02 00:00:00+00:00
[2024-05-01T23:39:12.773-0500] {processor.py:183} INFO - Processing /Users/nestoralfaro/Desktop/pbi-scenario-two/py_env/lib/python3.9/site-packages/airflow/example_dags/example_branch_labels.py took 0.068 seconds
[2024-05-01T23:41:06.025-0500] {processor.py:161} INFO - Started process (PID=35189) to work on /Users/nestoralfaro/Desktop/pbi-scenario-two/py_env/lib/python3.9/site-packages/airflow/example_dags/example_branch_labels.py
[2024-05-01T23:41:06.026-0500] {processor.py:830} INFO - Processing file /Users/nestoralfaro/Desktop/pbi-scenario-two/py_env/lib/python3.9/site-packages/airflow/example_dags/example_branch_labels.py for tasks to queue
[2024-05-01T23:41:06.027-0500] {logging_mixin.py:188} INFO - [2024-05-01T23:41:06.027-0500] {dagbag.py:540} INFO - Filling up the DagBag from /Users/nestoralfaro/Desktop/pbi-scenario-two/py_env/lib/python3.9/site-packages/airflow/example_dags/example_branch_labels.py
[2024-05-01T23:41:06.031-0500] {processor.py:840} INFO - DAG(s) 'example_branch_labels' retrieved from /Users/nestoralfaro/Desktop/pbi-scenario-two/py_env/lib/python3.9/site-packages/airflow/example_dags/example_branch_labels.py
[2024-05-01T23:41:06.078-0500] {logging_mixin.py:188} INFO - [2024-05-01T23:41:06.078-0500] {dag.py:3096} INFO - Sync 1 DAGs
[2024-05-01T23:41:06.086-0500] {logging_mixin.py:188} INFO - [2024-05-01T23:41:06.085-0500] {dag.py:3954} INFO - Setting next_dagrun for example_branch_labels to 2024-05-01 00:00:00+00:00, run_after=2024-05-02 00:00:00+00:00
[2024-05-01T23:41:06.094-0500] {processor.py:183} INFO - Processing /Users/nestoralfaro/Desktop/pbi-scenario-two/py_env/lib/python3.9/site-packages/airflow/example_dags/example_branch_labels.py took 0.070 seconds
[2024-05-01T23:43:08.192-0500] {processor.py:161} INFO - Started process (PID=35293) to work on /Users/nestoralfaro/Desktop/pbi-scenario-two/py_env/lib/python3.9/site-packages/airflow/example_dags/example_branch_labels.py
[2024-05-01T23:43:08.193-0500] {processor.py:830} INFO - Processing file /Users/nestoralfaro/Desktop/pbi-scenario-two/py_env/lib/python3.9/site-packages/airflow/example_dags/example_branch_labels.py for tasks to queue
[2024-05-01T23:43:08.194-0500] {logging_mixin.py:188} INFO - [2024-05-01T23:43:08.194-0500] {dagbag.py:540} INFO - Filling up the DagBag from /Users/nestoralfaro/Desktop/pbi-scenario-two/py_env/lib/python3.9/site-packages/airflow/example_dags/example_branch_labels.py
[2024-05-01T23:43:08.198-0500] {processor.py:840} INFO - DAG(s) 'example_branch_labels' retrieved from /Users/nestoralfaro/Desktop/pbi-scenario-two/py_env/lib/python3.9/site-packages/airflow/example_dags/example_branch_labels.py
[2024-05-01T23:43:08.242-0500] {logging_mixin.py:188} INFO - [2024-05-01T23:43:08.242-0500] {dag.py:3096} INFO - Sync 1 DAGs
[2024-05-01T23:43:08.248-0500] {logging_mixin.py:188} INFO - [2024-05-01T23:43:08.248-0500] {dag.py:3954} INFO - Setting next_dagrun for example_branch_labels to 2024-05-01 00:00:00+00:00, run_after=2024-05-02 00:00:00+00:00
[2024-05-01T23:43:08.255-0500] {processor.py:183} INFO - Processing /Users/nestoralfaro/Desktop/pbi-scenario-two/py_env/lib/python3.9/site-packages/airflow/example_dags/example_branch_labels.py took 0.065 seconds
[2024-05-01T23:45:06.689-0500] {processor.py:161} INFO - Started process (PID=35377) to work on /Users/nestoralfaro/Desktop/pbi-scenario-two/py_env/lib/python3.9/site-packages/airflow/example_dags/example_branch_labels.py
[2024-05-01T23:45:06.690-0500] {processor.py:830} INFO - Processing file /Users/nestoralfaro/Desktop/pbi-scenario-two/py_env/lib/python3.9/site-packages/airflow/example_dags/example_branch_labels.py for tasks to queue
[2024-05-01T23:45:06.691-0500] {logging_mixin.py:188} INFO - [2024-05-01T23:45:06.691-0500] {dagbag.py:540} INFO - Filling up the DagBag from /Users/nestoralfaro/Desktop/pbi-scenario-two/py_env/lib/python3.9/site-packages/airflow/example_dags/example_branch_labels.py
[2024-05-01T23:45:06.695-0500] {processor.py:840} INFO - DAG(s) 'example_branch_labels' retrieved from /Users/nestoralfaro/Desktop/pbi-scenario-two/py_env/lib/python3.9/site-packages/airflow/example_dags/example_branch_labels.py
[2024-05-01T23:45:06.737-0500] {logging_mixin.py:188} INFO - [2024-05-01T23:45:06.737-0500] {dag.py:3096} INFO - Sync 1 DAGs
[2024-05-01T23:45:06.743-0500] {logging_mixin.py:188} INFO - [2024-05-01T23:45:06.743-0500] {dag.py:3954} INFO - Setting next_dagrun for example_branch_labels to 2024-05-01 00:00:00+00:00, run_after=2024-05-02 00:00:00+00:00
[2024-05-01T23:45:06.750-0500] {processor.py:183} INFO - Processing /Users/nestoralfaro/Desktop/pbi-scenario-two/py_env/lib/python3.9/site-packages/airflow/example_dags/example_branch_labels.py took 0.062 seconds
[2024-05-01T23:46:59.386-0500] {processor.py:161} INFO - Started process (PID=35445) to work on /Users/nestoralfaro/Desktop/pbi-scenario-two/py_env/lib/python3.9/site-packages/airflow/example_dags/example_branch_labels.py
[2024-05-01T23:46:59.388-0500] {processor.py:830} INFO - Processing file /Users/nestoralfaro/Desktop/pbi-scenario-two/py_env/lib/python3.9/site-packages/airflow/example_dags/example_branch_labels.py for tasks to queue
[2024-05-01T23:46:59.389-0500] {logging_mixin.py:188} INFO - [2024-05-01T23:46:59.389-0500] {dagbag.py:540} INFO - Filling up the DagBag from /Users/nestoralfaro/Desktop/pbi-scenario-two/py_env/lib/python3.9/site-packages/airflow/example_dags/example_branch_labels.py
[2024-05-01T23:46:59.393-0500] {processor.py:840} INFO - DAG(s) 'example_branch_labels' retrieved from /Users/nestoralfaro/Desktop/pbi-scenario-two/py_env/lib/python3.9/site-packages/airflow/example_dags/example_branch_labels.py
[2024-05-01T23:46:59.435-0500] {logging_mixin.py:188} INFO - [2024-05-01T23:46:59.434-0500] {dag.py:3096} INFO - Sync 1 DAGs
[2024-05-01T23:46:59.441-0500] {logging_mixin.py:188} INFO - [2024-05-01T23:46:59.441-0500] {dag.py:3954} INFO - Setting next_dagrun for example_branch_labels to 2024-05-01 00:00:00+00:00, run_after=2024-05-02 00:00:00+00:00
[2024-05-01T23:46:59.448-0500] {processor.py:183} INFO - Processing /Users/nestoralfaro/Desktop/pbi-scenario-two/py_env/lib/python3.9/site-packages/airflow/example_dags/example_branch_labels.py took 0.063 seconds
[2024-05-01T23:48:49.669-0500] {processor.py:161} INFO - Started process (PID=35532) to work on /Users/nestoralfaro/Desktop/pbi-scenario-two/py_env/lib/python3.9/site-packages/airflow/example_dags/example_branch_labels.py
[2024-05-01T23:48:49.670-0500] {processor.py:830} INFO - Processing file /Users/nestoralfaro/Desktop/pbi-scenario-two/py_env/lib/python3.9/site-packages/airflow/example_dags/example_branch_labels.py for tasks to queue
[2024-05-01T23:48:49.671-0500] {logging_mixin.py:188} INFO - [2024-05-01T23:48:49.671-0500] {dagbag.py:540} INFO - Filling up the DagBag from /Users/nestoralfaro/Desktop/pbi-scenario-two/py_env/lib/python3.9/site-packages/airflow/example_dags/example_branch_labels.py
[2024-05-01T23:48:49.676-0500] {processor.py:840} INFO - DAG(s) 'example_branch_labels' retrieved from /Users/nestoralfaro/Desktop/pbi-scenario-two/py_env/lib/python3.9/site-packages/airflow/example_dags/example_branch_labels.py
[2024-05-01T23:48:49.722-0500] {logging_mixin.py:188} INFO - [2024-05-01T23:48:49.721-0500] {dag.py:3096} INFO - Sync 1 DAGs
[2024-05-01T23:48:49.730-0500] {logging_mixin.py:188} INFO - [2024-05-01T23:48:49.730-0500] {dag.py:3954} INFO - Setting next_dagrun for example_branch_labels to 2024-05-01 00:00:00+00:00, run_after=2024-05-02 00:00:00+00:00
[2024-05-01T23:48:49.738-0500] {processor.py:183} INFO - Processing /Users/nestoralfaro/Desktop/pbi-scenario-two/py_env/lib/python3.9/site-packages/airflow/example_dags/example_branch_labels.py took 0.071 seconds
[2024-05-01T23:50:47.551-0500] {processor.py:161} INFO - Started process (PID=35604) to work on /Users/nestoralfaro/Desktop/pbi-scenario-two/py_env/lib/python3.9/site-packages/airflow/example_dags/example_branch_labels.py
[2024-05-01T23:50:47.554-0500] {processor.py:830} INFO - Processing file /Users/nestoralfaro/Desktop/pbi-scenario-two/py_env/lib/python3.9/site-packages/airflow/example_dags/example_branch_labels.py for tasks to queue
[2024-05-01T23:50:47.554-0500] {logging_mixin.py:188} INFO - [2024-05-01T23:50:47.554-0500] {dagbag.py:540} INFO - Filling up the DagBag from /Users/nestoralfaro/Desktop/pbi-scenario-two/py_env/lib/python3.9/site-packages/airflow/example_dags/example_branch_labels.py
[2024-05-01T23:50:47.558-0500] {processor.py:840} INFO - DAG(s) 'example_branch_labels' retrieved from /Users/nestoralfaro/Desktop/pbi-scenario-two/py_env/lib/python3.9/site-packages/airflow/example_dags/example_branch_labels.py
[2024-05-01T23:50:47.602-0500] {logging_mixin.py:188} INFO - [2024-05-01T23:50:47.602-0500] {dag.py:3096} INFO - Sync 1 DAGs
[2024-05-01T23:50:47.608-0500] {logging_mixin.py:188} INFO - [2024-05-01T23:50:47.608-0500] {dag.py:3954} INFO - Setting next_dagrun for example_branch_labels to 2024-05-01 00:00:00+00:00, run_after=2024-05-02 00:00:00+00:00
[2024-05-01T23:50:47.615-0500] {processor.py:183} INFO - Processing /Users/nestoralfaro/Desktop/pbi-scenario-two/py_env/lib/python3.9/site-packages/airflow/example_dags/example_branch_labels.py took 0.065 seconds
[2024-05-01T23:52:40.832-0500] {processor.py:161} INFO - Started process (PID=35689) to work on /Users/nestoralfaro/Desktop/pbi-scenario-two/py_env/lib/python3.9/site-packages/airflow/example_dags/example_branch_labels.py
[2024-05-01T23:52:40.833-0500] {processor.py:830} INFO - Processing file /Users/nestoralfaro/Desktop/pbi-scenario-two/py_env/lib/python3.9/site-packages/airflow/example_dags/example_branch_labels.py for tasks to queue
[2024-05-01T23:52:40.834-0500] {logging_mixin.py:188} INFO - [2024-05-01T23:52:40.834-0500] {dagbag.py:540} INFO - Filling up the DagBag from /Users/nestoralfaro/Desktop/pbi-scenario-two/py_env/lib/python3.9/site-packages/airflow/example_dags/example_branch_labels.py
[2024-05-01T23:52:40.837-0500] {processor.py:840} INFO - DAG(s) 'example_branch_labels' retrieved from /Users/nestoralfaro/Desktop/pbi-scenario-two/py_env/lib/python3.9/site-packages/airflow/example_dags/example_branch_labels.py
[2024-05-01T23:52:40.884-0500] {logging_mixin.py:188} INFO - [2024-05-01T23:52:40.884-0500] {dag.py:3096} INFO - Sync 1 DAGs
[2024-05-01T23:52:40.891-0500] {logging_mixin.py:188} INFO - [2024-05-01T23:52:40.891-0500] {dag.py:3954} INFO - Setting next_dagrun for example_branch_labels to 2024-05-01 00:00:00+00:00, run_after=2024-05-02 00:00:00+00:00
[2024-05-01T23:52:40.899-0500] {processor.py:183} INFO - Processing /Users/nestoralfaro/Desktop/pbi-scenario-two/py_env/lib/python3.9/site-packages/airflow/example_dags/example_branch_labels.py took 0.068 seconds
[2024-05-01T23:54:39.365-0500] {processor.py:161} INFO - Started process (PID=35757) to work on /Users/nestoralfaro/Desktop/pbi-scenario-two/py_env/lib/python3.9/site-packages/airflow/example_dags/example_branch_labels.py
[2024-05-01T23:54:39.366-0500] {processor.py:830} INFO - Processing file /Users/nestoralfaro/Desktop/pbi-scenario-two/py_env/lib/python3.9/site-packages/airflow/example_dags/example_branch_labels.py for tasks to queue
[2024-05-01T23:54:39.366-0500] {logging_mixin.py:188} INFO - [2024-05-01T23:54:39.366-0500] {dagbag.py:540} INFO - Filling up the DagBag from /Users/nestoralfaro/Desktop/pbi-scenario-two/py_env/lib/python3.9/site-packages/airflow/example_dags/example_branch_labels.py
[2024-05-01T23:54:39.370-0500] {processor.py:840} INFO - DAG(s) 'example_branch_labels' retrieved from /Users/nestoralfaro/Desktop/pbi-scenario-two/py_env/lib/python3.9/site-packages/airflow/example_dags/example_branch_labels.py
[2024-05-01T23:54:39.415-0500] {logging_mixin.py:188} INFO - [2024-05-01T23:54:39.415-0500] {dag.py:3096} INFO - Sync 1 DAGs
[2024-05-01T23:54:39.422-0500] {logging_mixin.py:188} INFO - [2024-05-01T23:54:39.422-0500] {dag.py:3954} INFO - Setting next_dagrun for example_branch_labels to 2024-05-01 00:00:00+00:00, run_after=2024-05-02 00:00:00+00:00
[2024-05-01T23:54:39.430-0500] {processor.py:183} INFO - Processing /Users/nestoralfaro/Desktop/pbi-scenario-two/py_env/lib/python3.9/site-packages/airflow/example_dags/example_branch_labels.py took 0.066 seconds
[2024-05-01T23:56:30.708-0500] {processor.py:161} INFO - Started process (PID=35827) to work on /Users/nestoralfaro/Desktop/pbi-scenario-two/py_env/lib/python3.9/site-packages/airflow/example_dags/example_branch_labels.py
[2024-05-01T23:56:30.710-0500] {processor.py:830} INFO - Processing file /Users/nestoralfaro/Desktop/pbi-scenario-two/py_env/lib/python3.9/site-packages/airflow/example_dags/example_branch_labels.py for tasks to queue
[2024-05-01T23:56:30.710-0500] {logging_mixin.py:188} INFO - [2024-05-01T23:56:30.710-0500] {dagbag.py:540} INFO - Filling up the DagBag from /Users/nestoralfaro/Desktop/pbi-scenario-two/py_env/lib/python3.9/site-packages/airflow/example_dags/example_branch_labels.py
[2024-05-01T23:56:30.714-0500] {processor.py:840} INFO - DAG(s) 'example_branch_labels' retrieved from /Users/nestoralfaro/Desktop/pbi-scenario-two/py_env/lib/python3.9/site-packages/airflow/example_dags/example_branch_labels.py
[2024-05-01T23:56:30.755-0500] {logging_mixin.py:188} INFO - [2024-05-01T23:56:30.755-0500] {dag.py:3096} INFO - Sync 1 DAGs
[2024-05-01T23:56:30.761-0500] {logging_mixin.py:188} INFO - [2024-05-01T23:56:30.761-0500] {dag.py:3954} INFO - Setting next_dagrun for example_branch_labels to 2024-05-01 00:00:00+00:00, run_after=2024-05-02 00:00:00+00:00
[2024-05-01T23:56:30.768-0500] {processor.py:183} INFO - Processing /Users/nestoralfaro/Desktop/pbi-scenario-two/py_env/lib/python3.9/site-packages/airflow/example_dags/example_branch_labels.py took 0.061 seconds
[2024-05-01T23:58:21.501-0500] {processor.py:161} INFO - Started process (PID=35895) to work on /Users/nestoralfaro/Desktop/pbi-scenario-two/py_env/lib/python3.9/site-packages/airflow/example_dags/example_branch_labels.py
[2024-05-01T23:58:21.503-0500] {processor.py:830} INFO - Processing file /Users/nestoralfaro/Desktop/pbi-scenario-two/py_env/lib/python3.9/site-packages/airflow/example_dags/example_branch_labels.py for tasks to queue
[2024-05-01T23:58:21.503-0500] {logging_mixin.py:188} INFO - [2024-05-01T23:58:21.503-0500] {dagbag.py:540} INFO - Filling up the DagBag from /Users/nestoralfaro/Desktop/pbi-scenario-two/py_env/lib/python3.9/site-packages/airflow/example_dags/example_branch_labels.py
[2024-05-01T23:58:21.507-0500] {processor.py:840} INFO - DAG(s) 'example_branch_labels' retrieved from /Users/nestoralfaro/Desktop/pbi-scenario-two/py_env/lib/python3.9/site-packages/airflow/example_dags/example_branch_labels.py
[2024-05-01T23:58:21.553-0500] {logging_mixin.py:188} INFO - [2024-05-01T23:58:21.553-0500] {dag.py:3096} INFO - Sync 1 DAGs
[2024-05-01T23:58:21.560-0500] {logging_mixin.py:188} INFO - [2024-05-01T23:58:21.559-0500] {dag.py:3954} INFO - Setting next_dagrun for example_branch_labels to 2024-05-01 00:00:00+00:00, run_after=2024-05-02 00:00:00+00:00
[2024-05-01T23:58:21.566-0500] {processor.py:183} INFO - Processing /Users/nestoralfaro/Desktop/pbi-scenario-two/py_env/lib/python3.9/site-packages/airflow/example_dags/example_branch_labels.py took 0.066 seconds
[2024-05-02T00:00:13.015-0500] {processor.py:161} INFO - Started process (PID=35990) to work on /Users/nestoralfaro/Desktop/pbi-scenario-two/py_env/lib/python3.9/site-packages/airflow/example_dags/example_branch_labels.py
[2024-05-02T00:00:13.017-0500] {processor.py:830} INFO - Processing file /Users/nestoralfaro/Desktop/pbi-scenario-two/py_env/lib/python3.9/site-packages/airflow/example_dags/example_branch_labels.py for tasks to queue
[2024-05-02T00:00:13.017-0500] {logging_mixin.py:188} INFO - [2024-05-02T00:00:13.017-0500] {dagbag.py:540} INFO - Filling up the DagBag from /Users/nestoralfaro/Desktop/pbi-scenario-two/py_env/lib/python3.9/site-packages/airflow/example_dags/example_branch_labels.py
[2024-05-02T00:00:13.022-0500] {processor.py:840} INFO - DAG(s) 'example_branch_labels' retrieved from /Users/nestoralfaro/Desktop/pbi-scenario-two/py_env/lib/python3.9/site-packages/airflow/example_dags/example_branch_labels.py
[2024-05-02T00:00:13.065-0500] {logging_mixin.py:188} INFO - [2024-05-02T00:00:13.065-0500] {dag.py:3096} INFO - Sync 1 DAGs
[2024-05-02T00:00:13.072-0500] {logging_mixin.py:188} INFO - [2024-05-02T00:00:13.072-0500] {dag.py:3954} INFO - Setting next_dagrun for example_branch_labels to 2024-05-01 00:00:00+00:00, run_after=2024-05-02 00:00:00+00:00
[2024-05-02T00:00:13.078-0500] {processor.py:183} INFO - Processing /Users/nestoralfaro/Desktop/pbi-scenario-two/py_env/lib/python3.9/site-packages/airflow/example_dags/example_branch_labels.py took 0.065 seconds
[2024-05-02T00:02:06.936-0500] {processor.py:161} INFO - Started process (PID=36064) to work on /Users/nestoralfaro/Desktop/pbi-scenario-two/py_env/lib/python3.9/site-packages/airflow/example_dags/example_branch_labels.py
[2024-05-02T00:02:06.938-0500] {processor.py:830} INFO - Processing file /Users/nestoralfaro/Desktop/pbi-scenario-two/py_env/lib/python3.9/site-packages/airflow/example_dags/example_branch_labels.py for tasks to queue
[2024-05-02T00:02:06.938-0500] {logging_mixin.py:188} INFO - [2024-05-02T00:02:06.938-0500] {dagbag.py:540} INFO - Filling up the DagBag from /Users/nestoralfaro/Desktop/pbi-scenario-two/py_env/lib/python3.9/site-packages/airflow/example_dags/example_branch_labels.py
[2024-05-02T00:02:06.942-0500] {processor.py:840} INFO - DAG(s) 'example_branch_labels' retrieved from /Users/nestoralfaro/Desktop/pbi-scenario-two/py_env/lib/python3.9/site-packages/airflow/example_dags/example_branch_labels.py
[2024-05-02T00:02:06.985-0500] {logging_mixin.py:188} INFO - [2024-05-02T00:02:06.985-0500] {dag.py:3096} INFO - Sync 1 DAGs
[2024-05-02T00:02:06.993-0500] {logging_mixin.py:188} INFO - [2024-05-02T00:02:06.993-0500] {dag.py:3954} INFO - Setting next_dagrun for example_branch_labels to 2024-05-01 00:00:00+00:00, run_after=2024-05-02 00:00:00+00:00
[2024-05-02T00:02:07.000-0500] {processor.py:183} INFO - Processing /Users/nestoralfaro/Desktop/pbi-scenario-two/py_env/lib/python3.9/site-packages/airflow/example_dags/example_branch_labels.py took 0.065 seconds
[2024-05-02T00:04:03.376-0500] {processor.py:161} INFO - Started process (PID=36149) to work on /Users/nestoralfaro/Desktop/pbi-scenario-two/py_env/lib/python3.9/site-packages/airflow/example_dags/example_branch_labels.py
[2024-05-02T00:04:03.378-0500] {processor.py:830} INFO - Processing file /Users/nestoralfaro/Desktop/pbi-scenario-two/py_env/lib/python3.9/site-packages/airflow/example_dags/example_branch_labels.py for tasks to queue
[2024-05-02T00:04:03.379-0500] {logging_mixin.py:188} INFO - [2024-05-02T00:04:03.379-0500] {dagbag.py:540} INFO - Filling up the DagBag from /Users/nestoralfaro/Desktop/pbi-scenario-two/py_env/lib/python3.9/site-packages/airflow/example_dags/example_branch_labels.py
[2024-05-02T00:04:03.383-0500] {processor.py:840} INFO - DAG(s) 'example_branch_labels' retrieved from /Users/nestoralfaro/Desktop/pbi-scenario-two/py_env/lib/python3.9/site-packages/airflow/example_dags/example_branch_labels.py
[2024-05-02T00:04:03.429-0500] {logging_mixin.py:188} INFO - [2024-05-02T00:04:03.429-0500] {dag.py:3096} INFO - Sync 1 DAGs
[2024-05-02T00:04:03.436-0500] {logging_mixin.py:188} INFO - [2024-05-02T00:04:03.436-0500] {dag.py:3954} INFO - Setting next_dagrun for example_branch_labels to 2024-05-01 00:00:00+00:00, run_after=2024-05-02 00:00:00+00:00
[2024-05-02T00:04:03.443-0500] {processor.py:183} INFO - Processing /Users/nestoralfaro/Desktop/pbi-scenario-two/py_env/lib/python3.9/site-packages/airflow/example_dags/example_branch_labels.py took 0.068 seconds
[2024-05-02T00:05:58.002-0500] {processor.py:161} INFO - Started process (PID=36220) to work on /Users/nestoralfaro/Desktop/pbi-scenario-two/py_env/lib/python3.9/site-packages/airflow/example_dags/example_branch_labels.py
[2024-05-02T00:05:58.005-0500] {processor.py:830} INFO - Processing file /Users/nestoralfaro/Desktop/pbi-scenario-two/py_env/lib/python3.9/site-packages/airflow/example_dags/example_branch_labels.py for tasks to queue
[2024-05-02T00:05:58.005-0500] {logging_mixin.py:188} INFO - [2024-05-02T00:05:58.005-0500] {dagbag.py:540} INFO - Filling up the DagBag from /Users/nestoralfaro/Desktop/pbi-scenario-two/py_env/lib/python3.9/site-packages/airflow/example_dags/example_branch_labels.py
[2024-05-02T00:05:58.009-0500] {processor.py:840} INFO - DAG(s) 'example_branch_labels' retrieved from /Users/nestoralfaro/Desktop/pbi-scenario-two/py_env/lib/python3.9/site-packages/airflow/example_dags/example_branch_labels.py
[2024-05-02T00:05:58.053-0500] {logging_mixin.py:188} INFO - [2024-05-02T00:05:58.053-0500] {dag.py:3096} INFO - Sync 1 DAGs
[2024-05-02T00:05:58.060-0500] {logging_mixin.py:188} INFO - [2024-05-02T00:05:58.060-0500] {dag.py:3954} INFO - Setting next_dagrun for example_branch_labels to 2024-05-01 00:00:00+00:00, run_after=2024-05-02 00:00:00+00:00
[2024-05-02T00:05:58.067-0500] {processor.py:183} INFO - Processing /Users/nestoralfaro/Desktop/pbi-scenario-two/py_env/lib/python3.9/site-packages/airflow/example_dags/example_branch_labels.py took 0.066 seconds
[2024-05-02T00:07:45.389-0500] {processor.py:161} INFO - Started process (PID=36305) to work on /Users/nestoralfaro/Desktop/pbi-scenario-two/py_env/lib/python3.9/site-packages/airflow/example_dags/example_branch_labels.py
[2024-05-02T00:07:45.391-0500] {processor.py:830} INFO - Processing file /Users/nestoralfaro/Desktop/pbi-scenario-two/py_env/lib/python3.9/site-packages/airflow/example_dags/example_branch_labels.py for tasks to queue
[2024-05-02T00:07:45.391-0500] {logging_mixin.py:188} INFO - [2024-05-02T00:07:45.391-0500] {dagbag.py:540} INFO - Filling up the DagBag from /Users/nestoralfaro/Desktop/pbi-scenario-two/py_env/lib/python3.9/site-packages/airflow/example_dags/example_branch_labels.py
[2024-05-02T00:07:45.395-0500] {processor.py:840} INFO - DAG(s) 'example_branch_labels' retrieved from /Users/nestoralfaro/Desktop/pbi-scenario-two/py_env/lib/python3.9/site-packages/airflow/example_dags/example_branch_labels.py
[2024-05-02T00:07:45.436-0500] {logging_mixin.py:188} INFO - [2024-05-02T00:07:45.436-0500] {dag.py:3096} INFO - Sync 1 DAGs
[2024-05-02T00:07:45.442-0500] {logging_mixin.py:188} INFO - [2024-05-02T00:07:45.442-0500] {dag.py:3954} INFO - Setting next_dagrun for example_branch_labels to 2024-05-01 00:00:00+00:00, run_after=2024-05-02 00:00:00+00:00
[2024-05-02T00:07:45.449-0500] {processor.py:183} INFO - Processing /Users/nestoralfaro/Desktop/pbi-scenario-two/py_env/lib/python3.9/site-packages/airflow/example_dags/example_branch_labels.py took 0.062 seconds
[2024-05-02T00:09:39.161-0500] {processor.py:161} INFO - Started process (PID=36374) to work on /Users/nestoralfaro/Desktop/pbi-scenario-two/py_env/lib/python3.9/site-packages/airflow/example_dags/example_branch_labels.py
[2024-05-02T00:09:39.163-0500] {processor.py:830} INFO - Processing file /Users/nestoralfaro/Desktop/pbi-scenario-two/py_env/lib/python3.9/site-packages/airflow/example_dags/example_branch_labels.py for tasks to queue
[2024-05-02T00:09:39.163-0500] {logging_mixin.py:188} INFO - [2024-05-02T00:09:39.163-0500] {dagbag.py:540} INFO - Filling up the DagBag from /Users/nestoralfaro/Desktop/pbi-scenario-two/py_env/lib/python3.9/site-packages/airflow/example_dags/example_branch_labels.py
[2024-05-02T00:09:39.168-0500] {processor.py:840} INFO - DAG(s) 'example_branch_labels' retrieved from /Users/nestoralfaro/Desktop/pbi-scenario-two/py_env/lib/python3.9/site-packages/airflow/example_dags/example_branch_labels.py
[2024-05-02T00:09:39.209-0500] {logging_mixin.py:188} INFO - [2024-05-02T00:09:39.209-0500] {dag.py:3096} INFO - Sync 1 DAGs
[2024-05-02T00:09:39.215-0500] {logging_mixin.py:188} INFO - [2024-05-02T00:09:39.215-0500] {dag.py:3954} INFO - Setting next_dagrun for example_branch_labels to 2024-05-01 00:00:00+00:00, run_after=2024-05-02 00:00:00+00:00
[2024-05-02T00:09:39.222-0500] {processor.py:183} INFO - Processing /Users/nestoralfaro/Desktop/pbi-scenario-two/py_env/lib/python3.9/site-packages/airflow/example_dags/example_branch_labels.py took 0.062 seconds
[2024-05-02T00:12:15.357-0500] {processor.py:161} INFO - Started process (PID=36485) to work on /Users/nestoralfaro/Desktop/pbi-scenario-two/py_env/lib/python3.9/site-packages/airflow/example_dags/example_branch_labels.py
[2024-05-02T00:12:15.359-0500] {processor.py:830} INFO - Processing file /Users/nestoralfaro/Desktop/pbi-scenario-two/py_env/lib/python3.9/site-packages/airflow/example_dags/example_branch_labels.py for tasks to queue
[2024-05-02T00:12:15.359-0500] {logging_mixin.py:188} INFO - [2024-05-02T00:12:15.359-0500] {dagbag.py:540} INFO - Filling up the DagBag from /Users/nestoralfaro/Desktop/pbi-scenario-two/py_env/lib/python3.9/site-packages/airflow/example_dags/example_branch_labels.py
[2024-05-02T00:12:15.363-0500] {processor.py:840} INFO - DAG(s) 'example_branch_labels' retrieved from /Users/nestoralfaro/Desktop/pbi-scenario-two/py_env/lib/python3.9/site-packages/airflow/example_dags/example_branch_labels.py
[2024-05-02T00:12:15.403-0500] {logging_mixin.py:188} INFO - [2024-05-02T00:12:15.403-0500] {dag.py:3096} INFO - Sync 1 DAGs
[2024-05-02T00:12:15.410-0500] {logging_mixin.py:188} INFO - [2024-05-02T00:12:15.410-0500] {dag.py:3954} INFO - Setting next_dagrun for example_branch_labels to 2024-05-01 00:00:00+00:00, run_after=2024-05-02 00:00:00+00:00
[2024-05-02T00:12:15.416-0500] {processor.py:183} INFO - Processing /Users/nestoralfaro/Desktop/pbi-scenario-two/py_env/lib/python3.9/site-packages/airflow/example_dags/example_branch_labels.py took 0.061 seconds
[2024-05-02T00:14:09.575-0500] {processor.py:161} INFO - Started process (PID=36569) to work on /Users/nestoralfaro/Desktop/pbi-scenario-two/py_env/lib/python3.9/site-packages/airflow/example_dags/example_branch_labels.py
[2024-05-02T00:14:09.577-0500] {processor.py:830} INFO - Processing file /Users/nestoralfaro/Desktop/pbi-scenario-two/py_env/lib/python3.9/site-packages/airflow/example_dags/example_branch_labels.py for tasks to queue
[2024-05-02T00:14:09.577-0500] {logging_mixin.py:188} INFO - [2024-05-02T00:14:09.577-0500] {dagbag.py:540} INFO - Filling up the DagBag from /Users/nestoralfaro/Desktop/pbi-scenario-two/py_env/lib/python3.9/site-packages/airflow/example_dags/example_branch_labels.py
[2024-05-02T00:14:09.582-0500] {processor.py:840} INFO - DAG(s) 'example_branch_labels' retrieved from /Users/nestoralfaro/Desktop/pbi-scenario-two/py_env/lib/python3.9/site-packages/airflow/example_dags/example_branch_labels.py
[2024-05-02T00:14:09.622-0500] {logging_mixin.py:188} INFO - [2024-05-02T00:14:09.622-0500] {dag.py:3096} INFO - Sync 1 DAGs
[2024-05-02T00:14:09.629-0500] {logging_mixin.py:188} INFO - [2024-05-02T00:14:09.628-0500] {dag.py:3954} INFO - Setting next_dagrun for example_branch_labels to 2024-05-01 00:00:00+00:00, run_after=2024-05-02 00:00:00+00:00
[2024-05-02T00:14:09.636-0500] {processor.py:183} INFO - Processing /Users/nestoralfaro/Desktop/pbi-scenario-two/py_env/lib/python3.9/site-packages/airflow/example_dags/example_branch_labels.py took 0.063 seconds
[2024-05-02T00:16:08.896-0500] {processor.py:161} INFO - Started process (PID=36651) to work on /Users/nestoralfaro/Desktop/pbi-scenario-two/py_env/lib/python3.9/site-packages/airflow/example_dags/example_branch_labels.py
[2024-05-02T00:16:08.898-0500] {processor.py:830} INFO - Processing file /Users/nestoralfaro/Desktop/pbi-scenario-two/py_env/lib/python3.9/site-packages/airflow/example_dags/example_branch_labels.py for tasks to queue
[2024-05-02T00:16:08.898-0500] {logging_mixin.py:188} INFO - [2024-05-02T00:16:08.898-0500] {dagbag.py:540} INFO - Filling up the DagBag from /Users/nestoralfaro/Desktop/pbi-scenario-two/py_env/lib/python3.9/site-packages/airflow/example_dags/example_branch_labels.py
[2024-05-02T00:16:08.902-0500] {processor.py:840} INFO - DAG(s) 'example_branch_labels' retrieved from /Users/nestoralfaro/Desktop/pbi-scenario-two/py_env/lib/python3.9/site-packages/airflow/example_dags/example_branch_labels.py
[2024-05-02T00:16:08.946-0500] {logging_mixin.py:188} INFO - [2024-05-02T00:16:08.946-0500] {dag.py:3096} INFO - Sync 1 DAGs
[2024-05-02T00:16:08.953-0500] {logging_mixin.py:188} INFO - [2024-05-02T00:16:08.953-0500] {dag.py:3954} INFO - Setting next_dagrun for example_branch_labels to 2024-05-01 00:00:00+00:00, run_after=2024-05-02 00:00:00+00:00
[2024-05-02T00:16:08.961-0500] {processor.py:183} INFO - Processing /Users/nestoralfaro/Desktop/pbi-scenario-two/py_env/lib/python3.9/site-packages/airflow/example_dags/example_branch_labels.py took 0.067 seconds
[2024-05-02T00:18:05.955-0500] {processor.py:161} INFO - Started process (PID=36725) to work on /Users/nestoralfaro/Desktop/pbi-scenario-two/py_env/lib/python3.9/site-packages/airflow/example_dags/example_branch_labels.py
[2024-05-02T00:18:05.957-0500] {processor.py:830} INFO - Processing file /Users/nestoralfaro/Desktop/pbi-scenario-two/py_env/lib/python3.9/site-packages/airflow/example_dags/example_branch_labels.py for tasks to queue
[2024-05-02T00:18:05.957-0500] {logging_mixin.py:188} INFO - [2024-05-02T00:18:05.957-0500] {dagbag.py:540} INFO - Filling up the DagBag from /Users/nestoralfaro/Desktop/pbi-scenario-two/py_env/lib/python3.9/site-packages/airflow/example_dags/example_branch_labels.py
[2024-05-02T00:18:05.962-0500] {processor.py:840} INFO - DAG(s) 'example_branch_labels' retrieved from /Users/nestoralfaro/Desktop/pbi-scenario-two/py_env/lib/python3.9/site-packages/airflow/example_dags/example_branch_labels.py
[2024-05-02T00:18:06.007-0500] {logging_mixin.py:188} INFO - [2024-05-02T00:18:06.006-0500] {dag.py:3096} INFO - Sync 1 DAGs
[2024-05-02T00:18:06.013-0500] {logging_mixin.py:188} INFO - [2024-05-02T00:18:06.013-0500] {dag.py:3954} INFO - Setting next_dagrun for example_branch_labels to 2024-05-01 00:00:00+00:00, run_after=2024-05-02 00:00:00+00:00
[2024-05-02T00:18:06.021-0500] {processor.py:183} INFO - Processing /Users/nestoralfaro/Desktop/pbi-scenario-two/py_env/lib/python3.9/site-packages/airflow/example_dags/example_branch_labels.py took 0.067 seconds
[2024-05-02T00:20:01.739-0500] {processor.py:161} INFO - Started process (PID=36835) to work on /Users/nestoralfaro/Desktop/pbi-scenario-two/py_env/lib/python3.9/site-packages/airflow/example_dags/example_branch_labels.py
[2024-05-02T00:20:01.741-0500] {processor.py:830} INFO - Processing file /Users/nestoralfaro/Desktop/pbi-scenario-two/py_env/lib/python3.9/site-packages/airflow/example_dags/example_branch_labels.py for tasks to queue
[2024-05-02T00:20:01.742-0500] {logging_mixin.py:188} INFO - [2024-05-02T00:20:01.742-0500] {dagbag.py:540} INFO - Filling up the DagBag from /Users/nestoralfaro/Desktop/pbi-scenario-two/py_env/lib/python3.9/site-packages/airflow/example_dags/example_branch_labels.py
[2024-05-02T00:20:01.746-0500] {processor.py:840} INFO - DAG(s) 'example_branch_labels' retrieved from /Users/nestoralfaro/Desktop/pbi-scenario-two/py_env/lib/python3.9/site-packages/airflow/example_dags/example_branch_labels.py
[2024-05-02T00:20:01.789-0500] {logging_mixin.py:188} INFO - [2024-05-02T00:20:01.789-0500] {dag.py:3096} INFO - Sync 1 DAGs
[2024-05-02T00:20:01.795-0500] {logging_mixin.py:188} INFO - [2024-05-02T00:20:01.795-0500] {dag.py:3954} INFO - Setting next_dagrun for example_branch_labels to 2024-05-01 00:00:00+00:00, run_after=2024-05-02 00:00:00+00:00
[2024-05-02T00:20:01.802-0500] {processor.py:183} INFO - Processing /Users/nestoralfaro/Desktop/pbi-scenario-two/py_env/lib/python3.9/site-packages/airflow/example_dags/example_branch_labels.py took 0.064 seconds
[2024-05-02T00:21:55.639-0500] {processor.py:161} INFO - Started process (PID=36916) to work on /Users/nestoralfaro/Desktop/pbi-scenario-two/py_env/lib/python3.9/site-packages/airflow/example_dags/example_branch_labels.py
[2024-05-02T00:21:55.641-0500] {processor.py:830} INFO - Processing file /Users/nestoralfaro/Desktop/pbi-scenario-two/py_env/lib/python3.9/site-packages/airflow/example_dags/example_branch_labels.py for tasks to queue
[2024-05-02T00:21:55.641-0500] {logging_mixin.py:188} INFO - [2024-05-02T00:21:55.641-0500] {dagbag.py:540} INFO - Filling up the DagBag from /Users/nestoralfaro/Desktop/pbi-scenario-two/py_env/lib/python3.9/site-packages/airflow/example_dags/example_branch_labels.py
[2024-05-02T00:21:55.645-0500] {processor.py:840} INFO - DAG(s) 'example_branch_labels' retrieved from /Users/nestoralfaro/Desktop/pbi-scenario-two/py_env/lib/python3.9/site-packages/airflow/example_dags/example_branch_labels.py
[2024-05-02T00:21:55.687-0500] {logging_mixin.py:188} INFO - [2024-05-02T00:21:55.687-0500] {dag.py:3096} INFO - Sync 1 DAGs
[2024-05-02T00:21:55.694-0500] {logging_mixin.py:188} INFO - [2024-05-02T00:21:55.694-0500] {dag.py:3954} INFO - Setting next_dagrun for example_branch_labels to 2024-05-01 00:00:00+00:00, run_after=2024-05-02 00:00:00+00:00
[2024-05-02T00:21:55.701-0500] {processor.py:183} INFO - Processing /Users/nestoralfaro/Desktop/pbi-scenario-two/py_env/lib/python3.9/site-packages/airflow/example_dags/example_branch_labels.py took 0.063 seconds
[2024-05-02T00:23:50.482-0500] {processor.py:161} INFO - Started process (PID=37030) to work on /Users/nestoralfaro/Desktop/pbi-scenario-two/py_env/lib/python3.9/site-packages/airflow/example_dags/example_branch_labels.py
[2024-05-02T00:23:50.485-0500] {processor.py:830} INFO - Processing file /Users/nestoralfaro/Desktop/pbi-scenario-two/py_env/lib/python3.9/site-packages/airflow/example_dags/example_branch_labels.py for tasks to queue
[2024-05-02T00:23:50.485-0500] {logging_mixin.py:188} INFO - [2024-05-02T00:23:50.485-0500] {dagbag.py:540} INFO - Filling up the DagBag from /Users/nestoralfaro/Desktop/pbi-scenario-two/py_env/lib/python3.9/site-packages/airflow/example_dags/example_branch_labels.py
[2024-05-02T00:23:50.489-0500] {processor.py:840} INFO - DAG(s) 'example_branch_labels' retrieved from /Users/nestoralfaro/Desktop/pbi-scenario-two/py_env/lib/python3.9/site-packages/airflow/example_dags/example_branch_labels.py
[2024-05-02T00:23:50.529-0500] {logging_mixin.py:188} INFO - [2024-05-02T00:23:50.529-0500] {dag.py:3096} INFO - Sync 1 DAGs
[2024-05-02T00:23:50.535-0500] {logging_mixin.py:188} INFO - [2024-05-02T00:23:50.535-0500] {dag.py:3954} INFO - Setting next_dagrun for example_branch_labels to 2024-05-01 00:00:00+00:00, run_after=2024-05-02 00:00:00+00:00
[2024-05-02T00:23:50.542-0500] {processor.py:183} INFO - Processing /Users/nestoralfaro/Desktop/pbi-scenario-two/py_env/lib/python3.9/site-packages/airflow/example_dags/example_branch_labels.py took 0.061 seconds
