[2024-05-01T23:30:34.550-0500] {processor.py:161} INFO - Started process (PID=34755) to work on /Users/nestoralfaro/Desktop/pbi-scenario-two/py_env/lib/python3.9/site-packages/airflow/example_dags/example_skip_dag.py
[2024-05-01T23:30:34.552-0500] {processor.py:830} INFO - Processing file /Users/nestoralfaro/Desktop/pbi-scenario-two/py_env/lib/python3.9/site-packages/airflow/example_dags/example_skip_dag.py for tasks to queue
[2024-05-01T23:30:34.552-0500] {logging_mixin.py:188} INFO - [2024-05-01T23:30:34.552-0500] {dagbag.py:540} INFO - Filling up the DagBag from /Users/nestoralfaro/Desktop/pbi-scenario-two/py_env/lib/python3.9/site-packages/airflow/example_dags/example_skip_dag.py
[2024-05-01T23:30:34.556-0500] {processor.py:840} INFO - DAG(s) 'example_skip_dag' retrieved from /Users/nestoralfaro/Desktop/pbi-scenario-two/py_env/lib/python3.9/site-packages/airflow/example_dags/example_skip_dag.py
[2024-05-01T23:30:34.662-0500] {logging_mixin.py:188} INFO - [2024-05-01T23:30:34.662-0500] {dag.py:3096} INFO - Sync 1 DAGs
[2024-05-01T23:30:34.671-0500] {logging_mixin.py:188} INFO - [2024-05-01T23:30:34.671-0500] {dag.py:3954} INFO - Setting next_dagrun for example_skip_dag to 2024-05-01 00:00:00+00:00, run_after=2024-05-02 00:00:00+00:00
[2024-05-01T23:30:34.680-0500] {processor.py:183} INFO - Processing /Users/nestoralfaro/Desktop/pbi-scenario-two/py_env/lib/python3.9/site-packages/airflow/example_dags/example_skip_dag.py took 0.131 seconds
[2024-05-01T23:32:10.233-0500] {processor.py:161} INFO - Started process (PID=34830) to work on /Users/nestoralfaro/Desktop/pbi-scenario-two/py_env/lib/python3.9/site-packages/airflow/example_dags/example_skip_dag.py
[2024-05-01T23:32:10.235-0500] {processor.py:830} INFO - Processing file /Users/nestoralfaro/Desktop/pbi-scenario-two/py_env/lib/python3.9/site-packages/airflow/example_dags/example_skip_dag.py for tasks to queue
[2024-05-01T23:32:10.236-0500] {logging_mixin.py:188} INFO - [2024-05-01T23:32:10.236-0500] {dagbag.py:540} INFO - Filling up the DagBag from /Users/nestoralfaro/Desktop/pbi-scenario-two/py_env/lib/python3.9/site-packages/airflow/example_dags/example_skip_dag.py
[2024-05-01T23:32:10.239-0500] {processor.py:840} INFO - DAG(s) 'example_skip_dag' retrieved from /Users/nestoralfaro/Desktop/pbi-scenario-two/py_env/lib/python3.9/site-packages/airflow/example_dags/example_skip_dag.py
[2024-05-01T23:32:10.281-0500] {logging_mixin.py:188} INFO - [2024-05-01T23:32:10.281-0500] {dag.py:3096} INFO - Sync 1 DAGs
[2024-05-01T23:32:10.289-0500] {logging_mixin.py:188} INFO - [2024-05-01T23:32:10.289-0500] {dag.py:3954} INFO - Setting next_dagrun for example_skip_dag to 2024-05-01 00:00:00+00:00, run_after=2024-05-02 00:00:00+00:00
[2024-05-01T23:32:10.296-0500] {processor.py:183} INFO - Processing /Users/nestoralfaro/Desktop/pbi-scenario-two/py_env/lib/python3.9/site-packages/airflow/example_dags/example_skip_dag.py took 0.064 seconds
[2024-05-01T23:34:10.376-0500] {processor.py:161} INFO - Started process (PID=34914) to work on /Users/nestoralfaro/Desktop/pbi-scenario-two/py_env/lib/python3.9/site-packages/airflow/example_dags/example_skip_dag.py
[2024-05-01T23:34:10.378-0500] {processor.py:830} INFO - Processing file /Users/nestoralfaro/Desktop/pbi-scenario-two/py_env/lib/python3.9/site-packages/airflow/example_dags/example_skip_dag.py for tasks to queue
[2024-05-01T23:34:10.378-0500] {logging_mixin.py:188} INFO - [2024-05-01T23:34:10.378-0500] {dagbag.py:540} INFO - Filling up the DagBag from /Users/nestoralfaro/Desktop/pbi-scenario-two/py_env/lib/python3.9/site-packages/airflow/example_dags/example_skip_dag.py
[2024-05-01T23:34:10.382-0500] {processor.py:840} INFO - DAG(s) 'example_skip_dag' retrieved from /Users/nestoralfaro/Desktop/pbi-scenario-two/py_env/lib/python3.9/site-packages/airflow/example_dags/example_skip_dag.py
[2024-05-01T23:34:10.426-0500] {logging_mixin.py:188} INFO - [2024-05-01T23:34:10.426-0500] {dag.py:3096} INFO - Sync 1 DAGs
[2024-05-01T23:34:10.435-0500] {logging_mixin.py:188} INFO - [2024-05-01T23:34:10.435-0500] {dag.py:3954} INFO - Setting next_dagrun for example_skip_dag to 2024-05-01 00:00:00+00:00, run_after=2024-05-02 00:00:00+00:00
[2024-05-01T23:34:10.442-0500] {processor.py:183} INFO - Processing /Users/nestoralfaro/Desktop/pbi-scenario-two/py_env/lib/python3.9/site-packages/airflow/example_dags/example_skip_dag.py took 0.069 seconds
[2024-05-01T23:36:05.353-0500] {processor.py:161} INFO - Started process (PID=34984) to work on /Users/nestoralfaro/Desktop/pbi-scenario-two/py_env/lib/python3.9/site-packages/airflow/example_dags/example_skip_dag.py
[2024-05-01T23:36:05.354-0500] {processor.py:830} INFO - Processing file /Users/nestoralfaro/Desktop/pbi-scenario-two/py_env/lib/python3.9/site-packages/airflow/example_dags/example_skip_dag.py for tasks to queue
[2024-05-01T23:36:05.355-0500] {logging_mixin.py:188} INFO - [2024-05-01T23:36:05.354-0500] {dagbag.py:540} INFO - Filling up the DagBag from /Users/nestoralfaro/Desktop/pbi-scenario-two/py_env/lib/python3.9/site-packages/airflow/example_dags/example_skip_dag.py
[2024-05-01T23:36:05.358-0500] {processor.py:840} INFO - DAG(s) 'example_skip_dag' retrieved from /Users/nestoralfaro/Desktop/pbi-scenario-two/py_env/lib/python3.9/site-packages/airflow/example_dags/example_skip_dag.py
[2024-05-01T23:36:05.403-0500] {logging_mixin.py:188} INFO - [2024-05-01T23:36:05.403-0500] {dag.py:3096} INFO - Sync 1 DAGs
[2024-05-01T23:36:05.412-0500] {logging_mixin.py:188} INFO - [2024-05-01T23:36:05.412-0500] {dag.py:3954} INFO - Setting next_dagrun for example_skip_dag to 2024-05-01 00:00:00+00:00, run_after=2024-05-02 00:00:00+00:00
[2024-05-01T23:36:05.421-0500] {processor.py:183} INFO - Processing /Users/nestoralfaro/Desktop/pbi-scenario-two/py_env/lib/python3.9/site-packages/airflow/example_dags/example_skip_dag.py took 0.069 seconds
[2024-05-01T23:37:59.470-0500] {processor.py:161} INFO - Started process (PID=35054) to work on /Users/nestoralfaro/Desktop/pbi-scenario-two/py_env/lib/python3.9/site-packages/airflow/example_dags/example_skip_dag.py
[2024-05-01T23:37:59.472-0500] {processor.py:830} INFO - Processing file /Users/nestoralfaro/Desktop/pbi-scenario-two/py_env/lib/python3.9/site-packages/airflow/example_dags/example_skip_dag.py for tasks to queue
[2024-05-01T23:37:59.473-0500] {logging_mixin.py:188} INFO - [2024-05-01T23:37:59.473-0500] {dagbag.py:540} INFO - Filling up the DagBag from /Users/nestoralfaro/Desktop/pbi-scenario-two/py_env/lib/python3.9/site-packages/airflow/example_dags/example_skip_dag.py
[2024-05-01T23:37:59.476-0500] {processor.py:840} INFO - DAG(s) 'example_skip_dag' retrieved from /Users/nestoralfaro/Desktop/pbi-scenario-two/py_env/lib/python3.9/site-packages/airflow/example_dags/example_skip_dag.py
[2024-05-01T23:37:59.522-0500] {logging_mixin.py:188} INFO - [2024-05-01T23:37:59.522-0500] {dag.py:3096} INFO - Sync 1 DAGs
[2024-05-01T23:37:59.530-0500] {logging_mixin.py:188} INFO - [2024-05-01T23:37:59.530-0500] {dag.py:3954} INFO - Setting next_dagrun for example_skip_dag to 2024-05-01 00:00:00+00:00, run_after=2024-05-02 00:00:00+00:00
[2024-05-01T23:37:59.539-0500] {processor.py:183} INFO - Processing /Users/nestoralfaro/Desktop/pbi-scenario-two/py_env/lib/python3.9/site-packages/airflow/example_dags/example_skip_dag.py took 0.070 seconds
[2024-05-01T23:39:53.183-0500] {processor.py:161} INFO - Started process (PID=35130) to work on /Users/nestoralfaro/Desktop/pbi-scenario-two/py_env/lib/python3.9/site-packages/airflow/example_dags/example_skip_dag.py
[2024-05-01T23:39:53.185-0500] {processor.py:830} INFO - Processing file /Users/nestoralfaro/Desktop/pbi-scenario-two/py_env/lib/python3.9/site-packages/airflow/example_dags/example_skip_dag.py for tasks to queue
[2024-05-01T23:39:53.186-0500] {logging_mixin.py:188} INFO - [2024-05-01T23:39:53.186-0500] {dagbag.py:540} INFO - Filling up the DagBag from /Users/nestoralfaro/Desktop/pbi-scenario-two/py_env/lib/python3.9/site-packages/airflow/example_dags/example_skip_dag.py
[2024-05-01T23:39:53.190-0500] {processor.py:840} INFO - DAG(s) 'example_skip_dag' retrieved from /Users/nestoralfaro/Desktop/pbi-scenario-two/py_env/lib/python3.9/site-packages/airflow/example_dags/example_skip_dag.py
[2024-05-01T23:39:53.235-0500] {logging_mixin.py:188} INFO - [2024-05-01T23:39:53.235-0500] {dag.py:3096} INFO - Sync 1 DAGs
[2024-05-01T23:39:53.244-0500] {logging_mixin.py:188} INFO - [2024-05-01T23:39:53.243-0500] {dag.py:3954} INFO - Setting next_dagrun for example_skip_dag to 2024-05-01 00:00:00+00:00, run_after=2024-05-02 00:00:00+00:00
[2024-05-01T23:39:53.251-0500] {processor.py:183} INFO - Processing /Users/nestoralfaro/Desktop/pbi-scenario-two/py_env/lib/python3.9/site-packages/airflow/example_dags/example_skip_dag.py took 0.070 seconds
[2024-05-01T23:42:20.253-0500] {processor.py:161} INFO - Started process (PID=35264) to work on /Users/nestoralfaro/Desktop/pbi-scenario-two/py_env/lib/python3.9/site-packages/airflow/example_dags/example_skip_dag.py
[2024-05-01T23:42:20.255-0500] {processor.py:830} INFO - Processing file /Users/nestoralfaro/Desktop/pbi-scenario-two/py_env/lib/python3.9/site-packages/airflow/example_dags/example_skip_dag.py for tasks to queue
[2024-05-01T23:42:20.256-0500] {logging_mixin.py:188} INFO - [2024-05-01T23:42:20.256-0500] {dagbag.py:540} INFO - Filling up the DagBag from /Users/nestoralfaro/Desktop/pbi-scenario-two/py_env/lib/python3.9/site-packages/airflow/example_dags/example_skip_dag.py
[2024-05-01T23:42:20.259-0500] {processor.py:840} INFO - DAG(s) 'example_skip_dag' retrieved from /Users/nestoralfaro/Desktop/pbi-scenario-two/py_env/lib/python3.9/site-packages/airflow/example_dags/example_skip_dag.py
[2024-05-01T23:42:20.303-0500] {logging_mixin.py:188} INFO - [2024-05-01T23:42:20.302-0500] {dag.py:3096} INFO - Sync 1 DAGs
[2024-05-01T23:42:20.310-0500] {logging_mixin.py:188} INFO - [2024-05-01T23:42:20.310-0500] {dag.py:3954} INFO - Setting next_dagrun for example_skip_dag to 2024-05-01 00:00:00+00:00, run_after=2024-05-02 00:00:00+00:00
[2024-05-01T23:42:20.319-0500] {processor.py:183} INFO - Processing /Users/nestoralfaro/Desktop/pbi-scenario-two/py_env/lib/python3.9/site-packages/airflow/example_dags/example_skip_dag.py took 0.067 seconds
[2024-05-01T23:43:49.413-0500] {processor.py:161} INFO - Started process (PID=35318) to work on /Users/nestoralfaro/Desktop/pbi-scenario-two/py_env/lib/python3.9/site-packages/airflow/example_dags/example_skip_dag.py
[2024-05-01T23:43:49.416-0500] {processor.py:830} INFO - Processing file /Users/nestoralfaro/Desktop/pbi-scenario-two/py_env/lib/python3.9/site-packages/airflow/example_dags/example_skip_dag.py for tasks to queue
[2024-05-01T23:43:49.416-0500] {logging_mixin.py:188} INFO - [2024-05-01T23:43:49.416-0500] {dagbag.py:540} INFO - Filling up the DagBag from /Users/nestoralfaro/Desktop/pbi-scenario-two/py_env/lib/python3.9/site-packages/airflow/example_dags/example_skip_dag.py
[2024-05-01T23:43:49.419-0500] {processor.py:840} INFO - DAG(s) 'example_skip_dag' retrieved from /Users/nestoralfaro/Desktop/pbi-scenario-two/py_env/lib/python3.9/site-packages/airflow/example_dags/example_skip_dag.py
[2024-05-01T23:43:49.460-0500] {logging_mixin.py:188} INFO - [2024-05-01T23:43:49.460-0500] {dag.py:3096} INFO - Sync 1 DAGs
[2024-05-01T23:43:49.468-0500] {logging_mixin.py:188} INFO - [2024-05-01T23:43:49.468-0500] {dag.py:3954} INFO - Setting next_dagrun for example_skip_dag to 2024-05-01 00:00:00+00:00, run_after=2024-05-02 00:00:00+00:00
[2024-05-01T23:43:49.474-0500] {processor.py:183} INFO - Processing /Users/nestoralfaro/Desktop/pbi-scenario-two/py_env/lib/python3.9/site-packages/airflow/example_dags/example_skip_dag.py took 0.062 seconds
[2024-05-01T23:45:47.405-0500] {processor.py:161} INFO - Started process (PID=35401) to work on /Users/nestoralfaro/Desktop/pbi-scenario-two/py_env/lib/python3.9/site-packages/airflow/example_dags/example_skip_dag.py
[2024-05-01T23:45:47.408-0500] {processor.py:830} INFO - Processing file /Users/nestoralfaro/Desktop/pbi-scenario-two/py_env/lib/python3.9/site-packages/airflow/example_dags/example_skip_dag.py for tasks to queue
[2024-05-01T23:45:47.408-0500] {logging_mixin.py:188} INFO - [2024-05-01T23:45:47.408-0500] {dagbag.py:540} INFO - Filling up the DagBag from /Users/nestoralfaro/Desktop/pbi-scenario-two/py_env/lib/python3.9/site-packages/airflow/example_dags/example_skip_dag.py
[2024-05-01T23:45:47.412-0500] {processor.py:840} INFO - DAG(s) 'example_skip_dag' retrieved from /Users/nestoralfaro/Desktop/pbi-scenario-two/py_env/lib/python3.9/site-packages/airflow/example_dags/example_skip_dag.py
[2024-05-01T23:45:47.457-0500] {logging_mixin.py:188} INFO - [2024-05-01T23:45:47.457-0500] {dag.py:3096} INFO - Sync 1 DAGs
[2024-05-01T23:45:47.465-0500] {logging_mixin.py:188} INFO - [2024-05-01T23:45:47.465-0500] {dag.py:3954} INFO - Setting next_dagrun for example_skip_dag to 2024-05-01 00:00:00+00:00, run_after=2024-05-02 00:00:00+00:00
[2024-05-01T23:45:47.474-0500] {processor.py:183} INFO - Processing /Users/nestoralfaro/Desktop/pbi-scenario-two/py_env/lib/python3.9/site-packages/airflow/example_dags/example_skip_dag.py took 0.070 seconds
[2024-05-01T23:47:38.108-0500] {processor.py:161} INFO - Started process (PID=35478) to work on /Users/nestoralfaro/Desktop/pbi-scenario-two/py_env/lib/python3.9/site-packages/airflow/example_dags/example_skip_dag.py
[2024-05-01T23:47:38.110-0500] {processor.py:830} INFO - Processing file /Users/nestoralfaro/Desktop/pbi-scenario-two/py_env/lib/python3.9/site-packages/airflow/example_dags/example_skip_dag.py for tasks to queue
[2024-05-01T23:47:38.111-0500] {logging_mixin.py:188} INFO - [2024-05-01T23:47:38.111-0500] {dagbag.py:540} INFO - Filling up the DagBag from /Users/nestoralfaro/Desktop/pbi-scenario-two/py_env/lib/python3.9/site-packages/airflow/example_dags/example_skip_dag.py
[2024-05-01T23:47:38.114-0500] {processor.py:840} INFO - DAG(s) 'example_skip_dag' retrieved from /Users/nestoralfaro/Desktop/pbi-scenario-two/py_env/lib/python3.9/site-packages/airflow/example_dags/example_skip_dag.py
[2024-05-01T23:47:38.155-0500] {logging_mixin.py:188} INFO - [2024-05-01T23:47:38.155-0500] {dag.py:3096} INFO - Sync 1 DAGs
[2024-05-01T23:47:38.162-0500] {logging_mixin.py:188} INFO - [2024-05-01T23:47:38.162-0500] {dag.py:3954} INFO - Setting next_dagrun for example_skip_dag to 2024-05-01 00:00:00+00:00, run_after=2024-05-02 00:00:00+00:00
[2024-05-01T23:47:38.169-0500] {processor.py:183} INFO - Processing /Users/nestoralfaro/Desktop/pbi-scenario-two/py_env/lib/python3.9/site-packages/airflow/example_dags/example_skip_dag.py took 0.063 seconds
[2024-05-01T23:49:31.597-0500] {processor.py:161} INFO - Started process (PID=35558) to work on /Users/nestoralfaro/Desktop/pbi-scenario-two/py_env/lib/python3.9/site-packages/airflow/example_dags/example_skip_dag.py
[2024-05-01T23:49:31.599-0500] {processor.py:830} INFO - Processing file /Users/nestoralfaro/Desktop/pbi-scenario-two/py_env/lib/python3.9/site-packages/airflow/example_dags/example_skip_dag.py for tasks to queue
[2024-05-01T23:49:31.599-0500] {logging_mixin.py:188} INFO - [2024-05-01T23:49:31.599-0500] {dagbag.py:540} INFO - Filling up the DagBag from /Users/nestoralfaro/Desktop/pbi-scenario-two/py_env/lib/python3.9/site-packages/airflow/example_dags/example_skip_dag.py
[2024-05-01T23:49:31.603-0500] {processor.py:840} INFO - DAG(s) 'example_skip_dag' retrieved from /Users/nestoralfaro/Desktop/pbi-scenario-two/py_env/lib/python3.9/site-packages/airflow/example_dags/example_skip_dag.py
[2024-05-01T23:49:31.649-0500] {logging_mixin.py:188} INFO - [2024-05-01T23:49:31.649-0500] {dag.py:3096} INFO - Sync 1 DAGs
[2024-05-01T23:49:31.657-0500] {logging_mixin.py:188} INFO - [2024-05-01T23:49:31.657-0500] {dag.py:3954} INFO - Setting next_dagrun for example_skip_dag to 2024-05-01 00:00:00+00:00, run_after=2024-05-02 00:00:00+00:00
[2024-05-01T23:49:31.665-0500] {processor.py:183} INFO - Processing /Users/nestoralfaro/Desktop/pbi-scenario-two/py_env/lib/python3.9/site-packages/airflow/example_dags/example_skip_dag.py took 0.069 seconds
[2024-05-01T23:51:25.062-0500] {processor.py:161} INFO - Started process (PID=35627) to work on /Users/nestoralfaro/Desktop/pbi-scenario-two/py_env/lib/python3.9/site-packages/airflow/example_dags/example_skip_dag.py
[2024-05-01T23:51:25.063-0500] {processor.py:830} INFO - Processing file /Users/nestoralfaro/Desktop/pbi-scenario-two/py_env/lib/python3.9/site-packages/airflow/example_dags/example_skip_dag.py for tasks to queue
[2024-05-01T23:51:25.064-0500] {logging_mixin.py:188} INFO - [2024-05-01T23:51:25.063-0500] {dagbag.py:540} INFO - Filling up the DagBag from /Users/nestoralfaro/Desktop/pbi-scenario-two/py_env/lib/python3.9/site-packages/airflow/example_dags/example_skip_dag.py
[2024-05-01T23:51:25.067-0500] {processor.py:840} INFO - DAG(s) 'example_skip_dag' retrieved from /Users/nestoralfaro/Desktop/pbi-scenario-two/py_env/lib/python3.9/site-packages/airflow/example_dags/example_skip_dag.py
[2024-05-01T23:51:25.110-0500] {logging_mixin.py:188} INFO - [2024-05-01T23:51:25.110-0500] {dag.py:3096} INFO - Sync 1 DAGs
[2024-05-01T23:51:25.118-0500] {logging_mixin.py:188} INFO - [2024-05-01T23:51:25.118-0500] {dag.py:3954} INFO - Setting next_dagrun for example_skip_dag to 2024-05-01 00:00:00+00:00, run_after=2024-05-02 00:00:00+00:00
[2024-05-01T23:51:25.125-0500] {processor.py:183} INFO - Processing /Users/nestoralfaro/Desktop/pbi-scenario-two/py_env/lib/python3.9/site-packages/airflow/example_dags/example_skip_dag.py took 0.065 seconds
[2024-05-01T23:53:23.251-0500] {processor.py:161} INFO - Started process (PID=35713) to work on /Users/nestoralfaro/Desktop/pbi-scenario-two/py_env/lib/python3.9/site-packages/airflow/example_dags/example_skip_dag.py
[2024-05-01T23:53:23.252-0500] {processor.py:830} INFO - Processing file /Users/nestoralfaro/Desktop/pbi-scenario-two/py_env/lib/python3.9/site-packages/airflow/example_dags/example_skip_dag.py for tasks to queue
[2024-05-01T23:53:23.252-0500] {logging_mixin.py:188} INFO - [2024-05-01T23:53:23.252-0500] {dagbag.py:540} INFO - Filling up the DagBag from /Users/nestoralfaro/Desktop/pbi-scenario-two/py_env/lib/python3.9/site-packages/airflow/example_dags/example_skip_dag.py
[2024-05-01T23:53:23.256-0500] {processor.py:840} INFO - DAG(s) 'example_skip_dag' retrieved from /Users/nestoralfaro/Desktop/pbi-scenario-two/py_env/lib/python3.9/site-packages/airflow/example_dags/example_skip_dag.py
[2024-05-01T23:53:23.301-0500] {logging_mixin.py:188} INFO - [2024-05-01T23:53:23.301-0500] {dag.py:3096} INFO - Sync 1 DAGs
[2024-05-01T23:53:23.310-0500] {logging_mixin.py:188} INFO - [2024-05-01T23:53:23.310-0500] {dag.py:3954} INFO - Setting next_dagrun for example_skip_dag to 2024-05-01 00:00:00+00:00, run_after=2024-05-02 00:00:00+00:00
[2024-05-01T23:53:23.318-0500] {processor.py:183} INFO - Processing /Users/nestoralfaro/Desktop/pbi-scenario-two/py_env/lib/python3.9/site-packages/airflow/example_dags/example_skip_dag.py took 0.068 seconds
[2024-05-01T23:55:18.253-0500] {processor.py:161} INFO - Started process (PID=35782) to work on /Users/nestoralfaro/Desktop/pbi-scenario-two/py_env/lib/python3.9/site-packages/airflow/example_dags/example_skip_dag.py
[2024-05-01T23:55:18.254-0500] {processor.py:830} INFO - Processing file /Users/nestoralfaro/Desktop/pbi-scenario-two/py_env/lib/python3.9/site-packages/airflow/example_dags/example_skip_dag.py for tasks to queue
[2024-05-01T23:55:18.255-0500] {logging_mixin.py:188} INFO - [2024-05-01T23:55:18.254-0500] {dagbag.py:540} INFO - Filling up the DagBag from /Users/nestoralfaro/Desktop/pbi-scenario-two/py_env/lib/python3.9/site-packages/airflow/example_dags/example_skip_dag.py
[2024-05-01T23:55:18.258-0500] {processor.py:840} INFO - DAG(s) 'example_skip_dag' retrieved from /Users/nestoralfaro/Desktop/pbi-scenario-two/py_env/lib/python3.9/site-packages/airflow/example_dags/example_skip_dag.py
[2024-05-01T23:55:18.298-0500] {logging_mixin.py:188} INFO - [2024-05-01T23:55:18.297-0500] {dag.py:3096} INFO - Sync 1 DAGs
[2024-05-01T23:55:18.305-0500] {logging_mixin.py:188} INFO - [2024-05-01T23:55:18.305-0500] {dag.py:3954} INFO - Setting next_dagrun for example_skip_dag to 2024-05-01 00:00:00+00:00, run_after=2024-05-02 00:00:00+00:00
[2024-05-01T23:55:18.312-0500] {processor.py:183} INFO - Processing /Users/nestoralfaro/Desktop/pbi-scenario-two/py_env/lib/python3.9/site-packages/airflow/example_dags/example_skip_dag.py took 0.060 seconds
[2024-05-01T23:57:07.524-0500] {processor.py:161} INFO - Started process (PID=35850) to work on /Users/nestoralfaro/Desktop/pbi-scenario-two/py_env/lib/python3.9/site-packages/airflow/example_dags/example_skip_dag.py
[2024-05-01T23:57:07.525-0500] {processor.py:830} INFO - Processing file /Users/nestoralfaro/Desktop/pbi-scenario-two/py_env/lib/python3.9/site-packages/airflow/example_dags/example_skip_dag.py for tasks to queue
[2024-05-01T23:57:07.525-0500] {logging_mixin.py:188} INFO - [2024-05-01T23:57:07.525-0500] {dagbag.py:540} INFO - Filling up the DagBag from /Users/nestoralfaro/Desktop/pbi-scenario-two/py_env/lib/python3.9/site-packages/airflow/example_dags/example_skip_dag.py
[2024-05-01T23:57:07.528-0500] {processor.py:840} INFO - DAG(s) 'example_skip_dag' retrieved from /Users/nestoralfaro/Desktop/pbi-scenario-two/py_env/lib/python3.9/site-packages/airflow/example_dags/example_skip_dag.py
[2024-05-01T23:57:07.569-0500] {logging_mixin.py:188} INFO - [2024-05-01T23:57:07.569-0500] {dag.py:3096} INFO - Sync 1 DAGs
[2024-05-01T23:57:07.576-0500] {logging_mixin.py:188} INFO - [2024-05-01T23:57:07.576-0500] {dag.py:3954} INFO - Setting next_dagrun for example_skip_dag to 2024-05-01 00:00:00+00:00, run_after=2024-05-02 00:00:00+00:00
[2024-05-01T23:57:07.584-0500] {processor.py:183} INFO - Processing /Users/nestoralfaro/Desktop/pbi-scenario-two/py_env/lib/python3.9/site-packages/airflow/example_dags/example_skip_dag.py took 0.061 seconds
[2024-05-01T23:58:59.983-0500] {processor.py:161} INFO - Started process (PID=35920) to work on /Users/nestoralfaro/Desktop/pbi-scenario-two/py_env/lib/python3.9/site-packages/airflow/example_dags/example_skip_dag.py
[2024-05-01T23:58:59.984-0500] {processor.py:830} INFO - Processing file /Users/nestoralfaro/Desktop/pbi-scenario-two/py_env/lib/python3.9/site-packages/airflow/example_dags/example_skip_dag.py for tasks to queue
[2024-05-01T23:58:59.984-0500] {logging_mixin.py:188} INFO - [2024-05-01T23:58:59.984-0500] {dagbag.py:540} INFO - Filling up the DagBag from /Users/nestoralfaro/Desktop/pbi-scenario-two/py_env/lib/python3.9/site-packages/airflow/example_dags/example_skip_dag.py
[2024-05-01T23:58:59.987-0500] {processor.py:840} INFO - DAG(s) 'example_skip_dag' retrieved from /Users/nestoralfaro/Desktop/pbi-scenario-two/py_env/lib/python3.9/site-packages/airflow/example_dags/example_skip_dag.py
[2024-05-01T23:59:00.030-0500] {logging_mixin.py:188} INFO - [2024-05-01T23:59:00.030-0500] {dag.py:3096} INFO - Sync 1 DAGs
[2024-05-01T23:59:00.038-0500] {logging_mixin.py:188} INFO - [2024-05-01T23:59:00.038-0500] {dag.py:3954} INFO - Setting next_dagrun for example_skip_dag to 2024-05-01 00:00:00+00:00, run_after=2024-05-02 00:00:00+00:00
[2024-05-01T23:59:00.045-0500] {processor.py:183} INFO - Processing /Users/nestoralfaro/Desktop/pbi-scenario-two/py_env/lib/python3.9/site-packages/airflow/example_dags/example_skip_dag.py took 0.063 seconds
[2024-05-02T00:00:50.462-0500] {processor.py:161} INFO - Started process (PID=36013) to work on /Users/nestoralfaro/Desktop/pbi-scenario-two/py_env/lib/python3.9/site-packages/airflow/example_dags/example_skip_dag.py
[2024-05-02T00:00:50.463-0500] {processor.py:830} INFO - Processing file /Users/nestoralfaro/Desktop/pbi-scenario-two/py_env/lib/python3.9/site-packages/airflow/example_dags/example_skip_dag.py for tasks to queue
[2024-05-02T00:00:50.464-0500] {logging_mixin.py:188} INFO - [2024-05-02T00:00:50.463-0500] {dagbag.py:540} INFO - Filling up the DagBag from /Users/nestoralfaro/Desktop/pbi-scenario-two/py_env/lib/python3.9/site-packages/airflow/example_dags/example_skip_dag.py
[2024-05-02T00:00:50.467-0500] {processor.py:840} INFO - DAG(s) 'example_skip_dag' retrieved from /Users/nestoralfaro/Desktop/pbi-scenario-two/py_env/lib/python3.9/site-packages/airflow/example_dags/example_skip_dag.py
[2024-05-02T00:00:50.512-0500] {logging_mixin.py:188} INFO - [2024-05-02T00:00:50.511-0500] {dag.py:3096} INFO - Sync 1 DAGs
[2024-05-02T00:00:50.521-0500] {logging_mixin.py:188} INFO - [2024-05-02T00:00:50.521-0500] {dag.py:3954} INFO - Setting next_dagrun for example_skip_dag to 2024-05-01 00:00:00+00:00, run_after=2024-05-02 00:00:00+00:00
[2024-05-02T00:00:50.530-0500] {processor.py:183} INFO - Processing /Users/nestoralfaro/Desktop/pbi-scenario-two/py_env/lib/python3.9/site-packages/airflow/example_dags/example_skip_dag.py took 0.070 seconds
[2024-05-02T00:02:48.667-0500] {processor.py:161} INFO - Started process (PID=36096) to work on /Users/nestoralfaro/Desktop/pbi-scenario-two/py_env/lib/python3.9/site-packages/airflow/example_dags/example_skip_dag.py
[2024-05-02T00:02:48.669-0500] {processor.py:830} INFO - Processing file /Users/nestoralfaro/Desktop/pbi-scenario-two/py_env/lib/python3.9/site-packages/airflow/example_dags/example_skip_dag.py for tasks to queue
[2024-05-02T00:02:48.670-0500] {logging_mixin.py:188} INFO - [2024-05-02T00:02:48.670-0500] {dagbag.py:540} INFO - Filling up the DagBag from /Users/nestoralfaro/Desktop/pbi-scenario-two/py_env/lib/python3.9/site-packages/airflow/example_dags/example_skip_dag.py
[2024-05-02T00:02:48.673-0500] {processor.py:840} INFO - DAG(s) 'example_skip_dag' retrieved from /Users/nestoralfaro/Desktop/pbi-scenario-two/py_env/lib/python3.9/site-packages/airflow/example_dags/example_skip_dag.py
[2024-05-02T00:02:48.716-0500] {logging_mixin.py:188} INFO - [2024-05-02T00:02:48.715-0500] {dag.py:3096} INFO - Sync 1 DAGs
[2024-05-02T00:02:48.724-0500] {logging_mixin.py:188} INFO - [2024-05-02T00:02:48.724-0500] {dag.py:3954} INFO - Setting next_dagrun for example_skip_dag to 2024-05-01 00:00:00+00:00, run_after=2024-05-02 00:00:00+00:00
[2024-05-02T00:02:48.731-0500] {processor.py:183} INFO - Processing /Users/nestoralfaro/Desktop/pbi-scenario-two/py_env/lib/python3.9/site-packages/airflow/example_dags/example_skip_dag.py took 0.066 seconds
[2024-05-02T00:04:43.340-0500] {processor.py:161} INFO - Started process (PID=36171) to work on /Users/nestoralfaro/Desktop/pbi-scenario-two/py_env/lib/python3.9/site-packages/airflow/example_dags/example_skip_dag.py
[2024-05-02T00:04:43.343-0500] {processor.py:830} INFO - Processing file /Users/nestoralfaro/Desktop/pbi-scenario-two/py_env/lib/python3.9/site-packages/airflow/example_dags/example_skip_dag.py for tasks to queue
[2024-05-02T00:04:43.343-0500] {logging_mixin.py:188} INFO - [2024-05-02T00:04:43.343-0500] {dagbag.py:540} INFO - Filling up the DagBag from /Users/nestoralfaro/Desktop/pbi-scenario-two/py_env/lib/python3.9/site-packages/airflow/example_dags/example_skip_dag.py
[2024-05-02T00:04:43.347-0500] {processor.py:840} INFO - DAG(s) 'example_skip_dag' retrieved from /Users/nestoralfaro/Desktop/pbi-scenario-two/py_env/lib/python3.9/site-packages/airflow/example_dags/example_skip_dag.py
[2024-05-02T00:04:43.390-0500] {logging_mixin.py:188} INFO - [2024-05-02T00:04:43.390-0500] {dag.py:3096} INFO - Sync 1 DAGs
[2024-05-02T00:04:43.398-0500] {logging_mixin.py:188} INFO - [2024-05-02T00:04:43.398-0500] {dag.py:3954} INFO - Setting next_dagrun for example_skip_dag to 2024-05-01 00:00:00+00:00, run_after=2024-05-02 00:00:00+00:00
[2024-05-02T00:04:43.407-0500] {processor.py:183} INFO - Processing /Users/nestoralfaro/Desktop/pbi-scenario-two/py_env/lib/python3.9/site-packages/airflow/example_dags/example_skip_dag.py took 0.067 seconds
[2024-05-02T00:06:37.055-0500] {processor.py:161} INFO - Started process (PID=36253) to work on /Users/nestoralfaro/Desktop/pbi-scenario-two/py_env/lib/python3.9/site-packages/airflow/example_dags/example_skip_dag.py
[2024-05-02T00:06:37.058-0500] {processor.py:830} INFO - Processing file /Users/nestoralfaro/Desktop/pbi-scenario-two/py_env/lib/python3.9/site-packages/airflow/example_dags/example_skip_dag.py for tasks to queue
[2024-05-02T00:06:37.058-0500] {logging_mixin.py:188} INFO - [2024-05-02T00:06:37.058-0500] {dagbag.py:540} INFO - Filling up the DagBag from /Users/nestoralfaro/Desktop/pbi-scenario-two/py_env/lib/python3.9/site-packages/airflow/example_dags/example_skip_dag.py
[2024-05-02T00:06:37.061-0500] {processor.py:840} INFO - DAG(s) 'example_skip_dag' retrieved from /Users/nestoralfaro/Desktop/pbi-scenario-two/py_env/lib/python3.9/site-packages/airflow/example_dags/example_skip_dag.py
[2024-05-02T00:06:37.102-0500] {logging_mixin.py:188} INFO - [2024-05-02T00:06:37.102-0500] {dag.py:3096} INFO - Sync 1 DAGs
[2024-05-02T00:06:37.110-0500] {logging_mixin.py:188} INFO - [2024-05-02T00:06:37.110-0500] {dag.py:3954} INFO - Setting next_dagrun for example_skip_dag to 2024-05-01 00:00:00+00:00, run_after=2024-05-02 00:00:00+00:00
[2024-05-02T00:06:37.118-0500] {processor.py:183} INFO - Processing /Users/nestoralfaro/Desktop/pbi-scenario-two/py_env/lib/python3.9/site-packages/airflow/example_dags/example_skip_dag.py took 0.064 seconds
[2024-05-02T00:08:24.251-0500] {processor.py:161} INFO - Started process (PID=36329) to work on /Users/nestoralfaro/Desktop/pbi-scenario-two/py_env/lib/python3.9/site-packages/airflow/example_dags/example_skip_dag.py
[2024-05-02T00:08:24.252-0500] {processor.py:830} INFO - Processing file /Users/nestoralfaro/Desktop/pbi-scenario-two/py_env/lib/python3.9/site-packages/airflow/example_dags/example_skip_dag.py for tasks to queue
[2024-05-02T00:08:24.252-0500] {logging_mixin.py:188} INFO - [2024-05-02T00:08:24.252-0500] {dagbag.py:540} INFO - Filling up the DagBag from /Users/nestoralfaro/Desktop/pbi-scenario-two/py_env/lib/python3.9/site-packages/airflow/example_dags/example_skip_dag.py
[2024-05-02T00:08:24.256-0500] {processor.py:840} INFO - DAG(s) 'example_skip_dag' retrieved from /Users/nestoralfaro/Desktop/pbi-scenario-two/py_env/lib/python3.9/site-packages/airflow/example_dags/example_skip_dag.py
[2024-05-02T00:08:24.297-0500] {logging_mixin.py:188} INFO - [2024-05-02T00:08:24.297-0500] {dag.py:3096} INFO - Sync 1 DAGs
[2024-05-02T00:08:24.305-0500] {logging_mixin.py:188} INFO - [2024-05-02T00:08:24.305-0500] {dag.py:3954} INFO - Setting next_dagrun for example_skip_dag to 2024-05-01 00:00:00+00:00, run_after=2024-05-02 00:00:00+00:00
[2024-05-02T00:08:24.312-0500] {processor.py:183} INFO - Processing /Users/nestoralfaro/Desktop/pbi-scenario-two/py_env/lib/python3.9/site-packages/airflow/example_dags/example_skip_dag.py took 0.063 seconds
[2024-05-02T00:11:29.210-0500] {processor.py:161} INFO - Started process (PID=36428) to work on /Users/nestoralfaro/Desktop/pbi-scenario-two/py_env/lib/python3.9/site-packages/airflow/example_dags/example_skip_dag.py
[2024-05-02T00:11:29.214-0500] {processor.py:830} INFO - Processing file /Users/nestoralfaro/Desktop/pbi-scenario-two/py_env/lib/python3.9/site-packages/airflow/example_dags/example_skip_dag.py for tasks to queue
[2024-05-02T00:11:29.215-0500] {logging_mixin.py:188} INFO - [2024-05-02T00:11:29.215-0500] {dagbag.py:540} INFO - Filling up the DagBag from /Users/nestoralfaro/Desktop/pbi-scenario-two/py_env/lib/python3.9/site-packages/airflow/example_dags/example_skip_dag.py
[2024-05-02T00:11:29.219-0500] {processor.py:840} INFO - DAG(s) 'example_skip_dag' retrieved from /Users/nestoralfaro/Desktop/pbi-scenario-two/py_env/lib/python3.9/site-packages/airflow/example_dags/example_skip_dag.py
[2024-05-02T00:11:29.262-0500] {logging_mixin.py:188} INFO - [2024-05-02T00:11:29.262-0500] {dag.py:3096} INFO - Sync 1 DAGs
[2024-05-02T00:11:29.270-0500] {logging_mixin.py:188} INFO - [2024-05-02T00:11:29.270-0500] {dag.py:3954} INFO - Setting next_dagrun for example_skip_dag to 2024-05-01 00:00:00+00:00, run_after=2024-05-02 00:00:00+00:00
[2024-05-02T00:11:29.277-0500] {processor.py:183} INFO - Processing /Users/nestoralfaro/Desktop/pbi-scenario-two/py_env/lib/python3.9/site-packages/airflow/example_dags/example_skip_dag.py took 0.069 seconds
[2024-05-02T00:12:55.711-0500] {processor.py:161} INFO - Started process (PID=36523) to work on /Users/nestoralfaro/Desktop/pbi-scenario-two/py_env/lib/python3.9/site-packages/airflow/example_dags/example_skip_dag.py
[2024-05-02T00:12:55.713-0500] {processor.py:830} INFO - Processing file /Users/nestoralfaro/Desktop/pbi-scenario-two/py_env/lib/python3.9/site-packages/airflow/example_dags/example_skip_dag.py for tasks to queue
[2024-05-02T00:12:55.713-0500] {logging_mixin.py:188} INFO - [2024-05-02T00:12:55.713-0500] {dagbag.py:540} INFO - Filling up the DagBag from /Users/nestoralfaro/Desktop/pbi-scenario-two/py_env/lib/python3.9/site-packages/airflow/example_dags/example_skip_dag.py
[2024-05-02T00:12:55.717-0500] {processor.py:840} INFO - DAG(s) 'example_skip_dag' retrieved from /Users/nestoralfaro/Desktop/pbi-scenario-two/py_env/lib/python3.9/site-packages/airflow/example_dags/example_skip_dag.py
[2024-05-02T00:12:55.765-0500] {logging_mixin.py:188} INFO - [2024-05-02T00:12:55.765-0500] {dag.py:3096} INFO - Sync 1 DAGs
[2024-05-02T00:12:55.774-0500] {logging_mixin.py:188} INFO - [2024-05-02T00:12:55.773-0500] {dag.py:3954} INFO - Setting next_dagrun for example_skip_dag to 2024-05-01 00:00:00+00:00, run_after=2024-05-02 00:00:00+00:00
[2024-05-02T00:12:55.783-0500] {processor.py:183} INFO - Processing /Users/nestoralfaro/Desktop/pbi-scenario-two/py_env/lib/python3.9/site-packages/airflow/example_dags/example_skip_dag.py took 0.073 seconds
[2024-05-02T00:15:20.991-0500] {processor.py:161} INFO - Started process (PID=36610) to work on /Users/nestoralfaro/Desktop/pbi-scenario-two/py_env/lib/python3.9/site-packages/airflow/example_dags/example_skip_dag.py
[2024-05-02T00:15:20.993-0500] {processor.py:830} INFO - Processing file /Users/nestoralfaro/Desktop/pbi-scenario-two/py_env/lib/python3.9/site-packages/airflow/example_dags/example_skip_dag.py for tasks to queue
[2024-05-02T00:15:20.993-0500] {logging_mixin.py:188} INFO - [2024-05-02T00:15:20.993-0500] {dagbag.py:540} INFO - Filling up the DagBag from /Users/nestoralfaro/Desktop/pbi-scenario-two/py_env/lib/python3.9/site-packages/airflow/example_dags/example_skip_dag.py
[2024-05-02T00:15:20.997-0500] {processor.py:840} INFO - DAG(s) 'example_skip_dag' retrieved from /Users/nestoralfaro/Desktop/pbi-scenario-two/py_env/lib/python3.9/site-packages/airflow/example_dags/example_skip_dag.py
[2024-05-02T00:15:21.044-0500] {logging_mixin.py:188} INFO - [2024-05-02T00:15:21.043-0500] {dag.py:3096} INFO - Sync 1 DAGs
[2024-05-02T00:15:21.052-0500] {logging_mixin.py:188} INFO - [2024-05-02T00:15:21.052-0500] {dag.py:3954} INFO - Setting next_dagrun for example_skip_dag to 2024-05-01 00:00:00+00:00, run_after=2024-05-02 00:00:00+00:00
[2024-05-02T00:15:21.060-0500] {processor.py:183} INFO - Processing /Users/nestoralfaro/Desktop/pbi-scenario-two/py_env/lib/python3.9/site-packages/airflow/example_dags/example_skip_dag.py took 0.071 seconds
[2024-05-02T00:16:50.520-0500] {processor.py:161} INFO - Started process (PID=36676) to work on /Users/nestoralfaro/Desktop/pbi-scenario-two/py_env/lib/python3.9/site-packages/airflow/example_dags/example_skip_dag.py
[2024-05-02T00:16:50.521-0500] {processor.py:830} INFO - Processing file /Users/nestoralfaro/Desktop/pbi-scenario-two/py_env/lib/python3.9/site-packages/airflow/example_dags/example_skip_dag.py for tasks to queue
[2024-05-02T00:16:50.522-0500] {logging_mixin.py:188} INFO - [2024-05-02T00:16:50.522-0500] {dagbag.py:540} INFO - Filling up the DagBag from /Users/nestoralfaro/Desktop/pbi-scenario-two/py_env/lib/python3.9/site-packages/airflow/example_dags/example_skip_dag.py
[2024-05-02T00:16:50.525-0500] {processor.py:840} INFO - DAG(s) 'example_skip_dag' retrieved from /Users/nestoralfaro/Desktop/pbi-scenario-two/py_env/lib/python3.9/site-packages/airflow/example_dags/example_skip_dag.py
[2024-05-02T00:16:50.566-0500] {logging_mixin.py:188} INFO - [2024-05-02T00:16:50.566-0500] {dag.py:3096} INFO - Sync 1 DAGs
[2024-05-02T00:16:50.573-0500] {logging_mixin.py:188} INFO - [2024-05-02T00:16:50.573-0500] {dag.py:3954} INFO - Setting next_dagrun for example_skip_dag to 2024-05-01 00:00:00+00:00, run_after=2024-05-02 00:00:00+00:00
[2024-05-02T00:16:50.580-0500] {processor.py:183} INFO - Processing /Users/nestoralfaro/Desktop/pbi-scenario-two/py_env/lib/python3.9/site-packages/airflow/example_dags/example_skip_dag.py took 0.061 seconds
[2024-05-02T00:18:46.196-0500] {processor.py:161} INFO - Started process (PID=36751) to work on /Users/nestoralfaro/Desktop/pbi-scenario-two/py_env/lib/python3.9/site-packages/airflow/example_dags/example_skip_dag.py
[2024-05-02T00:18:46.197-0500] {processor.py:830} INFO - Processing file /Users/nestoralfaro/Desktop/pbi-scenario-two/py_env/lib/python3.9/site-packages/airflow/example_dags/example_skip_dag.py for tasks to queue
[2024-05-02T00:18:46.198-0500] {logging_mixin.py:188} INFO - [2024-05-02T00:18:46.197-0500] {dagbag.py:540} INFO - Filling up the DagBag from /Users/nestoralfaro/Desktop/pbi-scenario-two/py_env/lib/python3.9/site-packages/airflow/example_dags/example_skip_dag.py
[2024-05-02T00:18:46.201-0500] {processor.py:840} INFO - DAG(s) 'example_skip_dag' retrieved from /Users/nestoralfaro/Desktop/pbi-scenario-two/py_env/lib/python3.9/site-packages/airflow/example_dags/example_skip_dag.py
[2024-05-02T00:18:46.247-0500] {logging_mixin.py:188} INFO - [2024-05-02T00:18:46.247-0500] {dag.py:3096} INFO - Sync 1 DAGs
[2024-05-02T00:18:46.255-0500] {logging_mixin.py:188} INFO - [2024-05-02T00:18:46.254-0500] {dag.py:3954} INFO - Setting next_dagrun for example_skip_dag to 2024-05-01 00:00:00+00:00, run_after=2024-05-02 00:00:00+00:00
[2024-05-02T00:18:46.261-0500] {processor.py:183} INFO - Processing /Users/nestoralfaro/Desktop/pbi-scenario-two/py_env/lib/python3.9/site-packages/airflow/example_dags/example_skip_dag.py took 0.067 seconds
[2024-05-02T00:20:42.769-0500] {processor.py:161} INFO - Started process (PID=36861) to work on /Users/nestoralfaro/Desktop/pbi-scenario-two/py_env/lib/python3.9/site-packages/airflow/example_dags/example_skip_dag.py
[2024-05-02T00:20:42.770-0500] {processor.py:830} INFO - Processing file /Users/nestoralfaro/Desktop/pbi-scenario-two/py_env/lib/python3.9/site-packages/airflow/example_dags/example_skip_dag.py for tasks to queue
[2024-05-02T00:20:42.770-0500] {logging_mixin.py:188} INFO - [2024-05-02T00:20:42.770-0500] {dagbag.py:540} INFO - Filling up the DagBag from /Users/nestoralfaro/Desktop/pbi-scenario-two/py_env/lib/python3.9/site-packages/airflow/example_dags/example_skip_dag.py
[2024-05-02T00:20:42.773-0500] {processor.py:840} INFO - DAG(s) 'example_skip_dag' retrieved from /Users/nestoralfaro/Desktop/pbi-scenario-two/py_env/lib/python3.9/site-packages/airflow/example_dags/example_skip_dag.py
[2024-05-02T00:20:42.817-0500] {logging_mixin.py:188} INFO - [2024-05-02T00:20:42.816-0500] {dag.py:3096} INFO - Sync 1 DAGs
[2024-05-02T00:20:42.825-0500] {logging_mixin.py:188} INFO - [2024-05-02T00:20:42.825-0500] {dag.py:3954} INFO - Setting next_dagrun for example_skip_dag to 2024-05-01 00:00:00+00:00, run_after=2024-05-02 00:00:00+00:00
[2024-05-02T00:20:42.833-0500] {processor.py:183} INFO - Processing /Users/nestoralfaro/Desktop/pbi-scenario-two/py_env/lib/python3.9/site-packages/airflow/example_dags/example_skip_dag.py took 0.066 seconds
[2024-05-02T00:22:38.589-0500] {processor.py:161} INFO - Started process (PID=36963) to work on /Users/nestoralfaro/Desktop/pbi-scenario-two/py_env/lib/python3.9/site-packages/airflow/example_dags/example_skip_dag.py
[2024-05-02T00:22:38.591-0500] {processor.py:830} INFO - Processing file /Users/nestoralfaro/Desktop/pbi-scenario-two/py_env/lib/python3.9/site-packages/airflow/example_dags/example_skip_dag.py for tasks to queue
[2024-05-02T00:22:38.592-0500] {logging_mixin.py:188} INFO - [2024-05-02T00:22:38.591-0500] {dagbag.py:540} INFO - Filling up the DagBag from /Users/nestoralfaro/Desktop/pbi-scenario-two/py_env/lib/python3.9/site-packages/airflow/example_dags/example_skip_dag.py
[2024-05-02T00:22:38.595-0500] {processor.py:840} INFO - DAG(s) 'example_skip_dag' retrieved from /Users/nestoralfaro/Desktop/pbi-scenario-two/py_env/lib/python3.9/site-packages/airflow/example_dags/example_skip_dag.py
[2024-05-02T00:22:38.637-0500] {logging_mixin.py:188} INFO - [2024-05-02T00:22:38.637-0500] {dag.py:3096} INFO - Sync 1 DAGs
[2024-05-02T00:22:38.645-0500] {logging_mixin.py:188} INFO - [2024-05-02T00:22:38.645-0500] {dag.py:3954} INFO - Setting next_dagrun for example_skip_dag to 2024-05-01 00:00:00+00:00, run_after=2024-05-02 00:00:00+00:00
[2024-05-02T00:22:38.652-0500] {processor.py:183} INFO - Processing /Users/nestoralfaro/Desktop/pbi-scenario-two/py_env/lib/python3.9/site-packages/airflow/example_dags/example_skip_dag.py took 0.065 seconds
