[2024-05-01T23:30:49.019-0500] {processor.py:161} INFO - Started process (PID=34763) to work on /Users/nestoralfaro/Desktop/pbi-scenario-two/py_env/lib/python3.9/site-packages/airflow/example_dags/example_python_decorator.py
[2024-05-01T23:30:49.020-0500] {processor.py:830} INFO - Processing file /Users/nestoralfaro/Desktop/pbi-scenario-two/py_env/lib/python3.9/site-packages/airflow/example_dags/example_python_decorator.py for tasks to queue
[2024-05-01T23:30:49.020-0500] {logging_mixin.py:188} INFO - [2024-05-01T23:30:49.020-0500] {dagbag.py:540} INFO - Filling up the DagBag from /Users/nestoralfaro/Desktop/pbi-scenario-two/py_env/lib/python3.9/site-packages/airflow/example_dags/example_python_decorator.py
[2024-05-01T23:30:49.039-0500] {logging_mixin.py:188} INFO - [2024-05-01T23:30:49.039-0500] {example_python_decorator.py:80} WARNING - The virtalenv_python example task requires virtualenv, please install it.
[2024-05-01T23:30:49.040-0500] {processor.py:840} INFO - DAG(s) 'example_python_decorator' retrieved from /Users/nestoralfaro/Desktop/pbi-scenario-two/py_env/lib/python3.9/site-packages/airflow/example_dags/example_python_decorator.py
[2024-05-01T23:30:49.149-0500] {logging_mixin.py:188} INFO - [2024-05-01T23:30:49.149-0500] {dag.py:3096} INFO - Sync 1 DAGs
[2024-05-01T23:30:49.153-0500] {logging_mixin.py:188} INFO - [2024-05-01T23:30:49.153-0500] {dag.py:3954} INFO - Setting next_dagrun for example_python_decorator to None, run_after=None
[2024-05-01T23:30:49.162-0500] {processor.py:183} INFO - Processing /Users/nestoralfaro/Desktop/pbi-scenario-two/py_env/lib/python3.9/site-packages/airflow/example_dags/example_python_decorator.py took 0.145 seconds
[2024-05-01T23:32:23.056-0500] {processor.py:161} INFO - Started process (PID=34838) to work on /Users/nestoralfaro/Desktop/pbi-scenario-two/py_env/lib/python3.9/site-packages/airflow/example_dags/example_python_decorator.py
[2024-05-01T23:32:23.058-0500] {processor.py:830} INFO - Processing file /Users/nestoralfaro/Desktop/pbi-scenario-two/py_env/lib/python3.9/site-packages/airflow/example_dags/example_python_decorator.py for tasks to queue
[2024-05-01T23:32:23.059-0500] {logging_mixin.py:188} INFO - [2024-05-01T23:32:23.059-0500] {dagbag.py:540} INFO - Filling up the DagBag from /Users/nestoralfaro/Desktop/pbi-scenario-two/py_env/lib/python3.9/site-packages/airflow/example_dags/example_python_decorator.py
[2024-05-01T23:32:23.076-0500] {logging_mixin.py:188} INFO - [2024-05-01T23:32:23.076-0500] {example_python_decorator.py:80} WARNING - The virtalenv_python example task requires virtualenv, please install it.
[2024-05-01T23:32:23.077-0500] {processor.py:840} INFO - DAG(s) 'example_python_decorator' retrieved from /Users/nestoralfaro/Desktop/pbi-scenario-two/py_env/lib/python3.9/site-packages/airflow/example_dags/example_python_decorator.py
[2024-05-01T23:32:23.122-0500] {logging_mixin.py:188} INFO - [2024-05-01T23:32:23.121-0500] {dag.py:3096} INFO - Sync 1 DAGs
[2024-05-01T23:32:23.152-0500] {logging_mixin.py:188} INFO - [2024-05-01T23:32:23.152-0500] {dag.py:3954} INFO - Setting next_dagrun for example_python_decorator to None, run_after=None
[2024-05-01T23:32:23.161-0500] {processor.py:183} INFO - Processing /Users/nestoralfaro/Desktop/pbi-scenario-two/py_env/lib/python3.9/site-packages/airflow/example_dags/example_python_decorator.py took 0.106 seconds
[2024-05-01T23:34:23.970-0500] {processor.py:161} INFO - Started process (PID=34923) to work on /Users/nestoralfaro/Desktop/pbi-scenario-two/py_env/lib/python3.9/site-packages/airflow/example_dags/example_python_decorator.py
[2024-05-01T23:34:23.972-0500] {processor.py:830} INFO - Processing file /Users/nestoralfaro/Desktop/pbi-scenario-two/py_env/lib/python3.9/site-packages/airflow/example_dags/example_python_decorator.py for tasks to queue
[2024-05-01T23:34:23.972-0500] {logging_mixin.py:188} INFO - [2024-05-01T23:34:23.972-0500] {dagbag.py:540} INFO - Filling up the DagBag from /Users/nestoralfaro/Desktop/pbi-scenario-two/py_env/lib/python3.9/site-packages/airflow/example_dags/example_python_decorator.py
[2024-05-01T23:34:23.990-0500] {logging_mixin.py:188} INFO - [2024-05-01T23:34:23.990-0500] {example_python_decorator.py:80} WARNING - The virtalenv_python example task requires virtualenv, please install it.
[2024-05-01T23:34:23.991-0500] {processor.py:840} INFO - DAG(s) 'example_python_decorator' retrieved from /Users/nestoralfaro/Desktop/pbi-scenario-two/py_env/lib/python3.9/site-packages/airflow/example_dags/example_python_decorator.py
[2024-05-01T23:34:24.036-0500] {logging_mixin.py:188} INFO - [2024-05-01T23:34:24.036-0500] {dag.py:3096} INFO - Sync 1 DAGs
[2024-05-01T23:34:24.069-0500] {logging_mixin.py:188} INFO - [2024-05-01T23:34:24.069-0500] {dag.py:3954} INFO - Setting next_dagrun for example_python_decorator to None, run_after=None
[2024-05-01T23:34:24.077-0500] {processor.py:183} INFO - Processing /Users/nestoralfaro/Desktop/pbi-scenario-two/py_env/lib/python3.9/site-packages/airflow/example_dags/example_python_decorator.py took 0.108 seconds
[2024-05-01T23:36:17.939-0500] {processor.py:161} INFO - Started process (PID=34993) to work on /Users/nestoralfaro/Desktop/pbi-scenario-two/py_env/lib/python3.9/site-packages/airflow/example_dags/example_python_decorator.py
[2024-05-01T23:36:17.941-0500] {processor.py:830} INFO - Processing file /Users/nestoralfaro/Desktop/pbi-scenario-two/py_env/lib/python3.9/site-packages/airflow/example_dags/example_python_decorator.py for tasks to queue
[2024-05-01T23:36:17.941-0500] {logging_mixin.py:188} INFO - [2024-05-01T23:36:17.941-0500] {dagbag.py:540} INFO - Filling up the DagBag from /Users/nestoralfaro/Desktop/pbi-scenario-two/py_env/lib/python3.9/site-packages/airflow/example_dags/example_python_decorator.py
[2024-05-01T23:36:17.957-0500] {logging_mixin.py:188} INFO - [2024-05-01T23:36:17.957-0500] {example_python_decorator.py:80} WARNING - The virtalenv_python example task requires virtualenv, please install it.
[2024-05-01T23:36:17.958-0500] {processor.py:840} INFO - DAG(s) 'example_python_decorator' retrieved from /Users/nestoralfaro/Desktop/pbi-scenario-two/py_env/lib/python3.9/site-packages/airflow/example_dags/example_python_decorator.py
[2024-05-01T23:36:18.001-0500] {logging_mixin.py:188} INFO - [2024-05-01T23:36:18.001-0500] {dag.py:3096} INFO - Sync 1 DAGs
[2024-05-01T23:36:18.031-0500] {logging_mixin.py:188} INFO - [2024-05-01T23:36:18.031-0500] {dag.py:3954} INFO - Setting next_dagrun for example_python_decorator to None, run_after=None
[2024-05-01T23:36:18.038-0500] {processor.py:183} INFO - Processing /Users/nestoralfaro/Desktop/pbi-scenario-two/py_env/lib/python3.9/site-packages/airflow/example_dags/example_python_decorator.py took 0.100 seconds
[2024-05-01T23:38:11.943-0500] {processor.py:161} INFO - Started process (PID=35062) to work on /Users/nestoralfaro/Desktop/pbi-scenario-two/py_env/lib/python3.9/site-packages/airflow/example_dags/example_python_decorator.py
[2024-05-01T23:38:11.945-0500] {processor.py:830} INFO - Processing file /Users/nestoralfaro/Desktop/pbi-scenario-two/py_env/lib/python3.9/site-packages/airflow/example_dags/example_python_decorator.py for tasks to queue
[2024-05-01T23:38:11.945-0500] {logging_mixin.py:188} INFO - [2024-05-01T23:38:11.945-0500] {dagbag.py:540} INFO - Filling up the DagBag from /Users/nestoralfaro/Desktop/pbi-scenario-two/py_env/lib/python3.9/site-packages/airflow/example_dags/example_python_decorator.py
[2024-05-01T23:38:11.960-0500] {logging_mixin.py:188} INFO - [2024-05-01T23:38:11.960-0500] {example_python_decorator.py:80} WARNING - The virtalenv_python example task requires virtualenv, please install it.
[2024-05-01T23:38:11.961-0500] {processor.py:840} INFO - DAG(s) 'example_python_decorator' retrieved from /Users/nestoralfaro/Desktop/pbi-scenario-two/py_env/lib/python3.9/site-packages/airflow/example_dags/example_python_decorator.py
[2024-05-01T23:38:12.001-0500] {logging_mixin.py:188} INFO - [2024-05-01T23:38:12.001-0500] {dag.py:3096} INFO - Sync 1 DAGs
[2024-05-01T23:38:12.026-0500] {logging_mixin.py:188} INFO - [2024-05-01T23:38:12.026-0500] {dag.py:3954} INFO - Setting next_dagrun for example_python_decorator to None, run_after=None
[2024-05-01T23:38:12.033-0500] {processor.py:183} INFO - Processing /Users/nestoralfaro/Desktop/pbi-scenario-two/py_env/lib/python3.9/site-packages/airflow/example_dags/example_python_decorator.py took 0.092 seconds
[2024-05-01T23:40:07.272-0500] {processor.py:161} INFO - Started process (PID=35148) to work on /Users/nestoralfaro/Desktop/pbi-scenario-two/py_env/lib/python3.9/site-packages/airflow/example_dags/example_python_decorator.py
[2024-05-01T23:40:07.274-0500] {processor.py:830} INFO - Processing file /Users/nestoralfaro/Desktop/pbi-scenario-two/py_env/lib/python3.9/site-packages/airflow/example_dags/example_python_decorator.py for tasks to queue
[2024-05-01T23:40:07.274-0500] {logging_mixin.py:188} INFO - [2024-05-01T23:40:07.274-0500] {dagbag.py:540} INFO - Filling up the DagBag from /Users/nestoralfaro/Desktop/pbi-scenario-two/py_env/lib/python3.9/site-packages/airflow/example_dags/example_python_decorator.py
[2024-05-01T23:40:07.291-0500] {logging_mixin.py:188} INFO - [2024-05-01T23:40:07.291-0500] {example_python_decorator.py:80} WARNING - The virtalenv_python example task requires virtualenv, please install it.
[2024-05-01T23:40:07.292-0500] {processor.py:840} INFO - DAG(s) 'example_python_decorator' retrieved from /Users/nestoralfaro/Desktop/pbi-scenario-two/py_env/lib/python3.9/site-packages/airflow/example_dags/example_python_decorator.py
[2024-05-01T23:40:07.341-0500] {logging_mixin.py:188} INFO - [2024-05-01T23:40:07.341-0500] {dag.py:3096} INFO - Sync 1 DAGs
[2024-05-01T23:40:07.374-0500] {logging_mixin.py:188} INFO - [2024-05-01T23:40:07.374-0500] {dag.py:3954} INFO - Setting next_dagrun for example_python_decorator to None, run_after=None
[2024-05-01T23:40:07.382-0500] {processor.py:183} INFO - Processing /Users/nestoralfaro/Desktop/pbi-scenario-two/py_env/lib/python3.9/site-packages/airflow/example_dags/example_python_decorator.py took 0.111 seconds
[2024-05-01T23:42:34.718-0500] {processor.py:161} INFO - Started process (PID=35273) to work on /Users/nestoralfaro/Desktop/pbi-scenario-two/py_env/lib/python3.9/site-packages/airflow/example_dags/example_python_decorator.py
[2024-05-01T23:42:34.720-0500] {processor.py:830} INFO - Processing file /Users/nestoralfaro/Desktop/pbi-scenario-two/py_env/lib/python3.9/site-packages/airflow/example_dags/example_python_decorator.py for tasks to queue
[2024-05-01T23:42:34.720-0500] {logging_mixin.py:188} INFO - [2024-05-01T23:42:34.720-0500] {dagbag.py:540} INFO - Filling up the DagBag from /Users/nestoralfaro/Desktop/pbi-scenario-two/py_env/lib/python3.9/site-packages/airflow/example_dags/example_python_decorator.py
[2024-05-01T23:42:34.738-0500] {logging_mixin.py:188} INFO - [2024-05-01T23:42:34.738-0500] {example_python_decorator.py:80} WARNING - The virtalenv_python example task requires virtualenv, please install it.
[2024-05-01T23:42:34.739-0500] {processor.py:840} INFO - DAG(s) 'example_python_decorator' retrieved from /Users/nestoralfaro/Desktop/pbi-scenario-two/py_env/lib/python3.9/site-packages/airflow/example_dags/example_python_decorator.py
[2024-05-01T23:42:34.782-0500] {logging_mixin.py:188} INFO - [2024-05-01T23:42:34.782-0500] {dag.py:3096} INFO - Sync 1 DAGs
[2024-05-01T23:42:34.811-0500] {logging_mixin.py:188} INFO - [2024-05-01T23:42:34.811-0500] {dag.py:3954} INFO - Setting next_dagrun for example_python_decorator to None, run_after=None
[2024-05-01T23:42:34.819-0500] {processor.py:183} INFO - Processing /Users/nestoralfaro/Desktop/pbi-scenario-two/py_env/lib/python3.9/site-packages/airflow/example_dags/example_python_decorator.py took 0.102 seconds
[2024-05-01T23:44:03.213-0500] {processor.py:161} INFO - Started process (PID=35326) to work on /Users/nestoralfaro/Desktop/pbi-scenario-two/py_env/lib/python3.9/site-packages/airflow/example_dags/example_python_decorator.py
[2024-05-01T23:44:03.215-0500] {processor.py:830} INFO - Processing file /Users/nestoralfaro/Desktop/pbi-scenario-two/py_env/lib/python3.9/site-packages/airflow/example_dags/example_python_decorator.py for tasks to queue
[2024-05-01T23:44:03.216-0500] {logging_mixin.py:188} INFO - [2024-05-01T23:44:03.216-0500] {dagbag.py:540} INFO - Filling up the DagBag from /Users/nestoralfaro/Desktop/pbi-scenario-two/py_env/lib/python3.9/site-packages/airflow/example_dags/example_python_decorator.py
[2024-05-01T23:44:03.230-0500] {logging_mixin.py:188} INFO - [2024-05-01T23:44:03.230-0500] {example_python_decorator.py:80} WARNING - The virtalenv_python example task requires virtualenv, please install it.
[2024-05-01T23:44:03.231-0500] {processor.py:840} INFO - DAG(s) 'example_python_decorator' retrieved from /Users/nestoralfaro/Desktop/pbi-scenario-two/py_env/lib/python3.9/site-packages/airflow/example_dags/example_python_decorator.py
[2024-05-01T23:44:03.271-0500] {logging_mixin.py:188} INFO - [2024-05-01T23:44:03.271-0500] {dag.py:3096} INFO - Sync 1 DAGs
[2024-05-01T23:44:03.296-0500] {logging_mixin.py:188} INFO - [2024-05-01T23:44:03.296-0500] {dag.py:3954} INFO - Setting next_dagrun for example_python_decorator to None, run_after=None
[2024-05-01T23:44:03.304-0500] {processor.py:183} INFO - Processing /Users/nestoralfaro/Desktop/pbi-scenario-two/py_env/lib/python3.9/site-packages/airflow/example_dags/example_python_decorator.py took 0.092 seconds
[2024-05-01T23:46:00.698-0500] {processor.py:161} INFO - Started process (PID=35410) to work on /Users/nestoralfaro/Desktop/pbi-scenario-two/py_env/lib/python3.9/site-packages/airflow/example_dags/example_python_decorator.py
[2024-05-01T23:46:00.700-0500] {processor.py:830} INFO - Processing file /Users/nestoralfaro/Desktop/pbi-scenario-two/py_env/lib/python3.9/site-packages/airflow/example_dags/example_python_decorator.py for tasks to queue
[2024-05-01T23:46:00.701-0500] {logging_mixin.py:188} INFO - [2024-05-01T23:46:00.700-0500] {dagbag.py:540} INFO - Filling up the DagBag from /Users/nestoralfaro/Desktop/pbi-scenario-two/py_env/lib/python3.9/site-packages/airflow/example_dags/example_python_decorator.py
[2024-05-01T23:46:00.716-0500] {logging_mixin.py:188} INFO - [2024-05-01T23:46:00.716-0500] {example_python_decorator.py:80} WARNING - The virtalenv_python example task requires virtualenv, please install it.
[2024-05-01T23:46:00.717-0500] {processor.py:840} INFO - DAG(s) 'example_python_decorator' retrieved from /Users/nestoralfaro/Desktop/pbi-scenario-two/py_env/lib/python3.9/site-packages/airflow/example_dags/example_python_decorator.py
[2024-05-01T23:46:00.759-0500] {logging_mixin.py:188} INFO - [2024-05-01T23:46:00.758-0500] {dag.py:3096} INFO - Sync 1 DAGs
[2024-05-01T23:46:00.786-0500] {logging_mixin.py:188} INFO - [2024-05-01T23:46:00.786-0500] {dag.py:3954} INFO - Setting next_dagrun for example_python_decorator to None, run_after=None
[2024-05-01T23:46:00.794-0500] {processor.py:183} INFO - Processing /Users/nestoralfaro/Desktop/pbi-scenario-two/py_env/lib/python3.9/site-packages/airflow/example_dags/example_python_decorator.py took 0.097 seconds
[2024-05-01T23:47:50.694-0500] {processor.py:161} INFO - Started process (PID=35487) to work on /Users/nestoralfaro/Desktop/pbi-scenario-two/py_env/lib/python3.9/site-packages/airflow/example_dags/example_python_decorator.py
[2024-05-01T23:47:50.696-0500] {processor.py:830} INFO - Processing file /Users/nestoralfaro/Desktop/pbi-scenario-two/py_env/lib/python3.9/site-packages/airflow/example_dags/example_python_decorator.py for tasks to queue
[2024-05-01T23:47:50.696-0500] {logging_mixin.py:188} INFO - [2024-05-01T23:47:50.696-0500] {dagbag.py:540} INFO - Filling up the DagBag from /Users/nestoralfaro/Desktop/pbi-scenario-two/py_env/lib/python3.9/site-packages/airflow/example_dags/example_python_decorator.py
[2024-05-01T23:47:50.715-0500] {logging_mixin.py:188} INFO - [2024-05-01T23:47:50.715-0500] {example_python_decorator.py:80} WARNING - The virtalenv_python example task requires virtualenv, please install it.
[2024-05-01T23:47:50.716-0500] {processor.py:840} INFO - DAG(s) 'example_python_decorator' retrieved from /Users/nestoralfaro/Desktop/pbi-scenario-two/py_env/lib/python3.9/site-packages/airflow/example_dags/example_python_decorator.py
[2024-05-01T23:47:50.762-0500] {logging_mixin.py:188} INFO - [2024-05-01T23:47:50.762-0500] {dag.py:3096} INFO - Sync 1 DAGs
[2024-05-01T23:47:50.791-0500] {logging_mixin.py:188} INFO - [2024-05-01T23:47:50.791-0500] {dag.py:3954} INFO - Setting next_dagrun for example_python_decorator to None, run_after=None
[2024-05-01T23:47:50.800-0500] {processor.py:183} INFO - Processing /Users/nestoralfaro/Desktop/pbi-scenario-two/py_env/lib/python3.9/site-packages/airflow/example_dags/example_python_decorator.py took 0.107 seconds
[2024-05-01T23:49:44.884-0500] {processor.py:161} INFO - Started process (PID=35566) to work on /Users/nestoralfaro/Desktop/pbi-scenario-two/py_env/lib/python3.9/site-packages/airflow/example_dags/example_python_decorator.py
[2024-05-01T23:49:44.887-0500] {processor.py:830} INFO - Processing file /Users/nestoralfaro/Desktop/pbi-scenario-two/py_env/lib/python3.9/site-packages/airflow/example_dags/example_python_decorator.py for tasks to queue
[2024-05-01T23:49:44.887-0500] {logging_mixin.py:188} INFO - [2024-05-01T23:49:44.887-0500] {dagbag.py:540} INFO - Filling up the DagBag from /Users/nestoralfaro/Desktop/pbi-scenario-two/py_env/lib/python3.9/site-packages/airflow/example_dags/example_python_decorator.py
[2024-05-01T23:49:44.903-0500] {logging_mixin.py:188} INFO - [2024-05-01T23:49:44.903-0500] {example_python_decorator.py:80} WARNING - The virtalenv_python example task requires virtualenv, please install it.
[2024-05-01T23:49:44.904-0500] {processor.py:840} INFO - DAG(s) 'example_python_decorator' retrieved from /Users/nestoralfaro/Desktop/pbi-scenario-two/py_env/lib/python3.9/site-packages/airflow/example_dags/example_python_decorator.py
[2024-05-01T23:49:44.948-0500] {logging_mixin.py:188} INFO - [2024-05-01T23:49:44.948-0500] {dag.py:3096} INFO - Sync 1 DAGs
[2024-05-01T23:49:44.978-0500] {logging_mixin.py:188} INFO - [2024-05-01T23:49:44.977-0500] {dag.py:3954} INFO - Setting next_dagrun for example_python_decorator to None, run_after=None
[2024-05-01T23:49:44.985-0500] {processor.py:183} INFO - Processing /Users/nestoralfaro/Desktop/pbi-scenario-two/py_env/lib/python3.9/site-packages/airflow/example_dags/example_python_decorator.py took 0.102 seconds
[2024-05-01T23:51:39.056-0500] {processor.py:161} INFO - Started process (PID=35635) to work on /Users/nestoralfaro/Desktop/pbi-scenario-two/py_env/lib/python3.9/site-packages/airflow/example_dags/example_python_decorator.py
[2024-05-01T23:51:39.057-0500] {processor.py:830} INFO - Processing file /Users/nestoralfaro/Desktop/pbi-scenario-two/py_env/lib/python3.9/site-packages/airflow/example_dags/example_python_decorator.py for tasks to queue
[2024-05-01T23:51:39.057-0500] {logging_mixin.py:188} INFO - [2024-05-01T23:51:39.057-0500] {dagbag.py:540} INFO - Filling up the DagBag from /Users/nestoralfaro/Desktop/pbi-scenario-two/py_env/lib/python3.9/site-packages/airflow/example_dags/example_python_decorator.py
[2024-05-01T23:51:39.073-0500] {logging_mixin.py:188} INFO - [2024-05-01T23:51:39.073-0500] {example_python_decorator.py:80} WARNING - The virtalenv_python example task requires virtualenv, please install it.
[2024-05-01T23:51:39.074-0500] {processor.py:840} INFO - DAG(s) 'example_python_decorator' retrieved from /Users/nestoralfaro/Desktop/pbi-scenario-two/py_env/lib/python3.9/site-packages/airflow/example_dags/example_python_decorator.py
[2024-05-01T23:51:39.116-0500] {logging_mixin.py:188} INFO - [2024-05-01T23:51:39.115-0500] {dag.py:3096} INFO - Sync 1 DAGs
[2024-05-01T23:51:39.143-0500] {logging_mixin.py:188} INFO - [2024-05-01T23:51:39.143-0500] {dag.py:3954} INFO - Setting next_dagrun for example_python_decorator to None, run_after=None
[2024-05-01T23:51:39.150-0500] {processor.py:183} INFO - Processing /Users/nestoralfaro/Desktop/pbi-scenario-two/py_env/lib/python3.9/site-packages/airflow/example_dags/example_python_decorator.py took 0.096 seconds
[2024-05-01T23:53:36.502-0500] {processor.py:161} INFO - Started process (PID=35721) to work on /Users/nestoralfaro/Desktop/pbi-scenario-two/py_env/lib/python3.9/site-packages/airflow/example_dags/example_python_decorator.py
[2024-05-01T23:53:36.504-0500] {processor.py:830} INFO - Processing file /Users/nestoralfaro/Desktop/pbi-scenario-two/py_env/lib/python3.9/site-packages/airflow/example_dags/example_python_decorator.py for tasks to queue
[2024-05-01T23:53:36.504-0500] {logging_mixin.py:188} INFO - [2024-05-01T23:53:36.504-0500] {dagbag.py:540} INFO - Filling up the DagBag from /Users/nestoralfaro/Desktop/pbi-scenario-two/py_env/lib/python3.9/site-packages/airflow/example_dags/example_python_decorator.py
[2024-05-01T23:53:36.520-0500] {logging_mixin.py:188} INFO - [2024-05-01T23:53:36.520-0500] {example_python_decorator.py:80} WARNING - The virtalenv_python example task requires virtualenv, please install it.
[2024-05-01T23:53:36.521-0500] {processor.py:840} INFO - DAG(s) 'example_python_decorator' retrieved from /Users/nestoralfaro/Desktop/pbi-scenario-two/py_env/lib/python3.9/site-packages/airflow/example_dags/example_python_decorator.py
[2024-05-01T23:53:36.562-0500] {logging_mixin.py:188} INFO - [2024-05-01T23:53:36.562-0500] {dag.py:3096} INFO - Sync 1 DAGs
[2024-05-01T23:53:36.590-0500] {logging_mixin.py:188} INFO - [2024-05-01T23:53:36.590-0500] {dag.py:3954} INFO - Setting next_dagrun for example_python_decorator to None, run_after=None
[2024-05-01T23:53:36.597-0500] {processor.py:183} INFO - Processing /Users/nestoralfaro/Desktop/pbi-scenario-two/py_env/lib/python3.9/site-packages/airflow/example_dags/example_python_decorator.py took 0.096 seconds
[2024-05-01T23:55:30.895-0500] {processor.py:161} INFO - Started process (PID=35790) to work on /Users/nestoralfaro/Desktop/pbi-scenario-two/py_env/lib/python3.9/site-packages/airflow/example_dags/example_python_decorator.py
[2024-05-01T23:55:30.897-0500] {processor.py:830} INFO - Processing file /Users/nestoralfaro/Desktop/pbi-scenario-two/py_env/lib/python3.9/site-packages/airflow/example_dags/example_python_decorator.py for tasks to queue
[2024-05-01T23:55:30.897-0500] {logging_mixin.py:188} INFO - [2024-05-01T23:55:30.897-0500] {dagbag.py:540} INFO - Filling up the DagBag from /Users/nestoralfaro/Desktop/pbi-scenario-two/py_env/lib/python3.9/site-packages/airflow/example_dags/example_python_decorator.py
[2024-05-01T23:55:30.913-0500] {logging_mixin.py:188} INFO - [2024-05-01T23:55:30.913-0500] {example_python_decorator.py:80} WARNING - The virtalenv_python example task requires virtualenv, please install it.
[2024-05-01T23:55:30.914-0500] {processor.py:840} INFO - DAG(s) 'example_python_decorator' retrieved from /Users/nestoralfaro/Desktop/pbi-scenario-two/py_env/lib/python3.9/site-packages/airflow/example_dags/example_python_decorator.py
[2024-05-01T23:55:30.954-0500] {logging_mixin.py:188} INFO - [2024-05-01T23:55:30.954-0500] {dag.py:3096} INFO - Sync 1 DAGs
[2024-05-01T23:55:30.981-0500] {logging_mixin.py:188} INFO - [2024-05-01T23:55:30.980-0500] {dag.py:3954} INFO - Setting next_dagrun for example_python_decorator to None, run_after=None
[2024-05-01T23:55:30.988-0500] {processor.py:183} INFO - Processing /Users/nestoralfaro/Desktop/pbi-scenario-two/py_env/lib/python3.9/site-packages/airflow/example_dags/example_python_decorator.py took 0.094 seconds
[2024-05-01T23:57:21.843-0500] {processor.py:161} INFO - Started process (PID=35858) to work on /Users/nestoralfaro/Desktop/pbi-scenario-two/py_env/lib/python3.9/site-packages/airflow/example_dags/example_python_decorator.py
[2024-05-01T23:57:21.844-0500] {processor.py:830} INFO - Processing file /Users/nestoralfaro/Desktop/pbi-scenario-two/py_env/lib/python3.9/site-packages/airflow/example_dags/example_python_decorator.py for tasks to queue
[2024-05-01T23:57:21.845-0500] {logging_mixin.py:188} INFO - [2024-05-01T23:57:21.845-0500] {dagbag.py:540} INFO - Filling up the DagBag from /Users/nestoralfaro/Desktop/pbi-scenario-two/py_env/lib/python3.9/site-packages/airflow/example_dags/example_python_decorator.py
[2024-05-01T23:57:21.860-0500] {logging_mixin.py:188} INFO - [2024-05-01T23:57:21.860-0500] {example_python_decorator.py:80} WARNING - The virtalenv_python example task requires virtualenv, please install it.
[2024-05-01T23:57:21.861-0500] {processor.py:840} INFO - DAG(s) 'example_python_decorator' retrieved from /Users/nestoralfaro/Desktop/pbi-scenario-two/py_env/lib/python3.9/site-packages/airflow/example_dags/example_python_decorator.py
[2024-05-01T23:57:21.901-0500] {logging_mixin.py:188} INFO - [2024-05-01T23:57:21.901-0500] {dag.py:3096} INFO - Sync 1 DAGs
[2024-05-01T23:57:21.927-0500] {logging_mixin.py:188} INFO - [2024-05-01T23:57:21.927-0500] {dag.py:3954} INFO - Setting next_dagrun for example_python_decorator to None, run_after=None
[2024-05-01T23:57:21.934-0500] {processor.py:183} INFO - Processing /Users/nestoralfaro/Desktop/pbi-scenario-two/py_env/lib/python3.9/site-packages/airflow/example_dags/example_python_decorator.py took 0.092 seconds
[2024-05-01T23:59:13.879-0500] {processor.py:161} INFO - Started process (PID=35928) to work on /Users/nestoralfaro/Desktop/pbi-scenario-two/py_env/lib/python3.9/site-packages/airflow/example_dags/example_python_decorator.py
[2024-05-01T23:59:13.881-0500] {processor.py:830} INFO - Processing file /Users/nestoralfaro/Desktop/pbi-scenario-two/py_env/lib/python3.9/site-packages/airflow/example_dags/example_python_decorator.py for tasks to queue
[2024-05-01T23:59:13.881-0500] {logging_mixin.py:188} INFO - [2024-05-01T23:59:13.881-0500] {dagbag.py:540} INFO - Filling up the DagBag from /Users/nestoralfaro/Desktop/pbi-scenario-two/py_env/lib/python3.9/site-packages/airflow/example_dags/example_python_decorator.py
[2024-05-01T23:59:13.897-0500] {logging_mixin.py:188} INFO - [2024-05-01T23:59:13.897-0500] {example_python_decorator.py:80} WARNING - The virtalenv_python example task requires virtualenv, please install it.
[2024-05-01T23:59:13.898-0500] {processor.py:840} INFO - DAG(s) 'example_python_decorator' retrieved from /Users/nestoralfaro/Desktop/pbi-scenario-two/py_env/lib/python3.9/site-packages/airflow/example_dags/example_python_decorator.py
[2024-05-01T23:59:13.939-0500] {logging_mixin.py:188} INFO - [2024-05-01T23:59:13.939-0500] {dag.py:3096} INFO - Sync 1 DAGs
[2024-05-01T23:59:13.965-0500] {logging_mixin.py:188} INFO - [2024-05-01T23:59:13.965-0500] {dag.py:3954} INFO - Setting next_dagrun for example_python_decorator to None, run_after=None
[2024-05-01T23:59:13.973-0500] {processor.py:183} INFO - Processing /Users/nestoralfaro/Desktop/pbi-scenario-two/py_env/lib/python3.9/site-packages/airflow/example_dags/example_python_decorator.py took 0.095 seconds
[2024-05-02T00:01:05.097-0500] {processor.py:161} INFO - Started process (PID=36021) to work on /Users/nestoralfaro/Desktop/pbi-scenario-two/py_env/lib/python3.9/site-packages/airflow/example_dags/example_python_decorator.py
[2024-05-02T00:01:05.099-0500] {processor.py:830} INFO - Processing file /Users/nestoralfaro/Desktop/pbi-scenario-two/py_env/lib/python3.9/site-packages/airflow/example_dags/example_python_decorator.py for tasks to queue
[2024-05-02T00:01:05.099-0500] {logging_mixin.py:188} INFO - [2024-05-02T00:01:05.099-0500] {dagbag.py:540} INFO - Filling up the DagBag from /Users/nestoralfaro/Desktop/pbi-scenario-two/py_env/lib/python3.9/site-packages/airflow/example_dags/example_python_decorator.py
[2024-05-02T00:01:05.116-0500] {logging_mixin.py:188} INFO - [2024-05-02T00:01:05.116-0500] {example_python_decorator.py:80} WARNING - The virtalenv_python example task requires virtualenv, please install it.
[2024-05-02T00:01:05.117-0500] {processor.py:840} INFO - DAG(s) 'example_python_decorator' retrieved from /Users/nestoralfaro/Desktop/pbi-scenario-two/py_env/lib/python3.9/site-packages/airflow/example_dags/example_python_decorator.py
[2024-05-02T00:01:05.161-0500] {logging_mixin.py:188} INFO - [2024-05-02T00:01:05.161-0500] {dag.py:3096} INFO - Sync 1 DAGs
[2024-05-02T00:01:05.192-0500] {logging_mixin.py:188} INFO - [2024-05-02T00:01:05.192-0500] {dag.py:3954} INFO - Setting next_dagrun for example_python_decorator to None, run_after=None
[2024-05-02T00:01:05.200-0500] {processor.py:183} INFO - Processing /Users/nestoralfaro/Desktop/pbi-scenario-two/py_env/lib/python3.9/site-packages/airflow/example_dags/example_python_decorator.py took 0.105 seconds
[2024-05-02T00:03:03.042-0500] {processor.py:161} INFO - Started process (PID=36105) to work on /Users/nestoralfaro/Desktop/pbi-scenario-two/py_env/lib/python3.9/site-packages/airflow/example_dags/example_python_decorator.py
[2024-05-02T00:03:03.044-0500] {processor.py:830} INFO - Processing file /Users/nestoralfaro/Desktop/pbi-scenario-two/py_env/lib/python3.9/site-packages/airflow/example_dags/example_python_decorator.py for tasks to queue
[2024-05-02T00:03:03.045-0500] {logging_mixin.py:188} INFO - [2024-05-02T00:03:03.045-0500] {dagbag.py:540} INFO - Filling up the DagBag from /Users/nestoralfaro/Desktop/pbi-scenario-two/py_env/lib/python3.9/site-packages/airflow/example_dags/example_python_decorator.py
[2024-05-02T00:03:03.060-0500] {logging_mixin.py:188} INFO - [2024-05-02T00:03:03.060-0500] {example_python_decorator.py:80} WARNING - The virtalenv_python example task requires virtualenv, please install it.
[2024-05-02T00:03:03.061-0500] {processor.py:840} INFO - DAG(s) 'example_python_decorator' retrieved from /Users/nestoralfaro/Desktop/pbi-scenario-two/py_env/lib/python3.9/site-packages/airflow/example_dags/example_python_decorator.py
[2024-05-02T00:03:03.101-0500] {logging_mixin.py:188} INFO - [2024-05-02T00:03:03.101-0500] {dag.py:3096} INFO - Sync 1 DAGs
[2024-05-02T00:03:03.127-0500] {logging_mixin.py:188} INFO - [2024-05-02T00:03:03.127-0500] {dag.py:3954} INFO - Setting next_dagrun for example_python_decorator to None, run_after=None
[2024-05-02T00:03:03.134-0500] {processor.py:183} INFO - Processing /Users/nestoralfaro/Desktop/pbi-scenario-two/py_env/lib/python3.9/site-packages/airflow/example_dags/example_python_decorator.py took 0.094 seconds
[2024-05-02T00:04:56.732-0500] {processor.py:161} INFO - Started process (PID=36182) to work on /Users/nestoralfaro/Desktop/pbi-scenario-two/py_env/lib/python3.9/site-packages/airflow/example_dags/example_python_decorator.py
[2024-05-02T00:04:56.734-0500] {processor.py:830} INFO - Processing file /Users/nestoralfaro/Desktop/pbi-scenario-two/py_env/lib/python3.9/site-packages/airflow/example_dags/example_python_decorator.py for tasks to queue
[2024-05-02T00:04:56.734-0500] {logging_mixin.py:188} INFO - [2024-05-02T00:04:56.734-0500] {dagbag.py:540} INFO - Filling up the DagBag from /Users/nestoralfaro/Desktop/pbi-scenario-two/py_env/lib/python3.9/site-packages/airflow/example_dags/example_python_decorator.py
[2024-05-02T00:04:56.751-0500] {logging_mixin.py:188} INFO - [2024-05-02T00:04:56.751-0500] {example_python_decorator.py:80} WARNING - The virtalenv_python example task requires virtualenv, please install it.
[2024-05-02T00:04:56.752-0500] {processor.py:840} INFO - DAG(s) 'example_python_decorator' retrieved from /Users/nestoralfaro/Desktop/pbi-scenario-two/py_env/lib/python3.9/site-packages/airflow/example_dags/example_python_decorator.py
[2024-05-02T00:04:56.794-0500] {logging_mixin.py:188} INFO - [2024-05-02T00:04:56.794-0500] {dag.py:3096} INFO - Sync 1 DAGs
[2024-05-02T00:04:56.823-0500] {logging_mixin.py:188} INFO - [2024-05-02T00:04:56.823-0500] {dag.py:3954} INFO - Setting next_dagrun for example_python_decorator to None, run_after=None
[2024-05-02T00:04:56.831-0500] {processor.py:183} INFO - Processing /Users/nestoralfaro/Desktop/pbi-scenario-two/py_env/lib/python3.9/site-packages/airflow/example_dags/example_python_decorator.py took 0.100 seconds
[2024-05-02T00:06:50.073-0500] {processor.py:161} INFO - Started process (PID=36270) to work on /Users/nestoralfaro/Desktop/pbi-scenario-two/py_env/lib/python3.9/site-packages/airflow/example_dags/example_python_decorator.py
[2024-05-02T00:06:50.074-0500] {processor.py:830} INFO - Processing file /Users/nestoralfaro/Desktop/pbi-scenario-two/py_env/lib/python3.9/site-packages/airflow/example_dags/example_python_decorator.py for tasks to queue
[2024-05-02T00:06:50.075-0500] {logging_mixin.py:188} INFO - [2024-05-02T00:06:50.074-0500] {dagbag.py:540} INFO - Filling up the DagBag from /Users/nestoralfaro/Desktop/pbi-scenario-two/py_env/lib/python3.9/site-packages/airflow/example_dags/example_python_decorator.py
[2024-05-02T00:06:50.090-0500] {logging_mixin.py:188} INFO - [2024-05-02T00:06:50.089-0500] {example_python_decorator.py:80} WARNING - The virtalenv_python example task requires virtualenv, please install it.
[2024-05-02T00:06:50.090-0500] {processor.py:840} INFO - DAG(s) 'example_python_decorator' retrieved from /Users/nestoralfaro/Desktop/pbi-scenario-two/py_env/lib/python3.9/site-packages/airflow/example_dags/example_python_decorator.py
[2024-05-02T00:06:50.131-0500] {logging_mixin.py:188} INFO - [2024-05-02T00:06:50.130-0500] {dag.py:3096} INFO - Sync 1 DAGs
[2024-05-02T00:06:50.157-0500] {logging_mixin.py:188} INFO - [2024-05-02T00:06:50.157-0500] {dag.py:3954} INFO - Setting next_dagrun for example_python_decorator to None, run_after=None
[2024-05-02T00:06:50.164-0500] {processor.py:183} INFO - Processing /Users/nestoralfaro/Desktop/pbi-scenario-two/py_env/lib/python3.9/site-packages/airflow/example_dags/example_python_decorator.py took 0.093 seconds
[2024-05-02T00:08:38.333-0500] {processor.py:161} INFO - Started process (PID=36337) to work on /Users/nestoralfaro/Desktop/pbi-scenario-two/py_env/lib/python3.9/site-packages/airflow/example_dags/example_python_decorator.py
[2024-05-02T00:08:38.336-0500] {processor.py:830} INFO - Processing file /Users/nestoralfaro/Desktop/pbi-scenario-two/py_env/lib/python3.9/site-packages/airflow/example_dags/example_python_decorator.py for tasks to queue
[2024-05-02T00:08:38.336-0500] {logging_mixin.py:188} INFO - [2024-05-02T00:08:38.336-0500] {dagbag.py:540} INFO - Filling up the DagBag from /Users/nestoralfaro/Desktop/pbi-scenario-two/py_env/lib/python3.9/site-packages/airflow/example_dags/example_python_decorator.py
[2024-05-02T00:08:38.353-0500] {logging_mixin.py:188} INFO - [2024-05-02T00:08:38.353-0500] {example_python_decorator.py:80} WARNING - The virtalenv_python example task requires virtualenv, please install it.
[2024-05-02T00:08:38.354-0500] {processor.py:840} INFO - DAG(s) 'example_python_decorator' retrieved from /Users/nestoralfaro/Desktop/pbi-scenario-two/py_env/lib/python3.9/site-packages/airflow/example_dags/example_python_decorator.py
[2024-05-02T00:08:38.396-0500] {logging_mixin.py:188} INFO - [2024-05-02T00:08:38.396-0500] {dag.py:3096} INFO - Sync 1 DAGs
[2024-05-02T00:08:38.423-0500] {logging_mixin.py:188} INFO - [2024-05-02T00:08:38.423-0500] {dag.py:3954} INFO - Setting next_dagrun for example_python_decorator to None, run_after=None
[2024-05-02T00:08:38.430-0500] {processor.py:183} INFO - Processing /Users/nestoralfaro/Desktop/pbi-scenario-two/py_env/lib/python3.9/site-packages/airflow/example_dags/example_python_decorator.py took 0.098 seconds
[2024-05-02T00:11:42.338-0500] {processor.py:161} INFO - Started process (PID=36465) to work on /Users/nestoralfaro/Desktop/pbi-scenario-two/py_env/lib/python3.9/site-packages/airflow/example_dags/example_python_decorator.py
[2024-05-02T00:11:42.340-0500] {processor.py:830} INFO - Processing file /Users/nestoralfaro/Desktop/pbi-scenario-two/py_env/lib/python3.9/site-packages/airflow/example_dags/example_python_decorator.py for tasks to queue
[2024-05-02T00:11:42.341-0500] {logging_mixin.py:188} INFO - [2024-05-02T00:11:42.341-0500] {dagbag.py:540} INFO - Filling up the DagBag from /Users/nestoralfaro/Desktop/pbi-scenario-two/py_env/lib/python3.9/site-packages/airflow/example_dags/example_python_decorator.py
[2024-05-02T00:11:42.356-0500] {logging_mixin.py:188} INFO - [2024-05-02T00:11:42.356-0500] {example_python_decorator.py:80} WARNING - The virtalenv_python example task requires virtualenv, please install it.
[2024-05-02T00:11:42.357-0500] {processor.py:840} INFO - DAG(s) 'example_python_decorator' retrieved from /Users/nestoralfaro/Desktop/pbi-scenario-two/py_env/lib/python3.9/site-packages/airflow/example_dags/example_python_decorator.py
[2024-05-02T00:11:42.398-0500] {logging_mixin.py:188} INFO - [2024-05-02T00:11:42.398-0500] {dag.py:3096} INFO - Sync 1 DAGs
[2024-05-02T00:11:42.425-0500] {logging_mixin.py:188} INFO - [2024-05-02T00:11:42.425-0500] {dag.py:3954} INFO - Setting next_dagrun for example_python_decorator to None, run_after=None
[2024-05-02T00:11:42.432-0500] {processor.py:183} INFO - Processing /Users/nestoralfaro/Desktop/pbi-scenario-two/py_env/lib/python3.9/site-packages/airflow/example_dags/example_python_decorator.py took 0.095 seconds
[2024-05-02T00:13:09.992-0500] {processor.py:161} INFO - Started process (PID=36532) to work on /Users/nestoralfaro/Desktop/pbi-scenario-two/py_env/lib/python3.9/site-packages/airflow/example_dags/example_python_decorator.py
[2024-05-02T00:13:09.995-0500] {processor.py:830} INFO - Processing file /Users/nestoralfaro/Desktop/pbi-scenario-two/py_env/lib/python3.9/site-packages/airflow/example_dags/example_python_decorator.py for tasks to queue
[2024-05-02T00:13:09.995-0500] {logging_mixin.py:188} INFO - [2024-05-02T00:13:09.995-0500] {dagbag.py:540} INFO - Filling up the DagBag from /Users/nestoralfaro/Desktop/pbi-scenario-two/py_env/lib/python3.9/site-packages/airflow/example_dags/example_python_decorator.py
[2024-05-02T00:13:10.012-0500] {logging_mixin.py:188} INFO - [2024-05-02T00:13:10.012-0500] {example_python_decorator.py:80} WARNING - The virtalenv_python example task requires virtualenv, please install it.
[2024-05-02T00:13:10.013-0500] {processor.py:840} INFO - DAG(s) 'example_python_decorator' retrieved from /Users/nestoralfaro/Desktop/pbi-scenario-two/py_env/lib/python3.9/site-packages/airflow/example_dags/example_python_decorator.py
[2024-05-02T00:13:10.054-0500] {logging_mixin.py:188} INFO - [2024-05-02T00:13:10.054-0500] {dag.py:3096} INFO - Sync 1 DAGs
[2024-05-02T00:13:10.081-0500] {logging_mixin.py:188} INFO - [2024-05-02T00:13:10.080-0500] {dag.py:3954} INFO - Setting next_dagrun for example_python_decorator to None, run_after=None
[2024-05-02T00:13:10.088-0500] {processor.py:183} INFO - Processing /Users/nestoralfaro/Desktop/pbi-scenario-two/py_env/lib/python3.9/site-packages/airflow/example_dags/example_python_decorator.py took 0.097 seconds
[2024-05-02T00:15:35.456-0500] {processor.py:161} INFO - Started process (PID=36629) to work on /Users/nestoralfaro/Desktop/pbi-scenario-two/py_env/lib/python3.9/site-packages/airflow/example_dags/example_python_decorator.py
[2024-05-02T00:15:35.458-0500] {processor.py:830} INFO - Processing file /Users/nestoralfaro/Desktop/pbi-scenario-two/py_env/lib/python3.9/site-packages/airflow/example_dags/example_python_decorator.py for tasks to queue
[2024-05-02T00:15:35.459-0500] {logging_mixin.py:188} INFO - [2024-05-02T00:15:35.459-0500] {dagbag.py:540} INFO - Filling up the DagBag from /Users/nestoralfaro/Desktop/pbi-scenario-two/py_env/lib/python3.9/site-packages/airflow/example_dags/example_python_decorator.py
[2024-05-02T00:15:35.475-0500] {logging_mixin.py:188} INFO - [2024-05-02T00:15:35.475-0500] {example_python_decorator.py:80} WARNING - The virtalenv_python example task requires virtualenv, please install it.
[2024-05-02T00:15:35.476-0500] {processor.py:840} INFO - DAG(s) 'example_python_decorator' retrieved from /Users/nestoralfaro/Desktop/pbi-scenario-two/py_env/lib/python3.9/site-packages/airflow/example_dags/example_python_decorator.py
[2024-05-02T00:15:35.519-0500] {logging_mixin.py:188} INFO - [2024-05-02T00:15:35.519-0500] {dag.py:3096} INFO - Sync 1 DAGs
[2024-05-02T00:15:35.548-0500] {logging_mixin.py:188} INFO - [2024-05-02T00:15:35.548-0500] {dag.py:3954} INFO - Setting next_dagrun for example_python_decorator to None, run_after=None
[2024-05-02T00:15:35.555-0500] {processor.py:183} INFO - Processing /Users/nestoralfaro/Desktop/pbi-scenario-two/py_env/lib/python3.9/site-packages/airflow/example_dags/example_python_decorator.py took 0.100 seconds
[2024-05-02T00:17:04.707-0500] {processor.py:161} INFO - Started process (PID=36684) to work on /Users/nestoralfaro/Desktop/pbi-scenario-two/py_env/lib/python3.9/site-packages/airflow/example_dags/example_python_decorator.py
[2024-05-02T00:17:04.708-0500] {processor.py:830} INFO - Processing file /Users/nestoralfaro/Desktop/pbi-scenario-two/py_env/lib/python3.9/site-packages/airflow/example_dags/example_python_decorator.py for tasks to queue
[2024-05-02T00:17:04.708-0500] {logging_mixin.py:188} INFO - [2024-05-02T00:17:04.708-0500] {dagbag.py:540} INFO - Filling up the DagBag from /Users/nestoralfaro/Desktop/pbi-scenario-two/py_env/lib/python3.9/site-packages/airflow/example_dags/example_python_decorator.py
[2024-05-02T00:17:04.723-0500] {logging_mixin.py:188} INFO - [2024-05-02T00:17:04.723-0500] {example_python_decorator.py:80} WARNING - The virtalenv_python example task requires virtualenv, please install it.
[2024-05-02T00:17:04.724-0500] {processor.py:840} INFO - DAG(s) 'example_python_decorator' retrieved from /Users/nestoralfaro/Desktop/pbi-scenario-two/py_env/lib/python3.9/site-packages/airflow/example_dags/example_python_decorator.py
[2024-05-02T00:17:04.764-0500] {logging_mixin.py:188} INFO - [2024-05-02T00:17:04.764-0500] {dag.py:3096} INFO - Sync 1 DAGs
[2024-05-02T00:17:04.790-0500] {logging_mixin.py:188} INFO - [2024-05-02T00:17:04.790-0500] {dag.py:3954} INFO - Setting next_dagrun for example_python_decorator to None, run_after=None
[2024-05-02T00:17:04.797-0500] {processor.py:183} INFO - Processing /Users/nestoralfaro/Desktop/pbi-scenario-two/py_env/lib/python3.9/site-packages/airflow/example_dags/example_python_decorator.py took 0.092 seconds
[2024-05-02T00:19:00.121-0500] {processor.py:161} INFO - Started process (PID=36781) to work on /Users/nestoralfaro/Desktop/pbi-scenario-two/py_env/lib/python3.9/site-packages/airflow/example_dags/example_python_decorator.py
[2024-05-02T00:19:00.123-0500] {processor.py:830} INFO - Processing file /Users/nestoralfaro/Desktop/pbi-scenario-two/py_env/lib/python3.9/site-packages/airflow/example_dags/example_python_decorator.py for tasks to queue
[2024-05-02T00:19:00.123-0500] {logging_mixin.py:188} INFO - [2024-05-02T00:19:00.123-0500] {dagbag.py:540} INFO - Filling up the DagBag from /Users/nestoralfaro/Desktop/pbi-scenario-two/py_env/lib/python3.9/site-packages/airflow/example_dags/example_python_decorator.py
[2024-05-02T00:19:00.137-0500] {logging_mixin.py:188} INFO - [2024-05-02T00:19:00.137-0500] {example_python_decorator.py:80} WARNING - The virtalenv_python example task requires virtualenv, please install it.
[2024-05-02T00:19:00.138-0500] {processor.py:840} INFO - DAG(s) 'example_python_decorator' retrieved from /Users/nestoralfaro/Desktop/pbi-scenario-two/py_env/lib/python3.9/site-packages/airflow/example_dags/example_python_decorator.py
[2024-05-02T00:19:00.177-0500] {logging_mixin.py:188} INFO - [2024-05-02T00:19:00.177-0500] {dag.py:3096} INFO - Sync 1 DAGs
[2024-05-02T00:19:00.204-0500] {logging_mixin.py:188} INFO - [2024-05-02T00:19:00.204-0500] {dag.py:3954} INFO - Setting next_dagrun for example_python_decorator to None, run_after=None
[2024-05-02T00:19:00.211-0500] {processor.py:183} INFO - Processing /Users/nestoralfaro/Desktop/pbi-scenario-two/py_env/lib/python3.9/site-packages/airflow/example_dags/example_python_decorator.py took 0.092 seconds
[2024-05-02T00:20:54.188-0500] {processor.py:161} INFO - Started process (PID=36869) to work on /Users/nestoralfaro/Desktop/pbi-scenario-two/py_env/lib/python3.9/site-packages/airflow/example_dags/example_python_decorator.py
[2024-05-02T00:20:54.189-0500] {processor.py:830} INFO - Processing file /Users/nestoralfaro/Desktop/pbi-scenario-two/py_env/lib/python3.9/site-packages/airflow/example_dags/example_python_decorator.py for tasks to queue
[2024-05-02T00:20:54.190-0500] {logging_mixin.py:188} INFO - [2024-05-02T00:20:54.189-0500] {dagbag.py:540} INFO - Filling up the DagBag from /Users/nestoralfaro/Desktop/pbi-scenario-two/py_env/lib/python3.9/site-packages/airflow/example_dags/example_python_decorator.py
[2024-05-02T00:20:54.206-0500] {logging_mixin.py:188} INFO - [2024-05-02T00:20:54.205-0500] {example_python_decorator.py:80} WARNING - The virtalenv_python example task requires virtualenv, please install it.
[2024-05-02T00:20:54.207-0500] {processor.py:840} INFO - DAG(s) 'example_python_decorator' retrieved from /Users/nestoralfaro/Desktop/pbi-scenario-two/py_env/lib/python3.9/site-packages/airflow/example_dags/example_python_decorator.py
[2024-05-02T00:20:54.250-0500] {logging_mixin.py:188} INFO - [2024-05-02T00:20:54.250-0500] {dag.py:3096} INFO - Sync 1 DAGs
[2024-05-02T00:20:54.279-0500] {logging_mixin.py:188} INFO - [2024-05-02T00:20:54.279-0500] {dag.py:3954} INFO - Setting next_dagrun for example_python_decorator to None, run_after=None
[2024-05-02T00:20:54.286-0500] {processor.py:183} INFO - Processing /Users/nestoralfaro/Desktop/pbi-scenario-two/py_env/lib/python3.9/site-packages/airflow/example_dags/example_python_decorator.py took 0.099 seconds
[2024-05-02T00:22:50.700-0500] {processor.py:161} INFO - Started process (PID=36971) to work on /Users/nestoralfaro/Desktop/pbi-scenario-two/py_env/lib/python3.9/site-packages/airflow/example_dags/example_python_decorator.py
[2024-05-02T00:22:50.701-0500] {processor.py:830} INFO - Processing file /Users/nestoralfaro/Desktop/pbi-scenario-two/py_env/lib/python3.9/site-packages/airflow/example_dags/example_python_decorator.py for tasks to queue
[2024-05-02T00:22:50.702-0500] {logging_mixin.py:188} INFO - [2024-05-02T00:22:50.701-0500] {dagbag.py:540} INFO - Filling up the DagBag from /Users/nestoralfaro/Desktop/pbi-scenario-two/py_env/lib/python3.9/site-packages/airflow/example_dags/example_python_decorator.py
[2024-05-02T00:22:50.717-0500] {logging_mixin.py:188} INFO - [2024-05-02T00:22:50.717-0500] {example_python_decorator.py:80} WARNING - The virtalenv_python example task requires virtualenv, please install it.
[2024-05-02T00:22:50.718-0500] {processor.py:840} INFO - DAG(s) 'example_python_decorator' retrieved from /Users/nestoralfaro/Desktop/pbi-scenario-two/py_env/lib/python3.9/site-packages/airflow/example_dags/example_python_decorator.py
[2024-05-02T00:22:50.759-0500] {logging_mixin.py:188} INFO - [2024-05-02T00:22:50.759-0500] {dag.py:3096} INFO - Sync 1 DAGs
[2024-05-02T00:22:50.788-0500] {logging_mixin.py:188} INFO - [2024-05-02T00:22:50.788-0500] {dag.py:3954} INFO - Setting next_dagrun for example_python_decorator to None, run_after=None
[2024-05-02T00:22:50.796-0500] {processor.py:183} INFO - Processing /Users/nestoralfaro/Desktop/pbi-scenario-two/py_env/lib/python3.9/site-packages/airflow/example_dags/example_python_decorator.py took 0.098 seconds
