[2024-05-01T23:31:20.473-0500] {processor.py:161} INFO - Started process (PID=34781) to work on /Users/nestoralfaro/Desktop/pbi-scenario-two/py_env/lib/python3.9/site-packages/airflow/example_dags/example_branch_operator.py
[2024-05-01T23:31:20.474-0500] {processor.py:830} INFO - Processing file /Users/nestoralfaro/Desktop/pbi-scenario-two/py_env/lib/python3.9/site-packages/airflow/example_dags/example_branch_operator.py for tasks to queue
[2024-05-01T23:31:20.475-0500] {logging_mixin.py:188} INFO - [2024-05-01T23:31:20.475-0500] {dagbag.py:540} INFO - Filling up the DagBag from /Users/nestoralfaro/Desktop/pbi-scenario-two/py_env/lib/python3.9/site-packages/airflow/example_dags/example_branch_operator.py
[2024-05-01T23:31:20.484-0500] {processor.py:842} WARNING - No viable dags retrieved from /Users/nestoralfaro/Desktop/pbi-scenario-two/py_env/lib/python3.9/site-packages/airflow/example_dags/example_branch_operator.py
[2024-05-01T23:31:20.519-0500] {processor.py:183} INFO - Processing /Users/nestoralfaro/Desktop/pbi-scenario-two/py_env/lib/python3.9/site-packages/airflow/example_dags/example_branch_operator.py took 0.047 seconds
[2024-05-01T23:33:26.404-0500] {processor.py:161} INFO - Started process (PID=34889) to work on /Users/nestoralfaro/Desktop/pbi-scenario-two/py_env/lib/python3.9/site-packages/airflow/example_dags/example_branch_operator.py
[2024-05-01T23:33:26.406-0500] {processor.py:830} INFO - Processing file /Users/nestoralfaro/Desktop/pbi-scenario-two/py_env/lib/python3.9/site-packages/airflow/example_dags/example_branch_operator.py for tasks to queue
[2024-05-01T23:33:26.406-0500] {logging_mixin.py:188} INFO - [2024-05-01T23:33:26.406-0500] {dagbag.py:540} INFO - Filling up the DagBag from /Users/nestoralfaro/Desktop/pbi-scenario-two/py_env/lib/python3.9/site-packages/airflow/example_dags/example_branch_operator.py
[2024-05-01T23:33:26.415-0500] {processor.py:842} WARNING - No viable dags retrieved from /Users/nestoralfaro/Desktop/pbi-scenario-two/py_env/lib/python3.9/site-packages/airflow/example_dags/example_branch_operator.py
[2024-05-01T23:33:26.452-0500] {processor.py:183} INFO - Processing /Users/nestoralfaro/Desktop/pbi-scenario-two/py_env/lib/python3.9/site-packages/airflow/example_dags/example_branch_operator.py took 0.050 seconds
[2024-05-01T23:35:22.345-0500] {processor.py:161} INFO - Started process (PID=34959) to work on /Users/nestoralfaro/Desktop/pbi-scenario-two/py_env/lib/python3.9/site-packages/airflow/example_dags/example_branch_operator.py
[2024-05-01T23:35:22.347-0500] {processor.py:830} INFO - Processing file /Users/nestoralfaro/Desktop/pbi-scenario-two/py_env/lib/python3.9/site-packages/airflow/example_dags/example_branch_operator.py for tasks to queue
[2024-05-01T23:35:22.347-0500] {logging_mixin.py:188} INFO - [2024-05-01T23:35:22.347-0500] {dagbag.py:540} INFO - Filling up the DagBag from /Users/nestoralfaro/Desktop/pbi-scenario-two/py_env/lib/python3.9/site-packages/airflow/example_dags/example_branch_operator.py
[2024-05-01T23:35:22.357-0500] {processor.py:842} WARNING - No viable dags retrieved from /Users/nestoralfaro/Desktop/pbi-scenario-two/py_env/lib/python3.9/site-packages/airflow/example_dags/example_branch_operator.py
[2024-05-01T23:35:22.395-0500] {processor.py:183} INFO - Processing /Users/nestoralfaro/Desktop/pbi-scenario-two/py_env/lib/python3.9/site-packages/airflow/example_dags/example_branch_operator.py took 0.052 seconds
[2024-05-01T23:37:16.657-0500] {processor.py:161} INFO - Started process (PID=35028) to work on /Users/nestoralfaro/Desktop/pbi-scenario-two/py_env/lib/python3.9/site-packages/airflow/example_dags/example_branch_operator.py
[2024-05-01T23:37:16.659-0500] {processor.py:830} INFO - Processing file /Users/nestoralfaro/Desktop/pbi-scenario-two/py_env/lib/python3.9/site-packages/airflow/example_dags/example_branch_operator.py for tasks to queue
[2024-05-01T23:37:16.659-0500] {logging_mixin.py:188} INFO - [2024-05-01T23:37:16.659-0500] {dagbag.py:540} INFO - Filling up the DagBag from /Users/nestoralfaro/Desktop/pbi-scenario-two/py_env/lib/python3.9/site-packages/airflow/example_dags/example_branch_operator.py
[2024-05-01T23:37:16.669-0500] {processor.py:842} WARNING - No viable dags retrieved from /Users/nestoralfaro/Desktop/pbi-scenario-two/py_env/lib/python3.9/site-packages/airflow/example_dags/example_branch_operator.py
[2024-05-01T23:37:16.708-0500] {processor.py:183} INFO - Processing /Users/nestoralfaro/Desktop/pbi-scenario-two/py_env/lib/python3.9/site-packages/airflow/example_dags/example_branch_operator.py took 0.053 seconds
[2024-05-01T23:39:10.890-0500] {processor.py:161} INFO - Started process (PID=35098) to work on /Users/nestoralfaro/Desktop/pbi-scenario-two/py_env/lib/python3.9/site-packages/airflow/example_dags/example_branch_operator.py
[2024-05-01T23:39:10.892-0500] {processor.py:830} INFO - Processing file /Users/nestoralfaro/Desktop/pbi-scenario-two/py_env/lib/python3.9/site-packages/airflow/example_dags/example_branch_operator.py for tasks to queue
[2024-05-01T23:39:10.893-0500] {logging_mixin.py:188} INFO - [2024-05-01T23:39:10.892-0500] {dagbag.py:540} INFO - Filling up the DagBag from /Users/nestoralfaro/Desktop/pbi-scenario-two/py_env/lib/python3.9/site-packages/airflow/example_dags/example_branch_operator.py
[2024-05-01T23:39:10.902-0500] {processor.py:842} WARNING - No viable dags retrieved from /Users/nestoralfaro/Desktop/pbi-scenario-two/py_env/lib/python3.9/site-packages/airflow/example_dags/example_branch_operator.py
[2024-05-01T23:39:10.939-0500] {processor.py:183} INFO - Processing /Users/nestoralfaro/Desktop/pbi-scenario-two/py_env/lib/python3.9/site-packages/airflow/example_dags/example_branch_operator.py took 0.050 seconds
[2024-05-01T23:41:05.129-0500] {processor.py:161} INFO - Started process (PID=35188) to work on /Users/nestoralfaro/Desktop/pbi-scenario-two/py_env/lib/python3.9/site-packages/airflow/example_dags/example_branch_operator.py
[2024-05-01T23:41:05.131-0500] {processor.py:830} INFO - Processing file /Users/nestoralfaro/Desktop/pbi-scenario-two/py_env/lib/python3.9/site-packages/airflow/example_dags/example_branch_operator.py for tasks to queue
[2024-05-01T23:41:05.132-0500] {logging_mixin.py:188} INFO - [2024-05-01T23:41:05.131-0500] {dagbag.py:540} INFO - Filling up the DagBag from /Users/nestoralfaro/Desktop/pbi-scenario-two/py_env/lib/python3.9/site-packages/airflow/example_dags/example_branch_operator.py
[2024-05-01T23:41:05.142-0500] {processor.py:842} WARNING - No viable dags retrieved from /Users/nestoralfaro/Desktop/pbi-scenario-two/py_env/lib/python3.9/site-packages/airflow/example_dags/example_branch_operator.py
[2024-05-01T23:41:05.179-0500] {processor.py:183} INFO - Processing /Users/nestoralfaro/Desktop/pbi-scenario-two/py_env/lib/python3.9/site-packages/airflow/example_dags/example_branch_operator.py took 0.051 seconds
[2024-05-01T23:43:06.382-0500] {processor.py:161} INFO - Started process (PID=35292) to work on /Users/nestoralfaro/Desktop/pbi-scenario-two/py_env/lib/python3.9/site-packages/airflow/example_dags/example_branch_operator.py
[2024-05-01T23:43:06.384-0500] {processor.py:830} INFO - Processing file /Users/nestoralfaro/Desktop/pbi-scenario-two/py_env/lib/python3.9/site-packages/airflow/example_dags/example_branch_operator.py for tasks to queue
[2024-05-01T23:43:06.384-0500] {logging_mixin.py:188} INFO - [2024-05-01T23:43:06.384-0500] {dagbag.py:540} INFO - Filling up the DagBag from /Users/nestoralfaro/Desktop/pbi-scenario-two/py_env/lib/python3.9/site-packages/airflow/example_dags/example_branch_operator.py
[2024-05-01T23:43:06.394-0500] {processor.py:842} WARNING - No viable dags retrieved from /Users/nestoralfaro/Desktop/pbi-scenario-two/py_env/lib/python3.9/site-packages/airflow/example_dags/example_branch_operator.py
[2024-05-01T23:43:06.431-0500] {processor.py:183} INFO - Processing /Users/nestoralfaro/Desktop/pbi-scenario-two/py_env/lib/python3.9/site-packages/airflow/example_dags/example_branch_operator.py took 0.051 seconds
[2024-05-01T23:45:04.828-0500] {processor.py:161} INFO - Started process (PID=35376) to work on /Users/nestoralfaro/Desktop/pbi-scenario-two/py_env/lib/python3.9/site-packages/airflow/example_dags/example_branch_operator.py
[2024-05-01T23:45:04.830-0500] {processor.py:830} INFO - Processing file /Users/nestoralfaro/Desktop/pbi-scenario-two/py_env/lib/python3.9/site-packages/airflow/example_dags/example_branch_operator.py for tasks to queue
[2024-05-01T23:45:04.830-0500] {logging_mixin.py:188} INFO - [2024-05-01T23:45:04.830-0500] {dagbag.py:540} INFO - Filling up the DagBag from /Users/nestoralfaro/Desktop/pbi-scenario-two/py_env/lib/python3.9/site-packages/airflow/example_dags/example_branch_operator.py
[2024-05-01T23:45:04.840-0500] {processor.py:842} WARNING - No viable dags retrieved from /Users/nestoralfaro/Desktop/pbi-scenario-two/py_env/lib/python3.9/site-packages/airflow/example_dags/example_branch_operator.py
[2024-05-01T23:45:04.877-0500] {processor.py:183} INFO - Processing /Users/nestoralfaro/Desktop/pbi-scenario-two/py_env/lib/python3.9/site-packages/airflow/example_dags/example_branch_operator.py took 0.050 seconds
[2024-05-01T23:46:57.613-0500] {processor.py:161} INFO - Started process (PID=35444) to work on /Users/nestoralfaro/Desktop/pbi-scenario-two/py_env/lib/python3.9/site-packages/airflow/example_dags/example_branch_operator.py
[2024-05-01T23:46:57.615-0500] {processor.py:830} INFO - Processing file /Users/nestoralfaro/Desktop/pbi-scenario-two/py_env/lib/python3.9/site-packages/airflow/example_dags/example_branch_operator.py for tasks to queue
[2024-05-01T23:46:57.615-0500] {logging_mixin.py:188} INFO - [2024-05-01T23:46:57.615-0500] {dagbag.py:540} INFO - Filling up the DagBag from /Users/nestoralfaro/Desktop/pbi-scenario-two/py_env/lib/python3.9/site-packages/airflow/example_dags/example_branch_operator.py
[2024-05-01T23:46:57.624-0500] {processor.py:842} WARNING - No viable dags retrieved from /Users/nestoralfaro/Desktop/pbi-scenario-two/py_env/lib/python3.9/site-packages/airflow/example_dags/example_branch_operator.py
[2024-05-01T23:46:57.657-0500] {processor.py:183} INFO - Processing /Users/nestoralfaro/Desktop/pbi-scenario-two/py_env/lib/python3.9/site-packages/airflow/example_dags/example_branch_operator.py took 0.046 seconds
[2024-05-01T23:48:48.465-0500] {processor.py:161} INFO - Started process (PID=35531) to work on /Users/nestoralfaro/Desktop/pbi-scenario-two/py_env/lib/python3.9/site-packages/airflow/example_dags/example_branch_operator.py
[2024-05-01T23:48:48.468-0500] {processor.py:830} INFO - Processing file /Users/nestoralfaro/Desktop/pbi-scenario-two/py_env/lib/python3.9/site-packages/airflow/example_dags/example_branch_operator.py for tasks to queue
[2024-05-01T23:48:48.468-0500] {logging_mixin.py:188} INFO - [2024-05-01T23:48:48.468-0500] {dagbag.py:540} INFO - Filling up the DagBag from /Users/nestoralfaro/Desktop/pbi-scenario-two/py_env/lib/python3.9/site-packages/airflow/example_dags/example_branch_operator.py
[2024-05-01T23:48:48.477-0500] {processor.py:842} WARNING - No viable dags retrieved from /Users/nestoralfaro/Desktop/pbi-scenario-two/py_env/lib/python3.9/site-packages/airflow/example_dags/example_branch_operator.py
[2024-05-01T23:48:48.514-0500] {processor.py:183} INFO - Processing /Users/nestoralfaro/Desktop/pbi-scenario-two/py_env/lib/python3.9/site-packages/airflow/example_dags/example_branch_operator.py took 0.049 seconds
[2024-05-01T23:50:45.743-0500] {processor.py:161} INFO - Started process (PID=35603) to work on /Users/nestoralfaro/Desktop/pbi-scenario-two/py_env/lib/python3.9/site-packages/airflow/example_dags/example_branch_operator.py
[2024-05-01T23:50:45.745-0500] {processor.py:830} INFO - Processing file /Users/nestoralfaro/Desktop/pbi-scenario-two/py_env/lib/python3.9/site-packages/airflow/example_dags/example_branch_operator.py for tasks to queue
[2024-05-01T23:50:45.745-0500] {logging_mixin.py:188} INFO - [2024-05-01T23:50:45.745-0500] {dagbag.py:540} INFO - Filling up the DagBag from /Users/nestoralfaro/Desktop/pbi-scenario-two/py_env/lib/python3.9/site-packages/airflow/example_dags/example_branch_operator.py
[2024-05-01T23:50:45.755-0500] {processor.py:842} WARNING - No viable dags retrieved from /Users/nestoralfaro/Desktop/pbi-scenario-two/py_env/lib/python3.9/site-packages/airflow/example_dags/example_branch_operator.py
[2024-05-01T23:50:45.792-0500] {processor.py:183} INFO - Processing /Users/nestoralfaro/Desktop/pbi-scenario-two/py_env/lib/python3.9/site-packages/airflow/example_dags/example_branch_operator.py took 0.050 seconds
[2024-05-01T23:52:38.978-0500] {processor.py:161} INFO - Started process (PID=35688) to work on /Users/nestoralfaro/Desktop/pbi-scenario-two/py_env/lib/python3.9/site-packages/airflow/example_dags/example_branch_operator.py
[2024-05-01T23:52:38.979-0500] {processor.py:830} INFO - Processing file /Users/nestoralfaro/Desktop/pbi-scenario-two/py_env/lib/python3.9/site-packages/airflow/example_dags/example_branch_operator.py for tasks to queue
[2024-05-01T23:52:38.979-0500] {logging_mixin.py:188} INFO - [2024-05-01T23:52:38.979-0500] {dagbag.py:540} INFO - Filling up the DagBag from /Users/nestoralfaro/Desktop/pbi-scenario-two/py_env/lib/python3.9/site-packages/airflow/example_dags/example_branch_operator.py
[2024-05-01T23:52:38.988-0500] {processor.py:842} WARNING - No viable dags retrieved from /Users/nestoralfaro/Desktop/pbi-scenario-two/py_env/lib/python3.9/site-packages/airflow/example_dags/example_branch_operator.py
[2024-05-01T23:52:39.027-0500] {processor.py:183} INFO - Processing /Users/nestoralfaro/Desktop/pbi-scenario-two/py_env/lib/python3.9/site-packages/airflow/example_dags/example_branch_operator.py took 0.051 seconds
[2024-05-01T23:54:37.551-0500] {processor.py:161} INFO - Started process (PID=35756) to work on /Users/nestoralfaro/Desktop/pbi-scenario-two/py_env/lib/python3.9/site-packages/airflow/example_dags/example_branch_operator.py
[2024-05-01T23:54:37.552-0500] {processor.py:830} INFO - Processing file /Users/nestoralfaro/Desktop/pbi-scenario-two/py_env/lib/python3.9/site-packages/airflow/example_dags/example_branch_operator.py for tasks to queue
[2024-05-01T23:54:37.553-0500] {logging_mixin.py:188} INFO - [2024-05-01T23:54:37.553-0500] {dagbag.py:540} INFO - Filling up the DagBag from /Users/nestoralfaro/Desktop/pbi-scenario-two/py_env/lib/python3.9/site-packages/airflow/example_dags/example_branch_operator.py
[2024-05-01T23:54:37.561-0500] {processor.py:842} WARNING - No viable dags retrieved from /Users/nestoralfaro/Desktop/pbi-scenario-two/py_env/lib/python3.9/site-packages/airflow/example_dags/example_branch_operator.py
[2024-05-01T23:54:37.596-0500] {processor.py:183} INFO - Processing /Users/nestoralfaro/Desktop/pbi-scenario-two/py_env/lib/python3.9/site-packages/airflow/example_dags/example_branch_operator.py took 0.046 seconds
[2024-05-01T23:56:28.920-0500] {processor.py:161} INFO - Started process (PID=35826) to work on /Users/nestoralfaro/Desktop/pbi-scenario-two/py_env/lib/python3.9/site-packages/airflow/example_dags/example_branch_operator.py
[2024-05-01T23:56:28.921-0500] {processor.py:830} INFO - Processing file /Users/nestoralfaro/Desktop/pbi-scenario-two/py_env/lib/python3.9/site-packages/airflow/example_dags/example_branch_operator.py for tasks to queue
[2024-05-01T23:56:28.922-0500] {logging_mixin.py:188} INFO - [2024-05-01T23:56:28.922-0500] {dagbag.py:540} INFO - Filling up the DagBag from /Users/nestoralfaro/Desktop/pbi-scenario-two/py_env/lib/python3.9/site-packages/airflow/example_dags/example_branch_operator.py
[2024-05-01T23:56:28.930-0500] {processor.py:842} WARNING - No viable dags retrieved from /Users/nestoralfaro/Desktop/pbi-scenario-two/py_env/lib/python3.9/site-packages/airflow/example_dags/example_branch_operator.py
[2024-05-01T23:56:28.963-0500] {processor.py:183} INFO - Processing /Users/nestoralfaro/Desktop/pbi-scenario-two/py_env/lib/python3.9/site-packages/airflow/example_dags/example_branch_operator.py took 0.044 seconds
[2024-05-01T23:58:19.716-0500] {processor.py:161} INFO - Started process (PID=35894) to work on /Users/nestoralfaro/Desktop/pbi-scenario-two/py_env/lib/python3.9/site-packages/airflow/example_dags/example_branch_operator.py
[2024-05-01T23:58:19.717-0500] {processor.py:830} INFO - Processing file /Users/nestoralfaro/Desktop/pbi-scenario-two/py_env/lib/python3.9/site-packages/airflow/example_dags/example_branch_operator.py for tasks to queue
[2024-05-01T23:58:19.718-0500] {logging_mixin.py:188} INFO - [2024-05-01T23:58:19.718-0500] {dagbag.py:540} INFO - Filling up the DagBag from /Users/nestoralfaro/Desktop/pbi-scenario-two/py_env/lib/python3.9/site-packages/airflow/example_dags/example_branch_operator.py
[2024-05-01T23:58:19.727-0500] {processor.py:842} WARNING - No viable dags retrieved from /Users/nestoralfaro/Desktop/pbi-scenario-two/py_env/lib/python3.9/site-packages/airflow/example_dags/example_branch_operator.py
[2024-05-01T23:58:19.760-0500] {processor.py:183} INFO - Processing /Users/nestoralfaro/Desktop/pbi-scenario-two/py_env/lib/python3.9/site-packages/airflow/example_dags/example_branch_operator.py took 0.045 seconds
[2024-05-02T00:00:11.755-0500] {processor.py:161} INFO - Started process (PID=35986) to work on /Users/nestoralfaro/Desktop/pbi-scenario-two/py_env/lib/python3.9/site-packages/airflow/example_dags/example_branch_operator.py
[2024-05-02T00:00:11.757-0500] {processor.py:830} INFO - Processing file /Users/nestoralfaro/Desktop/pbi-scenario-two/py_env/lib/python3.9/site-packages/airflow/example_dags/example_branch_operator.py for tasks to queue
[2024-05-02T00:00:11.758-0500] {logging_mixin.py:188} INFO - [2024-05-02T00:00:11.758-0500] {dagbag.py:540} INFO - Filling up the DagBag from /Users/nestoralfaro/Desktop/pbi-scenario-two/py_env/lib/python3.9/site-packages/airflow/example_dags/example_branch_operator.py
[2024-05-02T00:00:11.768-0500] {processor.py:842} WARNING - No viable dags retrieved from /Users/nestoralfaro/Desktop/pbi-scenario-two/py_env/lib/python3.9/site-packages/airflow/example_dags/example_branch_operator.py
[2024-05-02T00:00:11.808-0500] {processor.py:183} INFO - Processing /Users/nestoralfaro/Desktop/pbi-scenario-two/py_env/lib/python3.9/site-packages/airflow/example_dags/example_branch_operator.py took 0.054 seconds
[2024-05-02T00:02:05.102-0500] {processor.py:161} INFO - Started process (PID=36063) to work on /Users/nestoralfaro/Desktop/pbi-scenario-two/py_env/lib/python3.9/site-packages/airflow/example_dags/example_branch_operator.py
[2024-05-02T00:02:05.103-0500] {processor.py:830} INFO - Processing file /Users/nestoralfaro/Desktop/pbi-scenario-two/py_env/lib/python3.9/site-packages/airflow/example_dags/example_branch_operator.py for tasks to queue
[2024-05-02T00:02:05.103-0500] {logging_mixin.py:188} INFO - [2024-05-02T00:02:05.103-0500] {dagbag.py:540} INFO - Filling up the DagBag from /Users/nestoralfaro/Desktop/pbi-scenario-two/py_env/lib/python3.9/site-packages/airflow/example_dags/example_branch_operator.py
[2024-05-02T00:02:05.112-0500] {processor.py:842} WARNING - No viable dags retrieved from /Users/nestoralfaro/Desktop/pbi-scenario-two/py_env/lib/python3.9/site-packages/airflow/example_dags/example_branch_operator.py
[2024-05-02T00:02:05.149-0500] {processor.py:183} INFO - Processing /Users/nestoralfaro/Desktop/pbi-scenario-two/py_env/lib/python3.9/site-packages/airflow/example_dags/example_branch_operator.py took 0.048 seconds
[2024-05-02T00:04:01.549-0500] {processor.py:161} INFO - Started process (PID=36148) to work on /Users/nestoralfaro/Desktop/pbi-scenario-two/py_env/lib/python3.9/site-packages/airflow/example_dags/example_branch_operator.py
[2024-05-02T00:04:01.551-0500] {processor.py:830} INFO - Processing file /Users/nestoralfaro/Desktop/pbi-scenario-two/py_env/lib/python3.9/site-packages/airflow/example_dags/example_branch_operator.py for tasks to queue
[2024-05-02T00:04:01.552-0500] {logging_mixin.py:188} INFO - [2024-05-02T00:04:01.552-0500] {dagbag.py:540} INFO - Filling up the DagBag from /Users/nestoralfaro/Desktop/pbi-scenario-two/py_env/lib/python3.9/site-packages/airflow/example_dags/example_branch_operator.py
[2024-05-02T00:04:01.561-0500] {processor.py:842} WARNING - No viable dags retrieved from /Users/nestoralfaro/Desktop/pbi-scenario-two/py_env/lib/python3.9/site-packages/airflow/example_dags/example_branch_operator.py
[2024-05-02T00:04:01.598-0500] {processor.py:183} INFO - Processing /Users/nestoralfaro/Desktop/pbi-scenario-two/py_env/lib/python3.9/site-packages/airflow/example_dags/example_branch_operator.py took 0.050 seconds
[2024-05-02T00:05:56.173-0500] {processor.py:161} INFO - Started process (PID=36219) to work on /Users/nestoralfaro/Desktop/pbi-scenario-two/py_env/lib/python3.9/site-packages/airflow/example_dags/example_branch_operator.py
[2024-05-02T00:05:56.175-0500] {processor.py:830} INFO - Processing file /Users/nestoralfaro/Desktop/pbi-scenario-two/py_env/lib/python3.9/site-packages/airflow/example_dags/example_branch_operator.py for tasks to queue
[2024-05-02T00:05:56.176-0500] {logging_mixin.py:188} INFO - [2024-05-02T00:05:56.176-0500] {dagbag.py:540} INFO - Filling up the DagBag from /Users/nestoralfaro/Desktop/pbi-scenario-two/py_env/lib/python3.9/site-packages/airflow/example_dags/example_branch_operator.py
[2024-05-02T00:05:56.186-0500] {processor.py:842} WARNING - No viable dags retrieved from /Users/nestoralfaro/Desktop/pbi-scenario-two/py_env/lib/python3.9/site-packages/airflow/example_dags/example_branch_operator.py
[2024-05-02T00:05:56.221-0500] {processor.py:183} INFO - Processing /Users/nestoralfaro/Desktop/pbi-scenario-two/py_env/lib/python3.9/site-packages/airflow/example_dags/example_branch_operator.py took 0.049 seconds
[2024-05-02T00:07:43.621-0500] {processor.py:161} INFO - Started process (PID=36304) to work on /Users/nestoralfaro/Desktop/pbi-scenario-two/py_env/lib/python3.9/site-packages/airflow/example_dags/example_branch_operator.py
[2024-05-02T00:07:43.624-0500] {processor.py:830} INFO - Processing file /Users/nestoralfaro/Desktop/pbi-scenario-two/py_env/lib/python3.9/site-packages/airflow/example_dags/example_branch_operator.py for tasks to queue
[2024-05-02T00:07:43.624-0500] {logging_mixin.py:188} INFO - [2024-05-02T00:07:43.624-0500] {dagbag.py:540} INFO - Filling up the DagBag from /Users/nestoralfaro/Desktop/pbi-scenario-two/py_env/lib/python3.9/site-packages/airflow/example_dags/example_branch_operator.py
[2024-05-02T00:07:43.633-0500] {processor.py:842} WARNING - No viable dags retrieved from /Users/nestoralfaro/Desktop/pbi-scenario-two/py_env/lib/python3.9/site-packages/airflow/example_dags/example_branch_operator.py
[2024-05-02T00:07:43.667-0500] {processor.py:183} INFO - Processing /Users/nestoralfaro/Desktop/pbi-scenario-two/py_env/lib/python3.9/site-packages/airflow/example_dags/example_branch_operator.py took 0.047 seconds
[2024-05-02T00:09:37.387-0500] {processor.py:161} INFO - Started process (PID=36373) to work on /Users/nestoralfaro/Desktop/pbi-scenario-two/py_env/lib/python3.9/site-packages/airflow/example_dags/example_branch_operator.py
[2024-05-02T00:09:37.389-0500] {processor.py:830} INFO - Processing file /Users/nestoralfaro/Desktop/pbi-scenario-two/py_env/lib/python3.9/site-packages/airflow/example_dags/example_branch_operator.py for tasks to queue
[2024-05-02T00:09:37.389-0500] {logging_mixin.py:188} INFO - [2024-05-02T00:09:37.389-0500] {dagbag.py:540} INFO - Filling up the DagBag from /Users/nestoralfaro/Desktop/pbi-scenario-two/py_env/lib/python3.9/site-packages/airflow/example_dags/example_branch_operator.py
[2024-05-02T00:09:37.398-0500] {processor.py:842} WARNING - No viable dags retrieved from /Users/nestoralfaro/Desktop/pbi-scenario-two/py_env/lib/python3.9/site-packages/airflow/example_dags/example_branch_operator.py
[2024-05-02T00:09:37.431-0500] {processor.py:183} INFO - Processing /Users/nestoralfaro/Desktop/pbi-scenario-two/py_env/lib/python3.9/site-packages/airflow/example_dags/example_branch_operator.py took 0.046 seconds
[2024-05-02T00:12:13.602-0500] {processor.py:161} INFO - Started process (PID=36484) to work on /Users/nestoralfaro/Desktop/pbi-scenario-two/py_env/lib/python3.9/site-packages/airflow/example_dags/example_branch_operator.py
[2024-05-02T00:12:13.604-0500] {processor.py:830} INFO - Processing file /Users/nestoralfaro/Desktop/pbi-scenario-two/py_env/lib/python3.9/site-packages/airflow/example_dags/example_branch_operator.py for tasks to queue
[2024-05-02T00:12:13.604-0500] {logging_mixin.py:188} INFO - [2024-05-02T00:12:13.604-0500] {dagbag.py:540} INFO - Filling up the DagBag from /Users/nestoralfaro/Desktop/pbi-scenario-two/py_env/lib/python3.9/site-packages/airflow/example_dags/example_branch_operator.py
[2024-05-02T00:12:13.613-0500] {processor.py:842} WARNING - No viable dags retrieved from /Users/nestoralfaro/Desktop/pbi-scenario-two/py_env/lib/python3.9/site-packages/airflow/example_dags/example_branch_operator.py
[2024-05-02T00:12:13.646-0500] {processor.py:183} INFO - Processing /Users/nestoralfaro/Desktop/pbi-scenario-two/py_env/lib/python3.9/site-packages/airflow/example_dags/example_branch_operator.py took 0.046 seconds
[2024-05-02T00:14:07.686-0500] {processor.py:161} INFO - Started process (PID=36568) to work on /Users/nestoralfaro/Desktop/pbi-scenario-two/py_env/lib/python3.9/site-packages/airflow/example_dags/example_branch_operator.py
[2024-05-02T00:14:07.689-0500] {processor.py:830} INFO - Processing file /Users/nestoralfaro/Desktop/pbi-scenario-two/py_env/lib/python3.9/site-packages/airflow/example_dags/example_branch_operator.py for tasks to queue
[2024-05-02T00:14:07.689-0500] {logging_mixin.py:188} INFO - [2024-05-02T00:14:07.689-0500] {dagbag.py:540} INFO - Filling up the DagBag from /Users/nestoralfaro/Desktop/pbi-scenario-two/py_env/lib/python3.9/site-packages/airflow/example_dags/example_branch_operator.py
[2024-05-02T00:14:07.701-0500] {processor.py:842} WARNING - No viable dags retrieved from /Users/nestoralfaro/Desktop/pbi-scenario-two/py_env/lib/python3.9/site-packages/airflow/example_dags/example_branch_operator.py
[2024-05-02T00:14:07.744-0500] {processor.py:183} INFO - Processing /Users/nestoralfaro/Desktop/pbi-scenario-two/py_env/lib/python3.9/site-packages/airflow/example_dags/example_branch_operator.py took 0.060 seconds
[2024-05-02T00:16:07.077-0500] {processor.py:161} INFO - Started process (PID=36649) to work on /Users/nestoralfaro/Desktop/pbi-scenario-two/py_env/lib/python3.9/site-packages/airflow/example_dags/example_branch_operator.py
[2024-05-02T00:16:07.079-0500] {processor.py:830} INFO - Processing file /Users/nestoralfaro/Desktop/pbi-scenario-two/py_env/lib/python3.9/site-packages/airflow/example_dags/example_branch_operator.py for tasks to queue
[2024-05-02T00:16:07.080-0500] {logging_mixin.py:188} INFO - [2024-05-02T00:16:07.079-0500] {dagbag.py:540} INFO - Filling up the DagBag from /Users/nestoralfaro/Desktop/pbi-scenario-two/py_env/lib/python3.9/site-packages/airflow/example_dags/example_branch_operator.py
[2024-05-02T00:16:07.090-0500] {processor.py:842} WARNING - No viable dags retrieved from /Users/nestoralfaro/Desktop/pbi-scenario-two/py_env/lib/python3.9/site-packages/airflow/example_dags/example_branch_operator.py
[2024-05-02T00:16:07.127-0500] {processor.py:183} INFO - Processing /Users/nestoralfaro/Desktop/pbi-scenario-two/py_env/lib/python3.9/site-packages/airflow/example_dags/example_branch_operator.py took 0.052 seconds
[2024-05-02T00:18:04.138-0500] {processor.py:161} INFO - Started process (PID=36724) to work on /Users/nestoralfaro/Desktop/pbi-scenario-two/py_env/lib/python3.9/site-packages/airflow/example_dags/example_branch_operator.py
[2024-05-02T00:18:04.140-0500] {processor.py:830} INFO - Processing file /Users/nestoralfaro/Desktop/pbi-scenario-two/py_env/lib/python3.9/site-packages/airflow/example_dags/example_branch_operator.py for tasks to queue
[2024-05-02T00:18:04.141-0500] {logging_mixin.py:188} INFO - [2024-05-02T00:18:04.141-0500] {dagbag.py:540} INFO - Filling up the DagBag from /Users/nestoralfaro/Desktop/pbi-scenario-two/py_env/lib/python3.9/site-packages/airflow/example_dags/example_branch_operator.py
[2024-05-02T00:18:04.150-0500] {processor.py:842} WARNING - No viable dags retrieved from /Users/nestoralfaro/Desktop/pbi-scenario-two/py_env/lib/python3.9/site-packages/airflow/example_dags/example_branch_operator.py
[2024-05-02T00:18:04.185-0500] {processor.py:183} INFO - Processing /Users/nestoralfaro/Desktop/pbi-scenario-two/py_env/lib/python3.9/site-packages/airflow/example_dags/example_branch_operator.py took 0.048 seconds
[2024-05-02T00:20:00.930-0500] {processor.py:161} INFO - Started process (PID=36834) to work on /Users/nestoralfaro/Desktop/pbi-scenario-two/py_env/lib/python3.9/site-packages/airflow/example_dags/example_branch_operator.py
[2024-05-02T00:20:00.932-0500] {processor.py:830} INFO - Processing file /Users/nestoralfaro/Desktop/pbi-scenario-two/py_env/lib/python3.9/site-packages/airflow/example_dags/example_branch_operator.py for tasks to queue
[2024-05-02T00:20:00.932-0500] {logging_mixin.py:188} INFO - [2024-05-02T00:20:00.932-0500] {dagbag.py:540} INFO - Filling up the DagBag from /Users/nestoralfaro/Desktop/pbi-scenario-two/py_env/lib/python3.9/site-packages/airflow/example_dags/example_branch_operator.py
[2024-05-02T00:20:00.941-0500] {processor.py:842} WARNING - No viable dags retrieved from /Users/nestoralfaro/Desktop/pbi-scenario-two/py_env/lib/python3.9/site-packages/airflow/example_dags/example_branch_operator.py
[2024-05-02T00:20:00.976-0500] {processor.py:183} INFO - Processing /Users/nestoralfaro/Desktop/pbi-scenario-two/py_env/lib/python3.9/site-packages/airflow/example_dags/example_branch_operator.py took 0.047 seconds
[2024-05-02T00:21:53.844-0500] {processor.py:161} INFO - Started process (PID=36915) to work on /Users/nestoralfaro/Desktop/pbi-scenario-two/py_env/lib/python3.9/site-packages/airflow/example_dags/example_branch_operator.py
[2024-05-02T00:21:53.845-0500] {processor.py:830} INFO - Processing file /Users/nestoralfaro/Desktop/pbi-scenario-two/py_env/lib/python3.9/site-packages/airflow/example_dags/example_branch_operator.py for tasks to queue
[2024-05-02T00:21:53.846-0500] {logging_mixin.py:188} INFO - [2024-05-02T00:21:53.845-0500] {dagbag.py:540} INFO - Filling up the DagBag from /Users/nestoralfaro/Desktop/pbi-scenario-two/py_env/lib/python3.9/site-packages/airflow/example_dags/example_branch_operator.py
[2024-05-02T00:21:53.855-0500] {processor.py:842} WARNING - No viable dags retrieved from /Users/nestoralfaro/Desktop/pbi-scenario-two/py_env/lib/python3.9/site-packages/airflow/example_dags/example_branch_operator.py
[2024-05-02T00:21:53.891-0500] {processor.py:183} INFO - Processing /Users/nestoralfaro/Desktop/pbi-scenario-two/py_env/lib/python3.9/site-packages/airflow/example_dags/example_branch_operator.py took 0.048 seconds
[2024-05-02T00:23:48.691-0500] {processor.py:161} INFO - Started process (PID=37028) to work on /Users/nestoralfaro/Desktop/pbi-scenario-two/py_env/lib/python3.9/site-packages/airflow/example_dags/example_branch_operator.py
[2024-05-02T00:23:48.692-0500] {processor.py:830} INFO - Processing file /Users/nestoralfaro/Desktop/pbi-scenario-two/py_env/lib/python3.9/site-packages/airflow/example_dags/example_branch_operator.py for tasks to queue
[2024-05-02T00:23:48.693-0500] {logging_mixin.py:188} INFO - [2024-05-02T00:23:48.693-0500] {dagbag.py:540} INFO - Filling up the DagBag from /Users/nestoralfaro/Desktop/pbi-scenario-two/py_env/lib/python3.9/site-packages/airflow/example_dags/example_branch_operator.py
[2024-05-02T00:23:48.702-0500] {processor.py:842} WARNING - No viable dags retrieved from /Users/nestoralfaro/Desktop/pbi-scenario-two/py_env/lib/python3.9/site-packages/airflow/example_dags/example_branch_operator.py
[2024-05-02T00:23:48.735-0500] {processor.py:183} INFO - Processing /Users/nestoralfaro/Desktop/pbi-scenario-two/py_env/lib/python3.9/site-packages/airflow/example_dags/example_branch_operator.py took 0.046 seconds
