[2024-05-01T23:31:17.311-0500] {processor.py:161} INFO - Started process (PID=34779) to work on /Users/nestoralfaro/Desktop/pbi-scenario-two/py_env/lib/python3.9/site-packages/airflow/example_dags/example_branch_python_dop_operator_3.py
[2024-05-01T23:31:17.313-0500] {processor.py:830} INFO - Processing file /Users/nestoralfaro/Desktop/pbi-scenario-two/py_env/lib/python3.9/site-packages/airflow/example_dags/example_branch_python_dop_operator_3.py for tasks to queue
[2024-05-01T23:31:17.313-0500] {logging_mixin.py:188} INFO - [2024-05-01T23:31:17.313-0500] {dagbag.py:540} INFO - Filling up the DagBag from /Users/nestoralfaro/Desktop/pbi-scenario-two/py_env/lib/python3.9/site-packages/airflow/example_dags/example_branch_python_dop_operator_3.py
[2024-05-01T23:31:17.330-0500] {processor.py:840} INFO - DAG(s) 'example_branch_dop_operator_v3' retrieved from /Users/nestoralfaro/Desktop/pbi-scenario-two/py_env/lib/python3.9/site-packages/airflow/example_dags/example_branch_python_dop_operator_3.py
[2024-05-01T23:31:17.425-0500] {logging_mixin.py:188} INFO - [2024-05-01T23:31:17.425-0500] {dag.py:3096} INFO - Sync 1 DAGs
[2024-05-01T23:31:17.435-0500] {logging_mixin.py:188} INFO - [2024-05-01T23:31:17.435-0500] {dag.py:3954} INFO - Setting next_dagrun for example_branch_dop_operator_v3 to 2024-05-02 04:30:00+00:00, run_after=2024-05-02 04:31:00+00:00
[2024-05-01T23:31:17.442-0500] {processor.py:183} INFO - Processing /Users/nestoralfaro/Desktop/pbi-scenario-two/py_env/lib/python3.9/site-packages/airflow/example_dags/example_branch_python_dop_operator_3.py took 0.132 seconds
[2024-05-01T23:33:22.794-0500] {processor.py:161} INFO - Started process (PID=34886) to work on /Users/nestoralfaro/Desktop/pbi-scenario-two/py_env/lib/python3.9/site-packages/airflow/example_dags/example_branch_python_dop_operator_3.py
[2024-05-01T23:33:22.795-0500] {processor.py:830} INFO - Processing file /Users/nestoralfaro/Desktop/pbi-scenario-two/py_env/lib/python3.9/site-packages/airflow/example_dags/example_branch_python_dop_operator_3.py for tasks to queue
[2024-05-01T23:33:22.795-0500] {logging_mixin.py:188} INFO - [2024-05-01T23:33:22.795-0500] {dagbag.py:540} INFO - Filling up the DagBag from /Users/nestoralfaro/Desktop/pbi-scenario-two/py_env/lib/python3.9/site-packages/airflow/example_dags/example_branch_python_dop_operator_3.py
[2024-05-01T23:33:22.812-0500] {processor.py:840} INFO - DAG(s) 'example_branch_dop_operator_v3' retrieved from /Users/nestoralfaro/Desktop/pbi-scenario-two/py_env/lib/python3.9/site-packages/airflow/example_dags/example_branch_python_dop_operator_3.py
[2024-05-01T23:33:22.852-0500] {logging_mixin.py:188} INFO - [2024-05-01T23:33:22.852-0500] {dag.py:3096} INFO - Sync 1 DAGs
[2024-05-01T23:33:22.885-0500] {logging_mixin.py:188} INFO - [2024-05-01T23:33:22.885-0500] {dag.py:3954} INFO - Setting next_dagrun for example_branch_dop_operator_v3 to 2024-05-02 04:32:00+00:00, run_after=2024-05-02 04:33:00+00:00
[2024-05-01T23:33:22.892-0500] {processor.py:183} INFO - Processing /Users/nestoralfaro/Desktop/pbi-scenario-two/py_env/lib/python3.9/site-packages/airflow/example_dags/example_branch_python_dop_operator_3.py took 0.099 seconds
[2024-05-01T23:35:19.266-0500] {processor.py:161} INFO - Started process (PID=34957) to work on /Users/nestoralfaro/Desktop/pbi-scenario-two/py_env/lib/python3.9/site-packages/airflow/example_dags/example_branch_python_dop_operator_3.py
[2024-05-01T23:35:19.268-0500] {processor.py:830} INFO - Processing file /Users/nestoralfaro/Desktop/pbi-scenario-two/py_env/lib/python3.9/site-packages/airflow/example_dags/example_branch_python_dop_operator_3.py for tasks to queue
[2024-05-01T23:35:19.268-0500] {logging_mixin.py:188} INFO - [2024-05-01T23:35:19.268-0500] {dagbag.py:540} INFO - Filling up the DagBag from /Users/nestoralfaro/Desktop/pbi-scenario-two/py_env/lib/python3.9/site-packages/airflow/example_dags/example_branch_python_dop_operator_3.py
[2024-05-01T23:35:19.286-0500] {processor.py:840} INFO - DAG(s) 'example_branch_dop_operator_v3' retrieved from /Users/nestoralfaro/Desktop/pbi-scenario-two/py_env/lib/python3.9/site-packages/airflow/example_dags/example_branch_python_dop_operator_3.py
[2024-05-01T23:35:19.330-0500] {logging_mixin.py:188} INFO - [2024-05-01T23:35:19.330-0500] {dag.py:3096} INFO - Sync 1 DAGs
[2024-05-01T23:35:19.367-0500] {logging_mixin.py:188} INFO - [2024-05-01T23:35:19.367-0500] {dag.py:3954} INFO - Setting next_dagrun for example_branch_dop_operator_v3 to 2024-05-02 04:34:00+00:00, run_after=2024-05-02 04:35:00+00:00
[2024-05-01T23:35:19.375-0500] {processor.py:183} INFO - Processing /Users/nestoralfaro/Desktop/pbi-scenario-two/py_env/lib/python3.9/site-packages/airflow/example_dags/example_branch_python_dop_operator_3.py took 0.111 seconds
[2024-05-01T23:37:12.889-0500] {processor.py:161} INFO - Started process (PID=35026) to work on /Users/nestoralfaro/Desktop/pbi-scenario-two/py_env/lib/python3.9/site-packages/airflow/example_dags/example_branch_python_dop_operator_3.py
[2024-05-01T23:37:12.891-0500] {processor.py:830} INFO - Processing file /Users/nestoralfaro/Desktop/pbi-scenario-two/py_env/lib/python3.9/site-packages/airflow/example_dags/example_branch_python_dop_operator_3.py for tasks to queue
[2024-05-01T23:37:12.891-0500] {logging_mixin.py:188} INFO - [2024-05-01T23:37:12.891-0500] {dagbag.py:540} INFO - Filling up the DagBag from /Users/nestoralfaro/Desktop/pbi-scenario-two/py_env/lib/python3.9/site-packages/airflow/example_dags/example_branch_python_dop_operator_3.py
[2024-05-01T23:37:12.910-0500] {processor.py:840} INFO - DAG(s) 'example_branch_dop_operator_v3' retrieved from /Users/nestoralfaro/Desktop/pbi-scenario-two/py_env/lib/python3.9/site-packages/airflow/example_dags/example_branch_python_dop_operator_3.py
[2024-05-01T23:37:12.956-0500] {logging_mixin.py:188} INFO - [2024-05-01T23:37:12.956-0500] {dag.py:3096} INFO - Sync 1 DAGs
[2024-05-01T23:37:12.994-0500] {logging_mixin.py:188} INFO - [2024-05-01T23:37:12.994-0500] {dag.py:3954} INFO - Setting next_dagrun for example_branch_dop_operator_v3 to 2024-05-02 04:36:00+00:00, run_after=2024-05-02 04:37:00+00:00
[2024-05-01T23:37:13.002-0500] {processor.py:183} INFO - Processing /Users/nestoralfaro/Desktop/pbi-scenario-two/py_env/lib/python3.9/site-packages/airflow/example_dags/example_branch_python_dop_operator_3.py took 0.115 seconds
[2024-05-01T23:39:07.176-0500] {processor.py:161} INFO - Started process (PID=35095) to work on /Users/nestoralfaro/Desktop/pbi-scenario-two/py_env/lib/python3.9/site-packages/airflow/example_dags/example_branch_python_dop_operator_3.py
[2024-05-01T23:39:07.178-0500] {processor.py:830} INFO - Processing file /Users/nestoralfaro/Desktop/pbi-scenario-two/py_env/lib/python3.9/site-packages/airflow/example_dags/example_branch_python_dop_operator_3.py for tasks to queue
[2024-05-01T23:39:07.178-0500] {logging_mixin.py:188} INFO - [2024-05-01T23:39:07.178-0500] {dagbag.py:540} INFO - Filling up the DagBag from /Users/nestoralfaro/Desktop/pbi-scenario-two/py_env/lib/python3.9/site-packages/airflow/example_dags/example_branch_python_dop_operator_3.py
[2024-05-01T23:39:07.195-0500] {processor.py:840} INFO - DAG(s) 'example_branch_dop_operator_v3' retrieved from /Users/nestoralfaro/Desktop/pbi-scenario-two/py_env/lib/python3.9/site-packages/airflow/example_dags/example_branch_python_dop_operator_3.py
[2024-05-01T23:39:07.238-0500] {logging_mixin.py:188} INFO - [2024-05-01T23:39:07.238-0500] {dag.py:3096} INFO - Sync 1 DAGs
[2024-05-01T23:39:07.273-0500] {logging_mixin.py:188} INFO - [2024-05-01T23:39:07.272-0500] {dag.py:3954} INFO - Setting next_dagrun for example_branch_dop_operator_v3 to 2024-05-02 04:38:00+00:00, run_after=2024-05-02 04:39:00+00:00
[2024-05-01T23:39:07.279-0500] {processor.py:183} INFO - Processing /Users/nestoralfaro/Desktop/pbi-scenario-two/py_env/lib/python3.9/site-packages/airflow/example_dags/example_branch_python_dop_operator_3.py took 0.105 seconds
[2024-05-01T23:41:01.387-0500] {processor.py:161} INFO - Started process (PID=35186) to work on /Users/nestoralfaro/Desktop/pbi-scenario-two/py_env/lib/python3.9/site-packages/airflow/example_dags/example_branch_python_dop_operator_3.py
[2024-05-01T23:41:01.391-0500] {processor.py:830} INFO - Processing file /Users/nestoralfaro/Desktop/pbi-scenario-two/py_env/lib/python3.9/site-packages/airflow/example_dags/example_branch_python_dop_operator_3.py for tasks to queue
[2024-05-01T23:41:01.391-0500] {logging_mixin.py:188} INFO - [2024-05-01T23:41:01.391-0500] {dagbag.py:540} INFO - Filling up the DagBag from /Users/nestoralfaro/Desktop/pbi-scenario-two/py_env/lib/python3.9/site-packages/airflow/example_dags/example_branch_python_dop_operator_3.py
[2024-05-01T23:41:01.408-0500] {processor.py:840} INFO - DAG(s) 'example_branch_dop_operator_v3' retrieved from /Users/nestoralfaro/Desktop/pbi-scenario-two/py_env/lib/python3.9/site-packages/airflow/example_dags/example_branch_python_dop_operator_3.py
[2024-05-01T23:41:01.452-0500] {logging_mixin.py:188} INFO - [2024-05-01T23:41:01.451-0500] {dag.py:3096} INFO - Sync 1 DAGs
[2024-05-01T23:41:01.490-0500] {logging_mixin.py:188} INFO - [2024-05-01T23:41:01.490-0500] {dag.py:3954} INFO - Setting next_dagrun for example_branch_dop_operator_v3 to 2024-05-02 04:40:00+00:00, run_after=2024-05-02 04:41:00+00:00
[2024-05-01T23:41:01.497-0500] {processor.py:183} INFO - Processing /Users/nestoralfaro/Desktop/pbi-scenario-two/py_env/lib/python3.9/site-packages/airflow/example_dags/example_branch_python_dop_operator_3.py took 0.112 seconds
[2024-05-01T23:43:02.641-0500] {processor.py:161} INFO - Started process (PID=35290) to work on /Users/nestoralfaro/Desktop/pbi-scenario-two/py_env/lib/python3.9/site-packages/airflow/example_dags/example_branch_python_dop_operator_3.py
[2024-05-01T23:43:02.644-0500] {processor.py:830} INFO - Processing file /Users/nestoralfaro/Desktop/pbi-scenario-two/py_env/lib/python3.9/site-packages/airflow/example_dags/example_branch_python_dop_operator_3.py for tasks to queue
[2024-05-01T23:43:02.644-0500] {logging_mixin.py:188} INFO - [2024-05-01T23:43:02.644-0500] {dagbag.py:540} INFO - Filling up the DagBag from /Users/nestoralfaro/Desktop/pbi-scenario-two/py_env/lib/python3.9/site-packages/airflow/example_dags/example_branch_python_dop_operator_3.py
[2024-05-01T23:43:02.661-0500] {processor.py:840} INFO - DAG(s) 'example_branch_dop_operator_v3' retrieved from /Users/nestoralfaro/Desktop/pbi-scenario-two/py_env/lib/python3.9/site-packages/airflow/example_dags/example_branch_python_dop_operator_3.py
[2024-05-01T23:43:02.703-0500] {logging_mixin.py:188} INFO - [2024-05-01T23:43:02.703-0500] {dag.py:3096} INFO - Sync 1 DAGs
[2024-05-01T23:43:02.739-0500] {logging_mixin.py:188} INFO - [2024-05-01T23:43:02.739-0500] {dag.py:3954} INFO - Setting next_dagrun for example_branch_dop_operator_v3 to 2024-05-02 04:42:00+00:00, run_after=2024-05-02 04:43:00+00:00
[2024-05-01T23:43:02.748-0500] {processor.py:183} INFO - Processing /Users/nestoralfaro/Desktop/pbi-scenario-two/py_env/lib/python3.9/site-packages/airflow/example_dags/example_branch_python_dop_operator_3.py took 0.107 seconds
[2024-05-01T23:45:01.079-0500] {processor.py:161} INFO - Started process (PID=35374) to work on /Users/nestoralfaro/Desktop/pbi-scenario-two/py_env/lib/python3.9/site-packages/airflow/example_dags/example_branch_python_dop_operator_3.py
[2024-05-01T23:45:01.081-0500] {processor.py:830} INFO - Processing file /Users/nestoralfaro/Desktop/pbi-scenario-two/py_env/lib/python3.9/site-packages/airflow/example_dags/example_branch_python_dop_operator_3.py for tasks to queue
[2024-05-01T23:45:01.081-0500] {logging_mixin.py:188} INFO - [2024-05-01T23:45:01.081-0500] {dagbag.py:540} INFO - Filling up the DagBag from /Users/nestoralfaro/Desktop/pbi-scenario-two/py_env/lib/python3.9/site-packages/airflow/example_dags/example_branch_python_dop_operator_3.py
[2024-05-01T23:45:01.099-0500] {processor.py:840} INFO - DAG(s) 'example_branch_dop_operator_v3' retrieved from /Users/nestoralfaro/Desktop/pbi-scenario-two/py_env/lib/python3.9/site-packages/airflow/example_dags/example_branch_python_dop_operator_3.py
[2024-05-01T23:45:01.138-0500] {logging_mixin.py:188} INFO - [2024-05-01T23:45:01.138-0500] {dag.py:3096} INFO - Sync 1 DAGs
[2024-05-01T23:45:01.172-0500] {logging_mixin.py:188} INFO - [2024-05-01T23:45:01.172-0500] {dag.py:3954} INFO - Setting next_dagrun for example_branch_dop_operator_v3 to 2024-05-02 04:44:00+00:00, run_after=2024-05-02 04:45:00+00:00
[2024-05-01T23:45:01.179-0500] {processor.py:183} INFO - Processing /Users/nestoralfaro/Desktop/pbi-scenario-two/py_env/lib/python3.9/site-packages/airflow/example_dags/example_branch_python_dop_operator_3.py took 0.101 seconds
[2024-05-01T23:46:55.150-0500] {processor.py:161} INFO - Started process (PID=35442) to work on /Users/nestoralfaro/Desktop/pbi-scenario-two/py_env/lib/python3.9/site-packages/airflow/example_dags/example_branch_python_dop_operator_3.py
[2024-05-01T23:46:55.152-0500] {processor.py:830} INFO - Processing file /Users/nestoralfaro/Desktop/pbi-scenario-two/py_env/lib/python3.9/site-packages/airflow/example_dags/example_branch_python_dop_operator_3.py for tasks to queue
[2024-05-01T23:46:55.152-0500] {logging_mixin.py:188} INFO - [2024-05-01T23:46:55.152-0500] {dagbag.py:540} INFO - Filling up the DagBag from /Users/nestoralfaro/Desktop/pbi-scenario-two/py_env/lib/python3.9/site-packages/airflow/example_dags/example_branch_python_dop_operator_3.py
[2024-05-01T23:46:55.169-0500] {processor.py:840} INFO - DAG(s) 'example_branch_dop_operator_v3' retrieved from /Users/nestoralfaro/Desktop/pbi-scenario-two/py_env/lib/python3.9/site-packages/airflow/example_dags/example_branch_python_dop_operator_3.py
[2024-05-01T23:46:55.209-0500] {logging_mixin.py:188} INFO - [2024-05-01T23:46:55.209-0500] {dag.py:3096} INFO - Sync 1 DAGs
[2024-05-01T23:46:55.241-0500] {logging_mixin.py:188} INFO - [2024-05-01T23:46:55.241-0500] {dag.py:3954} INFO - Setting next_dagrun for example_branch_dop_operator_v3 to 2024-05-02 04:45:00+00:00, run_after=2024-05-02 04:46:00+00:00
[2024-05-01T23:46:55.248-0500] {processor.py:183} INFO - Processing /Users/nestoralfaro/Desktop/pbi-scenario-two/py_env/lib/python3.9/site-packages/airflow/example_dags/example_branch_python_dop_operator_3.py took 0.099 seconds
[2024-05-01T23:48:45.715-0500] {processor.py:161} INFO - Started process (PID=35529) to work on /Users/nestoralfaro/Desktop/pbi-scenario-two/py_env/lib/python3.9/site-packages/airflow/example_dags/example_branch_python_dop_operator_3.py
[2024-05-01T23:48:45.717-0500] {processor.py:830} INFO - Processing file /Users/nestoralfaro/Desktop/pbi-scenario-two/py_env/lib/python3.9/site-packages/airflow/example_dags/example_branch_python_dop_operator_3.py for tasks to queue
[2024-05-01T23:48:45.718-0500] {logging_mixin.py:188} INFO - [2024-05-01T23:48:45.718-0500] {dagbag.py:540} INFO - Filling up the DagBag from /Users/nestoralfaro/Desktop/pbi-scenario-two/py_env/lib/python3.9/site-packages/airflow/example_dags/example_branch_python_dop_operator_3.py
[2024-05-01T23:48:45.734-0500] {processor.py:840} INFO - DAG(s) 'example_branch_dop_operator_v3' retrieved from /Users/nestoralfaro/Desktop/pbi-scenario-two/py_env/lib/python3.9/site-packages/airflow/example_dags/example_branch_python_dop_operator_3.py
[2024-05-01T23:48:45.778-0500] {logging_mixin.py:188} INFO - [2024-05-01T23:48:45.778-0500] {dag.py:3096} INFO - Sync 1 DAGs
[2024-05-01T23:48:45.817-0500] {logging_mixin.py:188} INFO - [2024-05-01T23:48:45.817-0500] {dag.py:3954} INFO - Setting next_dagrun for example_branch_dop_operator_v3 to 2024-05-02 04:47:00+00:00, run_after=2024-05-02 04:48:00+00:00
[2024-05-01T23:48:45.824-0500] {processor.py:183} INFO - Processing /Users/nestoralfaro/Desktop/pbi-scenario-two/py_env/lib/python3.9/site-packages/airflow/example_dags/example_branch_python_dop_operator_3.py took 0.111 seconds
[2024-05-01T23:50:41.943-0500] {processor.py:161} INFO - Started process (PID=35601) to work on /Users/nestoralfaro/Desktop/pbi-scenario-two/py_env/lib/python3.9/site-packages/airflow/example_dags/example_branch_python_dop_operator_3.py
[2024-05-01T23:50:41.945-0500] {processor.py:830} INFO - Processing file /Users/nestoralfaro/Desktop/pbi-scenario-two/py_env/lib/python3.9/site-packages/airflow/example_dags/example_branch_python_dop_operator_3.py for tasks to queue
[2024-05-01T23:50:41.945-0500] {logging_mixin.py:188} INFO - [2024-05-01T23:50:41.945-0500] {dagbag.py:540} INFO - Filling up the DagBag from /Users/nestoralfaro/Desktop/pbi-scenario-two/py_env/lib/python3.9/site-packages/airflow/example_dags/example_branch_python_dop_operator_3.py
[2024-05-01T23:50:41.963-0500] {processor.py:840} INFO - DAG(s) 'example_branch_dop_operator_v3' retrieved from /Users/nestoralfaro/Desktop/pbi-scenario-two/py_env/lib/python3.9/site-packages/airflow/example_dags/example_branch_python_dop_operator_3.py
[2024-05-01T23:50:42.005-0500] {logging_mixin.py:188} INFO - [2024-05-01T23:50:42.005-0500] {dag.py:3096} INFO - Sync 1 DAGs
[2024-05-01T23:50:42.038-0500] {logging_mixin.py:188} INFO - [2024-05-01T23:50:42.038-0500] {dag.py:3954} INFO - Setting next_dagrun for example_branch_dop_operator_v3 to 2024-05-02 04:49:00+00:00, run_after=2024-05-02 04:50:00+00:00
[2024-05-01T23:50:42.046-0500] {processor.py:183} INFO - Processing /Users/nestoralfaro/Desktop/pbi-scenario-two/py_env/lib/python3.9/site-packages/airflow/example_dags/example_branch_python_dop_operator_3.py took 0.104 seconds
[2024-05-01T23:52:35.249-0500] {processor.py:161} INFO - Started process (PID=35686) to work on /Users/nestoralfaro/Desktop/pbi-scenario-two/py_env/lib/python3.9/site-packages/airflow/example_dags/example_branch_python_dop_operator_3.py
[2024-05-01T23:52:35.250-0500] {processor.py:830} INFO - Processing file /Users/nestoralfaro/Desktop/pbi-scenario-two/py_env/lib/python3.9/site-packages/airflow/example_dags/example_branch_python_dop_operator_3.py for tasks to queue
[2024-05-01T23:52:35.250-0500] {logging_mixin.py:188} INFO - [2024-05-01T23:52:35.250-0500] {dagbag.py:540} INFO - Filling up the DagBag from /Users/nestoralfaro/Desktop/pbi-scenario-two/py_env/lib/python3.9/site-packages/airflow/example_dags/example_branch_python_dop_operator_3.py
[2024-05-01T23:52:35.267-0500] {processor.py:840} INFO - DAG(s) 'example_branch_dop_operator_v3' retrieved from /Users/nestoralfaro/Desktop/pbi-scenario-two/py_env/lib/python3.9/site-packages/airflow/example_dags/example_branch_python_dop_operator_3.py
[2024-05-01T23:52:35.310-0500] {logging_mixin.py:188} INFO - [2024-05-01T23:52:35.309-0500] {dag.py:3096} INFO - Sync 1 DAGs
[2024-05-01T23:52:35.344-0500] {logging_mixin.py:188} INFO - [2024-05-01T23:52:35.344-0500] {dag.py:3954} INFO - Setting next_dagrun for example_branch_dop_operator_v3 to 2024-05-02 04:51:00+00:00, run_after=2024-05-02 04:52:00+00:00
[2024-05-01T23:52:35.353-0500] {processor.py:183} INFO - Processing /Users/nestoralfaro/Desktop/pbi-scenario-two/py_env/lib/python3.9/site-packages/airflow/example_dags/example_branch_python_dop_operator_3.py took 0.105 seconds
[2024-05-01T23:54:33.858-0500] {processor.py:161} INFO - Started process (PID=35754) to work on /Users/nestoralfaro/Desktop/pbi-scenario-two/py_env/lib/python3.9/site-packages/airflow/example_dags/example_branch_python_dop_operator_3.py
[2024-05-01T23:54:33.859-0500] {processor.py:830} INFO - Processing file /Users/nestoralfaro/Desktop/pbi-scenario-two/py_env/lib/python3.9/site-packages/airflow/example_dags/example_branch_python_dop_operator_3.py for tasks to queue
[2024-05-01T23:54:33.859-0500] {logging_mixin.py:188} INFO - [2024-05-01T23:54:33.859-0500] {dagbag.py:540} INFO - Filling up the DagBag from /Users/nestoralfaro/Desktop/pbi-scenario-two/py_env/lib/python3.9/site-packages/airflow/example_dags/example_branch_python_dop_operator_3.py
[2024-05-01T23:54:33.876-0500] {processor.py:840} INFO - DAG(s) 'example_branch_dop_operator_v3' retrieved from /Users/nestoralfaro/Desktop/pbi-scenario-two/py_env/lib/python3.9/site-packages/airflow/example_dags/example_branch_python_dop_operator_3.py
[2024-05-01T23:54:33.918-0500] {logging_mixin.py:188} INFO - [2024-05-01T23:54:33.918-0500] {dag.py:3096} INFO - Sync 1 DAGs
[2024-05-01T23:54:33.955-0500] {logging_mixin.py:188} INFO - [2024-05-01T23:54:33.954-0500] {dag.py:3954} INFO - Setting next_dagrun for example_branch_dop_operator_v3 to 2024-05-02 04:53:00+00:00, run_after=2024-05-02 04:54:00+00:00
[2024-05-01T23:54:33.962-0500] {processor.py:183} INFO - Processing /Users/nestoralfaro/Desktop/pbi-scenario-two/py_env/lib/python3.9/site-packages/airflow/example_dags/example_branch_python_dop_operator_3.py took 0.106 seconds
[2024-05-01T23:56:25.311-0500] {processor.py:161} INFO - Started process (PID=35824) to work on /Users/nestoralfaro/Desktop/pbi-scenario-two/py_env/lib/python3.9/site-packages/airflow/example_dags/example_branch_python_dop_operator_3.py
[2024-05-01T23:56:25.312-0500] {processor.py:830} INFO - Processing file /Users/nestoralfaro/Desktop/pbi-scenario-two/py_env/lib/python3.9/site-packages/airflow/example_dags/example_branch_python_dop_operator_3.py for tasks to queue
[2024-05-01T23:56:25.312-0500] {logging_mixin.py:188} INFO - [2024-05-01T23:56:25.312-0500] {dagbag.py:540} INFO - Filling up the DagBag from /Users/nestoralfaro/Desktop/pbi-scenario-two/py_env/lib/python3.9/site-packages/airflow/example_dags/example_branch_python_dop_operator_3.py
[2024-05-01T23:56:25.328-0500] {processor.py:840} INFO - DAG(s) 'example_branch_dop_operator_v3' retrieved from /Users/nestoralfaro/Desktop/pbi-scenario-two/py_env/lib/python3.9/site-packages/airflow/example_dags/example_branch_python_dop_operator_3.py
[2024-05-01T23:56:25.366-0500] {logging_mixin.py:188} INFO - [2024-05-01T23:56:25.366-0500] {dag.py:3096} INFO - Sync 1 DAGs
[2024-05-01T23:56:25.397-0500] {logging_mixin.py:188} INFO - [2024-05-01T23:56:25.397-0500] {dag.py:3954} INFO - Setting next_dagrun for example_branch_dop_operator_v3 to 2024-05-02 04:55:00+00:00, run_after=2024-05-02 04:56:00+00:00
[2024-05-01T23:56:25.404-0500] {processor.py:183} INFO - Processing /Users/nestoralfaro/Desktop/pbi-scenario-two/py_env/lib/python3.9/site-packages/airflow/example_dags/example_branch_python_dop_operator_3.py took 0.094 seconds
[2024-05-01T23:58:16.117-0500] {processor.py:161} INFO - Started process (PID=35892) to work on /Users/nestoralfaro/Desktop/pbi-scenario-two/py_env/lib/python3.9/site-packages/airflow/example_dags/example_branch_python_dop_operator_3.py
[2024-05-01T23:58:16.118-0500] {processor.py:830} INFO - Processing file /Users/nestoralfaro/Desktop/pbi-scenario-two/py_env/lib/python3.9/site-packages/airflow/example_dags/example_branch_python_dop_operator_3.py for tasks to queue
[2024-05-01T23:58:16.118-0500] {logging_mixin.py:188} INFO - [2024-05-01T23:58:16.118-0500] {dagbag.py:540} INFO - Filling up the DagBag from /Users/nestoralfaro/Desktop/pbi-scenario-two/py_env/lib/python3.9/site-packages/airflow/example_dags/example_branch_python_dop_operator_3.py
[2024-05-01T23:58:16.136-0500] {processor.py:840} INFO - DAG(s) 'example_branch_dop_operator_v3' retrieved from /Users/nestoralfaro/Desktop/pbi-scenario-two/py_env/lib/python3.9/site-packages/airflow/example_dags/example_branch_python_dop_operator_3.py
[2024-05-01T23:58:16.176-0500] {logging_mixin.py:188} INFO - [2024-05-01T23:58:16.176-0500] {dag.py:3096} INFO - Sync 1 DAGs
[2024-05-01T23:58:16.208-0500] {logging_mixin.py:188} INFO - [2024-05-01T23:58:16.208-0500] {dag.py:3954} INFO - Setting next_dagrun for example_branch_dop_operator_v3 to 2024-05-02 04:57:00+00:00, run_after=2024-05-02 04:58:00+00:00
[2024-05-01T23:58:16.216-0500] {processor.py:183} INFO - Processing /Users/nestoralfaro/Desktop/pbi-scenario-two/py_env/lib/python3.9/site-packages/airflow/example_dags/example_branch_python_dop_operator_3.py took 0.100 seconds
[2024-05-02T00:00:08.057-0500] {processor.py:161} INFO - Started process (PID=35980) to work on /Users/nestoralfaro/Desktop/pbi-scenario-two/py_env/lib/python3.9/site-packages/airflow/example_dags/example_branch_python_dop_operator_3.py
[2024-05-02T00:00:08.059-0500] {processor.py:830} INFO - Processing file /Users/nestoralfaro/Desktop/pbi-scenario-two/py_env/lib/python3.9/site-packages/airflow/example_dags/example_branch_python_dop_operator_3.py for tasks to queue
[2024-05-02T00:00:08.059-0500] {logging_mixin.py:188} INFO - [2024-05-02T00:00:08.059-0500] {dagbag.py:540} INFO - Filling up the DagBag from /Users/nestoralfaro/Desktop/pbi-scenario-two/py_env/lib/python3.9/site-packages/airflow/example_dags/example_branch_python_dop_operator_3.py
[2024-05-02T00:00:08.076-0500] {processor.py:840} INFO - DAG(s) 'example_branch_dop_operator_v3' retrieved from /Users/nestoralfaro/Desktop/pbi-scenario-two/py_env/lib/python3.9/site-packages/airflow/example_dags/example_branch_python_dop_operator_3.py
[2024-05-02T00:00:08.117-0500] {logging_mixin.py:188} INFO - [2024-05-02T00:00:08.117-0500] {dag.py:3096} INFO - Sync 1 DAGs
[2024-05-02T00:00:08.150-0500] {logging_mixin.py:188} INFO - [2024-05-02T00:00:08.150-0500] {dag.py:3954} INFO - Setting next_dagrun for example_branch_dop_operator_v3 to 2024-05-02 04:59:00+00:00, run_after=2024-05-02 05:00:00+00:00
[2024-05-02T00:00:08.157-0500] {processor.py:183} INFO - Processing /Users/nestoralfaro/Desktop/pbi-scenario-two/py_env/lib/python3.9/site-packages/airflow/example_dags/example_branch_python_dop_operator_3.py took 0.101 seconds
[2024-05-02T00:02:01.412-0500] {processor.py:161} INFO - Started process (PID=36061) to work on /Users/nestoralfaro/Desktop/pbi-scenario-two/py_env/lib/python3.9/site-packages/airflow/example_dags/example_branch_python_dop_operator_3.py
[2024-05-02T00:02:01.413-0500] {processor.py:830} INFO - Processing file /Users/nestoralfaro/Desktop/pbi-scenario-two/py_env/lib/python3.9/site-packages/airflow/example_dags/example_branch_python_dop_operator_3.py for tasks to queue
[2024-05-02T00:02:01.414-0500] {logging_mixin.py:188} INFO - [2024-05-02T00:02:01.414-0500] {dagbag.py:540} INFO - Filling up the DagBag from /Users/nestoralfaro/Desktop/pbi-scenario-two/py_env/lib/python3.9/site-packages/airflow/example_dags/example_branch_python_dop_operator_3.py
[2024-05-02T00:02:01.430-0500] {processor.py:840} INFO - DAG(s) 'example_branch_dop_operator_v3' retrieved from /Users/nestoralfaro/Desktop/pbi-scenario-two/py_env/lib/python3.9/site-packages/airflow/example_dags/example_branch_python_dop_operator_3.py
[2024-05-02T00:02:01.472-0500] {logging_mixin.py:188} INFO - [2024-05-02T00:02:01.472-0500] {dag.py:3096} INFO - Sync 1 DAGs
[2024-05-02T00:02:01.506-0500] {logging_mixin.py:188} INFO - [2024-05-02T00:02:01.506-0500] {dag.py:3954} INFO - Setting next_dagrun for example_branch_dop_operator_v3 to 2024-05-02 05:01:00+00:00, run_after=2024-05-02 05:02:00+00:00
[2024-05-02T00:02:01.514-0500] {processor.py:183} INFO - Processing /Users/nestoralfaro/Desktop/pbi-scenario-two/py_env/lib/python3.9/site-packages/airflow/example_dags/example_branch_python_dop_operator_3.py took 0.103 seconds
[2024-05-02T00:03:59.297-0500] {processor.py:161} INFO - Started process (PID=36146) to work on /Users/nestoralfaro/Desktop/pbi-scenario-two/py_env/lib/python3.9/site-packages/airflow/example_dags/example_branch_python_dop_operator_3.py
[2024-05-02T00:03:59.299-0500] {processor.py:830} INFO - Processing file /Users/nestoralfaro/Desktop/pbi-scenario-two/py_env/lib/python3.9/site-packages/airflow/example_dags/example_branch_python_dop_operator_3.py for tasks to queue
[2024-05-02T00:03:59.300-0500] {logging_mixin.py:188} INFO - [2024-05-02T00:03:59.300-0500] {dagbag.py:540} INFO - Filling up the DagBag from /Users/nestoralfaro/Desktop/pbi-scenario-two/py_env/lib/python3.9/site-packages/airflow/example_dags/example_branch_python_dop_operator_3.py
[2024-05-02T00:03:59.317-0500] {processor.py:840} INFO - DAG(s) 'example_branch_dop_operator_v3' retrieved from /Users/nestoralfaro/Desktop/pbi-scenario-two/py_env/lib/python3.9/site-packages/airflow/example_dags/example_branch_python_dop_operator_3.py
[2024-05-02T00:03:59.360-0500] {logging_mixin.py:188} INFO - [2024-05-02T00:03:59.360-0500] {dag.py:3096} INFO - Sync 1 DAGs
[2024-05-02T00:03:59.401-0500] {logging_mixin.py:188} INFO - [2024-05-02T00:03:59.401-0500] {dag.py:3954} INFO - Setting next_dagrun for example_branch_dop_operator_v3 to 2024-05-02 05:02:00+00:00, run_after=2024-05-02 05:03:00+00:00
[2024-05-02T00:03:59.409-0500] {processor.py:183} INFO - Processing /Users/nestoralfaro/Desktop/pbi-scenario-two/py_env/lib/python3.9/site-packages/airflow/example_dags/example_branch_python_dop_operator_3.py took 0.113 seconds
[2024-05-02T00:05:52.489-0500] {processor.py:161} INFO - Started process (PID=36216) to work on /Users/nestoralfaro/Desktop/pbi-scenario-two/py_env/lib/python3.9/site-packages/airflow/example_dags/example_branch_python_dop_operator_3.py
[2024-05-02T00:05:52.491-0500] {processor.py:830} INFO - Processing file /Users/nestoralfaro/Desktop/pbi-scenario-two/py_env/lib/python3.9/site-packages/airflow/example_dags/example_branch_python_dop_operator_3.py for tasks to queue
[2024-05-02T00:05:52.492-0500] {logging_mixin.py:188} INFO - [2024-05-02T00:05:52.491-0500] {dagbag.py:540} INFO - Filling up the DagBag from /Users/nestoralfaro/Desktop/pbi-scenario-two/py_env/lib/python3.9/site-packages/airflow/example_dags/example_branch_python_dop_operator_3.py
[2024-05-02T00:05:52.509-0500] {processor.py:840} INFO - DAG(s) 'example_branch_dop_operator_v3' retrieved from /Users/nestoralfaro/Desktop/pbi-scenario-two/py_env/lib/python3.9/site-packages/airflow/example_dags/example_branch_python_dop_operator_3.py
[2024-05-02T00:05:52.550-0500] {logging_mixin.py:188} INFO - [2024-05-02T00:05:52.550-0500] {dag.py:3096} INFO - Sync 1 DAGs
[2024-05-02T00:05:52.587-0500] {logging_mixin.py:188} INFO - [2024-05-02T00:05:52.587-0500] {dag.py:3954} INFO - Setting next_dagrun for example_branch_dop_operator_v3 to 2024-05-02 05:04:00+00:00, run_after=2024-05-02 05:05:00+00:00
[2024-05-02T00:05:52.594-0500] {processor.py:183} INFO - Processing /Users/nestoralfaro/Desktop/pbi-scenario-two/py_env/lib/python3.9/site-packages/airflow/example_dags/example_branch_python_dop_operator_3.py took 0.106 seconds
[2024-05-02T00:07:40.012-0500] {processor.py:161} INFO - Started process (PID=36302) to work on /Users/nestoralfaro/Desktop/pbi-scenario-two/py_env/lib/python3.9/site-packages/airflow/example_dags/example_branch_python_dop_operator_3.py
[2024-05-02T00:07:40.014-0500] {processor.py:830} INFO - Processing file /Users/nestoralfaro/Desktop/pbi-scenario-two/py_env/lib/python3.9/site-packages/airflow/example_dags/example_branch_python_dop_operator_3.py for tasks to queue
[2024-05-02T00:07:40.014-0500] {logging_mixin.py:188} INFO - [2024-05-02T00:07:40.014-0500] {dagbag.py:540} INFO - Filling up the DagBag from /Users/nestoralfaro/Desktop/pbi-scenario-two/py_env/lib/python3.9/site-packages/airflow/example_dags/example_branch_python_dop_operator_3.py
[2024-05-02T00:07:40.030-0500] {processor.py:840} INFO - DAG(s) 'example_branch_dop_operator_v3' retrieved from /Users/nestoralfaro/Desktop/pbi-scenario-two/py_env/lib/python3.9/site-packages/airflow/example_dags/example_branch_python_dop_operator_3.py
[2024-05-02T00:07:40.069-0500] {logging_mixin.py:188} INFO - [2024-05-02T00:07:40.069-0500] {dag.py:3096} INFO - Sync 1 DAGs
[2024-05-02T00:07:40.100-0500] {logging_mixin.py:188} INFO - [2024-05-02T00:07:40.100-0500] {dag.py:3954} INFO - Setting next_dagrun for example_branch_dop_operator_v3 to 2024-05-02 05:06:00+00:00, run_after=2024-05-02 05:07:00+00:00
[2024-05-02T00:07:40.107-0500] {processor.py:183} INFO - Processing /Users/nestoralfaro/Desktop/pbi-scenario-two/py_env/lib/python3.9/site-packages/airflow/example_dags/example_branch_python_dop_operator_3.py took 0.097 seconds
[2024-05-02T00:09:34.436-0500] {processor.py:161} INFO - Started process (PID=36371) to work on /Users/nestoralfaro/Desktop/pbi-scenario-two/py_env/lib/python3.9/site-packages/airflow/example_dags/example_branch_python_dop_operator_3.py
[2024-05-02T00:09:34.438-0500] {processor.py:830} INFO - Processing file /Users/nestoralfaro/Desktop/pbi-scenario-two/py_env/lib/python3.9/site-packages/airflow/example_dags/example_branch_python_dop_operator_3.py for tasks to queue
[2024-05-02T00:09:34.438-0500] {logging_mixin.py:188} INFO - [2024-05-02T00:09:34.438-0500] {dagbag.py:540} INFO - Filling up the DagBag from /Users/nestoralfaro/Desktop/pbi-scenario-two/py_env/lib/python3.9/site-packages/airflow/example_dags/example_branch_python_dop_operator_3.py
[2024-05-02T00:09:34.456-0500] {processor.py:840} INFO - DAG(s) 'example_branch_dop_operator_v3' retrieved from /Users/nestoralfaro/Desktop/pbi-scenario-two/py_env/lib/python3.9/site-packages/airflow/example_dags/example_branch_python_dop_operator_3.py
[2024-05-02T00:09:34.496-0500] {logging_mixin.py:188} INFO - [2024-05-02T00:09:34.496-0500] {dag.py:3096} INFO - Sync 1 DAGs
[2024-05-02T00:09:34.529-0500] {logging_mixin.py:188} INFO - [2024-05-02T00:09:34.529-0500] {dag.py:3954} INFO - Setting next_dagrun for example_branch_dop_operator_v3 to 2024-05-02 05:08:00+00:00, run_after=2024-05-02 05:09:00+00:00
[2024-05-02T00:09:34.535-0500] {processor.py:183} INFO - Processing /Users/nestoralfaro/Desktop/pbi-scenario-two/py_env/lib/python3.9/site-packages/airflow/example_dags/example_branch_python_dop_operator_3.py took 0.101 seconds
[2024-05-02T00:12:10.029-0500] {processor.py:161} INFO - Started process (PID=36482) to work on /Users/nestoralfaro/Desktop/pbi-scenario-two/py_env/lib/python3.9/site-packages/airflow/example_dags/example_branch_python_dop_operator_3.py
[2024-05-02T00:12:10.031-0500] {processor.py:830} INFO - Processing file /Users/nestoralfaro/Desktop/pbi-scenario-two/py_env/lib/python3.9/site-packages/airflow/example_dags/example_branch_python_dop_operator_3.py for tasks to queue
[2024-05-02T00:12:10.031-0500] {logging_mixin.py:188} INFO - [2024-05-02T00:12:10.031-0500] {dagbag.py:540} INFO - Filling up the DagBag from /Users/nestoralfaro/Desktop/pbi-scenario-two/py_env/lib/python3.9/site-packages/airflow/example_dags/example_branch_python_dop_operator_3.py
[2024-05-02T00:12:10.047-0500] {processor.py:840} INFO - DAG(s) 'example_branch_dop_operator_v3' retrieved from /Users/nestoralfaro/Desktop/pbi-scenario-two/py_env/lib/python3.9/site-packages/airflow/example_dags/example_branch_python_dop_operator_3.py
[2024-05-02T00:12:10.087-0500] {logging_mixin.py:188} INFO - [2024-05-02T00:12:10.086-0500] {dag.py:3096} INFO - Sync 1 DAGs
[2024-05-02T00:12:10.118-0500] {logging_mixin.py:188} INFO - [2024-05-02T00:12:10.118-0500] {dag.py:3954} INFO - Setting next_dagrun for example_branch_dop_operator_v3 to 2024-05-02 05:11:00+00:00, run_after=2024-05-02 05:12:00+00:00
[2024-05-02T00:12:10.126-0500] {processor.py:183} INFO - Processing /Users/nestoralfaro/Desktop/pbi-scenario-two/py_env/lib/python3.9/site-packages/airflow/example_dags/example_branch_python_dop_operator_3.py took 0.098 seconds
[2024-05-02T00:14:04.072-0500] {processor.py:161} INFO - Started process (PID=36566) to work on /Users/nestoralfaro/Desktop/pbi-scenario-two/py_env/lib/python3.9/site-packages/airflow/example_dags/example_branch_python_dop_operator_3.py
[2024-05-02T00:14:04.074-0500] {processor.py:830} INFO - Processing file /Users/nestoralfaro/Desktop/pbi-scenario-two/py_env/lib/python3.9/site-packages/airflow/example_dags/example_branch_python_dop_operator_3.py for tasks to queue
[2024-05-02T00:14:04.074-0500] {logging_mixin.py:188} INFO - [2024-05-02T00:14:04.074-0500] {dagbag.py:540} INFO - Filling up the DagBag from /Users/nestoralfaro/Desktop/pbi-scenario-two/py_env/lib/python3.9/site-packages/airflow/example_dags/example_branch_python_dop_operator_3.py
[2024-05-02T00:14:04.091-0500] {processor.py:840} INFO - DAG(s) 'example_branch_dop_operator_v3' retrieved from /Users/nestoralfaro/Desktop/pbi-scenario-two/py_env/lib/python3.9/site-packages/airflow/example_dags/example_branch_python_dop_operator_3.py
[2024-05-02T00:14:04.130-0500] {logging_mixin.py:188} INFO - [2024-05-02T00:14:04.130-0500] {dag.py:3096} INFO - Sync 1 DAGs
[2024-05-02T00:14:04.163-0500] {logging_mixin.py:188} INFO - [2024-05-02T00:14:04.163-0500] {dag.py:3954} INFO - Setting next_dagrun for example_branch_dop_operator_v3 to 2024-05-02 05:13:00+00:00, run_after=2024-05-02 05:14:00+00:00
[2024-05-02T00:14:04.170-0500] {processor.py:183} INFO - Processing /Users/nestoralfaro/Desktop/pbi-scenario-two/py_env/lib/python3.9/site-packages/airflow/example_dags/example_branch_python_dop_operator_3.py took 0.100 seconds
[2024-05-02T00:16:03.928-0500] {processor.py:161} INFO - Started process (PID=36647) to work on /Users/nestoralfaro/Desktop/pbi-scenario-two/py_env/lib/python3.9/site-packages/airflow/example_dags/example_branch_python_dop_operator_3.py
[2024-05-02T00:16:03.929-0500] {processor.py:830} INFO - Processing file /Users/nestoralfaro/Desktop/pbi-scenario-two/py_env/lib/python3.9/site-packages/airflow/example_dags/example_branch_python_dop_operator_3.py for tasks to queue
[2024-05-02T00:16:03.929-0500] {logging_mixin.py:188} INFO - [2024-05-02T00:16:03.929-0500] {dagbag.py:540} INFO - Filling up the DagBag from /Users/nestoralfaro/Desktop/pbi-scenario-two/py_env/lib/python3.9/site-packages/airflow/example_dags/example_branch_python_dop_operator_3.py
[2024-05-02T00:16:03.947-0500] {processor.py:840} INFO - DAG(s) 'example_branch_dop_operator_v3' retrieved from /Users/nestoralfaro/Desktop/pbi-scenario-two/py_env/lib/python3.9/site-packages/airflow/example_dags/example_branch_python_dop_operator_3.py
[2024-05-02T00:16:03.992-0500] {logging_mixin.py:188} INFO - [2024-05-02T00:16:03.992-0500] {dag.py:3096} INFO - Sync 1 DAGs
[2024-05-02T00:16:04.028-0500] {logging_mixin.py:188} INFO - [2024-05-02T00:16:04.028-0500] {dag.py:3954} INFO - Setting next_dagrun for example_branch_dop_operator_v3 to 2024-05-02 05:15:00+00:00, run_after=2024-05-02 05:16:00+00:00
[2024-05-02T00:16:04.036-0500] {processor.py:183} INFO - Processing /Users/nestoralfaro/Desktop/pbi-scenario-two/py_env/lib/python3.9/site-packages/airflow/example_dags/example_branch_python_dop_operator_3.py took 0.109 seconds
[2024-05-02T00:18:00.454-0500] {processor.py:161} INFO - Started process (PID=36722) to work on /Users/nestoralfaro/Desktop/pbi-scenario-two/py_env/lib/python3.9/site-packages/airflow/example_dags/example_branch_python_dop_operator_3.py
[2024-05-02T00:18:00.456-0500] {processor.py:830} INFO - Processing file /Users/nestoralfaro/Desktop/pbi-scenario-two/py_env/lib/python3.9/site-packages/airflow/example_dags/example_branch_python_dop_operator_3.py for tasks to queue
[2024-05-02T00:18:00.456-0500] {logging_mixin.py:188} INFO - [2024-05-02T00:18:00.456-0500] {dagbag.py:540} INFO - Filling up the DagBag from /Users/nestoralfaro/Desktop/pbi-scenario-two/py_env/lib/python3.9/site-packages/airflow/example_dags/example_branch_python_dop_operator_3.py
[2024-05-02T00:18:00.473-0500] {processor.py:840} INFO - DAG(s) 'example_branch_dop_operator_v3' retrieved from /Users/nestoralfaro/Desktop/pbi-scenario-two/py_env/lib/python3.9/site-packages/airflow/example_dags/example_branch_python_dop_operator_3.py
[2024-05-02T00:18:00.516-0500] {logging_mixin.py:188} INFO - [2024-05-02T00:18:00.516-0500] {dag.py:3096} INFO - Sync 1 DAGs
[2024-05-02T00:18:00.550-0500] {logging_mixin.py:188} INFO - [2024-05-02T00:18:00.550-0500] {dag.py:3954} INFO - Setting next_dagrun for example_branch_dop_operator_v3 to 2024-05-02 05:17:00+00:00, run_after=2024-05-02 05:18:00+00:00
[2024-05-02T00:18:00.557-0500] {processor.py:183} INFO - Processing /Users/nestoralfaro/Desktop/pbi-scenario-two/py_env/lib/python3.9/site-packages/airflow/example_dags/example_branch_python_dop_operator_3.py took 0.105 seconds
[2024-05-02T00:19:57.777-0500] {processor.py:161} INFO - Started process (PID=36832) to work on /Users/nestoralfaro/Desktop/pbi-scenario-two/py_env/lib/python3.9/site-packages/airflow/example_dags/example_branch_python_dop_operator_3.py
[2024-05-02T00:19:57.779-0500] {processor.py:830} INFO - Processing file /Users/nestoralfaro/Desktop/pbi-scenario-two/py_env/lib/python3.9/site-packages/airflow/example_dags/example_branch_python_dop_operator_3.py for tasks to queue
[2024-05-02T00:19:57.779-0500] {logging_mixin.py:188} INFO - [2024-05-02T00:19:57.779-0500] {dagbag.py:540} INFO - Filling up the DagBag from /Users/nestoralfaro/Desktop/pbi-scenario-two/py_env/lib/python3.9/site-packages/airflow/example_dags/example_branch_python_dop_operator_3.py
[2024-05-02T00:19:57.797-0500] {processor.py:840} INFO - DAG(s) 'example_branch_dop_operator_v3' retrieved from /Users/nestoralfaro/Desktop/pbi-scenario-two/py_env/lib/python3.9/site-packages/airflow/example_dags/example_branch_python_dop_operator_3.py
[2024-05-02T00:19:57.841-0500] {logging_mixin.py:188} INFO - [2024-05-02T00:19:57.840-0500] {dag.py:3096} INFO - Sync 1 DAGs
[2024-05-02T00:19:57.874-0500] {logging_mixin.py:188} INFO - [2024-05-02T00:19:57.874-0500] {dag.py:3954} INFO - Setting next_dagrun for example_branch_dop_operator_v3 to 2024-05-02 05:18:00+00:00, run_after=2024-05-02 05:19:00+00:00
[2024-05-02T00:19:57.882-0500] {processor.py:183} INFO - Processing /Users/nestoralfaro/Desktop/pbi-scenario-two/py_env/lib/python3.9/site-packages/airflow/example_dags/example_branch_python_dop_operator_3.py took 0.106 seconds
[2024-05-02T00:21:51.116-0500] {processor.py:161} INFO - Started process (PID=36913) to work on /Users/nestoralfaro/Desktop/pbi-scenario-two/py_env/lib/python3.9/site-packages/airflow/example_dags/example_branch_python_dop_operator_3.py
[2024-05-02T00:21:51.117-0500] {processor.py:830} INFO - Processing file /Users/nestoralfaro/Desktop/pbi-scenario-two/py_env/lib/python3.9/site-packages/airflow/example_dags/example_branch_python_dop_operator_3.py for tasks to queue
[2024-05-02T00:21:51.117-0500] {logging_mixin.py:188} INFO - [2024-05-02T00:21:51.117-0500] {dagbag.py:540} INFO - Filling up the DagBag from /Users/nestoralfaro/Desktop/pbi-scenario-two/py_env/lib/python3.9/site-packages/airflow/example_dags/example_branch_python_dop_operator_3.py
[2024-05-02T00:21:51.135-0500] {processor.py:840} INFO - DAG(s) 'example_branch_dop_operator_v3' retrieved from /Users/nestoralfaro/Desktop/pbi-scenario-two/py_env/lib/python3.9/site-packages/airflow/example_dags/example_branch_python_dop_operator_3.py
[2024-05-02T00:21:51.175-0500] {logging_mixin.py:188} INFO - [2024-05-02T00:21:51.175-0500] {dag.py:3096} INFO - Sync 1 DAGs
[2024-05-02T00:21:51.209-0500] {logging_mixin.py:188} INFO - [2024-05-02T00:21:51.209-0500] {dag.py:3954} INFO - Setting next_dagrun for example_branch_dop_operator_v3 to 2024-05-02 05:20:00+00:00, run_after=2024-05-02 05:21:00+00:00
[2024-05-02T00:21:51.217-0500] {processor.py:183} INFO - Processing /Users/nestoralfaro/Desktop/pbi-scenario-two/py_env/lib/python3.9/site-packages/airflow/example_dags/example_branch_python_dop_operator_3.py took 0.102 seconds
[2024-05-02T00:23:45.107-0500] {processor.py:161} INFO - Started process (PID=37025) to work on /Users/nestoralfaro/Desktop/pbi-scenario-two/py_env/lib/python3.9/site-packages/airflow/example_dags/example_branch_python_dop_operator_3.py
[2024-05-02T00:23:45.112-0500] {processor.py:830} INFO - Processing file /Users/nestoralfaro/Desktop/pbi-scenario-two/py_env/lib/python3.9/site-packages/airflow/example_dags/example_branch_python_dop_operator_3.py for tasks to queue
[2024-05-02T00:23:45.112-0500] {logging_mixin.py:188} INFO - [2024-05-02T00:23:45.112-0500] {dagbag.py:540} INFO - Filling up the DagBag from /Users/nestoralfaro/Desktop/pbi-scenario-two/py_env/lib/python3.9/site-packages/airflow/example_dags/example_branch_python_dop_operator_3.py
[2024-05-02T00:23:45.128-0500] {processor.py:840} INFO - DAG(s) 'example_branch_dop_operator_v3' retrieved from /Users/nestoralfaro/Desktop/pbi-scenario-two/py_env/lib/python3.9/site-packages/airflow/example_dags/example_branch_python_dop_operator_3.py
[2024-05-02T00:23:45.168-0500] {logging_mixin.py:188} INFO - [2024-05-02T00:23:45.167-0500] {dag.py:3096} INFO - Sync 1 DAGs
[2024-05-02T00:23:45.200-0500] {logging_mixin.py:188} INFO - [2024-05-02T00:23:45.200-0500] {dag.py:3954} INFO - Setting next_dagrun for example_branch_dop_operator_v3 to 2024-05-02 05:22:00+00:00, run_after=2024-05-02 05:23:00+00:00
[2024-05-02T00:23:45.207-0500] {processor.py:183} INFO - Processing /Users/nestoralfaro/Desktop/pbi-scenario-two/py_env/lib/python3.9/site-packages/airflow/example_dags/example_branch_python_dop_operator_3.py took 0.101 seconds
