[2024-05-01T23:30:45.460-0500] {processor.py:161} INFO - Started process (PID=34761) to work on /Users/nestoralfaro/Desktop/pbi-scenario-two/py_env/lib/python3.9/site-packages/airflow/example_dags/example_sensor_decorator.py
[2024-05-01T23:30:45.462-0500] {processor.py:830} INFO - Processing file /Users/nestoralfaro/Desktop/pbi-scenario-two/py_env/lib/python3.9/site-packages/airflow/example_dags/example_sensor_decorator.py for tasks to queue
[2024-05-01T23:30:45.462-0500] {logging_mixin.py:188} INFO - [2024-05-01T23:30:45.462-0500] {dagbag.py:540} INFO - Filling up the DagBag from /Users/nestoralfaro/Desktop/pbi-scenario-two/py_env/lib/python3.9/site-packages/airflow/example_dags/example_sensor_decorator.py
[2024-05-01T23:30:45.480-0500] {processor.py:840} INFO - DAG(s) 'example_sensor_decorator' retrieved from /Users/nestoralfaro/Desktop/pbi-scenario-two/py_env/lib/python3.9/site-packages/airflow/example_dags/example_sensor_decorator.py
[2024-05-01T23:30:45.593-0500] {logging_mixin.py:188} INFO - [2024-05-01T23:30:45.593-0500] {dag.py:3096} INFO - Sync 1 DAGs
[2024-05-01T23:30:45.597-0500] {logging_mixin.py:188} INFO - [2024-05-01T23:30:45.597-0500] {dag.py:3954} INFO - Setting next_dagrun for example_sensor_decorator to None, run_after=None
[2024-05-01T23:30:45.606-0500] {processor.py:183} INFO - Processing /Users/nestoralfaro/Desktop/pbi-scenario-two/py_env/lib/python3.9/site-packages/airflow/example_dags/example_sensor_decorator.py took 0.146 seconds
[2024-05-01T23:32:19.227-0500] {processor.py:161} INFO - Started process (PID=34836) to work on /Users/nestoralfaro/Desktop/pbi-scenario-two/py_env/lib/python3.9/site-packages/airflow/example_dags/example_sensor_decorator.py
[2024-05-01T23:32:19.229-0500] {processor.py:830} INFO - Processing file /Users/nestoralfaro/Desktop/pbi-scenario-two/py_env/lib/python3.9/site-packages/airflow/example_dags/example_sensor_decorator.py for tasks to queue
[2024-05-01T23:32:19.229-0500] {logging_mixin.py:188} INFO - [2024-05-01T23:32:19.229-0500] {dagbag.py:540} INFO - Filling up the DagBag from /Users/nestoralfaro/Desktop/pbi-scenario-two/py_env/lib/python3.9/site-packages/airflow/example_dags/example_sensor_decorator.py
[2024-05-01T23:32:19.245-0500] {processor.py:840} INFO - DAG(s) 'example_sensor_decorator' retrieved from /Users/nestoralfaro/Desktop/pbi-scenario-two/py_env/lib/python3.9/site-packages/airflow/example_dags/example_sensor_decorator.py
[2024-05-01T23:32:19.292-0500] {logging_mixin.py:188} INFO - [2024-05-01T23:32:19.291-0500] {dag.py:3096} INFO - Sync 1 DAGs
[2024-05-01T23:32:19.321-0500] {logging_mixin.py:188} INFO - [2024-05-01T23:32:19.321-0500] {dag.py:3954} INFO - Setting next_dagrun for example_sensor_decorator to None, run_after=None
[2024-05-01T23:32:19.330-0500] {processor.py:183} INFO - Processing /Users/nestoralfaro/Desktop/pbi-scenario-two/py_env/lib/python3.9/site-packages/airflow/example_dags/example_sensor_decorator.py took 0.104 seconds
[2024-05-01T23:34:20.164-0500] {processor.py:161} INFO - Started process (PID=34921) to work on /Users/nestoralfaro/Desktop/pbi-scenario-two/py_env/lib/python3.9/site-packages/airflow/example_dags/example_sensor_decorator.py
[2024-05-01T23:34:20.166-0500] {processor.py:830} INFO - Processing file /Users/nestoralfaro/Desktop/pbi-scenario-two/py_env/lib/python3.9/site-packages/airflow/example_dags/example_sensor_decorator.py for tasks to queue
[2024-05-01T23:34:20.167-0500] {logging_mixin.py:188} INFO - [2024-05-01T23:34:20.167-0500] {dagbag.py:540} INFO - Filling up the DagBag from /Users/nestoralfaro/Desktop/pbi-scenario-two/py_env/lib/python3.9/site-packages/airflow/example_dags/example_sensor_decorator.py
[2024-05-01T23:34:20.184-0500] {processor.py:840} INFO - DAG(s) 'example_sensor_decorator' retrieved from /Users/nestoralfaro/Desktop/pbi-scenario-two/py_env/lib/python3.9/site-packages/airflow/example_dags/example_sensor_decorator.py
[2024-05-01T23:34:20.233-0500] {logging_mixin.py:188} INFO - [2024-05-01T23:34:20.233-0500] {dag.py:3096} INFO - Sync 1 DAGs
[2024-05-01T23:34:20.264-0500] {logging_mixin.py:188} INFO - [2024-05-01T23:34:20.263-0500] {dag.py:3954} INFO - Setting next_dagrun for example_sensor_decorator to None, run_after=None
[2024-05-01T23:34:20.272-0500] {processor.py:183} INFO - Processing /Users/nestoralfaro/Desktop/pbi-scenario-two/py_env/lib/python3.9/site-packages/airflow/example_dags/example_sensor_decorator.py took 0.109 seconds
[2024-05-01T23:36:15.004-0500] {processor.py:161} INFO - Started process (PID=34991) to work on /Users/nestoralfaro/Desktop/pbi-scenario-two/py_env/lib/python3.9/site-packages/airflow/example_dags/example_sensor_decorator.py
[2024-05-01T23:36:15.006-0500] {processor.py:830} INFO - Processing file /Users/nestoralfaro/Desktop/pbi-scenario-two/py_env/lib/python3.9/site-packages/airflow/example_dags/example_sensor_decorator.py for tasks to queue
[2024-05-01T23:36:15.006-0500] {logging_mixin.py:188} INFO - [2024-05-01T23:36:15.006-0500] {dagbag.py:540} INFO - Filling up the DagBag from /Users/nestoralfaro/Desktop/pbi-scenario-two/py_env/lib/python3.9/site-packages/airflow/example_dags/example_sensor_decorator.py
[2024-05-01T23:36:15.021-0500] {processor.py:840} INFO - DAG(s) 'example_sensor_decorator' retrieved from /Users/nestoralfaro/Desktop/pbi-scenario-two/py_env/lib/python3.9/site-packages/airflow/example_dags/example_sensor_decorator.py
[2024-05-01T23:36:15.069-0500] {logging_mixin.py:188} INFO - [2024-05-01T23:36:15.068-0500] {dag.py:3096} INFO - Sync 1 DAGs
[2024-05-01T23:36:15.098-0500] {logging_mixin.py:188} INFO - [2024-05-01T23:36:15.097-0500] {dag.py:3954} INFO - Setting next_dagrun for example_sensor_decorator to None, run_after=None
[2024-05-01T23:36:15.106-0500] {processor.py:183} INFO - Processing /Users/nestoralfaro/Desktop/pbi-scenario-two/py_env/lib/python3.9/site-packages/airflow/example_dags/example_sensor_decorator.py took 0.103 seconds
[2024-05-01T23:38:09.020-0500] {processor.py:161} INFO - Started process (PID=35060) to work on /Users/nestoralfaro/Desktop/pbi-scenario-two/py_env/lib/python3.9/site-packages/airflow/example_dags/example_sensor_decorator.py
[2024-05-01T23:38:09.023-0500] {processor.py:830} INFO - Processing file /Users/nestoralfaro/Desktop/pbi-scenario-two/py_env/lib/python3.9/site-packages/airflow/example_dags/example_sensor_decorator.py for tasks to queue
[2024-05-01T23:38:09.023-0500] {logging_mixin.py:188} INFO - [2024-05-01T23:38:09.023-0500] {dagbag.py:540} INFO - Filling up the DagBag from /Users/nestoralfaro/Desktop/pbi-scenario-two/py_env/lib/python3.9/site-packages/airflow/example_dags/example_sensor_decorator.py
[2024-05-01T23:38:09.039-0500] {processor.py:840} INFO - DAG(s) 'example_sensor_decorator' retrieved from /Users/nestoralfaro/Desktop/pbi-scenario-two/py_env/lib/python3.9/site-packages/airflow/example_dags/example_sensor_decorator.py
[2024-05-01T23:38:09.082-0500] {logging_mixin.py:188} INFO - [2024-05-01T23:38:09.082-0500] {dag.py:3096} INFO - Sync 1 DAGs
[2024-05-01T23:38:09.109-0500] {logging_mixin.py:188} INFO - [2024-05-01T23:38:09.109-0500] {dag.py:3954} INFO - Setting next_dagrun for example_sensor_decorator to None, run_after=None
[2024-05-01T23:38:09.116-0500] {processor.py:183} INFO - Processing /Users/nestoralfaro/Desktop/pbi-scenario-two/py_env/lib/python3.9/site-packages/airflow/example_dags/example_sensor_decorator.py took 0.097 seconds
[2024-05-01T23:40:03.417-0500] {processor.py:161} INFO - Started process (PID=35143) to work on /Users/nestoralfaro/Desktop/pbi-scenario-two/py_env/lib/python3.9/site-packages/airflow/example_dags/example_sensor_decorator.py
[2024-05-01T23:40:03.418-0500] {processor.py:830} INFO - Processing file /Users/nestoralfaro/Desktop/pbi-scenario-two/py_env/lib/python3.9/site-packages/airflow/example_dags/example_sensor_decorator.py for tasks to queue
[2024-05-01T23:40:03.418-0500] {logging_mixin.py:188} INFO - [2024-05-01T23:40:03.418-0500] {dagbag.py:540} INFO - Filling up the DagBag from /Users/nestoralfaro/Desktop/pbi-scenario-two/py_env/lib/python3.9/site-packages/airflow/example_dags/example_sensor_decorator.py
[2024-05-01T23:40:03.435-0500] {processor.py:840} INFO - DAG(s) 'example_sensor_decorator' retrieved from /Users/nestoralfaro/Desktop/pbi-scenario-two/py_env/lib/python3.9/site-packages/airflow/example_dags/example_sensor_decorator.py
[2024-05-01T23:40:03.483-0500] {logging_mixin.py:188} INFO - [2024-05-01T23:40:03.483-0500] {dag.py:3096} INFO - Sync 1 DAGs
[2024-05-01T23:40:03.513-0500] {logging_mixin.py:188} INFO - [2024-05-01T23:40:03.512-0500] {dag.py:3954} INFO - Setting next_dagrun for example_sensor_decorator to None, run_after=None
[2024-05-01T23:40:03.522-0500] {processor.py:183} INFO - Processing /Users/nestoralfaro/Desktop/pbi-scenario-two/py_env/lib/python3.9/site-packages/airflow/example_dags/example_sensor_decorator.py took 0.107 seconds
[2024-05-01T23:42:30.906-0500] {processor.py:161} INFO - Started process (PID=35270) to work on /Users/nestoralfaro/Desktop/pbi-scenario-two/py_env/lib/python3.9/site-packages/airflow/example_dags/example_sensor_decorator.py
[2024-05-01T23:42:30.908-0500] {processor.py:830} INFO - Processing file /Users/nestoralfaro/Desktop/pbi-scenario-two/py_env/lib/python3.9/site-packages/airflow/example_dags/example_sensor_decorator.py for tasks to queue
[2024-05-01T23:42:30.908-0500] {logging_mixin.py:188} INFO - [2024-05-01T23:42:30.908-0500] {dagbag.py:540} INFO - Filling up the DagBag from /Users/nestoralfaro/Desktop/pbi-scenario-two/py_env/lib/python3.9/site-packages/airflow/example_dags/example_sensor_decorator.py
[2024-05-01T23:42:30.924-0500] {processor.py:840} INFO - DAG(s) 'example_sensor_decorator' retrieved from /Users/nestoralfaro/Desktop/pbi-scenario-two/py_env/lib/python3.9/site-packages/airflow/example_dags/example_sensor_decorator.py
[2024-05-01T23:42:30.970-0500] {logging_mixin.py:188} INFO - [2024-05-01T23:42:30.970-0500] {dag.py:3096} INFO - Sync 1 DAGs
[2024-05-01T23:42:30.999-0500] {logging_mixin.py:188} INFO - [2024-05-01T23:42:30.999-0500] {dag.py:3954} INFO - Setting next_dagrun for example_sensor_decorator to None, run_after=None
[2024-05-01T23:42:31.007-0500] {processor.py:183} INFO - Processing /Users/nestoralfaro/Desktop/pbi-scenario-two/py_env/lib/python3.9/site-packages/airflow/example_dags/example_sensor_decorator.py took 0.102 seconds
[2024-05-01T23:43:59.666-0500] {processor.py:161} INFO - Started process (PID=35324) to work on /Users/nestoralfaro/Desktop/pbi-scenario-two/py_env/lib/python3.9/site-packages/airflow/example_dags/example_sensor_decorator.py
[2024-05-01T23:43:59.669-0500] {processor.py:830} INFO - Processing file /Users/nestoralfaro/Desktop/pbi-scenario-two/py_env/lib/python3.9/site-packages/airflow/example_dags/example_sensor_decorator.py for tasks to queue
[2024-05-01T23:43:59.669-0500] {logging_mixin.py:188} INFO - [2024-05-01T23:43:59.669-0500] {dagbag.py:540} INFO - Filling up the DagBag from /Users/nestoralfaro/Desktop/pbi-scenario-two/py_env/lib/python3.9/site-packages/airflow/example_dags/example_sensor_decorator.py
[2024-05-01T23:43:59.684-0500] {processor.py:840} INFO - DAG(s) 'example_sensor_decorator' retrieved from /Users/nestoralfaro/Desktop/pbi-scenario-two/py_env/lib/python3.9/site-packages/airflow/example_dags/example_sensor_decorator.py
[2024-05-01T23:43:59.727-0500] {logging_mixin.py:188} INFO - [2024-05-01T23:43:59.727-0500] {dag.py:3096} INFO - Sync 1 DAGs
[2024-05-01T23:43:59.754-0500] {logging_mixin.py:188} INFO - [2024-05-01T23:43:59.754-0500] {dag.py:3954} INFO - Setting next_dagrun for example_sensor_decorator to None, run_after=None
[2024-05-01T23:43:59.761-0500] {processor.py:183} INFO - Processing /Users/nestoralfaro/Desktop/pbi-scenario-two/py_env/lib/python3.9/site-packages/airflow/example_dags/example_sensor_decorator.py took 0.096 seconds
[2024-05-01T23:45:57.002-0500] {processor.py:161} INFO - Started process (PID=35407) to work on /Users/nestoralfaro/Desktop/pbi-scenario-two/py_env/lib/python3.9/site-packages/airflow/example_dags/example_sensor_decorator.py
[2024-05-01T23:45:57.003-0500] {processor.py:830} INFO - Processing file /Users/nestoralfaro/Desktop/pbi-scenario-two/py_env/lib/python3.9/site-packages/airflow/example_dags/example_sensor_decorator.py for tasks to queue
[2024-05-01T23:45:57.003-0500] {logging_mixin.py:188} INFO - [2024-05-01T23:45:57.003-0500] {dagbag.py:540} INFO - Filling up the DagBag from /Users/nestoralfaro/Desktop/pbi-scenario-two/py_env/lib/python3.9/site-packages/airflow/example_dags/example_sensor_decorator.py
[2024-05-01T23:45:57.019-0500] {processor.py:840} INFO - DAG(s) 'example_sensor_decorator' retrieved from /Users/nestoralfaro/Desktop/pbi-scenario-two/py_env/lib/python3.9/site-packages/airflow/example_dags/example_sensor_decorator.py
[2024-05-01T23:45:57.063-0500] {logging_mixin.py:188} INFO - [2024-05-01T23:45:57.063-0500] {dag.py:3096} INFO - Sync 1 DAGs
[2024-05-01T23:45:57.090-0500] {logging_mixin.py:188} INFO - [2024-05-01T23:45:57.090-0500] {dag.py:3954} INFO - Setting next_dagrun for example_sensor_decorator to None, run_after=None
[2024-05-01T23:45:57.097-0500] {processor.py:183} INFO - Processing /Users/nestoralfaro/Desktop/pbi-scenario-two/py_env/lib/python3.9/site-packages/airflow/example_dags/example_sensor_decorator.py took 0.097 seconds
[2024-05-01T23:47:47.573-0500] {processor.py:161} INFO - Started process (PID=35484) to work on /Users/nestoralfaro/Desktop/pbi-scenario-two/py_env/lib/python3.9/site-packages/airflow/example_dags/example_sensor_decorator.py
[2024-05-01T23:47:47.575-0500] {processor.py:830} INFO - Processing file /Users/nestoralfaro/Desktop/pbi-scenario-two/py_env/lib/python3.9/site-packages/airflow/example_dags/example_sensor_decorator.py for tasks to queue
[2024-05-01T23:47:47.575-0500] {logging_mixin.py:188} INFO - [2024-05-01T23:47:47.575-0500] {dagbag.py:540} INFO - Filling up the DagBag from /Users/nestoralfaro/Desktop/pbi-scenario-two/py_env/lib/python3.9/site-packages/airflow/example_dags/example_sensor_decorator.py
[2024-05-01T23:47:47.591-0500] {processor.py:840} INFO - DAG(s) 'example_sensor_decorator' retrieved from /Users/nestoralfaro/Desktop/pbi-scenario-two/py_env/lib/python3.9/site-packages/airflow/example_dags/example_sensor_decorator.py
[2024-05-01T23:47:47.637-0500] {logging_mixin.py:188} INFO - [2024-05-01T23:47:47.637-0500] {dag.py:3096} INFO - Sync 1 DAGs
[2024-05-01T23:47:47.669-0500] {logging_mixin.py:188} INFO - [2024-05-01T23:47:47.669-0500] {dag.py:3954} INFO - Setting next_dagrun for example_sensor_decorator to None, run_after=None
[2024-05-01T23:47:47.678-0500] {processor.py:183} INFO - Processing /Users/nestoralfaro/Desktop/pbi-scenario-two/py_env/lib/python3.9/site-packages/airflow/example_dags/example_sensor_decorator.py took 0.106 seconds
[2024-05-01T23:49:41.128-0500] {processor.py:161} INFO - Started process (PID=35564) to work on /Users/nestoralfaro/Desktop/pbi-scenario-two/py_env/lib/python3.9/site-packages/airflow/example_dags/example_sensor_decorator.py
[2024-05-01T23:49:41.129-0500] {processor.py:830} INFO - Processing file /Users/nestoralfaro/Desktop/pbi-scenario-two/py_env/lib/python3.9/site-packages/airflow/example_dags/example_sensor_decorator.py for tasks to queue
[2024-05-01T23:49:41.130-0500] {logging_mixin.py:188} INFO - [2024-05-01T23:49:41.130-0500] {dagbag.py:540} INFO - Filling up the DagBag from /Users/nestoralfaro/Desktop/pbi-scenario-two/py_env/lib/python3.9/site-packages/airflow/example_dags/example_sensor_decorator.py
[2024-05-01T23:49:41.147-0500] {processor.py:840} INFO - DAG(s) 'example_sensor_decorator' retrieved from /Users/nestoralfaro/Desktop/pbi-scenario-two/py_env/lib/python3.9/site-packages/airflow/example_dags/example_sensor_decorator.py
[2024-05-01T23:49:41.195-0500] {logging_mixin.py:188} INFO - [2024-05-01T23:49:41.195-0500] {dag.py:3096} INFO - Sync 1 DAGs
[2024-05-01T23:49:41.224-0500] {logging_mixin.py:188} INFO - [2024-05-01T23:49:41.224-0500] {dag.py:3954} INFO - Setting next_dagrun for example_sensor_decorator to None, run_after=None
[2024-05-01T23:49:41.233-0500] {processor.py:183} INFO - Processing /Users/nestoralfaro/Desktop/pbi-scenario-two/py_env/lib/python3.9/site-packages/airflow/example_dags/example_sensor_decorator.py took 0.106 seconds
[2024-05-01T23:51:35.884-0500] {processor.py:161} INFO - Started process (PID=35633) to work on /Users/nestoralfaro/Desktop/pbi-scenario-two/py_env/lib/python3.9/site-packages/airflow/example_dags/example_sensor_decorator.py
[2024-05-01T23:51:35.885-0500] {processor.py:830} INFO - Processing file /Users/nestoralfaro/Desktop/pbi-scenario-two/py_env/lib/python3.9/site-packages/airflow/example_dags/example_sensor_decorator.py for tasks to queue
[2024-05-01T23:51:35.885-0500] {logging_mixin.py:188} INFO - [2024-05-01T23:51:35.885-0500] {dagbag.py:540} INFO - Filling up the DagBag from /Users/nestoralfaro/Desktop/pbi-scenario-two/py_env/lib/python3.9/site-packages/airflow/example_dags/example_sensor_decorator.py
[2024-05-01T23:51:35.901-0500] {processor.py:840} INFO - DAG(s) 'example_sensor_decorator' retrieved from /Users/nestoralfaro/Desktop/pbi-scenario-two/py_env/lib/python3.9/site-packages/airflow/example_dags/example_sensor_decorator.py
[2024-05-01T23:51:35.946-0500] {logging_mixin.py:188} INFO - [2024-05-01T23:51:35.946-0500] {dag.py:3096} INFO - Sync 1 DAGs
[2024-05-01T23:51:35.975-0500] {logging_mixin.py:188} INFO - [2024-05-01T23:51:35.975-0500] {dag.py:3954} INFO - Setting next_dagrun for example_sensor_decorator to None, run_after=None
[2024-05-01T23:51:35.983-0500] {processor.py:183} INFO - Processing /Users/nestoralfaro/Desktop/pbi-scenario-two/py_env/lib/python3.9/site-packages/airflow/example_dags/example_sensor_decorator.py took 0.100 seconds
[2024-05-01T23:53:32.761-0500] {processor.py:161} INFO - Started process (PID=35719) to work on /Users/nestoralfaro/Desktop/pbi-scenario-two/py_env/lib/python3.9/site-packages/airflow/example_dags/example_sensor_decorator.py
[2024-05-01T23:53:32.763-0500] {processor.py:830} INFO - Processing file /Users/nestoralfaro/Desktop/pbi-scenario-two/py_env/lib/python3.9/site-packages/airflow/example_dags/example_sensor_decorator.py for tasks to queue
[2024-05-01T23:53:32.763-0500] {logging_mixin.py:188} INFO - [2024-05-01T23:53:32.763-0500] {dagbag.py:540} INFO - Filling up the DagBag from /Users/nestoralfaro/Desktop/pbi-scenario-two/py_env/lib/python3.9/site-packages/airflow/example_dags/example_sensor_decorator.py
[2024-05-01T23:53:32.779-0500] {processor.py:840} INFO - DAG(s) 'example_sensor_decorator' retrieved from /Users/nestoralfaro/Desktop/pbi-scenario-two/py_env/lib/python3.9/site-packages/airflow/example_dags/example_sensor_decorator.py
[2024-05-01T23:53:32.825-0500] {logging_mixin.py:188} INFO - [2024-05-01T23:53:32.824-0500] {dag.py:3096} INFO - Sync 1 DAGs
[2024-05-01T23:53:32.852-0500] {logging_mixin.py:188} INFO - [2024-05-01T23:53:32.852-0500] {dag.py:3954} INFO - Setting next_dagrun for example_sensor_decorator to None, run_after=None
[2024-05-01T23:53:32.860-0500] {processor.py:183} INFO - Processing /Users/nestoralfaro/Desktop/pbi-scenario-two/py_env/lib/python3.9/site-packages/airflow/example_dags/example_sensor_decorator.py took 0.100 seconds
[2024-05-01T23:55:27.254-0500] {processor.py:161} INFO - Started process (PID=35788) to work on /Users/nestoralfaro/Desktop/pbi-scenario-two/py_env/lib/python3.9/site-packages/airflow/example_dags/example_sensor_decorator.py
[2024-05-01T23:55:27.256-0500] {processor.py:830} INFO - Processing file /Users/nestoralfaro/Desktop/pbi-scenario-two/py_env/lib/python3.9/site-packages/airflow/example_dags/example_sensor_decorator.py for tasks to queue
[2024-05-01T23:55:27.256-0500] {logging_mixin.py:188} INFO - [2024-05-01T23:55:27.256-0500] {dagbag.py:540} INFO - Filling up the DagBag from /Users/nestoralfaro/Desktop/pbi-scenario-two/py_env/lib/python3.9/site-packages/airflow/example_dags/example_sensor_decorator.py
[2024-05-01T23:55:27.271-0500] {processor.py:840} INFO - DAG(s) 'example_sensor_decorator' retrieved from /Users/nestoralfaro/Desktop/pbi-scenario-two/py_env/lib/python3.9/site-packages/airflow/example_dags/example_sensor_decorator.py
[2024-05-01T23:55:27.314-0500] {logging_mixin.py:188} INFO - [2024-05-01T23:55:27.314-0500] {dag.py:3096} INFO - Sync 1 DAGs
[2024-05-01T23:55:27.341-0500] {logging_mixin.py:188} INFO - [2024-05-01T23:55:27.341-0500] {dag.py:3954} INFO - Setting next_dagrun for example_sensor_decorator to None, run_after=None
[2024-05-01T23:55:27.348-0500] {processor.py:183} INFO - Processing /Users/nestoralfaro/Desktop/pbi-scenario-two/py_env/lib/python3.9/site-packages/airflow/example_dags/example_sensor_decorator.py took 0.095 seconds
[2024-05-01T23:57:18.250-0500] {processor.py:161} INFO - Started process (PID=35856) to work on /Users/nestoralfaro/Desktop/pbi-scenario-two/py_env/lib/python3.9/site-packages/airflow/example_dags/example_sensor_decorator.py
[2024-05-01T23:57:18.251-0500] {processor.py:830} INFO - Processing file /Users/nestoralfaro/Desktop/pbi-scenario-two/py_env/lib/python3.9/site-packages/airflow/example_dags/example_sensor_decorator.py for tasks to queue
[2024-05-01T23:57:18.252-0500] {logging_mixin.py:188} INFO - [2024-05-01T23:57:18.252-0500] {dagbag.py:540} INFO - Filling up the DagBag from /Users/nestoralfaro/Desktop/pbi-scenario-two/py_env/lib/python3.9/site-packages/airflow/example_dags/example_sensor_decorator.py
[2024-05-01T23:57:18.266-0500] {processor.py:840} INFO - DAG(s) 'example_sensor_decorator' retrieved from /Users/nestoralfaro/Desktop/pbi-scenario-two/py_env/lib/python3.9/site-packages/airflow/example_dags/example_sensor_decorator.py
[2024-05-01T23:57:18.309-0500] {logging_mixin.py:188} INFO - [2024-05-01T23:57:18.308-0500] {dag.py:3096} INFO - Sync 1 DAGs
[2024-05-01T23:57:18.334-0500] {logging_mixin.py:188} INFO - [2024-05-01T23:57:18.334-0500] {dag.py:3954} INFO - Setting next_dagrun for example_sensor_decorator to None, run_after=None
[2024-05-01T23:57:18.341-0500] {processor.py:183} INFO - Processing /Users/nestoralfaro/Desktop/pbi-scenario-two/py_env/lib/python3.9/site-packages/airflow/example_dags/example_sensor_decorator.py took 0.092 seconds
[2024-05-01T23:59:10.230-0500] {processor.py:161} INFO - Started process (PID=35926) to work on /Users/nestoralfaro/Desktop/pbi-scenario-two/py_env/lib/python3.9/site-packages/airflow/example_dags/example_sensor_decorator.py
[2024-05-01T23:59:10.231-0500] {processor.py:830} INFO - Processing file /Users/nestoralfaro/Desktop/pbi-scenario-two/py_env/lib/python3.9/site-packages/airflow/example_dags/example_sensor_decorator.py for tasks to queue
[2024-05-01T23:59:10.231-0500] {logging_mixin.py:188} INFO - [2024-05-01T23:59:10.231-0500] {dagbag.py:540} INFO - Filling up the DagBag from /Users/nestoralfaro/Desktop/pbi-scenario-two/py_env/lib/python3.9/site-packages/airflow/example_dags/example_sensor_decorator.py
[2024-05-01T23:59:10.246-0500] {processor.py:840} INFO - DAG(s) 'example_sensor_decorator' retrieved from /Users/nestoralfaro/Desktop/pbi-scenario-two/py_env/lib/python3.9/site-packages/airflow/example_dags/example_sensor_decorator.py
[2024-05-01T23:59:10.288-0500] {logging_mixin.py:188} INFO - [2024-05-01T23:59:10.288-0500] {dag.py:3096} INFO - Sync 1 DAGs
[2024-05-01T23:59:10.314-0500] {logging_mixin.py:188} INFO - [2024-05-01T23:59:10.314-0500] {dag.py:3954} INFO - Setting next_dagrun for example_sensor_decorator to None, run_after=None
[2024-05-01T23:59:10.321-0500] {processor.py:183} INFO - Processing /Users/nestoralfaro/Desktop/pbi-scenario-two/py_env/lib/python3.9/site-packages/airflow/example_dags/example_sensor_decorator.py took 0.092 seconds
[2024-05-02T00:01:01.298-0500] {processor.py:161} INFO - Started process (PID=36019) to work on /Users/nestoralfaro/Desktop/pbi-scenario-two/py_env/lib/python3.9/site-packages/airflow/example_dags/example_sensor_decorator.py
[2024-05-02T00:01:01.301-0500] {processor.py:830} INFO - Processing file /Users/nestoralfaro/Desktop/pbi-scenario-two/py_env/lib/python3.9/site-packages/airflow/example_dags/example_sensor_decorator.py for tasks to queue
[2024-05-02T00:01:01.301-0500] {logging_mixin.py:188} INFO - [2024-05-02T00:01:01.301-0500] {dagbag.py:540} INFO - Filling up the DagBag from /Users/nestoralfaro/Desktop/pbi-scenario-two/py_env/lib/python3.9/site-packages/airflow/example_dags/example_sensor_decorator.py
[2024-05-02T00:01:01.317-0500] {processor.py:840} INFO - DAG(s) 'example_sensor_decorator' retrieved from /Users/nestoralfaro/Desktop/pbi-scenario-two/py_env/lib/python3.9/site-packages/airflow/example_dags/example_sensor_decorator.py
[2024-05-02T00:01:01.365-0500] {logging_mixin.py:188} INFO - [2024-05-02T00:01:01.364-0500] {dag.py:3096} INFO - Sync 1 DAGs
[2024-05-02T00:01:01.394-0500] {logging_mixin.py:188} INFO - [2024-05-02T00:01:01.393-0500] {dag.py:3954} INFO - Setting next_dagrun for example_sensor_decorator to None, run_after=None
[2024-05-02T00:01:01.401-0500] {processor.py:183} INFO - Processing /Users/nestoralfaro/Desktop/pbi-scenario-two/py_env/lib/python3.9/site-packages/airflow/example_dags/example_sensor_decorator.py took 0.105 seconds
[2024-05-02T00:02:59.391-0500] {processor.py:161} INFO - Started process (PID=36102) to work on /Users/nestoralfaro/Desktop/pbi-scenario-two/py_env/lib/python3.9/site-packages/airflow/example_dags/example_sensor_decorator.py
[2024-05-02T00:02:59.393-0500] {processor.py:830} INFO - Processing file /Users/nestoralfaro/Desktop/pbi-scenario-two/py_env/lib/python3.9/site-packages/airflow/example_dags/example_sensor_decorator.py for tasks to queue
[2024-05-02T00:02:59.394-0500] {logging_mixin.py:188} INFO - [2024-05-02T00:02:59.393-0500] {dagbag.py:540} INFO - Filling up the DagBag from /Users/nestoralfaro/Desktop/pbi-scenario-two/py_env/lib/python3.9/site-packages/airflow/example_dags/example_sensor_decorator.py
[2024-05-02T00:02:59.410-0500] {processor.py:840} INFO - DAG(s) 'example_sensor_decorator' retrieved from /Users/nestoralfaro/Desktop/pbi-scenario-two/py_env/lib/python3.9/site-packages/airflow/example_dags/example_sensor_decorator.py
[2024-05-02T00:02:59.455-0500] {logging_mixin.py:188} INFO - [2024-05-02T00:02:59.454-0500] {dag.py:3096} INFO - Sync 1 DAGs
[2024-05-02T00:02:59.484-0500] {logging_mixin.py:188} INFO - [2024-05-02T00:02:59.484-0500] {dag.py:3954} INFO - Setting next_dagrun for example_sensor_decorator to None, run_after=None
[2024-05-02T00:02:59.491-0500] {processor.py:183} INFO - Processing /Users/nestoralfaro/Desktop/pbi-scenario-two/py_env/lib/python3.9/site-packages/airflow/example_dags/example_sensor_decorator.py took 0.103 seconds
[2024-05-02T00:04:52.934-0500] {processor.py:161} INFO - Started process (PID=36180) to work on /Users/nestoralfaro/Desktop/pbi-scenario-two/py_env/lib/python3.9/site-packages/airflow/example_dags/example_sensor_decorator.py
[2024-05-02T00:04:52.936-0500] {processor.py:830} INFO - Processing file /Users/nestoralfaro/Desktop/pbi-scenario-two/py_env/lib/python3.9/site-packages/airflow/example_dags/example_sensor_decorator.py for tasks to queue
[2024-05-02T00:04:52.936-0500] {logging_mixin.py:188} INFO - [2024-05-02T00:04:52.936-0500] {dagbag.py:540} INFO - Filling up the DagBag from /Users/nestoralfaro/Desktop/pbi-scenario-two/py_env/lib/python3.9/site-packages/airflow/example_dags/example_sensor_decorator.py
[2024-05-02T00:04:52.953-0500] {processor.py:840} INFO - DAG(s) 'example_sensor_decorator' retrieved from /Users/nestoralfaro/Desktop/pbi-scenario-two/py_env/lib/python3.9/site-packages/airflow/example_dags/example_sensor_decorator.py
[2024-05-02T00:04:53.003-0500] {logging_mixin.py:188} INFO - [2024-05-02T00:04:53.003-0500] {dag.py:3096} INFO - Sync 1 DAGs
[2024-05-02T00:04:53.033-0500] {logging_mixin.py:188} INFO - [2024-05-02T00:04:53.033-0500] {dag.py:3954} INFO - Setting next_dagrun for example_sensor_decorator to None, run_after=None
[2024-05-02T00:04:53.040-0500] {processor.py:183} INFO - Processing /Users/nestoralfaro/Desktop/pbi-scenario-two/py_env/lib/python3.9/site-packages/airflow/example_dags/example_sensor_decorator.py took 0.108 seconds
[2024-05-02T00:06:46.984-0500] {processor.py:161} INFO - Started process (PID=36268) to work on /Users/nestoralfaro/Desktop/pbi-scenario-two/py_env/lib/python3.9/site-packages/airflow/example_dags/example_sensor_decorator.py
[2024-05-02T00:06:46.987-0500] {processor.py:830} INFO - Processing file /Users/nestoralfaro/Desktop/pbi-scenario-two/py_env/lib/python3.9/site-packages/airflow/example_dags/example_sensor_decorator.py for tasks to queue
[2024-05-02T00:06:46.987-0500] {logging_mixin.py:188} INFO - [2024-05-02T00:06:46.987-0500] {dagbag.py:540} INFO - Filling up the DagBag from /Users/nestoralfaro/Desktop/pbi-scenario-two/py_env/lib/python3.9/site-packages/airflow/example_dags/example_sensor_decorator.py
[2024-05-02T00:06:47.003-0500] {processor.py:840} INFO - DAG(s) 'example_sensor_decorator' retrieved from /Users/nestoralfaro/Desktop/pbi-scenario-two/py_env/lib/python3.9/site-packages/airflow/example_dags/example_sensor_decorator.py
[2024-05-02T00:06:47.047-0500] {logging_mixin.py:188} INFO - [2024-05-02T00:06:47.047-0500] {dag.py:3096} INFO - Sync 1 DAGs
[2024-05-02T00:06:47.074-0500] {logging_mixin.py:188} INFO - [2024-05-02T00:06:47.074-0500] {dag.py:3954} INFO - Setting next_dagrun for example_sensor_decorator to None, run_after=None
[2024-05-02T00:06:47.081-0500] {processor.py:183} INFO - Processing /Users/nestoralfaro/Desktop/pbi-scenario-two/py_env/lib/python3.9/site-packages/airflow/example_dags/example_sensor_decorator.py took 0.098 seconds
[2024-05-02T00:08:34.695-0500] {processor.py:161} INFO - Started process (PID=36335) to work on /Users/nestoralfaro/Desktop/pbi-scenario-two/py_env/lib/python3.9/site-packages/airflow/example_dags/example_sensor_decorator.py
[2024-05-02T00:08:34.698-0500] {processor.py:830} INFO - Processing file /Users/nestoralfaro/Desktop/pbi-scenario-two/py_env/lib/python3.9/site-packages/airflow/example_dags/example_sensor_decorator.py for tasks to queue
[2024-05-02T00:08:34.698-0500] {logging_mixin.py:188} INFO - [2024-05-02T00:08:34.698-0500] {dagbag.py:540} INFO - Filling up the DagBag from /Users/nestoralfaro/Desktop/pbi-scenario-two/py_env/lib/python3.9/site-packages/airflow/example_dags/example_sensor_decorator.py
[2024-05-02T00:08:34.713-0500] {processor.py:840} INFO - DAG(s) 'example_sensor_decorator' retrieved from /Users/nestoralfaro/Desktop/pbi-scenario-two/py_env/lib/python3.9/site-packages/airflow/example_dags/example_sensor_decorator.py
[2024-05-02T00:08:34.756-0500] {logging_mixin.py:188} INFO - [2024-05-02T00:08:34.756-0500] {dag.py:3096} INFO - Sync 1 DAGs
[2024-05-02T00:08:34.783-0500] {logging_mixin.py:188} INFO - [2024-05-02T00:08:34.783-0500] {dag.py:3954} INFO - Setting next_dagrun for example_sensor_decorator to None, run_after=None
[2024-05-02T00:08:34.790-0500] {processor.py:183} INFO - Processing /Users/nestoralfaro/Desktop/pbi-scenario-two/py_env/lib/python3.9/site-packages/airflow/example_dags/example_sensor_decorator.py took 0.096 seconds
[2024-05-02T00:11:38.702-0500] {processor.py:161} INFO - Started process (PID=36462) to work on /Users/nestoralfaro/Desktop/pbi-scenario-two/py_env/lib/python3.9/site-packages/airflow/example_dags/example_sensor_decorator.py
[2024-05-02T00:11:38.704-0500] {processor.py:830} INFO - Processing file /Users/nestoralfaro/Desktop/pbi-scenario-two/py_env/lib/python3.9/site-packages/airflow/example_dags/example_sensor_decorator.py for tasks to queue
[2024-05-02T00:11:38.704-0500] {logging_mixin.py:188} INFO - [2024-05-02T00:11:38.704-0500] {dagbag.py:540} INFO - Filling up the DagBag from /Users/nestoralfaro/Desktop/pbi-scenario-two/py_env/lib/python3.9/site-packages/airflow/example_dags/example_sensor_decorator.py
[2024-05-02T00:11:38.720-0500] {processor.py:840} INFO - DAG(s) 'example_sensor_decorator' retrieved from /Users/nestoralfaro/Desktop/pbi-scenario-two/py_env/lib/python3.9/site-packages/airflow/example_dags/example_sensor_decorator.py
[2024-05-02T00:11:38.764-0500] {logging_mixin.py:188} INFO - [2024-05-02T00:11:38.764-0500] {dag.py:3096} INFO - Sync 1 DAGs
[2024-05-02T00:11:38.791-0500] {logging_mixin.py:188} INFO - [2024-05-02T00:11:38.791-0500] {dag.py:3954} INFO - Setting next_dagrun for example_sensor_decorator to None, run_after=None
[2024-05-02T00:11:38.799-0500] {processor.py:183} INFO - Processing /Users/nestoralfaro/Desktop/pbi-scenario-two/py_env/lib/python3.9/site-packages/airflow/example_dags/example_sensor_decorator.py took 0.098 seconds
[2024-05-02T00:13:06.312-0500] {processor.py:161} INFO - Started process (PID=36530) to work on /Users/nestoralfaro/Desktop/pbi-scenario-two/py_env/lib/python3.9/site-packages/airflow/example_dags/example_sensor_decorator.py
[2024-05-02T00:13:06.314-0500] {processor.py:830} INFO - Processing file /Users/nestoralfaro/Desktop/pbi-scenario-two/py_env/lib/python3.9/site-packages/airflow/example_dags/example_sensor_decorator.py for tasks to queue
[2024-05-02T00:13:06.314-0500] {logging_mixin.py:188} INFO - [2024-05-02T00:13:06.314-0500] {dagbag.py:540} INFO - Filling up the DagBag from /Users/nestoralfaro/Desktop/pbi-scenario-two/py_env/lib/python3.9/site-packages/airflow/example_dags/example_sensor_decorator.py
[2024-05-02T00:13:06.333-0500] {processor.py:840} INFO - DAG(s) 'example_sensor_decorator' retrieved from /Users/nestoralfaro/Desktop/pbi-scenario-two/py_env/lib/python3.9/site-packages/airflow/example_dags/example_sensor_decorator.py
[2024-05-02T00:13:06.378-0500] {logging_mixin.py:188} INFO - [2024-05-02T00:13:06.378-0500] {dag.py:3096} INFO - Sync 1 DAGs
[2024-05-02T00:13:06.406-0500] {logging_mixin.py:188} INFO - [2024-05-02T00:13:06.406-0500] {dag.py:3954} INFO - Setting next_dagrun for example_sensor_decorator to None, run_after=None
[2024-05-02T00:13:06.414-0500] {processor.py:183} INFO - Processing /Users/nestoralfaro/Desktop/pbi-scenario-two/py_env/lib/python3.9/site-packages/airflow/example_dags/example_sensor_decorator.py took 0.103 seconds
[2024-05-02T00:15:32.188-0500] {processor.py:161} INFO - Started process (PID=36625) to work on /Users/nestoralfaro/Desktop/pbi-scenario-two/py_env/lib/python3.9/site-packages/airflow/example_dags/example_sensor_decorator.py
[2024-05-02T00:15:32.189-0500] {processor.py:830} INFO - Processing file /Users/nestoralfaro/Desktop/pbi-scenario-two/py_env/lib/python3.9/site-packages/airflow/example_dags/example_sensor_decorator.py for tasks to queue
[2024-05-02T00:15:32.190-0500] {logging_mixin.py:188} INFO - [2024-05-02T00:15:32.190-0500] {dagbag.py:540} INFO - Filling up the DagBag from /Users/nestoralfaro/Desktop/pbi-scenario-two/py_env/lib/python3.9/site-packages/airflow/example_dags/example_sensor_decorator.py
[2024-05-02T00:15:32.206-0500] {processor.py:840} INFO - DAG(s) 'example_sensor_decorator' retrieved from /Users/nestoralfaro/Desktop/pbi-scenario-two/py_env/lib/python3.9/site-packages/airflow/example_dags/example_sensor_decorator.py
[2024-05-02T00:15:32.253-0500] {logging_mixin.py:188} INFO - [2024-05-02T00:15:32.253-0500] {dag.py:3096} INFO - Sync 1 DAGs
[2024-05-02T00:15:32.283-0500] {logging_mixin.py:188} INFO - [2024-05-02T00:15:32.283-0500] {dag.py:3954} INFO - Setting next_dagrun for example_sensor_decorator to None, run_after=None
[2024-05-02T00:15:32.291-0500] {processor.py:183} INFO - Processing /Users/nestoralfaro/Desktop/pbi-scenario-two/py_env/lib/python3.9/site-packages/airflow/example_dags/example_sensor_decorator.py took 0.104 seconds
[2024-05-02T00:17:01.100-0500] {processor.py:161} INFO - Started process (PID=36682) to work on /Users/nestoralfaro/Desktop/pbi-scenario-two/py_env/lib/python3.9/site-packages/airflow/example_dags/example_sensor_decorator.py
[2024-05-02T00:17:01.101-0500] {processor.py:830} INFO - Processing file /Users/nestoralfaro/Desktop/pbi-scenario-two/py_env/lib/python3.9/site-packages/airflow/example_dags/example_sensor_decorator.py for tasks to queue
[2024-05-02T00:17:01.102-0500] {logging_mixin.py:188} INFO - [2024-05-02T00:17:01.102-0500] {dagbag.py:540} INFO - Filling up the DagBag from /Users/nestoralfaro/Desktop/pbi-scenario-two/py_env/lib/python3.9/site-packages/airflow/example_dags/example_sensor_decorator.py
[2024-05-02T00:17:01.117-0500] {processor.py:840} INFO - DAG(s) 'example_sensor_decorator' retrieved from /Users/nestoralfaro/Desktop/pbi-scenario-two/py_env/lib/python3.9/site-packages/airflow/example_dags/example_sensor_decorator.py
[2024-05-02T00:17:01.161-0500] {logging_mixin.py:188} INFO - [2024-05-02T00:17:01.160-0500] {dag.py:3096} INFO - Sync 1 DAGs
[2024-05-02T00:17:01.187-0500] {logging_mixin.py:188} INFO - [2024-05-02T00:17:01.187-0500] {dag.py:3954} INFO - Setting next_dagrun for example_sensor_decorator to None, run_after=None
[2024-05-02T00:17:01.194-0500] {processor.py:183} INFO - Processing /Users/nestoralfaro/Desktop/pbi-scenario-two/py_env/lib/python3.9/site-packages/airflow/example_dags/example_sensor_decorator.py took 0.096 seconds
[2024-05-02T00:18:56.794-0500] {processor.py:161} INFO - Started process (PID=36779) to work on /Users/nestoralfaro/Desktop/pbi-scenario-two/py_env/lib/python3.9/site-packages/airflow/example_dags/example_sensor_decorator.py
[2024-05-02T00:18:56.796-0500] {processor.py:830} INFO - Processing file /Users/nestoralfaro/Desktop/pbi-scenario-two/py_env/lib/python3.9/site-packages/airflow/example_dags/example_sensor_decorator.py for tasks to queue
[2024-05-02T00:18:56.796-0500] {logging_mixin.py:188} INFO - [2024-05-02T00:18:56.796-0500] {dagbag.py:540} INFO - Filling up the DagBag from /Users/nestoralfaro/Desktop/pbi-scenario-two/py_env/lib/python3.9/site-packages/airflow/example_dags/example_sensor_decorator.py
[2024-05-02T00:18:56.812-0500] {processor.py:840} INFO - DAG(s) 'example_sensor_decorator' retrieved from /Users/nestoralfaro/Desktop/pbi-scenario-two/py_env/lib/python3.9/site-packages/airflow/example_dags/example_sensor_decorator.py
[2024-05-02T00:18:56.858-0500] {logging_mixin.py:188} INFO - [2024-05-02T00:18:56.858-0500] {dag.py:3096} INFO - Sync 1 DAGs
[2024-05-02T00:18:56.885-0500] {logging_mixin.py:188} INFO - [2024-05-02T00:18:56.885-0500] {dag.py:3954} INFO - Setting next_dagrun for example_sensor_decorator to None, run_after=None
[2024-05-02T00:18:56.892-0500] {processor.py:183} INFO - Processing /Users/nestoralfaro/Desktop/pbi-scenario-two/py_env/lib/python3.9/site-packages/airflow/example_dags/example_sensor_decorator.py took 0.099 seconds
[2024-05-02T00:20:51.216-0500] {processor.py:161} INFO - Started process (PID=36867) to work on /Users/nestoralfaro/Desktop/pbi-scenario-two/py_env/lib/python3.9/site-packages/airflow/example_dags/example_sensor_decorator.py
[2024-05-02T00:20:51.217-0500] {processor.py:830} INFO - Processing file /Users/nestoralfaro/Desktop/pbi-scenario-two/py_env/lib/python3.9/site-packages/airflow/example_dags/example_sensor_decorator.py for tasks to queue
[2024-05-02T00:20:51.217-0500] {logging_mixin.py:188} INFO - [2024-05-02T00:20:51.217-0500] {dagbag.py:540} INFO - Filling up the DagBag from /Users/nestoralfaro/Desktop/pbi-scenario-two/py_env/lib/python3.9/site-packages/airflow/example_dags/example_sensor_decorator.py
[2024-05-02T00:20:51.233-0500] {processor.py:840} INFO - DAG(s) 'example_sensor_decorator' retrieved from /Users/nestoralfaro/Desktop/pbi-scenario-two/py_env/lib/python3.9/site-packages/airflow/example_dags/example_sensor_decorator.py
[2024-05-02T00:20:51.278-0500] {logging_mixin.py:188} INFO - [2024-05-02T00:20:51.278-0500] {dag.py:3096} INFO - Sync 1 DAGs
[2024-05-02T00:20:51.305-0500] {logging_mixin.py:188} INFO - [2024-05-02T00:20:51.305-0500] {dag.py:3954} INFO - Setting next_dagrun for example_sensor_decorator to None, run_after=None
[2024-05-02T00:20:51.312-0500] {processor.py:183} INFO - Processing /Users/nestoralfaro/Desktop/pbi-scenario-two/py_env/lib/python3.9/site-packages/airflow/example_dags/example_sensor_decorator.py took 0.098 seconds
[2024-05-02T00:22:48.150-0500] {processor.py:161} INFO - Started process (PID=36969) to work on /Users/nestoralfaro/Desktop/pbi-scenario-two/py_env/lib/python3.9/site-packages/airflow/example_dags/example_sensor_decorator.py
[2024-05-02T00:22:48.152-0500] {processor.py:830} INFO - Processing file /Users/nestoralfaro/Desktop/pbi-scenario-two/py_env/lib/python3.9/site-packages/airflow/example_dags/example_sensor_decorator.py for tasks to queue
[2024-05-02T00:22:48.153-0500] {logging_mixin.py:188} INFO - [2024-05-02T00:22:48.153-0500] {dagbag.py:540} INFO - Filling up the DagBag from /Users/nestoralfaro/Desktop/pbi-scenario-two/py_env/lib/python3.9/site-packages/airflow/example_dags/example_sensor_decorator.py
[2024-05-02T00:22:48.169-0500] {processor.py:840} INFO - DAG(s) 'example_sensor_decorator' retrieved from /Users/nestoralfaro/Desktop/pbi-scenario-two/py_env/lib/python3.9/site-packages/airflow/example_dags/example_sensor_decorator.py
[2024-05-02T00:22:48.217-0500] {logging_mixin.py:188} INFO - [2024-05-02T00:22:48.217-0500] {dag.py:3096} INFO - Sync 1 DAGs
[2024-05-02T00:22:48.246-0500] {logging_mixin.py:188} INFO - [2024-05-02T00:22:48.246-0500] {dag.py:3954} INFO - Setting next_dagrun for example_sensor_decorator to None, run_after=None
[2024-05-02T00:22:48.254-0500] {processor.py:183} INFO - Processing /Users/nestoralfaro/Desktop/pbi-scenario-two/py_env/lib/python3.9/site-packages/airflow/example_dags/example_sensor_decorator.py took 0.105 seconds
