[2024-05-01T23:30:23.570-0500] {processor.py:161} INFO - Started process (PID=34747) to work on /Users/nestoralfaro/Desktop/pbi-scenario-two/py_env/lib/python3.9/site-packages/airflow/example_dags/example_trigger_controller_dag.py
[2024-05-01T23:30:23.571-0500] {processor.py:830} INFO - Processing file /Users/nestoralfaro/Desktop/pbi-scenario-two/py_env/lib/python3.9/site-packages/airflow/example_dags/example_trigger_controller_dag.py for tasks to queue
[2024-05-01T23:30:23.572-0500] {logging_mixin.py:188} INFO - [2024-05-01T23:30:23.572-0500] {dagbag.py:540} INFO - Filling up the DagBag from /Users/nestoralfaro/Desktop/pbi-scenario-two/py_env/lib/python3.9/site-packages/airflow/example_dags/example_trigger_controller_dag.py
[2024-05-01T23:30:23.577-0500] {processor.py:840} INFO - DAG(s) 'example_trigger_controller_dag' retrieved from /Users/nestoralfaro/Desktop/pbi-scenario-two/py_env/lib/python3.9/site-packages/airflow/example_dags/example_trigger_controller_dag.py
[2024-05-01T23:30:23.680-0500] {logging_mixin.py:188} INFO - [2024-05-01T23:30:23.680-0500] {dag.py:3096} INFO - Sync 1 DAGs
[2024-05-01T23:30:23.687-0500] {logging_mixin.py:188} INFO - [2024-05-01T23:30:23.687-0500] {dag.py:3954} INFO - Setting next_dagrun for example_trigger_controller_dag to 2021-01-01 00:00:00+00:00, run_after=2021-01-01 00:00:00+00:00
[2024-05-01T23:30:23.697-0500] {processor.py:183} INFO - Processing /Users/nestoralfaro/Desktop/pbi-scenario-two/py_env/lib/python3.9/site-packages/airflow/example_dags/example_trigger_controller_dag.py took 0.128 seconds
[2024-05-01T23:31:51.525-0500] {processor.py:161} INFO - Started process (PID=34802) to work on /Users/nestoralfaro/Desktop/pbi-scenario-two/py_env/lib/python3.9/site-packages/airflow/example_dags/example_trigger_controller_dag.py
[2024-05-01T23:31:51.527-0500] {processor.py:830} INFO - Processing file /Users/nestoralfaro/Desktop/pbi-scenario-two/py_env/lib/python3.9/site-packages/airflow/example_dags/example_trigger_controller_dag.py for tasks to queue
[2024-05-01T23:31:51.527-0500] {logging_mixin.py:188} INFO - [2024-05-01T23:31:51.527-0500] {dagbag.py:540} INFO - Filling up the DagBag from /Users/nestoralfaro/Desktop/pbi-scenario-two/py_env/lib/python3.9/site-packages/airflow/example_dags/example_trigger_controller_dag.py
[2024-05-01T23:31:51.533-0500] {processor.py:840} INFO - DAG(s) 'example_trigger_controller_dag' retrieved from /Users/nestoralfaro/Desktop/pbi-scenario-two/py_env/lib/python3.9/site-packages/airflow/example_dags/example_trigger_controller_dag.py
[2024-05-01T23:31:51.574-0500] {logging_mixin.py:188} INFO - [2024-05-01T23:31:51.574-0500] {dag.py:3096} INFO - Sync 1 DAGs
[2024-05-01T23:31:51.580-0500] {logging_mixin.py:188} INFO - [2024-05-01T23:31:51.580-0500] {dag.py:3954} INFO - Setting next_dagrun for example_trigger_controller_dag to 2021-01-01 00:00:00+00:00, run_after=2021-01-01 00:00:00+00:00
[2024-05-01T23:31:51.587-0500] {processor.py:183} INFO - Processing /Users/nestoralfaro/Desktop/pbi-scenario-two/py_env/lib/python3.9/site-packages/airflow/example_dags/example_trigger_controller_dag.py took 0.064 seconds
[2024-05-01T23:32:56.665-0500] {processor.py:161} INFO - Started process (PID=34859) to work on /Users/nestoralfaro/Desktop/pbi-scenario-two/py_env/lib/python3.9/site-packages/airflow/example_dags/example_trigger_controller_dag.py
[2024-05-01T23:32:56.666-0500] {processor.py:830} INFO - Processing file /Users/nestoralfaro/Desktop/pbi-scenario-two/py_env/lib/python3.9/site-packages/airflow/example_dags/example_trigger_controller_dag.py for tasks to queue
[2024-05-01T23:32:56.666-0500] {logging_mixin.py:188} INFO - [2024-05-01T23:32:56.666-0500] {dagbag.py:540} INFO - Filling up the DagBag from /Users/nestoralfaro/Desktop/pbi-scenario-two/py_env/lib/python3.9/site-packages/airflow/example_dags/example_trigger_controller_dag.py
[2024-05-01T23:32:56.672-0500] {processor.py:840} INFO - DAG(s) 'example_trigger_controller_dag' retrieved from /Users/nestoralfaro/Desktop/pbi-scenario-two/py_env/lib/python3.9/site-packages/airflow/example_dags/example_trigger_controller_dag.py
[2024-05-01T23:32:56.714-0500] {logging_mixin.py:188} INFO - [2024-05-01T23:32:56.714-0500] {dag.py:3096} INFO - Sync 1 DAGs
[2024-05-01T23:32:56.721-0500] {logging_mixin.py:188} INFO - [2024-05-01T23:32:56.721-0500] {dag.py:3954} INFO - Setting next_dagrun for example_trigger_controller_dag to 2021-01-01 00:00:00+00:00, run_after=2021-01-01 00:00:00+00:00
[2024-05-01T23:32:56.729-0500] {processor.py:183} INFO - Processing /Users/nestoralfaro/Desktop/pbi-scenario-two/py_env/lib/python3.9/site-packages/airflow/example_dags/example_trigger_controller_dag.py took 0.065 seconds
[2024-05-01T23:33:59.957-0500] {processor.py:161} INFO - Started process (PID=34908) to work on /Users/nestoralfaro/Desktop/pbi-scenario-two/py_env/lib/python3.9/site-packages/airflow/example_dags/example_trigger_controller_dag.py
[2024-05-01T23:33:59.958-0500] {processor.py:830} INFO - Processing file /Users/nestoralfaro/Desktop/pbi-scenario-two/py_env/lib/python3.9/site-packages/airflow/example_dags/example_trigger_controller_dag.py for tasks to queue
[2024-05-01T23:33:59.958-0500] {logging_mixin.py:188} INFO - [2024-05-01T23:33:59.958-0500] {dagbag.py:540} INFO - Filling up the DagBag from /Users/nestoralfaro/Desktop/pbi-scenario-two/py_env/lib/python3.9/site-packages/airflow/example_dags/example_trigger_controller_dag.py
[2024-05-01T23:33:59.964-0500] {processor.py:840} INFO - DAG(s) 'example_trigger_controller_dag' retrieved from /Users/nestoralfaro/Desktop/pbi-scenario-two/py_env/lib/python3.9/site-packages/airflow/example_dags/example_trigger_controller_dag.py
[2024-05-01T23:34:00.006-0500] {logging_mixin.py:188} INFO - [2024-05-01T23:34:00.006-0500] {dag.py:3096} INFO - Sync 1 DAGs
[2024-05-01T23:34:00.013-0500] {logging_mixin.py:188} INFO - [2024-05-01T23:34:00.013-0500] {dag.py:3954} INFO - Setting next_dagrun for example_trigger_controller_dag to 2021-01-01 00:00:00+00:00, run_after=2021-01-01 00:00:00+00:00
[2024-05-01T23:34:00.021-0500] {processor.py:183} INFO - Processing /Users/nestoralfaro/Desktop/pbi-scenario-two/py_env/lib/python3.9/site-packages/airflow/example_dags/example_trigger_controller_dag.py took 0.066 seconds
[2024-05-01T23:34:59.589-0500] {processor.py:161} INFO - Started process (PID=34944) to work on /Users/nestoralfaro/Desktop/pbi-scenario-two/py_env/lib/python3.9/site-packages/airflow/example_dags/example_trigger_controller_dag.py
[2024-05-01T23:34:59.591-0500] {processor.py:830} INFO - Processing file /Users/nestoralfaro/Desktop/pbi-scenario-two/py_env/lib/python3.9/site-packages/airflow/example_dags/example_trigger_controller_dag.py for tasks to queue
[2024-05-01T23:34:59.591-0500] {logging_mixin.py:188} INFO - [2024-05-01T23:34:59.591-0500] {dagbag.py:540} INFO - Filling up the DagBag from /Users/nestoralfaro/Desktop/pbi-scenario-two/py_env/lib/python3.9/site-packages/airflow/example_dags/example_trigger_controller_dag.py
[2024-05-01T23:34:59.596-0500] {processor.py:840} INFO - DAG(s) 'example_trigger_controller_dag' retrieved from /Users/nestoralfaro/Desktop/pbi-scenario-two/py_env/lib/python3.9/site-packages/airflow/example_dags/example_trigger_controller_dag.py
[2024-05-01T23:34:59.638-0500] {logging_mixin.py:188} INFO - [2024-05-01T23:34:59.638-0500] {dag.py:3096} INFO - Sync 1 DAGs
[2024-05-01T23:34:59.645-0500] {logging_mixin.py:188} INFO - [2024-05-01T23:34:59.645-0500] {dag.py:3954} INFO - Setting next_dagrun for example_trigger_controller_dag to 2021-01-01 00:00:00+00:00, run_after=2021-01-01 00:00:00+00:00
[2024-05-01T23:34:59.652-0500] {processor.py:183} INFO - Processing /Users/nestoralfaro/Desktop/pbi-scenario-two/py_env/lib/python3.9/site-packages/airflow/example_dags/example_trigger_controller_dag.py took 0.063 seconds
[2024-05-01T23:35:57.057-0500] {processor.py:161} INFO - Started process (PID=34979) to work on /Users/nestoralfaro/Desktop/pbi-scenario-two/py_env/lib/python3.9/site-packages/airflow/example_dags/example_trigger_controller_dag.py
[2024-05-01T23:35:57.058-0500] {processor.py:830} INFO - Processing file /Users/nestoralfaro/Desktop/pbi-scenario-two/py_env/lib/python3.9/site-packages/airflow/example_dags/example_trigger_controller_dag.py for tasks to queue
[2024-05-01T23:35:57.058-0500] {logging_mixin.py:188} INFO - [2024-05-01T23:35:57.058-0500] {dagbag.py:540} INFO - Filling up the DagBag from /Users/nestoralfaro/Desktop/pbi-scenario-two/py_env/lib/python3.9/site-packages/airflow/example_dags/example_trigger_controller_dag.py
[2024-05-01T23:35:57.062-0500] {processor.py:840} INFO - DAG(s) 'example_trigger_controller_dag' retrieved from /Users/nestoralfaro/Desktop/pbi-scenario-two/py_env/lib/python3.9/site-packages/airflow/example_dags/example_trigger_controller_dag.py
[2024-05-01T23:35:57.105-0500] {logging_mixin.py:188} INFO - [2024-05-01T23:35:57.104-0500] {dag.py:3096} INFO - Sync 1 DAGs
[2024-05-01T23:35:57.112-0500] {logging_mixin.py:188} INFO - [2024-05-01T23:35:57.111-0500] {dag.py:3954} INFO - Setting next_dagrun for example_trigger_controller_dag to 2021-01-01 00:00:00+00:00, run_after=2021-01-01 00:00:00+00:00
[2024-05-01T23:35:57.119-0500] {processor.py:183} INFO - Processing /Users/nestoralfaro/Desktop/pbi-scenario-two/py_env/lib/python3.9/site-packages/airflow/example_dags/example_trigger_controller_dag.py took 0.064 seconds
[2024-05-01T23:36:52.287-0500] {processor.py:161} INFO - Started process (PID=35013) to work on /Users/nestoralfaro/Desktop/pbi-scenario-two/py_env/lib/python3.9/site-packages/airflow/example_dags/example_trigger_controller_dag.py
[2024-05-01T23:36:52.290-0500] {processor.py:830} INFO - Processing file /Users/nestoralfaro/Desktop/pbi-scenario-two/py_env/lib/python3.9/site-packages/airflow/example_dags/example_trigger_controller_dag.py for tasks to queue
[2024-05-01T23:36:52.290-0500] {logging_mixin.py:188} INFO - [2024-05-01T23:36:52.290-0500] {dagbag.py:540} INFO - Filling up the DagBag from /Users/nestoralfaro/Desktop/pbi-scenario-two/py_env/lib/python3.9/site-packages/airflow/example_dags/example_trigger_controller_dag.py
[2024-05-01T23:36:52.296-0500] {processor.py:840} INFO - DAG(s) 'example_trigger_controller_dag' retrieved from /Users/nestoralfaro/Desktop/pbi-scenario-two/py_env/lib/python3.9/site-packages/airflow/example_dags/example_trigger_controller_dag.py
[2024-05-01T23:36:52.341-0500] {logging_mixin.py:188} INFO - [2024-05-01T23:36:52.341-0500] {dag.py:3096} INFO - Sync 1 DAGs
[2024-05-01T23:36:52.348-0500] {logging_mixin.py:188} INFO - [2024-05-01T23:36:52.348-0500] {dag.py:3954} INFO - Setting next_dagrun for example_trigger_controller_dag to 2021-01-01 00:00:00+00:00, run_after=2021-01-01 00:00:00+00:00
[2024-05-01T23:36:52.357-0500] {processor.py:183} INFO - Processing /Users/nestoralfaro/Desktop/pbi-scenario-two/py_env/lib/python3.9/site-packages/airflow/example_dags/example_trigger_controller_dag.py took 0.071 seconds
[2024-05-01T23:37:48.627-0500] {processor.py:161} INFO - Started process (PID=35048) to work on /Users/nestoralfaro/Desktop/pbi-scenario-two/py_env/lib/python3.9/site-packages/airflow/example_dags/example_trigger_controller_dag.py
[2024-05-01T23:37:48.629-0500] {processor.py:830} INFO - Processing file /Users/nestoralfaro/Desktop/pbi-scenario-two/py_env/lib/python3.9/site-packages/airflow/example_dags/example_trigger_controller_dag.py for tasks to queue
[2024-05-01T23:37:48.630-0500] {logging_mixin.py:188} INFO - [2024-05-01T23:37:48.630-0500] {dagbag.py:540} INFO - Filling up the DagBag from /Users/nestoralfaro/Desktop/pbi-scenario-two/py_env/lib/python3.9/site-packages/airflow/example_dags/example_trigger_controller_dag.py
[2024-05-01T23:37:48.635-0500] {processor.py:840} INFO - DAG(s) 'example_trigger_controller_dag' retrieved from /Users/nestoralfaro/Desktop/pbi-scenario-two/py_env/lib/python3.9/site-packages/airflow/example_dags/example_trigger_controller_dag.py
[2024-05-01T23:37:48.677-0500] {logging_mixin.py:188} INFO - [2024-05-01T23:37:48.676-0500] {dag.py:3096} INFO - Sync 1 DAGs
[2024-05-01T23:37:48.683-0500] {logging_mixin.py:188} INFO - [2024-05-01T23:37:48.682-0500] {dag.py:3954} INFO - Setting next_dagrun for example_trigger_controller_dag to 2021-01-01 00:00:00+00:00, run_after=2021-01-01 00:00:00+00:00
[2024-05-01T23:37:48.689-0500] {processor.py:183} INFO - Processing /Users/nestoralfaro/Desktop/pbi-scenario-two/py_env/lib/python3.9/site-packages/airflow/example_dags/example_trigger_controller_dag.py took 0.064 seconds
[2024-05-01T23:38:47.352-0500] {processor.py:161} INFO - Started process (PID=35082) to work on /Users/nestoralfaro/Desktop/pbi-scenario-two/py_env/lib/python3.9/site-packages/airflow/example_dags/example_trigger_controller_dag.py
[2024-05-01T23:38:47.354-0500] {processor.py:830} INFO - Processing file /Users/nestoralfaro/Desktop/pbi-scenario-two/py_env/lib/python3.9/site-packages/airflow/example_dags/example_trigger_controller_dag.py for tasks to queue
[2024-05-01T23:38:47.354-0500] {logging_mixin.py:188} INFO - [2024-05-01T23:38:47.354-0500] {dagbag.py:540} INFO - Filling up the DagBag from /Users/nestoralfaro/Desktop/pbi-scenario-two/py_env/lib/python3.9/site-packages/airflow/example_dags/example_trigger_controller_dag.py
[2024-05-01T23:38:47.359-0500] {processor.py:840} INFO - DAG(s) 'example_trigger_controller_dag' retrieved from /Users/nestoralfaro/Desktop/pbi-scenario-two/py_env/lib/python3.9/site-packages/airflow/example_dags/example_trigger_controller_dag.py
[2024-05-01T23:38:47.402-0500] {logging_mixin.py:188} INFO - [2024-05-01T23:38:47.402-0500] {dag.py:3096} INFO - Sync 1 DAGs
[2024-05-01T23:38:47.409-0500] {logging_mixin.py:188} INFO - [2024-05-01T23:38:47.409-0500] {dag.py:3954} INFO - Setting next_dagrun for example_trigger_controller_dag to 2021-01-01 00:00:00+00:00, run_after=2021-01-01 00:00:00+00:00
[2024-05-01T23:38:47.417-0500] {processor.py:183} INFO - Processing /Users/nestoralfaro/Desktop/pbi-scenario-two/py_env/lib/python3.9/site-packages/airflow/example_dags/example_trigger_controller_dag.py took 0.066 seconds
[2024-05-01T23:39:44.380-0500] {processor.py:161} INFO - Started process (PID=35120) to work on /Users/nestoralfaro/Desktop/pbi-scenario-two/py_env/lib/python3.9/site-packages/airflow/example_dags/example_trigger_controller_dag.py
[2024-05-01T23:39:44.382-0500] {processor.py:830} INFO - Processing file /Users/nestoralfaro/Desktop/pbi-scenario-two/py_env/lib/python3.9/site-packages/airflow/example_dags/example_trigger_controller_dag.py for tasks to queue
[2024-05-01T23:39:44.383-0500] {logging_mixin.py:188} INFO - [2024-05-01T23:39:44.383-0500] {dagbag.py:540} INFO - Filling up the DagBag from /Users/nestoralfaro/Desktop/pbi-scenario-two/py_env/lib/python3.9/site-packages/airflow/example_dags/example_trigger_controller_dag.py
[2024-05-01T23:39:44.388-0500] {processor.py:840} INFO - DAG(s) 'example_trigger_controller_dag' retrieved from /Users/nestoralfaro/Desktop/pbi-scenario-two/py_env/lib/python3.9/site-packages/airflow/example_dags/example_trigger_controller_dag.py
[2024-05-01T23:39:44.429-0500] {logging_mixin.py:188} INFO - [2024-05-01T23:39:44.429-0500] {dag.py:3096} INFO - Sync 1 DAGs
[2024-05-01T23:39:44.436-0500] {logging_mixin.py:188} INFO - [2024-05-01T23:39:44.436-0500] {dag.py:3954} INFO - Setting next_dagrun for example_trigger_controller_dag to 2021-01-01 00:00:00+00:00, run_after=2021-01-01 00:00:00+00:00
[2024-05-01T23:39:44.443-0500] {processor.py:183} INFO - Processing /Users/nestoralfaro/Desktop/pbi-scenario-two/py_env/lib/python3.9/site-packages/airflow/example_dags/example_trigger_controller_dag.py took 0.064 seconds
[2024-05-01T23:40:40.871-0500] {processor.py:161} INFO - Started process (PID=35172) to work on /Users/nestoralfaro/Desktop/pbi-scenario-two/py_env/lib/python3.9/site-packages/airflow/example_dags/example_trigger_controller_dag.py
[2024-05-01T23:40:40.872-0500] {processor.py:830} INFO - Processing file /Users/nestoralfaro/Desktop/pbi-scenario-two/py_env/lib/python3.9/site-packages/airflow/example_dags/example_trigger_controller_dag.py for tasks to queue
[2024-05-01T23:40:40.873-0500] {logging_mixin.py:188} INFO - [2024-05-01T23:40:40.872-0500] {dagbag.py:540} INFO - Filling up the DagBag from /Users/nestoralfaro/Desktop/pbi-scenario-two/py_env/lib/python3.9/site-packages/airflow/example_dags/example_trigger_controller_dag.py
[2024-05-01T23:40:40.878-0500] {processor.py:840} INFO - DAG(s) 'example_trigger_controller_dag' retrieved from /Users/nestoralfaro/Desktop/pbi-scenario-two/py_env/lib/python3.9/site-packages/airflow/example_dags/example_trigger_controller_dag.py
[2024-05-01T23:40:40.921-0500] {logging_mixin.py:188} INFO - [2024-05-01T23:40:40.920-0500] {dag.py:3096} INFO - Sync 1 DAGs
[2024-05-01T23:40:40.928-0500] {logging_mixin.py:188} INFO - [2024-05-01T23:40:40.928-0500] {dag.py:3954} INFO - Setting next_dagrun for example_trigger_controller_dag to 2021-01-01 00:00:00+00:00, run_after=2021-01-01 00:00:00+00:00
[2024-05-01T23:40:40.936-0500] {processor.py:183} INFO - Processing /Users/nestoralfaro/Desktop/pbi-scenario-two/py_env/lib/python3.9/site-packages/airflow/example_dags/example_trigger_controller_dag.py took 0.067 seconds
[2024-05-01T23:41:36.585-0500] {processor.py:161} INFO - Started process (PID=35209) to work on /Users/nestoralfaro/Desktop/pbi-scenario-two/py_env/lib/python3.9/site-packages/airflow/example_dags/example_trigger_controller_dag.py
[2024-05-01T23:41:36.587-0500] {processor.py:830} INFO - Processing file /Users/nestoralfaro/Desktop/pbi-scenario-two/py_env/lib/python3.9/site-packages/airflow/example_dags/example_trigger_controller_dag.py for tasks to queue
[2024-05-01T23:41:36.588-0500] {logging_mixin.py:188} INFO - [2024-05-01T23:41:36.588-0500] {dagbag.py:540} INFO - Filling up the DagBag from /Users/nestoralfaro/Desktop/pbi-scenario-two/py_env/lib/python3.9/site-packages/airflow/example_dags/example_trigger_controller_dag.py
[2024-05-01T23:41:36.593-0500] {processor.py:840} INFO - DAG(s) 'example_trigger_controller_dag' retrieved from /Users/nestoralfaro/Desktop/pbi-scenario-two/py_env/lib/python3.9/site-packages/airflow/example_dags/example_trigger_controller_dag.py
[2024-05-01T23:41:36.635-0500] {logging_mixin.py:188} INFO - [2024-05-01T23:41:36.635-0500] {dag.py:3096} INFO - Sync 1 DAGs
[2024-05-01T23:41:36.642-0500] {logging_mixin.py:188} INFO - [2024-05-01T23:41:36.642-0500] {dag.py:3954} INFO - Setting next_dagrun for example_trigger_controller_dag to 2021-01-01 00:00:00+00:00, run_after=2021-01-01 00:00:00+00:00
[2024-05-01T23:41:36.649-0500] {processor.py:183} INFO - Processing /Users/nestoralfaro/Desktop/pbi-scenario-two/py_env/lib/python3.9/site-packages/airflow/example_dags/example_trigger_controller_dag.py took 0.066 seconds
[2024-05-01T23:42:09.419-0500] {processor.py:161} INFO - Started process (PID=35258) to work on /Users/nestoralfaro/Desktop/pbi-scenario-two/py_env/lib/python3.9/site-packages/airflow/example_dags/example_trigger_controller_dag.py
[2024-05-01T23:42:09.420-0500] {processor.py:830} INFO - Processing file /Users/nestoralfaro/Desktop/pbi-scenario-two/py_env/lib/python3.9/site-packages/airflow/example_dags/example_trigger_controller_dag.py for tasks to queue
[2024-05-01T23:42:09.421-0500] {logging_mixin.py:188} INFO - [2024-05-01T23:42:09.421-0500] {dagbag.py:540} INFO - Filling up the DagBag from /Users/nestoralfaro/Desktop/pbi-scenario-two/py_env/lib/python3.9/site-packages/airflow/example_dags/example_trigger_controller_dag.py
[2024-05-01T23:42:09.426-0500] {processor.py:840} INFO - DAG(s) 'example_trigger_controller_dag' retrieved from /Users/nestoralfaro/Desktop/pbi-scenario-two/py_env/lib/python3.9/site-packages/airflow/example_dags/example_trigger_controller_dag.py
[2024-05-01T23:42:09.467-0500] {logging_mixin.py:188} INFO - [2024-05-01T23:42:09.467-0500] {dag.py:3096} INFO - Sync 1 DAGs
[2024-05-01T23:42:09.474-0500] {logging_mixin.py:188} INFO - [2024-05-01T23:42:09.473-0500] {dag.py:3954} INFO - Setting next_dagrun for example_trigger_controller_dag to 2021-01-01 00:00:00+00:00, run_after=2021-01-01 00:00:00+00:00
[2024-05-01T23:42:09.481-0500] {processor.py:183} INFO - Processing /Users/nestoralfaro/Desktop/pbi-scenario-two/py_env/lib/python3.9/site-packages/airflow/example_dags/example_trigger_controller_dag.py took 0.063 seconds
[2024-05-01T23:43:39.840-0500] {processor.py:161} INFO - Started process (PID=35311) to work on /Users/nestoralfaro/Desktop/pbi-scenario-two/py_env/lib/python3.9/site-packages/airflow/example_dags/example_trigger_controller_dag.py
[2024-05-01T23:43:39.841-0500] {processor.py:830} INFO - Processing file /Users/nestoralfaro/Desktop/pbi-scenario-two/py_env/lib/python3.9/site-packages/airflow/example_dags/example_trigger_controller_dag.py for tasks to queue
[2024-05-01T23:43:39.842-0500] {logging_mixin.py:188} INFO - [2024-05-01T23:43:39.842-0500] {dagbag.py:540} INFO - Filling up the DagBag from /Users/nestoralfaro/Desktop/pbi-scenario-two/py_env/lib/python3.9/site-packages/airflow/example_dags/example_trigger_controller_dag.py
[2024-05-01T23:43:39.846-0500] {processor.py:840} INFO - DAG(s) 'example_trigger_controller_dag' retrieved from /Users/nestoralfaro/Desktop/pbi-scenario-two/py_env/lib/python3.9/site-packages/airflow/example_dags/example_trigger_controller_dag.py
[2024-05-01T23:43:39.883-0500] {logging_mixin.py:188} INFO - [2024-05-01T23:43:39.883-0500] {dag.py:3096} INFO - Sync 1 DAGs
[2024-05-01T23:43:39.889-0500] {logging_mixin.py:188} INFO - [2024-05-01T23:43:39.889-0500] {dag.py:3954} INFO - Setting next_dagrun for example_trigger_controller_dag to 2021-01-01 00:00:00+00:00, run_after=2021-01-01 00:00:00+00:00
[2024-05-01T23:43:39.895-0500] {processor.py:183} INFO - Processing /Users/nestoralfaro/Desktop/pbi-scenario-two/py_env/lib/python3.9/site-packages/airflow/example_dags/example_trigger_controller_dag.py took 0.057 seconds
[2024-05-01T23:44:37.669-0500] {processor.py:161} INFO - Started process (PID=35357) to work on /Users/nestoralfaro/Desktop/pbi-scenario-two/py_env/lib/python3.9/site-packages/airflow/example_dags/example_trigger_controller_dag.py
[2024-05-01T23:44:37.676-0500] {processor.py:830} INFO - Processing file /Users/nestoralfaro/Desktop/pbi-scenario-two/py_env/lib/python3.9/site-packages/airflow/example_dags/example_trigger_controller_dag.py for tasks to queue
[2024-05-01T23:44:37.676-0500] {logging_mixin.py:188} INFO - [2024-05-01T23:44:37.676-0500] {dagbag.py:540} INFO - Filling up the DagBag from /Users/nestoralfaro/Desktop/pbi-scenario-two/py_env/lib/python3.9/site-packages/airflow/example_dags/example_trigger_controller_dag.py
[2024-05-01T23:44:37.682-0500] {processor.py:840} INFO - DAG(s) 'example_trigger_controller_dag' retrieved from /Users/nestoralfaro/Desktop/pbi-scenario-two/py_env/lib/python3.9/site-packages/airflow/example_dags/example_trigger_controller_dag.py
[2024-05-01T23:44:37.724-0500] {logging_mixin.py:188} INFO - [2024-05-01T23:44:37.723-0500] {dag.py:3096} INFO - Sync 1 DAGs
[2024-05-01T23:44:37.730-0500] {logging_mixin.py:188} INFO - [2024-05-01T23:44:37.730-0500] {dag.py:3954} INFO - Setting next_dagrun for example_trigger_controller_dag to 2021-01-01 00:00:00+00:00, run_after=2021-01-01 00:00:00+00:00
[2024-05-01T23:44:37.739-0500] {processor.py:183} INFO - Processing /Users/nestoralfaro/Desktop/pbi-scenario-two/py_env/lib/python3.9/site-packages/airflow/example_dags/example_trigger_controller_dag.py took 0.071 seconds
[2024-05-01T23:45:36.765-0500] {processor.py:161} INFO - Started process (PID=35395) to work on /Users/nestoralfaro/Desktop/pbi-scenario-two/py_env/lib/python3.9/site-packages/airflow/example_dags/example_trigger_controller_dag.py
[2024-05-01T23:45:36.767-0500] {processor.py:830} INFO - Processing file /Users/nestoralfaro/Desktop/pbi-scenario-two/py_env/lib/python3.9/site-packages/airflow/example_dags/example_trigger_controller_dag.py for tasks to queue
[2024-05-01T23:45:36.767-0500] {logging_mixin.py:188} INFO - [2024-05-01T23:45:36.767-0500] {dagbag.py:540} INFO - Filling up the DagBag from /Users/nestoralfaro/Desktop/pbi-scenario-two/py_env/lib/python3.9/site-packages/airflow/example_dags/example_trigger_controller_dag.py
[2024-05-01T23:45:36.772-0500] {processor.py:840} INFO - DAG(s) 'example_trigger_controller_dag' retrieved from /Users/nestoralfaro/Desktop/pbi-scenario-two/py_env/lib/python3.9/site-packages/airflow/example_dags/example_trigger_controller_dag.py
[2024-05-01T23:45:36.814-0500] {logging_mixin.py:188} INFO - [2024-05-01T23:45:36.814-0500] {dag.py:3096} INFO - Sync 1 DAGs
[2024-05-01T23:45:36.821-0500] {logging_mixin.py:188} INFO - [2024-05-01T23:45:36.821-0500] {dag.py:3954} INFO - Setting next_dagrun for example_trigger_controller_dag to 2021-01-01 00:00:00+00:00, run_after=2021-01-01 00:00:00+00:00
[2024-05-01T23:45:36.829-0500] {processor.py:183} INFO - Processing /Users/nestoralfaro/Desktop/pbi-scenario-two/py_env/lib/python3.9/site-packages/airflow/example_dags/example_trigger_controller_dag.py took 0.065 seconds
[2024-05-01T23:46:33.988-0500] {processor.py:161} INFO - Started process (PID=35430) to work on /Users/nestoralfaro/Desktop/pbi-scenario-two/py_env/lib/python3.9/site-packages/airflow/example_dags/example_trigger_controller_dag.py
[2024-05-01T23:46:33.989-0500] {processor.py:830} INFO - Processing file /Users/nestoralfaro/Desktop/pbi-scenario-two/py_env/lib/python3.9/site-packages/airflow/example_dags/example_trigger_controller_dag.py for tasks to queue
[2024-05-01T23:46:33.990-0500] {logging_mixin.py:188} INFO - [2024-05-01T23:46:33.989-0500] {dagbag.py:540} INFO - Filling up the DagBag from /Users/nestoralfaro/Desktop/pbi-scenario-two/py_env/lib/python3.9/site-packages/airflow/example_dags/example_trigger_controller_dag.py
[2024-05-01T23:46:33.994-0500] {processor.py:840} INFO - DAG(s) 'example_trigger_controller_dag' retrieved from /Users/nestoralfaro/Desktop/pbi-scenario-two/py_env/lib/python3.9/site-packages/airflow/example_dags/example_trigger_controller_dag.py
[2024-05-01T23:46:34.032-0500] {logging_mixin.py:188} INFO - [2024-05-01T23:46:34.031-0500] {dag.py:3096} INFO - Sync 1 DAGs
[2024-05-01T23:46:34.037-0500] {logging_mixin.py:188} INFO - [2024-05-01T23:46:34.037-0500] {dag.py:3954} INFO - Setting next_dagrun for example_trigger_controller_dag to 2021-01-01 00:00:00+00:00, run_after=2021-01-01 00:00:00+00:00
[2024-05-01T23:46:34.045-0500] {processor.py:183} INFO - Processing /Users/nestoralfaro/Desktop/pbi-scenario-two/py_env/lib/python3.9/site-packages/airflow/example_dags/example_trigger_controller_dag.py took 0.058 seconds
[2024-05-01T23:47:29.115-0500] {processor.py:161} INFO - Started process (PID=35473) to work on /Users/nestoralfaro/Desktop/pbi-scenario-two/py_env/lib/python3.9/site-packages/airflow/example_dags/example_trigger_controller_dag.py
[2024-05-01T23:47:29.117-0500] {processor.py:830} INFO - Processing file /Users/nestoralfaro/Desktop/pbi-scenario-two/py_env/lib/python3.9/site-packages/airflow/example_dags/example_trigger_controller_dag.py for tasks to queue
[2024-05-01T23:47:29.117-0500] {logging_mixin.py:188} INFO - [2024-05-01T23:47:29.117-0500] {dagbag.py:540} INFO - Filling up the DagBag from /Users/nestoralfaro/Desktop/pbi-scenario-two/py_env/lib/python3.9/site-packages/airflow/example_dags/example_trigger_controller_dag.py
[2024-05-01T23:47:29.122-0500] {processor.py:840} INFO - DAG(s) 'example_trigger_controller_dag' retrieved from /Users/nestoralfaro/Desktop/pbi-scenario-two/py_env/lib/python3.9/site-packages/airflow/example_dags/example_trigger_controller_dag.py
[2024-05-01T23:47:29.162-0500] {logging_mixin.py:188} INFO - [2024-05-01T23:47:29.162-0500] {dag.py:3096} INFO - Sync 1 DAGs
[2024-05-01T23:47:29.169-0500] {logging_mixin.py:188} INFO - [2024-05-01T23:47:29.169-0500] {dag.py:3954} INFO - Setting next_dagrun for example_trigger_controller_dag to 2021-01-01 00:00:00+00:00, run_after=2021-01-01 00:00:00+00:00
[2024-05-01T23:47:29.177-0500] {processor.py:183} INFO - Processing /Users/nestoralfaro/Desktop/pbi-scenario-two/py_env/lib/python3.9/site-packages/airflow/example_dags/example_trigger_controller_dag.py took 0.063 seconds
[2024-05-01T23:48:24.497-0500] {processor.py:161} INFO - Started process (PID=35508) to work on /Users/nestoralfaro/Desktop/pbi-scenario-two/py_env/lib/python3.9/site-packages/airflow/example_dags/example_trigger_controller_dag.py
[2024-05-01T23:48:24.499-0500] {processor.py:830} INFO - Processing file /Users/nestoralfaro/Desktop/pbi-scenario-two/py_env/lib/python3.9/site-packages/airflow/example_dags/example_trigger_controller_dag.py for tasks to queue
[2024-05-01T23:48:24.500-0500] {logging_mixin.py:188} INFO - [2024-05-01T23:48:24.499-0500] {dagbag.py:540} INFO - Filling up the DagBag from /Users/nestoralfaro/Desktop/pbi-scenario-two/py_env/lib/python3.9/site-packages/airflow/example_dags/example_trigger_controller_dag.py
[2024-05-01T23:48:24.505-0500] {processor.py:840} INFO - DAG(s) 'example_trigger_controller_dag' retrieved from /Users/nestoralfaro/Desktop/pbi-scenario-two/py_env/lib/python3.9/site-packages/airflow/example_dags/example_trigger_controller_dag.py
[2024-05-01T23:48:24.542-0500] {logging_mixin.py:188} INFO - [2024-05-01T23:48:24.542-0500] {dag.py:3096} INFO - Sync 1 DAGs
[2024-05-01T23:48:24.549-0500] {logging_mixin.py:188} INFO - [2024-05-01T23:48:24.548-0500] {dag.py:3954} INFO - Setting next_dagrun for example_trigger_controller_dag to 2021-01-01 00:00:00+00:00, run_after=2021-01-01 00:00:00+00:00
[2024-05-01T23:48:24.555-0500] {processor.py:183} INFO - Processing /Users/nestoralfaro/Desktop/pbi-scenario-two/py_env/lib/python3.9/site-packages/airflow/example_dags/example_trigger_controller_dag.py took 0.059 seconds
[2024-05-01T23:49:20.685-0500] {processor.py:161} INFO - Started process (PID=35552) to work on /Users/nestoralfaro/Desktop/pbi-scenario-two/py_env/lib/python3.9/site-packages/airflow/example_dags/example_trigger_controller_dag.py
[2024-05-01T23:49:20.687-0500] {processor.py:830} INFO - Processing file /Users/nestoralfaro/Desktop/pbi-scenario-two/py_env/lib/python3.9/site-packages/airflow/example_dags/example_trigger_controller_dag.py for tasks to queue
[2024-05-01T23:49:20.688-0500] {logging_mixin.py:188} INFO - [2024-05-01T23:49:20.688-0500] {dagbag.py:540} INFO - Filling up the DagBag from /Users/nestoralfaro/Desktop/pbi-scenario-two/py_env/lib/python3.9/site-packages/airflow/example_dags/example_trigger_controller_dag.py
[2024-05-01T23:49:20.693-0500] {processor.py:840} INFO - DAG(s) 'example_trigger_controller_dag' retrieved from /Users/nestoralfaro/Desktop/pbi-scenario-two/py_env/lib/python3.9/site-packages/airflow/example_dags/example_trigger_controller_dag.py
[2024-05-01T23:49:20.736-0500] {logging_mixin.py:188} INFO - [2024-05-01T23:49:20.736-0500] {dag.py:3096} INFO - Sync 1 DAGs
[2024-05-01T23:49:20.743-0500] {logging_mixin.py:188} INFO - [2024-05-01T23:49:20.743-0500] {dag.py:3954} INFO - Setting next_dagrun for example_trigger_controller_dag to 2021-01-01 00:00:00+00:00, run_after=2021-01-01 00:00:00+00:00
[2024-05-01T23:49:20.750-0500] {processor.py:183} INFO - Processing /Users/nestoralfaro/Desktop/pbi-scenario-two/py_env/lib/python3.9/site-packages/airflow/example_dags/example_trigger_controller_dag.py took 0.066 seconds
[2024-05-01T23:50:20.390-0500] {processor.py:161} INFO - Started process (PID=35587) to work on /Users/nestoralfaro/Desktop/pbi-scenario-two/py_env/lib/python3.9/site-packages/airflow/example_dags/example_trigger_controller_dag.py
[2024-05-01T23:50:20.391-0500] {processor.py:830} INFO - Processing file /Users/nestoralfaro/Desktop/pbi-scenario-two/py_env/lib/python3.9/site-packages/airflow/example_dags/example_trigger_controller_dag.py for tasks to queue
[2024-05-01T23:50:20.392-0500] {logging_mixin.py:188} INFO - [2024-05-01T23:50:20.392-0500] {dagbag.py:540} INFO - Filling up the DagBag from /Users/nestoralfaro/Desktop/pbi-scenario-two/py_env/lib/python3.9/site-packages/airflow/example_dags/example_trigger_controller_dag.py
[2024-05-01T23:50:20.397-0500] {processor.py:840} INFO - DAG(s) 'example_trigger_controller_dag' retrieved from /Users/nestoralfaro/Desktop/pbi-scenario-two/py_env/lib/python3.9/site-packages/airflow/example_dags/example_trigger_controller_dag.py
[2024-05-01T23:50:20.438-0500] {logging_mixin.py:188} INFO - [2024-05-01T23:50:20.437-0500] {dag.py:3096} INFO - Sync 1 DAGs
[2024-05-01T23:50:20.444-0500] {logging_mixin.py:188} INFO - [2024-05-01T23:50:20.444-0500] {dag.py:3954} INFO - Setting next_dagrun for example_trigger_controller_dag to 2021-01-01 00:00:00+00:00, run_after=2021-01-01 00:00:00+00:00
[2024-05-01T23:50:20.451-0500] {processor.py:183} INFO - Processing /Users/nestoralfaro/Desktop/pbi-scenario-two/py_env/lib/python3.9/site-packages/airflow/example_dags/example_trigger_controller_dag.py took 0.062 seconds
[2024-05-01T23:51:16.491-0500] {processor.py:161} INFO - Started process (PID=35622) to work on /Users/nestoralfaro/Desktop/pbi-scenario-two/py_env/lib/python3.9/site-packages/airflow/example_dags/example_trigger_controller_dag.py
[2024-05-01T23:51:16.492-0500] {processor.py:830} INFO - Processing file /Users/nestoralfaro/Desktop/pbi-scenario-two/py_env/lib/python3.9/site-packages/airflow/example_dags/example_trigger_controller_dag.py for tasks to queue
[2024-05-01T23:51:16.493-0500] {logging_mixin.py:188} INFO - [2024-05-01T23:51:16.493-0500] {dagbag.py:540} INFO - Filling up the DagBag from /Users/nestoralfaro/Desktop/pbi-scenario-two/py_env/lib/python3.9/site-packages/airflow/example_dags/example_trigger_controller_dag.py
[2024-05-01T23:51:16.498-0500] {processor.py:840} INFO - DAG(s) 'example_trigger_controller_dag' retrieved from /Users/nestoralfaro/Desktop/pbi-scenario-two/py_env/lib/python3.9/site-packages/airflow/example_dags/example_trigger_controller_dag.py
[2024-05-01T23:51:16.538-0500] {logging_mixin.py:188} INFO - [2024-05-01T23:51:16.537-0500] {dag.py:3096} INFO - Sync 1 DAGs
[2024-05-01T23:51:16.544-0500] {logging_mixin.py:188} INFO - [2024-05-01T23:51:16.544-0500] {dag.py:3954} INFO - Setting next_dagrun for example_trigger_controller_dag to 2021-01-01 00:00:00+00:00, run_after=2021-01-01 00:00:00+00:00
[2024-05-01T23:51:16.552-0500] {processor.py:183} INFO - Processing /Users/nestoralfaro/Desktop/pbi-scenario-two/py_env/lib/python3.9/site-packages/airflow/example_dags/example_trigger_controller_dag.py took 0.062 seconds
[2024-05-01T23:52:12.580-0500] {processor.py:161} INFO - Started process (PID=35672) to work on /Users/nestoralfaro/Desktop/pbi-scenario-two/py_env/lib/python3.9/site-packages/airflow/example_dags/example_trigger_controller_dag.py
[2024-05-01T23:52:12.582-0500] {processor.py:830} INFO - Processing file /Users/nestoralfaro/Desktop/pbi-scenario-two/py_env/lib/python3.9/site-packages/airflow/example_dags/example_trigger_controller_dag.py for tasks to queue
[2024-05-01T23:52:12.582-0500] {logging_mixin.py:188} INFO - [2024-05-01T23:52:12.582-0500] {dagbag.py:540} INFO - Filling up the DagBag from /Users/nestoralfaro/Desktop/pbi-scenario-two/py_env/lib/python3.9/site-packages/airflow/example_dags/example_trigger_controller_dag.py
[2024-05-01T23:52:12.586-0500] {processor.py:840} INFO - DAG(s) 'example_trigger_controller_dag' retrieved from /Users/nestoralfaro/Desktop/pbi-scenario-two/py_env/lib/python3.9/site-packages/airflow/example_dags/example_trigger_controller_dag.py
[2024-05-01T23:52:12.628-0500] {logging_mixin.py:188} INFO - [2024-05-01T23:52:12.627-0500] {dag.py:3096} INFO - Sync 1 DAGs
[2024-05-01T23:52:12.634-0500] {logging_mixin.py:188} INFO - [2024-05-01T23:52:12.634-0500] {dag.py:3954} INFO - Setting next_dagrun for example_trigger_controller_dag to 2021-01-01 00:00:00+00:00, run_after=2021-01-01 00:00:00+00:00
[2024-05-01T23:52:12.643-0500] {processor.py:183} INFO - Processing /Users/nestoralfaro/Desktop/pbi-scenario-two/py_env/lib/python3.9/site-packages/airflow/example_dags/example_trigger_controller_dag.py took 0.064 seconds
[2024-05-01T23:53:12.420-0500] {processor.py:161} INFO - Started process (PID=35707) to work on /Users/nestoralfaro/Desktop/pbi-scenario-two/py_env/lib/python3.9/site-packages/airflow/example_dags/example_trigger_controller_dag.py
[2024-05-01T23:53:12.422-0500] {processor.py:830} INFO - Processing file /Users/nestoralfaro/Desktop/pbi-scenario-two/py_env/lib/python3.9/site-packages/airflow/example_dags/example_trigger_controller_dag.py for tasks to queue
[2024-05-01T23:53:12.422-0500] {logging_mixin.py:188} INFO - [2024-05-01T23:53:12.422-0500] {dagbag.py:540} INFO - Filling up the DagBag from /Users/nestoralfaro/Desktop/pbi-scenario-two/py_env/lib/python3.9/site-packages/airflow/example_dags/example_trigger_controller_dag.py
[2024-05-01T23:53:12.427-0500] {processor.py:840} INFO - DAG(s) 'example_trigger_controller_dag' retrieved from /Users/nestoralfaro/Desktop/pbi-scenario-two/py_env/lib/python3.9/site-packages/airflow/example_dags/example_trigger_controller_dag.py
[2024-05-01T23:53:12.468-0500] {logging_mixin.py:188} INFO - [2024-05-01T23:53:12.468-0500] {dag.py:3096} INFO - Sync 1 DAGs
[2024-05-01T23:53:12.474-0500] {logging_mixin.py:188} INFO - [2024-05-01T23:53:12.474-0500] {dag.py:3954} INFO - Setting next_dagrun for example_trigger_controller_dag to 2021-01-01 00:00:00+00:00, run_after=2021-01-01 00:00:00+00:00
[2024-05-01T23:53:12.482-0500] {processor.py:183} INFO - Processing /Users/nestoralfaro/Desktop/pbi-scenario-two/py_env/lib/python3.9/site-packages/airflow/example_dags/example_trigger_controller_dag.py took 0.063 seconds
[2024-05-01T23:54:10.551-0500] {processor.py:161} INFO - Started process (PID=35741) to work on /Users/nestoralfaro/Desktop/pbi-scenario-two/py_env/lib/python3.9/site-packages/airflow/example_dags/example_trigger_controller_dag.py
[2024-05-01T23:54:10.552-0500] {processor.py:830} INFO - Processing file /Users/nestoralfaro/Desktop/pbi-scenario-two/py_env/lib/python3.9/site-packages/airflow/example_dags/example_trigger_controller_dag.py for tasks to queue
[2024-05-01T23:54:10.553-0500] {logging_mixin.py:188} INFO - [2024-05-01T23:54:10.553-0500] {dagbag.py:540} INFO - Filling up the DagBag from /Users/nestoralfaro/Desktop/pbi-scenario-two/py_env/lib/python3.9/site-packages/airflow/example_dags/example_trigger_controller_dag.py
[2024-05-01T23:54:10.558-0500] {processor.py:840} INFO - DAG(s) 'example_trigger_controller_dag' retrieved from /Users/nestoralfaro/Desktop/pbi-scenario-two/py_env/lib/python3.9/site-packages/airflow/example_dags/example_trigger_controller_dag.py
[2024-05-01T23:54:10.598-0500] {logging_mixin.py:188} INFO - [2024-05-01T23:54:10.598-0500] {dag.py:3096} INFO - Sync 1 DAGs
[2024-05-01T23:54:10.604-0500] {logging_mixin.py:188} INFO - [2024-05-01T23:54:10.604-0500] {dag.py:3954} INFO - Setting next_dagrun for example_trigger_controller_dag to 2021-01-01 00:00:00+00:00, run_after=2021-01-01 00:00:00+00:00
[2024-05-01T23:54:10.611-0500] {processor.py:183} INFO - Processing /Users/nestoralfaro/Desktop/pbi-scenario-two/py_env/lib/python3.9/site-packages/airflow/example_dags/example_trigger_controller_dag.py took 0.061 seconds
[2024-05-01T23:55:07.452-0500] {processor.py:161} INFO - Started process (PID=35776) to work on /Users/nestoralfaro/Desktop/pbi-scenario-two/py_env/lib/python3.9/site-packages/airflow/example_dags/example_trigger_controller_dag.py
[2024-05-01T23:55:07.453-0500] {processor.py:830} INFO - Processing file /Users/nestoralfaro/Desktop/pbi-scenario-two/py_env/lib/python3.9/site-packages/airflow/example_dags/example_trigger_controller_dag.py for tasks to queue
[2024-05-01T23:55:07.453-0500] {logging_mixin.py:188} INFO - [2024-05-01T23:55:07.453-0500] {dagbag.py:540} INFO - Filling up the DagBag from /Users/nestoralfaro/Desktop/pbi-scenario-two/py_env/lib/python3.9/site-packages/airflow/example_dags/example_trigger_controller_dag.py
[2024-05-01T23:55:07.458-0500] {processor.py:840} INFO - DAG(s) 'example_trigger_controller_dag' retrieved from /Users/nestoralfaro/Desktop/pbi-scenario-two/py_env/lib/python3.9/site-packages/airflow/example_dags/example_trigger_controller_dag.py
[2024-05-01T23:55:07.497-0500] {logging_mixin.py:188} INFO - [2024-05-01T23:55:07.497-0500] {dag.py:3096} INFO - Sync 1 DAGs
[2024-05-01T23:55:07.503-0500] {logging_mixin.py:188} INFO - [2024-05-01T23:55:07.503-0500] {dag.py:3954} INFO - Setting next_dagrun for example_trigger_controller_dag to 2021-01-01 00:00:00+00:00, run_after=2021-01-01 00:00:00+00:00
[2024-05-01T23:55:07.510-0500] {processor.py:183} INFO - Processing /Users/nestoralfaro/Desktop/pbi-scenario-two/py_env/lib/python3.9/site-packages/airflow/example_dags/example_trigger_controller_dag.py took 0.059 seconds
[2024-05-01T23:56:06.067-0500] {processor.py:161} INFO - Started process (PID=35811) to work on /Users/nestoralfaro/Desktop/pbi-scenario-two/py_env/lib/python3.9/site-packages/airflow/example_dags/example_trigger_controller_dag.py
[2024-05-01T23:56:06.069-0500] {processor.py:830} INFO - Processing file /Users/nestoralfaro/Desktop/pbi-scenario-two/py_env/lib/python3.9/site-packages/airflow/example_dags/example_trigger_controller_dag.py for tasks to queue
[2024-05-01T23:56:06.069-0500] {logging_mixin.py:188} INFO - [2024-05-01T23:56:06.069-0500] {dagbag.py:540} INFO - Filling up the DagBag from /Users/nestoralfaro/Desktop/pbi-scenario-two/py_env/lib/python3.9/site-packages/airflow/example_dags/example_trigger_controller_dag.py
[2024-05-01T23:56:06.073-0500] {processor.py:840} INFO - DAG(s) 'example_trigger_controller_dag' retrieved from /Users/nestoralfaro/Desktop/pbi-scenario-two/py_env/lib/python3.9/site-packages/airflow/example_dags/example_trigger_controller_dag.py
[2024-05-01T23:56:06.112-0500] {logging_mixin.py:188} INFO - [2024-05-01T23:56:06.112-0500] {dag.py:3096} INFO - Sync 1 DAGs
[2024-05-01T23:56:06.118-0500] {logging_mixin.py:188} INFO - [2024-05-01T23:56:06.118-0500] {dag.py:3954} INFO - Setting next_dagrun for example_trigger_controller_dag to 2021-01-01 00:00:00+00:00, run_after=2021-01-01 00:00:00+00:00
[2024-05-01T23:56:06.125-0500] {processor.py:183} INFO - Processing /Users/nestoralfaro/Desktop/pbi-scenario-two/py_env/lib/python3.9/site-packages/airflow/example_dags/example_trigger_controller_dag.py took 0.059 seconds
[2024-05-01T23:56:59.936-0500] {processor.py:161} INFO - Started process (PID=35845) to work on /Users/nestoralfaro/Desktop/pbi-scenario-two/py_env/lib/python3.9/site-packages/airflow/example_dags/example_trigger_controller_dag.py
[2024-05-01T23:56:59.937-0500] {processor.py:830} INFO - Processing file /Users/nestoralfaro/Desktop/pbi-scenario-two/py_env/lib/python3.9/site-packages/airflow/example_dags/example_trigger_controller_dag.py for tasks to queue
[2024-05-01T23:56:59.937-0500] {logging_mixin.py:188} INFO - [2024-05-01T23:56:59.937-0500] {dagbag.py:540} INFO - Filling up the DagBag from /Users/nestoralfaro/Desktop/pbi-scenario-two/py_env/lib/python3.9/site-packages/airflow/example_dags/example_trigger_controller_dag.py
[2024-05-01T23:56:59.942-0500] {processor.py:840} INFO - DAG(s) 'example_trigger_controller_dag' retrieved from /Users/nestoralfaro/Desktop/pbi-scenario-two/py_env/lib/python3.9/site-packages/airflow/example_dags/example_trigger_controller_dag.py
[2024-05-01T23:56:59.979-0500] {logging_mixin.py:188} INFO - [2024-05-01T23:56:59.979-0500] {dag.py:3096} INFO - Sync 1 DAGs
[2024-05-01T23:56:59.985-0500] {logging_mixin.py:188} INFO - [2024-05-01T23:56:59.985-0500] {dag.py:3954} INFO - Setting next_dagrun for example_trigger_controller_dag to 2021-01-01 00:00:00+00:00, run_after=2021-01-01 00:00:00+00:00
[2024-05-01T23:56:59.992-0500] {processor.py:183} INFO - Processing /Users/nestoralfaro/Desktop/pbi-scenario-two/py_env/lib/python3.9/site-packages/airflow/example_dags/example_trigger_controller_dag.py took 0.057 seconds
[2024-05-01T23:57:55.226-0500] {processor.py:161} INFO - Started process (PID=35878) to work on /Users/nestoralfaro/Desktop/pbi-scenario-two/py_env/lib/python3.9/site-packages/airflow/example_dags/example_trigger_controller_dag.py
[2024-05-01T23:57:55.227-0500] {processor.py:830} INFO - Processing file /Users/nestoralfaro/Desktop/pbi-scenario-two/py_env/lib/python3.9/site-packages/airflow/example_dags/example_trigger_controller_dag.py for tasks to queue
[2024-05-01T23:57:55.227-0500] {logging_mixin.py:188} INFO - [2024-05-01T23:57:55.227-0500] {dagbag.py:540} INFO - Filling up the DagBag from /Users/nestoralfaro/Desktop/pbi-scenario-two/py_env/lib/python3.9/site-packages/airflow/example_dags/example_trigger_controller_dag.py
[2024-05-01T23:57:55.232-0500] {processor.py:840} INFO - DAG(s) 'example_trigger_controller_dag' retrieved from /Users/nestoralfaro/Desktop/pbi-scenario-two/py_env/lib/python3.9/site-packages/airflow/example_dags/example_trigger_controller_dag.py
[2024-05-01T23:57:55.270-0500] {logging_mixin.py:188} INFO - [2024-05-01T23:57:55.270-0500] {dag.py:3096} INFO - Sync 1 DAGs
[2024-05-01T23:57:55.276-0500] {logging_mixin.py:188} INFO - [2024-05-01T23:57:55.276-0500] {dag.py:3954} INFO - Setting next_dagrun for example_trigger_controller_dag to 2021-01-01 00:00:00+00:00, run_after=2021-01-01 00:00:00+00:00
[2024-05-01T23:57:55.283-0500] {processor.py:183} INFO - Processing /Users/nestoralfaro/Desktop/pbi-scenario-two/py_env/lib/python3.9/site-packages/airflow/example_dags/example_trigger_controller_dag.py took 0.059 seconds
[2024-05-01T23:58:53.242-0500] {processor.py:161} INFO - Started process (PID=35913) to work on /Users/nestoralfaro/Desktop/pbi-scenario-two/py_env/lib/python3.9/site-packages/airflow/example_dags/example_trigger_controller_dag.py
[2024-05-01T23:58:53.243-0500] {processor.py:830} INFO - Processing file /Users/nestoralfaro/Desktop/pbi-scenario-two/py_env/lib/python3.9/site-packages/airflow/example_dags/example_trigger_controller_dag.py for tasks to queue
[2024-05-01T23:58:53.243-0500] {logging_mixin.py:188} INFO - [2024-05-01T23:58:53.243-0500] {dagbag.py:540} INFO - Filling up the DagBag from /Users/nestoralfaro/Desktop/pbi-scenario-two/py_env/lib/python3.9/site-packages/airflow/example_dags/example_trigger_controller_dag.py
[2024-05-01T23:58:53.247-0500] {processor.py:840} INFO - DAG(s) 'example_trigger_controller_dag' retrieved from /Users/nestoralfaro/Desktop/pbi-scenario-two/py_env/lib/python3.9/site-packages/airflow/example_dags/example_trigger_controller_dag.py
[2024-05-01T23:58:53.286-0500] {logging_mixin.py:188} INFO - [2024-05-01T23:58:53.286-0500] {dag.py:3096} INFO - Sync 1 DAGs
[2024-05-01T23:58:53.292-0500] {logging_mixin.py:188} INFO - [2024-05-01T23:58:53.292-0500] {dag.py:3954} INFO - Setting next_dagrun for example_trigger_controller_dag to 2021-01-01 00:00:00+00:00, run_after=2021-01-01 00:00:00+00:00
[2024-05-01T23:58:53.299-0500] {processor.py:183} INFO - Processing /Users/nestoralfaro/Desktop/pbi-scenario-two/py_env/lib/python3.9/site-packages/airflow/example_dags/example_trigger_controller_dag.py took 0.059 seconds
[2024-05-01T23:59:48.077-0500] {processor.py:161} INFO - Started process (PID=35950) to work on /Users/nestoralfaro/Desktop/pbi-scenario-two/py_env/lib/python3.9/site-packages/airflow/example_dags/example_trigger_controller_dag.py
[2024-05-01T23:59:48.079-0500] {processor.py:830} INFO - Processing file /Users/nestoralfaro/Desktop/pbi-scenario-two/py_env/lib/python3.9/site-packages/airflow/example_dags/example_trigger_controller_dag.py for tasks to queue
[2024-05-01T23:59:48.079-0500] {logging_mixin.py:188} INFO - [2024-05-01T23:59:48.079-0500] {dagbag.py:540} INFO - Filling up the DagBag from /Users/nestoralfaro/Desktop/pbi-scenario-two/py_env/lib/python3.9/site-packages/airflow/example_dags/example_trigger_controller_dag.py
[2024-05-01T23:59:48.083-0500] {processor.py:840} INFO - DAG(s) 'example_trigger_controller_dag' retrieved from /Users/nestoralfaro/Desktop/pbi-scenario-two/py_env/lib/python3.9/site-packages/airflow/example_dags/example_trigger_controller_dag.py
[2024-05-01T23:59:48.122-0500] {logging_mixin.py:188} INFO - [2024-05-01T23:59:48.122-0500] {dag.py:3096} INFO - Sync 1 DAGs
[2024-05-01T23:59:48.128-0500] {logging_mixin.py:188} INFO - [2024-05-01T23:59:48.128-0500] {dag.py:3954} INFO - Setting next_dagrun for example_trigger_controller_dag to 2021-01-01 00:00:00+00:00, run_after=2021-01-01 00:00:00+00:00
[2024-05-01T23:59:48.135-0500] {processor.py:183} INFO - Processing /Users/nestoralfaro/Desktop/pbi-scenario-two/py_env/lib/python3.9/site-packages/airflow/example_dags/example_trigger_controller_dag.py took 0.059 seconds
[2024-05-02T00:00:41.702-0500] {processor.py:161} INFO - Started process (PID=36008) to work on /Users/nestoralfaro/Desktop/pbi-scenario-two/py_env/lib/python3.9/site-packages/airflow/example_dags/example_trigger_controller_dag.py
[2024-05-02T00:00:41.704-0500] {processor.py:830} INFO - Processing file /Users/nestoralfaro/Desktop/pbi-scenario-two/py_env/lib/python3.9/site-packages/airflow/example_dags/example_trigger_controller_dag.py for tasks to queue
[2024-05-02T00:00:41.705-0500] {logging_mixin.py:188} INFO - [2024-05-02T00:00:41.705-0500] {dagbag.py:540} INFO - Filling up the DagBag from /Users/nestoralfaro/Desktop/pbi-scenario-two/py_env/lib/python3.9/site-packages/airflow/example_dags/example_trigger_controller_dag.py
[2024-05-02T00:00:41.710-0500] {processor.py:840} INFO - DAG(s) 'example_trigger_controller_dag' retrieved from /Users/nestoralfaro/Desktop/pbi-scenario-two/py_env/lib/python3.9/site-packages/airflow/example_dags/example_trigger_controller_dag.py
[2024-05-02T00:00:41.753-0500] {logging_mixin.py:188} INFO - [2024-05-02T00:00:41.752-0500] {dag.py:3096} INFO - Sync 1 DAGs
[2024-05-02T00:00:41.759-0500] {logging_mixin.py:188} INFO - [2024-05-02T00:00:41.759-0500] {dag.py:3954} INFO - Setting next_dagrun for example_trigger_controller_dag to 2021-01-01 00:00:00+00:00, run_after=2021-01-01 00:00:00+00:00
[2024-05-02T00:00:41.767-0500] {processor.py:183} INFO - Processing /Users/nestoralfaro/Desktop/pbi-scenario-two/py_env/lib/python3.9/site-packages/airflow/example_dags/example_trigger_controller_dag.py took 0.067 seconds
[2024-05-02T00:01:38.899-0500] {processor.py:161} INFO - Started process (PID=36048) to work on /Users/nestoralfaro/Desktop/pbi-scenario-two/py_env/lib/python3.9/site-packages/airflow/example_dags/example_trigger_controller_dag.py
[2024-05-02T00:01:38.901-0500] {processor.py:830} INFO - Processing file /Users/nestoralfaro/Desktop/pbi-scenario-two/py_env/lib/python3.9/site-packages/airflow/example_dags/example_trigger_controller_dag.py for tasks to queue
[2024-05-02T00:01:38.901-0500] {logging_mixin.py:188} INFO - [2024-05-02T00:01:38.901-0500] {dagbag.py:540} INFO - Filling up the DagBag from /Users/nestoralfaro/Desktop/pbi-scenario-two/py_env/lib/python3.9/site-packages/airflow/example_dags/example_trigger_controller_dag.py
[2024-05-02T00:01:38.905-0500] {processor.py:840} INFO - DAG(s) 'example_trigger_controller_dag' retrieved from /Users/nestoralfaro/Desktop/pbi-scenario-two/py_env/lib/python3.9/site-packages/airflow/example_dags/example_trigger_controller_dag.py
[2024-05-02T00:01:38.943-0500] {logging_mixin.py:188} INFO - [2024-05-02T00:01:38.943-0500] {dag.py:3096} INFO - Sync 1 DAGs
[2024-05-02T00:01:38.949-0500] {logging_mixin.py:188} INFO - [2024-05-02T00:01:38.949-0500] {dag.py:3954} INFO - Setting next_dagrun for example_trigger_controller_dag to 2021-01-01 00:00:00+00:00, run_after=2021-01-01 00:00:00+00:00
[2024-05-02T00:01:38.956-0500] {processor.py:183} INFO - Processing /Users/nestoralfaro/Desktop/pbi-scenario-two/py_env/lib/python3.9/site-packages/airflow/example_dags/example_trigger_controller_dag.py took 0.058 seconds
[2024-05-02T00:02:39.224-0500] {processor.py:161} INFO - Started process (PID=36089) to work on /Users/nestoralfaro/Desktop/pbi-scenario-two/py_env/lib/python3.9/site-packages/airflow/example_dags/example_trigger_controller_dag.py
[2024-05-02T00:02:39.226-0500] {processor.py:830} INFO - Processing file /Users/nestoralfaro/Desktop/pbi-scenario-two/py_env/lib/python3.9/site-packages/airflow/example_dags/example_trigger_controller_dag.py for tasks to queue
[2024-05-02T00:02:39.226-0500] {logging_mixin.py:188} INFO - [2024-05-02T00:02:39.226-0500] {dagbag.py:540} INFO - Filling up the DagBag from /Users/nestoralfaro/Desktop/pbi-scenario-two/py_env/lib/python3.9/site-packages/airflow/example_dags/example_trigger_controller_dag.py
[2024-05-02T00:02:39.231-0500] {processor.py:840} INFO - DAG(s) 'example_trigger_controller_dag' retrieved from /Users/nestoralfaro/Desktop/pbi-scenario-two/py_env/lib/python3.9/site-packages/airflow/example_dags/example_trigger_controller_dag.py
[2024-05-02T00:02:39.270-0500] {logging_mixin.py:188} INFO - [2024-05-02T00:02:39.269-0500] {dag.py:3096} INFO - Sync 1 DAGs
[2024-05-02T00:02:39.276-0500] {logging_mixin.py:188} INFO - [2024-05-02T00:02:39.276-0500] {dag.py:3954} INFO - Setting next_dagrun for example_trigger_controller_dag to 2021-01-01 00:00:00+00:00, run_after=2021-01-01 00:00:00+00:00
[2024-05-02T00:02:39.283-0500] {processor.py:183} INFO - Processing /Users/nestoralfaro/Desktop/pbi-scenario-two/py_env/lib/python3.9/site-packages/airflow/example_dags/example_trigger_controller_dag.py took 0.060 seconds
[2024-05-02T00:03:38.531-0500] {processor.py:161} INFO - Started process (PID=36128) to work on /Users/nestoralfaro/Desktop/pbi-scenario-two/py_env/lib/python3.9/site-packages/airflow/example_dags/example_trigger_controller_dag.py
[2024-05-02T00:03:38.533-0500] {processor.py:830} INFO - Processing file /Users/nestoralfaro/Desktop/pbi-scenario-two/py_env/lib/python3.9/site-packages/airflow/example_dags/example_trigger_controller_dag.py for tasks to queue
[2024-05-02T00:03:38.533-0500] {logging_mixin.py:188} INFO - [2024-05-02T00:03:38.533-0500] {dagbag.py:540} INFO - Filling up the DagBag from /Users/nestoralfaro/Desktop/pbi-scenario-two/py_env/lib/python3.9/site-packages/airflow/example_dags/example_trigger_controller_dag.py
[2024-05-02T00:03:38.539-0500] {processor.py:840} INFO - DAG(s) 'example_trigger_controller_dag' retrieved from /Users/nestoralfaro/Desktop/pbi-scenario-two/py_env/lib/python3.9/site-packages/airflow/example_dags/example_trigger_controller_dag.py
[2024-05-02T00:03:38.577-0500] {logging_mixin.py:188} INFO - [2024-05-02T00:03:38.577-0500] {dag.py:3096} INFO - Sync 1 DAGs
[2024-05-02T00:03:38.583-0500] {logging_mixin.py:188} INFO - [2024-05-02T00:03:38.583-0500] {dag.py:3954} INFO - Setting next_dagrun for example_trigger_controller_dag to 2021-01-01 00:00:00+00:00, run_after=2021-01-01 00:00:00+00:00
[2024-05-02T00:03:38.589-0500] {processor.py:183} INFO - Processing /Users/nestoralfaro/Desktop/pbi-scenario-two/py_env/lib/python3.9/site-packages/airflow/example_dags/example_trigger_controller_dag.py took 0.060 seconds
[2024-05-02T00:04:35.955-0500] {processor.py:161} INFO - Started process (PID=36167) to work on /Users/nestoralfaro/Desktop/pbi-scenario-two/py_env/lib/python3.9/site-packages/airflow/example_dags/example_trigger_controller_dag.py
[2024-05-02T00:04:35.957-0500] {processor.py:830} INFO - Processing file /Users/nestoralfaro/Desktop/pbi-scenario-two/py_env/lib/python3.9/site-packages/airflow/example_dags/example_trigger_controller_dag.py for tasks to queue
[2024-05-02T00:04:35.957-0500] {logging_mixin.py:188} INFO - [2024-05-02T00:04:35.957-0500] {dagbag.py:540} INFO - Filling up the DagBag from /Users/nestoralfaro/Desktop/pbi-scenario-two/py_env/lib/python3.9/site-packages/airflow/example_dags/example_trigger_controller_dag.py
[2024-05-02T00:04:35.962-0500] {processor.py:840} INFO - DAG(s) 'example_trigger_controller_dag' retrieved from /Users/nestoralfaro/Desktop/pbi-scenario-two/py_env/lib/python3.9/site-packages/airflow/example_dags/example_trigger_controller_dag.py
[2024-05-02T00:04:36.003-0500] {logging_mixin.py:188} INFO - [2024-05-02T00:04:36.002-0500] {dag.py:3096} INFO - Sync 1 DAGs
[2024-05-02T00:04:36.009-0500] {logging_mixin.py:188} INFO - [2024-05-02T00:04:36.009-0500] {dag.py:3954} INFO - Setting next_dagrun for example_trigger_controller_dag to 2021-01-01 00:00:00+00:00, run_after=2021-01-01 00:00:00+00:00
[2024-05-02T00:04:36.016-0500] {processor.py:183} INFO - Processing /Users/nestoralfaro/Desktop/pbi-scenario-two/py_env/lib/python3.9/site-packages/airflow/example_dags/example_trigger_controller_dag.py took 0.063 seconds
[2024-05-02T00:05:30.334-0500] {processor.py:161} INFO - Started process (PID=36203) to work on /Users/nestoralfaro/Desktop/pbi-scenario-two/py_env/lib/python3.9/site-packages/airflow/example_dags/example_trigger_controller_dag.py
[2024-05-02T00:05:30.336-0500] {processor.py:830} INFO - Processing file /Users/nestoralfaro/Desktop/pbi-scenario-two/py_env/lib/python3.9/site-packages/airflow/example_dags/example_trigger_controller_dag.py for tasks to queue
[2024-05-02T00:05:30.336-0500] {logging_mixin.py:188} INFO - [2024-05-02T00:05:30.336-0500] {dagbag.py:540} INFO - Filling up the DagBag from /Users/nestoralfaro/Desktop/pbi-scenario-two/py_env/lib/python3.9/site-packages/airflow/example_dags/example_trigger_controller_dag.py
[2024-05-02T00:05:30.342-0500] {processor.py:840} INFO - DAG(s) 'example_trigger_controller_dag' retrieved from /Users/nestoralfaro/Desktop/pbi-scenario-two/py_env/lib/python3.9/site-packages/airflow/example_dags/example_trigger_controller_dag.py
[2024-05-02T00:05:30.382-0500] {logging_mixin.py:188} INFO - [2024-05-02T00:05:30.382-0500] {dag.py:3096} INFO - Sync 1 DAGs
[2024-05-02T00:05:30.389-0500] {logging_mixin.py:188} INFO - [2024-05-02T00:05:30.389-0500] {dag.py:3954} INFO - Setting next_dagrun for example_trigger_controller_dag to 2021-01-01 00:00:00+00:00, run_after=2021-01-01 00:00:00+00:00
[2024-05-02T00:05:30.397-0500] {processor.py:183} INFO - Processing /Users/nestoralfaro/Desktop/pbi-scenario-two/py_env/lib/python3.9/site-packages/airflow/example_dags/example_trigger_controller_dag.py took 0.064 seconds
[2024-05-02T00:06:28.060-0500] {processor.py:161} INFO - Started process (PID=36248) to work on /Users/nestoralfaro/Desktop/pbi-scenario-two/py_env/lib/python3.9/site-packages/airflow/example_dags/example_trigger_controller_dag.py
[2024-05-02T00:06:28.062-0500] {processor.py:830} INFO - Processing file /Users/nestoralfaro/Desktop/pbi-scenario-two/py_env/lib/python3.9/site-packages/airflow/example_dags/example_trigger_controller_dag.py for tasks to queue
[2024-05-02T00:06:28.062-0500] {logging_mixin.py:188} INFO - [2024-05-02T00:06:28.062-0500] {dagbag.py:540} INFO - Filling up the DagBag from /Users/nestoralfaro/Desktop/pbi-scenario-two/py_env/lib/python3.9/site-packages/airflow/example_dags/example_trigger_controller_dag.py
[2024-05-02T00:06:28.068-0500] {processor.py:840} INFO - DAG(s) 'example_trigger_controller_dag' retrieved from /Users/nestoralfaro/Desktop/pbi-scenario-two/py_env/lib/python3.9/site-packages/airflow/example_dags/example_trigger_controller_dag.py
[2024-05-02T00:06:28.106-0500] {logging_mixin.py:188} INFO - [2024-05-02T00:06:28.105-0500] {dag.py:3096} INFO - Sync 1 DAGs
[2024-05-02T00:06:28.112-0500] {logging_mixin.py:188} INFO - [2024-05-02T00:06:28.112-0500] {dag.py:3954} INFO - Setting next_dagrun for example_trigger_controller_dag to 2021-01-01 00:00:00+00:00, run_after=2021-01-01 00:00:00+00:00
[2024-05-02T00:06:28.118-0500] {processor.py:183} INFO - Processing /Users/nestoralfaro/Desktop/pbi-scenario-two/py_env/lib/python3.9/site-packages/airflow/example_dags/example_trigger_controller_dag.py took 0.060 seconds
[2024-05-02T00:07:23.115-0500] {processor.py:161} INFO - Started process (PID=36290) to work on /Users/nestoralfaro/Desktop/pbi-scenario-two/py_env/lib/python3.9/site-packages/airflow/example_dags/example_trigger_controller_dag.py
[2024-05-02T00:07:23.117-0500] {processor.py:830} INFO - Processing file /Users/nestoralfaro/Desktop/pbi-scenario-two/py_env/lib/python3.9/site-packages/airflow/example_dags/example_trigger_controller_dag.py for tasks to queue
[2024-05-02T00:07:23.117-0500] {logging_mixin.py:188} INFO - [2024-05-02T00:07:23.117-0500] {dagbag.py:540} INFO - Filling up the DagBag from /Users/nestoralfaro/Desktop/pbi-scenario-two/py_env/lib/python3.9/site-packages/airflow/example_dags/example_trigger_controller_dag.py
[2024-05-02T00:07:23.121-0500] {processor.py:840} INFO - DAG(s) 'example_trigger_controller_dag' retrieved from /Users/nestoralfaro/Desktop/pbi-scenario-two/py_env/lib/python3.9/site-packages/airflow/example_dags/example_trigger_controller_dag.py
[2024-05-02T00:07:23.159-0500] {logging_mixin.py:188} INFO - [2024-05-02T00:07:23.159-0500] {dag.py:3096} INFO - Sync 1 DAGs
[2024-05-02T00:07:23.165-0500] {logging_mixin.py:188} INFO - [2024-05-02T00:07:23.165-0500] {dag.py:3954} INFO - Setting next_dagrun for example_trigger_controller_dag to 2021-01-01 00:00:00+00:00, run_after=2021-01-01 00:00:00+00:00
[2024-05-02T00:07:23.173-0500] {processor.py:183} INFO - Processing /Users/nestoralfaro/Desktop/pbi-scenario-two/py_env/lib/python3.9/site-packages/airflow/example_dags/example_trigger_controller_dag.py took 0.059 seconds
[2024-05-02T00:08:15.222-0500] {processor.py:161} INFO - Started process (PID=36324) to work on /Users/nestoralfaro/Desktop/pbi-scenario-two/py_env/lib/python3.9/site-packages/airflow/example_dags/example_trigger_controller_dag.py
[2024-05-02T00:08:15.224-0500] {processor.py:830} INFO - Processing file /Users/nestoralfaro/Desktop/pbi-scenario-two/py_env/lib/python3.9/site-packages/airflow/example_dags/example_trigger_controller_dag.py for tasks to queue
[2024-05-02T00:08:15.224-0500] {logging_mixin.py:188} INFO - [2024-05-02T00:08:15.224-0500] {dagbag.py:540} INFO - Filling up the DagBag from /Users/nestoralfaro/Desktop/pbi-scenario-two/py_env/lib/python3.9/site-packages/airflow/example_dags/example_trigger_controller_dag.py
[2024-05-02T00:08:15.228-0500] {processor.py:840} INFO - DAG(s) 'example_trigger_controller_dag' retrieved from /Users/nestoralfaro/Desktop/pbi-scenario-two/py_env/lib/python3.9/site-packages/airflow/example_dags/example_trigger_controller_dag.py
[2024-05-02T00:08:15.266-0500] {logging_mixin.py:188} INFO - [2024-05-02T00:08:15.266-0500] {dag.py:3096} INFO - Sync 1 DAGs
[2024-05-02T00:08:15.272-0500] {logging_mixin.py:188} INFO - [2024-05-02T00:08:15.272-0500] {dag.py:3954} INFO - Setting next_dagrun for example_trigger_controller_dag to 2021-01-01 00:00:00+00:00, run_after=2021-01-01 00:00:00+00:00
[2024-05-02T00:08:15.279-0500] {processor.py:183} INFO - Processing /Users/nestoralfaro/Desktop/pbi-scenario-two/py_env/lib/python3.9/site-packages/airflow/example_dags/example_trigger_controller_dag.py took 0.058 seconds
[2024-05-02T00:09:13.517-0500] {processor.py:161} INFO - Started process (PID=36357) to work on /Users/nestoralfaro/Desktop/pbi-scenario-two/py_env/lib/python3.9/site-packages/airflow/example_dags/example_trigger_controller_dag.py
[2024-05-02T00:09:13.519-0500] {processor.py:830} INFO - Processing file /Users/nestoralfaro/Desktop/pbi-scenario-two/py_env/lib/python3.9/site-packages/airflow/example_dags/example_trigger_controller_dag.py for tasks to queue
[2024-05-02T00:09:13.520-0500] {logging_mixin.py:188} INFO - [2024-05-02T00:09:13.519-0500] {dagbag.py:540} INFO - Filling up the DagBag from /Users/nestoralfaro/Desktop/pbi-scenario-two/py_env/lib/python3.9/site-packages/airflow/example_dags/example_trigger_controller_dag.py
[2024-05-02T00:09:13.525-0500] {processor.py:840} INFO - DAG(s) 'example_trigger_controller_dag' retrieved from /Users/nestoralfaro/Desktop/pbi-scenario-two/py_env/lib/python3.9/site-packages/airflow/example_dags/example_trigger_controller_dag.py
[2024-05-02T00:09:13.563-0500] {logging_mixin.py:188} INFO - [2024-05-02T00:09:13.562-0500] {dag.py:3096} INFO - Sync 1 DAGs
[2024-05-02T00:09:13.569-0500] {logging_mixin.py:188} INFO - [2024-05-02T00:09:13.569-0500] {dag.py:3954} INFO - Setting next_dagrun for example_trigger_controller_dag to 2021-01-01 00:00:00+00:00, run_after=2021-01-01 00:00:00+00:00
[2024-05-02T00:09:13.576-0500] {processor.py:183} INFO - Processing /Users/nestoralfaro/Desktop/pbi-scenario-two/py_env/lib/python3.9/site-packages/airflow/example_dags/example_trigger_controller_dag.py took 0.060 seconds
[2024-05-02T00:11:19.869-0500] {processor.py:161} INFO - Started process (PID=36414) to work on /Users/nestoralfaro/Desktop/pbi-scenario-two/py_env/lib/python3.9/site-packages/airflow/example_dags/example_trigger_controller_dag.py
[2024-05-02T00:11:19.870-0500] {processor.py:830} INFO - Processing file /Users/nestoralfaro/Desktop/pbi-scenario-two/py_env/lib/python3.9/site-packages/airflow/example_dags/example_trigger_controller_dag.py for tasks to queue
[2024-05-02T00:11:19.870-0500] {logging_mixin.py:188} INFO - [2024-05-02T00:11:19.870-0500] {dagbag.py:540} INFO - Filling up the DagBag from /Users/nestoralfaro/Desktop/pbi-scenario-two/py_env/lib/python3.9/site-packages/airflow/example_dags/example_trigger_controller_dag.py
[2024-05-02T00:11:19.876-0500] {processor.py:840} INFO - DAG(s) 'example_trigger_controller_dag' retrieved from /Users/nestoralfaro/Desktop/pbi-scenario-two/py_env/lib/python3.9/site-packages/airflow/example_dags/example_trigger_controller_dag.py
[2024-05-02T00:11:19.915-0500] {logging_mixin.py:188} INFO - [2024-05-02T00:11:19.915-0500] {dag.py:3096} INFO - Sync 1 DAGs
[2024-05-02T00:11:19.921-0500] {logging_mixin.py:188} INFO - [2024-05-02T00:11:19.921-0500] {dag.py:3954} INFO - Setting next_dagrun for example_trigger_controller_dag to 2021-01-01 00:00:00+00:00, run_after=2021-01-01 00:00:00+00:00
[2024-05-02T00:11:19.927-0500] {processor.py:183} INFO - Processing /Users/nestoralfaro/Desktop/pbi-scenario-two/py_env/lib/python3.9/site-packages/airflow/example_dags/example_trigger_controller_dag.py took 0.060 seconds
[2024-05-02T00:12:44.956-0500] {processor.py:161} INFO - Started process (PID=36515) to work on /Users/nestoralfaro/Desktop/pbi-scenario-two/py_env/lib/python3.9/site-packages/airflow/example_dags/example_trigger_controller_dag.py
[2024-05-02T00:12:44.957-0500] {processor.py:830} INFO - Processing file /Users/nestoralfaro/Desktop/pbi-scenario-two/py_env/lib/python3.9/site-packages/airflow/example_dags/example_trigger_controller_dag.py for tasks to queue
[2024-05-02T00:12:44.957-0500] {logging_mixin.py:188} INFO - [2024-05-02T00:12:44.957-0500] {dagbag.py:540} INFO - Filling up the DagBag from /Users/nestoralfaro/Desktop/pbi-scenario-two/py_env/lib/python3.9/site-packages/airflow/example_dags/example_trigger_controller_dag.py
[2024-05-02T00:12:44.963-0500] {processor.py:840} INFO - DAG(s) 'example_trigger_controller_dag' retrieved from /Users/nestoralfaro/Desktop/pbi-scenario-two/py_env/lib/python3.9/site-packages/airflow/example_dags/example_trigger_controller_dag.py
[2024-05-02T00:12:45.002-0500] {logging_mixin.py:188} INFO - [2024-05-02T00:12:45.001-0500] {dag.py:3096} INFO - Sync 1 DAGs
[2024-05-02T00:12:45.007-0500] {logging_mixin.py:188} INFO - [2024-05-02T00:12:45.007-0500] {dag.py:3954} INFO - Setting next_dagrun for example_trigger_controller_dag to 2021-01-01 00:00:00+00:00, run_after=2021-01-01 00:00:00+00:00
[2024-05-02T00:12:45.014-0500] {processor.py:183} INFO - Processing /Users/nestoralfaro/Desktop/pbi-scenario-two/py_env/lib/python3.9/site-packages/airflow/example_dags/example_trigger_controller_dag.py took 0.060 seconds
[2024-05-02T00:13:42.911-0500] {processor.py:161} INFO - Started process (PID=36553) to work on /Users/nestoralfaro/Desktop/pbi-scenario-two/py_env/lib/python3.9/site-packages/airflow/example_dags/example_trigger_controller_dag.py
[2024-05-02T00:13:42.913-0500] {processor.py:830} INFO - Processing file /Users/nestoralfaro/Desktop/pbi-scenario-two/py_env/lib/python3.9/site-packages/airflow/example_dags/example_trigger_controller_dag.py for tasks to queue
[2024-05-02T00:13:42.913-0500] {logging_mixin.py:188} INFO - [2024-05-02T00:13:42.913-0500] {dagbag.py:540} INFO - Filling up the DagBag from /Users/nestoralfaro/Desktop/pbi-scenario-two/py_env/lib/python3.9/site-packages/airflow/example_dags/example_trigger_controller_dag.py
[2024-05-02T00:13:42.918-0500] {processor.py:840} INFO - DAG(s) 'example_trigger_controller_dag' retrieved from /Users/nestoralfaro/Desktop/pbi-scenario-two/py_env/lib/python3.9/site-packages/airflow/example_dags/example_trigger_controller_dag.py
[2024-05-02T00:13:42.955-0500] {logging_mixin.py:188} INFO - [2024-05-02T00:13:42.955-0500] {dag.py:3096} INFO - Sync 1 DAGs
[2024-05-02T00:13:42.961-0500] {logging_mixin.py:188} INFO - [2024-05-02T00:13:42.961-0500] {dag.py:3954} INFO - Setting next_dagrun for example_trigger_controller_dag to 2021-01-01 00:00:00+00:00, run_after=2021-01-01 00:00:00+00:00
[2024-05-02T00:13:42.968-0500] {processor.py:183} INFO - Processing /Users/nestoralfaro/Desktop/pbi-scenario-two/py_env/lib/python3.9/site-packages/airflow/example_dags/example_trigger_controller_dag.py took 0.058 seconds
[2024-05-02T00:15:11.334-0500] {processor.py:161} INFO - Started process (PID=36603) to work on /Users/nestoralfaro/Desktop/pbi-scenario-two/py_env/lib/python3.9/site-packages/airflow/example_dags/example_trigger_controller_dag.py
[2024-05-02T00:15:11.335-0500] {processor.py:830} INFO - Processing file /Users/nestoralfaro/Desktop/pbi-scenario-two/py_env/lib/python3.9/site-packages/airflow/example_dags/example_trigger_controller_dag.py for tasks to queue
[2024-05-02T00:15:11.336-0500] {logging_mixin.py:188} INFO - [2024-05-02T00:15:11.336-0500] {dagbag.py:540} INFO - Filling up the DagBag from /Users/nestoralfaro/Desktop/pbi-scenario-two/py_env/lib/python3.9/site-packages/airflow/example_dags/example_trigger_controller_dag.py
[2024-05-02T00:15:11.341-0500] {processor.py:840} INFO - DAG(s) 'example_trigger_controller_dag' retrieved from /Users/nestoralfaro/Desktop/pbi-scenario-two/py_env/lib/python3.9/site-packages/airflow/example_dags/example_trigger_controller_dag.py
[2024-05-02T00:15:11.384-0500] {logging_mixin.py:188} INFO - [2024-05-02T00:15:11.384-0500] {dag.py:3096} INFO - Sync 1 DAGs
[2024-05-02T00:15:11.390-0500] {logging_mixin.py:188} INFO - [2024-05-02T00:15:11.390-0500] {dag.py:3954} INFO - Setting next_dagrun for example_trigger_controller_dag to 2021-01-01 00:00:00+00:00, run_after=2021-01-01 00:00:00+00:00
[2024-05-02T00:15:11.398-0500] {processor.py:183} INFO - Processing /Users/nestoralfaro/Desktop/pbi-scenario-two/py_env/lib/python3.9/site-packages/airflow/example_dags/example_trigger_controller_dag.py took 0.066 seconds
[2024-05-02T00:16:39.880-0500] {processor.py:161} INFO - Started process (PID=36670) to work on /Users/nestoralfaro/Desktop/pbi-scenario-two/py_env/lib/python3.9/site-packages/airflow/example_dags/example_trigger_controller_dag.py
[2024-05-02T00:16:39.881-0500] {processor.py:830} INFO - Processing file /Users/nestoralfaro/Desktop/pbi-scenario-two/py_env/lib/python3.9/site-packages/airflow/example_dags/example_trigger_controller_dag.py for tasks to queue
[2024-05-02T00:16:39.881-0500] {logging_mixin.py:188} INFO - [2024-05-02T00:16:39.881-0500] {dagbag.py:540} INFO - Filling up the DagBag from /Users/nestoralfaro/Desktop/pbi-scenario-two/py_env/lib/python3.9/site-packages/airflow/example_dags/example_trigger_controller_dag.py
[2024-05-02T00:16:39.886-0500] {processor.py:840} INFO - DAG(s) 'example_trigger_controller_dag' retrieved from /Users/nestoralfaro/Desktop/pbi-scenario-two/py_env/lib/python3.9/site-packages/airflow/example_dags/example_trigger_controller_dag.py
[2024-05-02T00:16:39.924-0500] {logging_mixin.py:188} INFO - [2024-05-02T00:16:39.924-0500] {dag.py:3096} INFO - Sync 1 DAGs
[2024-05-02T00:16:39.930-0500] {logging_mixin.py:188} INFO - [2024-05-02T00:16:39.930-0500] {dag.py:3954} INFO - Setting next_dagrun for example_trigger_controller_dag to 2021-01-01 00:00:00+00:00, run_after=2021-01-01 00:00:00+00:00
[2024-05-02T00:16:39.936-0500] {processor.py:183} INFO - Processing /Users/nestoralfaro/Desktop/pbi-scenario-two/py_env/lib/python3.9/site-packages/airflow/example_dags/example_trigger_controller_dag.py took 0.058 seconds
[2024-05-02T00:17:37.226-0500] {processor.py:161} INFO - Started process (PID=36708) to work on /Users/nestoralfaro/Desktop/pbi-scenario-two/py_env/lib/python3.9/site-packages/airflow/example_dags/example_trigger_controller_dag.py
[2024-05-02T00:17:37.228-0500] {processor.py:830} INFO - Processing file /Users/nestoralfaro/Desktop/pbi-scenario-two/py_env/lib/python3.9/site-packages/airflow/example_dags/example_trigger_controller_dag.py for tasks to queue
[2024-05-02T00:17:37.228-0500] {logging_mixin.py:188} INFO - [2024-05-02T00:17:37.228-0500] {dagbag.py:540} INFO - Filling up the DagBag from /Users/nestoralfaro/Desktop/pbi-scenario-two/py_env/lib/python3.9/site-packages/airflow/example_dags/example_trigger_controller_dag.py
[2024-05-02T00:17:37.232-0500] {processor.py:840} INFO - DAG(s) 'example_trigger_controller_dag' retrieved from /Users/nestoralfaro/Desktop/pbi-scenario-two/py_env/lib/python3.9/site-packages/airflow/example_dags/example_trigger_controller_dag.py
[2024-05-02T00:17:37.274-0500] {logging_mixin.py:188} INFO - [2024-05-02T00:17:37.273-0500] {dag.py:3096} INFO - Sync 1 DAGs
[2024-05-02T00:17:37.281-0500] {logging_mixin.py:188} INFO - [2024-05-02T00:17:37.280-0500] {dag.py:3954} INFO - Setting next_dagrun for example_trigger_controller_dag to 2021-01-01 00:00:00+00:00, run_after=2021-01-01 00:00:00+00:00
[2024-05-02T00:17:37.288-0500] {processor.py:183} INFO - Processing /Users/nestoralfaro/Desktop/pbi-scenario-two/py_env/lib/python3.9/site-packages/airflow/example_dags/example_trigger_controller_dag.py took 0.064 seconds
[2024-05-02T00:18:35.923-0500] {processor.py:161} INFO - Started process (PID=36744) to work on /Users/nestoralfaro/Desktop/pbi-scenario-two/py_env/lib/python3.9/site-packages/airflow/example_dags/example_trigger_controller_dag.py
[2024-05-02T00:18:35.925-0500] {processor.py:830} INFO - Processing file /Users/nestoralfaro/Desktop/pbi-scenario-two/py_env/lib/python3.9/site-packages/airflow/example_dags/example_trigger_controller_dag.py for tasks to queue
[2024-05-02T00:18:35.926-0500] {logging_mixin.py:188} INFO - [2024-05-02T00:18:35.926-0500] {dagbag.py:540} INFO - Filling up the DagBag from /Users/nestoralfaro/Desktop/pbi-scenario-two/py_env/lib/python3.9/site-packages/airflow/example_dags/example_trigger_controller_dag.py
[2024-05-02T00:18:35.931-0500] {processor.py:840} INFO - DAG(s) 'example_trigger_controller_dag' retrieved from /Users/nestoralfaro/Desktop/pbi-scenario-two/py_env/lib/python3.9/site-packages/airflow/example_dags/example_trigger_controller_dag.py
[2024-05-02T00:18:35.971-0500] {logging_mixin.py:188} INFO - [2024-05-02T00:18:35.971-0500] {dag.py:3096} INFO - Sync 1 DAGs
[2024-05-02T00:18:35.977-0500] {logging_mixin.py:188} INFO - [2024-05-02T00:18:35.977-0500] {dag.py:3954} INFO - Setting next_dagrun for example_trigger_controller_dag to 2021-01-01 00:00:00+00:00, run_after=2021-01-01 00:00:00+00:00
[2024-05-02T00:18:35.984-0500] {processor.py:183} INFO - Processing /Users/nestoralfaro/Desktop/pbi-scenario-two/py_env/lib/python3.9/site-packages/airflow/example_dags/example_trigger_controller_dag.py took 0.062 seconds
[2024-05-02T00:19:33.497-0500] {processor.py:161} INFO - Started process (PID=36817) to work on /Users/nestoralfaro/Desktop/pbi-scenario-two/py_env/lib/python3.9/site-packages/airflow/example_dags/example_trigger_controller_dag.py
[2024-05-02T00:19:33.499-0500] {processor.py:830} INFO - Processing file /Users/nestoralfaro/Desktop/pbi-scenario-two/py_env/lib/python3.9/site-packages/airflow/example_dags/example_trigger_controller_dag.py for tasks to queue
[2024-05-02T00:19:33.500-0500] {logging_mixin.py:188} INFO - [2024-05-02T00:19:33.499-0500] {dagbag.py:540} INFO - Filling up the DagBag from /Users/nestoralfaro/Desktop/pbi-scenario-two/py_env/lib/python3.9/site-packages/airflow/example_dags/example_trigger_controller_dag.py
[2024-05-02T00:19:33.504-0500] {processor.py:840} INFO - DAG(s) 'example_trigger_controller_dag' retrieved from /Users/nestoralfaro/Desktop/pbi-scenario-two/py_env/lib/python3.9/site-packages/airflow/example_dags/example_trigger_controller_dag.py
[2024-05-02T00:19:33.542-0500] {logging_mixin.py:188} INFO - [2024-05-02T00:19:33.542-0500] {dag.py:3096} INFO - Sync 1 DAGs
[2024-05-02T00:19:33.548-0500] {logging_mixin.py:188} INFO - [2024-05-02T00:19:33.548-0500] {dag.py:3954} INFO - Setting next_dagrun for example_trigger_controller_dag to 2021-01-01 00:00:00+00:00, run_after=2021-01-01 00:00:00+00:00
[2024-05-02T00:19:33.555-0500] {processor.py:183} INFO - Processing /Users/nestoralfaro/Desktop/pbi-scenario-two/py_env/lib/python3.9/site-packages/airflow/example_dags/example_trigger_controller_dag.py took 0.059 seconds
[2024-05-02T00:20:31.881-0500] {processor.py:161} INFO - Started process (PID=36854) to work on /Users/nestoralfaro/Desktop/pbi-scenario-two/py_env/lib/python3.9/site-packages/airflow/example_dags/example_trigger_controller_dag.py
[2024-05-02T00:20:31.882-0500] {processor.py:830} INFO - Processing file /Users/nestoralfaro/Desktop/pbi-scenario-two/py_env/lib/python3.9/site-packages/airflow/example_dags/example_trigger_controller_dag.py for tasks to queue
[2024-05-02T00:20:31.882-0500] {logging_mixin.py:188} INFO - [2024-05-02T00:20:31.882-0500] {dagbag.py:540} INFO - Filling up the DagBag from /Users/nestoralfaro/Desktop/pbi-scenario-two/py_env/lib/python3.9/site-packages/airflow/example_dags/example_trigger_controller_dag.py
[2024-05-02T00:20:31.886-0500] {processor.py:840} INFO - DAG(s) 'example_trigger_controller_dag' retrieved from /Users/nestoralfaro/Desktop/pbi-scenario-two/py_env/lib/python3.9/site-packages/airflow/example_dags/example_trigger_controller_dag.py
[2024-05-02T00:20:31.928-0500] {logging_mixin.py:188} INFO - [2024-05-02T00:20:31.928-0500] {dag.py:3096} INFO - Sync 1 DAGs
[2024-05-02T00:20:31.934-0500] {logging_mixin.py:188} INFO - [2024-05-02T00:20:31.934-0500] {dag.py:3954} INFO - Setting next_dagrun for example_trigger_controller_dag to 2021-01-01 00:00:00+00:00, run_after=2021-01-01 00:00:00+00:00
[2024-05-02T00:20:31.941-0500] {processor.py:183} INFO - Processing /Users/nestoralfaro/Desktop/pbi-scenario-two/py_env/lib/python3.9/site-packages/airflow/example_dags/example_trigger_controller_dag.py took 0.062 seconds
[2024-05-02T00:21:32.133-0500] {processor.py:161} INFO - Started process (PID=36890) to work on /Users/nestoralfaro/Desktop/pbi-scenario-two/py_env/lib/python3.9/site-packages/airflow/example_dags/example_trigger_controller_dag.py
[2024-05-02T00:21:32.135-0500] {processor.py:830} INFO - Processing file /Users/nestoralfaro/Desktop/pbi-scenario-two/py_env/lib/python3.9/site-packages/airflow/example_dags/example_trigger_controller_dag.py for tasks to queue
[2024-05-02T00:21:32.135-0500] {logging_mixin.py:188} INFO - [2024-05-02T00:21:32.135-0500] {dagbag.py:540} INFO - Filling up the DagBag from /Users/nestoralfaro/Desktop/pbi-scenario-two/py_env/lib/python3.9/site-packages/airflow/example_dags/example_trigger_controller_dag.py
[2024-05-02T00:21:32.139-0500] {processor.py:840} INFO - DAG(s) 'example_trigger_controller_dag' retrieved from /Users/nestoralfaro/Desktop/pbi-scenario-two/py_env/lib/python3.9/site-packages/airflow/example_dags/example_trigger_controller_dag.py
[2024-05-02T00:21:32.179-0500] {logging_mixin.py:188} INFO - [2024-05-02T00:21:32.179-0500] {dag.py:3096} INFO - Sync 1 DAGs
[2024-05-02T00:21:32.185-0500] {logging_mixin.py:188} INFO - [2024-05-02T00:21:32.185-0500] {dag.py:3954} INFO - Setting next_dagrun for example_trigger_controller_dag to 2021-01-01 00:00:00+00:00, run_after=2021-01-01 00:00:00+00:00
[2024-05-02T00:21:32.192-0500] {processor.py:183} INFO - Processing /Users/nestoralfaro/Desktop/pbi-scenario-two/py_env/lib/python3.9/site-packages/airflow/example_dags/example_trigger_controller_dag.py took 0.060 seconds
[2024-05-02T00:22:30.144-0500] {processor.py:161} INFO - Started process (PID=36958) to work on /Users/nestoralfaro/Desktop/pbi-scenario-two/py_env/lib/python3.9/site-packages/airflow/example_dags/example_trigger_controller_dag.py
[2024-05-02T00:22:30.145-0500] {processor.py:830} INFO - Processing file /Users/nestoralfaro/Desktop/pbi-scenario-two/py_env/lib/python3.9/site-packages/airflow/example_dags/example_trigger_controller_dag.py for tasks to queue
[2024-05-02T00:22:30.145-0500] {logging_mixin.py:188} INFO - [2024-05-02T00:22:30.145-0500] {dagbag.py:540} INFO - Filling up the DagBag from /Users/nestoralfaro/Desktop/pbi-scenario-two/py_env/lib/python3.9/site-packages/airflow/example_dags/example_trigger_controller_dag.py
[2024-05-02T00:22:30.149-0500] {processor.py:840} INFO - DAG(s) 'example_trigger_controller_dag' retrieved from /Users/nestoralfaro/Desktop/pbi-scenario-two/py_env/lib/python3.9/site-packages/airflow/example_dags/example_trigger_controller_dag.py
[2024-05-02T00:22:30.191-0500] {logging_mixin.py:188} INFO - [2024-05-02T00:22:30.190-0500] {dag.py:3096} INFO - Sync 1 DAGs
[2024-05-02T00:22:30.198-0500] {logging_mixin.py:188} INFO - [2024-05-02T00:22:30.198-0500] {dag.py:3954} INFO - Setting next_dagrun for example_trigger_controller_dag to 2021-01-01 00:00:00+00:00, run_after=2021-01-01 00:00:00+00:00
[2024-05-02T00:22:30.206-0500] {processor.py:183} INFO - Processing /Users/nestoralfaro/Desktop/pbi-scenario-two/py_env/lib/python3.9/site-packages/airflow/example_dags/example_trigger_controller_dag.py took 0.063 seconds
[2024-05-02T00:23:25.492-0500] {processor.py:161} INFO - Started process (PID=37003) to work on /Users/nestoralfaro/Desktop/pbi-scenario-two/py_env/lib/python3.9/site-packages/airflow/example_dags/example_trigger_controller_dag.py
[2024-05-02T00:23:25.494-0500] {processor.py:830} INFO - Processing file /Users/nestoralfaro/Desktop/pbi-scenario-two/py_env/lib/python3.9/site-packages/airflow/example_dags/example_trigger_controller_dag.py for tasks to queue
[2024-05-02T00:23:25.494-0500] {logging_mixin.py:188} INFO - [2024-05-02T00:23:25.494-0500] {dagbag.py:540} INFO - Filling up the DagBag from /Users/nestoralfaro/Desktop/pbi-scenario-two/py_env/lib/python3.9/site-packages/airflow/example_dags/example_trigger_controller_dag.py
[2024-05-02T00:23:25.499-0500] {processor.py:840} INFO - DAG(s) 'example_trigger_controller_dag' retrieved from /Users/nestoralfaro/Desktop/pbi-scenario-two/py_env/lib/python3.9/site-packages/airflow/example_dags/example_trigger_controller_dag.py
[2024-05-02T00:23:25.538-0500] {logging_mixin.py:188} INFO - [2024-05-02T00:23:25.537-0500] {dag.py:3096} INFO - Sync 1 DAGs
[2024-05-02T00:23:25.544-0500] {logging_mixin.py:188} INFO - [2024-05-02T00:23:25.543-0500] {dag.py:3954} INFO - Setting next_dagrun for example_trigger_controller_dag to 2021-01-01 00:00:00+00:00, run_after=2021-01-01 00:00:00+00:00
[2024-05-02T00:23:25.550-0500] {processor.py:183} INFO - Processing /Users/nestoralfaro/Desktop/pbi-scenario-two/py_env/lib/python3.9/site-packages/airflow/example_dags/example_trigger_controller_dag.py took 0.060 seconds
