[2024-05-01T23:30:14.543-0500] {processor.py:161} INFO - Started process (PID=34740) to work on /Users/nestoralfaro/Desktop/pbi-scenario-two/py_env/lib/python3.9/site-packages/airflow/example_dags/tutorial_dag.py
[2024-05-01T23:30:14.544-0500] {processor.py:830} INFO - Processing file /Users/nestoralfaro/Desktop/pbi-scenario-two/py_env/lib/python3.9/site-packages/airflow/example_dags/tutorial_dag.py for tasks to queue
[2024-05-01T23:30:14.545-0500] {logging_mixin.py:188} INFO - [2024-05-01T23:30:14.545-0500] {dagbag.py:540} INFO - Filling up the DagBag from /Users/nestoralfaro/Desktop/pbi-scenario-two/py_env/lib/python3.9/site-packages/airflow/example_dags/tutorial_dag.py
[2024-05-01T23:30:14.556-0500] {processor.py:840} INFO - DAG(s) 'tutorial_dag' retrieved from /Users/nestoralfaro/Desktop/pbi-scenario-two/py_env/lib/python3.9/site-packages/airflow/example_dags/tutorial_dag.py
[2024-05-01T23:30:14.658-0500] {logging_mixin.py:188} INFO - [2024-05-01T23:30:14.657-0500] {dag.py:3096} INFO - Sync 1 DAGs
[2024-05-01T23:30:14.661-0500] {logging_mixin.py:188} INFO - [2024-05-01T23:30:14.661-0500] {dag.py:3954} INFO - Setting next_dagrun for tutorial_dag to None, run_after=None
[2024-05-01T23:30:14.669-0500] {processor.py:183} INFO - Processing /Users/nestoralfaro/Desktop/pbi-scenario-two/py_env/lib/python3.9/site-packages/airflow/example_dags/tutorial_dag.py took 0.127 seconds
[2024-05-01T23:31:42.242-0500] {processor.py:161} INFO - Started process (PID=34796) to work on /Users/nestoralfaro/Desktop/pbi-scenario-two/py_env/lib/python3.9/site-packages/airflow/example_dags/tutorial_dag.py
[2024-05-01T23:31:42.245-0500] {processor.py:830} INFO - Processing file /Users/nestoralfaro/Desktop/pbi-scenario-two/py_env/lib/python3.9/site-packages/airflow/example_dags/tutorial_dag.py for tasks to queue
[2024-05-01T23:31:42.245-0500] {logging_mixin.py:188} INFO - [2024-05-01T23:31:42.245-0500] {dagbag.py:540} INFO - Filling up the DagBag from /Users/nestoralfaro/Desktop/pbi-scenario-two/py_env/lib/python3.9/site-packages/airflow/example_dags/tutorial_dag.py
[2024-05-01T23:31:42.256-0500] {processor.py:840} INFO - DAG(s) 'tutorial_dag' retrieved from /Users/nestoralfaro/Desktop/pbi-scenario-two/py_env/lib/python3.9/site-packages/airflow/example_dags/tutorial_dag.py
[2024-05-01T23:31:42.300-0500] {logging_mixin.py:188} INFO - [2024-05-01T23:31:42.300-0500] {dag.py:3096} INFO - Sync 1 DAGs
[2024-05-01T23:31:42.305-0500] {logging_mixin.py:188} INFO - [2024-05-01T23:31:42.305-0500] {dag.py:3954} INFO - Setting next_dagrun for tutorial_dag to None, run_after=None
[2024-05-01T23:31:42.337-0500] {processor.py:183} INFO - Processing /Users/nestoralfaro/Desktop/pbi-scenario-two/py_env/lib/python3.9/site-packages/airflow/example_dags/tutorial_dag.py took 0.096 seconds
[2024-05-01T23:32:47.576-0500] {processor.py:161} INFO - Started process (PID=34853) to work on /Users/nestoralfaro/Desktop/pbi-scenario-two/py_env/lib/python3.9/site-packages/airflow/example_dags/tutorial_dag.py
[2024-05-01T23:32:47.578-0500] {processor.py:830} INFO - Processing file /Users/nestoralfaro/Desktop/pbi-scenario-two/py_env/lib/python3.9/site-packages/airflow/example_dags/tutorial_dag.py for tasks to queue
[2024-05-01T23:32:47.579-0500] {logging_mixin.py:188} INFO - [2024-05-01T23:32:47.579-0500] {dagbag.py:540} INFO - Filling up the DagBag from /Users/nestoralfaro/Desktop/pbi-scenario-two/py_env/lib/python3.9/site-packages/airflow/example_dags/tutorial_dag.py
[2024-05-01T23:32:47.590-0500] {processor.py:840} INFO - DAG(s) 'tutorial_dag' retrieved from /Users/nestoralfaro/Desktop/pbi-scenario-two/py_env/lib/python3.9/site-packages/airflow/example_dags/tutorial_dag.py
[2024-05-01T23:32:47.632-0500] {logging_mixin.py:188} INFO - [2024-05-01T23:32:47.631-0500] {dag.py:3096} INFO - Sync 1 DAGs
[2024-05-01T23:32:47.636-0500] {logging_mixin.py:188} INFO - [2024-05-01T23:32:47.636-0500] {dag.py:3954} INFO - Setting next_dagrun for tutorial_dag to None, run_after=None
[2024-05-01T23:32:47.670-0500] {processor.py:183} INFO - Processing /Users/nestoralfaro/Desktop/pbi-scenario-two/py_env/lib/python3.9/site-packages/airflow/example_dags/tutorial_dag.py took 0.095 seconds
[2024-05-01T23:33:50.853-0500] {processor.py:161} INFO - Started process (PID=34903) to work on /Users/nestoralfaro/Desktop/pbi-scenario-two/py_env/lib/python3.9/site-packages/airflow/example_dags/tutorial_dag.py
[2024-05-01T23:33:50.855-0500] {processor.py:830} INFO - Processing file /Users/nestoralfaro/Desktop/pbi-scenario-two/py_env/lib/python3.9/site-packages/airflow/example_dags/tutorial_dag.py for tasks to queue
[2024-05-01T23:33:50.855-0500] {logging_mixin.py:188} INFO - [2024-05-01T23:33:50.855-0500] {dagbag.py:540} INFO - Filling up the DagBag from /Users/nestoralfaro/Desktop/pbi-scenario-two/py_env/lib/python3.9/site-packages/airflow/example_dags/tutorial_dag.py
[2024-05-01T23:33:50.867-0500] {processor.py:840} INFO - DAG(s) 'tutorial_dag' retrieved from /Users/nestoralfaro/Desktop/pbi-scenario-two/py_env/lib/python3.9/site-packages/airflow/example_dags/tutorial_dag.py
[2024-05-01T23:33:50.914-0500] {logging_mixin.py:188} INFO - [2024-05-01T23:33:50.913-0500] {dag.py:3096} INFO - Sync 1 DAGs
[2024-05-01T23:33:50.919-0500] {logging_mixin.py:188} INFO - [2024-05-01T23:33:50.919-0500] {dag.py:3954} INFO - Setting next_dagrun for tutorial_dag to None, run_after=None
[2024-05-01T23:33:50.956-0500] {processor.py:183} INFO - Processing /Users/nestoralfaro/Desktop/pbi-scenario-two/py_env/lib/python3.9/site-packages/airflow/example_dags/tutorial_dag.py took 0.106 seconds
[2024-05-01T23:34:50.654-0500] {processor.py:161} INFO - Started process (PID=34939) to work on /Users/nestoralfaro/Desktop/pbi-scenario-two/py_env/lib/python3.9/site-packages/airflow/example_dags/tutorial_dag.py
[2024-05-01T23:34:50.655-0500] {processor.py:830} INFO - Processing file /Users/nestoralfaro/Desktop/pbi-scenario-two/py_env/lib/python3.9/site-packages/airflow/example_dags/tutorial_dag.py for tasks to queue
[2024-05-01T23:34:50.656-0500] {logging_mixin.py:188} INFO - [2024-05-01T23:34:50.655-0500] {dagbag.py:540} INFO - Filling up the DagBag from /Users/nestoralfaro/Desktop/pbi-scenario-two/py_env/lib/python3.9/site-packages/airflow/example_dags/tutorial_dag.py
[2024-05-01T23:34:50.667-0500] {processor.py:840} INFO - DAG(s) 'tutorial_dag' retrieved from /Users/nestoralfaro/Desktop/pbi-scenario-two/py_env/lib/python3.9/site-packages/airflow/example_dags/tutorial_dag.py
[2024-05-01T23:34:50.711-0500] {logging_mixin.py:188} INFO - [2024-05-01T23:34:50.711-0500] {dag.py:3096} INFO - Sync 1 DAGs
[2024-05-01T23:34:50.715-0500] {logging_mixin.py:188} INFO - [2024-05-01T23:34:50.715-0500] {dag.py:3954} INFO - Setting next_dagrun for tutorial_dag to None, run_after=None
[2024-05-01T23:34:50.747-0500] {processor.py:183} INFO - Processing /Users/nestoralfaro/Desktop/pbi-scenario-two/py_env/lib/python3.9/site-packages/airflow/example_dags/tutorial_dag.py took 0.095 seconds
[2024-05-01T23:35:47.549-0500] {processor.py:161} INFO - Started process (PID=34973) to work on /Users/nestoralfaro/Desktop/pbi-scenario-two/py_env/lib/python3.9/site-packages/airflow/example_dags/tutorial_dag.py
[2024-05-01T23:35:47.550-0500] {processor.py:830} INFO - Processing file /Users/nestoralfaro/Desktop/pbi-scenario-two/py_env/lib/python3.9/site-packages/airflow/example_dags/tutorial_dag.py for tasks to queue
[2024-05-01T23:35:47.550-0500] {logging_mixin.py:188} INFO - [2024-05-01T23:35:47.550-0500] {dagbag.py:540} INFO - Filling up the DagBag from /Users/nestoralfaro/Desktop/pbi-scenario-two/py_env/lib/python3.9/site-packages/airflow/example_dags/tutorial_dag.py
[2024-05-01T23:35:47.561-0500] {processor.py:840} INFO - DAG(s) 'tutorial_dag' retrieved from /Users/nestoralfaro/Desktop/pbi-scenario-two/py_env/lib/python3.9/site-packages/airflow/example_dags/tutorial_dag.py
[2024-05-01T23:35:47.604-0500] {logging_mixin.py:188} INFO - [2024-05-01T23:35:47.604-0500] {dag.py:3096} INFO - Sync 1 DAGs
[2024-05-01T23:35:47.609-0500] {logging_mixin.py:188} INFO - [2024-05-01T23:35:47.609-0500] {dag.py:3954} INFO - Setting next_dagrun for tutorial_dag to None, run_after=None
[2024-05-01T23:35:47.645-0500] {processor.py:183} INFO - Processing /Users/nestoralfaro/Desktop/pbi-scenario-two/py_env/lib/python3.9/site-packages/airflow/example_dags/tutorial_dag.py took 0.098 seconds
[2024-05-01T23:36:43.885-0500] {processor.py:161} INFO - Started process (PID=35008) to work on /Users/nestoralfaro/Desktop/pbi-scenario-two/py_env/lib/python3.9/site-packages/airflow/example_dags/tutorial_dag.py
[2024-05-01T23:36:43.886-0500] {processor.py:830} INFO - Processing file /Users/nestoralfaro/Desktop/pbi-scenario-two/py_env/lib/python3.9/site-packages/airflow/example_dags/tutorial_dag.py for tasks to queue
[2024-05-01T23:36:43.887-0500] {logging_mixin.py:188} INFO - [2024-05-01T23:36:43.887-0500] {dagbag.py:540} INFO - Filling up the DagBag from /Users/nestoralfaro/Desktop/pbi-scenario-two/py_env/lib/python3.9/site-packages/airflow/example_dags/tutorial_dag.py
[2024-05-01T23:36:43.901-0500] {processor.py:840} INFO - DAG(s) 'tutorial_dag' retrieved from /Users/nestoralfaro/Desktop/pbi-scenario-two/py_env/lib/python3.9/site-packages/airflow/example_dags/tutorial_dag.py
[2024-05-01T23:36:43.947-0500] {logging_mixin.py:188} INFO - [2024-05-01T23:36:43.946-0500] {dag.py:3096} INFO - Sync 1 DAGs
[2024-05-01T23:36:43.951-0500] {logging_mixin.py:188} INFO - [2024-05-01T23:36:43.951-0500] {dag.py:3954} INFO - Setting next_dagrun for tutorial_dag to None, run_after=None
[2024-05-01T23:36:43.988-0500] {processor.py:183} INFO - Processing /Users/nestoralfaro/Desktop/pbi-scenario-two/py_env/lib/python3.9/site-packages/airflow/example_dags/tutorial_dag.py took 0.105 seconds
[2024-05-01T23:37:40.258-0500] {processor.py:161} INFO - Started process (PID=35043) to work on /Users/nestoralfaro/Desktop/pbi-scenario-two/py_env/lib/python3.9/site-packages/airflow/example_dags/tutorial_dag.py
[2024-05-01T23:37:40.260-0500] {processor.py:830} INFO - Processing file /Users/nestoralfaro/Desktop/pbi-scenario-two/py_env/lib/python3.9/site-packages/airflow/example_dags/tutorial_dag.py for tasks to queue
[2024-05-01T23:37:40.260-0500] {logging_mixin.py:188} INFO - [2024-05-01T23:37:40.260-0500] {dagbag.py:540} INFO - Filling up the DagBag from /Users/nestoralfaro/Desktop/pbi-scenario-two/py_env/lib/python3.9/site-packages/airflow/example_dags/tutorial_dag.py
[2024-05-01T23:37:40.272-0500] {processor.py:840} INFO - DAG(s) 'tutorial_dag' retrieved from /Users/nestoralfaro/Desktop/pbi-scenario-two/py_env/lib/python3.9/site-packages/airflow/example_dags/tutorial_dag.py
[2024-05-01T23:37:40.315-0500] {logging_mixin.py:188} INFO - [2024-05-01T23:37:40.315-0500] {dag.py:3096} INFO - Sync 1 DAGs
[2024-05-01T23:37:40.319-0500] {logging_mixin.py:188} INFO - [2024-05-01T23:37:40.319-0500] {dag.py:3954} INFO - Setting next_dagrun for tutorial_dag to None, run_after=None
[2024-05-01T23:37:40.351-0500] {processor.py:183} INFO - Processing /Users/nestoralfaro/Desktop/pbi-scenario-two/py_env/lib/python3.9/site-packages/airflow/example_dags/tutorial_dag.py took 0.095 seconds
[2024-05-01T23:38:38.046-0500] {processor.py:161} INFO - Started process (PID=35077) to work on /Users/nestoralfaro/Desktop/pbi-scenario-two/py_env/lib/python3.9/site-packages/airflow/example_dags/tutorial_dag.py
[2024-05-01T23:38:38.048-0500] {processor.py:830} INFO - Processing file /Users/nestoralfaro/Desktop/pbi-scenario-two/py_env/lib/python3.9/site-packages/airflow/example_dags/tutorial_dag.py for tasks to queue
[2024-05-01T23:38:38.048-0500] {logging_mixin.py:188} INFO - [2024-05-01T23:38:38.048-0500] {dagbag.py:540} INFO - Filling up the DagBag from /Users/nestoralfaro/Desktop/pbi-scenario-two/py_env/lib/python3.9/site-packages/airflow/example_dags/tutorial_dag.py
[2024-05-01T23:38:38.059-0500] {processor.py:840} INFO - DAG(s) 'tutorial_dag' retrieved from /Users/nestoralfaro/Desktop/pbi-scenario-two/py_env/lib/python3.9/site-packages/airflow/example_dags/tutorial_dag.py
[2024-05-01T23:38:38.098-0500] {logging_mixin.py:188} INFO - [2024-05-01T23:38:38.098-0500] {dag.py:3096} INFO - Sync 1 DAGs
[2024-05-01T23:38:38.102-0500] {logging_mixin.py:188} INFO - [2024-05-01T23:38:38.102-0500] {dag.py:3954} INFO - Setting next_dagrun for tutorial_dag to None, run_after=None
[2024-05-01T23:38:38.132-0500] {processor.py:183} INFO - Processing /Users/nestoralfaro/Desktop/pbi-scenario-two/py_env/lib/python3.9/site-packages/airflow/example_dags/tutorial_dag.py took 0.088 seconds
[2024-05-01T23:39:36.014-0500] {processor.py:161} INFO - Started process (PID=35114) to work on /Users/nestoralfaro/Desktop/pbi-scenario-two/py_env/lib/python3.9/site-packages/airflow/example_dags/tutorial_dag.py
[2024-05-01T23:39:36.015-0500] {processor.py:830} INFO - Processing file /Users/nestoralfaro/Desktop/pbi-scenario-two/py_env/lib/python3.9/site-packages/airflow/example_dags/tutorial_dag.py for tasks to queue
[2024-05-01T23:39:36.015-0500] {logging_mixin.py:188} INFO - [2024-05-01T23:39:36.015-0500] {dagbag.py:540} INFO - Filling up the DagBag from /Users/nestoralfaro/Desktop/pbi-scenario-two/py_env/lib/python3.9/site-packages/airflow/example_dags/tutorial_dag.py
[2024-05-01T23:39:36.028-0500] {processor.py:840} INFO - DAG(s) 'tutorial_dag' retrieved from /Users/nestoralfaro/Desktop/pbi-scenario-two/py_env/lib/python3.9/site-packages/airflow/example_dags/tutorial_dag.py
[2024-05-01T23:39:36.072-0500] {logging_mixin.py:188} INFO - [2024-05-01T23:39:36.072-0500] {dag.py:3096} INFO - Sync 1 DAGs
[2024-05-01T23:39:36.077-0500] {logging_mixin.py:188} INFO - [2024-05-01T23:39:36.077-0500] {dag.py:3954} INFO - Setting next_dagrun for tutorial_dag to None, run_after=None
[2024-05-01T23:39:36.108-0500] {processor.py:183} INFO - Processing /Users/nestoralfaro/Desktop/pbi-scenario-two/py_env/lib/python3.9/site-packages/airflow/example_dags/tutorial_dag.py took 0.096 seconds
[2024-05-01T23:40:31.911-0500] {processor.py:161} INFO - Started process (PID=35167) to work on /Users/nestoralfaro/Desktop/pbi-scenario-two/py_env/lib/python3.9/site-packages/airflow/example_dags/tutorial_dag.py
[2024-05-01T23:40:31.913-0500] {processor.py:830} INFO - Processing file /Users/nestoralfaro/Desktop/pbi-scenario-two/py_env/lib/python3.9/site-packages/airflow/example_dags/tutorial_dag.py for tasks to queue
[2024-05-01T23:40:31.913-0500] {logging_mixin.py:188} INFO - [2024-05-01T23:40:31.913-0500] {dagbag.py:540} INFO - Filling up the DagBag from /Users/nestoralfaro/Desktop/pbi-scenario-two/py_env/lib/python3.9/site-packages/airflow/example_dags/tutorial_dag.py
[2024-05-01T23:40:31.925-0500] {processor.py:840} INFO - DAG(s) 'tutorial_dag' retrieved from /Users/nestoralfaro/Desktop/pbi-scenario-two/py_env/lib/python3.9/site-packages/airflow/example_dags/tutorial_dag.py
[2024-05-01T23:40:31.969-0500] {logging_mixin.py:188} INFO - [2024-05-01T23:40:31.969-0500] {dag.py:3096} INFO - Sync 1 DAGs
[2024-05-01T23:40:31.974-0500] {logging_mixin.py:188} INFO - [2024-05-01T23:40:31.974-0500] {dag.py:3954} INFO - Setting next_dagrun for tutorial_dag to None, run_after=None
[2024-05-01T23:40:32.007-0500] {processor.py:183} INFO - Processing /Users/nestoralfaro/Desktop/pbi-scenario-two/py_env/lib/python3.9/site-packages/airflow/example_dags/tutorial_dag.py took 0.097 seconds
[2024-05-01T23:41:27.693-0500] {processor.py:161} INFO - Started process (PID=35203) to work on /Users/nestoralfaro/Desktop/pbi-scenario-two/py_env/lib/python3.9/site-packages/airflow/example_dags/tutorial_dag.py
[2024-05-01T23:41:27.696-0500] {processor.py:830} INFO - Processing file /Users/nestoralfaro/Desktop/pbi-scenario-two/py_env/lib/python3.9/site-packages/airflow/example_dags/tutorial_dag.py for tasks to queue
[2024-05-01T23:41:27.696-0500] {logging_mixin.py:188} INFO - [2024-05-01T23:41:27.696-0500] {dagbag.py:540} INFO - Filling up the DagBag from /Users/nestoralfaro/Desktop/pbi-scenario-two/py_env/lib/python3.9/site-packages/airflow/example_dags/tutorial_dag.py
[2024-05-01T23:41:27.708-0500] {processor.py:840} INFO - DAG(s) 'tutorial_dag' retrieved from /Users/nestoralfaro/Desktop/pbi-scenario-two/py_env/lib/python3.9/site-packages/airflow/example_dags/tutorial_dag.py
[2024-05-01T23:41:27.754-0500] {logging_mixin.py:188} INFO - [2024-05-01T23:41:27.754-0500] {dag.py:3096} INFO - Sync 1 DAGs
[2024-05-01T23:41:27.759-0500] {logging_mixin.py:188} INFO - [2024-05-01T23:41:27.759-0500] {dag.py:3954} INFO - Setting next_dagrun for tutorial_dag to None, run_after=None
[2024-05-01T23:41:27.793-0500] {processor.py:183} INFO - Processing /Users/nestoralfaro/Desktop/pbi-scenario-two/py_env/lib/python3.9/site-packages/airflow/example_dags/tutorial_dag.py took 0.101 seconds
[2024-05-01T23:42:00.017-0500] {processor.py:161} INFO - Started process (PID=35253) to work on /Users/nestoralfaro/Desktop/pbi-scenario-two/py_env/lib/python3.9/site-packages/airflow/example_dags/tutorial_dag.py
[2024-05-01T23:42:00.018-0500] {processor.py:830} INFO - Processing file /Users/nestoralfaro/Desktop/pbi-scenario-two/py_env/lib/python3.9/site-packages/airflow/example_dags/tutorial_dag.py for tasks to queue
[2024-05-01T23:42:00.019-0500] {logging_mixin.py:188} INFO - [2024-05-01T23:42:00.019-0500] {dagbag.py:540} INFO - Filling up the DagBag from /Users/nestoralfaro/Desktop/pbi-scenario-two/py_env/lib/python3.9/site-packages/airflow/example_dags/tutorial_dag.py
[2024-05-01T23:42:00.030-0500] {processor.py:840} INFO - DAG(s) 'tutorial_dag' retrieved from /Users/nestoralfaro/Desktop/pbi-scenario-two/py_env/lib/python3.9/site-packages/airflow/example_dags/tutorial_dag.py
[2024-05-01T23:42:00.075-0500] {logging_mixin.py:188} INFO - [2024-05-01T23:42:00.075-0500] {dag.py:3096} INFO - Sync 1 DAGs
[2024-05-01T23:42:00.080-0500] {logging_mixin.py:188} INFO - [2024-05-01T23:42:00.080-0500] {dag.py:3954} INFO - Setting next_dagrun for tutorial_dag to None, run_after=None
[2024-05-01T23:42:00.114-0500] {processor.py:183} INFO - Processing /Users/nestoralfaro/Desktop/pbi-scenario-two/py_env/lib/python3.9/site-packages/airflow/example_dags/tutorial_dag.py took 0.099 seconds
[2024-05-01T23:43:30.771-0500] {processor.py:161} INFO - Started process (PID=35306) to work on /Users/nestoralfaro/Desktop/pbi-scenario-two/py_env/lib/python3.9/site-packages/airflow/example_dags/tutorial_dag.py
[2024-05-01T23:43:30.773-0500] {processor.py:830} INFO - Processing file /Users/nestoralfaro/Desktop/pbi-scenario-two/py_env/lib/python3.9/site-packages/airflow/example_dags/tutorial_dag.py for tasks to queue
[2024-05-01T23:43:30.773-0500] {logging_mixin.py:188} INFO - [2024-05-01T23:43:30.773-0500] {dagbag.py:540} INFO - Filling up the DagBag from /Users/nestoralfaro/Desktop/pbi-scenario-two/py_env/lib/python3.9/site-packages/airflow/example_dags/tutorial_dag.py
[2024-05-01T23:43:30.784-0500] {processor.py:840} INFO - DAG(s) 'tutorial_dag' retrieved from /Users/nestoralfaro/Desktop/pbi-scenario-two/py_env/lib/python3.9/site-packages/airflow/example_dags/tutorial_dag.py
[2024-05-01T23:43:30.825-0500] {logging_mixin.py:188} INFO - [2024-05-01T23:43:30.825-0500] {dag.py:3096} INFO - Sync 1 DAGs
[2024-05-01T23:43:30.829-0500] {logging_mixin.py:188} INFO - [2024-05-01T23:43:30.829-0500] {dag.py:3954} INFO - Setting next_dagrun for tutorial_dag to None, run_after=None
[2024-05-01T23:43:30.860-0500] {processor.py:183} INFO - Processing /Users/nestoralfaro/Desktop/pbi-scenario-two/py_env/lib/python3.9/site-packages/airflow/example_dags/tutorial_dag.py took 0.090 seconds
[2024-05-01T23:44:28.492-0500] {processor.py:161} INFO - Started process (PID=35351) to work on /Users/nestoralfaro/Desktop/pbi-scenario-two/py_env/lib/python3.9/site-packages/airflow/example_dags/tutorial_dag.py
[2024-05-01T23:44:28.494-0500] {processor.py:830} INFO - Processing file /Users/nestoralfaro/Desktop/pbi-scenario-two/py_env/lib/python3.9/site-packages/airflow/example_dags/tutorial_dag.py for tasks to queue
[2024-05-01T23:44:28.494-0500] {logging_mixin.py:188} INFO - [2024-05-01T23:44:28.494-0500] {dagbag.py:540} INFO - Filling up the DagBag from /Users/nestoralfaro/Desktop/pbi-scenario-two/py_env/lib/python3.9/site-packages/airflow/example_dags/tutorial_dag.py
[2024-05-01T23:44:28.504-0500] {processor.py:840} INFO - DAG(s) 'tutorial_dag' retrieved from /Users/nestoralfaro/Desktop/pbi-scenario-two/py_env/lib/python3.9/site-packages/airflow/example_dags/tutorial_dag.py
[2024-05-01T23:44:28.543-0500] {logging_mixin.py:188} INFO - [2024-05-01T23:44:28.543-0500] {dag.py:3096} INFO - Sync 1 DAGs
[2024-05-01T23:44:28.547-0500] {logging_mixin.py:188} INFO - [2024-05-01T23:44:28.547-0500] {dag.py:3954} INFO - Setting next_dagrun for tutorial_dag to None, run_after=None
[2024-05-01T23:44:28.576-0500] {processor.py:183} INFO - Processing /Users/nestoralfaro/Desktop/pbi-scenario-two/py_env/lib/python3.9/site-packages/airflow/example_dags/tutorial_dag.py took 0.086 seconds
[2024-05-01T23:45:28.993-0500] {processor.py:161} INFO - Started process (PID=35390) to work on /Users/nestoralfaro/Desktop/pbi-scenario-two/py_env/lib/python3.9/site-packages/airflow/example_dags/tutorial_dag.py
[2024-05-01T23:45:28.995-0500] {processor.py:830} INFO - Processing file /Users/nestoralfaro/Desktop/pbi-scenario-two/py_env/lib/python3.9/site-packages/airflow/example_dags/tutorial_dag.py for tasks to queue
[2024-05-01T23:45:28.995-0500] {logging_mixin.py:188} INFO - [2024-05-01T23:45:28.995-0500] {dagbag.py:540} INFO - Filling up the DagBag from /Users/nestoralfaro/Desktop/pbi-scenario-two/py_env/lib/python3.9/site-packages/airflow/example_dags/tutorial_dag.py
[2024-05-01T23:45:29.006-0500] {processor.py:840} INFO - DAG(s) 'tutorial_dag' retrieved from /Users/nestoralfaro/Desktop/pbi-scenario-two/py_env/lib/python3.9/site-packages/airflow/example_dags/tutorial_dag.py
[2024-05-01T23:45:29.050-0500] {logging_mixin.py:188} INFO - [2024-05-01T23:45:29.050-0500] {dag.py:3096} INFO - Sync 1 DAGs
[2024-05-01T23:45:29.055-0500] {logging_mixin.py:188} INFO - [2024-05-01T23:45:29.054-0500] {dag.py:3954} INFO - Setting next_dagrun for tutorial_dag to None, run_after=None
[2024-05-01T23:45:29.090-0500] {processor.py:183} INFO - Processing /Users/nestoralfaro/Desktop/pbi-scenario-two/py_env/lib/python3.9/site-packages/airflow/example_dags/tutorial_dag.py took 0.099 seconds
[2024-05-01T23:46:24.989-0500] {processor.py:161} INFO - Started process (PID=35425) to work on /Users/nestoralfaro/Desktop/pbi-scenario-two/py_env/lib/python3.9/site-packages/airflow/example_dags/tutorial_dag.py
[2024-05-01T23:46:24.990-0500] {processor.py:830} INFO - Processing file /Users/nestoralfaro/Desktop/pbi-scenario-two/py_env/lib/python3.9/site-packages/airflow/example_dags/tutorial_dag.py for tasks to queue
[2024-05-01T23:46:24.991-0500] {logging_mixin.py:188} INFO - [2024-05-01T23:46:24.990-0500] {dagbag.py:540} INFO - Filling up the DagBag from /Users/nestoralfaro/Desktop/pbi-scenario-two/py_env/lib/python3.9/site-packages/airflow/example_dags/tutorial_dag.py
[2024-05-01T23:46:25.001-0500] {processor.py:840} INFO - DAG(s) 'tutorial_dag' retrieved from /Users/nestoralfaro/Desktop/pbi-scenario-two/py_env/lib/python3.9/site-packages/airflow/example_dags/tutorial_dag.py
[2024-05-01T23:46:25.041-0500] {logging_mixin.py:188} INFO - [2024-05-01T23:46:25.041-0500] {dag.py:3096} INFO - Sync 1 DAGs
[2024-05-01T23:46:25.045-0500] {logging_mixin.py:188} INFO - [2024-05-01T23:46:25.045-0500] {dag.py:3954} INFO - Setting next_dagrun for tutorial_dag to None, run_after=None
[2024-05-01T23:46:25.075-0500] {processor.py:183} INFO - Processing /Users/nestoralfaro/Desktop/pbi-scenario-two/py_env/lib/python3.9/site-packages/airflow/example_dags/tutorial_dag.py took 0.087 seconds
[2024-05-01T23:47:19.818-0500] {processor.py:161} INFO - Started process (PID=35468) to work on /Users/nestoralfaro/Desktop/pbi-scenario-two/py_env/lib/python3.9/site-packages/airflow/example_dags/tutorial_dag.py
[2024-05-01T23:47:19.819-0500] {processor.py:830} INFO - Processing file /Users/nestoralfaro/Desktop/pbi-scenario-two/py_env/lib/python3.9/site-packages/airflow/example_dags/tutorial_dag.py for tasks to queue
[2024-05-01T23:47:19.819-0500] {logging_mixin.py:188} INFO - [2024-05-01T23:47:19.819-0500] {dagbag.py:540} INFO - Filling up the DagBag from /Users/nestoralfaro/Desktop/pbi-scenario-two/py_env/lib/python3.9/site-packages/airflow/example_dags/tutorial_dag.py
[2024-05-01T23:47:19.829-0500] {processor.py:840} INFO - DAG(s) 'tutorial_dag' retrieved from /Users/nestoralfaro/Desktop/pbi-scenario-two/py_env/lib/python3.9/site-packages/airflow/example_dags/tutorial_dag.py
[2024-05-01T23:47:19.872-0500] {logging_mixin.py:188} INFO - [2024-05-01T23:47:19.872-0500] {dag.py:3096} INFO - Sync 1 DAGs
[2024-05-01T23:47:19.876-0500] {logging_mixin.py:188} INFO - [2024-05-01T23:47:19.876-0500] {dag.py:3954} INFO - Setting next_dagrun for tutorial_dag to None, run_after=None
[2024-05-01T23:47:19.908-0500] {processor.py:183} INFO - Processing /Users/nestoralfaro/Desktop/pbi-scenario-two/py_env/lib/python3.9/site-packages/airflow/example_dags/tutorial_dag.py took 0.092 seconds
[2024-05-01T23:48:15.472-0500] {processor.py:161} INFO - Started process (PID=35503) to work on /Users/nestoralfaro/Desktop/pbi-scenario-two/py_env/lib/python3.9/site-packages/airflow/example_dags/tutorial_dag.py
[2024-05-01T23:48:15.474-0500] {processor.py:830} INFO - Processing file /Users/nestoralfaro/Desktop/pbi-scenario-two/py_env/lib/python3.9/site-packages/airflow/example_dags/tutorial_dag.py for tasks to queue
[2024-05-01T23:48:15.474-0500] {logging_mixin.py:188} INFO - [2024-05-01T23:48:15.474-0500] {dagbag.py:540} INFO - Filling up the DagBag from /Users/nestoralfaro/Desktop/pbi-scenario-two/py_env/lib/python3.9/site-packages/airflow/example_dags/tutorial_dag.py
[2024-05-01T23:48:15.485-0500] {processor.py:840} INFO - DAG(s) 'tutorial_dag' retrieved from /Users/nestoralfaro/Desktop/pbi-scenario-two/py_env/lib/python3.9/site-packages/airflow/example_dags/tutorial_dag.py
[2024-05-01T23:48:15.525-0500] {logging_mixin.py:188} INFO - [2024-05-01T23:48:15.525-0500] {dag.py:3096} INFO - Sync 1 DAGs
[2024-05-01T23:48:15.529-0500] {logging_mixin.py:188} INFO - [2024-05-01T23:48:15.529-0500] {dag.py:3954} INFO - Setting next_dagrun for tutorial_dag to None, run_after=None
[2024-05-01T23:48:15.558-0500] {processor.py:183} INFO - Processing /Users/nestoralfaro/Desktop/pbi-scenario-two/py_env/lib/python3.9/site-packages/airflow/example_dags/tutorial_dag.py took 0.087 seconds
[2024-05-01T23:49:11.790-0500] {processor.py:161} INFO - Started process (PID=35546) to work on /Users/nestoralfaro/Desktop/pbi-scenario-two/py_env/lib/python3.9/site-packages/airflow/example_dags/tutorial_dag.py
[2024-05-01T23:49:11.793-0500] {processor.py:830} INFO - Processing file /Users/nestoralfaro/Desktop/pbi-scenario-two/py_env/lib/python3.9/site-packages/airflow/example_dags/tutorial_dag.py for tasks to queue
[2024-05-01T23:49:11.793-0500] {logging_mixin.py:188} INFO - [2024-05-01T23:49:11.793-0500] {dagbag.py:540} INFO - Filling up the DagBag from /Users/nestoralfaro/Desktop/pbi-scenario-two/py_env/lib/python3.9/site-packages/airflow/example_dags/tutorial_dag.py
[2024-05-01T23:49:11.805-0500] {processor.py:840} INFO - DAG(s) 'tutorial_dag' retrieved from /Users/nestoralfaro/Desktop/pbi-scenario-two/py_env/lib/python3.9/site-packages/airflow/example_dags/tutorial_dag.py
[2024-05-01T23:49:11.851-0500] {logging_mixin.py:188} INFO - [2024-05-01T23:49:11.850-0500] {dag.py:3096} INFO - Sync 1 DAGs
[2024-05-01T23:49:11.855-0500] {logging_mixin.py:188} INFO - [2024-05-01T23:49:11.855-0500] {dag.py:3954} INFO - Setting next_dagrun for tutorial_dag to None, run_after=None
[2024-05-01T23:49:11.888-0500] {processor.py:183} INFO - Processing /Users/nestoralfaro/Desktop/pbi-scenario-two/py_env/lib/python3.9/site-packages/airflow/example_dags/tutorial_dag.py took 0.099 seconds
[2024-05-01T23:50:11.970-0500] {processor.py:161} INFO - Started process (PID=35582) to work on /Users/nestoralfaro/Desktop/pbi-scenario-two/py_env/lib/python3.9/site-packages/airflow/example_dags/tutorial_dag.py
[2024-05-01T23:50:11.972-0500] {processor.py:830} INFO - Processing file /Users/nestoralfaro/Desktop/pbi-scenario-two/py_env/lib/python3.9/site-packages/airflow/example_dags/tutorial_dag.py for tasks to queue
[2024-05-01T23:50:11.972-0500] {logging_mixin.py:188} INFO - [2024-05-01T23:50:11.972-0500] {dagbag.py:540} INFO - Filling up the DagBag from /Users/nestoralfaro/Desktop/pbi-scenario-two/py_env/lib/python3.9/site-packages/airflow/example_dags/tutorial_dag.py
[2024-05-01T23:50:11.983-0500] {processor.py:840} INFO - DAG(s) 'tutorial_dag' retrieved from /Users/nestoralfaro/Desktop/pbi-scenario-two/py_env/lib/python3.9/site-packages/airflow/example_dags/tutorial_dag.py
[2024-05-01T23:50:12.026-0500] {logging_mixin.py:188} INFO - [2024-05-01T23:50:12.026-0500] {dag.py:3096} INFO - Sync 1 DAGs
[2024-05-01T23:50:12.031-0500] {logging_mixin.py:188} INFO - [2024-05-01T23:50:12.031-0500] {dag.py:3954} INFO - Setting next_dagrun for tutorial_dag to None, run_after=None
[2024-05-01T23:50:12.062-0500] {processor.py:183} INFO - Processing /Users/nestoralfaro/Desktop/pbi-scenario-two/py_env/lib/python3.9/site-packages/airflow/example_dags/tutorial_dag.py took 0.093 seconds
[2024-05-01T23:51:07.946-0500] {processor.py:161} INFO - Started process (PID=35617) to work on /Users/nestoralfaro/Desktop/pbi-scenario-two/py_env/lib/python3.9/site-packages/airflow/example_dags/tutorial_dag.py
[2024-05-01T23:51:07.947-0500] {processor.py:830} INFO - Processing file /Users/nestoralfaro/Desktop/pbi-scenario-two/py_env/lib/python3.9/site-packages/airflow/example_dags/tutorial_dag.py for tasks to queue
[2024-05-01T23:51:07.947-0500] {logging_mixin.py:188} INFO - [2024-05-01T23:51:07.947-0500] {dagbag.py:540} INFO - Filling up the DagBag from /Users/nestoralfaro/Desktop/pbi-scenario-two/py_env/lib/python3.9/site-packages/airflow/example_dags/tutorial_dag.py
[2024-05-01T23:51:07.959-0500] {processor.py:840} INFO - DAG(s) 'tutorial_dag' retrieved from /Users/nestoralfaro/Desktop/pbi-scenario-two/py_env/lib/python3.9/site-packages/airflow/example_dags/tutorial_dag.py
[2024-05-01T23:51:07.999-0500] {logging_mixin.py:188} INFO - [2024-05-01T23:51:07.999-0500] {dag.py:3096} INFO - Sync 1 DAGs
[2024-05-01T23:51:08.003-0500] {logging_mixin.py:188} INFO - [2024-05-01T23:51:08.003-0500] {dag.py:3954} INFO - Setting next_dagrun for tutorial_dag to None, run_after=None
[2024-05-01T23:51:08.034-0500] {processor.py:183} INFO - Processing /Users/nestoralfaro/Desktop/pbi-scenario-two/py_env/lib/python3.9/site-packages/airflow/example_dags/tutorial_dag.py took 0.090 seconds
[2024-05-01T23:52:03.779-0500] {processor.py:161} INFO - Started process (PID=35650) to work on /Users/nestoralfaro/Desktop/pbi-scenario-two/py_env/lib/python3.9/site-packages/airflow/example_dags/tutorial_dag.py
[2024-05-01T23:52:03.781-0500] {processor.py:830} INFO - Processing file /Users/nestoralfaro/Desktop/pbi-scenario-two/py_env/lib/python3.9/site-packages/airflow/example_dags/tutorial_dag.py for tasks to queue
[2024-05-01T23:52:03.781-0500] {logging_mixin.py:188} INFO - [2024-05-01T23:52:03.781-0500] {dagbag.py:540} INFO - Filling up the DagBag from /Users/nestoralfaro/Desktop/pbi-scenario-two/py_env/lib/python3.9/site-packages/airflow/example_dags/tutorial_dag.py
[2024-05-01T23:52:03.792-0500] {processor.py:840} INFO - DAG(s) 'tutorial_dag' retrieved from /Users/nestoralfaro/Desktop/pbi-scenario-two/py_env/lib/python3.9/site-packages/airflow/example_dags/tutorial_dag.py
[2024-05-01T23:52:03.836-0500] {logging_mixin.py:188} INFO - [2024-05-01T23:52:03.836-0500] {dag.py:3096} INFO - Sync 1 DAGs
[2024-05-01T23:52:03.840-0500] {logging_mixin.py:188} INFO - [2024-05-01T23:52:03.840-0500] {dag.py:3954} INFO - Setting next_dagrun for tutorial_dag to None, run_after=None
[2024-05-01T23:52:03.872-0500] {processor.py:183} INFO - Processing /Users/nestoralfaro/Desktop/pbi-scenario-two/py_env/lib/python3.9/site-packages/airflow/example_dags/tutorial_dag.py took 0.093 seconds
[2024-05-01T23:53:03.062-0500] {processor.py:161} INFO - Started process (PID=35702) to work on /Users/nestoralfaro/Desktop/pbi-scenario-two/py_env/lib/python3.9/site-packages/airflow/example_dags/tutorial_dag.py
[2024-05-01T23:53:03.063-0500] {processor.py:830} INFO - Processing file /Users/nestoralfaro/Desktop/pbi-scenario-two/py_env/lib/python3.9/site-packages/airflow/example_dags/tutorial_dag.py for tasks to queue
[2024-05-01T23:53:03.064-0500] {logging_mixin.py:188} INFO - [2024-05-01T23:53:03.064-0500] {dagbag.py:540} INFO - Filling up the DagBag from /Users/nestoralfaro/Desktop/pbi-scenario-two/py_env/lib/python3.9/site-packages/airflow/example_dags/tutorial_dag.py
[2024-05-01T23:53:03.075-0500] {processor.py:840} INFO - DAG(s) 'tutorial_dag' retrieved from /Users/nestoralfaro/Desktop/pbi-scenario-two/py_env/lib/python3.9/site-packages/airflow/example_dags/tutorial_dag.py
[2024-05-01T23:53:03.120-0500] {logging_mixin.py:188} INFO - [2024-05-01T23:53:03.120-0500] {dag.py:3096} INFO - Sync 1 DAGs
[2024-05-01T23:53:03.124-0500] {logging_mixin.py:188} INFO - [2024-05-01T23:53:03.124-0500] {dag.py:3954} INFO - Setting next_dagrun for tutorial_dag to None, run_after=None
[2024-05-01T23:53:03.158-0500] {processor.py:183} INFO - Processing /Users/nestoralfaro/Desktop/pbi-scenario-two/py_env/lib/python3.9/site-packages/airflow/example_dags/tutorial_dag.py took 0.097 seconds
[2024-05-01T23:54:01.927-0500] {processor.py:161} INFO - Started process (PID=35736) to work on /Users/nestoralfaro/Desktop/pbi-scenario-two/py_env/lib/python3.9/site-packages/airflow/example_dags/tutorial_dag.py
[2024-05-01T23:54:01.928-0500] {processor.py:830} INFO - Processing file /Users/nestoralfaro/Desktop/pbi-scenario-two/py_env/lib/python3.9/site-packages/airflow/example_dags/tutorial_dag.py for tasks to queue
[2024-05-01T23:54:01.928-0500] {logging_mixin.py:188} INFO - [2024-05-01T23:54:01.928-0500] {dagbag.py:540} INFO - Filling up the DagBag from /Users/nestoralfaro/Desktop/pbi-scenario-two/py_env/lib/python3.9/site-packages/airflow/example_dags/tutorial_dag.py
[2024-05-01T23:54:01.939-0500] {processor.py:840} INFO - DAG(s) 'tutorial_dag' retrieved from /Users/nestoralfaro/Desktop/pbi-scenario-two/py_env/lib/python3.9/site-packages/airflow/example_dags/tutorial_dag.py
[2024-05-01T23:54:01.983-0500] {logging_mixin.py:188} INFO - [2024-05-01T23:54:01.983-0500] {dag.py:3096} INFO - Sync 1 DAGs
[2024-05-01T23:54:01.988-0500] {logging_mixin.py:188} INFO - [2024-05-01T23:54:01.988-0500] {dag.py:3954} INFO - Setting next_dagrun for tutorial_dag to None, run_after=None
[2024-05-01T23:54:02.020-0500] {processor.py:183} INFO - Processing /Users/nestoralfaro/Desktop/pbi-scenario-two/py_env/lib/python3.9/site-packages/airflow/example_dags/tutorial_dag.py took 0.094 seconds
[2024-05-01T23:54:59.244-0500] {processor.py:161} INFO - Started process (PID=35771) to work on /Users/nestoralfaro/Desktop/pbi-scenario-two/py_env/lib/python3.9/site-packages/airflow/example_dags/tutorial_dag.py
[2024-05-01T23:54:59.245-0500] {processor.py:830} INFO - Processing file /Users/nestoralfaro/Desktop/pbi-scenario-two/py_env/lib/python3.9/site-packages/airflow/example_dags/tutorial_dag.py for tasks to queue
[2024-05-01T23:54:59.246-0500] {logging_mixin.py:188} INFO - [2024-05-01T23:54:59.246-0500] {dagbag.py:540} INFO - Filling up the DagBag from /Users/nestoralfaro/Desktop/pbi-scenario-two/py_env/lib/python3.9/site-packages/airflow/example_dags/tutorial_dag.py
[2024-05-01T23:54:59.256-0500] {processor.py:840} INFO - DAG(s) 'tutorial_dag' retrieved from /Users/nestoralfaro/Desktop/pbi-scenario-two/py_env/lib/python3.9/site-packages/airflow/example_dags/tutorial_dag.py
[2024-05-01T23:54:59.299-0500] {logging_mixin.py:188} INFO - [2024-05-01T23:54:59.299-0500] {dag.py:3096} INFO - Sync 1 DAGs
[2024-05-01T23:54:59.304-0500] {logging_mixin.py:188} INFO - [2024-05-01T23:54:59.304-0500] {dag.py:3954} INFO - Setting next_dagrun for tutorial_dag to None, run_after=None
[2024-05-01T23:54:59.334-0500] {processor.py:183} INFO - Processing /Users/nestoralfaro/Desktop/pbi-scenario-two/py_env/lib/python3.9/site-packages/airflow/example_dags/tutorial_dag.py took 0.091 seconds
[2024-05-01T23:55:57.477-0500] {processor.py:161} INFO - Started process (PID=35806) to work on /Users/nestoralfaro/Desktop/pbi-scenario-two/py_env/lib/python3.9/site-packages/airflow/example_dags/tutorial_dag.py
[2024-05-01T23:55:57.478-0500] {processor.py:830} INFO - Processing file /Users/nestoralfaro/Desktop/pbi-scenario-two/py_env/lib/python3.9/site-packages/airflow/example_dags/tutorial_dag.py for tasks to queue
[2024-05-01T23:55:57.478-0500] {logging_mixin.py:188} INFO - [2024-05-01T23:55:57.478-0500] {dagbag.py:540} INFO - Filling up the DagBag from /Users/nestoralfaro/Desktop/pbi-scenario-two/py_env/lib/python3.9/site-packages/airflow/example_dags/tutorial_dag.py
[2024-05-01T23:55:57.489-0500] {processor.py:840} INFO - DAG(s) 'tutorial_dag' retrieved from /Users/nestoralfaro/Desktop/pbi-scenario-two/py_env/lib/python3.9/site-packages/airflow/example_dags/tutorial_dag.py
[2024-05-01T23:55:57.527-0500] {logging_mixin.py:188} INFO - [2024-05-01T23:55:57.527-0500] {dag.py:3096} INFO - Sync 1 DAGs
[2024-05-01T23:55:57.531-0500] {logging_mixin.py:188} INFO - [2024-05-01T23:55:57.531-0500] {dag.py:3954} INFO - Setting next_dagrun for tutorial_dag to None, run_after=None
[2024-05-01T23:55:57.560-0500] {processor.py:183} INFO - Processing /Users/nestoralfaro/Desktop/pbi-scenario-two/py_env/lib/python3.9/site-packages/airflow/example_dags/tutorial_dag.py took 0.084 seconds
[2024-05-01T23:56:51.922-0500] {processor.py:161} INFO - Started process (PID=35840) to work on /Users/nestoralfaro/Desktop/pbi-scenario-two/py_env/lib/python3.9/site-packages/airflow/example_dags/tutorial_dag.py
[2024-05-01T23:56:51.924-0500] {processor.py:830} INFO - Processing file /Users/nestoralfaro/Desktop/pbi-scenario-two/py_env/lib/python3.9/site-packages/airflow/example_dags/tutorial_dag.py for tasks to queue
[2024-05-01T23:56:51.924-0500] {logging_mixin.py:188} INFO - [2024-05-01T23:56:51.924-0500] {dagbag.py:540} INFO - Filling up the DagBag from /Users/nestoralfaro/Desktop/pbi-scenario-two/py_env/lib/python3.9/site-packages/airflow/example_dags/tutorial_dag.py
[2024-05-01T23:56:51.934-0500] {processor.py:840} INFO - DAG(s) 'tutorial_dag' retrieved from /Users/nestoralfaro/Desktop/pbi-scenario-two/py_env/lib/python3.9/site-packages/airflow/example_dags/tutorial_dag.py
[2024-05-01T23:56:51.972-0500] {logging_mixin.py:188} INFO - [2024-05-01T23:56:51.972-0500] {dag.py:3096} INFO - Sync 1 DAGs
[2024-05-01T23:56:51.976-0500] {logging_mixin.py:188} INFO - [2024-05-01T23:56:51.976-0500] {dag.py:3954} INFO - Setting next_dagrun for tutorial_dag to None, run_after=None
[2024-05-01T23:56:52.005-0500] {processor.py:183} INFO - Processing /Users/nestoralfaro/Desktop/pbi-scenario-two/py_env/lib/python3.9/site-packages/airflow/example_dags/tutorial_dag.py took 0.084 seconds
[2024-05-01T23:57:48.051-0500] {processor.py:161} INFO - Started process (PID=35873) to work on /Users/nestoralfaro/Desktop/pbi-scenario-two/py_env/lib/python3.9/site-packages/airflow/example_dags/tutorial_dag.py
[2024-05-01T23:57:48.052-0500] {processor.py:830} INFO - Processing file /Users/nestoralfaro/Desktop/pbi-scenario-two/py_env/lib/python3.9/site-packages/airflow/example_dags/tutorial_dag.py for tasks to queue
[2024-05-01T23:57:48.053-0500] {logging_mixin.py:188} INFO - [2024-05-01T23:57:48.053-0500] {dagbag.py:540} INFO - Filling up the DagBag from /Users/nestoralfaro/Desktop/pbi-scenario-two/py_env/lib/python3.9/site-packages/airflow/example_dags/tutorial_dag.py
[2024-05-01T23:57:48.064-0500] {processor.py:840} INFO - DAG(s) 'tutorial_dag' retrieved from /Users/nestoralfaro/Desktop/pbi-scenario-two/py_env/lib/python3.9/site-packages/airflow/example_dags/tutorial_dag.py
[2024-05-01T23:57:48.103-0500] {logging_mixin.py:188} INFO - [2024-05-01T23:57:48.103-0500] {dag.py:3096} INFO - Sync 1 DAGs
[2024-05-01T23:57:48.108-0500] {logging_mixin.py:188} INFO - [2024-05-01T23:57:48.107-0500] {dag.py:3954} INFO - Setting next_dagrun for tutorial_dag to None, run_after=None
[2024-05-01T23:57:48.137-0500] {processor.py:183} INFO - Processing /Users/nestoralfaro/Desktop/pbi-scenario-two/py_env/lib/python3.9/site-packages/airflow/example_dags/tutorial_dag.py took 0.087 seconds
[2024-05-01T23:58:44.186-0500] {processor.py:161} INFO - Started process (PID=35908) to work on /Users/nestoralfaro/Desktop/pbi-scenario-two/py_env/lib/python3.9/site-packages/airflow/example_dags/tutorial_dag.py
[2024-05-01T23:58:44.187-0500] {processor.py:830} INFO - Processing file /Users/nestoralfaro/Desktop/pbi-scenario-two/py_env/lib/python3.9/site-packages/airflow/example_dags/tutorial_dag.py for tasks to queue
[2024-05-01T23:58:44.188-0500] {logging_mixin.py:188} INFO - [2024-05-01T23:58:44.188-0500] {dagbag.py:540} INFO - Filling up the DagBag from /Users/nestoralfaro/Desktop/pbi-scenario-two/py_env/lib/python3.9/site-packages/airflow/example_dags/tutorial_dag.py
[2024-05-01T23:58:44.199-0500] {processor.py:840} INFO - DAG(s) 'tutorial_dag' retrieved from /Users/nestoralfaro/Desktop/pbi-scenario-two/py_env/lib/python3.9/site-packages/airflow/example_dags/tutorial_dag.py
[2024-05-01T23:58:44.238-0500] {logging_mixin.py:188} INFO - [2024-05-01T23:58:44.238-0500] {dag.py:3096} INFO - Sync 1 DAGs
[2024-05-01T23:58:44.242-0500] {logging_mixin.py:188} INFO - [2024-05-01T23:58:44.242-0500] {dag.py:3954} INFO - Setting next_dagrun for tutorial_dag to None, run_after=None
[2024-05-01T23:58:44.271-0500] {processor.py:183} INFO - Processing /Users/nestoralfaro/Desktop/pbi-scenario-two/py_env/lib/python3.9/site-packages/airflow/example_dags/tutorial_dag.py took 0.086 seconds
[2024-05-01T23:59:40.510-0500] {processor.py:161} INFO - Started process (PID=35945) to work on /Users/nestoralfaro/Desktop/pbi-scenario-two/py_env/lib/python3.9/site-packages/airflow/example_dags/tutorial_dag.py
[2024-05-01T23:59:40.512-0500] {processor.py:830} INFO - Processing file /Users/nestoralfaro/Desktop/pbi-scenario-two/py_env/lib/python3.9/site-packages/airflow/example_dags/tutorial_dag.py for tasks to queue
[2024-05-01T23:59:40.512-0500] {logging_mixin.py:188} INFO - [2024-05-01T23:59:40.512-0500] {dagbag.py:540} INFO - Filling up the DagBag from /Users/nestoralfaro/Desktop/pbi-scenario-two/py_env/lib/python3.9/site-packages/airflow/example_dags/tutorial_dag.py
[2024-05-01T23:59:40.522-0500] {processor.py:840} INFO - DAG(s) 'tutorial_dag' retrieved from /Users/nestoralfaro/Desktop/pbi-scenario-two/py_env/lib/python3.9/site-packages/airflow/example_dags/tutorial_dag.py
[2024-05-01T23:59:40.560-0500] {logging_mixin.py:188} INFO - [2024-05-01T23:59:40.560-0500] {dag.py:3096} INFO - Sync 1 DAGs
[2024-05-01T23:59:40.565-0500] {logging_mixin.py:188} INFO - [2024-05-01T23:59:40.564-0500] {dag.py:3954} INFO - Setting next_dagrun for tutorial_dag to None, run_after=None
[2024-05-01T23:59:40.594-0500] {processor.py:183} INFO - Processing /Users/nestoralfaro/Desktop/pbi-scenario-two/py_env/lib/python3.9/site-packages/airflow/example_dags/tutorial_dag.py took 0.084 seconds
[2024-05-02T00:00:33.891-0500] {processor.py:161} INFO - Started process (PID=36003) to work on /Users/nestoralfaro/Desktop/pbi-scenario-two/py_env/lib/python3.9/site-packages/airflow/example_dags/tutorial_dag.py
[2024-05-02T00:00:33.893-0500] {processor.py:830} INFO - Processing file /Users/nestoralfaro/Desktop/pbi-scenario-two/py_env/lib/python3.9/site-packages/airflow/example_dags/tutorial_dag.py for tasks to queue
[2024-05-02T00:00:33.893-0500] {logging_mixin.py:188} INFO - [2024-05-02T00:00:33.893-0500] {dagbag.py:540} INFO - Filling up the DagBag from /Users/nestoralfaro/Desktop/pbi-scenario-two/py_env/lib/python3.9/site-packages/airflow/example_dags/tutorial_dag.py
[2024-05-02T00:00:33.904-0500] {processor.py:840} INFO - DAG(s) 'tutorial_dag' retrieved from /Users/nestoralfaro/Desktop/pbi-scenario-two/py_env/lib/python3.9/site-packages/airflow/example_dags/tutorial_dag.py
[2024-05-02T00:00:33.944-0500] {logging_mixin.py:188} INFO - [2024-05-02T00:00:33.944-0500] {dag.py:3096} INFO - Sync 1 DAGs
[2024-05-02T00:00:33.948-0500] {logging_mixin.py:188} INFO - [2024-05-02T00:00:33.948-0500] {dag.py:3954} INFO - Setting next_dagrun for tutorial_dag to None, run_after=None
[2024-05-02T00:00:33.978-0500] {processor.py:183} INFO - Processing /Users/nestoralfaro/Desktop/pbi-scenario-two/py_env/lib/python3.9/site-packages/airflow/example_dags/tutorial_dag.py took 0.088 seconds
[2024-05-02T00:01:31.245-0500] {processor.py:161} INFO - Started process (PID=36042) to work on /Users/nestoralfaro/Desktop/pbi-scenario-two/py_env/lib/python3.9/site-packages/airflow/example_dags/tutorial_dag.py
[2024-05-02T00:01:31.246-0500] {processor.py:830} INFO - Processing file /Users/nestoralfaro/Desktop/pbi-scenario-two/py_env/lib/python3.9/site-packages/airflow/example_dags/tutorial_dag.py for tasks to queue
[2024-05-02T00:01:31.246-0500] {logging_mixin.py:188} INFO - [2024-05-02T00:01:31.246-0500] {dagbag.py:540} INFO - Filling up the DagBag from /Users/nestoralfaro/Desktop/pbi-scenario-two/py_env/lib/python3.9/site-packages/airflow/example_dags/tutorial_dag.py
[2024-05-02T00:01:31.258-0500] {processor.py:840} INFO - DAG(s) 'tutorial_dag' retrieved from /Users/nestoralfaro/Desktop/pbi-scenario-two/py_env/lib/python3.9/site-packages/airflow/example_dags/tutorial_dag.py
[2024-05-02T00:01:31.301-0500] {logging_mixin.py:188} INFO - [2024-05-02T00:01:31.300-0500] {dag.py:3096} INFO - Sync 1 DAGs
[2024-05-02T00:01:31.305-0500] {logging_mixin.py:188} INFO - [2024-05-02T00:01:31.305-0500] {dag.py:3954} INFO - Setting next_dagrun for tutorial_dag to None, run_after=None
[2024-05-02T00:01:31.338-0500] {processor.py:183} INFO - Processing /Users/nestoralfaro/Desktop/pbi-scenario-two/py_env/lib/python3.9/site-packages/airflow/example_dags/tutorial_dag.py took 0.095 seconds
[2024-05-02T00:02:30.086-0500] {processor.py:161} INFO - Started process (PID=36084) to work on /Users/nestoralfaro/Desktop/pbi-scenario-two/py_env/lib/python3.9/site-packages/airflow/example_dags/tutorial_dag.py
[2024-05-02T00:02:30.088-0500] {processor.py:830} INFO - Processing file /Users/nestoralfaro/Desktop/pbi-scenario-two/py_env/lib/python3.9/site-packages/airflow/example_dags/tutorial_dag.py for tasks to queue
[2024-05-02T00:02:30.088-0500] {logging_mixin.py:188} INFO - [2024-05-02T00:02:30.088-0500] {dagbag.py:540} INFO - Filling up the DagBag from /Users/nestoralfaro/Desktop/pbi-scenario-two/py_env/lib/python3.9/site-packages/airflow/example_dags/tutorial_dag.py
[2024-05-02T00:02:30.100-0500] {processor.py:840} INFO - DAG(s) 'tutorial_dag' retrieved from /Users/nestoralfaro/Desktop/pbi-scenario-two/py_env/lib/python3.9/site-packages/airflow/example_dags/tutorial_dag.py
[2024-05-02T00:02:30.144-0500] {logging_mixin.py:188} INFO - [2024-05-02T00:02:30.144-0500] {dag.py:3096} INFO - Sync 1 DAGs
[2024-05-02T00:02:30.149-0500] {logging_mixin.py:188} INFO - [2024-05-02T00:02:30.149-0500] {dag.py:3954} INFO - Setting next_dagrun for tutorial_dag to None, run_after=None
[2024-05-02T00:02:30.181-0500] {processor.py:183} INFO - Processing /Users/nestoralfaro/Desktop/pbi-scenario-two/py_env/lib/python3.9/site-packages/airflow/example_dags/tutorial_dag.py took 0.096 seconds
[2024-05-02T00:03:29.430-0500] {processor.py:161} INFO - Started process (PID=36123) to work on /Users/nestoralfaro/Desktop/pbi-scenario-two/py_env/lib/python3.9/site-packages/airflow/example_dags/tutorial_dag.py
[2024-05-02T00:03:29.433-0500] {processor.py:830} INFO - Processing file /Users/nestoralfaro/Desktop/pbi-scenario-two/py_env/lib/python3.9/site-packages/airflow/example_dags/tutorial_dag.py for tasks to queue
[2024-05-02T00:03:29.433-0500] {logging_mixin.py:188} INFO - [2024-05-02T00:03:29.433-0500] {dagbag.py:540} INFO - Filling up the DagBag from /Users/nestoralfaro/Desktop/pbi-scenario-two/py_env/lib/python3.9/site-packages/airflow/example_dags/tutorial_dag.py
[2024-05-02T00:03:29.444-0500] {processor.py:840} INFO - DAG(s) 'tutorial_dag' retrieved from /Users/nestoralfaro/Desktop/pbi-scenario-two/py_env/lib/python3.9/site-packages/airflow/example_dags/tutorial_dag.py
[2024-05-02T00:03:29.484-0500] {logging_mixin.py:188} INFO - [2024-05-02T00:03:29.484-0500] {dag.py:3096} INFO - Sync 1 DAGs
[2024-05-02T00:03:29.488-0500] {logging_mixin.py:188} INFO - [2024-05-02T00:03:29.488-0500] {dag.py:3954} INFO - Setting next_dagrun for tutorial_dag to None, run_after=None
[2024-05-02T00:03:29.518-0500] {processor.py:183} INFO - Processing /Users/nestoralfaro/Desktop/pbi-scenario-two/py_env/lib/python3.9/site-packages/airflow/example_dags/tutorial_dag.py took 0.089 seconds
[2024-05-02T00:04:26.906-0500] {processor.py:161} INFO - Started process (PID=36162) to work on /Users/nestoralfaro/Desktop/pbi-scenario-two/py_env/lib/python3.9/site-packages/airflow/example_dags/tutorial_dag.py
[2024-05-02T00:04:26.908-0500] {processor.py:830} INFO - Processing file /Users/nestoralfaro/Desktop/pbi-scenario-two/py_env/lib/python3.9/site-packages/airflow/example_dags/tutorial_dag.py for tasks to queue
[2024-05-02T00:04:26.909-0500] {logging_mixin.py:188} INFO - [2024-05-02T00:04:26.909-0500] {dagbag.py:540} INFO - Filling up the DagBag from /Users/nestoralfaro/Desktop/pbi-scenario-two/py_env/lib/python3.9/site-packages/airflow/example_dags/tutorial_dag.py
[2024-05-02T00:04:26.920-0500] {processor.py:840} INFO - DAG(s) 'tutorial_dag' retrieved from /Users/nestoralfaro/Desktop/pbi-scenario-two/py_env/lib/python3.9/site-packages/airflow/example_dags/tutorial_dag.py
[2024-05-02T00:04:26.963-0500] {logging_mixin.py:188} INFO - [2024-05-02T00:04:26.963-0500] {dag.py:3096} INFO - Sync 1 DAGs
[2024-05-02T00:04:26.968-0500] {logging_mixin.py:188} INFO - [2024-05-02T00:04:26.968-0500] {dag.py:3954} INFO - Setting next_dagrun for tutorial_dag to None, run_after=None
[2024-05-02T00:04:26.999-0500] {processor.py:183} INFO - Processing /Users/nestoralfaro/Desktop/pbi-scenario-two/py_env/lib/python3.9/site-packages/airflow/example_dags/tutorial_dag.py took 0.095 seconds
[2024-05-02T00:05:22.019-0500] {processor.py:161} INFO - Started process (PID=36197) to work on /Users/nestoralfaro/Desktop/pbi-scenario-two/py_env/lib/python3.9/site-packages/airflow/example_dags/tutorial_dag.py
[2024-05-02T00:05:22.021-0500] {processor.py:830} INFO - Processing file /Users/nestoralfaro/Desktop/pbi-scenario-two/py_env/lib/python3.9/site-packages/airflow/example_dags/tutorial_dag.py for tasks to queue
[2024-05-02T00:05:22.021-0500] {logging_mixin.py:188} INFO - [2024-05-02T00:05:22.021-0500] {dagbag.py:540} INFO - Filling up the DagBag from /Users/nestoralfaro/Desktop/pbi-scenario-two/py_env/lib/python3.9/site-packages/airflow/example_dags/tutorial_dag.py
[2024-05-02T00:05:22.031-0500] {processor.py:840} INFO - DAG(s) 'tutorial_dag' retrieved from /Users/nestoralfaro/Desktop/pbi-scenario-two/py_env/lib/python3.9/site-packages/airflow/example_dags/tutorial_dag.py
[2024-05-02T00:05:22.073-0500] {logging_mixin.py:188} INFO - [2024-05-02T00:05:22.073-0500] {dag.py:3096} INFO - Sync 1 DAGs
[2024-05-02T00:05:22.077-0500] {logging_mixin.py:188} INFO - [2024-05-02T00:05:22.077-0500] {dag.py:3954} INFO - Setting next_dagrun for tutorial_dag to None, run_after=None
[2024-05-02T00:05:22.107-0500] {processor.py:183} INFO - Processing /Users/nestoralfaro/Desktop/pbi-scenario-two/py_env/lib/python3.9/site-packages/airflow/example_dags/tutorial_dag.py took 0.090 seconds
[2024-05-02T00:06:20.368-0500] {processor.py:161} INFO - Started process (PID=36241) to work on /Users/nestoralfaro/Desktop/pbi-scenario-two/py_env/lib/python3.9/site-packages/airflow/example_dags/tutorial_dag.py
[2024-05-02T00:06:20.370-0500] {processor.py:830} INFO - Processing file /Users/nestoralfaro/Desktop/pbi-scenario-two/py_env/lib/python3.9/site-packages/airflow/example_dags/tutorial_dag.py for tasks to queue
[2024-05-02T00:06:20.371-0500] {logging_mixin.py:188} INFO - [2024-05-02T00:06:20.371-0500] {dagbag.py:540} INFO - Filling up the DagBag from /Users/nestoralfaro/Desktop/pbi-scenario-two/py_env/lib/python3.9/site-packages/airflow/example_dags/tutorial_dag.py
[2024-05-02T00:06:20.381-0500] {processor.py:840} INFO - DAG(s) 'tutorial_dag' retrieved from /Users/nestoralfaro/Desktop/pbi-scenario-two/py_env/lib/python3.9/site-packages/airflow/example_dags/tutorial_dag.py
[2024-05-02T00:06:20.425-0500] {logging_mixin.py:188} INFO - [2024-05-02T00:06:20.424-0500] {dag.py:3096} INFO - Sync 1 DAGs
[2024-05-02T00:06:20.430-0500] {logging_mixin.py:188} INFO - [2024-05-02T00:06:20.430-0500] {dag.py:3954} INFO - Setting next_dagrun for tutorial_dag to None, run_after=None
[2024-05-02T00:06:20.463-0500] {processor.py:183} INFO - Processing /Users/nestoralfaro/Desktop/pbi-scenario-two/py_env/lib/python3.9/site-packages/airflow/example_dags/tutorial_dag.py took 0.096 seconds
[2024-05-02T00:07:14.059-0500] {processor.py:161} INFO - Started process (PID=36285) to work on /Users/nestoralfaro/Desktop/pbi-scenario-two/py_env/lib/python3.9/site-packages/airflow/example_dags/tutorial_dag.py
[2024-05-02T00:07:14.060-0500] {processor.py:830} INFO - Processing file /Users/nestoralfaro/Desktop/pbi-scenario-two/py_env/lib/python3.9/site-packages/airflow/example_dags/tutorial_dag.py for tasks to queue
[2024-05-02T00:07:14.060-0500] {logging_mixin.py:188} INFO - [2024-05-02T00:07:14.060-0500] {dagbag.py:540} INFO - Filling up the DagBag from /Users/nestoralfaro/Desktop/pbi-scenario-two/py_env/lib/python3.9/site-packages/airflow/example_dags/tutorial_dag.py
[2024-05-02T00:07:14.071-0500] {processor.py:840} INFO - DAG(s) 'tutorial_dag' retrieved from /Users/nestoralfaro/Desktop/pbi-scenario-two/py_env/lib/python3.9/site-packages/airflow/example_dags/tutorial_dag.py
[2024-05-02T00:07:14.110-0500] {logging_mixin.py:188} INFO - [2024-05-02T00:07:14.110-0500] {dag.py:3096} INFO - Sync 1 DAGs
[2024-05-02T00:07:14.114-0500] {logging_mixin.py:188} INFO - [2024-05-02T00:07:14.114-0500] {dag.py:3954} INFO - Setting next_dagrun for tutorial_dag to None, run_after=None
[2024-05-02T00:07:14.143-0500] {processor.py:183} INFO - Processing /Users/nestoralfaro/Desktop/pbi-scenario-two/py_env/lib/python3.9/site-packages/airflow/example_dags/tutorial_dag.py took 0.085 seconds
[2024-05-02T00:08:06.892-0500] {processor.py:161} INFO - Started process (PID=36319) to work on /Users/nestoralfaro/Desktop/pbi-scenario-two/py_env/lib/python3.9/site-packages/airflow/example_dags/tutorial_dag.py
[2024-05-02T00:08:06.893-0500] {processor.py:830} INFO - Processing file /Users/nestoralfaro/Desktop/pbi-scenario-two/py_env/lib/python3.9/site-packages/airflow/example_dags/tutorial_dag.py for tasks to queue
[2024-05-02T00:08:06.893-0500] {logging_mixin.py:188} INFO - [2024-05-02T00:08:06.893-0500] {dagbag.py:540} INFO - Filling up the DagBag from /Users/nestoralfaro/Desktop/pbi-scenario-two/py_env/lib/python3.9/site-packages/airflow/example_dags/tutorial_dag.py
[2024-05-02T00:08:06.904-0500] {processor.py:840} INFO - DAG(s) 'tutorial_dag' retrieved from /Users/nestoralfaro/Desktop/pbi-scenario-two/py_env/lib/python3.9/site-packages/airflow/example_dags/tutorial_dag.py
[2024-05-02T00:08:06.944-0500] {logging_mixin.py:188} INFO - [2024-05-02T00:08:06.943-0500] {dag.py:3096} INFO - Sync 1 DAGs
[2024-05-02T00:08:06.948-0500] {logging_mixin.py:188} INFO - [2024-05-02T00:08:06.948-0500] {dag.py:3954} INFO - Setting next_dagrun for tutorial_dag to None, run_after=None
[2024-05-02T00:08:06.977-0500] {processor.py:183} INFO - Processing /Users/nestoralfaro/Desktop/pbi-scenario-two/py_env/lib/python3.9/site-packages/airflow/example_dags/tutorial_dag.py took 0.087 seconds
[2024-05-02T00:09:04.536-0500] {processor.py:161} INFO - Started process (PID=36352) to work on /Users/nestoralfaro/Desktop/pbi-scenario-two/py_env/lib/python3.9/site-packages/airflow/example_dags/tutorial_dag.py
[2024-05-02T00:09:04.538-0500] {processor.py:830} INFO - Processing file /Users/nestoralfaro/Desktop/pbi-scenario-two/py_env/lib/python3.9/site-packages/airflow/example_dags/tutorial_dag.py for tasks to queue
[2024-05-02T00:09:04.539-0500] {logging_mixin.py:188} INFO - [2024-05-02T00:09:04.538-0500] {dagbag.py:540} INFO - Filling up the DagBag from /Users/nestoralfaro/Desktop/pbi-scenario-two/py_env/lib/python3.9/site-packages/airflow/example_dags/tutorial_dag.py
[2024-05-02T00:09:04.549-0500] {processor.py:840} INFO - DAG(s) 'tutorial_dag' retrieved from /Users/nestoralfaro/Desktop/pbi-scenario-two/py_env/lib/python3.9/site-packages/airflow/example_dags/tutorial_dag.py
[2024-05-02T00:09:04.588-0500] {logging_mixin.py:188} INFO - [2024-05-02T00:09:04.587-0500] {dag.py:3096} INFO - Sync 1 DAGs
[2024-05-02T00:09:04.592-0500] {logging_mixin.py:188} INFO - [2024-05-02T00:09:04.592-0500] {dag.py:3954} INFO - Setting next_dagrun for tutorial_dag to None, run_after=None
[2024-05-02T00:09:04.621-0500] {processor.py:183} INFO - Processing /Users/nestoralfaro/Desktop/pbi-scenario-two/py_env/lib/python3.9/site-packages/airflow/example_dags/tutorial_dag.py took 0.086 seconds
[2024-05-02T00:10:02.154-0500] {processor.py:161} INFO - Started process (PID=36387) to work on /Users/nestoralfaro/Desktop/pbi-scenario-two/py_env/lib/python3.9/site-packages/airflow/example_dags/tutorial_dag.py
[2024-05-02T00:10:02.156-0500] {processor.py:830} INFO - Processing file /Users/nestoralfaro/Desktop/pbi-scenario-two/py_env/lib/python3.9/site-packages/airflow/example_dags/tutorial_dag.py for tasks to queue
[2024-05-02T00:10:02.156-0500] {logging_mixin.py:188} INFO - [2024-05-02T00:10:02.156-0500] {dagbag.py:540} INFO - Filling up the DagBag from /Users/nestoralfaro/Desktop/pbi-scenario-two/py_env/lib/python3.9/site-packages/airflow/example_dags/tutorial_dag.py
[2024-05-02T00:10:02.168-0500] {processor.py:840} INFO - DAG(s) 'tutorial_dag' retrieved from /Users/nestoralfaro/Desktop/pbi-scenario-two/py_env/lib/python3.9/site-packages/airflow/example_dags/tutorial_dag.py
[2024-05-02T00:10:02.208-0500] {logging_mixin.py:188} INFO - [2024-05-02T00:10:02.208-0500] {dag.py:3096} INFO - Sync 1 DAGs
[2024-05-02T00:10:02.213-0500] {logging_mixin.py:188} INFO - [2024-05-02T00:10:02.213-0500] {dag.py:3954} INFO - Setting next_dagrun for tutorial_dag to None, run_after=None
[2024-05-02T00:10:02.242-0500] {processor.py:183} INFO - Processing /Users/nestoralfaro/Desktop/pbi-scenario-two/py_env/lib/python3.9/site-packages/airflow/example_dags/tutorial_dag.py took 0.090 seconds
[2024-05-02T00:11:10.722-0500] {processor.py:161} INFO - Started process (PID=36409) to work on /Users/nestoralfaro/Desktop/pbi-scenario-two/py_env/lib/python3.9/site-packages/airflow/example_dags/tutorial_dag.py
[2024-05-02T00:11:10.724-0500] {processor.py:830} INFO - Processing file /Users/nestoralfaro/Desktop/pbi-scenario-two/py_env/lib/python3.9/site-packages/airflow/example_dags/tutorial_dag.py for tasks to queue
[2024-05-02T00:11:10.725-0500] {logging_mixin.py:188} INFO - [2024-05-02T00:11:10.725-0500] {dagbag.py:540} INFO - Filling up the DagBag from /Users/nestoralfaro/Desktop/pbi-scenario-two/py_env/lib/python3.9/site-packages/airflow/example_dags/tutorial_dag.py
[2024-05-02T00:11:10.735-0500] {processor.py:840} INFO - DAG(s) 'tutorial_dag' retrieved from /Users/nestoralfaro/Desktop/pbi-scenario-two/py_env/lib/python3.9/site-packages/airflow/example_dags/tutorial_dag.py
[2024-05-02T00:11:10.775-0500] {logging_mixin.py:188} INFO - [2024-05-02T00:11:10.775-0500] {dag.py:3096} INFO - Sync 1 DAGs
[2024-05-02T00:11:10.779-0500] {logging_mixin.py:188} INFO - [2024-05-02T00:11:10.779-0500] {dag.py:3954} INFO - Setting next_dagrun for tutorial_dag to None, run_after=None
[2024-05-02T00:11:10.809-0500] {processor.py:183} INFO - Processing /Users/nestoralfaro/Desktop/pbi-scenario-two/py_env/lib/python3.9/site-packages/airflow/example_dags/tutorial_dag.py took 0.088 seconds
[2024-05-02T00:12:37.350-0500] {processor.py:161} INFO - Started process (PID=36501) to work on /Users/nestoralfaro/Desktop/pbi-scenario-two/py_env/lib/python3.9/site-packages/airflow/example_dags/tutorial_dag.py
[2024-05-02T00:12:37.353-0500] {processor.py:830} INFO - Processing file /Users/nestoralfaro/Desktop/pbi-scenario-two/py_env/lib/python3.9/site-packages/airflow/example_dags/tutorial_dag.py for tasks to queue
[2024-05-02T00:12:37.353-0500] {logging_mixin.py:188} INFO - [2024-05-02T00:12:37.353-0500] {dagbag.py:540} INFO - Filling up the DagBag from /Users/nestoralfaro/Desktop/pbi-scenario-two/py_env/lib/python3.9/site-packages/airflow/example_dags/tutorial_dag.py
[2024-05-02T00:12:37.363-0500] {processor.py:840} INFO - DAG(s) 'tutorial_dag' retrieved from /Users/nestoralfaro/Desktop/pbi-scenario-two/py_env/lib/python3.9/site-packages/airflow/example_dags/tutorial_dag.py
[2024-05-02T00:12:37.403-0500] {logging_mixin.py:188} INFO - [2024-05-02T00:12:37.403-0500] {dag.py:3096} INFO - Sync 1 DAGs
[2024-05-02T00:12:37.407-0500] {logging_mixin.py:188} INFO - [2024-05-02T00:12:37.407-0500] {dag.py:3954} INFO - Setting next_dagrun for tutorial_dag to None, run_after=None
[2024-05-02T00:12:37.437-0500] {processor.py:183} INFO - Processing /Users/nestoralfaro/Desktop/pbi-scenario-two/py_env/lib/python3.9/site-packages/airflow/example_dags/tutorial_dag.py took 0.087 seconds
[2024-05-02T00:13:33.639-0500] {processor.py:161} INFO - Started process (PID=36548) to work on /Users/nestoralfaro/Desktop/pbi-scenario-two/py_env/lib/python3.9/site-packages/airflow/example_dags/tutorial_dag.py
[2024-05-02T00:13:33.641-0500] {processor.py:830} INFO - Processing file /Users/nestoralfaro/Desktop/pbi-scenario-two/py_env/lib/python3.9/site-packages/airflow/example_dags/tutorial_dag.py for tasks to queue
[2024-05-02T00:13:33.642-0500] {logging_mixin.py:188} INFO - [2024-05-02T00:13:33.642-0500] {dagbag.py:540} INFO - Filling up the DagBag from /Users/nestoralfaro/Desktop/pbi-scenario-two/py_env/lib/python3.9/site-packages/airflow/example_dags/tutorial_dag.py
[2024-05-02T00:13:33.653-0500] {processor.py:840} INFO - DAG(s) 'tutorial_dag' retrieved from /Users/nestoralfaro/Desktop/pbi-scenario-two/py_env/lib/python3.9/site-packages/airflow/example_dags/tutorial_dag.py
[2024-05-02T00:13:33.699-0500] {logging_mixin.py:188} INFO - [2024-05-02T00:13:33.698-0500] {dag.py:3096} INFO - Sync 1 DAGs
[2024-05-02T00:13:33.704-0500] {logging_mixin.py:188} INFO - [2024-05-02T00:13:33.704-0500] {dag.py:3954} INFO - Setting next_dagrun for tutorial_dag to None, run_after=None
[2024-05-02T00:13:33.744-0500] {processor.py:183} INFO - Processing /Users/nestoralfaro/Desktop/pbi-scenario-two/py_env/lib/python3.9/site-packages/airflow/example_dags/tutorial_dag.py took 0.106 seconds
[2024-05-02T00:15:01.912-0500] {processor.py:161} INFO - Started process (PID=36596) to work on /Users/nestoralfaro/Desktop/pbi-scenario-two/py_env/lib/python3.9/site-packages/airflow/example_dags/tutorial_dag.py
[2024-05-02T00:15:01.914-0500] {processor.py:830} INFO - Processing file /Users/nestoralfaro/Desktop/pbi-scenario-two/py_env/lib/python3.9/site-packages/airflow/example_dags/tutorial_dag.py for tasks to queue
[2024-05-02T00:15:01.915-0500] {logging_mixin.py:188} INFO - [2024-05-02T00:15:01.914-0500] {dagbag.py:540} INFO - Filling up the DagBag from /Users/nestoralfaro/Desktop/pbi-scenario-two/py_env/lib/python3.9/site-packages/airflow/example_dags/tutorial_dag.py
[2024-05-02T00:15:01.926-0500] {processor.py:840} INFO - DAG(s) 'tutorial_dag' retrieved from /Users/nestoralfaro/Desktop/pbi-scenario-two/py_env/lib/python3.9/site-packages/airflow/example_dags/tutorial_dag.py
[2024-05-02T00:15:01.967-0500] {logging_mixin.py:188} INFO - [2024-05-02T00:15:01.966-0500] {dag.py:3096} INFO - Sync 1 DAGs
[2024-05-02T00:15:01.971-0500] {logging_mixin.py:188} INFO - [2024-05-02T00:15:01.971-0500] {dag.py:3954} INFO - Setting next_dagrun for tutorial_dag to None, run_after=None
[2024-05-02T00:15:02.002-0500] {processor.py:183} INFO - Processing /Users/nestoralfaro/Desktop/pbi-scenario-two/py_env/lib/python3.9/site-packages/airflow/example_dags/tutorial_dag.py took 0.091 seconds
[2024-05-02T00:16:31.022-0500] {processor.py:161} INFO - Started process (PID=36665) to work on /Users/nestoralfaro/Desktop/pbi-scenario-two/py_env/lib/python3.9/site-packages/airflow/example_dags/tutorial_dag.py
[2024-05-02T00:16:31.023-0500] {processor.py:830} INFO - Processing file /Users/nestoralfaro/Desktop/pbi-scenario-two/py_env/lib/python3.9/site-packages/airflow/example_dags/tutorial_dag.py for tasks to queue
[2024-05-02T00:16:31.023-0500] {logging_mixin.py:188} INFO - [2024-05-02T00:16:31.023-0500] {dagbag.py:540} INFO - Filling up the DagBag from /Users/nestoralfaro/Desktop/pbi-scenario-two/py_env/lib/python3.9/site-packages/airflow/example_dags/tutorial_dag.py
[2024-05-02T00:16:31.034-0500] {processor.py:840} INFO - DAG(s) 'tutorial_dag' retrieved from /Users/nestoralfaro/Desktop/pbi-scenario-two/py_env/lib/python3.9/site-packages/airflow/example_dags/tutorial_dag.py
[2024-05-02T00:16:31.073-0500] {logging_mixin.py:188} INFO - [2024-05-02T00:16:31.072-0500] {dag.py:3096} INFO - Sync 1 DAGs
[2024-05-02T00:16:31.077-0500] {logging_mixin.py:188} INFO - [2024-05-02T00:16:31.077-0500] {dag.py:3954} INFO - Setting next_dagrun for tutorial_dag to None, run_after=None
[2024-05-02T00:16:31.107-0500] {processor.py:183} INFO - Processing /Users/nestoralfaro/Desktop/pbi-scenario-two/py_env/lib/python3.9/site-packages/airflow/example_dags/tutorial_dag.py took 0.086 seconds
[2024-05-02T00:17:28.225-0500] {processor.py:161} INFO - Started process (PID=36703) to work on /Users/nestoralfaro/Desktop/pbi-scenario-two/py_env/lib/python3.9/site-packages/airflow/example_dags/tutorial_dag.py
[2024-05-02T00:17:28.226-0500] {processor.py:830} INFO - Processing file /Users/nestoralfaro/Desktop/pbi-scenario-two/py_env/lib/python3.9/site-packages/airflow/example_dags/tutorial_dag.py for tasks to queue
[2024-05-02T00:17:28.226-0500] {logging_mixin.py:188} INFO - [2024-05-02T00:17:28.226-0500] {dagbag.py:540} INFO - Filling up the DagBag from /Users/nestoralfaro/Desktop/pbi-scenario-two/py_env/lib/python3.9/site-packages/airflow/example_dags/tutorial_dag.py
[2024-05-02T00:17:28.238-0500] {processor.py:840} INFO - DAG(s) 'tutorial_dag' retrieved from /Users/nestoralfaro/Desktop/pbi-scenario-two/py_env/lib/python3.9/site-packages/airflow/example_dags/tutorial_dag.py
[2024-05-02T00:17:28.278-0500] {logging_mixin.py:188} INFO - [2024-05-02T00:17:28.278-0500] {dag.py:3096} INFO - Sync 1 DAGs
[2024-05-02T00:17:28.283-0500] {logging_mixin.py:188} INFO - [2024-05-02T00:17:28.283-0500] {dag.py:3954} INFO - Setting next_dagrun for tutorial_dag to None, run_after=None
[2024-05-02T00:17:28.315-0500] {processor.py:183} INFO - Processing /Users/nestoralfaro/Desktop/pbi-scenario-two/py_env/lib/python3.9/site-packages/airflow/example_dags/tutorial_dag.py took 0.091 seconds
[2024-05-02T00:18:26.636-0500] {processor.py:161} INFO - Started process (PID=36739) to work on /Users/nestoralfaro/Desktop/pbi-scenario-two/py_env/lib/python3.9/site-packages/airflow/example_dags/tutorial_dag.py
[2024-05-02T00:18:26.638-0500] {processor.py:830} INFO - Processing file /Users/nestoralfaro/Desktop/pbi-scenario-two/py_env/lib/python3.9/site-packages/airflow/example_dags/tutorial_dag.py for tasks to queue
[2024-05-02T00:18:26.638-0500] {logging_mixin.py:188} INFO - [2024-05-02T00:18:26.638-0500] {dagbag.py:540} INFO - Filling up the DagBag from /Users/nestoralfaro/Desktop/pbi-scenario-two/py_env/lib/python3.9/site-packages/airflow/example_dags/tutorial_dag.py
[2024-05-02T00:18:26.649-0500] {processor.py:840} INFO - DAG(s) 'tutorial_dag' retrieved from /Users/nestoralfaro/Desktop/pbi-scenario-two/py_env/lib/python3.9/site-packages/airflow/example_dags/tutorial_dag.py
[2024-05-02T00:18:26.689-0500] {logging_mixin.py:188} INFO - [2024-05-02T00:18:26.689-0500] {dag.py:3096} INFO - Sync 1 DAGs
[2024-05-02T00:18:26.693-0500] {logging_mixin.py:188} INFO - [2024-05-02T00:18:26.693-0500] {dag.py:3954} INFO - Setting next_dagrun for tutorial_dag to None, run_after=None
[2024-05-02T00:18:26.726-0500] {processor.py:183} INFO - Processing /Users/nestoralfaro/Desktop/pbi-scenario-two/py_env/lib/python3.9/site-packages/airflow/example_dags/tutorial_dag.py took 0.091 seconds
[2024-05-02T00:19:25.353-0500] {processor.py:161} INFO - Started process (PID=36811) to work on /Users/nestoralfaro/Desktop/pbi-scenario-two/py_env/lib/python3.9/site-packages/airflow/example_dags/tutorial_dag.py
[2024-05-02T00:19:25.356-0500] {processor.py:830} INFO - Processing file /Users/nestoralfaro/Desktop/pbi-scenario-two/py_env/lib/python3.9/site-packages/airflow/example_dags/tutorial_dag.py for tasks to queue
[2024-05-02T00:19:25.356-0500] {logging_mixin.py:188} INFO - [2024-05-02T00:19:25.356-0500] {dagbag.py:540} INFO - Filling up the DagBag from /Users/nestoralfaro/Desktop/pbi-scenario-two/py_env/lib/python3.9/site-packages/airflow/example_dags/tutorial_dag.py
[2024-05-02T00:19:25.366-0500] {processor.py:840} INFO - DAG(s) 'tutorial_dag' retrieved from /Users/nestoralfaro/Desktop/pbi-scenario-two/py_env/lib/python3.9/site-packages/airflow/example_dags/tutorial_dag.py
[2024-05-02T00:19:25.406-0500] {logging_mixin.py:188} INFO - [2024-05-02T00:19:25.405-0500] {dag.py:3096} INFO - Sync 1 DAGs
[2024-05-02T00:19:25.410-0500] {logging_mixin.py:188} INFO - [2024-05-02T00:19:25.409-0500] {dag.py:3954} INFO - Setting next_dagrun for tutorial_dag to None, run_after=None
[2024-05-02T00:19:25.439-0500] {processor.py:183} INFO - Processing /Users/nestoralfaro/Desktop/pbi-scenario-two/py_env/lib/python3.9/site-packages/airflow/example_dags/tutorial_dag.py took 0.087 seconds
[2024-05-02T00:20:22.661-0500] {processor.py:161} INFO - Started process (PID=36849) to work on /Users/nestoralfaro/Desktop/pbi-scenario-two/py_env/lib/python3.9/site-packages/airflow/example_dags/tutorial_dag.py
[2024-05-02T00:20:22.662-0500] {processor.py:830} INFO - Processing file /Users/nestoralfaro/Desktop/pbi-scenario-two/py_env/lib/python3.9/site-packages/airflow/example_dags/tutorial_dag.py for tasks to queue
[2024-05-02T00:20:22.662-0500] {logging_mixin.py:188} INFO - [2024-05-02T00:20:22.662-0500] {dagbag.py:540} INFO - Filling up the DagBag from /Users/nestoralfaro/Desktop/pbi-scenario-two/py_env/lib/python3.9/site-packages/airflow/example_dags/tutorial_dag.py
[2024-05-02T00:20:22.673-0500] {processor.py:840} INFO - DAG(s) 'tutorial_dag' retrieved from /Users/nestoralfaro/Desktop/pbi-scenario-two/py_env/lib/python3.9/site-packages/airflow/example_dags/tutorial_dag.py
[2024-05-02T00:20:22.715-0500] {logging_mixin.py:188} INFO - [2024-05-02T00:20:22.714-0500] {dag.py:3096} INFO - Sync 1 DAGs
[2024-05-02T00:20:22.719-0500] {logging_mixin.py:188} INFO - [2024-05-02T00:20:22.719-0500] {dag.py:3954} INFO - Setting next_dagrun for tutorial_dag to None, run_after=None
[2024-05-02T00:20:22.750-0500] {processor.py:183} INFO - Processing /Users/nestoralfaro/Desktop/pbi-scenario-two/py_env/lib/python3.9/site-packages/airflow/example_dags/tutorial_dag.py took 0.091 seconds
[2024-05-02T00:21:23.131-0500] {processor.py:161} INFO - Started process (PID=36885) to work on /Users/nestoralfaro/Desktop/pbi-scenario-two/py_env/lib/python3.9/site-packages/airflow/example_dags/tutorial_dag.py
[2024-05-02T00:21:23.133-0500] {processor.py:830} INFO - Processing file /Users/nestoralfaro/Desktop/pbi-scenario-two/py_env/lib/python3.9/site-packages/airflow/example_dags/tutorial_dag.py for tasks to queue
[2024-05-02T00:21:23.133-0500] {logging_mixin.py:188} INFO - [2024-05-02T00:21:23.133-0500] {dagbag.py:540} INFO - Filling up the DagBag from /Users/nestoralfaro/Desktop/pbi-scenario-two/py_env/lib/python3.9/site-packages/airflow/example_dags/tutorial_dag.py
[2024-05-02T00:21:23.143-0500] {processor.py:840} INFO - DAG(s) 'tutorial_dag' retrieved from /Users/nestoralfaro/Desktop/pbi-scenario-two/py_env/lib/python3.9/site-packages/airflow/example_dags/tutorial_dag.py
[2024-05-02T00:21:23.187-0500] {logging_mixin.py:188} INFO - [2024-05-02T00:21:23.187-0500] {dag.py:3096} INFO - Sync 1 DAGs
[2024-05-02T00:21:23.191-0500] {logging_mixin.py:188} INFO - [2024-05-02T00:21:23.191-0500] {dag.py:3954} INFO - Setting next_dagrun for tutorial_dag to None, run_after=None
[2024-05-02T00:21:23.224-0500] {processor.py:183} INFO - Processing /Users/nestoralfaro/Desktop/pbi-scenario-two/py_env/lib/python3.9/site-packages/airflow/example_dags/tutorial_dag.py took 0.094 seconds
[2024-05-02T00:22:21.362-0500] {processor.py:161} INFO - Started process (PID=36943) to work on /Users/nestoralfaro/Desktop/pbi-scenario-two/py_env/lib/python3.9/site-packages/airflow/example_dags/tutorial_dag.py
[2024-05-02T00:22:21.363-0500] {processor.py:830} INFO - Processing file /Users/nestoralfaro/Desktop/pbi-scenario-two/py_env/lib/python3.9/site-packages/airflow/example_dags/tutorial_dag.py for tasks to queue
[2024-05-02T00:22:21.364-0500] {logging_mixin.py:188} INFO - [2024-05-02T00:22:21.364-0500] {dagbag.py:540} INFO - Filling up the DagBag from /Users/nestoralfaro/Desktop/pbi-scenario-two/py_env/lib/python3.9/site-packages/airflow/example_dags/tutorial_dag.py
[2024-05-02T00:22:21.375-0500] {processor.py:840} INFO - DAG(s) 'tutorial_dag' retrieved from /Users/nestoralfaro/Desktop/pbi-scenario-two/py_env/lib/python3.9/site-packages/airflow/example_dags/tutorial_dag.py
[2024-05-02T00:22:21.416-0500] {logging_mixin.py:188} INFO - [2024-05-02T00:22:21.416-0500] {dag.py:3096} INFO - Sync 1 DAGs
[2024-05-02T00:22:21.420-0500] {logging_mixin.py:188} INFO - [2024-05-02T00:22:21.420-0500] {dag.py:3954} INFO - Setting next_dagrun for tutorial_dag to None, run_after=None
[2024-05-02T00:22:21.451-0500] {processor.py:183} INFO - Processing /Users/nestoralfaro/Desktop/pbi-scenario-two/py_env/lib/python3.9/site-packages/airflow/example_dags/tutorial_dag.py took 0.090 seconds
[2024-05-02T00:23:16.673-0500] {processor.py:161} INFO - Started process (PID=36998) to work on /Users/nestoralfaro/Desktop/pbi-scenario-two/py_env/lib/python3.9/site-packages/airflow/example_dags/tutorial_dag.py
[2024-05-02T00:23:16.676-0500] {processor.py:830} INFO - Processing file /Users/nestoralfaro/Desktop/pbi-scenario-two/py_env/lib/python3.9/site-packages/airflow/example_dags/tutorial_dag.py for tasks to queue
[2024-05-02T00:23:16.676-0500] {logging_mixin.py:188} INFO - [2024-05-02T00:23:16.676-0500] {dagbag.py:540} INFO - Filling up the DagBag from /Users/nestoralfaro/Desktop/pbi-scenario-two/py_env/lib/python3.9/site-packages/airflow/example_dags/tutorial_dag.py
[2024-05-02T00:23:16.687-0500] {processor.py:840} INFO - DAG(s) 'tutorial_dag' retrieved from /Users/nestoralfaro/Desktop/pbi-scenario-two/py_env/lib/python3.9/site-packages/airflow/example_dags/tutorial_dag.py
[2024-05-02T00:23:16.731-0500] {logging_mixin.py:188} INFO - [2024-05-02T00:23:16.731-0500] {dag.py:3096} INFO - Sync 1 DAGs
[2024-05-02T00:23:16.736-0500] {logging_mixin.py:188} INFO - [2024-05-02T00:23:16.736-0500] {dag.py:3954} INFO - Setting next_dagrun for tutorial_dag to None, run_after=None
[2024-05-02T00:23:16.770-0500] {processor.py:183} INFO - Processing /Users/nestoralfaro/Desktop/pbi-scenario-two/py_env/lib/python3.9/site-packages/airflow/example_dags/tutorial_dag.py took 0.097 seconds
[2024-05-02T00:24:11.439-0500] {processor.py:161} INFO - Started process (PID=37054) to work on /Users/nestoralfaro/Desktop/pbi-scenario-two/py_env/lib/python3.9/site-packages/airflow/example_dags/tutorial_dag.py
[2024-05-02T00:24:11.441-0500] {processor.py:830} INFO - Processing file /Users/nestoralfaro/Desktop/pbi-scenario-two/py_env/lib/python3.9/site-packages/airflow/example_dags/tutorial_dag.py for tasks to queue
[2024-05-02T00:24:11.441-0500] {logging_mixin.py:188} INFO - [2024-05-02T00:24:11.441-0500] {dagbag.py:540} INFO - Filling up the DagBag from /Users/nestoralfaro/Desktop/pbi-scenario-two/py_env/lib/python3.9/site-packages/airflow/example_dags/tutorial_dag.py
[2024-05-02T00:24:11.451-0500] {processor.py:840} INFO - DAG(s) 'tutorial_dag' retrieved from /Users/nestoralfaro/Desktop/pbi-scenario-two/py_env/lib/python3.9/site-packages/airflow/example_dags/tutorial_dag.py
[2024-05-02T00:24:11.491-0500] {logging_mixin.py:188} INFO - [2024-05-02T00:24:11.491-0500] {dag.py:3096} INFO - Sync 1 DAGs
[2024-05-02T00:24:11.495-0500] {logging_mixin.py:188} INFO - [2024-05-02T00:24:11.495-0500] {dag.py:3954} INFO - Setting next_dagrun for tutorial_dag to None, run_after=None
[2024-05-02T00:24:11.525-0500] {processor.py:183} INFO - Processing /Users/nestoralfaro/Desktop/pbi-scenario-two/py_env/lib/python3.9/site-packages/airflow/example_dags/tutorial_dag.py took 0.087 seconds
