[2024-05-01T23:30:12.635-0500] {processor.py:161} INFO - Started process (PID=34739) to work on /Users/nestoralfaro/Desktop/pbi-scenario-two/py_env/lib/python3.9/site-packages/airflow/example_dags/tutorial_objectstorage.py
[2024-05-01T23:30:12.636-0500] {processor.py:830} INFO - Processing file /Users/nestoralfaro/Desktop/pbi-scenario-two/py_env/lib/python3.9/site-packages/airflow/example_dags/tutorial_objectstorage.py for tasks to queue
[2024-05-01T23:30:12.637-0500] {logging_mixin.py:188} INFO - [2024-05-01T23:30:12.636-0500] {dagbag.py:540} INFO - Filling up the DagBag from /Users/nestoralfaro/Desktop/pbi-scenario-two/py_env/lib/python3.9/site-packages/airflow/example_dags/tutorial_objectstorage.py
[2024-05-01T23:30:12.667-0500] {processor.py:840} INFO - DAG(s) 'tutorial_objectstorage' retrieved from /Users/nestoralfaro/Desktop/pbi-scenario-two/py_env/lib/python3.9/site-packages/airflow/example_dags/tutorial_objectstorage.py
[2024-05-01T23:30:12.768-0500] {logging_mixin.py:188} INFO - [2024-05-01T23:30:12.768-0500] {dag.py:3096} INFO - Sync 1 DAGs
[2024-05-01T23:30:12.772-0500] {logging_mixin.py:188} INFO - [2024-05-01T23:30:12.772-0500] {dag.py:3954} INFO - Setting next_dagrun for tutorial_objectstorage to None, run_after=None
[2024-05-01T23:30:12.779-0500] {processor.py:183} INFO - Processing /Users/nestoralfaro/Desktop/pbi-scenario-two/py_env/lib/python3.9/site-packages/airflow/example_dags/tutorial_objectstorage.py took 0.146 seconds
[2024-05-01T23:31:40.361-0500] {processor.py:161} INFO - Started process (PID=34795) to work on /Users/nestoralfaro/Desktop/pbi-scenario-two/py_env/lib/python3.9/site-packages/airflow/example_dags/tutorial_objectstorage.py
[2024-05-01T23:31:40.363-0500] {processor.py:830} INFO - Processing file /Users/nestoralfaro/Desktop/pbi-scenario-two/py_env/lib/python3.9/site-packages/airflow/example_dags/tutorial_objectstorage.py for tasks to queue
[2024-05-01T23:31:40.363-0500] {logging_mixin.py:188} INFO - [2024-05-01T23:31:40.363-0500] {dagbag.py:540} INFO - Filling up the DagBag from /Users/nestoralfaro/Desktop/pbi-scenario-two/py_env/lib/python3.9/site-packages/airflow/example_dags/tutorial_objectstorage.py
[2024-05-01T23:31:40.399-0500] {processor.py:840} INFO - DAG(s) 'tutorial_objectstorage' retrieved from /Users/nestoralfaro/Desktop/pbi-scenario-two/py_env/lib/python3.9/site-packages/airflow/example_dags/tutorial_objectstorage.py
[2024-05-01T23:31:40.468-0500] {logging_mixin.py:188} INFO - [2024-05-01T23:31:40.468-0500] {dag.py:3096} INFO - Sync 1 DAGs
[2024-05-01T23:31:40.472-0500] {logging_mixin.py:188} INFO - [2024-05-01T23:31:40.472-0500] {dag.py:3954} INFO - Setting next_dagrun for tutorial_objectstorage to None, run_after=None
[2024-05-01T23:31:40.479-0500] {processor.py:183} INFO - Processing /Users/nestoralfaro/Desktop/pbi-scenario-two/py_env/lib/python3.9/site-packages/airflow/example_dags/tutorial_objectstorage.py took 0.119 seconds
[2024-05-01T23:32:45.682-0500] {processor.py:161} INFO - Started process (PID=34852) to work on /Users/nestoralfaro/Desktop/pbi-scenario-two/py_env/lib/python3.9/site-packages/airflow/example_dags/tutorial_objectstorage.py
[2024-05-01T23:32:45.684-0500] {processor.py:830} INFO - Processing file /Users/nestoralfaro/Desktop/pbi-scenario-two/py_env/lib/python3.9/site-packages/airflow/example_dags/tutorial_objectstorage.py for tasks to queue
[2024-05-01T23:32:45.685-0500] {logging_mixin.py:188} INFO - [2024-05-01T23:32:45.685-0500] {dagbag.py:540} INFO - Filling up the DagBag from /Users/nestoralfaro/Desktop/pbi-scenario-two/py_env/lib/python3.9/site-packages/airflow/example_dags/tutorial_objectstorage.py
[2024-05-01T23:32:45.726-0500] {processor.py:840} INFO - DAG(s) 'tutorial_objectstorage' retrieved from /Users/nestoralfaro/Desktop/pbi-scenario-two/py_env/lib/python3.9/site-packages/airflow/example_dags/tutorial_objectstorage.py
[2024-05-01T23:32:45.798-0500] {logging_mixin.py:188} INFO - [2024-05-01T23:32:45.798-0500] {dag.py:3096} INFO - Sync 1 DAGs
[2024-05-01T23:32:45.802-0500] {logging_mixin.py:188} INFO - [2024-05-01T23:32:45.802-0500] {dag.py:3954} INFO - Setting next_dagrun for tutorial_objectstorage to None, run_after=None
[2024-05-01T23:32:45.810-0500] {processor.py:183} INFO - Processing /Users/nestoralfaro/Desktop/pbi-scenario-two/py_env/lib/python3.9/site-packages/airflow/example_dags/tutorial_objectstorage.py took 0.130 seconds
[2024-05-01T23:33:48.945-0500] {processor.py:161} INFO - Started process (PID=34902) to work on /Users/nestoralfaro/Desktop/pbi-scenario-two/py_env/lib/python3.9/site-packages/airflow/example_dags/tutorial_objectstorage.py
[2024-05-01T23:33:48.947-0500] {processor.py:830} INFO - Processing file /Users/nestoralfaro/Desktop/pbi-scenario-two/py_env/lib/python3.9/site-packages/airflow/example_dags/tutorial_objectstorage.py for tasks to queue
[2024-05-01T23:33:48.947-0500] {logging_mixin.py:188} INFO - [2024-05-01T23:33:48.947-0500] {dagbag.py:540} INFO - Filling up the DagBag from /Users/nestoralfaro/Desktop/pbi-scenario-two/py_env/lib/python3.9/site-packages/airflow/example_dags/tutorial_objectstorage.py
[2024-05-01T23:33:48.985-0500] {processor.py:840} INFO - DAG(s) 'tutorial_objectstorage' retrieved from /Users/nestoralfaro/Desktop/pbi-scenario-two/py_env/lib/python3.9/site-packages/airflow/example_dags/tutorial_objectstorage.py
[2024-05-01T23:33:49.054-0500] {logging_mixin.py:188} INFO - [2024-05-01T23:33:49.054-0500] {dag.py:3096} INFO - Sync 1 DAGs
[2024-05-01T23:33:49.058-0500] {logging_mixin.py:188} INFO - [2024-05-01T23:33:49.058-0500] {dag.py:3954} INFO - Setting next_dagrun for tutorial_objectstorage to None, run_after=None
[2024-05-01T23:33:49.066-0500] {processor.py:183} INFO - Processing /Users/nestoralfaro/Desktop/pbi-scenario-two/py_env/lib/python3.9/site-packages/airflow/example_dags/tutorial_objectstorage.py took 0.123 seconds
[2024-05-01T23:34:48.734-0500] {processor.py:161} INFO - Started process (PID=34938) to work on /Users/nestoralfaro/Desktop/pbi-scenario-two/py_env/lib/python3.9/site-packages/airflow/example_dags/tutorial_objectstorage.py
[2024-05-01T23:34:48.735-0500] {processor.py:830} INFO - Processing file /Users/nestoralfaro/Desktop/pbi-scenario-two/py_env/lib/python3.9/site-packages/airflow/example_dags/tutorial_objectstorage.py for tasks to queue
[2024-05-01T23:34:48.736-0500] {logging_mixin.py:188} INFO - [2024-05-01T23:34:48.736-0500] {dagbag.py:540} INFO - Filling up the DagBag from /Users/nestoralfaro/Desktop/pbi-scenario-two/py_env/lib/python3.9/site-packages/airflow/example_dags/tutorial_objectstorage.py
[2024-05-01T23:34:48.767-0500] {processor.py:840} INFO - DAG(s) 'tutorial_objectstorage' retrieved from /Users/nestoralfaro/Desktop/pbi-scenario-two/py_env/lib/python3.9/site-packages/airflow/example_dags/tutorial_objectstorage.py
[2024-05-01T23:34:48.836-0500] {logging_mixin.py:188} INFO - [2024-05-01T23:34:48.835-0500] {dag.py:3096} INFO - Sync 1 DAGs
[2024-05-01T23:34:48.840-0500] {logging_mixin.py:188} INFO - [2024-05-01T23:34:48.839-0500] {dag.py:3954} INFO - Setting next_dagrun for tutorial_objectstorage to None, run_after=None
[2024-05-01T23:34:48.848-0500] {processor.py:183} INFO - Processing /Users/nestoralfaro/Desktop/pbi-scenario-two/py_env/lib/python3.9/site-packages/airflow/example_dags/tutorial_objectstorage.py took 0.115 seconds
[2024-05-01T23:35:46.299-0500] {processor.py:161} INFO - Started process (PID=34972) to work on /Users/nestoralfaro/Desktop/pbi-scenario-two/py_env/lib/python3.9/site-packages/airflow/example_dags/tutorial_objectstorage.py
[2024-05-01T23:35:46.300-0500] {processor.py:830} INFO - Processing file /Users/nestoralfaro/Desktop/pbi-scenario-two/py_env/lib/python3.9/site-packages/airflow/example_dags/tutorial_objectstorage.py for tasks to queue
[2024-05-01T23:35:46.301-0500] {logging_mixin.py:188} INFO - [2024-05-01T23:35:46.301-0500] {dagbag.py:540} INFO - Filling up the DagBag from /Users/nestoralfaro/Desktop/pbi-scenario-two/py_env/lib/python3.9/site-packages/airflow/example_dags/tutorial_objectstorage.py
[2024-05-01T23:35:46.332-0500] {processor.py:840} INFO - DAG(s) 'tutorial_objectstorage' retrieved from /Users/nestoralfaro/Desktop/pbi-scenario-two/py_env/lib/python3.9/site-packages/airflow/example_dags/tutorial_objectstorage.py
[2024-05-01T23:35:46.402-0500] {logging_mixin.py:188} INFO - [2024-05-01T23:35:46.401-0500] {dag.py:3096} INFO - Sync 1 DAGs
[2024-05-01T23:35:46.406-0500] {logging_mixin.py:188} INFO - [2024-05-01T23:35:46.405-0500] {dag.py:3954} INFO - Setting next_dagrun for tutorial_objectstorage to None, run_after=None
[2024-05-01T23:35:46.413-0500] {processor.py:183} INFO - Processing /Users/nestoralfaro/Desktop/pbi-scenario-two/py_env/lib/python3.9/site-packages/airflow/example_dags/tutorial_objectstorage.py took 0.116 seconds
[2024-05-01T23:36:41.955-0500] {processor.py:161} INFO - Started process (PID=35007) to work on /Users/nestoralfaro/Desktop/pbi-scenario-two/py_env/lib/python3.9/site-packages/airflow/example_dags/tutorial_objectstorage.py
[2024-05-01T23:36:41.957-0500] {processor.py:830} INFO - Processing file /Users/nestoralfaro/Desktop/pbi-scenario-two/py_env/lib/python3.9/site-packages/airflow/example_dags/tutorial_objectstorage.py for tasks to queue
[2024-05-01T23:36:41.958-0500] {logging_mixin.py:188} INFO - [2024-05-01T23:36:41.958-0500] {dagbag.py:540} INFO - Filling up the DagBag from /Users/nestoralfaro/Desktop/pbi-scenario-two/py_env/lib/python3.9/site-packages/airflow/example_dags/tutorial_objectstorage.py
[2024-05-01T23:36:41.994-0500] {processor.py:840} INFO - DAG(s) 'tutorial_objectstorage' retrieved from /Users/nestoralfaro/Desktop/pbi-scenario-two/py_env/lib/python3.9/site-packages/airflow/example_dags/tutorial_objectstorage.py
[2024-05-01T23:36:42.064-0500] {logging_mixin.py:188} INFO - [2024-05-01T23:36:42.064-0500] {dag.py:3096} INFO - Sync 1 DAGs
[2024-05-01T23:36:42.068-0500] {logging_mixin.py:188} INFO - [2024-05-01T23:36:42.068-0500] {dag.py:3954} INFO - Setting next_dagrun for tutorial_objectstorage to None, run_after=None
[2024-05-01T23:36:42.075-0500] {processor.py:183} INFO - Processing /Users/nestoralfaro/Desktop/pbi-scenario-two/py_env/lib/python3.9/site-packages/airflow/example_dags/tutorial_objectstorage.py took 0.121 seconds
[2024-05-01T23:37:38.338-0500] {processor.py:161} INFO - Started process (PID=35041) to work on /Users/nestoralfaro/Desktop/pbi-scenario-two/py_env/lib/python3.9/site-packages/airflow/example_dags/tutorial_objectstorage.py
[2024-05-01T23:37:38.340-0500] {processor.py:830} INFO - Processing file /Users/nestoralfaro/Desktop/pbi-scenario-two/py_env/lib/python3.9/site-packages/airflow/example_dags/tutorial_objectstorage.py for tasks to queue
[2024-05-01T23:37:38.340-0500] {logging_mixin.py:188} INFO - [2024-05-01T23:37:38.340-0500] {dagbag.py:540} INFO - Filling up the DagBag from /Users/nestoralfaro/Desktop/pbi-scenario-two/py_env/lib/python3.9/site-packages/airflow/example_dags/tutorial_objectstorage.py
[2024-05-01T23:37:38.374-0500] {processor.py:840} INFO - DAG(s) 'tutorial_objectstorage' retrieved from /Users/nestoralfaro/Desktop/pbi-scenario-two/py_env/lib/python3.9/site-packages/airflow/example_dags/tutorial_objectstorage.py
[2024-05-01T23:37:38.440-0500] {logging_mixin.py:188} INFO - [2024-05-01T23:37:38.440-0500] {dag.py:3096} INFO - Sync 1 DAGs
[2024-05-01T23:37:38.444-0500] {logging_mixin.py:188} INFO - [2024-05-01T23:37:38.443-0500] {dag.py:3954} INFO - Setting next_dagrun for tutorial_objectstorage to None, run_after=None
[2024-05-01T23:37:38.452-0500] {processor.py:183} INFO - Processing /Users/nestoralfaro/Desktop/pbi-scenario-two/py_env/lib/python3.9/site-packages/airflow/example_dags/tutorial_objectstorage.py took 0.116 seconds
[2024-05-01T23:38:36.207-0500] {processor.py:161} INFO - Started process (PID=35076) to work on /Users/nestoralfaro/Desktop/pbi-scenario-two/py_env/lib/python3.9/site-packages/airflow/example_dags/tutorial_objectstorage.py
[2024-05-01T23:38:36.209-0500] {processor.py:830} INFO - Processing file /Users/nestoralfaro/Desktop/pbi-scenario-two/py_env/lib/python3.9/site-packages/airflow/example_dags/tutorial_objectstorage.py for tasks to queue
[2024-05-01T23:38:36.210-0500] {logging_mixin.py:188} INFO - [2024-05-01T23:38:36.209-0500] {dagbag.py:540} INFO - Filling up the DagBag from /Users/nestoralfaro/Desktop/pbi-scenario-two/py_env/lib/python3.9/site-packages/airflow/example_dags/tutorial_objectstorage.py
[2024-05-01T23:38:36.244-0500] {processor.py:840} INFO - DAG(s) 'tutorial_objectstorage' retrieved from /Users/nestoralfaro/Desktop/pbi-scenario-two/py_env/lib/python3.9/site-packages/airflow/example_dags/tutorial_objectstorage.py
[2024-05-01T23:38:36.306-0500] {logging_mixin.py:188} INFO - [2024-05-01T23:38:36.306-0500] {dag.py:3096} INFO - Sync 1 DAGs
[2024-05-01T23:38:36.310-0500] {logging_mixin.py:188} INFO - [2024-05-01T23:38:36.310-0500] {dag.py:3954} INFO - Setting next_dagrun for tutorial_objectstorage to None, run_after=None
[2024-05-01T23:38:36.317-0500] {processor.py:183} INFO - Processing /Users/nestoralfaro/Desktop/pbi-scenario-two/py_env/lib/python3.9/site-packages/airflow/example_dags/tutorial_objectstorage.py took 0.111 seconds
[2024-05-01T23:39:34.116-0500] {processor.py:161} INFO - Started process (PID=35113) to work on /Users/nestoralfaro/Desktop/pbi-scenario-two/py_env/lib/python3.9/site-packages/airflow/example_dags/tutorial_objectstorage.py
[2024-05-01T23:39:34.118-0500] {processor.py:830} INFO - Processing file /Users/nestoralfaro/Desktop/pbi-scenario-two/py_env/lib/python3.9/site-packages/airflow/example_dags/tutorial_objectstorage.py for tasks to queue
[2024-05-01T23:39:34.118-0500] {logging_mixin.py:188} INFO - [2024-05-01T23:39:34.118-0500] {dagbag.py:540} INFO - Filling up the DagBag from /Users/nestoralfaro/Desktop/pbi-scenario-two/py_env/lib/python3.9/site-packages/airflow/example_dags/tutorial_objectstorage.py
[2024-05-01T23:39:34.154-0500] {processor.py:840} INFO - DAG(s) 'tutorial_objectstorage' retrieved from /Users/nestoralfaro/Desktop/pbi-scenario-two/py_env/lib/python3.9/site-packages/airflow/example_dags/tutorial_objectstorage.py
[2024-05-01T23:39:34.219-0500] {logging_mixin.py:188} INFO - [2024-05-01T23:39:34.219-0500] {dag.py:3096} INFO - Sync 1 DAGs
[2024-05-01T23:39:34.223-0500] {logging_mixin.py:188} INFO - [2024-05-01T23:39:34.223-0500] {dag.py:3954} INFO - Setting next_dagrun for tutorial_objectstorage to None, run_after=None
[2024-05-01T23:39:34.230-0500] {processor.py:183} INFO - Processing /Users/nestoralfaro/Desktop/pbi-scenario-two/py_env/lib/python3.9/site-packages/airflow/example_dags/tutorial_objectstorage.py took 0.116 seconds
[2024-05-01T23:40:29.998-0500] {processor.py:161} INFO - Started process (PID=35166) to work on /Users/nestoralfaro/Desktop/pbi-scenario-two/py_env/lib/python3.9/site-packages/airflow/example_dags/tutorial_objectstorage.py
[2024-05-01T23:40:30.000-0500] {processor.py:830} INFO - Processing file /Users/nestoralfaro/Desktop/pbi-scenario-two/py_env/lib/python3.9/site-packages/airflow/example_dags/tutorial_objectstorage.py for tasks to queue
[2024-05-01T23:40:30.000-0500] {logging_mixin.py:188} INFO - [2024-05-01T23:40:30.000-0500] {dagbag.py:540} INFO - Filling up the DagBag from /Users/nestoralfaro/Desktop/pbi-scenario-two/py_env/lib/python3.9/site-packages/airflow/example_dags/tutorial_objectstorage.py
[2024-05-01T23:40:30.038-0500] {processor.py:840} INFO - DAG(s) 'tutorial_objectstorage' retrieved from /Users/nestoralfaro/Desktop/pbi-scenario-two/py_env/lib/python3.9/site-packages/airflow/example_dags/tutorial_objectstorage.py
[2024-05-01T23:40:30.108-0500] {logging_mixin.py:188} INFO - [2024-05-01T23:40:30.108-0500] {dag.py:3096} INFO - Sync 1 DAGs
[2024-05-01T23:40:30.112-0500] {logging_mixin.py:188} INFO - [2024-05-01T23:40:30.112-0500] {dag.py:3954} INFO - Setting next_dagrun for tutorial_objectstorage to None, run_after=None
[2024-05-01T23:40:30.121-0500] {processor.py:183} INFO - Processing /Users/nestoralfaro/Desktop/pbi-scenario-two/py_env/lib/python3.9/site-packages/airflow/example_dags/tutorial_objectstorage.py took 0.124 seconds
[2024-05-01T23:41:25.763-0500] {processor.py:161} INFO - Started process (PID=35201) to work on /Users/nestoralfaro/Desktop/pbi-scenario-two/py_env/lib/python3.9/site-packages/airflow/example_dags/tutorial_objectstorage.py
[2024-05-01T23:41:25.765-0500] {processor.py:830} INFO - Processing file /Users/nestoralfaro/Desktop/pbi-scenario-two/py_env/lib/python3.9/site-packages/airflow/example_dags/tutorial_objectstorage.py for tasks to queue
[2024-05-01T23:41:25.766-0500] {logging_mixin.py:188} INFO - [2024-05-01T23:41:25.766-0500] {dagbag.py:540} INFO - Filling up the DagBag from /Users/nestoralfaro/Desktop/pbi-scenario-two/py_env/lib/python3.9/site-packages/airflow/example_dags/tutorial_objectstorage.py
[2024-05-01T23:41:25.804-0500] {processor.py:840} INFO - DAG(s) 'tutorial_objectstorage' retrieved from /Users/nestoralfaro/Desktop/pbi-scenario-two/py_env/lib/python3.9/site-packages/airflow/example_dags/tutorial_objectstorage.py
[2024-05-01T23:41:25.875-0500] {logging_mixin.py:188} INFO - [2024-05-01T23:41:25.875-0500] {dag.py:3096} INFO - Sync 1 DAGs
[2024-05-01T23:41:25.879-0500] {logging_mixin.py:188} INFO - [2024-05-01T23:41:25.879-0500] {dag.py:3954} INFO - Setting next_dagrun for tutorial_objectstorage to None, run_after=None
[2024-05-01T23:41:25.887-0500] {processor.py:183} INFO - Processing /Users/nestoralfaro/Desktop/pbi-scenario-two/py_env/lib/python3.9/site-packages/airflow/example_dags/tutorial_objectstorage.py took 0.125 seconds
[2024-05-01T23:41:58.584-0500] {processor.py:161} INFO - Started process (PID=35252) to work on /Users/nestoralfaro/Desktop/pbi-scenario-two/py_env/lib/python3.9/site-packages/airflow/example_dags/tutorial_objectstorage.py
[2024-05-01T23:41:58.586-0500] {processor.py:830} INFO - Processing file /Users/nestoralfaro/Desktop/pbi-scenario-two/py_env/lib/python3.9/site-packages/airflow/example_dags/tutorial_objectstorage.py for tasks to queue
[2024-05-01T23:41:58.587-0500] {logging_mixin.py:188} INFO - [2024-05-01T23:41:58.587-0500] {dagbag.py:540} INFO - Filling up the DagBag from /Users/nestoralfaro/Desktop/pbi-scenario-two/py_env/lib/python3.9/site-packages/airflow/example_dags/tutorial_objectstorage.py
[2024-05-01T23:41:58.620-0500] {processor.py:840} INFO - DAG(s) 'tutorial_objectstorage' retrieved from /Users/nestoralfaro/Desktop/pbi-scenario-two/py_env/lib/python3.9/site-packages/airflow/example_dags/tutorial_objectstorage.py
[2024-05-01T23:41:58.690-0500] {logging_mixin.py:188} INFO - [2024-05-01T23:41:58.689-0500] {dag.py:3096} INFO - Sync 1 DAGs
[2024-05-01T23:41:58.694-0500] {logging_mixin.py:188} INFO - [2024-05-01T23:41:58.694-0500] {dag.py:3954} INFO - Setting next_dagrun for tutorial_objectstorage to None, run_after=None
[2024-05-01T23:41:58.702-0500] {processor.py:183} INFO - Processing /Users/nestoralfaro/Desktop/pbi-scenario-two/py_env/lib/python3.9/site-packages/airflow/example_dags/tutorial_objectstorage.py took 0.119 seconds
[2024-05-01T23:43:28.903-0500] {processor.py:161} INFO - Started process (PID=35305) to work on /Users/nestoralfaro/Desktop/pbi-scenario-two/py_env/lib/python3.9/site-packages/airflow/example_dags/tutorial_objectstorage.py
[2024-05-01T23:43:28.904-0500] {processor.py:830} INFO - Processing file /Users/nestoralfaro/Desktop/pbi-scenario-two/py_env/lib/python3.9/site-packages/airflow/example_dags/tutorial_objectstorage.py for tasks to queue
[2024-05-01T23:43:28.905-0500] {logging_mixin.py:188} INFO - [2024-05-01T23:43:28.905-0500] {dagbag.py:540} INFO - Filling up the DagBag from /Users/nestoralfaro/Desktop/pbi-scenario-two/py_env/lib/python3.9/site-packages/airflow/example_dags/tutorial_objectstorage.py
[2024-05-01T23:43:28.942-0500] {processor.py:840} INFO - DAG(s) 'tutorial_objectstorage' retrieved from /Users/nestoralfaro/Desktop/pbi-scenario-two/py_env/lib/python3.9/site-packages/airflow/example_dags/tutorial_objectstorage.py
[2024-05-01T23:43:29.012-0500] {logging_mixin.py:188} INFO - [2024-05-01T23:43:29.012-0500] {dag.py:3096} INFO - Sync 1 DAGs
[2024-05-01T23:43:29.017-0500] {logging_mixin.py:188} INFO - [2024-05-01T23:43:29.016-0500] {dag.py:3954} INFO - Setting next_dagrun for tutorial_objectstorage to None, run_after=None
[2024-05-01T23:43:29.025-0500] {processor.py:183} INFO - Processing /Users/nestoralfaro/Desktop/pbi-scenario-two/py_env/lib/python3.9/site-packages/airflow/example_dags/tutorial_objectstorage.py took 0.124 seconds
[2024-05-01T23:44:26.661-0500] {processor.py:161} INFO - Started process (PID=35350) to work on /Users/nestoralfaro/Desktop/pbi-scenario-two/py_env/lib/python3.9/site-packages/airflow/example_dags/tutorial_objectstorage.py
[2024-05-01T23:44:26.663-0500] {processor.py:830} INFO - Processing file /Users/nestoralfaro/Desktop/pbi-scenario-two/py_env/lib/python3.9/site-packages/airflow/example_dags/tutorial_objectstorage.py for tasks to queue
[2024-05-01T23:44:26.663-0500] {logging_mixin.py:188} INFO - [2024-05-01T23:44:26.663-0500] {dagbag.py:540} INFO - Filling up the DagBag from /Users/nestoralfaro/Desktop/pbi-scenario-two/py_env/lib/python3.9/site-packages/airflow/example_dags/tutorial_objectstorage.py
[2024-05-01T23:44:26.695-0500] {processor.py:840} INFO - DAG(s) 'tutorial_objectstorage' retrieved from /Users/nestoralfaro/Desktop/pbi-scenario-two/py_env/lib/python3.9/site-packages/airflow/example_dags/tutorial_objectstorage.py
[2024-05-01T23:44:26.757-0500] {logging_mixin.py:188} INFO - [2024-05-01T23:44:26.757-0500] {dag.py:3096} INFO - Sync 1 DAGs
[2024-05-01T23:44:26.761-0500] {logging_mixin.py:188} INFO - [2024-05-01T23:44:26.761-0500] {dag.py:3954} INFO - Setting next_dagrun for tutorial_objectstorage to None, run_after=None
[2024-05-01T23:44:26.768-0500] {processor.py:183} INFO - Processing /Users/nestoralfaro/Desktop/pbi-scenario-two/py_env/lib/python3.9/site-packages/airflow/example_dags/tutorial_objectstorage.py took 0.108 seconds
[2024-05-01T23:45:27.112-0500] {processor.py:161} INFO - Started process (PID=35389) to work on /Users/nestoralfaro/Desktop/pbi-scenario-two/py_env/lib/python3.9/site-packages/airflow/example_dags/tutorial_objectstorage.py
[2024-05-01T23:45:27.115-0500] {processor.py:830} INFO - Processing file /Users/nestoralfaro/Desktop/pbi-scenario-two/py_env/lib/python3.9/site-packages/airflow/example_dags/tutorial_objectstorage.py for tasks to queue
[2024-05-01T23:45:27.115-0500] {logging_mixin.py:188} INFO - [2024-05-01T23:45:27.115-0500] {dagbag.py:540} INFO - Filling up the DagBag from /Users/nestoralfaro/Desktop/pbi-scenario-two/py_env/lib/python3.9/site-packages/airflow/example_dags/tutorial_objectstorage.py
[2024-05-01T23:45:27.153-0500] {processor.py:840} INFO - DAG(s) 'tutorial_objectstorage' retrieved from /Users/nestoralfaro/Desktop/pbi-scenario-two/py_env/lib/python3.9/site-packages/airflow/example_dags/tutorial_objectstorage.py
[2024-05-01T23:45:27.222-0500] {logging_mixin.py:188} INFO - [2024-05-01T23:45:27.222-0500] {dag.py:3096} INFO - Sync 1 DAGs
[2024-05-01T23:45:27.226-0500] {logging_mixin.py:188} INFO - [2024-05-01T23:45:27.226-0500] {dag.py:3954} INFO - Setting next_dagrun for tutorial_objectstorage to None, run_after=None
[2024-05-01T23:45:27.234-0500] {processor.py:183} INFO - Processing /Users/nestoralfaro/Desktop/pbi-scenario-two/py_env/lib/python3.9/site-packages/airflow/example_dags/tutorial_objectstorage.py took 0.123 seconds
[2024-05-01T23:46:23.156-0500] {processor.py:161} INFO - Started process (PID=35424) to work on /Users/nestoralfaro/Desktop/pbi-scenario-two/py_env/lib/python3.9/site-packages/airflow/example_dags/tutorial_objectstorage.py
[2024-05-01T23:46:23.158-0500] {processor.py:830} INFO - Processing file /Users/nestoralfaro/Desktop/pbi-scenario-two/py_env/lib/python3.9/site-packages/airflow/example_dags/tutorial_objectstorage.py for tasks to queue
[2024-05-01T23:46:23.158-0500] {logging_mixin.py:188} INFO - [2024-05-01T23:46:23.158-0500] {dagbag.py:540} INFO - Filling up the DagBag from /Users/nestoralfaro/Desktop/pbi-scenario-two/py_env/lib/python3.9/site-packages/airflow/example_dags/tutorial_objectstorage.py
[2024-05-01T23:46:23.188-0500] {processor.py:840} INFO - DAG(s) 'tutorial_objectstorage' retrieved from /Users/nestoralfaro/Desktop/pbi-scenario-two/py_env/lib/python3.9/site-packages/airflow/example_dags/tutorial_objectstorage.py
[2024-05-01T23:46:23.251-0500] {logging_mixin.py:188} INFO - [2024-05-01T23:46:23.251-0500] {dag.py:3096} INFO - Sync 1 DAGs
[2024-05-01T23:46:23.255-0500] {logging_mixin.py:188} INFO - [2024-05-01T23:46:23.255-0500] {dag.py:3954} INFO - Setting next_dagrun for tutorial_objectstorage to None, run_after=None
[2024-05-01T23:46:23.262-0500] {processor.py:183} INFO - Processing /Users/nestoralfaro/Desktop/pbi-scenario-two/py_env/lib/python3.9/site-packages/airflow/example_dags/tutorial_objectstorage.py took 0.107 seconds
[2024-05-01T23:47:18.640-0500] {processor.py:161} INFO - Started process (PID=35467) to work on /Users/nestoralfaro/Desktop/pbi-scenario-two/py_env/lib/python3.9/site-packages/airflow/example_dags/tutorial_objectstorage.py
[2024-05-01T23:47:18.642-0500] {processor.py:830} INFO - Processing file /Users/nestoralfaro/Desktop/pbi-scenario-two/py_env/lib/python3.9/site-packages/airflow/example_dags/tutorial_objectstorage.py for tasks to queue
[2024-05-01T23:47:18.642-0500] {logging_mixin.py:188} INFO - [2024-05-01T23:47:18.642-0500] {dagbag.py:540} INFO - Filling up the DagBag from /Users/nestoralfaro/Desktop/pbi-scenario-two/py_env/lib/python3.9/site-packages/airflow/example_dags/tutorial_objectstorage.py
[2024-05-01T23:47:18.669-0500] {processor.py:840} INFO - DAG(s) 'tutorial_objectstorage' retrieved from /Users/nestoralfaro/Desktop/pbi-scenario-two/py_env/lib/python3.9/site-packages/airflow/example_dags/tutorial_objectstorage.py
[2024-05-01T23:47:18.730-0500] {logging_mixin.py:188} INFO - [2024-05-01T23:47:18.730-0500] {dag.py:3096} INFO - Sync 1 DAGs
[2024-05-01T23:47:18.733-0500] {logging_mixin.py:188} INFO - [2024-05-01T23:47:18.733-0500] {dag.py:3954} INFO - Setting next_dagrun for tutorial_objectstorage to None, run_after=None
[2024-05-01T23:47:18.740-0500] {processor.py:183} INFO - Processing /Users/nestoralfaro/Desktop/pbi-scenario-two/py_env/lib/python3.9/site-packages/airflow/example_dags/tutorial_objectstorage.py took 0.101 seconds
[2024-05-01T23:48:14.060-0500] {processor.py:161} INFO - Started process (PID=35502) to work on /Users/nestoralfaro/Desktop/pbi-scenario-two/py_env/lib/python3.9/site-packages/airflow/example_dags/tutorial_objectstorage.py
[2024-05-01T23:48:14.062-0500] {processor.py:830} INFO - Processing file /Users/nestoralfaro/Desktop/pbi-scenario-two/py_env/lib/python3.9/site-packages/airflow/example_dags/tutorial_objectstorage.py for tasks to queue
[2024-05-01T23:48:14.062-0500] {logging_mixin.py:188} INFO - [2024-05-01T23:48:14.062-0500] {dagbag.py:540} INFO - Filling up the DagBag from /Users/nestoralfaro/Desktop/pbi-scenario-two/py_env/lib/python3.9/site-packages/airflow/example_dags/tutorial_objectstorage.py
[2024-05-01T23:48:14.101-0500] {processor.py:840} INFO - DAG(s) 'tutorial_objectstorage' retrieved from /Users/nestoralfaro/Desktop/pbi-scenario-two/py_env/lib/python3.9/site-packages/airflow/example_dags/tutorial_objectstorage.py
[2024-05-01T23:48:14.174-0500] {logging_mixin.py:188} INFO - [2024-05-01T23:48:14.174-0500] {dag.py:3096} INFO - Sync 1 DAGs
[2024-05-01T23:48:14.178-0500] {logging_mixin.py:188} INFO - [2024-05-01T23:48:14.178-0500] {dag.py:3954} INFO - Setting next_dagrun for tutorial_objectstorage to None, run_after=None
[2024-05-01T23:48:14.186-0500] {processor.py:183} INFO - Processing /Users/nestoralfaro/Desktop/pbi-scenario-two/py_env/lib/python3.9/site-packages/airflow/example_dags/tutorial_objectstorage.py took 0.128 seconds
[2024-05-01T23:49:09.847-0500] {processor.py:161} INFO - Started process (PID=35545) to work on /Users/nestoralfaro/Desktop/pbi-scenario-two/py_env/lib/python3.9/site-packages/airflow/example_dags/tutorial_objectstorage.py
[2024-05-01T23:49:09.850-0500] {processor.py:830} INFO - Processing file /Users/nestoralfaro/Desktop/pbi-scenario-two/py_env/lib/python3.9/site-packages/airflow/example_dags/tutorial_objectstorage.py for tasks to queue
[2024-05-01T23:49:09.850-0500] {logging_mixin.py:188} INFO - [2024-05-01T23:49:09.850-0500] {dagbag.py:540} INFO - Filling up the DagBag from /Users/nestoralfaro/Desktop/pbi-scenario-two/py_env/lib/python3.9/site-packages/airflow/example_dags/tutorial_objectstorage.py
[2024-05-01T23:49:09.887-0500] {processor.py:840} INFO - DAG(s) 'tutorial_objectstorage' retrieved from /Users/nestoralfaro/Desktop/pbi-scenario-two/py_env/lib/python3.9/site-packages/airflow/example_dags/tutorial_objectstorage.py
[2024-05-01T23:49:09.957-0500] {logging_mixin.py:188} INFO - [2024-05-01T23:49:09.956-0500] {dag.py:3096} INFO - Sync 1 DAGs
[2024-05-01T23:49:09.961-0500] {logging_mixin.py:188} INFO - [2024-05-01T23:49:09.961-0500] {dag.py:3954} INFO - Setting next_dagrun for tutorial_objectstorage to None, run_after=None
[2024-05-01T23:49:09.971-0500] {processor.py:183} INFO - Processing /Users/nestoralfaro/Desktop/pbi-scenario-two/py_env/lib/python3.9/site-packages/airflow/example_dags/tutorial_objectstorage.py took 0.125 seconds
[2024-05-01T23:50:10.072-0500] {processor.py:161} INFO - Started process (PID=35581) to work on /Users/nestoralfaro/Desktop/pbi-scenario-two/py_env/lib/python3.9/site-packages/airflow/example_dags/tutorial_objectstorage.py
[2024-05-01T23:50:10.074-0500] {processor.py:830} INFO - Processing file /Users/nestoralfaro/Desktop/pbi-scenario-two/py_env/lib/python3.9/site-packages/airflow/example_dags/tutorial_objectstorage.py for tasks to queue
[2024-05-01T23:50:10.074-0500] {logging_mixin.py:188} INFO - [2024-05-01T23:50:10.074-0500] {dagbag.py:540} INFO - Filling up the DagBag from /Users/nestoralfaro/Desktop/pbi-scenario-two/py_env/lib/python3.9/site-packages/airflow/example_dags/tutorial_objectstorage.py
[2024-05-01T23:50:10.109-0500] {processor.py:840} INFO - DAG(s) 'tutorial_objectstorage' retrieved from /Users/nestoralfaro/Desktop/pbi-scenario-two/py_env/lib/python3.9/site-packages/airflow/example_dags/tutorial_objectstorage.py
[2024-05-01T23:50:10.177-0500] {logging_mixin.py:188} INFO - [2024-05-01T23:50:10.176-0500] {dag.py:3096} INFO - Sync 1 DAGs
[2024-05-01T23:50:10.181-0500] {logging_mixin.py:188} INFO - [2024-05-01T23:50:10.180-0500] {dag.py:3954} INFO - Setting next_dagrun for tutorial_objectstorage to None, run_after=None
[2024-05-01T23:50:10.188-0500] {processor.py:183} INFO - Processing /Users/nestoralfaro/Desktop/pbi-scenario-two/py_env/lib/python3.9/site-packages/airflow/example_dags/tutorial_objectstorage.py took 0.117 seconds
[2024-05-01T23:51:06.386-0500] {processor.py:161} INFO - Started process (PID=35616) to work on /Users/nestoralfaro/Desktop/pbi-scenario-two/py_env/lib/python3.9/site-packages/airflow/example_dags/tutorial_objectstorage.py
[2024-05-01T23:51:06.387-0500] {processor.py:830} INFO - Processing file /Users/nestoralfaro/Desktop/pbi-scenario-two/py_env/lib/python3.9/site-packages/airflow/example_dags/tutorial_objectstorage.py for tasks to queue
[2024-05-01T23:51:06.388-0500] {logging_mixin.py:188} INFO - [2024-05-01T23:51:06.388-0500] {dagbag.py:540} INFO - Filling up the DagBag from /Users/nestoralfaro/Desktop/pbi-scenario-two/py_env/lib/python3.9/site-packages/airflow/example_dags/tutorial_objectstorage.py
[2024-05-01T23:51:06.417-0500] {processor.py:840} INFO - DAG(s) 'tutorial_objectstorage' retrieved from /Users/nestoralfaro/Desktop/pbi-scenario-two/py_env/lib/python3.9/site-packages/airflow/example_dags/tutorial_objectstorage.py
[2024-05-01T23:51:06.484-0500] {logging_mixin.py:188} INFO - [2024-05-01T23:51:06.484-0500] {dag.py:3096} INFO - Sync 1 DAGs
[2024-05-01T23:51:06.488-0500] {logging_mixin.py:188} INFO - [2024-05-01T23:51:06.488-0500] {dag.py:3954} INFO - Setting next_dagrun for tutorial_objectstorage to None, run_after=None
[2024-05-01T23:51:06.496-0500] {processor.py:183} INFO - Processing /Users/nestoralfaro/Desktop/pbi-scenario-two/py_env/lib/python3.9/site-packages/airflow/example_dags/tutorial_objectstorage.py took 0.111 seconds
[2024-05-01T23:52:01.879-0500] {processor.py:161} INFO - Started process (PID=35649) to work on /Users/nestoralfaro/Desktop/pbi-scenario-two/py_env/lib/python3.9/site-packages/airflow/example_dags/tutorial_objectstorage.py
[2024-05-01T23:52:01.880-0500] {processor.py:830} INFO - Processing file /Users/nestoralfaro/Desktop/pbi-scenario-two/py_env/lib/python3.9/site-packages/airflow/example_dags/tutorial_objectstorage.py for tasks to queue
[2024-05-01T23:52:01.881-0500] {logging_mixin.py:188} INFO - [2024-05-01T23:52:01.881-0500] {dagbag.py:540} INFO - Filling up the DagBag from /Users/nestoralfaro/Desktop/pbi-scenario-two/py_env/lib/python3.9/site-packages/airflow/example_dags/tutorial_objectstorage.py
[2024-05-01T23:52:01.911-0500] {processor.py:840} INFO - DAG(s) 'tutorial_objectstorage' retrieved from /Users/nestoralfaro/Desktop/pbi-scenario-two/py_env/lib/python3.9/site-packages/airflow/example_dags/tutorial_objectstorage.py
[2024-05-01T23:52:01.975-0500] {logging_mixin.py:188} INFO - [2024-05-01T23:52:01.975-0500] {dag.py:3096} INFO - Sync 1 DAGs
[2024-05-01T23:52:01.979-0500] {logging_mixin.py:188} INFO - [2024-05-01T23:52:01.979-0500] {dag.py:3954} INFO - Setting next_dagrun for tutorial_objectstorage to None, run_after=None
[2024-05-01T23:52:01.986-0500] {processor.py:183} INFO - Processing /Users/nestoralfaro/Desktop/pbi-scenario-two/py_env/lib/python3.9/site-packages/airflow/example_dags/tutorial_objectstorage.py took 0.109 seconds
[2024-05-01T23:53:02.084-0500] {processor.py:161} INFO - Started process (PID=35701) to work on /Users/nestoralfaro/Desktop/pbi-scenario-two/py_env/lib/python3.9/site-packages/airflow/example_dags/tutorial_objectstorage.py
[2024-05-01T23:53:02.086-0500] {processor.py:830} INFO - Processing file /Users/nestoralfaro/Desktop/pbi-scenario-two/py_env/lib/python3.9/site-packages/airflow/example_dags/tutorial_objectstorage.py for tasks to queue
[2024-05-01T23:53:02.086-0500] {logging_mixin.py:188} INFO - [2024-05-01T23:53:02.086-0500] {dagbag.py:540} INFO - Filling up the DagBag from /Users/nestoralfaro/Desktop/pbi-scenario-two/py_env/lib/python3.9/site-packages/airflow/example_dags/tutorial_objectstorage.py
[2024-05-01T23:53:02.115-0500] {processor.py:840} INFO - DAG(s) 'tutorial_objectstorage' retrieved from /Users/nestoralfaro/Desktop/pbi-scenario-two/py_env/lib/python3.9/site-packages/airflow/example_dags/tutorial_objectstorage.py
[2024-05-01T23:53:02.184-0500] {logging_mixin.py:188} INFO - [2024-05-01T23:53:02.184-0500] {dag.py:3096} INFO - Sync 1 DAGs
[2024-05-01T23:53:02.188-0500] {logging_mixin.py:188} INFO - [2024-05-01T23:53:02.188-0500] {dag.py:3954} INFO - Setting next_dagrun for tutorial_objectstorage to None, run_after=None
[2024-05-01T23:53:02.196-0500] {processor.py:183} INFO - Processing /Users/nestoralfaro/Desktop/pbi-scenario-two/py_env/lib/python3.9/site-packages/airflow/example_dags/tutorial_objectstorage.py took 0.114 seconds
[2024-05-01T23:54:00.947-0500] {processor.py:161} INFO - Started process (PID=35735) to work on /Users/nestoralfaro/Desktop/pbi-scenario-two/py_env/lib/python3.9/site-packages/airflow/example_dags/tutorial_objectstorage.py
[2024-05-01T23:54:00.949-0500] {processor.py:830} INFO - Processing file /Users/nestoralfaro/Desktop/pbi-scenario-two/py_env/lib/python3.9/site-packages/airflow/example_dags/tutorial_objectstorage.py for tasks to queue
[2024-05-01T23:54:00.949-0500] {logging_mixin.py:188} INFO - [2024-05-01T23:54:00.949-0500] {dagbag.py:540} INFO - Filling up the DagBag from /Users/nestoralfaro/Desktop/pbi-scenario-two/py_env/lib/python3.9/site-packages/airflow/example_dags/tutorial_objectstorage.py
[2024-05-01T23:54:00.979-0500] {processor.py:840} INFO - DAG(s) 'tutorial_objectstorage' retrieved from /Users/nestoralfaro/Desktop/pbi-scenario-two/py_env/lib/python3.9/site-packages/airflow/example_dags/tutorial_objectstorage.py
[2024-05-01T23:54:01.043-0500] {logging_mixin.py:188} INFO - [2024-05-01T23:54:01.043-0500] {dag.py:3096} INFO - Sync 1 DAGs
[2024-05-01T23:54:01.047-0500] {logging_mixin.py:188} INFO - [2024-05-01T23:54:01.047-0500] {dag.py:3954} INFO - Setting next_dagrun for tutorial_objectstorage to None, run_after=None
[2024-05-01T23:54:01.054-0500] {processor.py:183} INFO - Processing /Users/nestoralfaro/Desktop/pbi-scenario-two/py_env/lib/python3.9/site-packages/airflow/example_dags/tutorial_objectstorage.py took 0.108 seconds
[2024-05-01T23:54:57.369-0500] {processor.py:161} INFO - Started process (PID=35770) to work on /Users/nestoralfaro/Desktop/pbi-scenario-two/py_env/lib/python3.9/site-packages/airflow/example_dags/tutorial_objectstorage.py
[2024-05-01T23:54:57.370-0500] {processor.py:830} INFO - Processing file /Users/nestoralfaro/Desktop/pbi-scenario-two/py_env/lib/python3.9/site-packages/airflow/example_dags/tutorial_objectstorage.py for tasks to queue
[2024-05-01T23:54:57.370-0500] {logging_mixin.py:188} INFO - [2024-05-01T23:54:57.370-0500] {dagbag.py:540} INFO - Filling up the DagBag from /Users/nestoralfaro/Desktop/pbi-scenario-two/py_env/lib/python3.9/site-packages/airflow/example_dags/tutorial_objectstorage.py
[2024-05-01T23:54:57.401-0500] {processor.py:840} INFO - DAG(s) 'tutorial_objectstorage' retrieved from /Users/nestoralfaro/Desktop/pbi-scenario-two/py_env/lib/python3.9/site-packages/airflow/example_dags/tutorial_objectstorage.py
[2024-05-01T23:54:57.466-0500] {logging_mixin.py:188} INFO - [2024-05-01T23:54:57.466-0500] {dag.py:3096} INFO - Sync 1 DAGs
[2024-05-01T23:54:57.470-0500] {logging_mixin.py:188} INFO - [2024-05-01T23:54:57.470-0500] {dag.py:3954} INFO - Setting next_dagrun for tutorial_objectstorage to None, run_after=None
[2024-05-01T23:54:57.478-0500] {processor.py:183} INFO - Processing /Users/nestoralfaro/Desktop/pbi-scenario-two/py_env/lib/python3.9/site-packages/airflow/example_dags/tutorial_objectstorage.py took 0.111 seconds
[2024-05-01T23:55:55.655-0500] {processor.py:161} INFO - Started process (PID=35805) to work on /Users/nestoralfaro/Desktop/pbi-scenario-two/py_env/lib/python3.9/site-packages/airflow/example_dags/tutorial_objectstorage.py
[2024-05-01T23:55:55.656-0500] {processor.py:830} INFO - Processing file /Users/nestoralfaro/Desktop/pbi-scenario-two/py_env/lib/python3.9/site-packages/airflow/example_dags/tutorial_objectstorage.py for tasks to queue
[2024-05-01T23:55:55.657-0500] {logging_mixin.py:188} INFO - [2024-05-01T23:55:55.656-0500] {dagbag.py:540} INFO - Filling up the DagBag from /Users/nestoralfaro/Desktop/pbi-scenario-two/py_env/lib/python3.9/site-packages/airflow/example_dags/tutorial_objectstorage.py
[2024-05-01T23:55:55.688-0500] {processor.py:840} INFO - DAG(s) 'tutorial_objectstorage' retrieved from /Users/nestoralfaro/Desktop/pbi-scenario-two/py_env/lib/python3.9/site-packages/airflow/example_dags/tutorial_objectstorage.py
[2024-05-01T23:55:55.749-0500] {logging_mixin.py:188} INFO - [2024-05-01T23:55:55.749-0500] {dag.py:3096} INFO - Sync 1 DAGs
[2024-05-01T23:55:55.753-0500] {logging_mixin.py:188} INFO - [2024-05-01T23:55:55.753-0500] {dag.py:3954} INFO - Setting next_dagrun for tutorial_objectstorage to None, run_after=None
[2024-05-01T23:55:55.760-0500] {processor.py:183} INFO - Processing /Users/nestoralfaro/Desktop/pbi-scenario-two/py_env/lib/python3.9/site-packages/airflow/example_dags/tutorial_objectstorage.py took 0.106 seconds
[2024-05-01T23:56:50.465-0500] {processor.py:161} INFO - Started process (PID=35839) to work on /Users/nestoralfaro/Desktop/pbi-scenario-two/py_env/lib/python3.9/site-packages/airflow/example_dags/tutorial_objectstorage.py
[2024-05-01T23:56:50.467-0500] {processor.py:830} INFO - Processing file /Users/nestoralfaro/Desktop/pbi-scenario-two/py_env/lib/python3.9/site-packages/airflow/example_dags/tutorial_objectstorage.py for tasks to queue
[2024-05-01T23:56:50.467-0500] {logging_mixin.py:188} INFO - [2024-05-01T23:56:50.467-0500] {dagbag.py:540} INFO - Filling up the DagBag from /Users/nestoralfaro/Desktop/pbi-scenario-two/py_env/lib/python3.9/site-packages/airflow/example_dags/tutorial_objectstorage.py
[2024-05-01T23:56:50.494-0500] {processor.py:840} INFO - DAG(s) 'tutorial_objectstorage' retrieved from /Users/nestoralfaro/Desktop/pbi-scenario-two/py_env/lib/python3.9/site-packages/airflow/example_dags/tutorial_objectstorage.py
[2024-05-01T23:56:50.554-0500] {logging_mixin.py:188} INFO - [2024-05-01T23:56:50.554-0500] {dag.py:3096} INFO - Sync 1 DAGs
[2024-05-01T23:56:50.558-0500] {logging_mixin.py:188} INFO - [2024-05-01T23:56:50.558-0500] {dag.py:3954} INFO - Setting next_dagrun for tutorial_objectstorage to None, run_after=None
[2024-05-01T23:56:50.565-0500] {processor.py:183} INFO - Processing /Users/nestoralfaro/Desktop/pbi-scenario-two/py_env/lib/python3.9/site-packages/airflow/example_dags/tutorial_objectstorage.py took 0.100 seconds
[2024-05-01T23:57:46.214-0500] {processor.py:161} INFO - Started process (PID=35872) to work on /Users/nestoralfaro/Desktop/pbi-scenario-two/py_env/lib/python3.9/site-packages/airflow/example_dags/tutorial_objectstorage.py
[2024-05-01T23:57:46.216-0500] {processor.py:830} INFO - Processing file /Users/nestoralfaro/Desktop/pbi-scenario-two/py_env/lib/python3.9/site-packages/airflow/example_dags/tutorial_objectstorage.py for tasks to queue
[2024-05-01T23:57:46.216-0500] {logging_mixin.py:188} INFO - [2024-05-01T23:57:46.216-0500] {dagbag.py:540} INFO - Filling up the DagBag from /Users/nestoralfaro/Desktop/pbi-scenario-two/py_env/lib/python3.9/site-packages/airflow/example_dags/tutorial_objectstorage.py
[2024-05-01T23:57:46.245-0500] {processor.py:840} INFO - DAG(s) 'tutorial_objectstorage' retrieved from /Users/nestoralfaro/Desktop/pbi-scenario-two/py_env/lib/python3.9/site-packages/airflow/example_dags/tutorial_objectstorage.py
[2024-05-01T23:57:46.307-0500] {logging_mixin.py:188} INFO - [2024-05-01T23:57:46.307-0500] {dag.py:3096} INFO - Sync 1 DAGs
[2024-05-01T23:57:46.311-0500] {logging_mixin.py:188} INFO - [2024-05-01T23:57:46.310-0500] {dag.py:3954} INFO - Setting next_dagrun for tutorial_objectstorage to None, run_after=None
[2024-05-01T23:57:46.318-0500] {processor.py:183} INFO - Processing /Users/nestoralfaro/Desktop/pbi-scenario-two/py_env/lib/python3.9/site-packages/airflow/example_dags/tutorial_objectstorage.py took 0.104 seconds
[2024-05-01T23:58:42.630-0500] {processor.py:161} INFO - Started process (PID=35907) to work on /Users/nestoralfaro/Desktop/pbi-scenario-two/py_env/lib/python3.9/site-packages/airflow/example_dags/tutorial_objectstorage.py
[2024-05-01T23:58:42.631-0500] {processor.py:830} INFO - Processing file /Users/nestoralfaro/Desktop/pbi-scenario-two/py_env/lib/python3.9/site-packages/airflow/example_dags/tutorial_objectstorage.py for tasks to queue
[2024-05-01T23:58:42.631-0500] {logging_mixin.py:188} INFO - [2024-05-01T23:58:42.631-0500] {dagbag.py:540} INFO - Filling up the DagBag from /Users/nestoralfaro/Desktop/pbi-scenario-two/py_env/lib/python3.9/site-packages/airflow/example_dags/tutorial_objectstorage.py
[2024-05-01T23:58:42.659-0500] {processor.py:840} INFO - DAG(s) 'tutorial_objectstorage' retrieved from /Users/nestoralfaro/Desktop/pbi-scenario-two/py_env/lib/python3.9/site-packages/airflow/example_dags/tutorial_objectstorage.py
[2024-05-01T23:58:42.720-0500] {logging_mixin.py:188} INFO - [2024-05-01T23:58:42.720-0500] {dag.py:3096} INFO - Sync 1 DAGs
[2024-05-01T23:58:42.724-0500] {logging_mixin.py:188} INFO - [2024-05-01T23:58:42.724-0500] {dag.py:3954} INFO - Setting next_dagrun for tutorial_objectstorage to None, run_after=None
[2024-05-01T23:58:42.731-0500] {processor.py:183} INFO - Processing /Users/nestoralfaro/Desktop/pbi-scenario-two/py_env/lib/python3.9/site-packages/airflow/example_dags/tutorial_objectstorage.py took 0.103 seconds
[2024-05-01T23:59:38.682-0500] {processor.py:161} INFO - Started process (PID=35944) to work on /Users/nestoralfaro/Desktop/pbi-scenario-two/py_env/lib/python3.9/site-packages/airflow/example_dags/tutorial_objectstorage.py
[2024-05-01T23:59:38.683-0500] {processor.py:830} INFO - Processing file /Users/nestoralfaro/Desktop/pbi-scenario-two/py_env/lib/python3.9/site-packages/airflow/example_dags/tutorial_objectstorage.py for tasks to queue
[2024-05-01T23:59:38.683-0500] {logging_mixin.py:188} INFO - [2024-05-01T23:59:38.683-0500] {dagbag.py:540} INFO - Filling up the DagBag from /Users/nestoralfaro/Desktop/pbi-scenario-two/py_env/lib/python3.9/site-packages/airflow/example_dags/tutorial_objectstorage.py
[2024-05-01T23:59:38.713-0500] {processor.py:840} INFO - DAG(s) 'tutorial_objectstorage' retrieved from /Users/nestoralfaro/Desktop/pbi-scenario-two/py_env/lib/python3.9/site-packages/airflow/example_dags/tutorial_objectstorage.py
[2024-05-01T23:59:38.774-0500] {logging_mixin.py:188} INFO - [2024-05-01T23:59:38.774-0500] {dag.py:3096} INFO - Sync 1 DAGs
[2024-05-01T23:59:38.778-0500] {logging_mixin.py:188} INFO - [2024-05-01T23:59:38.778-0500] {dag.py:3954} INFO - Setting next_dagrun for tutorial_objectstorage to None, run_after=None
[2024-05-01T23:59:38.785-0500] {processor.py:183} INFO - Processing /Users/nestoralfaro/Desktop/pbi-scenario-two/py_env/lib/python3.9/site-packages/airflow/example_dags/tutorial_objectstorage.py took 0.104 seconds
[2024-05-02T00:00:32.045-0500] {processor.py:161} INFO - Started process (PID=36002) to work on /Users/nestoralfaro/Desktop/pbi-scenario-two/py_env/lib/python3.9/site-packages/airflow/example_dags/tutorial_objectstorage.py
[2024-05-02T00:00:32.046-0500] {processor.py:830} INFO - Processing file /Users/nestoralfaro/Desktop/pbi-scenario-two/py_env/lib/python3.9/site-packages/airflow/example_dags/tutorial_objectstorage.py for tasks to queue
[2024-05-02T00:00:32.046-0500] {logging_mixin.py:188} INFO - [2024-05-02T00:00:32.046-0500] {dagbag.py:540} INFO - Filling up the DagBag from /Users/nestoralfaro/Desktop/pbi-scenario-two/py_env/lib/python3.9/site-packages/airflow/example_dags/tutorial_objectstorage.py
[2024-05-02T00:00:32.079-0500] {processor.py:840} INFO - DAG(s) 'tutorial_objectstorage' retrieved from /Users/nestoralfaro/Desktop/pbi-scenario-two/py_env/lib/python3.9/site-packages/airflow/example_dags/tutorial_objectstorage.py
[2024-05-02T00:00:32.139-0500] {logging_mixin.py:188} INFO - [2024-05-02T00:00:32.139-0500] {dag.py:3096} INFO - Sync 1 DAGs
[2024-05-02T00:00:32.143-0500] {logging_mixin.py:188} INFO - [2024-05-02T00:00:32.143-0500] {dag.py:3954} INFO - Setting next_dagrun for tutorial_objectstorage to None, run_after=None
[2024-05-02T00:00:32.150-0500] {processor.py:183} INFO - Processing /Users/nestoralfaro/Desktop/pbi-scenario-two/py_env/lib/python3.9/site-packages/airflow/example_dags/tutorial_objectstorage.py took 0.106 seconds
[2024-05-02T00:01:29.352-0500] {processor.py:161} INFO - Started process (PID=36041) to work on /Users/nestoralfaro/Desktop/pbi-scenario-two/py_env/lib/python3.9/site-packages/airflow/example_dags/tutorial_objectstorage.py
[2024-05-02T00:01:29.353-0500] {processor.py:830} INFO - Processing file /Users/nestoralfaro/Desktop/pbi-scenario-two/py_env/lib/python3.9/site-packages/airflow/example_dags/tutorial_objectstorage.py for tasks to queue
[2024-05-02T00:01:29.353-0500] {logging_mixin.py:188} INFO - [2024-05-02T00:01:29.353-0500] {dagbag.py:540} INFO - Filling up the DagBag from /Users/nestoralfaro/Desktop/pbi-scenario-two/py_env/lib/python3.9/site-packages/airflow/example_dags/tutorial_objectstorage.py
[2024-05-02T00:01:29.384-0500] {processor.py:840} INFO - DAG(s) 'tutorial_objectstorage' retrieved from /Users/nestoralfaro/Desktop/pbi-scenario-two/py_env/lib/python3.9/site-packages/airflow/example_dags/tutorial_objectstorage.py
[2024-05-02T00:01:29.449-0500] {logging_mixin.py:188} INFO - [2024-05-02T00:01:29.449-0500] {dag.py:3096} INFO - Sync 1 DAGs
[2024-05-02T00:01:29.453-0500] {logging_mixin.py:188} INFO - [2024-05-02T00:01:29.453-0500] {dag.py:3954} INFO - Setting next_dagrun for tutorial_objectstorage to None, run_after=None
[2024-05-02T00:01:29.460-0500] {processor.py:183} INFO - Processing /Users/nestoralfaro/Desktop/pbi-scenario-two/py_env/lib/python3.9/site-packages/airflow/example_dags/tutorial_objectstorage.py took 0.109 seconds
[2024-05-02T00:02:28.215-0500] {processor.py:161} INFO - Started process (PID=36082) to work on /Users/nestoralfaro/Desktop/pbi-scenario-two/py_env/lib/python3.9/site-packages/airflow/example_dags/tutorial_objectstorage.py
[2024-05-02T00:02:28.217-0500] {processor.py:830} INFO - Processing file /Users/nestoralfaro/Desktop/pbi-scenario-two/py_env/lib/python3.9/site-packages/airflow/example_dags/tutorial_objectstorage.py for tasks to queue
[2024-05-02T00:02:28.217-0500] {logging_mixin.py:188} INFO - [2024-05-02T00:02:28.217-0500] {dagbag.py:540} INFO - Filling up the DagBag from /Users/nestoralfaro/Desktop/pbi-scenario-two/py_env/lib/python3.9/site-packages/airflow/example_dags/tutorial_objectstorage.py
[2024-05-02T00:02:28.252-0500] {processor.py:840} INFO - DAG(s) 'tutorial_objectstorage' retrieved from /Users/nestoralfaro/Desktop/pbi-scenario-two/py_env/lib/python3.9/site-packages/airflow/example_dags/tutorial_objectstorage.py
[2024-05-02T00:02:28.319-0500] {logging_mixin.py:188} INFO - [2024-05-02T00:02:28.319-0500] {dag.py:3096} INFO - Sync 1 DAGs
[2024-05-02T00:02:28.323-0500] {logging_mixin.py:188} INFO - [2024-05-02T00:02:28.323-0500] {dag.py:3954} INFO - Setting next_dagrun for tutorial_objectstorage to None, run_after=None
[2024-05-02T00:02:28.330-0500] {processor.py:183} INFO - Processing /Users/nestoralfaro/Desktop/pbi-scenario-two/py_env/lib/python3.9/site-packages/airflow/example_dags/tutorial_objectstorage.py took 0.116 seconds
[2024-05-02T00:03:27.597-0500] {processor.py:161} INFO - Started process (PID=36122) to work on /Users/nestoralfaro/Desktop/pbi-scenario-two/py_env/lib/python3.9/site-packages/airflow/example_dags/tutorial_objectstorage.py
[2024-05-02T00:03:27.599-0500] {processor.py:830} INFO - Processing file /Users/nestoralfaro/Desktop/pbi-scenario-two/py_env/lib/python3.9/site-packages/airflow/example_dags/tutorial_objectstorage.py for tasks to queue
[2024-05-02T00:03:27.599-0500] {logging_mixin.py:188} INFO - [2024-05-02T00:03:27.599-0500] {dagbag.py:540} INFO - Filling up the DagBag from /Users/nestoralfaro/Desktop/pbi-scenario-two/py_env/lib/python3.9/site-packages/airflow/example_dags/tutorial_objectstorage.py
[2024-05-02T00:03:27.631-0500] {processor.py:840} INFO - DAG(s) 'tutorial_objectstorage' retrieved from /Users/nestoralfaro/Desktop/pbi-scenario-two/py_env/lib/python3.9/site-packages/airflow/example_dags/tutorial_objectstorage.py
[2024-05-02T00:03:27.694-0500] {logging_mixin.py:188} INFO - [2024-05-02T00:03:27.693-0500] {dag.py:3096} INFO - Sync 1 DAGs
[2024-05-02T00:03:27.697-0500] {logging_mixin.py:188} INFO - [2024-05-02T00:03:27.697-0500] {dag.py:3954} INFO - Setting next_dagrun for tutorial_objectstorage to None, run_after=None
[2024-05-02T00:03:27.704-0500] {processor.py:183} INFO - Processing /Users/nestoralfaro/Desktop/pbi-scenario-two/py_env/lib/python3.9/site-packages/airflow/example_dags/tutorial_objectstorage.py took 0.109 seconds
[2024-05-02T00:04:25.295-0500] {processor.py:161} INFO - Started process (PID=36161) to work on /Users/nestoralfaro/Desktop/pbi-scenario-two/py_env/lib/python3.9/site-packages/airflow/example_dags/tutorial_objectstorage.py
[2024-05-02T00:04:25.298-0500] {processor.py:830} INFO - Processing file /Users/nestoralfaro/Desktop/pbi-scenario-two/py_env/lib/python3.9/site-packages/airflow/example_dags/tutorial_objectstorage.py for tasks to queue
[2024-05-02T00:04:25.298-0500] {logging_mixin.py:188} INFO - [2024-05-02T00:04:25.298-0500] {dagbag.py:540} INFO - Filling up the DagBag from /Users/nestoralfaro/Desktop/pbi-scenario-two/py_env/lib/python3.9/site-packages/airflow/example_dags/tutorial_objectstorage.py
[2024-05-02T00:04:25.334-0500] {processor.py:840} INFO - DAG(s) 'tutorial_objectstorage' retrieved from /Users/nestoralfaro/Desktop/pbi-scenario-two/py_env/lib/python3.9/site-packages/airflow/example_dags/tutorial_objectstorage.py
[2024-05-02T00:04:25.402-0500] {logging_mixin.py:188} INFO - [2024-05-02T00:04:25.402-0500] {dag.py:3096} INFO - Sync 1 DAGs
[2024-05-02T00:04:25.406-0500] {logging_mixin.py:188} INFO - [2024-05-02T00:04:25.406-0500] {dag.py:3954} INFO - Setting next_dagrun for tutorial_objectstorage to None, run_after=None
[2024-05-02T00:04:25.415-0500] {processor.py:183} INFO - Processing /Users/nestoralfaro/Desktop/pbi-scenario-two/py_env/lib/python3.9/site-packages/airflow/example_dags/tutorial_objectstorage.py took 0.121 seconds
[2024-05-02T00:05:20.133-0500] {processor.py:161} INFO - Started process (PID=36196) to work on /Users/nestoralfaro/Desktop/pbi-scenario-two/py_env/lib/python3.9/site-packages/airflow/example_dags/tutorial_objectstorage.py
[2024-05-02T00:05:20.134-0500] {processor.py:830} INFO - Processing file /Users/nestoralfaro/Desktop/pbi-scenario-two/py_env/lib/python3.9/site-packages/airflow/example_dags/tutorial_objectstorage.py for tasks to queue
[2024-05-02T00:05:20.134-0500] {logging_mixin.py:188} INFO - [2024-05-02T00:05:20.134-0500] {dagbag.py:540} INFO - Filling up the DagBag from /Users/nestoralfaro/Desktop/pbi-scenario-two/py_env/lib/python3.9/site-packages/airflow/example_dags/tutorial_objectstorage.py
[2024-05-02T00:05:20.164-0500] {processor.py:840} INFO - DAG(s) 'tutorial_objectstorage' retrieved from /Users/nestoralfaro/Desktop/pbi-scenario-two/py_env/lib/python3.9/site-packages/airflow/example_dags/tutorial_objectstorage.py
[2024-05-02T00:05:20.229-0500] {logging_mixin.py:188} INFO - [2024-05-02T00:05:20.229-0500] {dag.py:3096} INFO - Sync 1 DAGs
[2024-05-02T00:05:20.233-0500] {logging_mixin.py:188} INFO - [2024-05-02T00:05:20.233-0500] {dag.py:3954} INFO - Setting next_dagrun for tutorial_objectstorage to None, run_after=None
[2024-05-02T00:05:20.240-0500] {processor.py:183} INFO - Processing /Users/nestoralfaro/Desktop/pbi-scenario-two/py_env/lib/python3.9/site-packages/airflow/example_dags/tutorial_objectstorage.py took 0.109 seconds
[2024-05-02T00:06:18.498-0500] {processor.py:161} INFO - Started process (PID=36240) to work on /Users/nestoralfaro/Desktop/pbi-scenario-two/py_env/lib/python3.9/site-packages/airflow/example_dags/tutorial_objectstorage.py
[2024-05-02T00:06:18.500-0500] {processor.py:830} INFO - Processing file /Users/nestoralfaro/Desktop/pbi-scenario-two/py_env/lib/python3.9/site-packages/airflow/example_dags/tutorial_objectstorage.py for tasks to queue
[2024-05-02T00:06:18.500-0500] {logging_mixin.py:188} INFO - [2024-05-02T00:06:18.500-0500] {dagbag.py:540} INFO - Filling up the DagBag from /Users/nestoralfaro/Desktop/pbi-scenario-two/py_env/lib/python3.9/site-packages/airflow/example_dags/tutorial_objectstorage.py
[2024-05-02T00:06:18.538-0500] {processor.py:840} INFO - DAG(s) 'tutorial_objectstorage' retrieved from /Users/nestoralfaro/Desktop/pbi-scenario-two/py_env/lib/python3.9/site-packages/airflow/example_dags/tutorial_objectstorage.py
[2024-05-02T00:06:18.604-0500] {logging_mixin.py:188} INFO - [2024-05-02T00:06:18.603-0500] {dag.py:3096} INFO - Sync 1 DAGs
[2024-05-02T00:06:18.607-0500] {logging_mixin.py:188} INFO - [2024-05-02T00:06:18.607-0500] {dag.py:3954} INFO - Setting next_dagrun for tutorial_objectstorage to None, run_after=None
[2024-05-02T00:06:18.614-0500] {processor.py:183} INFO - Processing /Users/nestoralfaro/Desktop/pbi-scenario-two/py_env/lib/python3.9/site-packages/airflow/example_dags/tutorial_objectstorage.py took 0.118 seconds
[2024-05-02T00:07:12.231-0500] {processor.py:161} INFO - Started process (PID=36284) to work on /Users/nestoralfaro/Desktop/pbi-scenario-two/py_env/lib/python3.9/site-packages/airflow/example_dags/tutorial_objectstorage.py
[2024-05-02T00:07:12.232-0500] {processor.py:830} INFO - Processing file /Users/nestoralfaro/Desktop/pbi-scenario-two/py_env/lib/python3.9/site-packages/airflow/example_dags/tutorial_objectstorage.py for tasks to queue
[2024-05-02T00:07:12.232-0500] {logging_mixin.py:188} INFO - [2024-05-02T00:07:12.232-0500] {dagbag.py:540} INFO - Filling up the DagBag from /Users/nestoralfaro/Desktop/pbi-scenario-two/py_env/lib/python3.9/site-packages/airflow/example_dags/tutorial_objectstorage.py
[2024-05-02T00:07:12.262-0500] {processor.py:840} INFO - DAG(s) 'tutorial_objectstorage' retrieved from /Users/nestoralfaro/Desktop/pbi-scenario-two/py_env/lib/python3.9/site-packages/airflow/example_dags/tutorial_objectstorage.py
[2024-05-02T00:07:12.324-0500] {logging_mixin.py:188} INFO - [2024-05-02T00:07:12.323-0500] {dag.py:3096} INFO - Sync 1 DAGs
[2024-05-02T00:07:12.327-0500] {logging_mixin.py:188} INFO - [2024-05-02T00:07:12.327-0500] {dag.py:3954} INFO - Setting next_dagrun for tutorial_objectstorage to None, run_after=None
[2024-05-02T00:07:12.335-0500] {processor.py:183} INFO - Processing /Users/nestoralfaro/Desktop/pbi-scenario-two/py_env/lib/python3.9/site-packages/airflow/example_dags/tutorial_objectstorage.py took 0.105 seconds
[2024-05-02T00:08:05.061-0500] {processor.py:161} INFO - Started process (PID=36318) to work on /Users/nestoralfaro/Desktop/pbi-scenario-two/py_env/lib/python3.9/site-packages/airflow/example_dags/tutorial_objectstorage.py
[2024-05-02T00:08:05.062-0500] {processor.py:830} INFO - Processing file /Users/nestoralfaro/Desktop/pbi-scenario-two/py_env/lib/python3.9/site-packages/airflow/example_dags/tutorial_objectstorage.py for tasks to queue
[2024-05-02T00:08:05.063-0500] {logging_mixin.py:188} INFO - [2024-05-02T00:08:05.063-0500] {dagbag.py:540} INFO - Filling up the DagBag from /Users/nestoralfaro/Desktop/pbi-scenario-two/py_env/lib/python3.9/site-packages/airflow/example_dags/tutorial_objectstorage.py
[2024-05-02T00:08:05.091-0500] {processor.py:840} INFO - DAG(s) 'tutorial_objectstorage' retrieved from /Users/nestoralfaro/Desktop/pbi-scenario-two/py_env/lib/python3.9/site-packages/airflow/example_dags/tutorial_objectstorage.py
[2024-05-02T00:08:05.152-0500] {logging_mixin.py:188} INFO - [2024-05-02T00:08:05.152-0500] {dag.py:3096} INFO - Sync 1 DAGs
[2024-05-02T00:08:05.156-0500] {logging_mixin.py:188} INFO - [2024-05-02T00:08:05.156-0500] {dag.py:3954} INFO - Setting next_dagrun for tutorial_objectstorage to None, run_after=None
[2024-05-02T00:08:05.163-0500] {processor.py:183} INFO - Processing /Users/nestoralfaro/Desktop/pbi-scenario-two/py_env/lib/python3.9/site-packages/airflow/example_dags/tutorial_objectstorage.py took 0.103 seconds
[2024-05-02T00:09:02.695-0500] {processor.py:161} INFO - Started process (PID=36351) to work on /Users/nestoralfaro/Desktop/pbi-scenario-two/py_env/lib/python3.9/site-packages/airflow/example_dags/tutorial_objectstorage.py
[2024-05-02T00:09:02.698-0500] {processor.py:830} INFO - Processing file /Users/nestoralfaro/Desktop/pbi-scenario-two/py_env/lib/python3.9/site-packages/airflow/example_dags/tutorial_objectstorage.py for tasks to queue
[2024-05-02T00:09:02.698-0500] {logging_mixin.py:188} INFO - [2024-05-02T00:09:02.698-0500] {dagbag.py:540} INFO - Filling up the DagBag from /Users/nestoralfaro/Desktop/pbi-scenario-two/py_env/lib/python3.9/site-packages/airflow/example_dags/tutorial_objectstorage.py
[2024-05-02T00:09:02.730-0500] {processor.py:840} INFO - DAG(s) 'tutorial_objectstorage' retrieved from /Users/nestoralfaro/Desktop/pbi-scenario-two/py_env/lib/python3.9/site-packages/airflow/example_dags/tutorial_objectstorage.py
[2024-05-02T00:09:02.794-0500] {logging_mixin.py:188} INFO - [2024-05-02T00:09:02.794-0500] {dag.py:3096} INFO - Sync 1 DAGs
[2024-05-02T00:09:02.798-0500] {logging_mixin.py:188} INFO - [2024-05-02T00:09:02.798-0500] {dag.py:3954} INFO - Setting next_dagrun for tutorial_objectstorage to None, run_after=None
[2024-05-02T00:09:02.806-0500] {processor.py:183} INFO - Processing /Users/nestoralfaro/Desktop/pbi-scenario-two/py_env/lib/python3.9/site-packages/airflow/example_dags/tutorial_objectstorage.py took 0.112 seconds
[2024-05-02T00:10:00.327-0500] {processor.py:161} INFO - Started process (PID=36386) to work on /Users/nestoralfaro/Desktop/pbi-scenario-two/py_env/lib/python3.9/site-packages/airflow/example_dags/tutorial_objectstorage.py
[2024-05-02T00:10:00.329-0500] {processor.py:830} INFO - Processing file /Users/nestoralfaro/Desktop/pbi-scenario-two/py_env/lib/python3.9/site-packages/airflow/example_dags/tutorial_objectstorage.py for tasks to queue
[2024-05-02T00:10:00.329-0500] {logging_mixin.py:188} INFO - [2024-05-02T00:10:00.329-0500] {dagbag.py:540} INFO - Filling up the DagBag from /Users/nestoralfaro/Desktop/pbi-scenario-two/py_env/lib/python3.9/site-packages/airflow/example_dags/tutorial_objectstorage.py
[2024-05-02T00:10:00.361-0500] {processor.py:840} INFO - DAG(s) 'tutorial_objectstorage' retrieved from /Users/nestoralfaro/Desktop/pbi-scenario-two/py_env/lib/python3.9/site-packages/airflow/example_dags/tutorial_objectstorage.py
[2024-05-02T00:10:00.422-0500] {logging_mixin.py:188} INFO - [2024-05-02T00:10:00.422-0500] {dag.py:3096} INFO - Sync 1 DAGs
[2024-05-02T00:10:00.426-0500] {logging_mixin.py:188} INFO - [2024-05-02T00:10:00.426-0500] {dag.py:3954} INFO - Setting next_dagrun for tutorial_objectstorage to None, run_after=None
[2024-05-02T00:10:00.433-0500] {processor.py:183} INFO - Processing /Users/nestoralfaro/Desktop/pbi-scenario-two/py_env/lib/python3.9/site-packages/airflow/example_dags/tutorial_objectstorage.py took 0.108 seconds
[2024-05-02T00:11:09.375-0500] {processor.py:161} INFO - Started process (PID=36408) to work on /Users/nestoralfaro/Desktop/pbi-scenario-two/py_env/lib/python3.9/site-packages/airflow/example_dags/tutorial_objectstorage.py
[2024-05-02T00:11:09.377-0500] {processor.py:830} INFO - Processing file /Users/nestoralfaro/Desktop/pbi-scenario-two/py_env/lib/python3.9/site-packages/airflow/example_dags/tutorial_objectstorage.py for tasks to queue
[2024-05-02T00:11:09.378-0500] {logging_mixin.py:188} INFO - [2024-05-02T00:11:09.378-0500] {dagbag.py:540} INFO - Filling up the DagBag from /Users/nestoralfaro/Desktop/pbi-scenario-two/py_env/lib/python3.9/site-packages/airflow/example_dags/tutorial_objectstorage.py
[2024-05-02T00:11:09.407-0500] {processor.py:840} INFO - DAG(s) 'tutorial_objectstorage' retrieved from /Users/nestoralfaro/Desktop/pbi-scenario-two/py_env/lib/python3.9/site-packages/airflow/example_dags/tutorial_objectstorage.py
[2024-05-02T00:11:09.468-0500] {logging_mixin.py:188} INFO - [2024-05-02T00:11:09.468-0500] {dag.py:3096} INFO - Sync 1 DAGs
[2024-05-02T00:11:09.472-0500] {logging_mixin.py:188} INFO - [2024-05-02T00:11:09.472-0500] {dag.py:3954} INFO - Setting next_dagrun for tutorial_objectstorage to None, run_after=None
[2024-05-02T00:11:09.479-0500] {processor.py:183} INFO - Processing /Users/nestoralfaro/Desktop/pbi-scenario-two/py_env/lib/python3.9/site-packages/airflow/example_dags/tutorial_objectstorage.py took 0.106 seconds
[2024-05-02T00:12:35.514-0500] {processor.py:161} INFO - Started process (PID=36500) to work on /Users/nestoralfaro/Desktop/pbi-scenario-two/py_env/lib/python3.9/site-packages/airflow/example_dags/tutorial_objectstorage.py
[2024-05-02T00:12:35.516-0500] {processor.py:830} INFO - Processing file /Users/nestoralfaro/Desktop/pbi-scenario-two/py_env/lib/python3.9/site-packages/airflow/example_dags/tutorial_objectstorage.py for tasks to queue
[2024-05-02T00:12:35.516-0500] {logging_mixin.py:188} INFO - [2024-05-02T00:12:35.516-0500] {dagbag.py:540} INFO - Filling up the DagBag from /Users/nestoralfaro/Desktop/pbi-scenario-two/py_env/lib/python3.9/site-packages/airflow/example_dags/tutorial_objectstorage.py
[2024-05-02T00:12:35.549-0500] {processor.py:840} INFO - DAG(s) 'tutorial_objectstorage' retrieved from /Users/nestoralfaro/Desktop/pbi-scenario-two/py_env/lib/python3.9/site-packages/airflow/example_dags/tutorial_objectstorage.py
[2024-05-02T00:12:35.610-0500] {logging_mixin.py:188} INFO - [2024-05-02T00:12:35.610-0500] {dag.py:3096} INFO - Sync 1 DAGs
[2024-05-02T00:12:35.614-0500] {logging_mixin.py:188} INFO - [2024-05-02T00:12:35.614-0500] {dag.py:3954} INFO - Setting next_dagrun for tutorial_objectstorage to None, run_after=None
[2024-05-02T00:12:35.621-0500] {processor.py:183} INFO - Processing /Users/nestoralfaro/Desktop/pbi-scenario-two/py_env/lib/python3.9/site-packages/airflow/example_dags/tutorial_objectstorage.py took 0.108 seconds
[2024-05-02T00:13:32.393-0500] {processor.py:161} INFO - Started process (PID=36547) to work on /Users/nestoralfaro/Desktop/pbi-scenario-two/py_env/lib/python3.9/site-packages/airflow/example_dags/tutorial_objectstorage.py
[2024-05-02T00:13:32.395-0500] {processor.py:830} INFO - Processing file /Users/nestoralfaro/Desktop/pbi-scenario-two/py_env/lib/python3.9/site-packages/airflow/example_dags/tutorial_objectstorage.py for tasks to queue
[2024-05-02T00:13:32.395-0500] {logging_mixin.py:188} INFO - [2024-05-02T00:13:32.395-0500] {dagbag.py:540} INFO - Filling up the DagBag from /Users/nestoralfaro/Desktop/pbi-scenario-two/py_env/lib/python3.9/site-packages/airflow/example_dags/tutorial_objectstorage.py
[2024-05-02T00:13:32.441-0500] {processor.py:840} INFO - DAG(s) 'tutorial_objectstorage' retrieved from /Users/nestoralfaro/Desktop/pbi-scenario-two/py_env/lib/python3.9/site-packages/airflow/example_dags/tutorial_objectstorage.py
[2024-05-02T00:13:32.510-0500] {logging_mixin.py:188} INFO - [2024-05-02T00:13:32.510-0500] {dag.py:3096} INFO - Sync 1 DAGs
[2024-05-02T00:13:32.514-0500] {logging_mixin.py:188} INFO - [2024-05-02T00:13:32.514-0500] {dag.py:3954} INFO - Setting next_dagrun for tutorial_objectstorage to None, run_after=None
[2024-05-02T00:13:32.522-0500] {processor.py:183} INFO - Processing /Users/nestoralfaro/Desktop/pbi-scenario-two/py_env/lib/python3.9/site-packages/airflow/example_dags/tutorial_objectstorage.py took 0.131 seconds
[2024-05-02T00:15:00.724-0500] {processor.py:161} INFO - Started process (PID=36595) to work on /Users/nestoralfaro/Desktop/pbi-scenario-two/py_env/lib/python3.9/site-packages/airflow/example_dags/tutorial_objectstorage.py
[2024-05-02T00:15:00.726-0500] {processor.py:830} INFO - Processing file /Users/nestoralfaro/Desktop/pbi-scenario-two/py_env/lib/python3.9/site-packages/airflow/example_dags/tutorial_objectstorage.py for tasks to queue
[2024-05-02T00:15:00.726-0500] {logging_mixin.py:188} INFO - [2024-05-02T00:15:00.726-0500] {dagbag.py:540} INFO - Filling up the DagBag from /Users/nestoralfaro/Desktop/pbi-scenario-two/py_env/lib/python3.9/site-packages/airflow/example_dags/tutorial_objectstorage.py
[2024-05-02T00:15:00.757-0500] {processor.py:840} INFO - DAG(s) 'tutorial_objectstorage' retrieved from /Users/nestoralfaro/Desktop/pbi-scenario-two/py_env/lib/python3.9/site-packages/airflow/example_dags/tutorial_objectstorage.py
[2024-05-02T00:15:00.822-0500] {logging_mixin.py:188} INFO - [2024-05-02T00:15:00.822-0500] {dag.py:3096} INFO - Sync 1 DAGs
[2024-05-02T00:15:00.826-0500] {logging_mixin.py:188} INFO - [2024-05-02T00:15:00.826-0500] {dag.py:3954} INFO - Setting next_dagrun for tutorial_objectstorage to None, run_after=None
[2024-05-02T00:15:00.835-0500] {processor.py:183} INFO - Processing /Users/nestoralfaro/Desktop/pbi-scenario-two/py_env/lib/python3.9/site-packages/airflow/example_dags/tutorial_objectstorage.py took 0.112 seconds
[2024-05-02T00:16:29.185-0500] {processor.py:161} INFO - Started process (PID=36664) to work on /Users/nestoralfaro/Desktop/pbi-scenario-two/py_env/lib/python3.9/site-packages/airflow/example_dags/tutorial_objectstorage.py
[2024-05-02T00:16:29.187-0500] {processor.py:830} INFO - Processing file /Users/nestoralfaro/Desktop/pbi-scenario-two/py_env/lib/python3.9/site-packages/airflow/example_dags/tutorial_objectstorage.py for tasks to queue
[2024-05-02T00:16:29.187-0500] {logging_mixin.py:188} INFO - [2024-05-02T00:16:29.187-0500] {dagbag.py:540} INFO - Filling up the DagBag from /Users/nestoralfaro/Desktop/pbi-scenario-two/py_env/lib/python3.9/site-packages/airflow/example_dags/tutorial_objectstorage.py
[2024-05-02T00:16:29.216-0500] {processor.py:840} INFO - DAG(s) 'tutorial_objectstorage' retrieved from /Users/nestoralfaro/Desktop/pbi-scenario-two/py_env/lib/python3.9/site-packages/airflow/example_dags/tutorial_objectstorage.py
[2024-05-02T00:16:29.278-0500] {logging_mixin.py:188} INFO - [2024-05-02T00:16:29.278-0500] {dag.py:3096} INFO - Sync 1 DAGs
[2024-05-02T00:16:29.281-0500] {logging_mixin.py:188} INFO - [2024-05-02T00:16:29.281-0500] {dag.py:3954} INFO - Setting next_dagrun for tutorial_objectstorage to None, run_after=None
[2024-05-02T00:16:29.289-0500] {processor.py:183} INFO - Processing /Users/nestoralfaro/Desktop/pbi-scenario-two/py_env/lib/python3.9/site-packages/airflow/example_dags/tutorial_objectstorage.py took 0.105 seconds
[2024-05-02T00:17:26.326-0500] {processor.py:161} INFO - Started process (PID=36702) to work on /Users/nestoralfaro/Desktop/pbi-scenario-two/py_env/lib/python3.9/site-packages/airflow/example_dags/tutorial_objectstorage.py
[2024-05-02T00:17:26.327-0500] {processor.py:830} INFO - Processing file /Users/nestoralfaro/Desktop/pbi-scenario-two/py_env/lib/python3.9/site-packages/airflow/example_dags/tutorial_objectstorage.py for tasks to queue
[2024-05-02T00:17:26.327-0500] {logging_mixin.py:188} INFO - [2024-05-02T00:17:26.327-0500] {dagbag.py:540} INFO - Filling up the DagBag from /Users/nestoralfaro/Desktop/pbi-scenario-two/py_env/lib/python3.9/site-packages/airflow/example_dags/tutorial_objectstorage.py
[2024-05-02T00:17:26.359-0500] {processor.py:840} INFO - DAG(s) 'tutorial_objectstorage' retrieved from /Users/nestoralfaro/Desktop/pbi-scenario-two/py_env/lib/python3.9/site-packages/airflow/example_dags/tutorial_objectstorage.py
[2024-05-02T00:17:26.423-0500] {logging_mixin.py:188} INFO - [2024-05-02T00:17:26.423-0500] {dag.py:3096} INFO - Sync 1 DAGs
[2024-05-02T00:17:26.427-0500] {logging_mixin.py:188} INFO - [2024-05-02T00:17:26.427-0500] {dag.py:3954} INFO - Setting next_dagrun for tutorial_objectstorage to None, run_after=None
[2024-05-02T00:17:26.433-0500] {processor.py:183} INFO - Processing /Users/nestoralfaro/Desktop/pbi-scenario-two/py_env/lib/python3.9/site-packages/airflow/example_dags/tutorial_objectstorage.py took 0.109 seconds
[2024-05-02T00:18:24.769-0500] {processor.py:161} INFO - Started process (PID=36738) to work on /Users/nestoralfaro/Desktop/pbi-scenario-two/py_env/lib/python3.9/site-packages/airflow/example_dags/tutorial_objectstorage.py
[2024-05-02T00:18:24.771-0500] {processor.py:830} INFO - Processing file /Users/nestoralfaro/Desktop/pbi-scenario-two/py_env/lib/python3.9/site-packages/airflow/example_dags/tutorial_objectstorage.py for tasks to queue
[2024-05-02T00:18:24.771-0500] {logging_mixin.py:188} INFO - [2024-05-02T00:18:24.771-0500] {dagbag.py:540} INFO - Filling up the DagBag from /Users/nestoralfaro/Desktop/pbi-scenario-two/py_env/lib/python3.9/site-packages/airflow/example_dags/tutorial_objectstorage.py
[2024-05-02T00:18:24.805-0500] {processor.py:840} INFO - DAG(s) 'tutorial_objectstorage' retrieved from /Users/nestoralfaro/Desktop/pbi-scenario-two/py_env/lib/python3.9/site-packages/airflow/example_dags/tutorial_objectstorage.py
[2024-05-02T00:18:24.870-0500] {logging_mixin.py:188} INFO - [2024-05-02T00:18:24.869-0500] {dag.py:3096} INFO - Sync 1 DAGs
[2024-05-02T00:18:24.873-0500] {logging_mixin.py:188} INFO - [2024-05-02T00:18:24.873-0500] {dag.py:3954} INFO - Setting next_dagrun for tutorial_objectstorage to None, run_after=None
[2024-05-02T00:18:24.880-0500] {processor.py:183} INFO - Processing /Users/nestoralfaro/Desktop/pbi-scenario-two/py_env/lib/python3.9/site-packages/airflow/example_dags/tutorial_objectstorage.py took 0.113 seconds
[2024-05-02T00:19:23.525-0500] {processor.py:161} INFO - Started process (PID=36810) to work on /Users/nestoralfaro/Desktop/pbi-scenario-two/py_env/lib/python3.9/site-packages/airflow/example_dags/tutorial_objectstorage.py
[2024-05-02T00:19:23.527-0500] {processor.py:830} INFO - Processing file /Users/nestoralfaro/Desktop/pbi-scenario-two/py_env/lib/python3.9/site-packages/airflow/example_dags/tutorial_objectstorage.py for tasks to queue
[2024-05-02T00:19:23.527-0500] {logging_mixin.py:188} INFO - [2024-05-02T00:19:23.527-0500] {dagbag.py:540} INFO - Filling up the DagBag from /Users/nestoralfaro/Desktop/pbi-scenario-two/py_env/lib/python3.9/site-packages/airflow/example_dags/tutorial_objectstorage.py
[2024-05-02T00:19:23.560-0500] {processor.py:840} INFO - DAG(s) 'tutorial_objectstorage' retrieved from /Users/nestoralfaro/Desktop/pbi-scenario-two/py_env/lib/python3.9/site-packages/airflow/example_dags/tutorial_objectstorage.py
[2024-05-02T00:19:23.621-0500] {logging_mixin.py:188} INFO - [2024-05-02T00:19:23.621-0500] {dag.py:3096} INFO - Sync 1 DAGs
[2024-05-02T00:19:23.624-0500] {logging_mixin.py:188} INFO - [2024-05-02T00:19:23.624-0500] {dag.py:3954} INFO - Setting next_dagrun for tutorial_objectstorage to None, run_after=None
[2024-05-02T00:19:23.631-0500] {processor.py:183} INFO - Processing /Users/nestoralfaro/Desktop/pbi-scenario-two/py_env/lib/python3.9/site-packages/airflow/example_dags/tutorial_objectstorage.py took 0.108 seconds
[2024-05-02T00:20:20.777-0500] {processor.py:161} INFO - Started process (PID=36848) to work on /Users/nestoralfaro/Desktop/pbi-scenario-two/py_env/lib/python3.9/site-packages/airflow/example_dags/tutorial_objectstorage.py
[2024-05-02T00:20:20.778-0500] {processor.py:830} INFO - Processing file /Users/nestoralfaro/Desktop/pbi-scenario-two/py_env/lib/python3.9/site-packages/airflow/example_dags/tutorial_objectstorage.py for tasks to queue
[2024-05-02T00:20:20.779-0500] {logging_mixin.py:188} INFO - [2024-05-02T00:20:20.779-0500] {dagbag.py:540} INFO - Filling up the DagBag from /Users/nestoralfaro/Desktop/pbi-scenario-two/py_env/lib/python3.9/site-packages/airflow/example_dags/tutorial_objectstorage.py
[2024-05-02T00:20:20.809-0500] {processor.py:840} INFO - DAG(s) 'tutorial_objectstorage' retrieved from /Users/nestoralfaro/Desktop/pbi-scenario-two/py_env/lib/python3.9/site-packages/airflow/example_dags/tutorial_objectstorage.py
[2024-05-02T00:20:20.876-0500] {logging_mixin.py:188} INFO - [2024-05-02T00:20:20.876-0500] {dag.py:3096} INFO - Sync 1 DAGs
[2024-05-02T00:20:20.880-0500] {logging_mixin.py:188} INFO - [2024-05-02T00:20:20.880-0500] {dag.py:3954} INFO - Setting next_dagrun for tutorial_objectstorage to None, run_after=None
[2024-05-02T00:20:20.888-0500] {processor.py:183} INFO - Processing /Users/nestoralfaro/Desktop/pbi-scenario-two/py_env/lib/python3.9/site-packages/airflow/example_dags/tutorial_objectstorage.py took 0.112 seconds
[2024-05-02T00:21:21.246-0500] {processor.py:161} INFO - Started process (PID=36884) to work on /Users/nestoralfaro/Desktop/pbi-scenario-two/py_env/lib/python3.9/site-packages/airflow/example_dags/tutorial_objectstorage.py
[2024-05-02T00:21:21.247-0500] {processor.py:830} INFO - Processing file /Users/nestoralfaro/Desktop/pbi-scenario-two/py_env/lib/python3.9/site-packages/airflow/example_dags/tutorial_objectstorage.py for tasks to queue
[2024-05-02T00:21:21.247-0500] {logging_mixin.py:188} INFO - [2024-05-02T00:21:21.247-0500] {dagbag.py:540} INFO - Filling up the DagBag from /Users/nestoralfaro/Desktop/pbi-scenario-two/py_env/lib/python3.9/site-packages/airflow/example_dags/tutorial_objectstorage.py
[2024-05-02T00:21:21.278-0500] {processor.py:840} INFO - DAG(s) 'tutorial_objectstorage' retrieved from /Users/nestoralfaro/Desktop/pbi-scenario-two/py_env/lib/python3.9/site-packages/airflow/example_dags/tutorial_objectstorage.py
[2024-05-02T00:21:21.344-0500] {logging_mixin.py:188} INFO - [2024-05-02T00:21:21.344-0500] {dag.py:3096} INFO - Sync 1 DAGs
[2024-05-02T00:21:21.347-0500] {logging_mixin.py:188} INFO - [2024-05-02T00:21:21.347-0500] {dag.py:3954} INFO - Setting next_dagrun for tutorial_objectstorage to None, run_after=None
[2024-05-02T00:21:21.355-0500] {processor.py:183} INFO - Processing /Users/nestoralfaro/Desktop/pbi-scenario-two/py_env/lib/python3.9/site-packages/airflow/example_dags/tutorial_objectstorage.py took 0.110 seconds
[2024-05-02T00:22:19.493-0500] {processor.py:161} INFO - Started process (PID=36942) to work on /Users/nestoralfaro/Desktop/pbi-scenario-two/py_env/lib/python3.9/site-packages/airflow/example_dags/tutorial_objectstorage.py
[2024-05-02T00:22:19.495-0500] {processor.py:830} INFO - Processing file /Users/nestoralfaro/Desktop/pbi-scenario-two/py_env/lib/python3.9/site-packages/airflow/example_dags/tutorial_objectstorage.py for tasks to queue
[2024-05-02T00:22:19.496-0500] {logging_mixin.py:188} INFO - [2024-05-02T00:22:19.495-0500] {dagbag.py:540} INFO - Filling up the DagBag from /Users/nestoralfaro/Desktop/pbi-scenario-two/py_env/lib/python3.9/site-packages/airflow/example_dags/tutorial_objectstorage.py
[2024-05-02T00:22:19.531-0500] {processor.py:840} INFO - DAG(s) 'tutorial_objectstorage' retrieved from /Users/nestoralfaro/Desktop/pbi-scenario-two/py_env/lib/python3.9/site-packages/airflow/example_dags/tutorial_objectstorage.py
[2024-05-02T00:22:19.593-0500] {logging_mixin.py:188} INFO - [2024-05-02T00:22:19.593-0500] {dag.py:3096} INFO - Sync 1 DAGs
[2024-05-02T00:22:19.597-0500] {logging_mixin.py:188} INFO - [2024-05-02T00:22:19.597-0500] {dag.py:3954} INFO - Setting next_dagrun for tutorial_objectstorage to None, run_after=None
[2024-05-02T00:22:19.604-0500] {processor.py:183} INFO - Processing /Users/nestoralfaro/Desktop/pbi-scenario-two/py_env/lib/python3.9/site-packages/airflow/example_dags/tutorial_objectstorage.py took 0.113 seconds
[2024-05-02T00:23:14.805-0500] {processor.py:161} INFO - Started process (PID=36997) to work on /Users/nestoralfaro/Desktop/pbi-scenario-two/py_env/lib/python3.9/site-packages/airflow/example_dags/tutorial_objectstorage.py
[2024-05-02T00:23:14.807-0500] {processor.py:830} INFO - Processing file /Users/nestoralfaro/Desktop/pbi-scenario-two/py_env/lib/python3.9/site-packages/airflow/example_dags/tutorial_objectstorage.py for tasks to queue
[2024-05-02T00:23:14.807-0500] {logging_mixin.py:188} INFO - [2024-05-02T00:23:14.807-0500] {dagbag.py:540} INFO - Filling up the DagBag from /Users/nestoralfaro/Desktop/pbi-scenario-two/py_env/lib/python3.9/site-packages/airflow/example_dags/tutorial_objectstorage.py
[2024-05-02T00:23:14.839-0500] {processor.py:840} INFO - DAG(s) 'tutorial_objectstorage' retrieved from /Users/nestoralfaro/Desktop/pbi-scenario-two/py_env/lib/python3.9/site-packages/airflow/example_dags/tutorial_objectstorage.py
[2024-05-02T00:23:14.900-0500] {logging_mixin.py:188} INFO - [2024-05-02T00:23:14.900-0500] {dag.py:3096} INFO - Sync 1 DAGs
[2024-05-02T00:23:14.904-0500] {logging_mixin.py:188} INFO - [2024-05-02T00:23:14.904-0500] {dag.py:3954} INFO - Setting next_dagrun for tutorial_objectstorage to None, run_after=None
[2024-05-02T00:23:14.911-0500] {processor.py:183} INFO - Processing /Users/nestoralfaro/Desktop/pbi-scenario-two/py_env/lib/python3.9/site-packages/airflow/example_dags/tutorial_objectstorage.py took 0.108 seconds
[2024-05-02T00:24:09.612-0500] {processor.py:161} INFO - Started process (PID=37053) to work on /Users/nestoralfaro/Desktop/pbi-scenario-two/py_env/lib/python3.9/site-packages/airflow/example_dags/tutorial_objectstorage.py
[2024-05-02T00:24:09.614-0500] {processor.py:830} INFO - Processing file /Users/nestoralfaro/Desktop/pbi-scenario-two/py_env/lib/python3.9/site-packages/airflow/example_dags/tutorial_objectstorage.py for tasks to queue
[2024-05-02T00:24:09.614-0500] {logging_mixin.py:188} INFO - [2024-05-02T00:24:09.614-0500] {dagbag.py:540} INFO - Filling up the DagBag from /Users/nestoralfaro/Desktop/pbi-scenario-two/py_env/lib/python3.9/site-packages/airflow/example_dags/tutorial_objectstorage.py
[2024-05-02T00:24:09.645-0500] {processor.py:840} INFO - DAG(s) 'tutorial_objectstorage' retrieved from /Users/nestoralfaro/Desktop/pbi-scenario-two/py_env/lib/python3.9/site-packages/airflow/example_dags/tutorial_objectstorage.py
[2024-05-02T00:24:09.707-0500] {logging_mixin.py:188} INFO - [2024-05-02T00:24:09.707-0500] {dag.py:3096} INFO - Sync 1 DAGs
[2024-05-02T00:24:09.711-0500] {logging_mixin.py:188} INFO - [2024-05-02T00:24:09.711-0500] {dag.py:3954} INFO - Setting next_dagrun for tutorial_objectstorage to None, run_after=None
[2024-05-02T00:24:09.718-0500] {processor.py:183} INFO - Processing /Users/nestoralfaro/Desktop/pbi-scenario-two/py_env/lib/python3.9/site-packages/airflow/example_dags/tutorial_objectstorage.py took 0.107 seconds
