[2024-05-01T23:30:15.867-0500] {processor.py:161} INFO - Started process (PID=34741) to work on /Users/nestoralfaro/Desktop/pbi-scenario-two/py_env/lib/python3.9/site-packages/airflow/example_dags/tutorial.py
[2024-05-01T23:30:15.869-0500] {processor.py:830} INFO - Processing file /Users/nestoralfaro/Desktop/pbi-scenario-two/py_env/lib/python3.9/site-packages/airflow/example_dags/tutorial.py for tasks to queue
[2024-05-01T23:30:15.869-0500] {logging_mixin.py:188} INFO - [2024-05-01T23:30:15.869-0500] {dagbag.py:540} INFO - Filling up the DagBag from /Users/nestoralfaro/Desktop/pbi-scenario-two/py_env/lib/python3.9/site-packages/airflow/example_dags/tutorial.py
[2024-05-01T23:30:15.873-0500] {processor.py:840} INFO - DAG(s) 'tutorial' retrieved from /Users/nestoralfaro/Desktop/pbi-scenario-two/py_env/lib/python3.9/site-packages/airflow/example_dags/tutorial.py
[2024-05-01T23:30:15.988-0500] {logging_mixin.py:188} INFO - [2024-05-01T23:30:15.988-0500] {dag.py:3096} INFO - Sync 1 DAGs
[2024-05-01T23:30:15.998-0500] {logging_mixin.py:188} INFO - [2024-05-01T23:30:15.998-0500] {dag.py:3954} INFO - Setting next_dagrun for tutorial to 2024-05-01 00:00:00+00:00, run_after=2024-05-02 00:00:00+00:00
[2024-05-01T23:30:16.006-0500] {processor.py:183} INFO - Processing /Users/nestoralfaro/Desktop/pbi-scenario-two/py_env/lib/python3.9/site-packages/airflow/example_dags/tutorial.py took 0.141 seconds
[2024-05-01T23:31:44.184-0500] {processor.py:161} INFO - Started process (PID=34797) to work on /Users/nestoralfaro/Desktop/pbi-scenario-two/py_env/lib/python3.9/site-packages/airflow/example_dags/tutorial.py
[2024-05-01T23:31:44.186-0500] {processor.py:830} INFO - Processing file /Users/nestoralfaro/Desktop/pbi-scenario-two/py_env/lib/python3.9/site-packages/airflow/example_dags/tutorial.py for tasks to queue
[2024-05-01T23:31:44.186-0500] {logging_mixin.py:188} INFO - [2024-05-01T23:31:44.186-0500] {dagbag.py:540} INFO - Filling up the DagBag from /Users/nestoralfaro/Desktop/pbi-scenario-two/py_env/lib/python3.9/site-packages/airflow/example_dags/tutorial.py
[2024-05-01T23:31:44.190-0500] {processor.py:840} INFO - DAG(s) 'tutorial' retrieved from /Users/nestoralfaro/Desktop/pbi-scenario-two/py_env/lib/python3.9/site-packages/airflow/example_dags/tutorial.py
[2024-05-01T23:31:44.233-0500] {logging_mixin.py:188} INFO - [2024-05-01T23:31:44.232-0500] {dag.py:3096} INFO - Sync 1 DAGs
[2024-05-01T23:31:44.242-0500] {logging_mixin.py:188} INFO - [2024-05-01T23:31:44.242-0500] {dag.py:3954} INFO - Setting next_dagrun for tutorial to 2024-05-01 00:00:00+00:00, run_after=2024-05-02 00:00:00+00:00
[2024-05-01T23:31:44.250-0500] {processor.py:183} INFO - Processing /Users/nestoralfaro/Desktop/pbi-scenario-two/py_env/lib/python3.9/site-packages/airflow/example_dags/tutorial.py took 0.067 seconds
[2024-05-01T23:32:49.441-0500] {processor.py:161} INFO - Started process (PID=34854) to work on /Users/nestoralfaro/Desktop/pbi-scenario-two/py_env/lib/python3.9/site-packages/airflow/example_dags/tutorial.py
[2024-05-01T23:32:49.443-0500] {processor.py:830} INFO - Processing file /Users/nestoralfaro/Desktop/pbi-scenario-two/py_env/lib/python3.9/site-packages/airflow/example_dags/tutorial.py for tasks to queue
[2024-05-01T23:32:49.443-0500] {logging_mixin.py:188} INFO - [2024-05-01T23:32:49.443-0500] {dagbag.py:540} INFO - Filling up the DagBag from /Users/nestoralfaro/Desktop/pbi-scenario-two/py_env/lib/python3.9/site-packages/airflow/example_dags/tutorial.py
[2024-05-01T23:32:49.446-0500] {processor.py:840} INFO - DAG(s) 'tutorial' retrieved from /Users/nestoralfaro/Desktop/pbi-scenario-two/py_env/lib/python3.9/site-packages/airflow/example_dags/tutorial.py
[2024-05-01T23:32:49.497-0500] {logging_mixin.py:188} INFO - [2024-05-01T23:32:49.497-0500] {dag.py:3096} INFO - Sync 1 DAGs
[2024-05-01T23:32:49.506-0500] {logging_mixin.py:188} INFO - [2024-05-01T23:32:49.506-0500] {dag.py:3954} INFO - Setting next_dagrun for tutorial to 2024-05-01 00:00:00+00:00, run_after=2024-05-02 00:00:00+00:00
[2024-05-01T23:32:49.515-0500] {processor.py:183} INFO - Processing /Users/nestoralfaro/Desktop/pbi-scenario-two/py_env/lib/python3.9/site-packages/airflow/example_dags/tutorial.py took 0.075 seconds
[2024-05-01T23:33:52.746-0500] {processor.py:161} INFO - Started process (PID=34904) to work on /Users/nestoralfaro/Desktop/pbi-scenario-two/py_env/lib/python3.9/site-packages/airflow/example_dags/tutorial.py
[2024-05-01T23:33:52.748-0500] {processor.py:830} INFO - Processing file /Users/nestoralfaro/Desktop/pbi-scenario-two/py_env/lib/python3.9/site-packages/airflow/example_dags/tutorial.py for tasks to queue
[2024-05-01T23:33:52.748-0500] {logging_mixin.py:188} INFO - [2024-05-01T23:33:52.748-0500] {dagbag.py:540} INFO - Filling up the DagBag from /Users/nestoralfaro/Desktop/pbi-scenario-two/py_env/lib/python3.9/site-packages/airflow/example_dags/tutorial.py
[2024-05-01T23:33:52.752-0500] {processor.py:840} INFO - DAG(s) 'tutorial' retrieved from /Users/nestoralfaro/Desktop/pbi-scenario-two/py_env/lib/python3.9/site-packages/airflow/example_dags/tutorial.py
[2024-05-01T23:33:52.796-0500] {logging_mixin.py:188} INFO - [2024-05-01T23:33:52.796-0500] {dag.py:3096} INFO - Sync 1 DAGs
[2024-05-01T23:33:52.808-0500] {logging_mixin.py:188} INFO - [2024-05-01T23:33:52.807-0500] {dag.py:3954} INFO - Setting next_dagrun for tutorial to 2024-05-01 00:00:00+00:00, run_after=2024-05-02 00:00:00+00:00
[2024-05-01T23:33:52.816-0500] {processor.py:183} INFO - Processing /Users/nestoralfaro/Desktop/pbi-scenario-two/py_env/lib/python3.9/site-packages/airflow/example_dags/tutorial.py took 0.072 seconds
[2024-05-01T23:34:52.552-0500] {processor.py:161} INFO - Started process (PID=34940) to work on /Users/nestoralfaro/Desktop/pbi-scenario-two/py_env/lib/python3.9/site-packages/airflow/example_dags/tutorial.py
[2024-05-01T23:34:52.554-0500] {processor.py:830} INFO - Processing file /Users/nestoralfaro/Desktop/pbi-scenario-two/py_env/lib/python3.9/site-packages/airflow/example_dags/tutorial.py for tasks to queue
[2024-05-01T23:34:52.554-0500] {logging_mixin.py:188} INFO - [2024-05-01T23:34:52.554-0500] {dagbag.py:540} INFO - Filling up the DagBag from /Users/nestoralfaro/Desktop/pbi-scenario-two/py_env/lib/python3.9/site-packages/airflow/example_dags/tutorial.py
[2024-05-01T23:34:52.557-0500] {processor.py:840} INFO - DAG(s) 'tutorial' retrieved from /Users/nestoralfaro/Desktop/pbi-scenario-two/py_env/lib/python3.9/site-packages/airflow/example_dags/tutorial.py
[2024-05-01T23:34:52.603-0500] {logging_mixin.py:188} INFO - [2024-05-01T23:34:52.603-0500] {dag.py:3096} INFO - Sync 1 DAGs
[2024-05-01T23:34:52.611-0500] {logging_mixin.py:188} INFO - [2024-05-01T23:34:52.611-0500] {dag.py:3954} INFO - Setting next_dagrun for tutorial to 2024-05-01 00:00:00+00:00, run_after=2024-05-02 00:00:00+00:00
[2024-05-01T23:34:52.619-0500] {processor.py:183} INFO - Processing /Users/nestoralfaro/Desktop/pbi-scenario-two/py_env/lib/python3.9/site-packages/airflow/example_dags/tutorial.py took 0.069 seconds
[2024-05-01T23:35:49.453-0500] {processor.py:161} INFO - Started process (PID=34974) to work on /Users/nestoralfaro/Desktop/pbi-scenario-two/py_env/lib/python3.9/site-packages/airflow/example_dags/tutorial.py
[2024-05-01T23:35:49.454-0500] {processor.py:830} INFO - Processing file /Users/nestoralfaro/Desktop/pbi-scenario-two/py_env/lib/python3.9/site-packages/airflow/example_dags/tutorial.py for tasks to queue
[2024-05-01T23:35:49.454-0500] {logging_mixin.py:188} INFO - [2024-05-01T23:35:49.454-0500] {dagbag.py:540} INFO - Filling up the DagBag from /Users/nestoralfaro/Desktop/pbi-scenario-two/py_env/lib/python3.9/site-packages/airflow/example_dags/tutorial.py
[2024-05-01T23:35:49.457-0500] {processor.py:840} INFO - DAG(s) 'tutorial' retrieved from /Users/nestoralfaro/Desktop/pbi-scenario-two/py_env/lib/python3.9/site-packages/airflow/example_dags/tutorial.py
[2024-05-01T23:35:49.504-0500] {logging_mixin.py:188} INFO - [2024-05-01T23:35:49.504-0500] {dag.py:3096} INFO - Sync 1 DAGs
[2024-05-01T23:35:49.512-0500] {logging_mixin.py:188} INFO - [2024-05-01T23:35:49.512-0500] {dag.py:3954} INFO - Setting next_dagrun for tutorial to 2024-05-01 00:00:00+00:00, run_after=2024-05-02 00:00:00+00:00
[2024-05-01T23:35:49.521-0500] {processor.py:183} INFO - Processing /Users/nestoralfaro/Desktop/pbi-scenario-two/py_env/lib/python3.9/site-packages/airflow/example_dags/tutorial.py took 0.070 seconds
[2024-05-01T23:36:45.328-0500] {processor.py:161} INFO - Started process (PID=35009) to work on /Users/nestoralfaro/Desktop/pbi-scenario-two/py_env/lib/python3.9/site-packages/airflow/example_dags/tutorial.py
[2024-05-01T23:36:45.330-0500] {processor.py:830} INFO - Processing file /Users/nestoralfaro/Desktop/pbi-scenario-two/py_env/lib/python3.9/site-packages/airflow/example_dags/tutorial.py for tasks to queue
[2024-05-01T23:36:45.330-0500] {logging_mixin.py:188} INFO - [2024-05-01T23:36:45.330-0500] {dagbag.py:540} INFO - Filling up the DagBag from /Users/nestoralfaro/Desktop/pbi-scenario-two/py_env/lib/python3.9/site-packages/airflow/example_dags/tutorial.py
[2024-05-01T23:36:45.334-0500] {processor.py:840} INFO - DAG(s) 'tutorial' retrieved from /Users/nestoralfaro/Desktop/pbi-scenario-two/py_env/lib/python3.9/site-packages/airflow/example_dags/tutorial.py
[2024-05-01T23:36:45.379-0500] {logging_mixin.py:188} INFO - [2024-05-01T23:36:45.379-0500] {dag.py:3096} INFO - Sync 1 DAGs
[2024-05-01T23:36:45.389-0500] {logging_mixin.py:188} INFO - [2024-05-01T23:36:45.389-0500] {dag.py:3954} INFO - Setting next_dagrun for tutorial to 2024-05-01 00:00:00+00:00, run_after=2024-05-02 00:00:00+00:00
[2024-05-01T23:36:45.397-0500] {processor.py:183} INFO - Processing /Users/nestoralfaro/Desktop/pbi-scenario-two/py_env/lib/python3.9/site-packages/airflow/example_dags/tutorial.py took 0.071 seconds
[2024-05-01T23:37:41.108-0500] {processor.py:161} INFO - Started process (PID=35044) to work on /Users/nestoralfaro/Desktop/pbi-scenario-two/py_env/lib/python3.9/site-packages/airflow/example_dags/tutorial.py
[2024-05-01T23:37:41.110-0500] {processor.py:830} INFO - Processing file /Users/nestoralfaro/Desktop/pbi-scenario-two/py_env/lib/python3.9/site-packages/airflow/example_dags/tutorial.py for tasks to queue
[2024-05-01T23:37:41.111-0500] {logging_mixin.py:188} INFO - [2024-05-01T23:37:41.110-0500] {dagbag.py:540} INFO - Filling up the DagBag from /Users/nestoralfaro/Desktop/pbi-scenario-two/py_env/lib/python3.9/site-packages/airflow/example_dags/tutorial.py
[2024-05-01T23:37:41.114-0500] {processor.py:840} INFO - DAG(s) 'tutorial' retrieved from /Users/nestoralfaro/Desktop/pbi-scenario-two/py_env/lib/python3.9/site-packages/airflow/example_dags/tutorial.py
[2024-05-01T23:37:41.157-0500] {logging_mixin.py:188} INFO - [2024-05-01T23:37:41.157-0500] {dag.py:3096} INFO - Sync 1 DAGs
[2024-05-01T23:37:41.166-0500] {logging_mixin.py:188} INFO - [2024-05-01T23:37:41.166-0500] {dag.py:3954} INFO - Setting next_dagrun for tutorial to 2024-05-01 00:00:00+00:00, run_after=2024-05-02 00:00:00+00:00
[2024-05-01T23:37:41.173-0500] {processor.py:183} INFO - Processing /Users/nestoralfaro/Desktop/pbi-scenario-two/py_env/lib/python3.9/site-packages/airflow/example_dags/tutorial.py took 0.067 seconds
[2024-05-01T23:38:39.681-0500] {processor.py:161} INFO - Started process (PID=35078) to work on /Users/nestoralfaro/Desktop/pbi-scenario-two/py_env/lib/python3.9/site-packages/airflow/example_dags/tutorial.py
[2024-05-01T23:38:39.682-0500] {processor.py:830} INFO - Processing file /Users/nestoralfaro/Desktop/pbi-scenario-two/py_env/lib/python3.9/site-packages/airflow/example_dags/tutorial.py for tasks to queue
[2024-05-01T23:38:39.683-0500] {logging_mixin.py:188} INFO - [2024-05-01T23:38:39.683-0500] {dagbag.py:540} INFO - Filling up the DagBag from /Users/nestoralfaro/Desktop/pbi-scenario-two/py_env/lib/python3.9/site-packages/airflow/example_dags/tutorial.py
[2024-05-01T23:38:39.687-0500] {processor.py:840} INFO - DAG(s) 'tutorial' retrieved from /Users/nestoralfaro/Desktop/pbi-scenario-two/py_env/lib/python3.9/site-packages/airflow/example_dags/tutorial.py
[2024-05-01T23:38:39.741-0500] {logging_mixin.py:188} INFO - [2024-05-01T23:38:39.741-0500] {dag.py:3096} INFO - Sync 1 DAGs
[2024-05-01T23:38:39.750-0500] {logging_mixin.py:188} INFO - [2024-05-01T23:38:39.750-0500] {dag.py:3954} INFO - Setting next_dagrun for tutorial to 2024-05-01 00:00:00+00:00, run_after=2024-05-02 00:00:00+00:00
[2024-05-01T23:38:39.759-0500] {processor.py:183} INFO - Processing /Users/nestoralfaro/Desktop/pbi-scenario-two/py_env/lib/python3.9/site-packages/airflow/example_dags/tutorial.py took 0.080 seconds
[2024-05-01T23:39:37.891-0500] {processor.py:161} INFO - Started process (PID=35115) to work on /Users/nestoralfaro/Desktop/pbi-scenario-two/py_env/lib/python3.9/site-packages/airflow/example_dags/tutorial.py
[2024-05-01T23:39:37.893-0500] {processor.py:830} INFO - Processing file /Users/nestoralfaro/Desktop/pbi-scenario-two/py_env/lib/python3.9/site-packages/airflow/example_dags/tutorial.py for tasks to queue
[2024-05-01T23:39:37.893-0500] {logging_mixin.py:188} INFO - [2024-05-01T23:39:37.893-0500] {dagbag.py:540} INFO - Filling up the DagBag from /Users/nestoralfaro/Desktop/pbi-scenario-two/py_env/lib/python3.9/site-packages/airflow/example_dags/tutorial.py
[2024-05-01T23:39:37.897-0500] {processor.py:840} INFO - DAG(s) 'tutorial' retrieved from /Users/nestoralfaro/Desktop/pbi-scenario-two/py_env/lib/python3.9/site-packages/airflow/example_dags/tutorial.py
[2024-05-01T23:39:37.944-0500] {logging_mixin.py:188} INFO - [2024-05-01T23:39:37.944-0500] {dag.py:3096} INFO - Sync 1 DAGs
[2024-05-01T23:39:37.953-0500] {logging_mixin.py:188} INFO - [2024-05-01T23:39:37.953-0500] {dag.py:3954} INFO - Setting next_dagrun for tutorial to 2024-05-01 00:00:00+00:00, run_after=2024-05-02 00:00:00+00:00
[2024-05-01T23:39:37.960-0500] {processor.py:183} INFO - Processing /Users/nestoralfaro/Desktop/pbi-scenario-two/py_env/lib/python3.9/site-packages/airflow/example_dags/tutorial.py took 0.071 seconds
[2024-05-01T23:40:33.923-0500] {processor.py:161} INFO - Started process (PID=35168) to work on /Users/nestoralfaro/Desktop/pbi-scenario-two/py_env/lib/python3.9/site-packages/airflow/example_dags/tutorial.py
[2024-05-01T23:40:33.925-0500] {processor.py:830} INFO - Processing file /Users/nestoralfaro/Desktop/pbi-scenario-two/py_env/lib/python3.9/site-packages/airflow/example_dags/tutorial.py for tasks to queue
[2024-05-01T23:40:33.925-0500] {logging_mixin.py:188} INFO - [2024-05-01T23:40:33.925-0500] {dagbag.py:540} INFO - Filling up the DagBag from /Users/nestoralfaro/Desktop/pbi-scenario-two/py_env/lib/python3.9/site-packages/airflow/example_dags/tutorial.py
[2024-05-01T23:40:33.929-0500] {processor.py:840} INFO - DAG(s) 'tutorial' retrieved from /Users/nestoralfaro/Desktop/pbi-scenario-two/py_env/lib/python3.9/site-packages/airflow/example_dags/tutorial.py
[2024-05-01T23:40:33.975-0500] {logging_mixin.py:188} INFO - [2024-05-01T23:40:33.975-0500] {dag.py:3096} INFO - Sync 1 DAGs
[2024-05-01T23:40:33.985-0500] {logging_mixin.py:188} INFO - [2024-05-01T23:40:33.985-0500] {dag.py:3954} INFO - Setting next_dagrun for tutorial to 2024-05-01 00:00:00+00:00, run_after=2024-05-02 00:00:00+00:00
[2024-05-01T23:40:33.995-0500] {processor.py:183} INFO - Processing /Users/nestoralfaro/Desktop/pbi-scenario-two/py_env/lib/python3.9/site-packages/airflow/example_dags/tutorial.py took 0.074 seconds
[2024-05-01T23:41:29.603-0500] {processor.py:161} INFO - Started process (PID=35204) to work on /Users/nestoralfaro/Desktop/pbi-scenario-two/py_env/lib/python3.9/site-packages/airflow/example_dags/tutorial.py
[2024-05-01T23:41:29.605-0500] {processor.py:830} INFO - Processing file /Users/nestoralfaro/Desktop/pbi-scenario-two/py_env/lib/python3.9/site-packages/airflow/example_dags/tutorial.py for tasks to queue
[2024-05-01T23:41:29.606-0500] {logging_mixin.py:188} INFO - [2024-05-01T23:41:29.606-0500] {dagbag.py:540} INFO - Filling up the DagBag from /Users/nestoralfaro/Desktop/pbi-scenario-two/py_env/lib/python3.9/site-packages/airflow/example_dags/tutorial.py
[2024-05-01T23:41:29.609-0500] {processor.py:840} INFO - DAG(s) 'tutorial' retrieved from /Users/nestoralfaro/Desktop/pbi-scenario-two/py_env/lib/python3.9/site-packages/airflow/example_dags/tutorial.py
[2024-05-01T23:41:29.652-0500] {logging_mixin.py:188} INFO - [2024-05-01T23:41:29.652-0500] {dag.py:3096} INFO - Sync 1 DAGs
[2024-05-01T23:41:29.662-0500] {logging_mixin.py:188} INFO - [2024-05-01T23:41:29.662-0500] {dag.py:3954} INFO - Setting next_dagrun for tutorial to 2024-05-01 00:00:00+00:00, run_after=2024-05-02 00:00:00+00:00
[2024-05-01T23:41:29.670-0500] {processor.py:183} INFO - Processing /Users/nestoralfaro/Desktop/pbi-scenario-two/py_env/lib/python3.9/site-packages/airflow/example_dags/tutorial.py took 0.068 seconds
[2024-05-01T23:42:01.902-0500] {processor.py:161} INFO - Started process (PID=35254) to work on /Users/nestoralfaro/Desktop/pbi-scenario-two/py_env/lib/python3.9/site-packages/airflow/example_dags/tutorial.py
[2024-05-01T23:42:01.904-0500] {processor.py:830} INFO - Processing file /Users/nestoralfaro/Desktop/pbi-scenario-two/py_env/lib/python3.9/site-packages/airflow/example_dags/tutorial.py for tasks to queue
[2024-05-01T23:42:01.905-0500] {logging_mixin.py:188} INFO - [2024-05-01T23:42:01.905-0500] {dagbag.py:540} INFO - Filling up the DagBag from /Users/nestoralfaro/Desktop/pbi-scenario-two/py_env/lib/python3.9/site-packages/airflow/example_dags/tutorial.py
[2024-05-01T23:42:01.908-0500] {processor.py:840} INFO - DAG(s) 'tutorial' retrieved from /Users/nestoralfaro/Desktop/pbi-scenario-two/py_env/lib/python3.9/site-packages/airflow/example_dags/tutorial.py
[2024-05-01T23:42:01.952-0500] {logging_mixin.py:188} INFO - [2024-05-01T23:42:01.952-0500] {dag.py:3096} INFO - Sync 1 DAGs
[2024-05-01T23:42:01.963-0500] {logging_mixin.py:188} INFO - [2024-05-01T23:42:01.963-0500] {dag.py:3954} INFO - Setting next_dagrun for tutorial to 2024-05-01 00:00:00+00:00, run_after=2024-05-02 00:00:00+00:00
[2024-05-01T23:42:01.970-0500] {processor.py:183} INFO - Processing /Users/nestoralfaro/Desktop/pbi-scenario-two/py_env/lib/python3.9/site-packages/airflow/example_dags/tutorial.py took 0.069 seconds
[2024-05-01T23:43:32.592-0500] {processor.py:161} INFO - Started process (PID=35307) to work on /Users/nestoralfaro/Desktop/pbi-scenario-two/py_env/lib/python3.9/site-packages/airflow/example_dags/tutorial.py
[2024-05-01T23:43:32.593-0500] {processor.py:830} INFO - Processing file /Users/nestoralfaro/Desktop/pbi-scenario-two/py_env/lib/python3.9/site-packages/airflow/example_dags/tutorial.py for tasks to queue
[2024-05-01T23:43:32.593-0500] {logging_mixin.py:188} INFO - [2024-05-01T23:43:32.593-0500] {dagbag.py:540} INFO - Filling up the DagBag from /Users/nestoralfaro/Desktop/pbi-scenario-two/py_env/lib/python3.9/site-packages/airflow/example_dags/tutorial.py
[2024-05-01T23:43:32.596-0500] {processor.py:840} INFO - DAG(s) 'tutorial' retrieved from /Users/nestoralfaro/Desktop/pbi-scenario-two/py_env/lib/python3.9/site-packages/airflow/example_dags/tutorial.py
[2024-05-01T23:43:32.637-0500] {logging_mixin.py:188} INFO - [2024-05-01T23:43:32.637-0500] {dag.py:3096} INFO - Sync 1 DAGs
[2024-05-01T23:43:32.645-0500] {logging_mixin.py:188} INFO - [2024-05-01T23:43:32.645-0500] {dag.py:3954} INFO - Setting next_dagrun for tutorial to 2024-05-01 00:00:00+00:00, run_after=2024-05-02 00:00:00+00:00
[2024-05-01T23:43:32.651-0500] {processor.py:183} INFO - Processing /Users/nestoralfaro/Desktop/pbi-scenario-two/py_env/lib/python3.9/site-packages/airflow/example_dags/tutorial.py took 0.061 seconds
[2024-05-01T23:44:30.321-0500] {processor.py:161} INFO - Started process (PID=35352) to work on /Users/nestoralfaro/Desktop/pbi-scenario-two/py_env/lib/python3.9/site-packages/airflow/example_dags/tutorial.py
[2024-05-01T23:44:30.322-0500] {processor.py:830} INFO - Processing file /Users/nestoralfaro/Desktop/pbi-scenario-two/py_env/lib/python3.9/site-packages/airflow/example_dags/tutorial.py for tasks to queue
[2024-05-01T23:44:30.322-0500] {logging_mixin.py:188} INFO - [2024-05-01T23:44:30.322-0500] {dagbag.py:540} INFO - Filling up the DagBag from /Users/nestoralfaro/Desktop/pbi-scenario-two/py_env/lib/python3.9/site-packages/airflow/example_dags/tutorial.py
[2024-05-01T23:44:30.326-0500] {processor.py:840} INFO - DAG(s) 'tutorial' retrieved from /Users/nestoralfaro/Desktop/pbi-scenario-two/py_env/lib/python3.9/site-packages/airflow/example_dags/tutorial.py
[2024-05-01T23:44:30.370-0500] {logging_mixin.py:188} INFO - [2024-05-01T23:44:30.370-0500] {dag.py:3096} INFO - Sync 1 DAGs
[2024-05-01T23:44:30.378-0500] {logging_mixin.py:188} INFO - [2024-05-01T23:44:30.378-0500] {dag.py:3954} INFO - Setting next_dagrun for tutorial to 2024-05-01 00:00:00+00:00, run_after=2024-05-02 00:00:00+00:00
[2024-05-01T23:44:30.385-0500] {processor.py:183} INFO - Processing /Users/nestoralfaro/Desktop/pbi-scenario-two/py_env/lib/python3.9/site-packages/airflow/example_dags/tutorial.py took 0.065 seconds
[2024-05-01T23:45:29.904-0500] {processor.py:161} INFO - Started process (PID=35391) to work on /Users/nestoralfaro/Desktop/pbi-scenario-two/py_env/lib/python3.9/site-packages/airflow/example_dags/tutorial.py
[2024-05-01T23:45:29.905-0500] {processor.py:830} INFO - Processing file /Users/nestoralfaro/Desktop/pbi-scenario-two/py_env/lib/python3.9/site-packages/airflow/example_dags/tutorial.py for tasks to queue
[2024-05-01T23:45:29.906-0500] {logging_mixin.py:188} INFO - [2024-05-01T23:45:29.906-0500] {dagbag.py:540} INFO - Filling up the DagBag from /Users/nestoralfaro/Desktop/pbi-scenario-two/py_env/lib/python3.9/site-packages/airflow/example_dags/tutorial.py
[2024-05-01T23:45:29.910-0500] {processor.py:840} INFO - DAG(s) 'tutorial' retrieved from /Users/nestoralfaro/Desktop/pbi-scenario-two/py_env/lib/python3.9/site-packages/airflow/example_dags/tutorial.py
[2024-05-01T23:45:29.953-0500] {logging_mixin.py:188} INFO - [2024-05-01T23:45:29.953-0500] {dag.py:3096} INFO - Sync 1 DAGs
[2024-05-01T23:45:29.964-0500] {logging_mixin.py:188} INFO - [2024-05-01T23:45:29.964-0500] {dag.py:3954} INFO - Setting next_dagrun for tutorial to 2024-05-01 00:00:00+00:00, run_after=2024-05-02 00:00:00+00:00
[2024-05-01T23:45:29.972-0500] {processor.py:183} INFO - Processing /Users/nestoralfaro/Desktop/pbi-scenario-two/py_env/lib/python3.9/site-packages/airflow/example_dags/tutorial.py took 0.070 seconds
[2024-05-01T23:46:26.801-0500] {processor.py:161} INFO - Started process (PID=35426) to work on /Users/nestoralfaro/Desktop/pbi-scenario-two/py_env/lib/python3.9/site-packages/airflow/example_dags/tutorial.py
[2024-05-01T23:46:26.802-0500] {processor.py:830} INFO - Processing file /Users/nestoralfaro/Desktop/pbi-scenario-two/py_env/lib/python3.9/site-packages/airflow/example_dags/tutorial.py for tasks to queue
[2024-05-01T23:46:26.802-0500] {logging_mixin.py:188} INFO - [2024-05-01T23:46:26.802-0500] {dagbag.py:540} INFO - Filling up the DagBag from /Users/nestoralfaro/Desktop/pbi-scenario-two/py_env/lib/python3.9/site-packages/airflow/example_dags/tutorial.py
[2024-05-01T23:46:26.805-0500] {processor.py:840} INFO - DAG(s) 'tutorial' retrieved from /Users/nestoralfaro/Desktop/pbi-scenario-two/py_env/lib/python3.9/site-packages/airflow/example_dags/tutorial.py
[2024-05-01T23:46:26.846-0500] {logging_mixin.py:188} INFO - [2024-05-01T23:46:26.846-0500] {dag.py:3096} INFO - Sync 1 DAGs
[2024-05-01T23:46:26.854-0500] {logging_mixin.py:188} INFO - [2024-05-01T23:46:26.854-0500] {dag.py:3954} INFO - Setting next_dagrun for tutorial to 2024-05-01 00:00:00+00:00, run_after=2024-05-02 00:00:00+00:00
[2024-05-01T23:46:26.861-0500] {processor.py:183} INFO - Processing /Users/nestoralfaro/Desktop/pbi-scenario-two/py_env/lib/python3.9/site-packages/airflow/example_dags/tutorial.py took 0.062 seconds
[2024-05-01T23:47:21.680-0500] {processor.py:161} INFO - Started process (PID=35469) to work on /Users/nestoralfaro/Desktop/pbi-scenario-two/py_env/lib/python3.9/site-packages/airflow/example_dags/tutorial.py
[2024-05-01T23:47:21.681-0500] {processor.py:830} INFO - Processing file /Users/nestoralfaro/Desktop/pbi-scenario-two/py_env/lib/python3.9/site-packages/airflow/example_dags/tutorial.py for tasks to queue
[2024-05-01T23:47:21.682-0500] {logging_mixin.py:188} INFO - [2024-05-01T23:47:21.682-0500] {dagbag.py:540} INFO - Filling up the DagBag from /Users/nestoralfaro/Desktop/pbi-scenario-two/py_env/lib/python3.9/site-packages/airflow/example_dags/tutorial.py
[2024-05-01T23:47:21.685-0500] {processor.py:840} INFO - DAG(s) 'tutorial' retrieved from /Users/nestoralfaro/Desktop/pbi-scenario-two/py_env/lib/python3.9/site-packages/airflow/example_dags/tutorial.py
[2024-05-01T23:47:21.732-0500] {logging_mixin.py:188} INFO - [2024-05-01T23:47:21.732-0500] {dag.py:3096} INFO - Sync 1 DAGs
[2024-05-01T23:47:21.742-0500] {logging_mixin.py:188} INFO - [2024-05-01T23:47:21.742-0500] {dag.py:3954} INFO - Setting next_dagrun for tutorial to 2024-05-01 00:00:00+00:00, run_after=2024-05-02 00:00:00+00:00
[2024-05-01T23:47:21.750-0500] {processor.py:183} INFO - Processing /Users/nestoralfaro/Desktop/pbi-scenario-two/py_env/lib/python3.9/site-packages/airflow/example_dags/tutorial.py took 0.072 seconds
[2024-05-01T23:48:17.283-0500] {processor.py:161} INFO - Started process (PID=35504) to work on /Users/nestoralfaro/Desktop/pbi-scenario-two/py_env/lib/python3.9/site-packages/airflow/example_dags/tutorial.py
[2024-05-01T23:48:17.284-0500] {processor.py:830} INFO - Processing file /Users/nestoralfaro/Desktop/pbi-scenario-two/py_env/lib/python3.9/site-packages/airflow/example_dags/tutorial.py for tasks to queue
[2024-05-01T23:48:17.284-0500] {logging_mixin.py:188} INFO - [2024-05-01T23:48:17.284-0500] {dagbag.py:540} INFO - Filling up the DagBag from /Users/nestoralfaro/Desktop/pbi-scenario-two/py_env/lib/python3.9/site-packages/airflow/example_dags/tutorial.py
[2024-05-01T23:48:17.288-0500] {processor.py:840} INFO - DAG(s) 'tutorial' retrieved from /Users/nestoralfaro/Desktop/pbi-scenario-two/py_env/lib/python3.9/site-packages/airflow/example_dags/tutorial.py
[2024-05-01T23:48:17.327-0500] {logging_mixin.py:188} INFO - [2024-05-01T23:48:17.327-0500] {dag.py:3096} INFO - Sync 1 DAGs
[2024-05-01T23:48:17.335-0500] {logging_mixin.py:188} INFO - [2024-05-01T23:48:17.335-0500] {dag.py:3954} INFO - Setting next_dagrun for tutorial to 2024-05-01 00:00:00+00:00, run_after=2024-05-02 00:00:00+00:00
[2024-05-01T23:48:17.342-0500] {processor.py:183} INFO - Processing /Users/nestoralfaro/Desktop/pbi-scenario-two/py_env/lib/python3.9/site-packages/airflow/example_dags/tutorial.py took 0.060 seconds
[2024-05-01T23:49:13.648-0500] {processor.py:161} INFO - Started process (PID=35547) to work on /Users/nestoralfaro/Desktop/pbi-scenario-two/py_env/lib/python3.9/site-packages/airflow/example_dags/tutorial.py
[2024-05-01T23:49:13.650-0500] {processor.py:830} INFO - Processing file /Users/nestoralfaro/Desktop/pbi-scenario-two/py_env/lib/python3.9/site-packages/airflow/example_dags/tutorial.py for tasks to queue
[2024-05-01T23:49:13.650-0500] {logging_mixin.py:188} INFO - [2024-05-01T23:49:13.650-0500] {dagbag.py:540} INFO - Filling up the DagBag from /Users/nestoralfaro/Desktop/pbi-scenario-two/py_env/lib/python3.9/site-packages/airflow/example_dags/tutorial.py
[2024-05-01T23:49:13.654-0500] {processor.py:840} INFO - DAG(s) 'tutorial' retrieved from /Users/nestoralfaro/Desktop/pbi-scenario-two/py_env/lib/python3.9/site-packages/airflow/example_dags/tutorial.py
[2024-05-01T23:49:13.696-0500] {logging_mixin.py:188} INFO - [2024-05-01T23:49:13.696-0500] {dag.py:3096} INFO - Sync 1 DAGs
[2024-05-01T23:49:13.704-0500] {logging_mixin.py:188} INFO - [2024-05-01T23:49:13.704-0500] {dag.py:3954} INFO - Setting next_dagrun for tutorial to 2024-05-01 00:00:00+00:00, run_after=2024-05-02 00:00:00+00:00
[2024-05-01T23:49:13.711-0500] {processor.py:183} INFO - Processing /Users/nestoralfaro/Desktop/pbi-scenario-two/py_env/lib/python3.9/site-packages/airflow/example_dags/tutorial.py took 0.065 seconds
[2024-05-01T23:50:13.847-0500] {processor.py:161} INFO - Started process (PID=35583) to work on /Users/nestoralfaro/Desktop/pbi-scenario-two/py_env/lib/python3.9/site-packages/airflow/example_dags/tutorial.py
[2024-05-01T23:50:13.849-0500] {processor.py:830} INFO - Processing file /Users/nestoralfaro/Desktop/pbi-scenario-two/py_env/lib/python3.9/site-packages/airflow/example_dags/tutorial.py for tasks to queue
[2024-05-01T23:50:13.850-0500] {logging_mixin.py:188} INFO - [2024-05-01T23:50:13.850-0500] {dagbag.py:540} INFO - Filling up the DagBag from /Users/nestoralfaro/Desktop/pbi-scenario-two/py_env/lib/python3.9/site-packages/airflow/example_dags/tutorial.py
[2024-05-01T23:50:13.854-0500] {processor.py:840} INFO - DAG(s) 'tutorial' retrieved from /Users/nestoralfaro/Desktop/pbi-scenario-two/py_env/lib/python3.9/site-packages/airflow/example_dags/tutorial.py
[2024-05-01T23:50:13.898-0500] {logging_mixin.py:188} INFO - [2024-05-01T23:50:13.898-0500] {dag.py:3096} INFO - Sync 1 DAGs
[2024-05-01T23:50:13.907-0500] {logging_mixin.py:188} INFO - [2024-05-01T23:50:13.906-0500] {dag.py:3954} INFO - Setting next_dagrun for tutorial to 2024-05-01 00:00:00+00:00, run_after=2024-05-02 00:00:00+00:00
[2024-05-01T23:50:13.915-0500] {processor.py:183} INFO - Processing /Users/nestoralfaro/Desktop/pbi-scenario-two/py_env/lib/python3.9/site-packages/airflow/example_dags/tutorial.py took 0.069 seconds
[2024-05-01T23:51:09.797-0500] {processor.py:161} INFO - Started process (PID=35618) to work on /Users/nestoralfaro/Desktop/pbi-scenario-two/py_env/lib/python3.9/site-packages/airflow/example_dags/tutorial.py
[2024-05-01T23:51:09.798-0500] {processor.py:830} INFO - Processing file /Users/nestoralfaro/Desktop/pbi-scenario-two/py_env/lib/python3.9/site-packages/airflow/example_dags/tutorial.py for tasks to queue
[2024-05-01T23:51:09.799-0500] {logging_mixin.py:188} INFO - [2024-05-01T23:51:09.799-0500] {dagbag.py:540} INFO - Filling up the DagBag from /Users/nestoralfaro/Desktop/pbi-scenario-two/py_env/lib/python3.9/site-packages/airflow/example_dags/tutorial.py
[2024-05-01T23:51:09.802-0500] {processor.py:840} INFO - DAG(s) 'tutorial' retrieved from /Users/nestoralfaro/Desktop/pbi-scenario-two/py_env/lib/python3.9/site-packages/airflow/example_dags/tutorial.py
[2024-05-01T23:51:09.847-0500] {logging_mixin.py:188} INFO - [2024-05-01T23:51:09.847-0500] {dag.py:3096} INFO - Sync 1 DAGs
[2024-05-01T23:51:09.855-0500] {logging_mixin.py:188} INFO - [2024-05-01T23:51:09.855-0500] {dag.py:3954} INFO - Setting next_dagrun for tutorial to 2024-05-01 00:00:00+00:00, run_after=2024-05-02 00:00:00+00:00
[2024-05-01T23:51:09.862-0500] {processor.py:183} INFO - Processing /Users/nestoralfaro/Desktop/pbi-scenario-two/py_env/lib/python3.9/site-packages/airflow/example_dags/tutorial.py took 0.066 seconds
[2024-05-01T23:52:05.645-0500] {processor.py:161} INFO - Started process (PID=35668) to work on /Users/nestoralfaro/Desktop/pbi-scenario-two/py_env/lib/python3.9/site-packages/airflow/example_dags/tutorial.py
[2024-05-01T23:52:05.646-0500] {processor.py:830} INFO - Processing file /Users/nestoralfaro/Desktop/pbi-scenario-two/py_env/lib/python3.9/site-packages/airflow/example_dags/tutorial.py for tasks to queue
[2024-05-01T23:52:05.646-0500] {logging_mixin.py:188} INFO - [2024-05-01T23:52:05.646-0500] {dagbag.py:540} INFO - Filling up the DagBag from /Users/nestoralfaro/Desktop/pbi-scenario-two/py_env/lib/python3.9/site-packages/airflow/example_dags/tutorial.py
[2024-05-01T23:52:05.650-0500] {processor.py:840} INFO - DAG(s) 'tutorial' retrieved from /Users/nestoralfaro/Desktop/pbi-scenario-two/py_env/lib/python3.9/site-packages/airflow/example_dags/tutorial.py
[2024-05-01T23:52:05.694-0500] {logging_mixin.py:188} INFO - [2024-05-01T23:52:05.693-0500] {dag.py:3096} INFO - Sync 1 DAGs
[2024-05-01T23:52:05.702-0500] {logging_mixin.py:188} INFO - [2024-05-01T23:52:05.702-0500] {dag.py:3954} INFO - Setting next_dagrun for tutorial to 2024-05-01 00:00:00+00:00, run_after=2024-05-02 00:00:00+00:00
[2024-05-01T23:52:05.710-0500] {processor.py:183} INFO - Processing /Users/nestoralfaro/Desktop/pbi-scenario-two/py_env/lib/python3.9/site-packages/airflow/example_dags/tutorial.py took 0.067 seconds
[2024-05-01T23:53:04.945-0500] {processor.py:161} INFO - Started process (PID=35703) to work on /Users/nestoralfaro/Desktop/pbi-scenario-two/py_env/lib/python3.9/site-packages/airflow/example_dags/tutorial.py
[2024-05-01T23:53:04.946-0500] {processor.py:830} INFO - Processing file /Users/nestoralfaro/Desktop/pbi-scenario-two/py_env/lib/python3.9/site-packages/airflow/example_dags/tutorial.py for tasks to queue
[2024-05-01T23:53:04.946-0500] {logging_mixin.py:188} INFO - [2024-05-01T23:53:04.946-0500] {dagbag.py:540} INFO - Filling up the DagBag from /Users/nestoralfaro/Desktop/pbi-scenario-two/py_env/lib/python3.9/site-packages/airflow/example_dags/tutorial.py
[2024-05-01T23:53:04.949-0500] {processor.py:840} INFO - DAG(s) 'tutorial' retrieved from /Users/nestoralfaro/Desktop/pbi-scenario-two/py_env/lib/python3.9/site-packages/airflow/example_dags/tutorial.py
[2024-05-01T23:53:04.994-0500] {logging_mixin.py:188} INFO - [2024-05-01T23:53:04.994-0500] {dag.py:3096} INFO - Sync 1 DAGs
[2024-05-01T23:53:05.002-0500] {logging_mixin.py:188} INFO - [2024-05-01T23:53:05.002-0500] {dag.py:3954} INFO - Setting next_dagrun for tutorial to 2024-05-01 00:00:00+00:00, run_after=2024-05-02 00:00:00+00:00
[2024-05-01T23:53:05.011-0500] {processor.py:183} INFO - Processing /Users/nestoralfaro/Desktop/pbi-scenario-two/py_env/lib/python3.9/site-packages/airflow/example_dags/tutorial.py took 0.067 seconds
[2024-05-01T23:54:03.819-0500] {processor.py:161} INFO - Started process (PID=35737) to work on /Users/nestoralfaro/Desktop/pbi-scenario-two/py_env/lib/python3.9/site-packages/airflow/example_dags/tutorial.py
[2024-05-01T23:54:03.820-0500] {processor.py:830} INFO - Processing file /Users/nestoralfaro/Desktop/pbi-scenario-two/py_env/lib/python3.9/site-packages/airflow/example_dags/tutorial.py for tasks to queue
[2024-05-01T23:54:03.820-0500] {logging_mixin.py:188} INFO - [2024-05-01T23:54:03.820-0500] {dagbag.py:540} INFO - Filling up the DagBag from /Users/nestoralfaro/Desktop/pbi-scenario-two/py_env/lib/python3.9/site-packages/airflow/example_dags/tutorial.py
[2024-05-01T23:54:03.823-0500] {processor.py:840} INFO - DAG(s) 'tutorial' retrieved from /Users/nestoralfaro/Desktop/pbi-scenario-two/py_env/lib/python3.9/site-packages/airflow/example_dags/tutorial.py
[2024-05-01T23:54:03.866-0500] {logging_mixin.py:188} INFO - [2024-05-01T23:54:03.866-0500] {dag.py:3096} INFO - Sync 1 DAGs
[2024-05-01T23:54:03.874-0500] {logging_mixin.py:188} INFO - [2024-05-01T23:54:03.874-0500] {dag.py:3954} INFO - Setting next_dagrun for tutorial to 2024-05-01 00:00:00+00:00, run_after=2024-05-02 00:00:00+00:00
[2024-05-01T23:54:03.881-0500] {processor.py:183} INFO - Processing /Users/nestoralfaro/Desktop/pbi-scenario-two/py_env/lib/python3.9/site-packages/airflow/example_dags/tutorial.py took 0.063 seconds
[2024-05-01T23:55:00.552-0500] {processor.py:161} INFO - Started process (PID=35772) to work on /Users/nestoralfaro/Desktop/pbi-scenario-two/py_env/lib/python3.9/site-packages/airflow/example_dags/tutorial.py
[2024-05-01T23:55:00.554-0500] {processor.py:830} INFO - Processing file /Users/nestoralfaro/Desktop/pbi-scenario-two/py_env/lib/python3.9/site-packages/airflow/example_dags/tutorial.py for tasks to queue
[2024-05-01T23:55:00.554-0500] {logging_mixin.py:188} INFO - [2024-05-01T23:55:00.554-0500] {dagbag.py:540} INFO - Filling up the DagBag from /Users/nestoralfaro/Desktop/pbi-scenario-two/py_env/lib/python3.9/site-packages/airflow/example_dags/tutorial.py
[2024-05-01T23:55:00.557-0500] {processor.py:840} INFO - DAG(s) 'tutorial' retrieved from /Users/nestoralfaro/Desktop/pbi-scenario-two/py_env/lib/python3.9/site-packages/airflow/example_dags/tutorial.py
[2024-05-01T23:55:00.601-0500] {logging_mixin.py:188} INFO - [2024-05-01T23:55:00.601-0500] {dag.py:3096} INFO - Sync 1 DAGs
[2024-05-01T23:55:00.608-0500] {logging_mixin.py:188} INFO - [2024-05-01T23:55:00.608-0500] {dag.py:3954} INFO - Setting next_dagrun for tutorial to 2024-05-01 00:00:00+00:00, run_after=2024-05-02 00:00:00+00:00
[2024-05-01T23:55:00.616-0500] {processor.py:183} INFO - Processing /Users/nestoralfaro/Desktop/pbi-scenario-two/py_env/lib/python3.9/site-packages/airflow/example_dags/tutorial.py took 0.065 seconds
[2024-05-01T23:55:59.288-0500] {processor.py:161} INFO - Started process (PID=35807) to work on /Users/nestoralfaro/Desktop/pbi-scenario-two/py_env/lib/python3.9/site-packages/airflow/example_dags/tutorial.py
[2024-05-01T23:55:59.289-0500] {processor.py:830} INFO - Processing file /Users/nestoralfaro/Desktop/pbi-scenario-two/py_env/lib/python3.9/site-packages/airflow/example_dags/tutorial.py for tasks to queue
[2024-05-01T23:55:59.289-0500] {logging_mixin.py:188} INFO - [2024-05-01T23:55:59.289-0500] {dagbag.py:540} INFO - Filling up the DagBag from /Users/nestoralfaro/Desktop/pbi-scenario-two/py_env/lib/python3.9/site-packages/airflow/example_dags/tutorial.py
[2024-05-01T23:55:59.292-0500] {processor.py:840} INFO - DAG(s) 'tutorial' retrieved from /Users/nestoralfaro/Desktop/pbi-scenario-two/py_env/lib/python3.9/site-packages/airflow/example_dags/tutorial.py
[2024-05-01T23:55:59.332-0500] {logging_mixin.py:188} INFO - [2024-05-01T23:55:59.332-0500] {dag.py:3096} INFO - Sync 1 DAGs
[2024-05-01T23:55:59.339-0500] {logging_mixin.py:188} INFO - [2024-05-01T23:55:59.339-0500] {dag.py:3954} INFO - Setting next_dagrun for tutorial to 2024-05-01 00:00:00+00:00, run_after=2024-05-02 00:00:00+00:00
[2024-05-01T23:55:59.347-0500] {processor.py:183} INFO - Processing /Users/nestoralfaro/Desktop/pbi-scenario-two/py_env/lib/python3.9/site-packages/airflow/example_dags/tutorial.py took 0.060 seconds
[2024-05-01T23:56:53.413-0500] {processor.py:161} INFO - Started process (PID=35841) to work on /Users/nestoralfaro/Desktop/pbi-scenario-two/py_env/lib/python3.9/site-packages/airflow/example_dags/tutorial.py
[2024-05-01T23:56:53.414-0500] {processor.py:830} INFO - Processing file /Users/nestoralfaro/Desktop/pbi-scenario-two/py_env/lib/python3.9/site-packages/airflow/example_dags/tutorial.py for tasks to queue
[2024-05-01T23:56:53.414-0500] {logging_mixin.py:188} INFO - [2024-05-01T23:56:53.414-0500] {dagbag.py:540} INFO - Filling up the DagBag from /Users/nestoralfaro/Desktop/pbi-scenario-two/py_env/lib/python3.9/site-packages/airflow/example_dags/tutorial.py
[2024-05-01T23:56:53.417-0500] {processor.py:840} INFO - DAG(s) 'tutorial' retrieved from /Users/nestoralfaro/Desktop/pbi-scenario-two/py_env/lib/python3.9/site-packages/airflow/example_dags/tutorial.py
[2024-05-01T23:56:53.459-0500] {logging_mixin.py:188} INFO - [2024-05-01T23:56:53.459-0500] {dag.py:3096} INFO - Sync 1 DAGs
[2024-05-01T23:56:53.467-0500] {logging_mixin.py:188} INFO - [2024-05-01T23:56:53.467-0500] {dag.py:3954} INFO - Setting next_dagrun for tutorial to 2024-05-01 00:00:00+00:00, run_after=2024-05-02 00:00:00+00:00
[2024-05-01T23:56:53.474-0500] {processor.py:183} INFO - Processing /Users/nestoralfaro/Desktop/pbi-scenario-two/py_env/lib/python3.9/site-packages/airflow/example_dags/tutorial.py took 0.063 seconds
[2024-05-01T23:57:49.304-0500] {processor.py:161} INFO - Started process (PID=35874) to work on /Users/nestoralfaro/Desktop/pbi-scenario-two/py_env/lib/python3.9/site-packages/airflow/example_dags/tutorial.py
[2024-05-01T23:57:49.305-0500] {processor.py:830} INFO - Processing file /Users/nestoralfaro/Desktop/pbi-scenario-two/py_env/lib/python3.9/site-packages/airflow/example_dags/tutorial.py for tasks to queue
[2024-05-01T23:57:49.305-0500] {logging_mixin.py:188} INFO - [2024-05-01T23:57:49.305-0500] {dagbag.py:540} INFO - Filling up the DagBag from /Users/nestoralfaro/Desktop/pbi-scenario-two/py_env/lib/python3.9/site-packages/airflow/example_dags/tutorial.py
[2024-05-01T23:57:49.308-0500] {processor.py:840} INFO - DAG(s) 'tutorial' retrieved from /Users/nestoralfaro/Desktop/pbi-scenario-two/py_env/lib/python3.9/site-packages/airflow/example_dags/tutorial.py
[2024-05-01T23:57:49.350-0500] {logging_mixin.py:188} INFO - [2024-05-01T23:57:49.350-0500] {dag.py:3096} INFO - Sync 1 DAGs
[2024-05-01T23:57:49.359-0500] {logging_mixin.py:188} INFO - [2024-05-01T23:57:49.358-0500] {dag.py:3954} INFO - Setting next_dagrun for tutorial to 2024-05-01 00:00:00+00:00, run_after=2024-05-02 00:00:00+00:00
[2024-05-01T23:57:49.366-0500] {processor.py:183} INFO - Processing /Users/nestoralfaro/Desktop/pbi-scenario-two/py_env/lib/python3.9/site-packages/airflow/example_dags/tutorial.py took 0.064 seconds
[2024-05-01T23:58:45.979-0500] {processor.py:161} INFO - Started process (PID=35909) to work on /Users/nestoralfaro/Desktop/pbi-scenario-two/py_env/lib/python3.9/site-packages/airflow/example_dags/tutorial.py
[2024-05-01T23:58:45.981-0500] {processor.py:830} INFO - Processing file /Users/nestoralfaro/Desktop/pbi-scenario-two/py_env/lib/python3.9/site-packages/airflow/example_dags/tutorial.py for tasks to queue
[2024-05-01T23:58:45.981-0500] {logging_mixin.py:188} INFO - [2024-05-01T23:58:45.981-0500] {dagbag.py:540} INFO - Filling up the DagBag from /Users/nestoralfaro/Desktop/pbi-scenario-two/py_env/lib/python3.9/site-packages/airflow/example_dags/tutorial.py
[2024-05-01T23:58:45.984-0500] {processor.py:840} INFO - DAG(s) 'tutorial' retrieved from /Users/nestoralfaro/Desktop/pbi-scenario-two/py_env/lib/python3.9/site-packages/airflow/example_dags/tutorial.py
[2024-05-01T23:58:46.024-0500] {logging_mixin.py:188} INFO - [2024-05-01T23:58:46.024-0500] {dag.py:3096} INFO - Sync 1 DAGs
[2024-05-01T23:58:46.032-0500] {logging_mixin.py:188} INFO - [2024-05-01T23:58:46.031-0500] {dag.py:3954} INFO - Setting next_dagrun for tutorial to 2024-05-01 00:00:00+00:00, run_after=2024-05-02 00:00:00+00:00
[2024-05-01T23:58:46.038-0500] {processor.py:183} INFO - Processing /Users/nestoralfaro/Desktop/pbi-scenario-two/py_env/lib/python3.9/site-packages/airflow/example_dags/tutorial.py took 0.061 seconds
[2024-05-01T23:59:42.329-0500] {processor.py:161} INFO - Started process (PID=35946) to work on /Users/nestoralfaro/Desktop/pbi-scenario-two/py_env/lib/python3.9/site-packages/airflow/example_dags/tutorial.py
[2024-05-01T23:59:42.330-0500] {processor.py:830} INFO - Processing file /Users/nestoralfaro/Desktop/pbi-scenario-two/py_env/lib/python3.9/site-packages/airflow/example_dags/tutorial.py for tasks to queue
[2024-05-01T23:59:42.330-0500] {logging_mixin.py:188} INFO - [2024-05-01T23:59:42.330-0500] {dagbag.py:540} INFO - Filling up the DagBag from /Users/nestoralfaro/Desktop/pbi-scenario-two/py_env/lib/python3.9/site-packages/airflow/example_dags/tutorial.py
[2024-05-01T23:59:42.333-0500] {processor.py:840} INFO - DAG(s) 'tutorial' retrieved from /Users/nestoralfaro/Desktop/pbi-scenario-two/py_env/lib/python3.9/site-packages/airflow/example_dags/tutorial.py
[2024-05-01T23:59:42.375-0500] {logging_mixin.py:188} INFO - [2024-05-01T23:59:42.375-0500] {dag.py:3096} INFO - Sync 1 DAGs
[2024-05-01T23:59:42.382-0500] {logging_mixin.py:188} INFO - [2024-05-01T23:59:42.382-0500] {dag.py:3954} INFO - Setting next_dagrun for tutorial to 2024-05-01 00:00:00+00:00, run_after=2024-05-02 00:00:00+00:00
[2024-05-01T23:59:42.389-0500] {processor.py:183} INFO - Processing /Users/nestoralfaro/Desktop/pbi-scenario-two/py_env/lib/python3.9/site-packages/airflow/example_dags/tutorial.py took 0.062 seconds
[2024-05-02T00:00:34.911-0500] {processor.py:161} INFO - Started process (PID=36004) to work on /Users/nestoralfaro/Desktop/pbi-scenario-two/py_env/lib/python3.9/site-packages/airflow/example_dags/tutorial.py
[2024-05-02T00:00:34.914-0500] {processor.py:830} INFO - Processing file /Users/nestoralfaro/Desktop/pbi-scenario-two/py_env/lib/python3.9/site-packages/airflow/example_dags/tutorial.py for tasks to queue
[2024-05-02T00:00:34.914-0500] {logging_mixin.py:188} INFO - [2024-05-02T00:00:34.914-0500] {dagbag.py:540} INFO - Filling up the DagBag from /Users/nestoralfaro/Desktop/pbi-scenario-two/py_env/lib/python3.9/site-packages/airflow/example_dags/tutorial.py
[2024-05-02T00:00:34.917-0500] {processor.py:840} INFO - DAG(s) 'tutorial' retrieved from /Users/nestoralfaro/Desktop/pbi-scenario-two/py_env/lib/python3.9/site-packages/airflow/example_dags/tutorial.py
[2024-05-02T00:00:34.958-0500] {logging_mixin.py:188} INFO - [2024-05-02T00:00:34.958-0500] {dag.py:3096} INFO - Sync 1 DAGs
[2024-05-02T00:00:34.969-0500] {logging_mixin.py:188} INFO - [2024-05-02T00:00:34.969-0500] {dag.py:3954} INFO - Setting next_dagrun for tutorial to 2024-05-01 00:00:00+00:00, run_after=2024-05-02 00:00:00+00:00
[2024-05-02T00:00:34.975-0500] {processor.py:183} INFO - Processing /Users/nestoralfaro/Desktop/pbi-scenario-two/py_env/lib/python3.9/site-packages/airflow/example_dags/tutorial.py took 0.065 seconds
[2024-05-02T00:01:33.099-0500] {processor.py:161} INFO - Started process (PID=36043) to work on /Users/nestoralfaro/Desktop/pbi-scenario-two/py_env/lib/python3.9/site-packages/airflow/example_dags/tutorial.py
[2024-05-02T00:01:33.100-0500] {processor.py:830} INFO - Processing file /Users/nestoralfaro/Desktop/pbi-scenario-two/py_env/lib/python3.9/site-packages/airflow/example_dags/tutorial.py for tasks to queue
[2024-05-02T00:01:33.100-0500] {logging_mixin.py:188} INFO - [2024-05-02T00:01:33.100-0500] {dagbag.py:540} INFO - Filling up the DagBag from /Users/nestoralfaro/Desktop/pbi-scenario-two/py_env/lib/python3.9/site-packages/airflow/example_dags/tutorial.py
[2024-05-02T00:01:33.104-0500] {processor.py:840} INFO - DAG(s) 'tutorial' retrieved from /Users/nestoralfaro/Desktop/pbi-scenario-two/py_env/lib/python3.9/site-packages/airflow/example_dags/tutorial.py
[2024-05-02T00:01:33.147-0500] {logging_mixin.py:188} INFO - [2024-05-02T00:01:33.147-0500] {dag.py:3096} INFO - Sync 1 DAGs
[2024-05-02T00:01:33.155-0500] {logging_mixin.py:188} INFO - [2024-05-02T00:01:33.155-0500] {dag.py:3954} INFO - Setting next_dagrun for tutorial to 2024-05-01 00:00:00+00:00, run_after=2024-05-02 00:00:00+00:00
[2024-05-02T00:01:33.163-0500] {processor.py:183} INFO - Processing /Users/nestoralfaro/Desktop/pbi-scenario-two/py_env/lib/python3.9/site-packages/airflow/example_dags/tutorial.py took 0.066 seconds
[2024-05-02T00:02:31.936-0500] {processor.py:161} INFO - Started process (PID=36085) to work on /Users/nestoralfaro/Desktop/pbi-scenario-two/py_env/lib/python3.9/site-packages/airflow/example_dags/tutorial.py
[2024-05-02T00:02:31.938-0500] {processor.py:830} INFO - Processing file /Users/nestoralfaro/Desktop/pbi-scenario-two/py_env/lib/python3.9/site-packages/airflow/example_dags/tutorial.py for tasks to queue
[2024-05-02T00:02:31.939-0500] {logging_mixin.py:188} INFO - [2024-05-02T00:02:31.939-0500] {dagbag.py:540} INFO - Filling up the DagBag from /Users/nestoralfaro/Desktop/pbi-scenario-two/py_env/lib/python3.9/site-packages/airflow/example_dags/tutorial.py
[2024-05-02T00:02:31.942-0500] {processor.py:840} INFO - DAG(s) 'tutorial' retrieved from /Users/nestoralfaro/Desktop/pbi-scenario-two/py_env/lib/python3.9/site-packages/airflow/example_dags/tutorial.py
[2024-05-02T00:02:31.986-0500] {logging_mixin.py:188} INFO - [2024-05-02T00:02:31.986-0500] {dag.py:3096} INFO - Sync 1 DAGs
[2024-05-02T00:02:31.996-0500] {logging_mixin.py:188} INFO - [2024-05-02T00:02:31.996-0500] {dag.py:3954} INFO - Setting next_dagrun for tutorial to 2024-05-01 00:00:00+00:00, run_after=2024-05-02 00:00:00+00:00
[2024-05-02T00:02:32.003-0500] {processor.py:183} INFO - Processing /Users/nestoralfaro/Desktop/pbi-scenario-two/py_env/lib/python3.9/site-packages/airflow/example_dags/tutorial.py took 0.068 seconds
[2024-05-02T00:03:31.268-0500] {processor.py:161} INFO - Started process (PID=36124) to work on /Users/nestoralfaro/Desktop/pbi-scenario-two/py_env/lib/python3.9/site-packages/airflow/example_dags/tutorial.py
[2024-05-02T00:03:31.270-0500] {processor.py:830} INFO - Processing file /Users/nestoralfaro/Desktop/pbi-scenario-two/py_env/lib/python3.9/site-packages/airflow/example_dags/tutorial.py for tasks to queue
[2024-05-02T00:03:31.271-0500] {logging_mixin.py:188} INFO - [2024-05-02T00:03:31.270-0500] {dagbag.py:540} INFO - Filling up the DagBag from /Users/nestoralfaro/Desktop/pbi-scenario-two/py_env/lib/python3.9/site-packages/airflow/example_dags/tutorial.py
[2024-05-02T00:03:31.274-0500] {processor.py:840} INFO - DAG(s) 'tutorial' retrieved from /Users/nestoralfaro/Desktop/pbi-scenario-two/py_env/lib/python3.9/site-packages/airflow/example_dags/tutorial.py
[2024-05-02T00:03:31.316-0500] {logging_mixin.py:188} INFO - [2024-05-02T00:03:31.316-0500] {dag.py:3096} INFO - Sync 1 DAGs
[2024-05-02T00:03:31.324-0500] {logging_mixin.py:188} INFO - [2024-05-02T00:03:31.324-0500] {dag.py:3954} INFO - Setting next_dagrun for tutorial to 2024-05-01 00:00:00+00:00, run_after=2024-05-02 00:00:00+00:00
[2024-05-02T00:03:31.331-0500] {processor.py:183} INFO - Processing /Users/nestoralfaro/Desktop/pbi-scenario-two/py_env/lib/python3.9/site-packages/airflow/example_dags/tutorial.py took 0.065 seconds
[2024-05-02T00:04:28.796-0500] {processor.py:161} INFO - Started process (PID=36163) to work on /Users/nestoralfaro/Desktop/pbi-scenario-two/py_env/lib/python3.9/site-packages/airflow/example_dags/tutorial.py
[2024-05-02T00:04:28.797-0500] {processor.py:830} INFO - Processing file /Users/nestoralfaro/Desktop/pbi-scenario-two/py_env/lib/python3.9/site-packages/airflow/example_dags/tutorial.py for tasks to queue
[2024-05-02T00:04:28.798-0500] {logging_mixin.py:188} INFO - [2024-05-02T00:04:28.798-0500] {dagbag.py:540} INFO - Filling up the DagBag from /Users/nestoralfaro/Desktop/pbi-scenario-two/py_env/lib/python3.9/site-packages/airflow/example_dags/tutorial.py
[2024-05-02T00:04:28.801-0500] {processor.py:840} INFO - DAG(s) 'tutorial' retrieved from /Users/nestoralfaro/Desktop/pbi-scenario-two/py_env/lib/python3.9/site-packages/airflow/example_dags/tutorial.py
[2024-05-02T00:04:28.844-0500] {logging_mixin.py:188} INFO - [2024-05-02T00:04:28.844-0500] {dag.py:3096} INFO - Sync 1 DAGs
[2024-05-02T00:04:28.852-0500] {logging_mixin.py:188} INFO - [2024-05-02T00:04:28.852-0500] {dag.py:3954} INFO - Setting next_dagrun for tutorial to 2024-05-01 00:00:00+00:00, run_after=2024-05-02 00:00:00+00:00
[2024-05-02T00:04:28.859-0500] {processor.py:183} INFO - Processing /Users/nestoralfaro/Desktop/pbi-scenario-two/py_env/lib/python3.9/site-packages/airflow/example_dags/tutorial.py took 0.065 seconds
[2024-05-02T00:05:23.869-0500] {processor.py:161} INFO - Started process (PID=36198) to work on /Users/nestoralfaro/Desktop/pbi-scenario-two/py_env/lib/python3.9/site-packages/airflow/example_dags/tutorial.py
[2024-05-02T00:05:23.870-0500] {processor.py:830} INFO - Processing file /Users/nestoralfaro/Desktop/pbi-scenario-two/py_env/lib/python3.9/site-packages/airflow/example_dags/tutorial.py for tasks to queue
[2024-05-02T00:05:23.870-0500] {logging_mixin.py:188} INFO - [2024-05-02T00:05:23.870-0500] {dagbag.py:540} INFO - Filling up the DagBag from /Users/nestoralfaro/Desktop/pbi-scenario-two/py_env/lib/python3.9/site-packages/airflow/example_dags/tutorial.py
[2024-05-02T00:05:23.873-0500] {processor.py:840} INFO - DAG(s) 'tutorial' retrieved from /Users/nestoralfaro/Desktop/pbi-scenario-two/py_env/lib/python3.9/site-packages/airflow/example_dags/tutorial.py
[2024-05-02T00:05:23.916-0500] {logging_mixin.py:188} INFO - [2024-05-02T00:05:23.916-0500] {dag.py:3096} INFO - Sync 1 DAGs
[2024-05-02T00:05:23.924-0500] {logging_mixin.py:188} INFO - [2024-05-02T00:05:23.924-0500] {dag.py:3954} INFO - Setting next_dagrun for tutorial to 2024-05-01 00:00:00+00:00, run_after=2024-05-02 00:00:00+00:00
[2024-05-02T00:05:23.931-0500] {processor.py:183} INFO - Processing /Users/nestoralfaro/Desktop/pbi-scenario-two/py_env/lib/python3.9/site-packages/airflow/example_dags/tutorial.py took 0.064 seconds
[2024-05-02T00:06:21.260-0500] {processor.py:161} INFO - Started process (PID=36242) to work on /Users/nestoralfaro/Desktop/pbi-scenario-two/py_env/lib/python3.9/site-packages/airflow/example_dags/tutorial.py
[2024-05-02T00:06:21.262-0500] {processor.py:830} INFO - Processing file /Users/nestoralfaro/Desktop/pbi-scenario-two/py_env/lib/python3.9/site-packages/airflow/example_dags/tutorial.py for tasks to queue
[2024-05-02T00:06:21.262-0500] {logging_mixin.py:188} INFO - [2024-05-02T00:06:21.262-0500] {dagbag.py:540} INFO - Filling up the DagBag from /Users/nestoralfaro/Desktop/pbi-scenario-two/py_env/lib/python3.9/site-packages/airflow/example_dags/tutorial.py
[2024-05-02T00:06:21.265-0500] {processor.py:840} INFO - DAG(s) 'tutorial' retrieved from /Users/nestoralfaro/Desktop/pbi-scenario-two/py_env/lib/python3.9/site-packages/airflow/example_dags/tutorial.py
[2024-05-02T00:06:21.308-0500] {logging_mixin.py:188} INFO - [2024-05-02T00:06:21.308-0500] {dag.py:3096} INFO - Sync 1 DAGs
[2024-05-02T00:06:21.316-0500] {logging_mixin.py:188} INFO - [2024-05-02T00:06:21.316-0500] {dag.py:3954} INFO - Setting next_dagrun for tutorial to 2024-05-01 00:00:00+00:00, run_after=2024-05-02 00:00:00+00:00
[2024-05-02T00:06:21.323-0500] {processor.py:183} INFO - Processing /Users/nestoralfaro/Desktop/pbi-scenario-two/py_env/lib/python3.9/site-packages/airflow/example_dags/tutorial.py took 0.065 seconds
[2024-05-02T00:07:15.863-0500] {processor.py:161} INFO - Started process (PID=36286) to work on /Users/nestoralfaro/Desktop/pbi-scenario-two/py_env/lib/python3.9/site-packages/airflow/example_dags/tutorial.py
[2024-05-02T00:07:15.864-0500] {processor.py:830} INFO - Processing file /Users/nestoralfaro/Desktop/pbi-scenario-two/py_env/lib/python3.9/site-packages/airflow/example_dags/tutorial.py for tasks to queue
[2024-05-02T00:07:15.865-0500] {logging_mixin.py:188} INFO - [2024-05-02T00:07:15.865-0500] {dagbag.py:540} INFO - Filling up the DagBag from /Users/nestoralfaro/Desktop/pbi-scenario-two/py_env/lib/python3.9/site-packages/airflow/example_dags/tutorial.py
[2024-05-02T00:07:15.868-0500] {processor.py:840} INFO - DAG(s) 'tutorial' retrieved from /Users/nestoralfaro/Desktop/pbi-scenario-two/py_env/lib/python3.9/site-packages/airflow/example_dags/tutorial.py
[2024-05-02T00:07:15.909-0500] {logging_mixin.py:188} INFO - [2024-05-02T00:07:15.909-0500] {dag.py:3096} INFO - Sync 1 DAGs
[2024-05-02T00:07:15.917-0500] {logging_mixin.py:188} INFO - [2024-05-02T00:07:15.917-0500] {dag.py:3954} INFO - Setting next_dagrun for tutorial to 2024-05-01 00:00:00+00:00, run_after=2024-05-02 00:00:00+00:00
[2024-05-02T00:07:15.924-0500] {processor.py:183} INFO - Processing /Users/nestoralfaro/Desktop/pbi-scenario-two/py_env/lib/python3.9/site-packages/airflow/example_dags/tutorial.py took 0.062 seconds
[2024-05-02T00:08:08.348-0500] {processor.py:161} INFO - Started process (PID=36320) to work on /Users/nestoralfaro/Desktop/pbi-scenario-two/py_env/lib/python3.9/site-packages/airflow/example_dags/tutorial.py
[2024-05-02T00:08:08.349-0500] {processor.py:830} INFO - Processing file /Users/nestoralfaro/Desktop/pbi-scenario-two/py_env/lib/python3.9/site-packages/airflow/example_dags/tutorial.py for tasks to queue
[2024-05-02T00:08:08.350-0500] {logging_mixin.py:188} INFO - [2024-05-02T00:08:08.350-0500] {dagbag.py:540} INFO - Filling up the DagBag from /Users/nestoralfaro/Desktop/pbi-scenario-two/py_env/lib/python3.9/site-packages/airflow/example_dags/tutorial.py
[2024-05-02T00:08:08.353-0500] {processor.py:840} INFO - DAG(s) 'tutorial' retrieved from /Users/nestoralfaro/Desktop/pbi-scenario-two/py_env/lib/python3.9/site-packages/airflow/example_dags/tutorial.py
[2024-05-02T00:08:08.394-0500] {logging_mixin.py:188} INFO - [2024-05-02T00:08:08.394-0500] {dag.py:3096} INFO - Sync 1 DAGs
[2024-05-02T00:08:08.401-0500] {logging_mixin.py:188} INFO - [2024-05-02T00:08:08.401-0500] {dag.py:3954} INFO - Setting next_dagrun for tutorial to 2024-05-01 00:00:00+00:00, run_after=2024-05-02 00:00:00+00:00
[2024-05-02T00:08:08.409-0500] {processor.py:183} INFO - Processing /Users/nestoralfaro/Desktop/pbi-scenario-two/py_env/lib/python3.9/site-packages/airflow/example_dags/tutorial.py took 0.062 seconds
[2024-05-02T00:09:06.345-0500] {processor.py:161} INFO - Started process (PID=36353) to work on /Users/nestoralfaro/Desktop/pbi-scenario-two/py_env/lib/python3.9/site-packages/airflow/example_dags/tutorial.py
[2024-05-02T00:09:06.347-0500] {processor.py:830} INFO - Processing file /Users/nestoralfaro/Desktop/pbi-scenario-two/py_env/lib/python3.9/site-packages/airflow/example_dags/tutorial.py for tasks to queue
[2024-05-02T00:09:06.347-0500] {logging_mixin.py:188} INFO - [2024-05-02T00:09:06.347-0500] {dagbag.py:540} INFO - Filling up the DagBag from /Users/nestoralfaro/Desktop/pbi-scenario-two/py_env/lib/python3.9/site-packages/airflow/example_dags/tutorial.py
[2024-05-02T00:09:06.351-0500] {processor.py:840} INFO - DAG(s) 'tutorial' retrieved from /Users/nestoralfaro/Desktop/pbi-scenario-two/py_env/lib/python3.9/site-packages/airflow/example_dags/tutorial.py
[2024-05-02T00:09:06.392-0500] {logging_mixin.py:188} INFO - [2024-05-02T00:09:06.392-0500] {dag.py:3096} INFO - Sync 1 DAGs
[2024-05-02T00:09:06.400-0500] {logging_mixin.py:188} INFO - [2024-05-02T00:09:06.400-0500] {dag.py:3954} INFO - Setting next_dagrun for tutorial to 2024-05-01 00:00:00+00:00, run_after=2024-05-02 00:00:00+00:00
[2024-05-02T00:09:06.407-0500] {processor.py:183} INFO - Processing /Users/nestoralfaro/Desktop/pbi-scenario-two/py_env/lib/python3.9/site-packages/airflow/example_dags/tutorial.py took 0.064 seconds
[2024-05-02T00:10:03.534-0500] {processor.py:161} INFO - Started process (PID=36388) to work on /Users/nestoralfaro/Desktop/pbi-scenario-two/py_env/lib/python3.9/site-packages/airflow/example_dags/tutorial.py
[2024-05-02T00:10:03.536-0500] {processor.py:830} INFO - Processing file /Users/nestoralfaro/Desktop/pbi-scenario-two/py_env/lib/python3.9/site-packages/airflow/example_dags/tutorial.py for tasks to queue
[2024-05-02T00:10:03.537-0500] {logging_mixin.py:188} INFO - [2024-05-02T00:10:03.537-0500] {dagbag.py:540} INFO - Filling up the DagBag from /Users/nestoralfaro/Desktop/pbi-scenario-two/py_env/lib/python3.9/site-packages/airflow/example_dags/tutorial.py
[2024-05-02T00:10:03.540-0500] {processor.py:840} INFO - DAG(s) 'tutorial' retrieved from /Users/nestoralfaro/Desktop/pbi-scenario-two/py_env/lib/python3.9/site-packages/airflow/example_dags/tutorial.py
[2024-05-02T00:10:03.581-0500] {logging_mixin.py:188} INFO - [2024-05-02T00:10:03.581-0500] {dag.py:3096} INFO - Sync 1 DAGs
[2024-05-02T00:10:03.589-0500] {logging_mixin.py:188} INFO - [2024-05-02T00:10:03.588-0500] {dag.py:3954} INFO - Setting next_dagrun for tutorial to 2024-05-01 00:00:00+00:00, run_after=2024-05-02 00:00:00+00:00
[2024-05-02T00:10:03.595-0500] {processor.py:183} INFO - Processing /Users/nestoralfaro/Desktop/pbi-scenario-two/py_env/lib/python3.9/site-packages/airflow/example_dags/tutorial.py took 0.062 seconds
[2024-05-02T00:11:12.546-0500] {processor.py:161} INFO - Started process (PID=36410) to work on /Users/nestoralfaro/Desktop/pbi-scenario-two/py_env/lib/python3.9/site-packages/airflow/example_dags/tutorial.py
[2024-05-02T00:11:12.548-0500] {processor.py:830} INFO - Processing file /Users/nestoralfaro/Desktop/pbi-scenario-two/py_env/lib/python3.9/site-packages/airflow/example_dags/tutorial.py for tasks to queue
[2024-05-02T00:11:12.548-0500] {logging_mixin.py:188} INFO - [2024-05-02T00:11:12.548-0500] {dagbag.py:540} INFO - Filling up the DagBag from /Users/nestoralfaro/Desktop/pbi-scenario-two/py_env/lib/python3.9/site-packages/airflow/example_dags/tutorial.py
[2024-05-02T00:11:12.552-0500] {processor.py:840} INFO - DAG(s) 'tutorial' retrieved from /Users/nestoralfaro/Desktop/pbi-scenario-two/py_env/lib/python3.9/site-packages/airflow/example_dags/tutorial.py
[2024-05-02T00:11:12.595-0500] {logging_mixin.py:188} INFO - [2024-05-02T00:11:12.594-0500] {dag.py:3096} INFO - Sync 1 DAGs
[2024-05-02T00:11:12.603-0500] {logging_mixin.py:188} INFO - [2024-05-02T00:11:12.603-0500] {dag.py:3954} INFO - Setting next_dagrun for tutorial to 2024-05-01 00:00:00+00:00, run_after=2024-05-02 00:00:00+00:00
[2024-05-02T00:11:12.611-0500] {processor.py:183} INFO - Processing /Users/nestoralfaro/Desktop/pbi-scenario-two/py_env/lib/python3.9/site-packages/airflow/example_dags/tutorial.py took 0.066 seconds
[2024-05-02T00:12:39.162-0500] {processor.py:161} INFO - Started process (PID=36502) to work on /Users/nestoralfaro/Desktop/pbi-scenario-two/py_env/lib/python3.9/site-packages/airflow/example_dags/tutorial.py
[2024-05-02T00:12:39.164-0500] {processor.py:830} INFO - Processing file /Users/nestoralfaro/Desktop/pbi-scenario-two/py_env/lib/python3.9/site-packages/airflow/example_dags/tutorial.py for tasks to queue
[2024-05-02T00:12:39.164-0500] {logging_mixin.py:188} INFO - [2024-05-02T00:12:39.164-0500] {dagbag.py:540} INFO - Filling up the DagBag from /Users/nestoralfaro/Desktop/pbi-scenario-two/py_env/lib/python3.9/site-packages/airflow/example_dags/tutorial.py
[2024-05-02T00:12:39.168-0500] {processor.py:840} INFO - DAG(s) 'tutorial' retrieved from /Users/nestoralfaro/Desktop/pbi-scenario-two/py_env/lib/python3.9/site-packages/airflow/example_dags/tutorial.py
[2024-05-02T00:12:39.210-0500] {logging_mixin.py:188} INFO - [2024-05-02T00:12:39.210-0500] {dag.py:3096} INFO - Sync 1 DAGs
[2024-05-02T00:12:39.218-0500] {logging_mixin.py:188} INFO - [2024-05-02T00:12:39.218-0500] {dag.py:3954} INFO - Setting next_dagrun for tutorial to 2024-05-01 00:00:00+00:00, run_after=2024-05-02 00:00:00+00:00
[2024-05-02T00:12:39.225-0500] {processor.py:183} INFO - Processing /Users/nestoralfaro/Desktop/pbi-scenario-two/py_env/lib/python3.9/site-packages/airflow/example_dags/tutorial.py took 0.065 seconds
[2024-05-02T00:13:35.559-0500] {processor.py:161} INFO - Started process (PID=36549) to work on /Users/nestoralfaro/Desktop/pbi-scenario-two/py_env/lib/python3.9/site-packages/airflow/example_dags/tutorial.py
[2024-05-02T00:13:35.561-0500] {processor.py:830} INFO - Processing file /Users/nestoralfaro/Desktop/pbi-scenario-two/py_env/lib/python3.9/site-packages/airflow/example_dags/tutorial.py for tasks to queue
[2024-05-02T00:13:35.561-0500] {logging_mixin.py:188} INFO - [2024-05-02T00:13:35.561-0500] {dagbag.py:540} INFO - Filling up the DagBag from /Users/nestoralfaro/Desktop/pbi-scenario-two/py_env/lib/python3.9/site-packages/airflow/example_dags/tutorial.py
[2024-05-02T00:13:35.564-0500] {processor.py:840} INFO - DAG(s) 'tutorial' retrieved from /Users/nestoralfaro/Desktop/pbi-scenario-two/py_env/lib/python3.9/site-packages/airflow/example_dags/tutorial.py
[2024-05-02T00:13:35.609-0500] {logging_mixin.py:188} INFO - [2024-05-02T00:13:35.609-0500] {dag.py:3096} INFO - Sync 1 DAGs
[2024-05-02T00:13:35.619-0500] {logging_mixin.py:188} INFO - [2024-05-02T00:13:35.619-0500] {dag.py:3954} INFO - Setting next_dagrun for tutorial to 2024-05-01 00:00:00+00:00, run_after=2024-05-02 00:00:00+00:00
[2024-05-02T00:13:35.626-0500] {processor.py:183} INFO - Processing /Users/nestoralfaro/Desktop/pbi-scenario-two/py_env/lib/python3.9/site-packages/airflow/example_dags/tutorial.py took 0.069 seconds
[2024-05-02T00:15:03.778-0500] {processor.py:161} INFO - Started process (PID=36597) to work on /Users/nestoralfaro/Desktop/pbi-scenario-two/py_env/lib/python3.9/site-packages/airflow/example_dags/tutorial.py
[2024-05-02T00:15:03.780-0500] {processor.py:830} INFO - Processing file /Users/nestoralfaro/Desktop/pbi-scenario-two/py_env/lib/python3.9/site-packages/airflow/example_dags/tutorial.py for tasks to queue
[2024-05-02T00:15:03.780-0500] {logging_mixin.py:188} INFO - [2024-05-02T00:15:03.780-0500] {dagbag.py:540} INFO - Filling up the DagBag from /Users/nestoralfaro/Desktop/pbi-scenario-two/py_env/lib/python3.9/site-packages/airflow/example_dags/tutorial.py
[2024-05-02T00:15:03.783-0500] {processor.py:840} INFO - DAG(s) 'tutorial' retrieved from /Users/nestoralfaro/Desktop/pbi-scenario-two/py_env/lib/python3.9/site-packages/airflow/example_dags/tutorial.py
[2024-05-02T00:15:03.827-0500] {logging_mixin.py:188} INFO - [2024-05-02T00:15:03.827-0500] {dag.py:3096} INFO - Sync 1 DAGs
[2024-05-02T00:15:03.838-0500] {logging_mixin.py:188} INFO - [2024-05-02T00:15:03.838-0500] {dag.py:3954} INFO - Setting next_dagrun for tutorial to 2024-05-01 00:00:00+00:00, run_after=2024-05-02 00:00:00+00:00
[2024-05-02T00:15:03.845-0500] {processor.py:183} INFO - Processing /Users/nestoralfaro/Desktop/pbi-scenario-two/py_env/lib/python3.9/site-packages/airflow/example_dags/tutorial.py took 0.069 seconds
[2024-05-02T00:16:32.724-0500] {processor.py:161} INFO - Started process (PID=36666) to work on /Users/nestoralfaro/Desktop/pbi-scenario-two/py_env/lib/python3.9/site-packages/airflow/example_dags/tutorial.py
[2024-05-02T00:16:32.725-0500] {processor.py:830} INFO - Processing file /Users/nestoralfaro/Desktop/pbi-scenario-two/py_env/lib/python3.9/site-packages/airflow/example_dags/tutorial.py for tasks to queue
[2024-05-02T00:16:32.725-0500] {logging_mixin.py:188} INFO - [2024-05-02T00:16:32.725-0500] {dagbag.py:540} INFO - Filling up the DagBag from /Users/nestoralfaro/Desktop/pbi-scenario-two/py_env/lib/python3.9/site-packages/airflow/example_dags/tutorial.py
[2024-05-02T00:16:32.728-0500] {processor.py:840} INFO - DAG(s) 'tutorial' retrieved from /Users/nestoralfaro/Desktop/pbi-scenario-two/py_env/lib/python3.9/site-packages/airflow/example_dags/tutorial.py
[2024-05-02T00:16:32.771-0500] {logging_mixin.py:188} INFO - [2024-05-02T00:16:32.771-0500] {dag.py:3096} INFO - Sync 1 DAGs
[2024-05-02T00:16:32.779-0500] {logging_mixin.py:188} INFO - [2024-05-02T00:16:32.779-0500] {dag.py:3954} INFO - Setting next_dagrun for tutorial to 2024-05-01 00:00:00+00:00, run_after=2024-05-02 00:00:00+00:00
[2024-05-02T00:16:32.786-0500] {processor.py:183} INFO - Processing /Users/nestoralfaro/Desktop/pbi-scenario-two/py_env/lib/python3.9/site-packages/airflow/example_dags/tutorial.py took 0.064 seconds
[2024-05-02T00:17:30.097-0500] {processor.py:161} INFO - Started process (PID=36704) to work on /Users/nestoralfaro/Desktop/pbi-scenario-two/py_env/lib/python3.9/site-packages/airflow/example_dags/tutorial.py
[2024-05-02T00:17:30.098-0500] {processor.py:830} INFO - Processing file /Users/nestoralfaro/Desktop/pbi-scenario-two/py_env/lib/python3.9/site-packages/airflow/example_dags/tutorial.py for tasks to queue
[2024-05-02T00:17:30.098-0500] {logging_mixin.py:188} INFO - [2024-05-02T00:17:30.098-0500] {dagbag.py:540} INFO - Filling up the DagBag from /Users/nestoralfaro/Desktop/pbi-scenario-two/py_env/lib/python3.9/site-packages/airflow/example_dags/tutorial.py
[2024-05-02T00:17:30.101-0500] {processor.py:840} INFO - DAG(s) 'tutorial' retrieved from /Users/nestoralfaro/Desktop/pbi-scenario-two/py_env/lib/python3.9/site-packages/airflow/example_dags/tutorial.py
[2024-05-02T00:17:30.146-0500] {logging_mixin.py:188} INFO - [2024-05-02T00:17:30.146-0500] {dag.py:3096} INFO - Sync 1 DAGs
[2024-05-02T00:17:30.154-0500] {logging_mixin.py:188} INFO - [2024-05-02T00:17:30.154-0500] {dag.py:3954} INFO - Setting next_dagrun for tutorial to 2024-05-01 00:00:00+00:00, run_after=2024-05-02 00:00:00+00:00
[2024-05-02T00:17:30.161-0500] {processor.py:183} INFO - Processing /Users/nestoralfaro/Desktop/pbi-scenario-two/py_env/lib/python3.9/site-packages/airflow/example_dags/tutorial.py took 0.066 seconds
[2024-05-02T00:18:28.489-0500] {processor.py:161} INFO - Started process (PID=36740) to work on /Users/nestoralfaro/Desktop/pbi-scenario-two/py_env/lib/python3.9/site-packages/airflow/example_dags/tutorial.py
[2024-05-02T00:18:28.491-0500] {processor.py:830} INFO - Processing file /Users/nestoralfaro/Desktop/pbi-scenario-two/py_env/lib/python3.9/site-packages/airflow/example_dags/tutorial.py for tasks to queue
[2024-05-02T00:18:28.491-0500] {logging_mixin.py:188} INFO - [2024-05-02T00:18:28.491-0500] {dagbag.py:540} INFO - Filling up the DagBag from /Users/nestoralfaro/Desktop/pbi-scenario-two/py_env/lib/python3.9/site-packages/airflow/example_dags/tutorial.py
[2024-05-02T00:18:28.494-0500] {processor.py:840} INFO - DAG(s) 'tutorial' retrieved from /Users/nestoralfaro/Desktop/pbi-scenario-two/py_env/lib/python3.9/site-packages/airflow/example_dags/tutorial.py
[2024-05-02T00:18:28.538-0500] {logging_mixin.py:188} INFO - [2024-05-02T00:18:28.538-0500] {dag.py:3096} INFO - Sync 1 DAGs
[2024-05-02T00:18:28.545-0500] {logging_mixin.py:188} INFO - [2024-05-02T00:18:28.545-0500] {dag.py:3954} INFO - Setting next_dagrun for tutorial to 2024-05-01 00:00:00+00:00, run_after=2024-05-02 00:00:00+00:00
[2024-05-02T00:18:28.552-0500] {processor.py:183} INFO - Processing /Users/nestoralfaro/Desktop/pbi-scenario-two/py_env/lib/python3.9/site-packages/airflow/example_dags/tutorial.py took 0.065 seconds
[2024-05-02T00:19:27.164-0500] {processor.py:161} INFO - Started process (PID=36812) to work on /Users/nestoralfaro/Desktop/pbi-scenario-two/py_env/lib/python3.9/site-packages/airflow/example_dags/tutorial.py
[2024-05-02T00:19:27.166-0500] {processor.py:830} INFO - Processing file /Users/nestoralfaro/Desktop/pbi-scenario-two/py_env/lib/python3.9/site-packages/airflow/example_dags/tutorial.py for tasks to queue
[2024-05-02T00:19:27.166-0500] {logging_mixin.py:188} INFO - [2024-05-02T00:19:27.166-0500] {dagbag.py:540} INFO - Filling up the DagBag from /Users/nestoralfaro/Desktop/pbi-scenario-two/py_env/lib/python3.9/site-packages/airflow/example_dags/tutorial.py
[2024-05-02T00:19:27.169-0500] {processor.py:840} INFO - DAG(s) 'tutorial' retrieved from /Users/nestoralfaro/Desktop/pbi-scenario-two/py_env/lib/python3.9/site-packages/airflow/example_dags/tutorial.py
[2024-05-02T00:19:27.210-0500] {logging_mixin.py:188} INFO - [2024-05-02T00:19:27.210-0500] {dag.py:3096} INFO - Sync 1 DAGs
[2024-05-02T00:19:27.218-0500] {logging_mixin.py:188} INFO - [2024-05-02T00:19:27.218-0500] {dag.py:3954} INFO - Setting next_dagrun for tutorial to 2024-05-01 00:00:00+00:00, run_after=2024-05-02 00:00:00+00:00
[2024-05-02T00:19:27.225-0500] {processor.py:183} INFO - Processing /Users/nestoralfaro/Desktop/pbi-scenario-two/py_env/lib/python3.9/site-packages/airflow/example_dags/tutorial.py took 0.062 seconds
[2024-05-02T00:20:24.498-0500] {processor.py:161} INFO - Started process (PID=36850) to work on /Users/nestoralfaro/Desktop/pbi-scenario-two/py_env/lib/python3.9/site-packages/airflow/example_dags/tutorial.py
[2024-05-02T00:20:24.499-0500] {processor.py:830} INFO - Processing file /Users/nestoralfaro/Desktop/pbi-scenario-two/py_env/lib/python3.9/site-packages/airflow/example_dags/tutorial.py for tasks to queue
[2024-05-02T00:20:24.499-0500] {logging_mixin.py:188} INFO - [2024-05-02T00:20:24.499-0500] {dagbag.py:540} INFO - Filling up the DagBag from /Users/nestoralfaro/Desktop/pbi-scenario-two/py_env/lib/python3.9/site-packages/airflow/example_dags/tutorial.py
[2024-05-02T00:20:24.502-0500] {processor.py:840} INFO - DAG(s) 'tutorial' retrieved from /Users/nestoralfaro/Desktop/pbi-scenario-two/py_env/lib/python3.9/site-packages/airflow/example_dags/tutorial.py
[2024-05-02T00:20:24.544-0500] {logging_mixin.py:188} INFO - [2024-05-02T00:20:24.544-0500] {dag.py:3096} INFO - Sync 1 DAGs
[2024-05-02T00:20:24.552-0500] {logging_mixin.py:188} INFO - [2024-05-02T00:20:24.552-0500] {dag.py:3954} INFO - Setting next_dagrun for tutorial to 2024-05-01 00:00:00+00:00, run_after=2024-05-02 00:00:00+00:00
[2024-05-02T00:20:24.559-0500] {processor.py:183} INFO - Processing /Users/nestoralfaro/Desktop/pbi-scenario-two/py_env/lib/python3.9/site-packages/airflow/example_dags/tutorial.py took 0.063 seconds
[2024-05-02T00:21:25.010-0500] {processor.py:161} INFO - Started process (PID=36886) to work on /Users/nestoralfaro/Desktop/pbi-scenario-two/py_env/lib/python3.9/site-packages/airflow/example_dags/tutorial.py
[2024-05-02T00:21:25.011-0500] {processor.py:830} INFO - Processing file /Users/nestoralfaro/Desktop/pbi-scenario-two/py_env/lib/python3.9/site-packages/airflow/example_dags/tutorial.py for tasks to queue
[2024-05-02T00:21:25.011-0500] {logging_mixin.py:188} INFO - [2024-05-02T00:21:25.011-0500] {dagbag.py:540} INFO - Filling up the DagBag from /Users/nestoralfaro/Desktop/pbi-scenario-two/py_env/lib/python3.9/site-packages/airflow/example_dags/tutorial.py
[2024-05-02T00:21:25.014-0500] {processor.py:840} INFO - DAG(s) 'tutorial' retrieved from /Users/nestoralfaro/Desktop/pbi-scenario-two/py_env/lib/python3.9/site-packages/airflow/example_dags/tutorial.py
[2024-05-02T00:21:25.058-0500] {logging_mixin.py:188} INFO - [2024-05-02T00:21:25.058-0500] {dag.py:3096} INFO - Sync 1 DAGs
[2024-05-02T00:21:25.065-0500] {logging_mixin.py:188} INFO - [2024-05-02T00:21:25.065-0500] {dag.py:3954} INFO - Setting next_dagrun for tutorial to 2024-05-01 00:00:00+00:00, run_after=2024-05-02 00:00:00+00:00
[2024-05-02T00:21:25.073-0500] {processor.py:183} INFO - Processing /Users/nestoralfaro/Desktop/pbi-scenario-two/py_env/lib/python3.9/site-packages/airflow/example_dags/tutorial.py took 0.065 seconds
[2024-05-02T00:22:22.741-0500] {processor.py:161} INFO - Started process (PID=36944) to work on /Users/nestoralfaro/Desktop/pbi-scenario-two/py_env/lib/python3.9/site-packages/airflow/example_dags/tutorial.py
[2024-05-02T00:22:22.742-0500] {processor.py:830} INFO - Processing file /Users/nestoralfaro/Desktop/pbi-scenario-two/py_env/lib/python3.9/site-packages/airflow/example_dags/tutorial.py for tasks to queue
[2024-05-02T00:22:22.742-0500] {logging_mixin.py:188} INFO - [2024-05-02T00:22:22.742-0500] {dagbag.py:540} INFO - Filling up the DagBag from /Users/nestoralfaro/Desktop/pbi-scenario-two/py_env/lib/python3.9/site-packages/airflow/example_dags/tutorial.py
[2024-05-02T00:22:22.745-0500] {processor.py:840} INFO - DAG(s) 'tutorial' retrieved from /Users/nestoralfaro/Desktop/pbi-scenario-two/py_env/lib/python3.9/site-packages/airflow/example_dags/tutorial.py
[2024-05-02T00:22:22.789-0500] {logging_mixin.py:188} INFO - [2024-05-02T00:22:22.789-0500] {dag.py:3096} INFO - Sync 1 DAGs
[2024-05-02T00:22:22.798-0500] {logging_mixin.py:188} INFO - [2024-05-02T00:22:22.797-0500] {dag.py:3954} INFO - Setting next_dagrun for tutorial to 2024-05-01 00:00:00+00:00, run_after=2024-05-02 00:00:00+00:00
[2024-05-02T00:22:22.805-0500] {processor.py:183} INFO - Processing /Users/nestoralfaro/Desktop/pbi-scenario-two/py_env/lib/python3.9/site-packages/airflow/example_dags/tutorial.py took 0.065 seconds
[2024-05-02T00:23:18.556-0500] {processor.py:161} INFO - Started process (PID=36999) to work on /Users/nestoralfaro/Desktop/pbi-scenario-two/py_env/lib/python3.9/site-packages/airflow/example_dags/tutorial.py
[2024-05-02T00:23:18.559-0500] {processor.py:830} INFO - Processing file /Users/nestoralfaro/Desktop/pbi-scenario-two/py_env/lib/python3.9/site-packages/airflow/example_dags/tutorial.py for tasks to queue
[2024-05-02T00:23:18.559-0500] {logging_mixin.py:188} INFO - [2024-05-02T00:23:18.559-0500] {dagbag.py:540} INFO - Filling up the DagBag from /Users/nestoralfaro/Desktop/pbi-scenario-two/py_env/lib/python3.9/site-packages/airflow/example_dags/tutorial.py
[2024-05-02T00:23:18.563-0500] {processor.py:840} INFO - DAG(s) 'tutorial' retrieved from /Users/nestoralfaro/Desktop/pbi-scenario-two/py_env/lib/python3.9/site-packages/airflow/example_dags/tutorial.py
[2024-05-02T00:23:18.607-0500] {logging_mixin.py:188} INFO - [2024-05-02T00:23:18.607-0500] {dag.py:3096} INFO - Sync 1 DAGs
[2024-05-02T00:23:18.616-0500] {logging_mixin.py:188} INFO - [2024-05-02T00:23:18.616-0500] {dag.py:3954} INFO - Setting next_dagrun for tutorial to 2024-05-01 00:00:00+00:00, run_after=2024-05-02 00:00:00+00:00
[2024-05-02T00:23:18.624-0500] {processor.py:183} INFO - Processing /Users/nestoralfaro/Desktop/pbi-scenario-two/py_env/lib/python3.9/site-packages/airflow/example_dags/tutorial.py took 0.069 seconds
[2024-05-02T00:24:12.984-0500] {processor.py:161} INFO - Started process (PID=37055) to work on /Users/nestoralfaro/Desktop/pbi-scenario-two/py_env/lib/python3.9/site-packages/airflow/example_dags/tutorial.py
[2024-05-02T00:24:12.986-0500] {processor.py:830} INFO - Processing file /Users/nestoralfaro/Desktop/pbi-scenario-two/py_env/lib/python3.9/site-packages/airflow/example_dags/tutorial.py for tasks to queue
[2024-05-02T00:24:12.987-0500] {logging_mixin.py:188} INFO - [2024-05-02T00:24:12.986-0500] {dagbag.py:540} INFO - Filling up the DagBag from /Users/nestoralfaro/Desktop/pbi-scenario-two/py_env/lib/python3.9/site-packages/airflow/example_dags/tutorial.py
[2024-05-02T00:24:12.990-0500] {processor.py:840} INFO - DAG(s) 'tutorial' retrieved from /Users/nestoralfaro/Desktop/pbi-scenario-two/py_env/lib/python3.9/site-packages/airflow/example_dags/tutorial.py
[2024-05-02T00:24:13.030-0500] {logging_mixin.py:188} INFO - [2024-05-02T00:24:13.030-0500] {dag.py:3096} INFO - Sync 1 DAGs
[2024-05-02T00:24:13.038-0500] {logging_mixin.py:188} INFO - [2024-05-02T00:24:13.038-0500] {dag.py:3954} INFO - Setting next_dagrun for tutorial to 2024-05-01 00:00:00+00:00, run_after=2024-05-02 00:00:00+00:00
[2024-05-02T00:24:13.045-0500] {processor.py:183} INFO - Processing /Users/nestoralfaro/Desktop/pbi-scenario-two/py_env/lib/python3.9/site-packages/airflow/example_dags/tutorial.py took 0.063 seconds
