[2024-05-01T23:30:10.758-0500] {processor.py:161} INFO - Started process (PID=34738) to work on /Users/nestoralfaro/Desktop/pbi-scenario-two/py_env/lib/python3.9/site-packages/airflow/example_dags/tutorial_taskflow_api.py
[2024-05-01T23:30:10.760-0500] {processor.py:830} INFO - Processing file /Users/nestoralfaro/Desktop/pbi-scenario-two/py_env/lib/python3.9/site-packages/airflow/example_dags/tutorial_taskflow_api.py for tasks to queue
[2024-05-01T23:30:10.760-0500] {logging_mixin.py:188} INFO - [2024-05-01T23:30:10.760-0500] {dagbag.py:540} INFO - Filling up the DagBag from /Users/nestoralfaro/Desktop/pbi-scenario-two/py_env/lib/python3.9/site-packages/airflow/example_dags/tutorial_taskflow_api.py
[2024-05-01T23:30:10.778-0500] {processor.py:840} INFO - DAG(s) 'tutorial_taskflow_api' retrieved from /Users/nestoralfaro/Desktop/pbi-scenario-two/py_env/lib/python3.9/site-packages/airflow/example_dags/tutorial_taskflow_api.py
[2024-05-01T23:30:10.885-0500] {logging_mixin.py:188} INFO - [2024-05-01T23:30:10.884-0500] {dag.py:3096} INFO - Sync 1 DAGs
[2024-05-01T23:30:10.888-0500] {logging_mixin.py:188} INFO - [2024-05-01T23:30:10.888-0500] {dag.py:3954} INFO - Setting next_dagrun for tutorial_taskflow_api to None, run_after=None
[2024-05-01T23:30:10.896-0500] {processor.py:183} INFO - Processing /Users/nestoralfaro/Desktop/pbi-scenario-two/py_env/lib/python3.9/site-packages/airflow/example_dags/tutorial_taskflow_api.py took 0.139 seconds
[2024-05-01T23:31:39.017-0500] {processor.py:161} INFO - Started process (PID=34794) to work on /Users/nestoralfaro/Desktop/pbi-scenario-two/py_env/lib/python3.9/site-packages/airflow/example_dags/tutorial_taskflow_api.py
[2024-05-01T23:31:39.019-0500] {processor.py:830} INFO - Processing file /Users/nestoralfaro/Desktop/pbi-scenario-two/py_env/lib/python3.9/site-packages/airflow/example_dags/tutorial_taskflow_api.py for tasks to queue
[2024-05-01T23:31:39.019-0500] {logging_mixin.py:188} INFO - [2024-05-01T23:31:39.019-0500] {dagbag.py:540} INFO - Filling up the DagBag from /Users/nestoralfaro/Desktop/pbi-scenario-two/py_env/lib/python3.9/site-packages/airflow/example_dags/tutorial_taskflow_api.py
[2024-05-01T23:31:39.036-0500] {processor.py:840} INFO - DAG(s) 'tutorial_taskflow_api' retrieved from /Users/nestoralfaro/Desktop/pbi-scenario-two/py_env/lib/python3.9/site-packages/airflow/example_dags/tutorial_taskflow_api.py
[2024-05-01T23:31:39.080-0500] {logging_mixin.py:188} INFO - [2024-05-01T23:31:39.079-0500] {dag.py:3096} INFO - Sync 1 DAGs
[2024-05-01T23:31:39.109-0500] {logging_mixin.py:188} INFO - [2024-05-01T23:31:39.109-0500] {dag.py:3954} INFO - Setting next_dagrun for tutorial_taskflow_api to None, run_after=None
[2024-05-01T23:31:39.117-0500] {processor.py:183} INFO - Processing /Users/nestoralfaro/Desktop/pbi-scenario-two/py_env/lib/python3.9/site-packages/airflow/example_dags/tutorial_taskflow_api.py took 0.101 seconds
[2024-05-01T23:32:43.778-0500] {processor.py:161} INFO - Started process (PID=34851) to work on /Users/nestoralfaro/Desktop/pbi-scenario-two/py_env/lib/python3.9/site-packages/airflow/example_dags/tutorial_taskflow_api.py
[2024-05-01T23:32:43.779-0500] {processor.py:830} INFO - Processing file /Users/nestoralfaro/Desktop/pbi-scenario-two/py_env/lib/python3.9/site-packages/airflow/example_dags/tutorial_taskflow_api.py for tasks to queue
[2024-05-01T23:32:43.780-0500] {logging_mixin.py:188} INFO - [2024-05-01T23:32:43.780-0500] {dagbag.py:540} INFO - Filling up the DagBag from /Users/nestoralfaro/Desktop/pbi-scenario-two/py_env/lib/python3.9/site-packages/airflow/example_dags/tutorial_taskflow_api.py
[2024-05-01T23:32:43.798-0500] {processor.py:840} INFO - DAG(s) 'tutorial_taskflow_api' retrieved from /Users/nestoralfaro/Desktop/pbi-scenario-two/py_env/lib/python3.9/site-packages/airflow/example_dags/tutorial_taskflow_api.py
[2024-05-01T23:32:43.848-0500] {logging_mixin.py:188} INFO - [2024-05-01T23:32:43.848-0500] {dag.py:3096} INFO - Sync 1 DAGs
[2024-05-01T23:32:43.878-0500] {logging_mixin.py:188} INFO - [2024-05-01T23:32:43.878-0500] {dag.py:3954} INFO - Setting next_dagrun for tutorial_taskflow_api to None, run_after=None
[2024-05-01T23:32:43.887-0500] {processor.py:183} INFO - Processing /Users/nestoralfaro/Desktop/pbi-scenario-two/py_env/lib/python3.9/site-packages/airflow/example_dags/tutorial_taskflow_api.py took 0.111 seconds
[2024-05-01T23:33:47.033-0500] {processor.py:161} INFO - Started process (PID=34901) to work on /Users/nestoralfaro/Desktop/pbi-scenario-two/py_env/lib/python3.9/site-packages/airflow/example_dags/tutorial_taskflow_api.py
[2024-05-01T23:33:47.035-0500] {processor.py:830} INFO - Processing file /Users/nestoralfaro/Desktop/pbi-scenario-two/py_env/lib/python3.9/site-packages/airflow/example_dags/tutorial_taskflow_api.py for tasks to queue
[2024-05-01T23:33:47.035-0500] {logging_mixin.py:188} INFO - [2024-05-01T23:33:47.035-0500] {dagbag.py:540} INFO - Filling up the DagBag from /Users/nestoralfaro/Desktop/pbi-scenario-two/py_env/lib/python3.9/site-packages/airflow/example_dags/tutorial_taskflow_api.py
[2024-05-01T23:33:47.052-0500] {processor.py:840} INFO - DAG(s) 'tutorial_taskflow_api' retrieved from /Users/nestoralfaro/Desktop/pbi-scenario-two/py_env/lib/python3.9/site-packages/airflow/example_dags/tutorial_taskflow_api.py
[2024-05-01T23:33:47.097-0500] {logging_mixin.py:188} INFO - [2024-05-01T23:33:47.097-0500] {dag.py:3096} INFO - Sync 1 DAGs
[2024-05-01T23:33:47.127-0500] {logging_mixin.py:188} INFO - [2024-05-01T23:33:47.127-0500] {dag.py:3954} INFO - Setting next_dagrun for tutorial_taskflow_api to None, run_after=None
[2024-05-01T23:33:47.136-0500] {processor.py:183} INFO - Processing /Users/nestoralfaro/Desktop/pbi-scenario-two/py_env/lib/python3.9/site-packages/airflow/example_dags/tutorial_taskflow_api.py took 0.104 seconds
[2024-05-01T23:34:46.840-0500] {processor.py:161} INFO - Started process (PID=34937) to work on /Users/nestoralfaro/Desktop/pbi-scenario-two/py_env/lib/python3.9/site-packages/airflow/example_dags/tutorial_taskflow_api.py
[2024-05-01T23:34:46.842-0500] {processor.py:830} INFO - Processing file /Users/nestoralfaro/Desktop/pbi-scenario-two/py_env/lib/python3.9/site-packages/airflow/example_dags/tutorial_taskflow_api.py for tasks to queue
[2024-05-01T23:34:46.842-0500] {logging_mixin.py:188} INFO - [2024-05-01T23:34:46.842-0500] {dagbag.py:540} INFO - Filling up the DagBag from /Users/nestoralfaro/Desktop/pbi-scenario-two/py_env/lib/python3.9/site-packages/airflow/example_dags/tutorial_taskflow_api.py
[2024-05-01T23:34:46.858-0500] {processor.py:840} INFO - DAG(s) 'tutorial_taskflow_api' retrieved from /Users/nestoralfaro/Desktop/pbi-scenario-two/py_env/lib/python3.9/site-packages/airflow/example_dags/tutorial_taskflow_api.py
[2024-05-01T23:34:46.902-0500] {logging_mixin.py:188} INFO - [2024-05-01T23:34:46.902-0500] {dag.py:3096} INFO - Sync 1 DAGs
[2024-05-01T23:34:46.932-0500] {logging_mixin.py:188} INFO - [2024-05-01T23:34:46.931-0500] {dag.py:3954} INFO - Setting next_dagrun for tutorial_taskflow_api to None, run_after=None
[2024-05-01T23:34:46.941-0500] {processor.py:183} INFO - Processing /Users/nestoralfaro/Desktop/pbi-scenario-two/py_env/lib/python3.9/site-packages/airflow/example_dags/tutorial_taskflow_api.py took 0.101 seconds
[2024-05-01T23:35:44.370-0500] {processor.py:161} INFO - Started process (PID=34971) to work on /Users/nestoralfaro/Desktop/pbi-scenario-two/py_env/lib/python3.9/site-packages/airflow/example_dags/tutorial_taskflow_api.py
[2024-05-01T23:35:44.372-0500] {processor.py:830} INFO - Processing file /Users/nestoralfaro/Desktop/pbi-scenario-two/py_env/lib/python3.9/site-packages/airflow/example_dags/tutorial_taskflow_api.py for tasks to queue
[2024-05-01T23:35:44.372-0500] {logging_mixin.py:188} INFO - [2024-05-01T23:35:44.372-0500] {dagbag.py:540} INFO - Filling up the DagBag from /Users/nestoralfaro/Desktop/pbi-scenario-two/py_env/lib/python3.9/site-packages/airflow/example_dags/tutorial_taskflow_api.py
[2024-05-01T23:35:44.388-0500] {processor.py:840} INFO - DAG(s) 'tutorial_taskflow_api' retrieved from /Users/nestoralfaro/Desktop/pbi-scenario-two/py_env/lib/python3.9/site-packages/airflow/example_dags/tutorial_taskflow_api.py
[2024-05-01T23:35:44.436-0500] {logging_mixin.py:188} INFO - [2024-05-01T23:35:44.435-0500] {dag.py:3096} INFO - Sync 1 DAGs
[2024-05-01T23:35:44.468-0500] {logging_mixin.py:188} INFO - [2024-05-01T23:35:44.468-0500] {dag.py:3954} INFO - Setting next_dagrun for tutorial_taskflow_api to None, run_after=None
[2024-05-01T23:35:44.478-0500] {processor.py:183} INFO - Processing /Users/nestoralfaro/Desktop/pbi-scenario-two/py_env/lib/python3.9/site-packages/airflow/example_dags/tutorial_taskflow_api.py took 0.109 seconds
[2024-05-01T23:36:40.018-0500] {processor.py:161} INFO - Started process (PID=35006) to work on /Users/nestoralfaro/Desktop/pbi-scenario-two/py_env/lib/python3.9/site-packages/airflow/example_dags/tutorial_taskflow_api.py
[2024-05-01T23:36:40.020-0500] {processor.py:830} INFO - Processing file /Users/nestoralfaro/Desktop/pbi-scenario-two/py_env/lib/python3.9/site-packages/airflow/example_dags/tutorial_taskflow_api.py for tasks to queue
[2024-05-01T23:36:40.020-0500] {logging_mixin.py:188} INFO - [2024-05-01T23:36:40.020-0500] {dagbag.py:540} INFO - Filling up the DagBag from /Users/nestoralfaro/Desktop/pbi-scenario-two/py_env/lib/python3.9/site-packages/airflow/example_dags/tutorial_taskflow_api.py
[2024-05-01T23:36:40.037-0500] {processor.py:840} INFO - DAG(s) 'tutorial_taskflow_api' retrieved from /Users/nestoralfaro/Desktop/pbi-scenario-two/py_env/lib/python3.9/site-packages/airflow/example_dags/tutorial_taskflow_api.py
[2024-05-01T23:36:40.083-0500] {logging_mixin.py:188} INFO - [2024-05-01T23:36:40.082-0500] {dag.py:3096} INFO - Sync 1 DAGs
[2024-05-01T23:36:40.111-0500] {logging_mixin.py:188} INFO - [2024-05-01T23:36:40.111-0500] {dag.py:3954} INFO - Setting next_dagrun for tutorial_taskflow_api to None, run_after=None
[2024-05-01T23:36:40.118-0500] {processor.py:183} INFO - Processing /Users/nestoralfaro/Desktop/pbi-scenario-two/py_env/lib/python3.9/site-packages/airflow/example_dags/tutorial_taskflow_api.py took 0.102 seconds
[2024-05-01T23:37:36.473-0500] {processor.py:161} INFO - Started process (PID=35040) to work on /Users/nestoralfaro/Desktop/pbi-scenario-two/py_env/lib/python3.9/site-packages/airflow/example_dags/tutorial_taskflow_api.py
[2024-05-01T23:37:36.475-0500] {processor.py:830} INFO - Processing file /Users/nestoralfaro/Desktop/pbi-scenario-two/py_env/lib/python3.9/site-packages/airflow/example_dags/tutorial_taskflow_api.py for tasks to queue
[2024-05-01T23:37:36.475-0500] {logging_mixin.py:188} INFO - [2024-05-01T23:37:36.475-0500] {dagbag.py:540} INFO - Filling up the DagBag from /Users/nestoralfaro/Desktop/pbi-scenario-two/py_env/lib/python3.9/site-packages/airflow/example_dags/tutorial_taskflow_api.py
[2024-05-01T23:37:36.492-0500] {processor.py:840} INFO - DAG(s) 'tutorial_taskflow_api' retrieved from /Users/nestoralfaro/Desktop/pbi-scenario-two/py_env/lib/python3.9/site-packages/airflow/example_dags/tutorial_taskflow_api.py
[2024-05-01T23:37:36.534-0500] {logging_mixin.py:188} INFO - [2024-05-01T23:37:36.534-0500] {dag.py:3096} INFO - Sync 1 DAGs
[2024-05-01T23:37:36.562-0500] {logging_mixin.py:188} INFO - [2024-05-01T23:37:36.561-0500] {dag.py:3954} INFO - Setting next_dagrun for tutorial_taskflow_api to None, run_after=None
[2024-05-01T23:37:36.569-0500] {processor.py:183} INFO - Processing /Users/nestoralfaro/Desktop/pbi-scenario-two/py_env/lib/python3.9/site-packages/airflow/example_dags/tutorial_taskflow_api.py took 0.098 seconds
[2024-05-01T23:38:34.406-0500] {processor.py:161} INFO - Started process (PID=35075) to work on /Users/nestoralfaro/Desktop/pbi-scenario-two/py_env/lib/python3.9/site-packages/airflow/example_dags/tutorial_taskflow_api.py
[2024-05-01T23:38:34.408-0500] {processor.py:830} INFO - Processing file /Users/nestoralfaro/Desktop/pbi-scenario-two/py_env/lib/python3.9/site-packages/airflow/example_dags/tutorial_taskflow_api.py for tasks to queue
[2024-05-01T23:38:34.408-0500] {logging_mixin.py:188} INFO - [2024-05-01T23:38:34.408-0500] {dagbag.py:540} INFO - Filling up the DagBag from /Users/nestoralfaro/Desktop/pbi-scenario-two/py_env/lib/python3.9/site-packages/airflow/example_dags/tutorial_taskflow_api.py
[2024-05-01T23:38:34.424-0500] {processor.py:840} INFO - DAG(s) 'tutorial_taskflow_api' retrieved from /Users/nestoralfaro/Desktop/pbi-scenario-two/py_env/lib/python3.9/site-packages/airflow/example_dags/tutorial_taskflow_api.py
[2024-05-01T23:38:34.464-0500] {logging_mixin.py:188} INFO - [2024-05-01T23:38:34.463-0500] {dag.py:3096} INFO - Sync 1 DAGs
[2024-05-01T23:38:34.490-0500] {logging_mixin.py:188} INFO - [2024-05-01T23:38:34.490-0500] {dag.py:3954} INFO - Setting next_dagrun for tutorial_taskflow_api to None, run_after=None
[2024-05-01T23:38:34.497-0500] {processor.py:183} INFO - Processing /Users/nestoralfaro/Desktop/pbi-scenario-two/py_env/lib/python3.9/site-packages/airflow/example_dags/tutorial_taskflow_api.py took 0.092 seconds
[2024-05-01T23:39:32.165-0500] {processor.py:161} INFO - Started process (PID=35112) to work on /Users/nestoralfaro/Desktop/pbi-scenario-two/py_env/lib/python3.9/site-packages/airflow/example_dags/tutorial_taskflow_api.py
[2024-05-01T23:39:32.166-0500] {processor.py:830} INFO - Processing file /Users/nestoralfaro/Desktop/pbi-scenario-two/py_env/lib/python3.9/site-packages/airflow/example_dags/tutorial_taskflow_api.py for tasks to queue
[2024-05-01T23:39:32.167-0500] {logging_mixin.py:188} INFO - [2024-05-01T23:39:32.167-0500] {dagbag.py:540} INFO - Filling up the DagBag from /Users/nestoralfaro/Desktop/pbi-scenario-two/py_env/lib/python3.9/site-packages/airflow/example_dags/tutorial_taskflow_api.py
[2024-05-01T23:39:32.183-0500] {processor.py:840} INFO - DAG(s) 'tutorial_taskflow_api' retrieved from /Users/nestoralfaro/Desktop/pbi-scenario-two/py_env/lib/python3.9/site-packages/airflow/example_dags/tutorial_taskflow_api.py
[2024-05-01T23:39:32.232-0500] {logging_mixin.py:188} INFO - [2024-05-01T23:39:32.231-0500] {dag.py:3096} INFO - Sync 1 DAGs
[2024-05-01T23:39:32.264-0500] {logging_mixin.py:188} INFO - [2024-05-01T23:39:32.264-0500] {dag.py:3954} INFO - Setting next_dagrun for tutorial_taskflow_api to None, run_after=None
[2024-05-01T23:39:32.272-0500] {processor.py:183} INFO - Processing /Users/nestoralfaro/Desktop/pbi-scenario-two/py_env/lib/python3.9/site-packages/airflow/example_dags/tutorial_taskflow_api.py took 0.109 seconds
[2024-05-01T23:40:28.060-0500] {processor.py:161} INFO - Started process (PID=35165) to work on /Users/nestoralfaro/Desktop/pbi-scenario-two/py_env/lib/python3.9/site-packages/airflow/example_dags/tutorial_taskflow_api.py
[2024-05-01T23:40:28.063-0500] {processor.py:830} INFO - Processing file /Users/nestoralfaro/Desktop/pbi-scenario-two/py_env/lib/python3.9/site-packages/airflow/example_dags/tutorial_taskflow_api.py for tasks to queue
[2024-05-01T23:40:28.063-0500] {logging_mixin.py:188} INFO - [2024-05-01T23:40:28.063-0500] {dagbag.py:540} INFO - Filling up the DagBag from /Users/nestoralfaro/Desktop/pbi-scenario-two/py_env/lib/python3.9/site-packages/airflow/example_dags/tutorial_taskflow_api.py
[2024-05-01T23:40:28.080-0500] {processor.py:840} INFO - DAG(s) 'tutorial_taskflow_api' retrieved from /Users/nestoralfaro/Desktop/pbi-scenario-two/py_env/lib/python3.9/site-packages/airflow/example_dags/tutorial_taskflow_api.py
[2024-05-01T23:40:28.130-0500] {logging_mixin.py:188} INFO - [2024-05-01T23:40:28.130-0500] {dag.py:3096} INFO - Sync 1 DAGs
[2024-05-01T23:40:28.159-0500] {logging_mixin.py:188} INFO - [2024-05-01T23:40:28.159-0500] {dag.py:3954} INFO - Setting next_dagrun for tutorial_taskflow_api to None, run_after=None
[2024-05-01T23:40:28.166-0500] {processor.py:183} INFO - Processing /Users/nestoralfaro/Desktop/pbi-scenario-two/py_env/lib/python3.9/site-packages/airflow/example_dags/tutorial_taskflow_api.py took 0.107 seconds
[2024-05-01T23:41:23.841-0500] {processor.py:161} INFO - Started process (PID=35200) to work on /Users/nestoralfaro/Desktop/pbi-scenario-two/py_env/lib/python3.9/site-packages/airflow/example_dags/tutorial_taskflow_api.py
[2024-05-01T23:41:23.843-0500] {processor.py:830} INFO - Processing file /Users/nestoralfaro/Desktop/pbi-scenario-two/py_env/lib/python3.9/site-packages/airflow/example_dags/tutorial_taskflow_api.py for tasks to queue
[2024-05-01T23:41:23.844-0500] {logging_mixin.py:188} INFO - [2024-05-01T23:41:23.843-0500] {dagbag.py:540} INFO - Filling up the DagBag from /Users/nestoralfaro/Desktop/pbi-scenario-two/py_env/lib/python3.9/site-packages/airflow/example_dags/tutorial_taskflow_api.py
[2024-05-01T23:41:23.859-0500] {processor.py:840} INFO - DAG(s) 'tutorial_taskflow_api' retrieved from /Users/nestoralfaro/Desktop/pbi-scenario-two/py_env/lib/python3.9/site-packages/airflow/example_dags/tutorial_taskflow_api.py
[2024-05-01T23:41:23.911-0500] {logging_mixin.py:188} INFO - [2024-05-01T23:41:23.911-0500] {dag.py:3096} INFO - Sync 1 DAGs
[2024-05-01T23:41:23.944-0500] {logging_mixin.py:188} INFO - [2024-05-01T23:41:23.944-0500] {dag.py:3954} INFO - Setting next_dagrun for tutorial_taskflow_api to None, run_after=None
[2024-05-01T23:41:23.952-0500] {processor.py:183} INFO - Processing /Users/nestoralfaro/Desktop/pbi-scenario-two/py_env/lib/python3.9/site-packages/airflow/example_dags/tutorial_taskflow_api.py took 0.112 seconds
[2024-05-01T23:41:56.708-0500] {processor.py:161} INFO - Started process (PID=35251) to work on /Users/nestoralfaro/Desktop/pbi-scenario-two/py_env/lib/python3.9/site-packages/airflow/example_dags/tutorial_taskflow_api.py
[2024-05-01T23:41:56.709-0500] {processor.py:830} INFO - Processing file /Users/nestoralfaro/Desktop/pbi-scenario-two/py_env/lib/python3.9/site-packages/airflow/example_dags/tutorial_taskflow_api.py for tasks to queue
[2024-05-01T23:41:56.710-0500] {logging_mixin.py:188} INFO - [2024-05-01T23:41:56.710-0500] {dagbag.py:540} INFO - Filling up the DagBag from /Users/nestoralfaro/Desktop/pbi-scenario-two/py_env/lib/python3.9/site-packages/airflow/example_dags/tutorial_taskflow_api.py
[2024-05-01T23:41:56.728-0500] {processor.py:840} INFO - DAG(s) 'tutorial_taskflow_api' retrieved from /Users/nestoralfaro/Desktop/pbi-scenario-two/py_env/lib/python3.9/site-packages/airflow/example_dags/tutorial_taskflow_api.py
[2024-05-01T23:41:56.772-0500] {logging_mixin.py:188} INFO - [2024-05-01T23:41:56.772-0500] {dag.py:3096} INFO - Sync 1 DAGs
[2024-05-01T23:41:56.799-0500] {logging_mixin.py:188} INFO - [2024-05-01T23:41:56.799-0500] {dag.py:3954} INFO - Setting next_dagrun for tutorial_taskflow_api to None, run_after=None
[2024-05-01T23:41:56.807-0500] {processor.py:183} INFO - Processing /Users/nestoralfaro/Desktop/pbi-scenario-two/py_env/lib/python3.9/site-packages/airflow/example_dags/tutorial_taskflow_api.py took 0.101 seconds
[2024-05-01T23:43:27.032-0500] {processor.py:161} INFO - Started process (PID=35304) to work on /Users/nestoralfaro/Desktop/pbi-scenario-two/py_env/lib/python3.9/site-packages/airflow/example_dags/tutorial_taskflow_api.py
[2024-05-01T23:43:27.034-0500] {processor.py:830} INFO - Processing file /Users/nestoralfaro/Desktop/pbi-scenario-two/py_env/lib/python3.9/site-packages/airflow/example_dags/tutorial_taskflow_api.py for tasks to queue
[2024-05-01T23:43:27.034-0500] {logging_mixin.py:188} INFO - [2024-05-01T23:43:27.034-0500] {dagbag.py:540} INFO - Filling up the DagBag from /Users/nestoralfaro/Desktop/pbi-scenario-two/py_env/lib/python3.9/site-packages/airflow/example_dags/tutorial_taskflow_api.py
[2024-05-01T23:43:27.051-0500] {processor.py:840} INFO - DAG(s) 'tutorial_taskflow_api' retrieved from /Users/nestoralfaro/Desktop/pbi-scenario-two/py_env/lib/python3.9/site-packages/airflow/example_dags/tutorial_taskflow_api.py
[2024-05-01T23:43:27.092-0500] {logging_mixin.py:188} INFO - [2024-05-01T23:43:27.092-0500] {dag.py:3096} INFO - Sync 1 DAGs
[2024-05-01T23:43:27.121-0500] {logging_mixin.py:188} INFO - [2024-05-01T23:43:27.121-0500] {dag.py:3954} INFO - Setting next_dagrun for tutorial_taskflow_api to None, run_after=None
[2024-05-01T23:43:27.128-0500] {processor.py:183} INFO - Processing /Users/nestoralfaro/Desktop/pbi-scenario-two/py_env/lib/python3.9/site-packages/airflow/example_dags/tutorial_taskflow_api.py took 0.098 seconds
[2024-05-01T23:44:24.844-0500] {processor.py:161} INFO - Started process (PID=35349) to work on /Users/nestoralfaro/Desktop/pbi-scenario-two/py_env/lib/python3.9/site-packages/airflow/example_dags/tutorial_taskflow_api.py
[2024-05-01T23:44:24.846-0500] {processor.py:830} INFO - Processing file /Users/nestoralfaro/Desktop/pbi-scenario-two/py_env/lib/python3.9/site-packages/airflow/example_dags/tutorial_taskflow_api.py for tasks to queue
[2024-05-01T23:44:24.847-0500] {logging_mixin.py:188} INFO - [2024-05-01T23:44:24.847-0500] {dagbag.py:540} INFO - Filling up the DagBag from /Users/nestoralfaro/Desktop/pbi-scenario-two/py_env/lib/python3.9/site-packages/airflow/example_dags/tutorial_taskflow_api.py
[2024-05-01T23:44:24.862-0500] {processor.py:840} INFO - DAG(s) 'tutorial_taskflow_api' retrieved from /Users/nestoralfaro/Desktop/pbi-scenario-two/py_env/lib/python3.9/site-packages/airflow/example_dags/tutorial_taskflow_api.py
[2024-05-01T23:44:24.902-0500] {logging_mixin.py:188} INFO - [2024-05-01T23:44:24.902-0500] {dag.py:3096} INFO - Sync 1 DAGs
[2024-05-01T23:44:24.929-0500] {logging_mixin.py:188} INFO - [2024-05-01T23:44:24.929-0500] {dag.py:3954} INFO - Setting next_dagrun for tutorial_taskflow_api to None, run_after=None
[2024-05-01T23:44:24.936-0500] {processor.py:183} INFO - Processing /Users/nestoralfaro/Desktop/pbi-scenario-two/py_env/lib/python3.9/site-packages/airflow/example_dags/tutorial_taskflow_api.py took 0.093 seconds
[2024-05-01T23:45:25.232-0500] {processor.py:161} INFO - Started process (PID=35388) to work on /Users/nestoralfaro/Desktop/pbi-scenario-two/py_env/lib/python3.9/site-packages/airflow/example_dags/tutorial_taskflow_api.py
[2024-05-01T23:45:25.234-0500] {processor.py:830} INFO - Processing file /Users/nestoralfaro/Desktop/pbi-scenario-two/py_env/lib/python3.9/site-packages/airflow/example_dags/tutorial_taskflow_api.py for tasks to queue
[2024-05-01T23:45:25.234-0500] {logging_mixin.py:188} INFO - [2024-05-01T23:45:25.234-0500] {dagbag.py:540} INFO - Filling up the DagBag from /Users/nestoralfaro/Desktop/pbi-scenario-two/py_env/lib/python3.9/site-packages/airflow/example_dags/tutorial_taskflow_api.py
[2024-05-01T23:45:25.251-0500] {processor.py:840} INFO - DAG(s) 'tutorial_taskflow_api' retrieved from /Users/nestoralfaro/Desktop/pbi-scenario-two/py_env/lib/python3.9/site-packages/airflow/example_dags/tutorial_taskflow_api.py
[2024-05-01T23:45:25.296-0500] {logging_mixin.py:188} INFO - [2024-05-01T23:45:25.296-0500] {dag.py:3096} INFO - Sync 1 DAGs
[2024-05-01T23:45:25.325-0500] {logging_mixin.py:188} INFO - [2024-05-01T23:45:25.325-0500] {dag.py:3954} INFO - Setting next_dagrun for tutorial_taskflow_api to None, run_after=None
[2024-05-01T23:45:25.335-0500] {processor.py:183} INFO - Processing /Users/nestoralfaro/Desktop/pbi-scenario-two/py_env/lib/python3.9/site-packages/airflow/example_dags/tutorial_taskflow_api.py took 0.105 seconds
[2024-05-01T23:46:21.325-0500] {processor.py:161} INFO - Started process (PID=35423) to work on /Users/nestoralfaro/Desktop/pbi-scenario-two/py_env/lib/python3.9/site-packages/airflow/example_dags/tutorial_taskflow_api.py
[2024-05-01T23:46:21.326-0500] {processor.py:830} INFO - Processing file /Users/nestoralfaro/Desktop/pbi-scenario-two/py_env/lib/python3.9/site-packages/airflow/example_dags/tutorial_taskflow_api.py for tasks to queue
[2024-05-01T23:46:21.326-0500] {logging_mixin.py:188} INFO - [2024-05-01T23:46:21.326-0500] {dagbag.py:540} INFO - Filling up the DagBag from /Users/nestoralfaro/Desktop/pbi-scenario-two/py_env/lib/python3.9/site-packages/airflow/example_dags/tutorial_taskflow_api.py
[2024-05-01T23:46:21.343-0500] {processor.py:840} INFO - DAG(s) 'tutorial_taskflow_api' retrieved from /Users/nestoralfaro/Desktop/pbi-scenario-two/py_env/lib/python3.9/site-packages/airflow/example_dags/tutorial_taskflow_api.py
[2024-05-01T23:46:21.386-0500] {logging_mixin.py:188} INFO - [2024-05-01T23:46:21.386-0500] {dag.py:3096} INFO - Sync 1 DAGs
[2024-05-01T23:46:21.414-0500] {logging_mixin.py:188} INFO - [2024-05-01T23:46:21.414-0500] {dag.py:3954} INFO - Setting next_dagrun for tutorial_taskflow_api to None, run_after=None
[2024-05-01T23:46:21.422-0500] {processor.py:183} INFO - Processing /Users/nestoralfaro/Desktop/pbi-scenario-two/py_env/lib/python3.9/site-packages/airflow/example_dags/tutorial_taskflow_api.py took 0.098 seconds
[2024-05-01T23:47:16.828-0500] {processor.py:161} INFO - Started process (PID=35466) to work on /Users/nestoralfaro/Desktop/pbi-scenario-two/py_env/lib/python3.9/site-packages/airflow/example_dags/tutorial_taskflow_api.py
[2024-05-01T23:47:16.829-0500] {processor.py:830} INFO - Processing file /Users/nestoralfaro/Desktop/pbi-scenario-two/py_env/lib/python3.9/site-packages/airflow/example_dags/tutorial_taskflow_api.py for tasks to queue
[2024-05-01T23:47:16.829-0500] {logging_mixin.py:188} INFO - [2024-05-01T23:47:16.829-0500] {dagbag.py:540} INFO - Filling up the DagBag from /Users/nestoralfaro/Desktop/pbi-scenario-two/py_env/lib/python3.9/site-packages/airflow/example_dags/tutorial_taskflow_api.py
[2024-05-01T23:47:16.843-0500] {processor.py:840} INFO - DAG(s) 'tutorial_taskflow_api' retrieved from /Users/nestoralfaro/Desktop/pbi-scenario-two/py_env/lib/python3.9/site-packages/airflow/example_dags/tutorial_taskflow_api.py
[2024-05-01T23:47:16.882-0500] {logging_mixin.py:188} INFO - [2024-05-01T23:47:16.882-0500] {dag.py:3096} INFO - Sync 1 DAGs
[2024-05-01T23:47:16.908-0500] {logging_mixin.py:188} INFO - [2024-05-01T23:47:16.908-0500] {dag.py:3954} INFO - Setting next_dagrun for tutorial_taskflow_api to None, run_after=None
[2024-05-01T23:47:16.915-0500] {processor.py:183} INFO - Processing /Users/nestoralfaro/Desktop/pbi-scenario-two/py_env/lib/python3.9/site-packages/airflow/example_dags/tutorial_taskflow_api.py took 0.089 seconds
[2024-05-01T23:48:12.207-0500] {processor.py:161} INFO - Started process (PID=35501) to work on /Users/nestoralfaro/Desktop/pbi-scenario-two/py_env/lib/python3.9/site-packages/airflow/example_dags/tutorial_taskflow_api.py
[2024-05-01T23:48:12.208-0500] {processor.py:830} INFO - Processing file /Users/nestoralfaro/Desktop/pbi-scenario-two/py_env/lib/python3.9/site-packages/airflow/example_dags/tutorial_taskflow_api.py for tasks to queue
[2024-05-01T23:48:12.209-0500] {logging_mixin.py:188} INFO - [2024-05-01T23:48:12.209-0500] {dagbag.py:540} INFO - Filling up the DagBag from /Users/nestoralfaro/Desktop/pbi-scenario-two/py_env/lib/python3.9/site-packages/airflow/example_dags/tutorial_taskflow_api.py
[2024-05-01T23:48:12.226-0500] {processor.py:840} INFO - DAG(s) 'tutorial_taskflow_api' retrieved from /Users/nestoralfaro/Desktop/pbi-scenario-two/py_env/lib/python3.9/site-packages/airflow/example_dags/tutorial_taskflow_api.py
[2024-05-01T23:48:12.271-0500] {logging_mixin.py:188} INFO - [2024-05-01T23:48:12.270-0500] {dag.py:3096} INFO - Sync 1 DAGs
[2024-05-01T23:48:12.298-0500] {logging_mixin.py:188} INFO - [2024-05-01T23:48:12.298-0500] {dag.py:3954} INFO - Setting next_dagrun for tutorial_taskflow_api to None, run_after=None
[2024-05-01T23:48:12.305-0500] {processor.py:183} INFO - Processing /Users/nestoralfaro/Desktop/pbi-scenario-two/py_env/lib/python3.9/site-packages/airflow/example_dags/tutorial_taskflow_api.py took 0.100 seconds
[2024-05-01T23:49:07.908-0500] {processor.py:161} INFO - Started process (PID=35544) to work on /Users/nestoralfaro/Desktop/pbi-scenario-two/py_env/lib/python3.9/site-packages/airflow/example_dags/tutorial_taskflow_api.py
[2024-05-01T23:49:07.910-0500] {processor.py:830} INFO - Processing file /Users/nestoralfaro/Desktop/pbi-scenario-two/py_env/lib/python3.9/site-packages/airflow/example_dags/tutorial_taskflow_api.py for tasks to queue
[2024-05-01T23:49:07.910-0500] {logging_mixin.py:188} INFO - [2024-05-01T23:49:07.910-0500] {dagbag.py:540} INFO - Filling up the DagBag from /Users/nestoralfaro/Desktop/pbi-scenario-two/py_env/lib/python3.9/site-packages/airflow/example_dags/tutorial_taskflow_api.py
[2024-05-01T23:49:07.929-0500] {processor.py:840} INFO - DAG(s) 'tutorial_taskflow_api' retrieved from /Users/nestoralfaro/Desktop/pbi-scenario-two/py_env/lib/python3.9/site-packages/airflow/example_dags/tutorial_taskflow_api.py
[2024-05-01T23:49:07.978-0500] {logging_mixin.py:188} INFO - [2024-05-01T23:49:07.977-0500] {dag.py:3096} INFO - Sync 1 DAGs
[2024-05-01T23:49:08.008-0500] {logging_mixin.py:188} INFO - [2024-05-01T23:49:08.008-0500] {dag.py:3954} INFO - Setting next_dagrun for tutorial_taskflow_api to None, run_after=None
[2024-05-01T23:49:08.016-0500] {processor.py:183} INFO - Processing /Users/nestoralfaro/Desktop/pbi-scenario-two/py_env/lib/python3.9/site-packages/airflow/example_dags/tutorial_taskflow_api.py took 0.110 seconds
[2024-05-01T23:50:08.202-0500] {processor.py:161} INFO - Started process (PID=35580) to work on /Users/nestoralfaro/Desktop/pbi-scenario-two/py_env/lib/python3.9/site-packages/airflow/example_dags/tutorial_taskflow_api.py
[2024-05-01T23:50:08.204-0500] {processor.py:830} INFO - Processing file /Users/nestoralfaro/Desktop/pbi-scenario-two/py_env/lib/python3.9/site-packages/airflow/example_dags/tutorial_taskflow_api.py for tasks to queue
[2024-05-01T23:50:08.204-0500] {logging_mixin.py:188} INFO - [2024-05-01T23:50:08.204-0500] {dagbag.py:540} INFO - Filling up the DagBag from /Users/nestoralfaro/Desktop/pbi-scenario-two/py_env/lib/python3.9/site-packages/airflow/example_dags/tutorial_taskflow_api.py
[2024-05-01T23:50:08.220-0500] {processor.py:840} INFO - DAG(s) 'tutorial_taskflow_api' retrieved from /Users/nestoralfaro/Desktop/pbi-scenario-two/py_env/lib/python3.9/site-packages/airflow/example_dags/tutorial_taskflow_api.py
[2024-05-01T23:50:08.261-0500] {logging_mixin.py:188} INFO - [2024-05-01T23:50:08.261-0500] {dag.py:3096} INFO - Sync 1 DAGs
[2024-05-01T23:50:08.290-0500] {logging_mixin.py:188} INFO - [2024-05-01T23:50:08.290-0500] {dag.py:3954} INFO - Setting next_dagrun for tutorial_taskflow_api to None, run_after=None
[2024-05-01T23:50:08.297-0500] {processor.py:183} INFO - Processing /Users/nestoralfaro/Desktop/pbi-scenario-two/py_env/lib/python3.9/site-packages/airflow/example_dags/tutorial_taskflow_api.py took 0.098 seconds
[2024-05-01T23:51:05.531-0500] {processor.py:161} INFO - Started process (PID=35615) to work on /Users/nestoralfaro/Desktop/pbi-scenario-two/py_env/lib/python3.9/site-packages/airflow/example_dags/tutorial_taskflow_api.py
[2024-05-01T23:51:05.533-0500] {processor.py:830} INFO - Processing file /Users/nestoralfaro/Desktop/pbi-scenario-two/py_env/lib/python3.9/site-packages/airflow/example_dags/tutorial_taskflow_api.py for tasks to queue
[2024-05-01T23:51:05.533-0500] {logging_mixin.py:188} INFO - [2024-05-01T23:51:05.533-0500] {dagbag.py:540} INFO - Filling up the DagBag from /Users/nestoralfaro/Desktop/pbi-scenario-two/py_env/lib/python3.9/site-packages/airflow/example_dags/tutorial_taskflow_api.py
[2024-05-01T23:51:05.548-0500] {processor.py:840} INFO - DAG(s) 'tutorial_taskflow_api' retrieved from /Users/nestoralfaro/Desktop/pbi-scenario-two/py_env/lib/python3.9/site-packages/airflow/example_dags/tutorial_taskflow_api.py
[2024-05-01T23:51:05.592-0500] {logging_mixin.py:188} INFO - [2024-05-01T23:51:05.592-0500] {dag.py:3096} INFO - Sync 1 DAGs
[2024-05-01T23:51:05.619-0500] {logging_mixin.py:188} INFO - [2024-05-01T23:51:05.619-0500] {dag.py:3954} INFO - Setting next_dagrun for tutorial_taskflow_api to None, run_after=None
[2024-05-01T23:51:05.626-0500] {processor.py:183} INFO - Processing /Users/nestoralfaro/Desktop/pbi-scenario-two/py_env/lib/python3.9/site-packages/airflow/example_dags/tutorial_taskflow_api.py took 0.096 seconds
[2024-05-01T23:52:00.032-0500] {processor.py:161} INFO - Started process (PID=35648) to work on /Users/nestoralfaro/Desktop/pbi-scenario-two/py_env/lib/python3.9/site-packages/airflow/example_dags/tutorial_taskflow_api.py
[2024-05-01T23:52:00.033-0500] {processor.py:830} INFO - Processing file /Users/nestoralfaro/Desktop/pbi-scenario-two/py_env/lib/python3.9/site-packages/airflow/example_dags/tutorial_taskflow_api.py for tasks to queue
[2024-05-01T23:52:00.033-0500] {logging_mixin.py:188} INFO - [2024-05-01T23:52:00.033-0500] {dagbag.py:540} INFO - Filling up the DagBag from /Users/nestoralfaro/Desktop/pbi-scenario-two/py_env/lib/python3.9/site-packages/airflow/example_dags/tutorial_taskflow_api.py
[2024-05-01T23:52:00.048-0500] {processor.py:840} INFO - DAG(s) 'tutorial_taskflow_api' retrieved from /Users/nestoralfaro/Desktop/pbi-scenario-two/py_env/lib/python3.9/site-packages/airflow/example_dags/tutorial_taskflow_api.py
[2024-05-01T23:52:00.092-0500] {logging_mixin.py:188} INFO - [2024-05-01T23:52:00.092-0500] {dag.py:3096} INFO - Sync 1 DAGs
[2024-05-01T23:52:00.121-0500] {logging_mixin.py:188} INFO - [2024-05-01T23:52:00.120-0500] {dag.py:3954} INFO - Setting next_dagrun for tutorial_taskflow_api to None, run_after=None
[2024-05-01T23:52:00.128-0500] {processor.py:183} INFO - Processing /Users/nestoralfaro/Desktop/pbi-scenario-two/py_env/lib/python3.9/site-packages/airflow/example_dags/tutorial_taskflow_api.py took 0.098 seconds
[2024-05-01T23:53:00.198-0500] {processor.py:161} INFO - Started process (PID=35700) to work on /Users/nestoralfaro/Desktop/pbi-scenario-two/py_env/lib/python3.9/site-packages/airflow/example_dags/tutorial_taskflow_api.py
[2024-05-01T23:53:00.199-0500] {processor.py:830} INFO - Processing file /Users/nestoralfaro/Desktop/pbi-scenario-two/py_env/lib/python3.9/site-packages/airflow/example_dags/tutorial_taskflow_api.py for tasks to queue
[2024-05-01T23:53:00.199-0500] {logging_mixin.py:188} INFO - [2024-05-01T23:53:00.199-0500] {dagbag.py:540} INFO - Filling up the DagBag from /Users/nestoralfaro/Desktop/pbi-scenario-two/py_env/lib/python3.9/site-packages/airflow/example_dags/tutorial_taskflow_api.py
[2024-05-01T23:53:00.215-0500] {processor.py:840} INFO - DAG(s) 'tutorial_taskflow_api' retrieved from /Users/nestoralfaro/Desktop/pbi-scenario-two/py_env/lib/python3.9/site-packages/airflow/example_dags/tutorial_taskflow_api.py
[2024-05-01T23:53:00.258-0500] {logging_mixin.py:188} INFO - [2024-05-01T23:53:00.258-0500] {dag.py:3096} INFO - Sync 1 DAGs
[2024-05-01T23:53:00.287-0500] {logging_mixin.py:188} INFO - [2024-05-01T23:53:00.287-0500] {dag.py:3954} INFO - Setting next_dagrun for tutorial_taskflow_api to None, run_after=None
[2024-05-01T23:53:00.295-0500] {processor.py:183} INFO - Processing /Users/nestoralfaro/Desktop/pbi-scenario-two/py_env/lib/python3.9/site-packages/airflow/example_dags/tutorial_taskflow_api.py took 0.099 seconds
[2024-05-01T23:53:59.090-0500] {processor.py:161} INFO - Started process (PID=35734) to work on /Users/nestoralfaro/Desktop/pbi-scenario-two/py_env/lib/python3.9/site-packages/airflow/example_dags/tutorial_taskflow_api.py
[2024-05-01T23:53:59.092-0500] {processor.py:830} INFO - Processing file /Users/nestoralfaro/Desktop/pbi-scenario-two/py_env/lib/python3.9/site-packages/airflow/example_dags/tutorial_taskflow_api.py for tasks to queue
[2024-05-01T23:53:59.092-0500] {logging_mixin.py:188} INFO - [2024-05-01T23:53:59.092-0500] {dagbag.py:540} INFO - Filling up the DagBag from /Users/nestoralfaro/Desktop/pbi-scenario-two/py_env/lib/python3.9/site-packages/airflow/example_dags/tutorial_taskflow_api.py
[2024-05-01T23:53:59.108-0500] {processor.py:840} INFO - DAG(s) 'tutorial_taskflow_api' retrieved from /Users/nestoralfaro/Desktop/pbi-scenario-two/py_env/lib/python3.9/site-packages/airflow/example_dags/tutorial_taskflow_api.py
[2024-05-01T23:53:59.150-0500] {logging_mixin.py:188} INFO - [2024-05-01T23:53:59.149-0500] {dag.py:3096} INFO - Sync 1 DAGs
[2024-05-01T23:53:59.178-0500] {logging_mixin.py:188} INFO - [2024-05-01T23:53:59.177-0500] {dag.py:3954} INFO - Setting next_dagrun for tutorial_taskflow_api to None, run_after=None
[2024-05-01T23:53:59.185-0500] {processor.py:183} INFO - Processing /Users/nestoralfaro/Desktop/pbi-scenario-two/py_env/lib/python3.9/site-packages/airflow/example_dags/tutorial_taskflow_api.py took 0.096 seconds
[2024-05-01T23:54:55.526-0500] {processor.py:161} INFO - Started process (PID=35769) to work on /Users/nestoralfaro/Desktop/pbi-scenario-two/py_env/lib/python3.9/site-packages/airflow/example_dags/tutorial_taskflow_api.py
[2024-05-01T23:54:55.527-0500] {processor.py:830} INFO - Processing file /Users/nestoralfaro/Desktop/pbi-scenario-two/py_env/lib/python3.9/site-packages/airflow/example_dags/tutorial_taskflow_api.py for tasks to queue
[2024-05-01T23:54:55.527-0500] {logging_mixin.py:188} INFO - [2024-05-01T23:54:55.527-0500] {dagbag.py:540} INFO - Filling up the DagBag from /Users/nestoralfaro/Desktop/pbi-scenario-two/py_env/lib/python3.9/site-packages/airflow/example_dags/tutorial_taskflow_api.py
[2024-05-01T23:54:55.542-0500] {processor.py:840} INFO - DAG(s) 'tutorial_taskflow_api' retrieved from /Users/nestoralfaro/Desktop/pbi-scenario-two/py_env/lib/python3.9/site-packages/airflow/example_dags/tutorial_taskflow_api.py
[2024-05-01T23:54:55.583-0500] {logging_mixin.py:188} INFO - [2024-05-01T23:54:55.583-0500] {dag.py:3096} INFO - Sync 1 DAGs
[2024-05-01T23:54:55.611-0500] {logging_mixin.py:188} INFO - [2024-05-01T23:54:55.611-0500] {dag.py:3954} INFO - Setting next_dagrun for tutorial_taskflow_api to None, run_after=None
[2024-05-01T23:54:55.618-0500] {processor.py:183} INFO - Processing /Users/nestoralfaro/Desktop/pbi-scenario-two/py_env/lib/python3.9/site-packages/airflow/example_dags/tutorial_taskflow_api.py took 0.094 seconds
[2024-05-01T23:55:53.843-0500] {processor.py:161} INFO - Started process (PID=35803) to work on /Users/nestoralfaro/Desktop/pbi-scenario-two/py_env/lib/python3.9/site-packages/airflow/example_dags/tutorial_taskflow_api.py
[2024-05-01T23:55:53.844-0500] {processor.py:830} INFO - Processing file /Users/nestoralfaro/Desktop/pbi-scenario-two/py_env/lib/python3.9/site-packages/airflow/example_dags/tutorial_taskflow_api.py for tasks to queue
[2024-05-01T23:55:53.845-0500] {logging_mixin.py:188} INFO - [2024-05-01T23:55:53.844-0500] {dagbag.py:540} INFO - Filling up the DagBag from /Users/nestoralfaro/Desktop/pbi-scenario-two/py_env/lib/python3.9/site-packages/airflow/example_dags/tutorial_taskflow_api.py
[2024-05-01T23:55:53.859-0500] {processor.py:840} INFO - DAG(s) 'tutorial_taskflow_api' retrieved from /Users/nestoralfaro/Desktop/pbi-scenario-two/py_env/lib/python3.9/site-packages/airflow/example_dags/tutorial_taskflow_api.py
[2024-05-01T23:55:53.898-0500] {logging_mixin.py:188} INFO - [2024-05-01T23:55:53.898-0500] {dag.py:3096} INFO - Sync 1 DAGs
[2024-05-01T23:55:53.924-0500] {logging_mixin.py:188} INFO - [2024-05-01T23:55:53.923-0500] {dag.py:3954} INFO - Setting next_dagrun for tutorial_taskflow_api to None, run_after=None
[2024-05-01T23:55:53.931-0500] {processor.py:183} INFO - Processing /Users/nestoralfaro/Desktop/pbi-scenario-two/py_env/lib/python3.9/site-packages/airflow/example_dags/tutorial_taskflow_api.py took 0.089 seconds
[2024-05-01T23:56:48.662-0500] {processor.py:161} INFO - Started process (PID=35838) to work on /Users/nestoralfaro/Desktop/pbi-scenario-two/py_env/lib/python3.9/site-packages/airflow/example_dags/tutorial_taskflow_api.py
[2024-05-01T23:56:48.664-0500] {processor.py:830} INFO - Processing file /Users/nestoralfaro/Desktop/pbi-scenario-two/py_env/lib/python3.9/site-packages/airflow/example_dags/tutorial_taskflow_api.py for tasks to queue
[2024-05-01T23:56:48.664-0500] {logging_mixin.py:188} INFO - [2024-05-01T23:56:48.664-0500] {dagbag.py:540} INFO - Filling up the DagBag from /Users/nestoralfaro/Desktop/pbi-scenario-two/py_env/lib/python3.9/site-packages/airflow/example_dags/tutorial_taskflow_api.py
[2024-05-01T23:56:48.679-0500] {processor.py:840} INFO - DAG(s) 'tutorial_taskflow_api' retrieved from /Users/nestoralfaro/Desktop/pbi-scenario-two/py_env/lib/python3.9/site-packages/airflow/example_dags/tutorial_taskflow_api.py
[2024-05-01T23:56:48.718-0500] {logging_mixin.py:188} INFO - [2024-05-01T23:56:48.718-0500] {dag.py:3096} INFO - Sync 1 DAGs
[2024-05-01T23:56:48.744-0500] {logging_mixin.py:188} INFO - [2024-05-01T23:56:48.744-0500] {dag.py:3954} INFO - Setting next_dagrun for tutorial_taskflow_api to None, run_after=None
[2024-05-01T23:56:48.751-0500] {processor.py:183} INFO - Processing /Users/nestoralfaro/Desktop/pbi-scenario-two/py_env/lib/python3.9/site-packages/airflow/example_dags/tutorial_taskflow_api.py took 0.090 seconds
[2024-05-01T23:57:44.396-0500] {processor.py:161} INFO - Started process (PID=35871) to work on /Users/nestoralfaro/Desktop/pbi-scenario-two/py_env/lib/python3.9/site-packages/airflow/example_dags/tutorial_taskflow_api.py
[2024-05-01T23:57:44.397-0500] {processor.py:830} INFO - Processing file /Users/nestoralfaro/Desktop/pbi-scenario-two/py_env/lib/python3.9/site-packages/airflow/example_dags/tutorial_taskflow_api.py for tasks to queue
[2024-05-01T23:57:44.397-0500] {logging_mixin.py:188} INFO - [2024-05-01T23:57:44.397-0500] {dagbag.py:540} INFO - Filling up the DagBag from /Users/nestoralfaro/Desktop/pbi-scenario-two/py_env/lib/python3.9/site-packages/airflow/example_dags/tutorial_taskflow_api.py
[2024-05-01T23:57:44.412-0500] {processor.py:840} INFO - DAG(s) 'tutorial_taskflow_api' retrieved from /Users/nestoralfaro/Desktop/pbi-scenario-two/py_env/lib/python3.9/site-packages/airflow/example_dags/tutorial_taskflow_api.py
[2024-05-01T23:57:44.451-0500] {logging_mixin.py:188} INFO - [2024-05-01T23:57:44.451-0500] {dag.py:3096} INFO - Sync 1 DAGs
[2024-05-01T23:57:44.477-0500] {logging_mixin.py:188} INFO - [2024-05-01T23:57:44.477-0500] {dag.py:3954} INFO - Setting next_dagrun for tutorial_taskflow_api to None, run_after=None
[2024-05-01T23:57:44.484-0500] {processor.py:183} INFO - Processing /Users/nestoralfaro/Desktop/pbi-scenario-two/py_env/lib/python3.9/site-packages/airflow/example_dags/tutorial_taskflow_api.py took 0.090 seconds
[2024-05-01T23:58:40.812-0500] {processor.py:161} INFO - Started process (PID=35906) to work on /Users/nestoralfaro/Desktop/pbi-scenario-two/py_env/lib/python3.9/site-packages/airflow/example_dags/tutorial_taskflow_api.py
[2024-05-01T23:58:40.813-0500] {processor.py:830} INFO - Processing file /Users/nestoralfaro/Desktop/pbi-scenario-two/py_env/lib/python3.9/site-packages/airflow/example_dags/tutorial_taskflow_api.py for tasks to queue
[2024-05-01T23:58:40.813-0500] {logging_mixin.py:188} INFO - [2024-05-01T23:58:40.813-0500] {dagbag.py:540} INFO - Filling up the DagBag from /Users/nestoralfaro/Desktop/pbi-scenario-two/py_env/lib/python3.9/site-packages/airflow/example_dags/tutorial_taskflow_api.py
[2024-05-01T23:58:40.829-0500] {processor.py:840} INFO - DAG(s) 'tutorial_taskflow_api' retrieved from /Users/nestoralfaro/Desktop/pbi-scenario-two/py_env/lib/python3.9/site-packages/airflow/example_dags/tutorial_taskflow_api.py
[2024-05-01T23:58:40.869-0500] {logging_mixin.py:188} INFO - [2024-05-01T23:58:40.868-0500] {dag.py:3096} INFO - Sync 1 DAGs
[2024-05-01T23:58:40.895-0500] {logging_mixin.py:188} INFO - [2024-05-01T23:58:40.895-0500] {dag.py:3954} INFO - Setting next_dagrun for tutorial_taskflow_api to None, run_after=None
[2024-05-01T23:58:40.902-0500] {processor.py:183} INFO - Processing /Users/nestoralfaro/Desktop/pbi-scenario-two/py_env/lib/python3.9/site-packages/airflow/example_dags/tutorial_taskflow_api.py took 0.092 seconds
[2024-05-01T23:59:36.859-0500] {processor.py:161} INFO - Started process (PID=35943) to work on /Users/nestoralfaro/Desktop/pbi-scenario-two/py_env/lib/python3.9/site-packages/airflow/example_dags/tutorial_taskflow_api.py
[2024-05-01T23:59:36.861-0500] {processor.py:830} INFO - Processing file /Users/nestoralfaro/Desktop/pbi-scenario-two/py_env/lib/python3.9/site-packages/airflow/example_dags/tutorial_taskflow_api.py for tasks to queue
[2024-05-01T23:59:36.861-0500] {logging_mixin.py:188} INFO - [2024-05-01T23:59:36.861-0500] {dagbag.py:540} INFO - Filling up the DagBag from /Users/nestoralfaro/Desktop/pbi-scenario-two/py_env/lib/python3.9/site-packages/airflow/example_dags/tutorial_taskflow_api.py
[2024-05-01T23:59:36.876-0500] {processor.py:840} INFO - DAG(s) 'tutorial_taskflow_api' retrieved from /Users/nestoralfaro/Desktop/pbi-scenario-two/py_env/lib/python3.9/site-packages/airflow/example_dags/tutorial_taskflow_api.py
[2024-05-01T23:59:36.917-0500] {logging_mixin.py:188} INFO - [2024-05-01T23:59:36.917-0500] {dag.py:3096} INFO - Sync 1 DAGs
[2024-05-01T23:59:36.943-0500] {logging_mixin.py:188} INFO - [2024-05-01T23:59:36.943-0500] {dag.py:3954} INFO - Setting next_dagrun for tutorial_taskflow_api to None, run_after=None
[2024-05-01T23:59:36.950-0500] {processor.py:183} INFO - Processing /Users/nestoralfaro/Desktop/pbi-scenario-two/py_env/lib/python3.9/site-packages/airflow/example_dags/tutorial_taskflow_api.py took 0.093 seconds
[2024-05-02T00:00:30.229-0500] {processor.py:161} INFO - Started process (PID=36001) to work on /Users/nestoralfaro/Desktop/pbi-scenario-two/py_env/lib/python3.9/site-packages/airflow/example_dags/tutorial_taskflow_api.py
[2024-05-02T00:00:30.231-0500] {processor.py:830} INFO - Processing file /Users/nestoralfaro/Desktop/pbi-scenario-two/py_env/lib/python3.9/site-packages/airflow/example_dags/tutorial_taskflow_api.py for tasks to queue
[2024-05-02T00:00:30.232-0500] {logging_mixin.py:188} INFO - [2024-05-02T00:00:30.232-0500] {dagbag.py:540} INFO - Filling up the DagBag from /Users/nestoralfaro/Desktop/pbi-scenario-two/py_env/lib/python3.9/site-packages/airflow/example_dags/tutorial_taskflow_api.py
[2024-05-02T00:00:30.246-0500] {processor.py:840} INFO - DAG(s) 'tutorial_taskflow_api' retrieved from /Users/nestoralfaro/Desktop/pbi-scenario-two/py_env/lib/python3.9/site-packages/airflow/example_dags/tutorial_taskflow_api.py
[2024-05-02T00:00:30.285-0500] {logging_mixin.py:188} INFO - [2024-05-02T00:00:30.285-0500] {dag.py:3096} INFO - Sync 1 DAGs
[2024-05-02T00:00:30.311-0500] {logging_mixin.py:188} INFO - [2024-05-02T00:00:30.310-0500] {dag.py:3954} INFO - Setting next_dagrun for tutorial_taskflow_api to None, run_after=None
[2024-05-02T00:00:30.318-0500] {processor.py:183} INFO - Processing /Users/nestoralfaro/Desktop/pbi-scenario-two/py_env/lib/python3.9/site-packages/airflow/example_dags/tutorial_taskflow_api.py took 0.090 seconds
[2024-05-02T00:01:27.475-0500] {processor.py:161} INFO - Started process (PID=36040) to work on /Users/nestoralfaro/Desktop/pbi-scenario-two/py_env/lib/python3.9/site-packages/airflow/example_dags/tutorial_taskflow_api.py
[2024-05-02T00:01:27.476-0500] {processor.py:830} INFO - Processing file /Users/nestoralfaro/Desktop/pbi-scenario-two/py_env/lib/python3.9/site-packages/airflow/example_dags/tutorial_taskflow_api.py for tasks to queue
[2024-05-02T00:01:27.476-0500] {logging_mixin.py:188} INFO - [2024-05-02T00:01:27.476-0500] {dagbag.py:540} INFO - Filling up the DagBag from /Users/nestoralfaro/Desktop/pbi-scenario-two/py_env/lib/python3.9/site-packages/airflow/example_dags/tutorial_taskflow_api.py
[2024-05-02T00:01:27.492-0500] {processor.py:840} INFO - DAG(s) 'tutorial_taskflow_api' retrieved from /Users/nestoralfaro/Desktop/pbi-scenario-two/py_env/lib/python3.9/site-packages/airflow/example_dags/tutorial_taskflow_api.py
[2024-05-02T00:01:27.536-0500] {logging_mixin.py:188} INFO - [2024-05-02T00:01:27.536-0500] {dag.py:3096} INFO - Sync 1 DAGs
[2024-05-02T00:01:27.565-0500] {logging_mixin.py:188} INFO - [2024-05-02T00:01:27.565-0500] {dag.py:3954} INFO - Setting next_dagrun for tutorial_taskflow_api to None, run_after=None
[2024-05-02T00:01:27.573-0500] {processor.py:183} INFO - Processing /Users/nestoralfaro/Desktop/pbi-scenario-two/py_env/lib/python3.9/site-packages/airflow/example_dags/tutorial_taskflow_api.py took 0.099 seconds
[2024-05-02T00:02:26.370-0500] {processor.py:161} INFO - Started process (PID=36081) to work on /Users/nestoralfaro/Desktop/pbi-scenario-two/py_env/lib/python3.9/site-packages/airflow/example_dags/tutorial_taskflow_api.py
[2024-05-02T00:02:26.373-0500] {processor.py:830} INFO - Processing file /Users/nestoralfaro/Desktop/pbi-scenario-two/py_env/lib/python3.9/site-packages/airflow/example_dags/tutorial_taskflow_api.py for tasks to queue
[2024-05-02T00:02:26.373-0500] {logging_mixin.py:188} INFO - [2024-05-02T00:02:26.373-0500] {dagbag.py:540} INFO - Filling up the DagBag from /Users/nestoralfaro/Desktop/pbi-scenario-two/py_env/lib/python3.9/site-packages/airflow/example_dags/tutorial_taskflow_api.py
[2024-05-02T00:02:26.389-0500] {processor.py:840} INFO - DAG(s) 'tutorial_taskflow_api' retrieved from /Users/nestoralfaro/Desktop/pbi-scenario-two/py_env/lib/python3.9/site-packages/airflow/example_dags/tutorial_taskflow_api.py
[2024-05-02T00:02:26.430-0500] {logging_mixin.py:188} INFO - [2024-05-02T00:02:26.429-0500] {dag.py:3096} INFO - Sync 1 DAGs
[2024-05-02T00:02:26.456-0500] {logging_mixin.py:188} INFO - [2024-05-02T00:02:26.456-0500] {dag.py:3954} INFO - Setting next_dagrun for tutorial_taskflow_api to None, run_after=None
[2024-05-02T00:02:26.463-0500] {processor.py:183} INFO - Processing /Users/nestoralfaro/Desktop/pbi-scenario-two/py_env/lib/python3.9/site-packages/airflow/example_dags/tutorial_taskflow_api.py took 0.093 seconds
[2024-05-02T00:03:26.197-0500] {processor.py:161} INFO - Started process (PID=36121) to work on /Users/nestoralfaro/Desktop/pbi-scenario-two/py_env/lib/python3.9/site-packages/airflow/example_dags/tutorial_taskflow_api.py
[2024-05-02T00:03:26.200-0500] {processor.py:830} INFO - Processing file /Users/nestoralfaro/Desktop/pbi-scenario-two/py_env/lib/python3.9/site-packages/airflow/example_dags/tutorial_taskflow_api.py for tasks to queue
[2024-05-02T00:03:26.200-0500] {logging_mixin.py:188} INFO - [2024-05-02T00:03:26.200-0500] {dagbag.py:540} INFO - Filling up the DagBag from /Users/nestoralfaro/Desktop/pbi-scenario-two/py_env/lib/python3.9/site-packages/airflow/example_dags/tutorial_taskflow_api.py
[2024-05-02T00:03:26.215-0500] {processor.py:840} INFO - DAG(s) 'tutorial_taskflow_api' retrieved from /Users/nestoralfaro/Desktop/pbi-scenario-two/py_env/lib/python3.9/site-packages/airflow/example_dags/tutorial_taskflow_api.py
[2024-05-02T00:03:26.256-0500] {logging_mixin.py:188} INFO - [2024-05-02T00:03:26.256-0500] {dag.py:3096} INFO - Sync 1 DAGs
[2024-05-02T00:03:26.283-0500] {logging_mixin.py:188} INFO - [2024-05-02T00:03:26.283-0500] {dag.py:3954} INFO - Setting next_dagrun for tutorial_taskflow_api to None, run_after=None
[2024-05-02T00:03:26.291-0500] {processor.py:183} INFO - Processing /Users/nestoralfaro/Desktop/pbi-scenario-two/py_env/lib/python3.9/site-packages/airflow/example_dags/tutorial_taskflow_api.py took 0.095 seconds
[2024-05-02T00:04:23.332-0500] {processor.py:161} INFO - Started process (PID=36160) to work on /Users/nestoralfaro/Desktop/pbi-scenario-two/py_env/lib/python3.9/site-packages/airflow/example_dags/tutorial_taskflow_api.py
[2024-05-02T00:04:23.334-0500] {processor.py:830} INFO - Processing file /Users/nestoralfaro/Desktop/pbi-scenario-two/py_env/lib/python3.9/site-packages/airflow/example_dags/tutorial_taskflow_api.py for tasks to queue
[2024-05-02T00:04:23.335-0500] {logging_mixin.py:188} INFO - [2024-05-02T00:04:23.335-0500] {dagbag.py:540} INFO - Filling up the DagBag from /Users/nestoralfaro/Desktop/pbi-scenario-two/py_env/lib/python3.9/site-packages/airflow/example_dags/tutorial_taskflow_api.py
[2024-05-02T00:04:23.351-0500] {processor.py:840} INFO - DAG(s) 'tutorial_taskflow_api' retrieved from /Users/nestoralfaro/Desktop/pbi-scenario-two/py_env/lib/python3.9/site-packages/airflow/example_dags/tutorial_taskflow_api.py
[2024-05-02T00:04:23.393-0500] {logging_mixin.py:188} INFO - [2024-05-02T00:04:23.393-0500] {dag.py:3096} INFO - Sync 1 DAGs
[2024-05-02T00:04:23.421-0500] {logging_mixin.py:188} INFO - [2024-05-02T00:04:23.421-0500] {dag.py:3954} INFO - Setting next_dagrun for tutorial_taskflow_api to None, run_after=None
[2024-05-02T00:04:23.429-0500] {processor.py:183} INFO - Processing /Users/nestoralfaro/Desktop/pbi-scenario-two/py_env/lib/python3.9/site-packages/airflow/example_dags/tutorial_taskflow_api.py took 0.098 seconds
[2024-05-02T00:05:18.834-0500] {processor.py:161} INFO - Started process (PID=36195) to work on /Users/nestoralfaro/Desktop/pbi-scenario-two/py_env/lib/python3.9/site-packages/airflow/example_dags/tutorial_taskflow_api.py
[2024-05-02T00:05:18.835-0500] {processor.py:830} INFO - Processing file /Users/nestoralfaro/Desktop/pbi-scenario-two/py_env/lib/python3.9/site-packages/airflow/example_dags/tutorial_taskflow_api.py for tasks to queue
[2024-05-02T00:05:18.835-0500] {logging_mixin.py:188} INFO - [2024-05-02T00:05:18.835-0500] {dagbag.py:540} INFO - Filling up the DagBag from /Users/nestoralfaro/Desktop/pbi-scenario-two/py_env/lib/python3.9/site-packages/airflow/example_dags/tutorial_taskflow_api.py
[2024-05-02T00:05:18.852-0500] {processor.py:840} INFO - DAG(s) 'tutorial_taskflow_api' retrieved from /Users/nestoralfaro/Desktop/pbi-scenario-two/py_env/lib/python3.9/site-packages/airflow/example_dags/tutorial_taskflow_api.py
[2024-05-02T00:05:18.893-0500] {logging_mixin.py:188} INFO - [2024-05-02T00:05:18.893-0500] {dag.py:3096} INFO - Sync 1 DAGs
[2024-05-02T00:05:18.922-0500] {logging_mixin.py:188} INFO - [2024-05-02T00:05:18.922-0500] {dag.py:3954} INFO - Setting next_dagrun for tutorial_taskflow_api to None, run_after=None
[2024-05-02T00:05:18.930-0500] {processor.py:183} INFO - Processing /Users/nestoralfaro/Desktop/pbi-scenario-two/py_env/lib/python3.9/site-packages/airflow/example_dags/tutorial_taskflow_api.py took 0.099 seconds
[2024-05-02T00:06:16.602-0500] {processor.py:161} INFO - Started process (PID=36239) to work on /Users/nestoralfaro/Desktop/pbi-scenario-two/py_env/lib/python3.9/site-packages/airflow/example_dags/tutorial_taskflow_api.py
[2024-05-02T00:06:16.604-0500] {processor.py:830} INFO - Processing file /Users/nestoralfaro/Desktop/pbi-scenario-two/py_env/lib/python3.9/site-packages/airflow/example_dags/tutorial_taskflow_api.py for tasks to queue
[2024-05-02T00:06:16.604-0500] {logging_mixin.py:188} INFO - [2024-05-02T00:06:16.604-0500] {dagbag.py:540} INFO - Filling up the DagBag from /Users/nestoralfaro/Desktop/pbi-scenario-two/py_env/lib/python3.9/site-packages/airflow/example_dags/tutorial_taskflow_api.py
[2024-05-02T00:06:16.622-0500] {processor.py:840} INFO - DAG(s) 'tutorial_taskflow_api' retrieved from /Users/nestoralfaro/Desktop/pbi-scenario-two/py_env/lib/python3.9/site-packages/airflow/example_dags/tutorial_taskflow_api.py
[2024-05-02T00:06:16.668-0500] {logging_mixin.py:188} INFO - [2024-05-02T00:06:16.668-0500] {dag.py:3096} INFO - Sync 1 DAGs
[2024-05-02T00:06:16.699-0500] {logging_mixin.py:188} INFO - [2024-05-02T00:06:16.699-0500] {dag.py:3954} INFO - Setting next_dagrun for tutorial_taskflow_api to None, run_after=None
[2024-05-02T00:06:16.709-0500] {processor.py:183} INFO - Processing /Users/nestoralfaro/Desktop/pbi-scenario-two/py_env/lib/python3.9/site-packages/airflow/example_dags/tutorial_taskflow_api.py took 0.109 seconds
[2024-05-02T00:07:10.417-0500] {processor.py:161} INFO - Started process (PID=36283) to work on /Users/nestoralfaro/Desktop/pbi-scenario-two/py_env/lib/python3.9/site-packages/airflow/example_dags/tutorial_taskflow_api.py
[2024-05-02T00:07:10.418-0500] {processor.py:830} INFO - Processing file /Users/nestoralfaro/Desktop/pbi-scenario-two/py_env/lib/python3.9/site-packages/airflow/example_dags/tutorial_taskflow_api.py for tasks to queue
[2024-05-02T00:07:10.418-0500] {logging_mixin.py:188} INFO - [2024-05-02T00:07:10.418-0500] {dagbag.py:540} INFO - Filling up the DagBag from /Users/nestoralfaro/Desktop/pbi-scenario-two/py_env/lib/python3.9/site-packages/airflow/example_dags/tutorial_taskflow_api.py
[2024-05-02T00:07:10.433-0500] {processor.py:840} INFO - DAG(s) 'tutorial_taskflow_api' retrieved from /Users/nestoralfaro/Desktop/pbi-scenario-two/py_env/lib/python3.9/site-packages/airflow/example_dags/tutorial_taskflow_api.py
[2024-05-02T00:07:10.472-0500] {logging_mixin.py:188} INFO - [2024-05-02T00:07:10.472-0500] {dag.py:3096} INFO - Sync 1 DAGs
[2024-05-02T00:07:10.498-0500] {logging_mixin.py:188} INFO - [2024-05-02T00:07:10.498-0500] {dag.py:3954} INFO - Setting next_dagrun for tutorial_taskflow_api to None, run_after=None
[2024-05-02T00:07:10.505-0500] {processor.py:183} INFO - Processing /Users/nestoralfaro/Desktop/pbi-scenario-two/py_env/lib/python3.9/site-packages/airflow/example_dags/tutorial_taskflow_api.py took 0.089 seconds
[2024-05-02T00:08:04.204-0500] {processor.py:161} INFO - Started process (PID=36317) to work on /Users/nestoralfaro/Desktop/pbi-scenario-two/py_env/lib/python3.9/site-packages/airflow/example_dags/tutorial_taskflow_api.py
[2024-05-02T00:08:04.205-0500] {processor.py:830} INFO - Processing file /Users/nestoralfaro/Desktop/pbi-scenario-two/py_env/lib/python3.9/site-packages/airflow/example_dags/tutorial_taskflow_api.py for tasks to queue
[2024-05-02T00:08:04.205-0500] {logging_mixin.py:188} INFO - [2024-05-02T00:08:04.205-0500] {dagbag.py:540} INFO - Filling up the DagBag from /Users/nestoralfaro/Desktop/pbi-scenario-two/py_env/lib/python3.9/site-packages/airflow/example_dags/tutorial_taskflow_api.py
[2024-05-02T00:08:04.220-0500] {processor.py:840} INFO - DAG(s) 'tutorial_taskflow_api' retrieved from /Users/nestoralfaro/Desktop/pbi-scenario-two/py_env/lib/python3.9/site-packages/airflow/example_dags/tutorial_taskflow_api.py
[2024-05-02T00:08:04.260-0500] {logging_mixin.py:188} INFO - [2024-05-02T00:08:04.260-0500] {dag.py:3096} INFO - Sync 1 DAGs
[2024-05-02T00:08:04.286-0500] {logging_mixin.py:188} INFO - [2024-05-02T00:08:04.286-0500] {dag.py:3954} INFO - Setting next_dagrun for tutorial_taskflow_api to None, run_after=None
[2024-05-02T00:08:04.293-0500] {processor.py:183} INFO - Processing /Users/nestoralfaro/Desktop/pbi-scenario-two/py_env/lib/python3.9/site-packages/airflow/example_dags/tutorial_taskflow_api.py took 0.091 seconds
[2024-05-02T00:09:00.872-0500] {processor.py:161} INFO - Started process (PID=36350) to work on /Users/nestoralfaro/Desktop/pbi-scenario-two/py_env/lib/python3.9/site-packages/airflow/example_dags/tutorial_taskflow_api.py
[2024-05-02T00:09:00.874-0500] {processor.py:830} INFO - Processing file /Users/nestoralfaro/Desktop/pbi-scenario-two/py_env/lib/python3.9/site-packages/airflow/example_dags/tutorial_taskflow_api.py for tasks to queue
[2024-05-02T00:09:00.874-0500] {logging_mixin.py:188} INFO - [2024-05-02T00:09:00.874-0500] {dagbag.py:540} INFO - Filling up the DagBag from /Users/nestoralfaro/Desktop/pbi-scenario-two/py_env/lib/python3.9/site-packages/airflow/example_dags/tutorial_taskflow_api.py
[2024-05-02T00:09:00.891-0500] {processor.py:840} INFO - DAG(s) 'tutorial_taskflow_api' retrieved from /Users/nestoralfaro/Desktop/pbi-scenario-two/py_env/lib/python3.9/site-packages/airflow/example_dags/tutorial_taskflow_api.py
[2024-05-02T00:09:00.933-0500] {logging_mixin.py:188} INFO - [2024-05-02T00:09:00.933-0500] {dag.py:3096} INFO - Sync 1 DAGs
[2024-05-02T00:09:00.961-0500] {logging_mixin.py:188} INFO - [2024-05-02T00:09:00.961-0500] {dag.py:3954} INFO - Setting next_dagrun for tutorial_taskflow_api to None, run_after=None
[2024-05-02T00:09:00.968-0500] {processor.py:183} INFO - Processing /Users/nestoralfaro/Desktop/pbi-scenario-two/py_env/lib/python3.9/site-packages/airflow/example_dags/tutorial_taskflow_api.py took 0.098 seconds
[2024-05-02T00:09:58.510-0500] {processor.py:161} INFO - Started process (PID=36385) to work on /Users/nestoralfaro/Desktop/pbi-scenario-two/py_env/lib/python3.9/site-packages/airflow/example_dags/tutorial_taskflow_api.py
[2024-05-02T00:09:58.512-0500] {processor.py:830} INFO - Processing file /Users/nestoralfaro/Desktop/pbi-scenario-two/py_env/lib/python3.9/site-packages/airflow/example_dags/tutorial_taskflow_api.py for tasks to queue
[2024-05-02T00:09:58.512-0500] {logging_mixin.py:188} INFO - [2024-05-02T00:09:58.512-0500] {dagbag.py:540} INFO - Filling up the DagBag from /Users/nestoralfaro/Desktop/pbi-scenario-two/py_env/lib/python3.9/site-packages/airflow/example_dags/tutorial_taskflow_api.py
[2024-05-02T00:09:58.527-0500] {processor.py:840} INFO - DAG(s) 'tutorial_taskflow_api' retrieved from /Users/nestoralfaro/Desktop/pbi-scenario-two/py_env/lib/python3.9/site-packages/airflow/example_dags/tutorial_taskflow_api.py
[2024-05-02T00:09:58.567-0500] {logging_mixin.py:188} INFO - [2024-05-02T00:09:58.567-0500] {dag.py:3096} INFO - Sync 1 DAGs
[2024-05-02T00:09:58.593-0500] {logging_mixin.py:188} INFO - [2024-05-02T00:09:58.593-0500] {dag.py:3954} INFO - Setting next_dagrun for tutorial_taskflow_api to None, run_after=None
[2024-05-02T00:09:58.601-0500] {processor.py:183} INFO - Processing /Users/nestoralfaro/Desktop/pbi-scenario-two/py_env/lib/python3.9/site-packages/airflow/example_dags/tutorial_taskflow_api.py took 0.092 seconds
[2024-05-02T00:11:07.524-0500] {processor.py:161} INFO - Started process (PID=36407) to work on /Users/nestoralfaro/Desktop/pbi-scenario-two/py_env/lib/python3.9/site-packages/airflow/example_dags/tutorial_taskflow_api.py
[2024-05-02T00:11:07.526-0500] {processor.py:830} INFO - Processing file /Users/nestoralfaro/Desktop/pbi-scenario-two/py_env/lib/python3.9/site-packages/airflow/example_dags/tutorial_taskflow_api.py for tasks to queue
[2024-05-02T00:11:07.526-0500] {logging_mixin.py:188} INFO - [2024-05-02T00:11:07.526-0500] {dagbag.py:540} INFO - Filling up the DagBag from /Users/nestoralfaro/Desktop/pbi-scenario-two/py_env/lib/python3.9/site-packages/airflow/example_dags/tutorial_taskflow_api.py
[2024-05-02T00:11:07.544-0500] {processor.py:840} INFO - DAG(s) 'tutorial_taskflow_api' retrieved from /Users/nestoralfaro/Desktop/pbi-scenario-two/py_env/lib/python3.9/site-packages/airflow/example_dags/tutorial_taskflow_api.py
[2024-05-02T00:11:07.587-0500] {logging_mixin.py:188} INFO - [2024-05-02T00:11:07.587-0500] {dag.py:3096} INFO - Sync 1 DAGs
[2024-05-02T00:11:07.614-0500] {logging_mixin.py:188} INFO - [2024-05-02T00:11:07.614-0500] {dag.py:3954} INFO - Setting next_dagrun for tutorial_taskflow_api to None, run_after=None
[2024-05-02T00:11:07.621-0500] {processor.py:183} INFO - Processing /Users/nestoralfaro/Desktop/pbi-scenario-two/py_env/lib/python3.9/site-packages/airflow/example_dags/tutorial_taskflow_api.py took 0.099 seconds
[2024-05-02T00:12:33.689-0500] {processor.py:161} INFO - Started process (PID=36499) to work on /Users/nestoralfaro/Desktop/pbi-scenario-two/py_env/lib/python3.9/site-packages/airflow/example_dags/tutorial_taskflow_api.py
[2024-05-02T00:12:33.691-0500] {processor.py:830} INFO - Processing file /Users/nestoralfaro/Desktop/pbi-scenario-two/py_env/lib/python3.9/site-packages/airflow/example_dags/tutorial_taskflow_api.py for tasks to queue
[2024-05-02T00:12:33.691-0500] {logging_mixin.py:188} INFO - [2024-05-02T00:12:33.691-0500] {dagbag.py:540} INFO - Filling up the DagBag from /Users/nestoralfaro/Desktop/pbi-scenario-two/py_env/lib/python3.9/site-packages/airflow/example_dags/tutorial_taskflow_api.py
[2024-05-02T00:12:33.706-0500] {processor.py:840} INFO - DAG(s) 'tutorial_taskflow_api' retrieved from /Users/nestoralfaro/Desktop/pbi-scenario-two/py_env/lib/python3.9/site-packages/airflow/example_dags/tutorial_taskflow_api.py
[2024-05-02T00:12:33.745-0500] {logging_mixin.py:188} INFO - [2024-05-02T00:12:33.745-0500] {dag.py:3096} INFO - Sync 1 DAGs
[2024-05-02T00:12:33.771-0500] {logging_mixin.py:188} INFO - [2024-05-02T00:12:33.771-0500] {dag.py:3954} INFO - Setting next_dagrun for tutorial_taskflow_api to None, run_after=None
[2024-05-02T00:12:33.778-0500] {processor.py:183} INFO - Processing /Users/nestoralfaro/Desktop/pbi-scenario-two/py_env/lib/python3.9/site-packages/airflow/example_dags/tutorial_taskflow_api.py took 0.091 seconds
[2024-05-02T00:13:31.357-0500] {processor.py:161} INFO - Started process (PID=36546) to work on /Users/nestoralfaro/Desktop/pbi-scenario-two/py_env/lib/python3.9/site-packages/airflow/example_dags/tutorial_taskflow_api.py
[2024-05-02T00:13:31.360-0500] {processor.py:830} INFO - Processing file /Users/nestoralfaro/Desktop/pbi-scenario-two/py_env/lib/python3.9/site-packages/airflow/example_dags/tutorial_taskflow_api.py for tasks to queue
[2024-05-02T00:13:31.360-0500] {logging_mixin.py:188} INFO - [2024-05-02T00:13:31.360-0500] {dagbag.py:540} INFO - Filling up the DagBag from /Users/nestoralfaro/Desktop/pbi-scenario-two/py_env/lib/python3.9/site-packages/airflow/example_dags/tutorial_taskflow_api.py
[2024-05-02T00:13:31.377-0500] {processor.py:840} INFO - DAG(s) 'tutorial_taskflow_api' retrieved from /Users/nestoralfaro/Desktop/pbi-scenario-two/py_env/lib/python3.9/site-packages/airflow/example_dags/tutorial_taskflow_api.py
[2024-05-02T00:13:31.424-0500] {logging_mixin.py:188} INFO - [2024-05-02T00:13:31.424-0500] {dag.py:3096} INFO - Sync 1 DAGs
[2024-05-02T00:13:31.455-0500] {logging_mixin.py:188} INFO - [2024-05-02T00:13:31.455-0500] {dag.py:3954} INFO - Setting next_dagrun for tutorial_taskflow_api to None, run_after=None
[2024-05-02T00:13:31.463-0500] {processor.py:183} INFO - Processing /Users/nestoralfaro/Desktop/pbi-scenario-two/py_env/lib/python3.9/site-packages/airflow/example_dags/tutorial_taskflow_api.py took 0.107 seconds
[2024-05-02T00:14:58.810-0500] {processor.py:161} INFO - Started process (PID=36594) to work on /Users/nestoralfaro/Desktop/pbi-scenario-two/py_env/lib/python3.9/site-packages/airflow/example_dags/tutorial_taskflow_api.py
[2024-05-02T00:14:58.812-0500] {processor.py:830} INFO - Processing file /Users/nestoralfaro/Desktop/pbi-scenario-two/py_env/lib/python3.9/site-packages/airflow/example_dags/tutorial_taskflow_api.py for tasks to queue
[2024-05-02T00:14:58.813-0500] {logging_mixin.py:188} INFO - [2024-05-02T00:14:58.812-0500] {dagbag.py:540} INFO - Filling up the DagBag from /Users/nestoralfaro/Desktop/pbi-scenario-two/py_env/lib/python3.9/site-packages/airflow/example_dags/tutorial_taskflow_api.py
[2024-05-02T00:14:58.831-0500] {processor.py:840} INFO - DAG(s) 'tutorial_taskflow_api' retrieved from /Users/nestoralfaro/Desktop/pbi-scenario-two/py_env/lib/python3.9/site-packages/airflow/example_dags/tutorial_taskflow_api.py
[2024-05-02T00:14:58.877-0500] {logging_mixin.py:188} INFO - [2024-05-02T00:14:58.877-0500] {dag.py:3096} INFO - Sync 1 DAGs
[2024-05-02T00:14:58.908-0500] {logging_mixin.py:188} INFO - [2024-05-02T00:14:58.907-0500] {dag.py:3954} INFO - Setting next_dagrun for tutorial_taskflow_api to None, run_after=None
[2024-05-02T00:14:58.916-0500] {processor.py:183} INFO - Processing /Users/nestoralfaro/Desktop/pbi-scenario-two/py_env/lib/python3.9/site-packages/airflow/example_dags/tutorial_taskflow_api.py took 0.107 seconds
[2024-05-02T00:16:27.367-0500] {processor.py:161} INFO - Started process (PID=36663) to work on /Users/nestoralfaro/Desktop/pbi-scenario-two/py_env/lib/python3.9/site-packages/airflow/example_dags/tutorial_taskflow_api.py
[2024-05-02T00:16:27.368-0500] {processor.py:830} INFO - Processing file /Users/nestoralfaro/Desktop/pbi-scenario-two/py_env/lib/python3.9/site-packages/airflow/example_dags/tutorial_taskflow_api.py for tasks to queue
[2024-05-02T00:16:27.368-0500] {logging_mixin.py:188} INFO - [2024-05-02T00:16:27.368-0500] {dagbag.py:540} INFO - Filling up the DagBag from /Users/nestoralfaro/Desktop/pbi-scenario-two/py_env/lib/python3.9/site-packages/airflow/example_dags/tutorial_taskflow_api.py
[2024-05-02T00:16:27.385-0500] {processor.py:840} INFO - DAG(s) 'tutorial_taskflow_api' retrieved from /Users/nestoralfaro/Desktop/pbi-scenario-two/py_env/lib/python3.9/site-packages/airflow/example_dags/tutorial_taskflow_api.py
[2024-05-02T00:16:27.427-0500] {logging_mixin.py:188} INFO - [2024-05-02T00:16:27.426-0500] {dag.py:3096} INFO - Sync 1 DAGs
[2024-05-02T00:16:27.453-0500] {logging_mixin.py:188} INFO - [2024-05-02T00:16:27.453-0500] {dag.py:3954} INFO - Setting next_dagrun for tutorial_taskflow_api to None, run_after=None
[2024-05-02T00:16:27.460-0500] {processor.py:183} INFO - Processing /Users/nestoralfaro/Desktop/pbi-scenario-two/py_env/lib/python3.9/site-packages/airflow/example_dags/tutorial_taskflow_api.py took 0.096 seconds
[2024-05-02T00:17:24.934-0500] {processor.py:161} INFO - Started process (PID=36700) to work on /Users/nestoralfaro/Desktop/pbi-scenario-two/py_env/lib/python3.9/site-packages/airflow/example_dags/tutorial_taskflow_api.py
[2024-05-02T00:17:24.935-0500] {processor.py:830} INFO - Processing file /Users/nestoralfaro/Desktop/pbi-scenario-two/py_env/lib/python3.9/site-packages/airflow/example_dags/tutorial_taskflow_api.py for tasks to queue
[2024-05-02T00:17:24.935-0500] {logging_mixin.py:188} INFO - [2024-05-02T00:17:24.935-0500] {dagbag.py:540} INFO - Filling up the DagBag from /Users/nestoralfaro/Desktop/pbi-scenario-two/py_env/lib/python3.9/site-packages/airflow/example_dags/tutorial_taskflow_api.py
[2024-05-02T00:17:24.950-0500] {processor.py:840} INFO - DAG(s) 'tutorial_taskflow_api' retrieved from /Users/nestoralfaro/Desktop/pbi-scenario-two/py_env/lib/python3.9/site-packages/airflow/example_dags/tutorial_taskflow_api.py
[2024-05-02T00:17:24.992-0500] {logging_mixin.py:188} INFO - [2024-05-02T00:17:24.992-0500] {dag.py:3096} INFO - Sync 1 DAGs
[2024-05-02T00:17:25.021-0500] {logging_mixin.py:188} INFO - [2024-05-02T00:17:25.021-0500] {dag.py:3954} INFO - Setting next_dagrun for tutorial_taskflow_api to None, run_after=None
[2024-05-02T00:17:25.028-0500] {processor.py:183} INFO - Processing /Users/nestoralfaro/Desktop/pbi-scenario-two/py_env/lib/python3.9/site-packages/airflow/example_dags/tutorial_taskflow_api.py took 0.096 seconds
[2024-05-02T00:18:23.889-0500] {processor.py:161} INFO - Started process (PID=36737) to work on /Users/nestoralfaro/Desktop/pbi-scenario-two/py_env/lib/python3.9/site-packages/airflow/example_dags/tutorial_taskflow_api.py
[2024-05-02T00:18:23.891-0500] {processor.py:830} INFO - Processing file /Users/nestoralfaro/Desktop/pbi-scenario-two/py_env/lib/python3.9/site-packages/airflow/example_dags/tutorial_taskflow_api.py for tasks to queue
[2024-05-02T00:18:23.892-0500] {logging_mixin.py:188} INFO - [2024-05-02T00:18:23.892-0500] {dagbag.py:540} INFO - Filling up the DagBag from /Users/nestoralfaro/Desktop/pbi-scenario-two/py_env/lib/python3.9/site-packages/airflow/example_dags/tutorial_taskflow_api.py
[2024-05-02T00:18:23.908-0500] {processor.py:840} INFO - DAG(s) 'tutorial_taskflow_api' retrieved from /Users/nestoralfaro/Desktop/pbi-scenario-two/py_env/lib/python3.9/site-packages/airflow/example_dags/tutorial_taskflow_api.py
[2024-05-02T00:18:23.952-0500] {logging_mixin.py:188} INFO - [2024-05-02T00:18:23.952-0500] {dag.py:3096} INFO - Sync 1 DAGs
[2024-05-02T00:18:23.981-0500] {logging_mixin.py:188} INFO - [2024-05-02T00:18:23.981-0500] {dag.py:3954} INFO - Setting next_dagrun for tutorial_taskflow_api to None, run_after=None
[2024-05-02T00:18:23.989-0500] {processor.py:183} INFO - Processing /Users/nestoralfaro/Desktop/pbi-scenario-two/py_env/lib/python3.9/site-packages/airflow/example_dags/tutorial_taskflow_api.py took 0.102 seconds
[2024-05-02T00:19:22.060-0500] {processor.py:161} INFO - Started process (PID=36805) to work on /Users/nestoralfaro/Desktop/pbi-scenario-two/py_env/lib/python3.9/site-packages/airflow/example_dags/tutorial_taskflow_api.py
[2024-05-02T00:19:22.062-0500] {processor.py:830} INFO - Processing file /Users/nestoralfaro/Desktop/pbi-scenario-two/py_env/lib/python3.9/site-packages/airflow/example_dags/tutorial_taskflow_api.py for tasks to queue
[2024-05-02T00:19:22.062-0500] {logging_mixin.py:188} INFO - [2024-05-02T00:19:22.062-0500] {dagbag.py:540} INFO - Filling up the DagBag from /Users/nestoralfaro/Desktop/pbi-scenario-two/py_env/lib/python3.9/site-packages/airflow/example_dags/tutorial_taskflow_api.py
[2024-05-02T00:19:22.077-0500] {processor.py:840} INFO - DAG(s) 'tutorial_taskflow_api' retrieved from /Users/nestoralfaro/Desktop/pbi-scenario-two/py_env/lib/python3.9/site-packages/airflow/example_dags/tutorial_taskflow_api.py
[2024-05-02T00:19:22.119-0500] {logging_mixin.py:188} INFO - [2024-05-02T00:19:22.119-0500] {dag.py:3096} INFO - Sync 1 DAGs
[2024-05-02T00:19:22.147-0500] {logging_mixin.py:188} INFO - [2024-05-02T00:19:22.147-0500] {dag.py:3954} INFO - Setting next_dagrun for tutorial_taskflow_api to None, run_after=None
[2024-05-02T00:19:22.154-0500] {processor.py:183} INFO - Processing /Users/nestoralfaro/Desktop/pbi-scenario-two/py_env/lib/python3.9/site-packages/airflow/example_dags/tutorial_taskflow_api.py took 0.095 seconds
[2024-05-02T00:20:18.899-0500] {processor.py:161} INFO - Started process (PID=36847) to work on /Users/nestoralfaro/Desktop/pbi-scenario-two/py_env/lib/python3.9/site-packages/airflow/example_dags/tutorial_taskflow_api.py
[2024-05-02T00:20:18.900-0500] {processor.py:830} INFO - Processing file /Users/nestoralfaro/Desktop/pbi-scenario-two/py_env/lib/python3.9/site-packages/airflow/example_dags/tutorial_taskflow_api.py for tasks to queue
[2024-05-02T00:20:18.900-0500] {logging_mixin.py:188} INFO - [2024-05-02T00:20:18.900-0500] {dagbag.py:540} INFO - Filling up the DagBag from /Users/nestoralfaro/Desktop/pbi-scenario-two/py_env/lib/python3.9/site-packages/airflow/example_dags/tutorial_taskflow_api.py
[2024-05-02T00:20:18.916-0500] {processor.py:840} INFO - DAG(s) 'tutorial_taskflow_api' retrieved from /Users/nestoralfaro/Desktop/pbi-scenario-two/py_env/lib/python3.9/site-packages/airflow/example_dags/tutorial_taskflow_api.py
[2024-05-02T00:20:18.959-0500] {logging_mixin.py:188} INFO - [2024-05-02T00:20:18.959-0500] {dag.py:3096} INFO - Sync 1 DAGs
[2024-05-02T00:20:18.987-0500] {logging_mixin.py:188} INFO - [2024-05-02T00:20:18.987-0500] {dag.py:3954} INFO - Setting next_dagrun for tutorial_taskflow_api to None, run_after=None
[2024-05-02T00:20:18.995-0500] {processor.py:183} INFO - Processing /Users/nestoralfaro/Desktop/pbi-scenario-two/py_env/lib/python3.9/site-packages/airflow/example_dags/tutorial_taskflow_api.py took 0.097 seconds
[2024-05-02T00:21:19.388-0500] {processor.py:161} INFO - Started process (PID=36883) to work on /Users/nestoralfaro/Desktop/pbi-scenario-two/py_env/lib/python3.9/site-packages/airflow/example_dags/tutorial_taskflow_api.py
[2024-05-02T00:21:19.389-0500] {processor.py:830} INFO - Processing file /Users/nestoralfaro/Desktop/pbi-scenario-two/py_env/lib/python3.9/site-packages/airflow/example_dags/tutorial_taskflow_api.py for tasks to queue
[2024-05-02T00:21:19.390-0500] {logging_mixin.py:188} INFO - [2024-05-02T00:21:19.390-0500] {dagbag.py:540} INFO - Filling up the DagBag from /Users/nestoralfaro/Desktop/pbi-scenario-two/py_env/lib/python3.9/site-packages/airflow/example_dags/tutorial_taskflow_api.py
[2024-05-02T00:21:19.405-0500] {processor.py:840} INFO - DAG(s) 'tutorial_taskflow_api' retrieved from /Users/nestoralfaro/Desktop/pbi-scenario-two/py_env/lib/python3.9/site-packages/airflow/example_dags/tutorial_taskflow_api.py
[2024-05-02T00:21:19.447-0500] {logging_mixin.py:188} INFO - [2024-05-02T00:21:19.446-0500] {dag.py:3096} INFO - Sync 1 DAGs
[2024-05-02T00:21:19.475-0500] {logging_mixin.py:188} INFO - [2024-05-02T00:21:19.475-0500] {dag.py:3954} INFO - Setting next_dagrun for tutorial_taskflow_api to None, run_after=None
[2024-05-02T00:21:19.482-0500] {processor.py:183} INFO - Processing /Users/nestoralfaro/Desktop/pbi-scenario-two/py_env/lib/python3.9/site-packages/airflow/example_dags/tutorial_taskflow_api.py took 0.095 seconds
[2024-05-02T00:22:17.632-0500] {processor.py:161} INFO - Started process (PID=36941) to work on /Users/nestoralfaro/Desktop/pbi-scenario-two/py_env/lib/python3.9/site-packages/airflow/example_dags/tutorial_taskflow_api.py
[2024-05-02T00:22:17.634-0500] {processor.py:830} INFO - Processing file /Users/nestoralfaro/Desktop/pbi-scenario-two/py_env/lib/python3.9/site-packages/airflow/example_dags/tutorial_taskflow_api.py for tasks to queue
[2024-05-02T00:22:17.634-0500] {logging_mixin.py:188} INFO - [2024-05-02T00:22:17.634-0500] {dagbag.py:540} INFO - Filling up the DagBag from /Users/nestoralfaro/Desktop/pbi-scenario-two/py_env/lib/python3.9/site-packages/airflow/example_dags/tutorial_taskflow_api.py
[2024-05-02T00:22:17.651-0500] {processor.py:840} INFO - DAG(s) 'tutorial_taskflow_api' retrieved from /Users/nestoralfaro/Desktop/pbi-scenario-two/py_env/lib/python3.9/site-packages/airflow/example_dags/tutorial_taskflow_api.py
[2024-05-02T00:22:17.694-0500] {logging_mixin.py:188} INFO - [2024-05-02T00:22:17.694-0500] {dag.py:3096} INFO - Sync 1 DAGs
[2024-05-02T00:22:17.722-0500] {logging_mixin.py:188} INFO - [2024-05-02T00:22:17.722-0500] {dag.py:3954} INFO - Setting next_dagrun for tutorial_taskflow_api to None, run_after=None
[2024-05-02T00:22:17.729-0500] {processor.py:183} INFO - Processing /Users/nestoralfaro/Desktop/pbi-scenario-two/py_env/lib/python3.9/site-packages/airflow/example_dags/tutorial_taskflow_api.py took 0.099 seconds
[2024-05-02T00:23:12.985-0500] {processor.py:161} INFO - Started process (PID=36996) to work on /Users/nestoralfaro/Desktop/pbi-scenario-two/py_env/lib/python3.9/site-packages/airflow/example_dags/tutorial_taskflow_api.py
[2024-05-02T00:23:12.987-0500] {processor.py:830} INFO - Processing file /Users/nestoralfaro/Desktop/pbi-scenario-two/py_env/lib/python3.9/site-packages/airflow/example_dags/tutorial_taskflow_api.py for tasks to queue
[2024-05-02T00:23:12.987-0500] {logging_mixin.py:188} INFO - [2024-05-02T00:23:12.987-0500] {dagbag.py:540} INFO - Filling up the DagBag from /Users/nestoralfaro/Desktop/pbi-scenario-two/py_env/lib/python3.9/site-packages/airflow/example_dags/tutorial_taskflow_api.py
[2024-05-02T00:23:13.001-0500] {processor.py:840} INFO - DAG(s) 'tutorial_taskflow_api' retrieved from /Users/nestoralfaro/Desktop/pbi-scenario-two/py_env/lib/python3.9/site-packages/airflow/example_dags/tutorial_taskflow_api.py
[2024-05-02T00:23:13.040-0500] {logging_mixin.py:188} INFO - [2024-05-02T00:23:13.040-0500] {dag.py:3096} INFO - Sync 1 DAGs
[2024-05-02T00:23:13.065-0500] {logging_mixin.py:188} INFO - [2024-05-02T00:23:13.065-0500] {dag.py:3954} INFO - Setting next_dagrun for tutorial_taskflow_api to None, run_after=None
[2024-05-02T00:23:13.073-0500] {processor.py:183} INFO - Processing /Users/nestoralfaro/Desktop/pbi-scenario-two/py_env/lib/python3.9/site-packages/airflow/example_dags/tutorial_taskflow_api.py took 0.089 seconds
[2024-05-02T00:24:07.793-0500] {processor.py:161} INFO - Started process (PID=37052) to work on /Users/nestoralfaro/Desktop/pbi-scenario-two/py_env/lib/python3.9/site-packages/airflow/example_dags/tutorial_taskflow_api.py
[2024-05-02T00:24:07.795-0500] {processor.py:830} INFO - Processing file /Users/nestoralfaro/Desktop/pbi-scenario-two/py_env/lib/python3.9/site-packages/airflow/example_dags/tutorial_taskflow_api.py for tasks to queue
[2024-05-02T00:24:07.795-0500] {logging_mixin.py:188} INFO - [2024-05-02T00:24:07.795-0500] {dagbag.py:540} INFO - Filling up the DagBag from /Users/nestoralfaro/Desktop/pbi-scenario-two/py_env/lib/python3.9/site-packages/airflow/example_dags/tutorial_taskflow_api.py
[2024-05-02T00:24:07.810-0500] {processor.py:840} INFO - DAG(s) 'tutorial_taskflow_api' retrieved from /Users/nestoralfaro/Desktop/pbi-scenario-two/py_env/lib/python3.9/site-packages/airflow/example_dags/tutorial_taskflow_api.py
[2024-05-02T00:24:07.850-0500] {logging_mixin.py:188} INFO - [2024-05-02T00:24:07.850-0500] {dag.py:3096} INFO - Sync 1 DAGs
[2024-05-02T00:24:07.876-0500] {logging_mixin.py:188} INFO - [2024-05-02T00:24:07.876-0500] {dag.py:3954} INFO - Setting next_dagrun for tutorial_taskflow_api to None, run_after=None
[2024-05-02T00:24:07.883-0500] {processor.py:183} INFO - Processing /Users/nestoralfaro/Desktop/pbi-scenario-two/py_env/lib/python3.9/site-packages/airflow/example_dags/tutorial_taskflow_api.py took 0.092 seconds
