[2024-05-06T10:10:00.911-0500] {local_task_job_runner.py:120} INFO - ::group::Pre task execution logs
[2024-05-06T10:10:00.920-0500] {taskinstance.py:2073} INFO - Dependencies all met for dep_context=non-requeueable deps ti=<TaskInstance: scenario_two_v3.first_task scheduled__2024-05-03T00:00:00+00:00 [queued]>
[2024-05-06T10:10:00.923-0500] {taskinstance.py:2073} INFO - Dependencies all met for dep_context=requeueable deps ti=<TaskInstance: scenario_two_v3.first_task scheduled__2024-05-03T00:00:00+00:00 [queued]>
[2024-05-06T10:10:00.923-0500] {taskinstance.py:2303} INFO - Starting attempt 1 of 6
[2024-05-06T10:10:00.929-0500] {taskinstance.py:2327} INFO - Executing <Task(BashOperator): first_task> on 2024-05-03 00:00:00+00:00
[2024-05-06T10:10:00.932-0500] {standard_task_runner.py:63} INFO - Started process 28225 to run task
[2024-05-06T10:10:00.935-0500] {standard_task_runner.py:90} INFO - Running: ['airflow', 'tasks', 'run', 'scenario_two_v3', 'first_task', 'scheduled__2024-05-03T00:00:00+00:00', '--job-id', '37', '--raw', '--subdir', 'DAGS_FOLDER/dotnet_dag.py', '--cfg-path', '/var/folders/14/31_1v10s5nvcqyswsggcn5vh0000gn/T/tmpbvw3hbjt']
[2024-05-06T10:10:00.936-0500] {standard_task_runner.py:91} INFO - Job 37: Subtask first_task
[2024-05-06T10:10:00.955-0500] {task_command.py:426} INFO - Running <TaskInstance: scenario_two_v3.first_task scheduled__2024-05-03T00:00:00+00:00 [running]> on host nestors-macbook.attlocal.net
[2024-05-06T10:10:00.986-0500] {taskinstance.py:2644} INFO - Exporting env vars: AIRFLOW_CTX_DAG_OWNER='nestor' AIRFLOW_CTX_DAG_ID='scenario_two_v3' AIRFLOW_CTX_TASK_ID='first_task' AIRFLOW_CTX_EXECUTION_DATE='2024-05-03T00:00:00+00:00' AIRFLOW_CTX_TRY_NUMBER='1' AIRFLOW_CTX_DAG_RUN_ID='scheduled__2024-05-03T00:00:00+00:00'
[2024-05-06T10:10:00.986-0500] {taskinstance.py:430} INFO - ::endgroup::
[2024-05-06T10:10:00.993-0500] {subprocess.py:63} INFO - Tmp dir root location: /var/folders/14/31_1v10s5nvcqyswsggcn5vh0000gn/T
[2024-05-06T10:10:00.993-0500] {subprocess.py:75} INFO - Running command: ['/bin/bash', '-c', 'echo starting workflow']
[2024-05-06T10:10:00.997-0500] {subprocess.py:86} INFO - Output:
[2024-05-06T10:10:00.999-0500] {subprocess.py:93} INFO - starting workflow
[2024-05-06T10:10:00.999-0500] {subprocess.py:97} INFO - Command exited with return code 0
[2024-05-06T10:10:01.000-0500] {taskinstance.py:441} INFO - ::group::Post task execution logs
[2024-05-06T10:10:01.008-0500] {taskinstance.py:1205} INFO - Marking task as SUCCESS. dag_id=scenario_two_v3, task_id=first_task, execution_date=20240503T000000, start_date=20240506T151000, end_date=20240506T151001
[2024-05-06T10:10:01.040-0500] {local_task_job_runner.py:240} INFO - Task exited with return code 0
[2024-05-06T10:10:01.049-0500] {taskinstance.py:3482} INFO - 1 downstream tasks scheduled from follow-on schedule check
[2024-05-06T10:10:01.050-0500] {local_task_job_runner.py:222} INFO - ::endgroup::
