[2024-05-02T09:17:56.092-0500] {local_task_job_runner.py:120} INFO - ::group::Pre task execution logs
[2024-05-02T09:17:56.102-0500] {taskinstance.py:2073} INFO - Dependencies all met for dep_context=non-requeueable deps ti=<TaskInstance: scenario_two_v3.second_task manual__2024-05-02T14:09:45.508832+00:00 [queued]>
[2024-05-02T09:17:56.104-0500] {taskinstance.py:2073} INFO - Dependencies all met for dep_context=requeueable deps ti=<TaskInstance: scenario_two_v3.second_task manual__2024-05-02T14:09:45.508832+00:00 [queued]>
[2024-05-02T09:17:56.104-0500] {taskinstance.py:2303} INFO - Starting attempt 5 of 6
[2024-05-02T09:17:56.109-0500] {taskinstance.py:2327} INFO - Executing <Task(BashOperator): second_task> on 2024-05-02 14:09:45.508832+00:00
[2024-05-02T09:17:56.112-0500] {standard_task_runner.py:63} INFO - Started process 39481 to run task
[2024-05-02T09:17:56.115-0500] {standard_task_runner.py:90} INFO - Running: ['airflow', 'tasks', 'run', 'scenario_two_v3', 'second_task', 'manual__2024-05-02T14:09:45.508832+00:00', '--job-id', '32', '--raw', '--subdir', 'DAGS_FOLDER/dotnet_dag.py', '--cfg-path', '/var/folders/14/31_1v10s5nvcqyswsggcn5vh0000gn/T/tmp59kbpq22']
[2024-05-02T09:17:56.117-0500] {standard_task_runner.py:91} INFO - Job 32: Subtask second_task
[2024-05-02T09:17:56.135-0500] {task_command.py:426} INFO - Running <TaskInstance: scenario_two_v3.second_task manual__2024-05-02T14:09:45.508832+00:00 [running]> on host nestors-macbook.attlocal.net
[2024-05-02T09:17:56.166-0500] {taskinstance.py:2644} INFO - Exporting env vars: AIRFLOW_CTX_DAG_OWNER='nestor' AIRFLOW_CTX_DAG_ID='scenario_two_v3' AIRFLOW_CTX_TASK_ID='second_task' AIRFLOW_CTX_EXECUTION_DATE='2024-05-02T14:09:45.508832+00:00' AIRFLOW_CTX_TRY_NUMBER='5' AIRFLOW_CTX_DAG_RUN_ID='manual__2024-05-02T14:09:45.508832+00:00'
[2024-05-02T09:17:56.166-0500] {taskinstance.py:430} INFO - ::endgroup::
[2024-05-02T09:17:56.177-0500] {subprocess.py:63} INFO - Tmp dir root location: /var/folders/14/31_1v10s5nvcqyswsggcn5vh0000gn/T
[2024-05-02T09:17:56.178-0500] {subprocess.py:75} INFO - Running command: ['/bin/bash', '-c', 'dotnet run --project /Users/nestoralfaro/Desktop/pbi-scenario-two/dotnetapp/dotnetapp.csproj']
[2024-05-02T09:17:56.182-0500] {subprocess.py:86} INFO - Output:
[2024-05-02T09:17:56.993-0500] {subprocess.py:93} INFO - Hello, World!
[2024-05-02T09:17:57.003-0500] {subprocess.py:97} INFO - Command exited with return code 0
[2024-05-02T09:17:57.003-0500] {taskinstance.py:441} INFO - ::group::Post task execution logs
[2024-05-02T09:17:57.013-0500] {taskinstance.py:1205} INFO - Marking task as SUCCESS. dag_id=scenario_two_v3, task_id=second_task, execution_date=20240502T140945, start_date=20240502T141756, end_date=20240502T141757
[2024-05-02T09:17:57.049-0500] {local_task_job_runner.py:240} INFO - Task exited with return code 0
[2024-05-02T09:17:57.056-0500] {taskinstance.py:3482} INFO - 0 downstream tasks scheduled from follow-on schedule check
[2024-05-02T09:17:57.057-0500] {local_task_job_runner.py:222} INFO - ::endgroup::
