[2024-05-06T10:10:10.397-0500] {local_task_job_runner.py:120} INFO - ::group::Pre task execution logs
[2024-05-06T10:10:10.404-0500] {taskinstance.py:2073} INFO - Dependencies all met for dep_context=non-requeueable deps ti=<TaskInstance: scenario_two_v3.first_task scheduled__2024-05-05T00:00:00+00:00 [queued]>
[2024-05-06T10:10:10.406-0500] {taskinstance.py:2073} INFO - Dependencies all met for dep_context=requeueable deps ti=<TaskInstance: scenario_two_v3.first_task scheduled__2024-05-05T00:00:00+00:00 [queued]>
[2024-05-06T10:10:10.406-0500] {taskinstance.py:2303} INFO - Starting attempt 1 of 6
[2024-05-06T10:10:10.410-0500] {taskinstance.py:2327} INFO - Executing <Task(BashOperator): first_task> on 2024-05-05 00:00:00+00:00
[2024-05-06T10:10:10.413-0500] {standard_task_runner.py:63} INFO - Started process 28254 to run task
[2024-05-06T10:10:10.416-0500] {standard_task_runner.py:90} INFO - Running: ['airflow', 'tasks', 'run', 'scenario_two_v3', 'first_task', 'scheduled__2024-05-05T00:00:00+00:00', '--job-id', '42', '--raw', '--subdir', 'DAGS_FOLDER/dotnet_dag.py', '--cfg-path', '/var/folders/14/31_1v10s5nvcqyswsggcn5vh0000gn/T/tmpi8xshzu6']
[2024-05-06T10:10:10.417-0500] {standard_task_runner.py:91} INFO - Job 42: Subtask first_task
[2024-05-06T10:10:10.432-0500] {task_command.py:426} INFO - Running <TaskInstance: scenario_two_v3.first_task scheduled__2024-05-05T00:00:00+00:00 [running]> on host nestors-macbook.attlocal.net
[2024-05-06T10:10:10.457-0500] {taskinstance.py:2644} INFO - Exporting env vars: AIRFLOW_CTX_DAG_OWNER='nestor' AIRFLOW_CTX_DAG_ID='scenario_two_v3' AIRFLOW_CTX_TASK_ID='first_task' AIRFLOW_CTX_EXECUTION_DATE='2024-05-05T00:00:00+00:00' AIRFLOW_CTX_TRY_NUMBER='1' AIRFLOW_CTX_DAG_RUN_ID='scheduled__2024-05-05T00:00:00+00:00'
[2024-05-06T10:10:10.458-0500] {taskinstance.py:430} INFO - ::endgroup::
[2024-05-06T10:10:10.464-0500] {subprocess.py:63} INFO - Tmp dir root location: /var/folders/14/31_1v10s5nvcqyswsggcn5vh0000gn/T
[2024-05-06T10:10:10.465-0500] {subprocess.py:75} INFO - Running command: ['/bin/bash', '-c', 'echo starting workflow']
[2024-05-06T10:10:10.468-0500] {subprocess.py:86} INFO - Output:
[2024-05-06T10:10:10.470-0500] {subprocess.py:93} INFO - starting workflow
[2024-05-06T10:10:10.470-0500] {subprocess.py:97} INFO - Command exited with return code 0
[2024-05-06T10:10:10.471-0500] {taskinstance.py:441} INFO - ::group::Post task execution logs
[2024-05-06T10:10:10.478-0500] {taskinstance.py:1205} INFO - Marking task as SUCCESS. dag_id=scenario_two_v3, task_id=first_task, execution_date=20240505T000000, start_date=20240506T151010, end_date=20240506T151010
[2024-05-06T10:10:10.519-0500] {local_task_job_runner.py:240} INFO - Task exited with return code 0
[2024-05-06T10:10:10.527-0500] {taskinstance.py:3482} INFO - 1 downstream tasks scheduled from follow-on schedule check
[2024-05-06T10:10:10.527-0500] {local_task_job_runner.py:222} INFO - ::endgroup::
