[2024-05-06T10:14:14.068-0500] {local_task_job_runner.py:120} INFO - ::group::Pre task execution logs
[2024-05-06T10:14:14.074-0500] {taskinstance.py:2073} INFO - Dependencies all met for dep_context=non-requeueable deps ti=<TaskInstance: scenario_two_v3.first_task manual__2024-05-06T15:14:12.592356+00:00 [queued]>
[2024-05-06T10:14:14.077-0500] {taskinstance.py:2073} INFO - Dependencies all met for dep_context=requeueable deps ti=<TaskInstance: scenario_two_v3.first_task manual__2024-05-06T15:14:12.592356+00:00 [queued]>
[2024-05-06T10:14:14.077-0500] {taskinstance.py:2303} INFO - Starting attempt 1 of 6
[2024-05-06T10:14:14.082-0500] {taskinstance.py:2327} INFO - Executing <Task(BashOperator): first_task> on 2024-05-06 15:14:12.592356+00:00
[2024-05-06T10:14:14.085-0500] {standard_task_runner.py:63} INFO - Started process 28296 to run task
[2024-05-06T10:14:14.088-0500] {standard_task_runner.py:90} INFO - Running: ['airflow', 'tasks', 'run', 'scenario_two_v3', 'first_task', 'manual__2024-05-06T15:14:12.592356+00:00', '--job-id', '48', '--raw', '--subdir', 'DAGS_FOLDER/dotnet_dag.py', '--cfg-path', '/var/folders/14/31_1v10s5nvcqyswsggcn5vh0000gn/T/tmp_83nlt30']
[2024-05-06T10:14:14.089-0500] {standard_task_runner.py:91} INFO - Job 48: Subtask first_task
[2024-05-06T10:14:14.111-0500] {task_command.py:426} INFO - Running <TaskInstance: scenario_two_v3.first_task manual__2024-05-06T15:14:12.592356+00:00 [running]> on host nestors-macbook.attlocal.net
[2024-05-06T10:14:14.140-0500] {taskinstance.py:2644} INFO - Exporting env vars: AIRFLOW_CTX_DAG_OWNER='nestor' AIRFLOW_CTX_DAG_ID='scenario_two_v3' AIRFLOW_CTX_TASK_ID='first_task' AIRFLOW_CTX_EXECUTION_DATE='2024-05-06T15:14:12.592356+00:00' AIRFLOW_CTX_TRY_NUMBER='1' AIRFLOW_CTX_DAG_RUN_ID='manual__2024-05-06T15:14:12.592356+00:00'
[2024-05-06T10:14:14.140-0500] {taskinstance.py:430} INFO - ::endgroup::
[2024-05-06T10:14:14.150-0500] {subprocess.py:63} INFO - Tmp dir root location: /var/folders/14/31_1v10s5nvcqyswsggcn5vh0000gn/T
[2024-05-06T10:14:14.151-0500] {subprocess.py:75} INFO - Running command: ['/bin/bash', '-c', 'echo starting workflow']
[2024-05-06T10:14:14.154-0500] {subprocess.py:86} INFO - Output:
[2024-05-06T10:14:14.157-0500] {subprocess.py:93} INFO - starting workflow
[2024-05-06T10:14:14.157-0500] {subprocess.py:97} INFO - Command exited with return code 0
[2024-05-06T10:14:14.158-0500] {taskinstance.py:441} INFO - ::group::Post task execution logs
[2024-05-06T10:14:14.166-0500] {taskinstance.py:1205} INFO - Marking task as SUCCESS. dag_id=scenario_two_v3, task_id=first_task, execution_date=20240506T151412, start_date=20240506T151414, end_date=20240506T151414
[2024-05-06T10:14:14.194-0500] {local_task_job_runner.py:240} INFO - Task exited with return code 0
[2024-05-06T10:14:14.202-0500] {taskinstance.py:3482} INFO - 1 downstream tasks scheduled from follow-on schedule check
[2024-05-06T10:14:14.203-0500] {local_task_job_runner.py:222} INFO - ::endgroup::
